2024-11-28 13:12:16.205 +01:00 [INF] User profile is available. Using 'C:\Users\birko\AppData\Local\ASP.NET\DataProtection-Keys' as key repository and Windows DPAPI to encrypt keys at rest.
2024-11-28 13:12:16.833 +01:00 [INF] Now listening on: http://localhost:5272
2024-11-28 13:12:16.844 +01:00 [INF] Application started. Press Ctrl+C to shut down.
2024-11-28 13:12:16.847 +01:00 [INF] Hosting environment: Development
2024-11-28 13:12:16.847 +01:00 [INF] Content root path: C:\Users\birko\OneDrive - OsloMet\ITPE 3200 - Webapplikasjoner\GalleryNote project\GalleryNote – Kopi
2024-11-28 13:12:21.564 +01:00 [INF] Request starting HTTP/1.1 GET http://localhost:5272/ - null null
2024-11-28 13:12:21.705 +01:00 [INF] Executing endpoint 'GalleryNote.Controllers.HomeController.Index (GalleryNote)'
2024-11-28 13:12:21.720 +01:00 [INF] Route matched with {action = "Index", controller = "Home", page = "", area = ""}. Executing controller action with signature Microsoft.AspNetCore.Mvc.IActionResult Index() on controller GalleryNote.Controllers.HomeController (GalleryNote).
2024-11-28 13:12:21.734 +01:00 [INF] Executing ViewResult, running view Index.
2024-11-28 13:12:22.100 +01:00 [INF] Executed ViewResult - view Index executed in 364.0438ms.
2024-11-28 13:12:22.105 +01:00 [INF] Executed action GalleryNote.Controllers.HomeController.Index (GalleryNote) in 383.7657ms
2024-11-28 13:12:22.105 +01:00 [INF] Executed endpoint 'GalleryNote.Controllers.HomeController.Index (GalleryNote)'
2024-11-28 13:12:22.160 +01:00 [INF] Request finished HTTP/1.1 GET http://localhost:5272/ - 200 null text/html; charset=utf-8 603.2061ms
2024-11-28 13:12:22.253 +01:00 [INF] Request starting HTTP/1.1 GET http://localhost:5272/images/example1.jpg - null null
2024-11-28 13:12:22.264 +01:00 [INF] Request starting HTTP/1.1 GET http://localhost:5272/images/example2.jpg - null null
2024-11-28 13:12:22.271 +01:00 [INF] The file /images/example1.jpg was not modified
2024-11-28 13:12:22.271 +01:00 [INF] The file /images/example2.jpg was not modified
2024-11-28 13:12:22.273 +01:00 [INF] Request finished HTTP/1.1 GET http://localhost:5272/images/example2.jpg - 304 null image/jpeg 8.4155ms
2024-11-28 13:12:22.274 +01:00 [INF] Request finished HTTP/1.1 GET http://localhost:5272/images/example1.jpg - 304 null image/jpeg 21.4464ms
2024-11-28 13:12:22.329 +01:00 [INF] Request starting HTTP/1.1 GET http://localhost:5272/images/example3.jpg - null null
2024-11-28 13:12:22.408 +01:00 [INF] Sending file. Request path: '/images/example3.jpg'. Physical path: 'C:\Users\birko\OneDrive - OsloMet\ITPE 3200 - Webapplikasjoner\GalleryNote project\GalleryNote – Kopi\wwwroot\images\example3.jpg'
2024-11-28 13:12:22.409 +01:00 [INF] Request finished HTTP/1.1 GET http://localhost:5272/images/example3.jpg - 200 1052310 image/jpeg 80.1479ms
2024-11-28 13:13:10.109 +01:00 [INF] Application is shutting down...
