2024-11-28 13:13:41.409 +01:00 [INF] User profile is available. Using 'C:\Users\birko\AppData\Local\ASP.NET\DataProtection-Keys' as key repository and Windows DPAPI to encrypt keys at rest.
2024-11-28 13:13:41.794 +01:00 [INF] Now listening on: http://localhost:5272
2024-11-28 13:13:41.802 +01:00 [INF] Application started. Press Ctrl+C to shut down.
2024-11-28 13:13:41.803 +01:00 [INF] Hosting environment: Development
2024-11-28 13:13:41.804 +01:00 [INF] Content root path: C:\Users\birko\OneDrive - OsloMet\ITPE 3200 - Webapplikasjoner\GalleryNote project\GalleryNote – Kopi
2024-11-28 13:13:42.292 +01:00 [INF] Request starting HTTP/1.1 GET http://localhost:5272/ - null null
2024-11-28 13:13:42.426 +01:00 [INF] Executing endpoint 'GalleryNote.Controllers.HomeController.Index (GalleryNote)'
2024-11-28 13:13:42.450 +01:00 [INF] Route matched with {action = "Index", controller = "Home", page = "", area = ""}. Executing controller action with signature Microsoft.AspNetCore.Mvc.IActionResult Index() on controller GalleryNote.Controllers.HomeController (GalleryNote).
2024-11-28 13:13:42.464 +01:00 [INF] Executing ViewResult, running view Index.
2024-11-28 13:13:42.721 +01:00 [INF] Executed ViewResult - view Index executed in 255.6956ms.
2024-11-28 13:13:42.726 +01:00 [INF] Executed action GalleryNote.Controllers.HomeController.Index (GalleryNote) in 274.9688ms
2024-11-28 13:13:42.727 +01:00 [INF] Executed endpoint 'GalleryNote.Controllers.HomeController.Index (GalleryNote)'
2024-11-28 13:13:42.750 +01:00 [INF] Request finished HTTP/1.1 GET http://localhost:5272/ - 200 null text/html; charset=utf-8 464.9563ms
2024-11-28 13:13:42.822 +01:00 [INF] Request starting HTTP/1.1 GET http://localhost:5272/_framework/aspnetcore-browser-refresh.js - null null
2024-11-28 13:13:42.822 +01:00 [INF] Request starting HTTP/1.1 GET http://localhost:5272/images/example3.jpg - null null
2024-11-28 13:13:42.826 +01:00 [INF] Request finished HTTP/1.1 GET http://localhost:5272/_framework/aspnetcore-browser-refresh.js - 200 13732 application/javascript; charset=utf-8 3.6829ms
2024-11-28 13:13:42.837 +01:00 [INF] The file /images/example3.jpg was not modified
2024-11-28 13:13:42.839 +01:00 [INF] Request finished HTTP/1.1 GET http://localhost:5272/images/example3.jpg - 304 null image/jpeg 16.7159ms
2024-11-28 13:14:39.064 +01:00 [INF] Request starting HTTP/1.1 GET http://localhost:5272/Note/Grid - null null
2024-11-28 13:14:39.071 +01:00 [INF] Executing endpoint 'GalleryNote.Controllers.NoteController.Grid (GalleryNote)'
2024-11-28 13:14:39.088 +01:00 [INF] Route matched with {action = "Grid", controller = "Note", page = "", area = ""}. Executing controller action with signature System.Threading.Tasks.Task`1[Microsoft.AspNetCore.Mvc.IActionResult] Grid() on controller GalleryNote.Controllers.NoteController (GalleryNote).
2024-11-28 13:14:39.628 +01:00 [INF] Executing ViewResult, running view Grid.
2024-11-28 13:14:39.677 +01:00 [INF] Executed ViewResult - view Grid executed in 54.265ms.
2024-11-28 13:14:39.678 +01:00 [INF] Executed action GalleryNote.Controllers.NoteController.Grid (GalleryNote) in 589.6456ms
2024-11-28 13:14:39.678 +01:00 [INF] Executed endpoint 'GalleryNote.Controllers.NoteController.Grid (GalleryNote)'
2024-11-28 13:14:39.683 +01:00 [INF] Request finished HTTP/1.1 GET http://localhost:5272/Note/Grid - 200 null text/html; charset=utf-8 618.8807ms
2024-11-28 13:14:39.733 +01:00 [INF] Request starting HTTP/1.1 GET http://localhost:5272/_framework/aspnetcore-browser-refresh.js - null null
2024-11-28 13:14:39.739 +01:00 [INF] Request finished HTTP/1.1 GET http://localhost:5272/_framework/aspnetcore-browser-refresh.js - 200 13732 application/javascript; charset=utf-8 6.2022ms
2024-11-28 13:14:41.989 +01:00 [INF] Request starting HTTP/1.1 GET http://localhost:5272/ - null null
2024-11-28 13:14:41.994 +01:00 [INF] Executing endpoint 'GalleryNote.Controllers.HomeController.Index (GalleryNote)'
2024-11-28 13:14:41.994 +01:00 [INF] Route matched with {action = "Index", controller = "Home", page = "", area = ""}. Executing controller action with signature Microsoft.AspNetCore.Mvc.IActionResult Index() on controller GalleryNote.Controllers.HomeController (GalleryNote).
2024-11-28 13:14:41.996 +01:00 [INF] Executing ViewResult, running view Index.
2024-11-28 13:14:42.023 +01:00 [INF] Executed ViewResult - view Index executed in 28.1013ms.
2024-11-28 13:14:42.024 +01:00 [INF] Executed action GalleryNote.Controllers.HomeController.Index (GalleryNote) in 29.0608ms
2024-11-28 13:14:42.024 +01:00 [INF] Executed endpoint 'GalleryNote.Controllers.HomeController.Index (GalleryNote)'
2024-11-28 13:14:42.024 +01:00 [INF] Request finished HTTP/1.1 GET http://localhost:5272/ - 200 null text/html; charset=utf-8 34.9628ms
2024-11-28 13:14:42.065 +01:00 [INF] Request starting HTTP/1.1 GET http://localhost:5272/images/example1.jpg - null null
2024-11-28 13:14:42.067 +01:00 [INF] The file /images/example1.jpg was not modified
2024-11-28 13:14:42.067 +01:00 [INF] Request finished HTTP/1.1 GET http://localhost:5272/images/example1.jpg - 304 null image/jpeg 1.9723ms
2024-11-28 13:14:42.080 +01:00 [INF] Request starting HTTP/1.1 GET http://localhost:5272/images/example2.jpg - null null
2024-11-28 13:14:42.081 +01:00 [INF] Request starting HTTP/1.1 GET http://localhost:5272/_framework/aspnetcore-browser-refresh.js - null null
2024-11-28 13:14:42.081 +01:00 [INF] The file /images/example2.jpg was not modified
2024-11-28 13:14:42.082 +01:00 [INF] Request finished HTTP/1.1 GET http://localhost:5272/_framework/aspnetcore-browser-refresh.js - 200 13732 application/javascript; charset=utf-8 1.1099ms
2024-11-28 13:14:42.083 +01:00 [INF] Request finished HTTP/1.1 GET http://localhost:5272/images/example2.jpg - 304 null image/jpeg 2.6793ms
2024-11-28 13:14:42.084 +01:00 [INF] Request starting HTTP/1.1 GET http://localhost:5272/images/example3.jpg - null null
2024-11-28 13:14:42.084 +01:00 [INF] The file /images/example3.jpg was not modified
2024-11-28 13:14:42.085 +01:00 [INF] Request finished HTTP/1.1 GET http://localhost:5272/images/example3.jpg - 304 null image/jpeg 1.4245ms
2024-11-28 13:14:44.477 +01:00 [INF] Request starting HTTP/1.1 GET http://localhost:5272/Image/Grid - null null
2024-11-28 13:14:44.479 +01:00 [INF] Executing endpoint 'GalleryNote.Controllers.ImageController.Grid (GalleryNote)'
2024-11-28 13:14:44.483 +01:00 [INF] Route matched with {action = "Grid", controller = "Image", page = "", area = ""}. Executing controller action with signature Microsoft.AspNetCore.Mvc.IActionResult Grid() on controller GalleryNote.Controllers.ImageController (GalleryNote).
2024-11-28 13:14:44.542 +01:00 [INF] Executing ViewResult, running view Grid.
2024-11-28 13:14:44.571 +01:00 [INF] Executed ViewResult - view Grid executed in 31.9939ms.
2024-11-28 13:14:44.572 +01:00 [INF] Executed action GalleryNote.Controllers.ImageController.Grid (GalleryNote) in 88.7962ms
2024-11-28 13:14:44.572 +01:00 [INF] Executed endpoint 'GalleryNote.Controllers.ImageController.Grid (GalleryNote)'
2024-11-28 13:14:44.573 +01:00 [INF] Request finished HTTP/1.1 GET http://localhost:5272/Image/Grid - 200 null text/html; charset=utf-8 95.4563ms
2024-11-28 13:14:44.621 +01:00 [INF] Request starting HTTP/1.1 GET http://localhost:5272/images/blomst.jpg - null null
2024-11-28 13:14:44.621 +01:00 [INF] The file /images/blomst.jpg was not modified
2024-11-28 13:14:44.622 +01:00 [INF] Request finished HTTP/1.1 GET http://localhost:5272/images/blomst.jpg - 304 null image/jpeg 1.1367ms
2024-11-28 13:14:44.640 +01:00 [INF] Request starting HTTP/1.1 GET http://localhost:5272/_framework/aspnetcore-browser-refresh.js - null null
2024-11-28 13:14:44.640 +01:00 [INF] Request starting HTTP/1.1 GET http://localhost:5272/images/blad.jpg - null null
2024-11-28 13:14:44.641 +01:00 [INF] Request finished HTTP/1.1 GET http://localhost:5272/_framework/aspnetcore-browser-refresh.js - 200 13732 application/javascript; charset=utf-8 1.5147ms
2024-11-28 13:14:44.641 +01:00 [INF] The file /images/blad.jpg was not modified
2024-11-28 13:14:44.642 +01:00 [INF] Request finished HTTP/1.1 GET http://localhost:5272/images/blad.jpg - 304 null image/jpeg 2.1212ms
2024-11-28 13:14:44.642 +01:00 [INF] Request starting HTTP/1.1 GET http://localhost:5272/images/skog.jpg - null null
2024-11-28 13:14:44.643 +01:00 [INF] The file /images/skog.jpg was not modified
2024-11-28 13:14:44.644 +01:00 [INF] Request finished HTTP/1.1 GET http://localhost:5272/images/skog.jpg - 304 null image/jpeg 1.5341ms
2024-11-28 13:14:48.873 +01:00 [INF] Request starting HTTP/1.1 GET http://localhost:5272/?active=active - null null
2024-11-28 13:14:48.874 +01:00 [INF] Executing endpoint 'GalleryNote.Controllers.HomeController.Index (GalleryNote)'
2024-11-28 13:14:48.874 +01:00 [INF] Route matched with {action = "Index", controller = "Home", page = "", area = ""}. Executing controller action with signature Microsoft.AspNetCore.Mvc.IActionResult Index() on controller GalleryNote.Controllers.HomeController (GalleryNote).
2024-11-28 13:14:48.875 +01:00 [INF] Executing ViewResult, running view Index.
2024-11-28 13:14:48.882 +01:00 [INF] Executed ViewResult - view Index executed in 7.097ms.
2024-11-28 13:14:48.882 +01:00 [INF] Executed action GalleryNote.Controllers.HomeController.Index (GalleryNote) in 7.5623ms
2024-11-28 13:14:48.882 +01:00 [INF] Executed endpoint 'GalleryNote.Controllers.HomeController.Index (GalleryNote)'
2024-11-28 13:14:48.883 +01:00 [INF] Request finished HTTP/1.1 GET http://localhost:5272/?active=active - 200 null text/html; charset=utf-8 9.9032ms
2024-11-28 13:14:48.930 +01:00 [INF] Request starting HTTP/1.1 GET http://localhost:5272/_framework/aspnetcore-browser-refresh.js - null null
2024-11-28 13:14:48.930 +01:00 [INF] Request finished HTTP/1.1 GET http://localhost:5272/_framework/aspnetcore-browser-refresh.js - 200 13732 application/javascript; charset=utf-8 0.404ms
2024-11-28 13:17:01.177 +01:00 [INF] Request starting HTTP/1.1 GET http://localhost:5272/?active=active - null null
2024-11-28 13:17:01.178 +01:00 [INF] Executing endpoint 'GalleryNote.Controllers.HomeController.Index (GalleryNote)'
2024-11-28 13:17:01.182 +01:00 [INF] Route matched with {action = "Index", controller = "Home", page = "", area = ""}. Executing controller action with signature Microsoft.AspNetCore.Mvc.IActionResult Index() on controller GalleryNote.Controllers.HomeController (GalleryNote).
2024-11-28 13:17:01.188 +01:00 [INF] Executing ViewResult, running view Index.
2024-11-28 13:17:01.208 +01:00 [INF] Executed ViewResult - view Index executed in 25.6027ms.
2024-11-28 13:17:01.208 +01:00 [INF] Executed action GalleryNote.Controllers.HomeController.Index (GalleryNote) in 25.852ms
2024-11-28 13:17:01.208 +01:00 [INF] Executed endpoint 'GalleryNote.Controllers.HomeController.Index (GalleryNote)'
2024-11-28 13:17:01.209 +01:00 [INF] Request finished HTTP/1.1 GET http://localhost:5272/?active=active - 200 null text/html; charset=utf-8 31.6412ms
2024-11-28 13:17:01.232 +01:00 [INF] Request starting HTTP/1.1 GET http://localhost:5272/images/example1.jpg - null null
2024-11-28 13:17:01.233 +01:00 [INF] The file /images/example1.jpg was not modified
2024-11-28 13:17:01.234 +01:00 [INF] Request finished HTTP/1.1 GET http://localhost:5272/images/example1.jpg - 304 null image/jpeg 2.0539ms
2024-11-28 13:17:01.237 +01:00 [INF] Request starting HTTP/1.1 GET http://localhost:5272/images/example2.jpg - null null
2024-11-28 13:17:01.239 +01:00 [INF] The file /images/example2.jpg was not modified
2024-11-28 13:17:01.240 +01:00 [INF] Request finished HTTP/1.1 GET http://localhost:5272/images/example2.jpg - 304 null image/jpeg 2.7293ms
2024-11-28 13:17:01.281 +01:00 [INF] Request starting HTTP/1.1 GET http://localhost:5272/images/example3.jpg - null null
2024-11-28 13:17:01.282 +01:00 [INF] The file /images/example3.jpg was not modified
2024-11-28 13:17:01.283 +01:00 [INF] Request finished HTTP/1.1 GET http://localhost:5272/images/example3.jpg - 304 null image/jpeg 2.4523ms
2024-11-28 13:17:01.286 +01:00 [INF] Request starting HTTP/1.1 GET http://localhost:5272/_framework/aspnetcore-browser-refresh.js - null null
2024-11-28 13:17:01.286 +01:00 [INF] Request finished HTTP/1.1 GET http://localhost:5272/_framework/aspnetcore-browser-refresh.js - 200 13732 application/javascript; charset=utf-8 0.3947ms
2024-11-28 13:17:31.203 +01:00 [INF] Request starting HTTP/1.1 GET http://localhost:5272/Home/Upload?active=active - null null
2024-11-28 13:17:31.220 +01:00 [INF] Authorization failed. These requirements were not met:
DenyAnonymousAuthorizationRequirement: Requires an authenticated user.
2024-11-28 13:17:31.231 +01:00 [INF] AuthenticationScheme: Identity.Application was challenged.
2024-11-28 13:17:31.231 +01:00 [INF] Request finished HTTP/1.1 GET http://localhost:5272/Home/Upload?active=active - 302 0 null 29.0137ms
2024-11-28 13:17:31.238 +01:00 [INF] Request starting HTTP/1.1 GET http://localhost:5272/Identity/Account/Login?ReturnUrl=%2FHome%2FUpload%3Factive%3Dactive - null null
2024-11-28 13:17:31.240 +01:00 [INF] Executing endpoint '/Account/Login'
2024-11-28 13:17:31.301 +01:00 [INF] Route matched with {page = "/Account/Login", area = "Identity", action = "", controller = ""}. Executing page /Account/Login
2024-11-28 13:17:31.362 +01:00 [INF] Executing handler method GalleryNote.Areas.Identity.Pages.Account.LoginModel.OnGetAsync - ModelState is "Valid"
2024-11-28 13:17:31.379 +01:00 [INF] AuthenticationScheme: Identity.External signed out.
2024-11-28 13:17:31.388 +01:00 [INF] Executed handler method OnGetAsync, returned result .
2024-11-28 13:17:31.394 +01:00 [INF] Executing an implicit handler method - ModelState is "Valid"
2024-11-28 13:17:31.394 +01:00 [INF] Executed an implicit handler method, returned result Microsoft.AspNetCore.Mvc.RazorPages.PageResult.
2024-11-28 13:17:31.558 +01:00 [INF] Executed page /Account/Login in 255.9292ms
2024-11-28 13:17:31.558 +01:00 [INF] Executed endpoint '/Account/Login'
2024-11-28 13:17:31.559 +01:00 [INF] Request finished HTTP/1.1 GET http://localhost:5272/Identity/Account/Login?ReturnUrl=%2FHome%2FUpload%3Factive%3Dactive - 200 null text/html; charset=utf-8 320.7475ms
2024-11-28 13:17:31.604 +01:00 [INF] Request starting HTTP/1.1 GET http://localhost:5272/lib/jquery-validation/dist/jquery.validate.min.js - null null
2024-11-28 13:17:31.606 +01:00 [INF] Request starting HTTP/1.1 GET http://localhost:5272/_framework/aspnetcore-browser-refresh.js - null null
2024-11-28 13:17:31.607 +01:00 [INF] Request finished HTTP/1.1 GET http://localhost:5272/_framework/aspnetcore-browser-refresh.js - 200 13732 application/javascript; charset=utf-8 1.4059ms
2024-11-28 13:17:31.609 +01:00 [INF] Request starting HTTP/1.1 GET http://localhost:5272/lib/jquery-validation-unobtrusive/jquery.validate.unobtrusive.min.js - null null
2024-11-28 13:17:31.610 +01:00 [INF] Request finished HTTP/1.1 GET http://localhost:5272/lib/jquery-validation/dist/jquery.validate.min.js - 404 0 null 6.4687ms
2024-11-28 13:17:31.613 +01:00 [INF] Request reached the end of the middleware pipeline without being handled by application code. Request path: GET http://localhost:5272/lib/jquery-validation/dist/jquery.validate.min.js, Response status code: 404
2024-11-28 13:17:31.614 +01:00 [INF] Request finished HTTP/1.1 GET http://localhost:5272/lib/jquery-validation-unobtrusive/jquery.validate.unobtrusive.min.js - 404 0 null 3.1881ms
2024-11-28 13:17:31.615 +01:00 [INF] Request reached the end of the middleware pipeline without being handled by application code. Request path: GET http://localhost:5272/lib/jquery-validation-unobtrusive/jquery.validate.unobtrusive.min.js, Response status code: 404
2024-11-28 13:17:32.612 +01:00 [INF] Request starting HTTP/1.1 GET http://localhost:5272/Note/Grid?active=active - null null
2024-11-28 13:17:32.613 +01:00 [INF] Executing endpoint 'GalleryNote.Controllers.NoteController.Grid (GalleryNote)'
2024-11-28 13:17:32.623 +01:00 [INF] Route matched with {action = "Grid", controller = "Note", page = "", area = ""}. Executing controller action with signature System.Threading.Tasks.Task`1[Microsoft.AspNetCore.Mvc.IActionResult] Grid() on controller GalleryNote.Controllers.NoteController (GalleryNote).
2024-11-28 13:17:32.639 +01:00 [INF] Executing ViewResult, running view Grid.
2024-11-28 13:17:32.646 +01:00 [INF] Executed ViewResult - view Grid executed in 8.2416ms.
2024-11-28 13:17:32.646 +01:00 [INF] Executed action GalleryNote.Controllers.NoteController.Grid (GalleryNote) in 22.2971ms
2024-11-28 13:17:32.646 +01:00 [INF] Executed endpoint 'GalleryNote.Controllers.NoteController.Grid (GalleryNote)'
2024-11-28 13:17:32.647 +01:00 [INF] Request finished HTTP/1.1 GET http://localhost:5272/Note/Grid?active=active - 200 null text/html; charset=utf-8 35.2011ms
2024-11-28 13:17:32.696 +01:00 [INF] Request starting HTTP/1.1 GET http://localhost:5272/_framework/aspnetcore-browser-refresh.js - null null
2024-11-28 13:17:32.696 +01:00 [INF] Request finished HTTP/1.1 GET http://localhost:5272/_framework/aspnetcore-browser-refresh.js - 200 13732 application/javascript; charset=utf-8 0.4478ms
2024-11-28 13:17:35.205 +01:00 [INF] Request starting HTTP/1.1 GET http://localhost:5272/Image/Grid?active=active - null null
2024-11-28 13:17:35.206 +01:00 [INF] Executing endpoint 'GalleryNote.Controllers.ImageController.Grid (GalleryNote)'
2024-11-28 13:17:35.209 +01:00 [INF] Route matched with {action = "Grid", controller = "Image", page = "", area = ""}. Executing controller action with signature Microsoft.AspNetCore.Mvc.IActionResult Grid() on controller GalleryNote.Controllers.ImageController (GalleryNote).
2024-11-28 13:17:35.218 +01:00 [INF] Executing ViewResult, running view Grid.
2024-11-28 13:17:35.226 +01:00 [INF] Executed ViewResult - view Grid executed in 9.0891ms.
2024-11-28 13:17:35.226 +01:00 [INF] Executed action GalleryNote.Controllers.ImageController.Grid (GalleryNote) in 17.6544ms
2024-11-28 13:17:35.227 +01:00 [INF] Executed endpoint 'GalleryNote.Controllers.ImageController.Grid (GalleryNote)'
2024-11-28 13:17:35.227 +01:00 [INF] Request finished HTTP/1.1 GET http://localhost:5272/Image/Grid?active=active - 200 null text/html; charset=utf-8 21.5501ms
2024-11-28 13:17:35.288 +01:00 [INF] Request starting HTTP/1.1 GET http://localhost:5272/_framework/aspnetcore-browser-refresh.js - null null
2024-11-28 13:17:35.288 +01:00 [INF] Request finished HTTP/1.1 GET http://localhost:5272/_framework/aspnetcore-browser-refresh.js - 200 13732 application/javascript; charset=utf-8 0.5851ms
2024-11-28 13:17:37.162 +01:00 [INF] Request starting HTTP/1.1 GET http://localhost:5272/?active=active - null null
2024-11-28 13:17:37.162 +01:00 [INF] Executing endpoint 'GalleryNote.Controllers.HomeController.Index (GalleryNote)'
2024-11-28 13:17:37.164 +01:00 [INF] Route matched with {action = "Index", controller = "Home", page = "", area = ""}. Executing controller action with signature Microsoft.AspNetCore.Mvc.IActionResult Index() on controller GalleryNote.Controllers.HomeController (GalleryNote).
2024-11-28 13:17:37.167 +01:00 [INF] Executing ViewResult, running view Index.
2024-11-28 13:17:37.193 +01:00 [INF] Executed ViewResult - view Index executed in 28.5936ms.
2024-11-28 13:17:37.193 +01:00 [INF] Executed action GalleryNote.Controllers.HomeController.Index (GalleryNote) in 29.0058ms
2024-11-28 13:17:37.193 +01:00 [INF] Executed endpoint 'GalleryNote.Controllers.HomeController.Index (GalleryNote)'
2024-11-28 13:17:37.193 +01:00 [INF] Request finished HTTP/1.1 GET http://localhost:5272/?active=active - 200 null text/html; charset=utf-8 31.7532ms
2024-11-28 13:17:37.261 +01:00 [INF] Request starting HTTP/1.1 GET http://localhost:5272/_framework/aspnetcore-browser-refresh.js - null null
2024-11-28 13:17:37.262 +01:00 [INF] Request finished HTTP/1.1 GET http://localhost:5272/_framework/aspnetcore-browser-refresh.js - 200 13732 application/javascript; charset=utf-8 0.5445ms
2024-11-28 13:19:58.655 +01:00 [INF] Request starting HTTP/1.1 GET http://localhost:5272/?active=active - null null
2024-11-28 13:19:58.656 +01:00 [INF] Executing endpoint 'GalleryNote.Controllers.HomeController.Index (GalleryNote)'
2024-11-28 13:19:58.658 +01:00 [INF] Route matched with {action = "Index", controller = "Home", page = "", area = ""}. Executing controller action with signature Microsoft.AspNetCore.Mvc.IActionResult Index() on controller GalleryNote.Controllers.HomeController (GalleryNote).
2024-11-28 13:19:58.664 +01:00 [INF] Executing ViewResult, running view Index.
2024-11-28 13:19:58.730 +01:00 [INF] Executed ViewResult - view Index executed in 72.2608ms.
2024-11-28 13:19:58.730 +01:00 [INF] Executed action GalleryNote.Controllers.HomeController.Index (GalleryNote) in 72.5895ms
2024-11-28 13:19:58.731 +01:00 [INF] Executed endpoint 'GalleryNote.Controllers.HomeController.Index (GalleryNote)'
2024-11-28 13:19:58.731 +01:00 [INF] Request finished HTTP/1.1 GET http://localhost:5272/?active=active - 200 null text/html; charset=utf-8 75.9911ms
2024-11-28 13:19:58.749 +01:00 [INF] Request starting HTTP/1.1 GET http://localhost:5272/images/example1.jpg - null null
2024-11-28 13:19:58.749 +01:00 [INF] Request starting HTTP/1.1 GET http://localhost:5272/images/example2.jpg - null null
2024-11-28 13:19:58.750 +01:00 [INF] The file /images/example2.jpg was not modified
2024-11-28 13:19:58.751 +01:00 [INF] The file /images/example1.jpg was not modified
2024-11-28 13:19:58.751 +01:00 [INF] Request finished HTTP/1.1 GET http://localhost:5272/images/example2.jpg - 304 null image/jpeg 1.041ms
2024-11-28 13:19:58.752 +01:00 [INF] Request finished HTTP/1.1 GET http://localhost:5272/images/example1.jpg - 304 null image/jpeg 1.9227ms
2024-11-28 13:19:58.763 +01:00 [INF] Request starting HTTP/1.1 GET http://localhost:5272/_framework/aspnetcore-browser-refresh.js - null null
2024-11-28 13:19:58.763 +01:00 [INF] Request starting HTTP/1.1 GET http://localhost:5272/images/example3.jpg - null null
2024-11-28 13:19:58.763 +01:00 [INF] Request finished HTTP/1.1 GET http://localhost:5272/_framework/aspnetcore-browser-refresh.js - 200 13732 application/javascript; charset=utf-8 0.3857ms
2024-11-28 13:19:58.765 +01:00 [INF] The file /images/example3.jpg was not modified
2024-11-28 13:19:58.766 +01:00 [INF] Request finished HTTP/1.1 GET http://localhost:5272/images/example3.jpg - 304 null image/jpeg 2.1502ms
2024-11-28 13:20:10.043 +01:00 [INF] Request starting HTTP/1.1 GET http://localhost:5272/?active=active - null null
2024-11-28 13:20:10.044 +01:00 [INF] Executing endpoint 'GalleryNote.Controllers.HomeController.Index (GalleryNote)'
2024-11-28 13:20:10.044 +01:00 [INF] Route matched with {action = "Index", controller = "Home", page = "", area = ""}. Executing controller action with signature Microsoft.AspNetCore.Mvc.IActionResult Index() on controller GalleryNote.Controllers.HomeController (GalleryNote).
2024-11-28 13:20:10.044 +01:00 [INF] Executing ViewResult, running view Index.
2024-11-28 13:20:10.051 +01:00 [INF] Executed ViewResult - view Index executed in 6.0707ms.
2024-11-28 13:20:10.051 +01:00 [INF] Executed action GalleryNote.Controllers.HomeController.Index (GalleryNote) in 6.9413ms
2024-11-28 13:20:10.051 +01:00 [INF] Executed endpoint 'GalleryNote.Controllers.HomeController.Index (GalleryNote)'
2024-11-28 13:20:10.052 +01:00 [INF] Request finished HTTP/1.1 GET http://localhost:5272/?active=active - 200 null text/html; charset=utf-8 8.6239ms
2024-11-28 13:20:10.081 +01:00 [INF] Request starting HTTP/1.1 GET http://localhost:5272/_framework/aspnetcore-browser-refresh.js - null null
2024-11-28 13:20:10.082 +01:00 [INF] Request finished HTTP/1.1 GET http://localhost:5272/_framework/aspnetcore-browser-refresh.js - 200 13732 application/javascript; charset=utf-8 1.6444ms
2024-11-28 13:20:12.528 +01:00 [INF] Request starting HTTP/1.1 GET http://localhost:5272/Image/Grid?active=active - null null
2024-11-28 13:20:12.528 +01:00 [INF] Executing endpoint 'GalleryNote.Controllers.ImageController.Grid (GalleryNote)'
2024-11-28 13:20:12.532 +01:00 [INF] Route matched with {action = "Grid", controller = "Image", page = "", area = ""}. Executing controller action with signature Microsoft.AspNetCore.Mvc.IActionResult Grid() on controller GalleryNote.Controllers.ImageController (GalleryNote).
2024-11-28 13:20:12.539 +01:00 [INF] Executing ViewResult, running view Grid.
2024-11-28 13:20:12.545 +01:00 [INF] Executed ViewResult - view Grid executed in 6.6548ms.
2024-11-28 13:20:12.545 +01:00 [INF] Executed action GalleryNote.Controllers.ImageController.Grid (GalleryNote) in 12.2758ms
2024-11-28 13:20:12.545 +01:00 [INF] Executed endpoint 'GalleryNote.Controllers.ImageController.Grid (GalleryNote)'
2024-11-28 13:20:12.545 +01:00 [INF] Request finished HTTP/1.1 GET http://localhost:5272/Image/Grid?active=active - 200 null text/html; charset=utf-8 17.7493ms
2024-11-28 13:20:12.588 +01:00 [INF] Request starting HTTP/1.1 GET http://localhost:5272/images/blomst.jpg - null null
2024-11-28 13:20:12.594 +01:00 [INF] Request starting HTTP/1.1 GET http://localhost:5272/images/blad.jpg - null null
2024-11-28 13:20:12.594 +01:00 [INF] The file /images/blad.jpg was not modified
2024-11-28 13:20:12.594 +01:00 [INF] Request finished HTTP/1.1 GET http://localhost:5272/images/blad.jpg - 304 null image/jpeg 0.7879ms
2024-11-28 13:20:12.598 +01:00 [INF] The file /images/blomst.jpg was not modified
2024-11-28 13:20:12.598 +01:00 [INF] Request finished HTTP/1.1 GET http://localhost:5272/images/blomst.jpg - 304 null image/jpeg 9.7468ms
2024-11-28 13:20:12.612 +01:00 [INF] Request starting HTTP/1.1 GET http://localhost:5272/_framework/aspnetcore-browser-refresh.js - null null
2024-11-28 13:20:12.612 +01:00 [INF] Request finished HTTP/1.1 GET http://localhost:5272/_framework/aspnetcore-browser-refresh.js - 200 13732 application/javascript; charset=utf-8 0.5231ms
2024-11-28 13:20:12.613 +01:00 [INF] Request starting HTTP/1.1 GET http://localhost:5272/images/skog.jpg - null null
2024-11-28 13:20:12.616 +01:00 [INF] The file /images/skog.jpg was not modified
2024-11-28 13:20:12.616 +01:00 [INF] Request finished HTTP/1.1 GET http://localhost:5272/images/skog.jpg - 304 null image/jpeg 3.0102ms
2024-11-28 13:20:20.977 +01:00 [INF] Request starting HTTP/1.1 GET http://localhost:5272/Note/Grid?active=active - null null
2024-11-28 13:20:20.979 +01:00 [INF] Executing endpoint 'GalleryNote.Controllers.NoteController.Grid (GalleryNote)'
2024-11-28 13:20:20.992 +01:00 [INF] Route matched with {action = "Grid", controller = "Note", page = "", area = ""}. Executing controller action with signature System.Threading.Tasks.Task`1[Microsoft.AspNetCore.Mvc.IActionResult] Grid() on controller GalleryNote.Controllers.NoteController (GalleryNote).
2024-11-28 13:20:21.003 +01:00 [INF] Executing ViewResult, running view Grid.
2024-11-28 13:20:21.010 +01:00 [INF] Executed ViewResult - view Grid executed in 7.8396ms.
2024-11-28 13:20:21.011 +01:00 [INF] Executed action GalleryNote.Controllers.NoteController.Grid (GalleryNote) in 18.8439ms
2024-11-28 13:20:21.012 +01:00 [INF] Executed endpoint 'GalleryNote.Controllers.NoteController.Grid (GalleryNote)'
2024-11-28 13:20:21.013 +01:00 [INF] Request finished HTTP/1.1 GET http://localhost:5272/Note/Grid?active=active - 200 null text/html; charset=utf-8 36.2894ms
2024-11-28 13:20:21.065 +01:00 [INF] Request starting HTTP/1.1 GET http://localhost:5272/_framework/aspnetcore-browser-refresh.js - null null
2024-11-28 13:20:21.066 +01:00 [INF] Request finished HTTP/1.1 GET http://localhost:5272/_framework/aspnetcore-browser-refresh.js - 200 13732 application/javascript; charset=utf-8 0.9499ms
2024-11-28 13:20:24.582 +01:00 [INF] Request starting HTTP/1.1 GET http://localhost:5272/Home/Upload?active=active - null null
2024-11-28 13:20:24.586 +01:00 [INF] Authorization failed. These requirements were not met:
DenyAnonymousAuthorizationRequirement: Requires an authenticated user.
2024-11-28 13:20:24.588 +01:00 [INF] AuthenticationScheme: Identity.Application was challenged.
2024-11-28 13:20:24.588 +01:00 [INF] Request finished HTTP/1.1 GET http://localhost:5272/Home/Upload?active=active - 302 0 null 6.106ms
2024-11-28 13:20:24.594 +01:00 [INF] Request starting HTTP/1.1 GET http://localhost:5272/Identity/Account/Login?ReturnUrl=%2FHome%2FUpload%3Factive%3Dactive - null null
2024-11-28 13:20:24.595 +01:00 [INF] Executing endpoint '/Account/Login'
2024-11-28 13:20:24.606 +01:00 [INF] Route matched with {page = "/Account/Login", area = "Identity", action = "", controller = ""}. Executing page /Account/Login
2024-11-28 13:20:24.617 +01:00 [INF] Executing handler method GalleryNote.Areas.Identity.Pages.Account.LoginModel.OnGetAsync - ModelState is "Valid"
2024-11-28 13:20:24.619 +01:00 [INF] AuthenticationScheme: Identity.External signed out.
2024-11-28 13:20:24.619 +01:00 [INF] Executed handler method OnGetAsync, returned result .
2024-11-28 13:20:24.619 +01:00 [INF] Executing an implicit handler method - ModelState is "Valid"
2024-11-28 13:20:24.619 +01:00 [INF] Executed an implicit handler method, returned result Microsoft.AspNetCore.Mvc.RazorPages.PageResult.
2024-11-28 13:20:24.644 +01:00 [INF] Executed page /Account/Login in 37.0912ms
2024-11-28 13:20:24.644 +01:00 [INF] Executed endpoint '/Account/Login'
2024-11-28 13:20:24.646 +01:00 [INF] Request finished HTTP/1.1 GET http://localhost:5272/Identity/Account/Login?ReturnUrl=%2FHome%2FUpload%3Factive%3Dactive - 200 null text/html; charset=utf-8 51.4661ms
2024-11-28 13:20:24.685 +01:00 [INF] Request starting HTTP/1.1 GET http://localhost:5272/lib/jquery-validation/dist/jquery.validate.min.js - null null
2024-11-28 13:20:24.687 +01:00 [INF] Request finished HTTP/1.1 GET http://localhost:5272/lib/jquery-validation/dist/jquery.validate.min.js - 404 0 null 2.0854ms
2024-11-28 13:20:24.687 +01:00 [INF] Request reached the end of the middleware pipeline without being handled by application code. Request path: GET http://localhost:5272/lib/jquery-validation/dist/jquery.validate.min.js, Response status code: 404
2024-11-28 13:20:24.696 +01:00 [INF] Request starting HTTP/1.1 GET http://localhost:5272/lib/jquery-validation-unobtrusive/jquery.validate.unobtrusive.min.js - null null
2024-11-28 13:20:24.696 +01:00 [INF] Request starting HTTP/1.1 GET http://localhost:5272/_framework/aspnetcore-browser-refresh.js - null null
2024-11-28 13:20:24.697 +01:00 [INF] Request finished HTTP/1.1 GET http://localhost:5272/_framework/aspnetcore-browser-refresh.js - 200 13732 application/javascript; charset=utf-8 0.7462ms
2024-11-28 13:20:24.699 +01:00 [INF] Request finished HTTP/1.1 GET http://localhost:5272/lib/jquery-validation-unobtrusive/jquery.validate.unobtrusive.min.js - 404 0 null 2.9593ms
2024-11-28 13:20:24.699 +01:00 [INF] Request reached the end of the middleware pipeline without being handled by application code. Request path: GET http://localhost:5272/lib/jquery-validation-unobtrusive/jquery.validate.unobtrusive.min.js, Response status code: 404
2024-11-28 13:20:27.339 +01:00 [INF] Request starting HTTP/1.1 GET http://localhost:5272/?active=active - null null
2024-11-28 13:20:27.340 +01:00 [INF] Executing endpoint 'GalleryNote.Controllers.HomeController.Index (GalleryNote)'
2024-11-28 13:20:27.340 +01:00 [INF] Route matched with {action = "Index", controller = "Home", page = "", area = ""}. Executing controller action with signature Microsoft.AspNetCore.Mvc.IActionResult Index() on controller GalleryNote.Controllers.HomeController (GalleryNote).
2024-11-28 13:20:27.340 +01:00 [INF] Executing ViewResult, running view Index.
2024-11-28 13:20:27.345 +01:00 [INF] Executed ViewResult - view Index executed in 4.2315ms.
2024-11-28 13:20:27.345 +01:00 [INF] Executed action GalleryNote.Controllers.HomeController.Index (GalleryNote) in 4.5782ms
2024-11-28 13:20:27.345 +01:00 [INF] Executed endpoint 'GalleryNote.Controllers.HomeController.Index (GalleryNote)'
2024-11-28 13:20:27.345 +01:00 [INF] Request finished HTTP/1.1 GET http://localhost:5272/?active=active - 200 null text/html; charset=utf-8 5.6921ms
2024-11-28 13:20:27.377 +01:00 [INF] Request starting HTTP/1.1 GET http://localhost:5272/_framework/aspnetcore-browser-refresh.js - null null
2024-11-28 13:20:27.379 +01:00 [INF] Request finished HTTP/1.1 GET http://localhost:5272/_framework/aspnetcore-browser-refresh.js - 200 13732 application/javascript; charset=utf-8 1.9565ms
2024-11-28 13:20:44.778 +01:00 [INF] Application is shutting down...
