2024-11-09 13:35:35.226 +01:00 [INF] User profile is available. Using 'C:\Users\birko\AppData\Local\ASP.NET\DataProtection-Keys' as key repository and Windows DPAPI to encrypt keys at rest.
2024-11-09 13:35:35.796 +01:00 [INF] Now listening on: http://localhost:5272
2024-11-09 13:35:35.816 +01:00 [INF] Application started. Press Ctrl+C to shut down.
2024-11-09 13:35:35.819 +01:00 [INF] Hosting environment: Development
2024-11-09 13:35:35.820 +01:00 [INF] Content root path: C:\Users\birko\OneDrive - OsloMet\ITPE 3200 - Webapplikasjoner\GalleryNote project\GalleryNote – Kopi
2024-11-09 13:35:38.845 +01:00 [INF] Request starting HTTP/1.1 GET http://localhost:5272/ - null null
2024-11-09 13:35:39.027 +01:00 [INF] Executing endpoint 'GalleryNote.Controllers.HomeController.Index (GalleryNote)'
2024-11-09 13:35:39.053 +01:00 [INF] Route matched with {action = "Index", controller = "Home", page = "", area = ""}. Executing controller action with signature Microsoft.AspNetCore.Mvc.IActionResult Index() on controller GalleryNote.Controllers.HomeController (GalleryNote).
2024-11-09 13:35:39.072 +01:00 [INF] Executing ViewResult, running view Index.
2024-11-09 13:35:39.232 +01:00 [INF] Executed ViewResult - view Index executed in 163.1445ms.
2024-11-09 13:35:39.237 +01:00 [INF] Executed action GalleryNote.Controllers.HomeController.Index (GalleryNote) in 182.1572ms
2024-11-09 13:35:39.238 +01:00 [INF] Executed endpoint 'GalleryNote.Controllers.HomeController.Index (GalleryNote)'
2024-11-09 13:35:39.247 +01:00 [INF] Request finished HTTP/1.1 GET http://localhost:5272/ - 200 null text/html; charset=utf-8 412.2259ms
2024-11-09 13:35:42.295 +01:00 [INF] Request starting HTTP/1.1 GET http://localhost:5272/Image/Table - null null
2024-11-09 13:35:42.299 +01:00 [INF] Executing endpoint 'GalleryNote.Controllers.ImageController.Table (GalleryNote)'
2024-11-09 13:35:42.311 +01:00 [INF] Route matched with {action = "Table", controller = "Image", page = "", area = ""}. Executing controller action with signature System.Threading.Tasks.Task`1[Microsoft.AspNetCore.Mvc.IActionResult] Table() on controller GalleryNote.Controllers.ImageController (GalleryNote).
2024-11-09 13:35:42.552 +01:00 [INF] Executing ViewResult, running view Table.
2024-11-09 13:35:42.599 +01:00 [INF] Executed ViewResult - view Table executed in 49.1016ms.
2024-11-09 13:35:42.599 +01:00 [INF] Executed action GalleryNote.Controllers.ImageController.Table (GalleryNote) in 287.6189ms
2024-11-09 13:35:42.600 +01:00 [INF] Executed endpoint 'GalleryNote.Controllers.ImageController.Table (GalleryNote)'
2024-11-09 13:35:42.611 +01:00 [INF] Request finished HTTP/1.1 GET http://localhost:5272/Image/Table - 200 null text/html; charset=utf-8 316.1798ms
2024-11-09 13:35:44.033 +01:00 [INF] Request starting HTTP/1.1 GET http://localhost:5272/ - null null
2024-11-09 13:35:44.037 +01:00 [INF] Executing endpoint 'GalleryNote.Controllers.HomeController.Index (GalleryNote)'
2024-11-09 13:35:44.038 +01:00 [INF] Route matched with {action = "Index", controller = "Home", page = "", area = ""}. Executing controller action with signature Microsoft.AspNetCore.Mvc.IActionResult Index() on controller GalleryNote.Controllers.HomeController (GalleryNote).
2024-11-09 13:35:44.038 +01:00 [INF] Executing ViewResult, running view Index.
2024-11-09 13:35:44.063 +01:00 [INF] Executed ViewResult - view Index executed in 25.385ms.
2024-11-09 13:35:44.064 +01:00 [INF] Executed action GalleryNote.Controllers.HomeController.Index (GalleryNote) in 25.9642ms
2024-11-09 13:35:44.064 +01:00 [INF] Executed endpoint 'GalleryNote.Controllers.HomeController.Index (GalleryNote)'
2024-11-09 13:35:44.064 +01:00 [INF] Request finished HTTP/1.1 GET http://localhost:5272/ - 200 null text/html; charset=utf-8 30.6456ms
2024-11-09 13:35:44.998 +01:00 [INF] Request starting HTTP/1.1 GET http://localhost:5272/Image/Table - null null
2024-11-09 13:35:45.001 +01:00 [INF] Executing endpoint 'GalleryNote.Controllers.ImageController.Table (GalleryNote)'
2024-11-09 13:35:45.001 +01:00 [INF] Route matched with {action = "Table", controller = "Image", page = "", area = ""}. Executing controller action with signature System.Threading.Tasks.Task`1[Microsoft.AspNetCore.Mvc.IActionResult] Table() on controller GalleryNote.Controllers.ImageController (GalleryNote).
2024-11-09 13:35:45.099 +01:00 [INF] Executing ViewResult, running view Table.
2024-11-09 13:35:45.102 +01:00 [INF] Executed ViewResult - view Table executed in 3.301ms.
2024-11-09 13:35:45.102 +01:00 [INF] Executed action GalleryNote.Controllers.ImageController.Table (GalleryNote) in 101.0018ms
2024-11-09 13:35:45.102 +01:00 [INF] Executed endpoint 'GalleryNote.Controllers.ImageController.Table (GalleryNote)'
2024-11-09 13:35:45.103 +01:00 [INF] Request finished HTTP/1.1 GET http://localhost:5272/Image/Table - 200 null text/html; charset=utf-8 105.3053ms
2024-11-09 13:36:02.027 +01:00 [INF] Request starting HTTP/1.1 GET http://localhost:5272/ - null null
2024-11-09 13:36:02.027 +01:00 [INF] Executing endpoint 'GalleryNote.Controllers.HomeController.Index (GalleryNote)'
2024-11-09 13:36:02.028 +01:00 [INF] Route matched with {action = "Index", controller = "Home", page = "", area = ""}. Executing controller action with signature Microsoft.AspNetCore.Mvc.IActionResult Index() on controller GalleryNote.Controllers.HomeController (GalleryNote).
2024-11-09 13:36:02.029 +01:00 [INF] Executing ViewResult, running view Index.
2024-11-09 13:36:02.031 +01:00 [INF] Executed ViewResult - view Index executed in 2.4669ms.
2024-11-09 13:36:02.031 +01:00 [INF] Executed action GalleryNote.Controllers.HomeController.Index (GalleryNote) in 2.8426ms
2024-11-09 13:36:02.031 +01:00 [INF] Executed endpoint 'GalleryNote.Controllers.HomeController.Index (GalleryNote)'
2024-11-09 13:36:02.031 +01:00 [INF] Request finished HTTP/1.1 GET http://localhost:5272/ - 200 null text/html; charset=utf-8 4.8824ms
2024-11-09 13:36:03.250 +01:00 [INF] Request starting HTTP/1.1 GET http://localhost:5272/Image/Table - null null
2024-11-09 13:36:03.251 +01:00 [INF] Executing endpoint 'GalleryNote.Controllers.ImageController.Table (GalleryNote)'
2024-11-09 13:36:03.251 +01:00 [INF] Route matched with {action = "Table", controller = "Image", page = "", area = ""}. Executing controller action with signature System.Threading.Tasks.Task`1[Microsoft.AspNetCore.Mvc.IActionResult] Table() on controller GalleryNote.Controllers.ImageController (GalleryNote).
2024-11-09 13:36:03.256 +01:00 [INF] Executing ViewResult, running view Table.
2024-11-09 13:36:03.258 +01:00 [INF] Executed ViewResult - view Table executed in 2.3419ms.
2024-11-09 13:36:03.259 +01:00 [INF] Executed action GalleryNote.Controllers.ImageController.Table (GalleryNote) in 7.2866ms
2024-11-09 13:36:03.259 +01:00 [INF] Executed endpoint 'GalleryNote.Controllers.ImageController.Table (GalleryNote)'
2024-11-09 13:36:03.259 +01:00 [INF] Request finished HTTP/1.1 GET http://localhost:5272/Image/Table - 200 null text/html; charset=utf-8 9.3018ms
2024-11-09 13:36:07.222 +01:00 [INF] Request starting HTTP/1.1 GET http://localhost:5272/Image/Delete/1 - null null
2024-11-09 13:36:07.232 +01:00 [INF] Authorization failed. These requirements were not met:
DenyAnonymousAuthorizationRequirement: Requires an authenticated user.
2024-11-09 13:36:07.238 +01:00 [INF] AuthenticationScheme: Identity.Application was challenged.
2024-11-09 13:36:07.238 +01:00 [INF] Request finished HTTP/1.1 GET http://localhost:5272/Image/Delete/1 - 302 0 null 15.6534ms
2024-11-09 13:36:07.244 +01:00 [INF] Request starting HTTP/1.1 GET http://localhost:5272/Identity/Account/Login?ReturnUrl=%2FImage%2FDelete%2F1 - null null
2024-11-09 13:36:07.248 +01:00 [INF] Executing endpoint '/Account/Login'
2024-11-09 13:36:07.287 +01:00 [INF] Route matched with {page = "/Account/Login", area = "Identity", action = "", controller = ""}. Executing page /Account/Login
2024-11-09 13:36:07.318 +01:00 [INF] Executing handler method GalleryNote.Areas.Identity.Pages.Account.LoginModel.OnGetAsync - ModelState is "Valid"
2024-11-09 13:36:07.324 +01:00 [INF] AuthenticationScheme: Identity.External signed out.
2024-11-09 13:36:07.325 +01:00 [INF] Executed handler method OnGetAsync, returned result .
2024-11-09 13:36:07.333 +01:00 [INF] Executing an implicit handler method - ModelState is "Valid"
2024-11-09 13:36:07.333 +01:00 [INF] Executed an implicit handler method, returned result Microsoft.AspNetCore.Mvc.RazorPages.PageResult.
2024-11-09 13:36:07.400 +01:00 [INF] Executed page /Account/Login in 112.6568ms
2024-11-09 13:36:07.401 +01:00 [INF] Executed endpoint '/Account/Login'
2024-11-09 13:36:07.401 +01:00 [INF] Request finished HTTP/1.1 GET http://localhost:5272/Identity/Account/Login?ReturnUrl=%2FImage%2FDelete%2F1 - 200 null text/html; charset=utf-8 156.931ms
2024-11-09 13:36:07.424 +01:00 [INF] Request starting HTTP/1.1 GET http://localhost:5272/lib/jquery-validation/dist/jquery.validate.min.js - null null
2024-11-09 13:36:07.426 +01:00 [INF] Request starting HTTP/1.1 GET http://localhost:5272/lib/jquery-validation-unobtrusive/jquery.validate.unobtrusive.min.js - null null
2024-11-09 13:36:07.429 +01:00 [INF] Request finished HTTP/1.1 GET http://localhost:5272/lib/jquery-validation-unobtrusive/jquery.validate.unobtrusive.min.js - 404 0 null 2.2636ms
2024-11-09 13:36:07.429 +01:00 [INF] Request finished HTTP/1.1 GET http://localhost:5272/lib/jquery-validation/dist/jquery.validate.min.js - 404 0 null 4.8053ms
2024-11-09 13:36:07.430 +01:00 [INF] Request reached the end of the middleware pipeline without being handled by application code. Request path: GET http://localhost:5272/lib/jquery-validation-unobtrusive/jquery.validate.unobtrusive.min.js, Response status code: 404
2024-11-09 13:36:07.430 +01:00 [INF] Request reached the end of the middleware pipeline without being handled by application code. Request path: GET http://localhost:5272/lib/jquery-validation/dist/jquery.validate.min.js, Response status code: 404
2024-11-09 13:36:50.345 +01:00 [INF] Application is shutting down...
