2024-11-09 14:05:38.375 +01:00 [INF] User profile is available. Using 'C:\Users\birko\AppData\Local\ASP.NET\DataProtection-Keys' as key repository and Windows DPAPI to encrypt keys at rest.
2024-11-09 14:05:38.677 +01:00 [INF] Now listening on: http://localhost:5272
2024-11-09 14:05:38.682 +01:00 [INF] Application started. Press Ctrl+C to shut down.
2024-11-09 14:05:38.683 +01:00 [INF] Hosting environment: Development
2024-11-09 14:05:38.684 +01:00 [INF] Content root path: C:\Users\birko\OneDrive - OsloMet\ITPE 3200 - Webapplikasjoner\GalleryNote project\GalleryNote – Kopi
2024-11-09 14:06:06.209 +01:00 [INF] Request starting HTTP/1.1 GET http://localhost:5272/ - null null
2024-11-09 14:06:06.298 +01:00 [INF] Executing endpoint 'GalleryNote.Controllers.HomeController.Index (GalleryNote)'
2024-11-09 14:06:06.321 +01:00 [INF] Route matched with {action = "Index", controller = "Home", page = "", area = ""}. Executing controller action with signature Microsoft.AspNetCore.Mvc.IActionResult Index() on controller GalleryNote.Controllers.HomeController (GalleryNote).
2024-11-09 14:06:06.336 +01:00 [INF] Executing ViewResult, running view Index.
2024-11-09 14:06:06.464 +01:00 [INF] Executed ViewResult - view Index executed in 133.6338ms.
2024-11-09 14:06:06.471 +01:00 [INF] Executed action GalleryNote.Controllers.HomeController.Index (GalleryNote) in 148.1432ms
2024-11-09 14:06:06.472 +01:00 [INF] Executed endpoint 'GalleryNote.Controllers.HomeController.Index (GalleryNote)'
2024-11-09 14:06:06.482 +01:00 [INF] Request finished HTTP/1.1 GET http://localhost:5272/ - 200 null text/html; charset=utf-8 279.4829ms
2024-11-09 14:06:08.895 +01:00 [INF] Request starting HTTP/1.1 GET http://localhost:5272/Image/Table - null null
2024-11-09 14:06:08.898 +01:00 [INF] Executing endpoint 'GalleryNote.Controllers.ImageController.Table (GalleryNote)'
2024-11-09 14:06:08.914 +01:00 [INF] Route matched with {action = "Table", controller = "Image", page = "", area = ""}. Executing controller action with signature System.Threading.Tasks.Task`1[Microsoft.AspNetCore.Mvc.IActionResult] Table() on controller GalleryNote.Controllers.ImageController (GalleryNote).
2024-11-09 14:06:09.081 +01:00 [INF] Executing ViewResult, running view Table.
2024-11-09 14:06:09.105 +01:00 [INF] Executed ViewResult - view Table executed in 24.9888ms.
2024-11-09 14:06:09.106 +01:00 [INF] Executed action GalleryNote.Controllers.ImageController.Table (GalleryNote) in 192.2975ms
2024-11-09 14:06:09.106 +01:00 [INF] Executed endpoint 'GalleryNote.Controllers.ImageController.Table (GalleryNote)'
2024-11-09 14:06:09.116 +01:00 [INF] Request finished HTTP/1.1 GET http://localhost:5272/Image/Table - 200 null text/html; charset=utf-8 220.3348ms
2024-11-09 14:06:09.152 +01:00 [INF] Request starting HTTP/1.1 GET http://localhost:5272/images/bilde1.jpg - null null
2024-11-09 14:06:09.193 +01:00 [INF] Sending file. Request path: '/images/bilde1.jpg'. Physical path: 'C:\Users\birko\OneDrive - OsloMet\ITPE 3200 - Webapplikasjoner\GalleryNote project\GalleryNote – Kopi\wwwroot\images\bilde1.jpg'
2024-11-09 14:06:09.194 +01:00 [INF] Request finished HTTP/1.1 GET http://localhost:5272/images/bilde1.jpg - 200 253005 image/jpeg 42.3861ms
