2024-11-27 15:29:23.433 +01:00 [INF] User profile is available. Using 'C:\Users\birko\AppData\Local\ASP.NET\DataProtection-Keys' as key repository and Windows DPAPI to encrypt keys at rest.
2024-11-27 15:29:23.861 +01:00 [INF] Now listening on: http://localhost:5272
2024-11-27 15:29:23.871 +01:00 [INF] Application started. Press Ctrl+C to shut down.
2024-11-27 15:29:23.873 +01:00 [INF] Hosting environment: Development
2024-11-27 15:29:23.873 +01:00 [INF] Content root path: C:\Users\birko\OneDrive - OsloMet\ITPE 3200 - Webapplikasjoner\GalleryNote project\GalleryNote – Kopi
2024-11-27 15:29:26.028 +01:00 [INF] Request starting HTTP/1.1 GET http://localhost:5272/ - null null
2024-11-27 15:29:26.211 +01:00 [INF] Executing endpoint 'GalleryNote.Controllers.HomeController.Index (GalleryNote)'
2024-11-27 15:29:26.233 +01:00 [INF] Route matched with {action = "Index", controller = "Home", page = "", area = ""}. Executing controller action with signature Microsoft.AspNetCore.Mvc.IActionResult Index() on controller GalleryNote.Controllers.HomeController (GalleryNote).
2024-11-27 15:29:26.255 +01:00 [INF] Executing ViewResult, running view Index.
2024-11-27 15:29:26.402 +01:00 [INF] Executed ViewResult - view Index executed in 155.006ms.
2024-11-27 15:29:26.406 +01:00 [INF] Executed action GalleryNote.Controllers.HomeController.Index (GalleryNote) in 172.0203ms
2024-11-27 15:29:26.407 +01:00 [INF] Executed endpoint 'GalleryNote.Controllers.HomeController.Index (GalleryNote)'
2024-11-27 15:29:26.430 +01:00 [INF] Request finished HTTP/1.1 GET http://localhost:5272/ - 200 null text/html; charset=utf-8 412.4493ms
2024-11-27 15:29:27.791 +01:00 [INF] Request starting HTTP/1.1 GET http://localhost:5272/Home/Upload?active=active - null null
2024-11-27 15:29:27.954 +01:00 [INF] Executing endpoint 'GalleryNote.Controllers.HomeController.Upload (GalleryNote)'
2024-11-27 15:29:27.957 +01:00 [INF] Route matched with {action = "Upload", controller = "Home", page = "", area = ""}. Executing controller action with signature Microsoft.AspNetCore.Mvc.IActionResult Upload() on controller GalleryNote.Controllers.HomeController (GalleryNote).
2024-11-27 15:29:27.959 +01:00 [INF] Executing ViewResult, running view Upload.
2024-11-27 15:29:27.980 +01:00 [INF] Executed ViewResult - view Upload executed in 21.9266ms.
2024-11-27 15:29:27.980 +01:00 [INF] Executed action GalleryNote.Controllers.HomeController.Upload (GalleryNote) in 22.8792ms
2024-11-27 15:29:27.980 +01:00 [INF] Executed endpoint 'GalleryNote.Controllers.HomeController.Upload (GalleryNote)'
2024-11-27 15:29:27.981 +01:00 [INF] Request finished HTTP/1.1 GET http://localhost:5272/Home/Upload?active=active - 200 null text/html; charset=utf-8 189.985ms
2024-11-27 15:29:28.622 +01:00 [INF] Request starting HTTP/1.1 GET http://localhost:5272/Image/Create - null null
2024-11-27 15:29:28.658 +01:00 [INF] Executing endpoint 'GalleryNote.Controllers.ImageController.Create (GalleryNote)'
2024-11-27 15:29:28.664 +01:00 [INF] Route matched with {action = "Create", controller = "Image", page = "", area = ""}. Executing controller action with signature Microsoft.AspNetCore.Mvc.IActionResult Create() on controller GalleryNote.Controllers.ImageController (GalleryNote).
2024-11-27 15:29:28.667 +01:00 [INF] Executing ViewResult, running view Create.
2024-11-27 15:29:28.722 +01:00 [INF] Executed ViewResult - view Create executed in 56.0208ms.
2024-11-27 15:29:28.723 +01:00 [INF] Executed action GalleryNote.Controllers.ImageController.Create (GalleryNote) in 58.1839ms
2024-11-27 15:29:28.723 +01:00 [INF] Executed endpoint 'GalleryNote.Controllers.ImageController.Create (GalleryNote)'
2024-11-27 15:29:28.723 +01:00 [INF] Request finished HTTP/1.1 GET http://localhost:5272/Image/Create - 200 null text/html; charset=utf-8 100.7777ms
2024-11-27 15:29:29.893 +01:00 [INF] Request starting HTTP/1.1 GET http://localhost:5272/Home/Upload - null null
2024-11-27 15:29:29.905 +01:00 [INF] Executing endpoint 'GalleryNote.Controllers.HomeController.Upload (GalleryNote)'
2024-11-27 15:29:29.906 +01:00 [INF] Route matched with {action = "Upload", controller = "Home", page = "", area = ""}. Executing controller action with signature Microsoft.AspNetCore.Mvc.IActionResult Upload() on controller GalleryNote.Controllers.HomeController (GalleryNote).
2024-11-27 15:29:29.906 +01:00 [INF] Executing ViewResult, running view Upload.
2024-11-27 15:29:29.912 +01:00 [INF] Executed ViewResult - view Upload executed in 5.5627ms.
2024-11-27 15:29:29.913 +01:00 [INF] Executed action GalleryNote.Controllers.HomeController.Upload (GalleryNote) in 6.0912ms
2024-11-27 15:29:29.914 +01:00 [INF] Executed endpoint 'GalleryNote.Controllers.HomeController.Upload (GalleryNote)'
2024-11-27 15:29:29.916 +01:00 [INF] Request finished HTTP/1.1 GET http://localhost:5272/Home/Upload - 200 null text/html; charset=utf-8 22.3374ms
2024-11-27 15:30:07.935 +01:00 [INF] Application is shutting down...
