2024-10-23 11:14:54.640 +02:00 [INF] User profile is available. Using 'C:\Users\birko\AppData\Local\ASP.NET\DataProtection-Keys' as key repository and Windows DPAPI to encrypt keys at rest.
2024-10-23 11:14:55.130 +02:00 [INF] Now listening on: http://localhost:5272
2024-10-23 11:14:55.138 +02:00 [INF] Application started. Press Ctrl+C to shut down.
2024-10-23 11:14:55.139 +02:00 [INF] Hosting environment: Development
2024-10-23 11:14:55.139 +02:00 [INF] Content root path: C:\Users\birko\OneDrive - OsloMet\ITPE 3200 - Webapplikasjoner\GalleryNote project\GalleryNote
2024-10-23 11:15:35.153 +02:00 [INF] Request starting HTTP/1.1 GET http://localhost:5272/ - null null
2024-10-23 11:15:35.418 +02:00 [INF] AuthenticationScheme: Identity.Application signed out.
2024-10-23 11:15:35.423 +02:00 [INF] AuthenticationScheme: Identity.External signed out.
2024-10-23 11:15:35.424 +02:00 [INF] AuthenticationScheme: Identity.TwoFactorUserId signed out.
2024-10-23 11:15:35.425 +02:00 [INF] AuthenticationScheme: Identity.TwoFactorRememberMe signed out.
2024-10-23 11:15:35.434 +02:00 [INF] Identity.Application was not authenticated. Failure message: No principal.
2024-10-23 11:15:35.434 +02:00 [INF] Identity.Application was not authenticated. Failure message: No principal.
2024-10-23 11:15:35.439 +02:00 [INF] Executing endpoint 'GalleryNote.Controllers.HomeController.Index (GalleryNote)'
2024-10-23 11:15:35.465 +02:00 [INF] Route matched with {action = "Index", controller = "Home", page = "", area = ""}. Executing controller action with signature Microsoft.AspNetCore.Mvc.IActionResult Index() on controller GalleryNote.Controllers.HomeController (GalleryNote).
2024-10-23 11:15:35.484 +02:00 [INF] Executing ViewResult, running view Index.
2024-10-23 11:15:35.641 +02:00 [INF] Executed ViewResult - view Index executed in 160.0202ms.
2024-10-23 11:15:35.646 +02:00 [INF] Executed action GalleryNote.Controllers.HomeController.Index (GalleryNote) in 179.3893ms
2024-10-23 11:15:35.647 +02:00 [INF] Executed endpoint 'GalleryNote.Controllers.HomeController.Index (GalleryNote)'
2024-10-23 11:15:35.667 +02:00 [INF] Request finished HTTP/1.1 GET http://localhost:5272/ - 200 null text/html; charset=utf-8 518.3599ms
2024-10-23 11:15:42.760 +02:00 [INF] Request starting HTTP/1.1 GET http://localhost:5272/ - null null
2024-10-23 11:15:42.763 +02:00 [INF] Executing endpoint 'GalleryNote.Controllers.HomeController.Index (GalleryNote)'
2024-10-23 11:15:42.763 +02:00 [INF] Route matched with {action = "Index", controller = "Home", page = "", area = ""}. Executing controller action with signature Microsoft.AspNetCore.Mvc.IActionResult Index() on controller GalleryNote.Controllers.HomeController (GalleryNote).
2024-10-23 11:15:42.764 +02:00 [INF] Executing ViewResult, running view Index.
2024-10-23 11:15:42.779 +02:00 [INF] Executed ViewResult - view Index executed in 15.5512ms.
2024-10-23 11:15:42.780 +02:00 [INF] Executed action GalleryNote.Controllers.HomeController.Index (GalleryNote) in 16.7834ms
2024-10-23 11:15:42.780 +02:00 [INF] Executed endpoint 'GalleryNote.Controllers.HomeController.Index (GalleryNote)'
2024-10-23 11:15:42.781 +02:00 [INF] Request finished HTTP/1.1 GET http://localhost:5272/ - 200 null text/html; charset=utf-8 21.5262ms
2024-10-23 11:15:45.563 +02:00 [INF] Request starting HTTP/1.1 GET http://localhost:5272/Item/Table - null null
2024-10-23 11:15:45.569 +02:00 [INF] Executing endpoint 'GalleryNote.Controllers.ItemController.Table (GalleryNote)'
2024-10-23 11:15:45.591 +02:00 [INF] Route matched with {action = "Table", controller = "Item", page = "", area = ""}. Executing controller action with signature System.Threading.Tasks.Task`1[Microsoft.AspNetCore.Mvc.IActionResult] Table() on controller GalleryNote.Controllers.ItemController (GalleryNote).
2024-10-23 11:15:45.722 +02:00 [INF] Executing ViewResult, running view Table.
2024-10-23 11:15:45.774 +02:00 [INF] Executed ViewResult - view Table executed in 53.8976ms.
2024-10-23 11:15:45.775 +02:00 [INF] Executed action GalleryNote.Controllers.ItemController.Table (GalleryNote) in 183.2836ms
2024-10-23 11:15:45.775 +02:00 [INF] Executed endpoint 'GalleryNote.Controllers.ItemController.Table (GalleryNote)'
2024-10-23 11:15:45.778 +02:00 [INF] Request finished HTTP/1.1 GET http://localhost:5272/Item/Table - 200 null text/html; charset=utf-8 215.097ms
2024-10-23 11:16:01.849 +02:00 [INF] Request starting HTTP/1.1 GET http://localhost:5272/Item/Delete/1 - null null
2024-10-23 11:16:01.878 +02:00 [INF] Authorization failed. These requirements were not met:
DenyAnonymousAuthorizationRequirement: Requires an authenticated user.
2024-10-23 11:16:01.887 +02:00 [INF] AuthenticationScheme: Identity.Application was challenged.
2024-10-23 11:16:01.888 +02:00 [INF] Request finished HTTP/1.1 GET http://localhost:5272/Item/Delete/1 - 302 0 null 38.3401ms
2024-10-23 11:16:01.893 +02:00 [INF] Request starting HTTP/1.1 GET http://localhost:5272/Identity/Account/Login?ReturnUrl=%2FItem%2FDelete%2F1 - null null
2024-10-23 11:16:01.895 +02:00 [INF] Executing endpoint '/Account/Login'
2024-10-23 11:16:01.940 +02:00 [INF] Route matched with {page = "/Account/Login", area = "Identity", action = "", controller = ""}. Executing page /Account/Login
2024-10-23 11:16:01.980 +02:00 [INF] Executing handler method GalleryNote.Areas.Identity.Pages.Account.LoginModel.OnGetAsync - ModelState is "Valid"
2024-10-23 11:16:01.984 +02:00 [INF] AuthenticationScheme: Identity.External signed out.
2024-10-23 11:16:01.986 +02:00 [INF] Executed handler method OnGetAsync, returned result .
2024-10-23 11:16:01.993 +02:00 [INF] Executing an implicit handler method - ModelState is "Valid"
2024-10-23 11:16:01.994 +02:00 [INF] Executed an implicit handler method, returned result Microsoft.AspNetCore.Mvc.RazorPages.PageResult.
2024-10-23 11:16:02.091 +02:00 [INF] Executed page /Account/Login in 149.8798ms
2024-10-23 11:16:02.091 +02:00 [INF] Executed endpoint '/Account/Login'
2024-10-23 11:16:02.092 +02:00 [INF] Request finished HTTP/1.1 GET http://localhost:5272/Identity/Account/Login?ReturnUrl=%2FItem%2FDelete%2F1 - 200 null text/html; charset=utf-8 198.1511ms
2024-10-23 11:16:02.120 +02:00 [INF] Request starting HTTP/1.1 GET http://localhost:5272/lib/jquery-validation/dist/jquery.validate.min.js - null null
2024-10-23 11:16:02.120 +02:00 [INF] Request starting HTTP/1.1 GET http://localhost:5272/lib/jquery-validation-unobtrusive/jquery.validate.unobtrusive.min.js - null null
2024-10-23 11:16:02.125 +02:00 [INF] Request finished HTTP/1.1 GET http://localhost:5272/lib/jquery-validation/dist/jquery.validate.min.js - 404 0 null 4.763ms
2024-10-23 11:16:02.125 +02:00 [INF] Request finished HTTP/1.1 GET http://localhost:5272/lib/jquery-validation-unobtrusive/jquery.validate.unobtrusive.min.js - 404 0 null 4.4437ms
2024-10-23 11:16:02.127 +02:00 [INF] Request reached the end of the middleware pipeline without being handled by application code. Request path: GET http://localhost:5272/lib/jquery-validation-unobtrusive/jquery.validate.unobtrusive.min.js, Response status code: 404
2024-10-23 11:16:02.127 +02:00 [INF] Request reached the end of the middleware pipeline without being handled by application code. Request path: GET http://localhost:5272/lib/jquery-validation/dist/jquery.validate.min.js, Response status code: 404
2024-10-23 11:16:13.527 +02:00 [INF] Request starting HTTP/1.1 POST http://localhost:5272/Identity/Account/Login?ReturnUrl=%2FItem%2FDelete%2F1 - application/x-www-form-urlencoded 264
2024-10-23 11:16:13.532 +02:00 [INF] Executing endpoint '/Account/Login'
2024-10-23 11:16:13.533 +02:00 [INF] Route matched with {page = "/Account/Login", area = "Identity", action = "", controller = ""}. Executing page /Account/Login
2024-10-23 11:16:13.556 +02:00 [INF] Executing handler method GalleryNote.Areas.Identity.Pages.Account.LoginModel.OnPostAsync - ModelState is "Valid"
2024-10-23 11:16:13.584 +02:00 [INF] Executed handler method OnPostAsync, returned result Microsoft.AspNetCore.Mvc.RazorPages.PageResult.
2024-10-23 11:16:13.592 +02:00 [INF] Executed page /Account/Login in 58.6183ms
2024-10-23 11:16:13.592 +02:00 [INF] Executed endpoint '/Account/Login'
2024-10-23 11:16:13.592 +02:00 [INF] Request finished HTTP/1.1 POST http://localhost:5272/Identity/Account/Login?ReturnUrl=%2FItem%2FDelete%2F1 - 200 null text/html; charset=utf-8 64.9972ms
2024-10-23 11:16:13.616 +02:00 [INF] Request starting HTTP/1.1 GET http://localhost:5272/lib/jquery-validation/dist/jquery.validate.min.js - null null
2024-10-23 11:16:13.617 +02:00 [INF] Request starting HTTP/1.1 GET http://localhost:5272/lib/jquery-validation-unobtrusive/jquery.validate.unobtrusive.min.js - null null
2024-10-23 11:16:13.619 +02:00 [INF] Request finished HTTP/1.1 GET http://localhost:5272/lib/jquery-validation-unobtrusive/jquery.validate.unobtrusive.min.js - 404 0 null 2.1856ms
2024-10-23 11:16:13.619 +02:00 [INF] Request finished HTTP/1.1 GET http://localhost:5272/lib/jquery-validation/dist/jquery.validate.min.js - 404 0 null 3.5613ms
2024-10-23 11:16:13.619 +02:00 [INF] Request reached the end of the middleware pipeline without being handled by application code. Request path: GET http://localhost:5272/lib/jquery-validation-unobtrusive/jquery.validate.unobtrusive.min.js, Response status code: 404
2024-10-23 11:16:13.619 +02:00 [INF] Request reached the end of the middleware pipeline without being handled by application code. Request path: GET http://localhost:5272/lib/jquery-validation/dist/jquery.validate.min.js, Response status code: 404
2024-10-23 11:16:18.128 +02:00 [INF] Request starting HTTP/1.1 GET http://localhost:5272/Identity/Account/Register - null null
2024-10-23 11:16:18.129 +02:00 [INF] Executing endpoint '/Account/Register'
2024-10-23 11:16:18.151 +02:00 [INF] Route matched with {page = "/Account/Register", area = "Identity", action = "", controller = ""}. Executing page /Account/Register
2024-10-23 11:16:18.155 +02:00 [INF] Executing handler method GalleryNote.Areas.Identity.Pages.Account.RegisterModel.OnGetAsync - ModelState is "Valid"
2024-10-23 11:16:18.158 +02:00 [INF] Executed handler method OnGetAsync, returned result .
2024-10-23 11:16:18.159 +02:00 [INF] Executing an implicit handler method - ModelState is "Valid"
2024-10-23 11:16:18.188 +02:00 [INF] Executed an implicit handler method, returned result Microsoft.AspNetCore.Mvc.RazorPages.PageResult.
2024-10-23 11:16:18.216 +02:00 [INF] Executed page /Account/Register in 64.6499ms
2024-10-23 11:16:18.216 +02:00 [INF] Executed endpoint '/Account/Register'
2024-10-23 11:16:18.216 +02:00 [INF] Request finished HTTP/1.1 GET http://localhost:5272/Identity/Account/Register - 200 null text/html; charset=utf-8 88.2782ms
2024-10-23 11:16:18.233 +02:00 [INF] Request starting HTTP/1.1 GET http://localhost:5272/lib/jquery-validation/dist/jquery.validate.min.js - null null
2024-10-23 11:16:18.234 +02:00 [INF] Request starting HTTP/1.1 GET http://localhost:5272/lib/jquery-validation-unobtrusive/jquery.validate.unobtrusive.min.js - null null
2024-10-23 11:16:18.234 +02:00 [INF] Request finished HTTP/1.1 GET http://localhost:5272/lib/jquery-validation/dist/jquery.validate.min.js - 404 0 null 1.0372ms
2024-10-23 11:16:18.234 +02:00 [INF] Request reached the end of the middleware pipeline without being handled by application code. Request path: GET http://localhost:5272/lib/jquery-validation/dist/jquery.validate.min.js, Response status code: 404
2024-10-23 11:16:18.234 +02:00 [INF] Request finished HTTP/1.1 GET http://localhost:5272/lib/jquery-validation-unobtrusive/jquery.validate.unobtrusive.min.js - 404 0 null 0.816ms
2024-10-23 11:16:18.235 +02:00 [INF] Request reached the end of the middleware pipeline without being handled by application code. Request path: GET http://localhost:5272/lib/jquery-validation-unobtrusive/jquery.validate.unobtrusive.min.js, Response status code: 404
2024-10-23 11:16:32.333 +02:00 [INF] Request starting HTTP/1.1 POST http://localhost:5272/Identity/Account/Register - application/x-www-form-urlencoded 273
2024-10-23 11:16:32.333 +02:00 [INF] Executing endpoint '/Account/Register'
2024-10-23 11:16:32.333 +02:00 [INF] Route matched with {page = "/Account/Register", area = "Identity", action = "", controller = ""}. Executing page /Account/Register
2024-10-23 11:16:32.337 +02:00 [INF] Executing handler method GalleryNote.Areas.Identity.Pages.Account.RegisterModel.OnPostAsync - ModelState is "Valid"
2024-10-23 11:16:32.724 +02:00 [INF] User created a new account with password.
2024-10-23 11:16:32.779 +02:00 [INF] AuthenticationScheme: Identity.Application signed in.
2024-10-23 11:16:32.780 +02:00 [INF] Executed handler method OnPostAsync, returned result Microsoft.AspNetCore.Mvc.LocalRedirectResult.
2024-10-23 11:16:32.782 +02:00 [INF] Executing LocalRedirectResult, redirecting to /.
2024-10-23 11:16:32.783 +02:00 [INF] Executed page /Account/Register in 449.5658ms
2024-10-23 11:16:32.783 +02:00 [INF] Executed endpoint '/Account/Register'
2024-10-23 11:16:32.783 +02:00 [INF] Request finished HTTP/1.1 POST http://localhost:5272/Identity/Account/Register - 302 0 null 450.7368ms
2024-10-23 11:16:32.788 +02:00 [INF] Request starting HTTP/1.1 GET http://localhost:5272/ - null null
2024-10-23 11:16:32.791 +02:00 [INF] Executing endpoint 'GalleryNote.Controllers.HomeController.Index (GalleryNote)'
2024-10-23 11:16:32.791 +02:00 [INF] Route matched with {action = "Index", controller = "Home", page = "", area = ""}. Executing controller action with signature Microsoft.AspNetCore.Mvc.IActionResult Index() on controller GalleryNote.Controllers.HomeController (GalleryNote).
2024-10-23 11:16:32.792 +02:00 [INF] Executing ViewResult, running view Index.
2024-10-23 11:16:32.798 +02:00 [INF] Executed ViewResult - view Index executed in 6.6919ms.
2024-10-23 11:16:32.798 +02:00 [INF] Executed action GalleryNote.Controllers.HomeController.Index (GalleryNote) in 7.0951ms
2024-10-23 11:16:32.799 +02:00 [INF] Executed endpoint 'GalleryNote.Controllers.HomeController.Index (GalleryNote)'
2024-10-23 11:16:32.799 +02:00 [INF] Request finished HTTP/1.1 GET http://localhost:5272/ - 200 null text/html; charset=utf-8 10.9618ms
2024-10-23 11:16:47.755 +02:00 [INF] Request starting HTTP/1.1 GET http://localhost:5272/Item/Table - null null
2024-10-23 11:16:47.758 +02:00 [INF] Executing endpoint 'GalleryNote.Controllers.ItemController.Table (GalleryNote)'
2024-10-23 11:16:47.759 +02:00 [INF] Route matched with {action = "Table", controller = "Item", page = "", area = ""}. Executing controller action with signature System.Threading.Tasks.Task`1[Microsoft.AspNetCore.Mvc.IActionResult] Table() on controller GalleryNote.Controllers.ItemController (GalleryNote).
2024-10-23 11:16:47.765 +02:00 [INF] Executing ViewResult, running view Table.
2024-10-23 11:16:47.771 +02:00 [INF] Executed ViewResult - view Table executed in 5.7578ms.
2024-10-23 11:16:47.772 +02:00 [INF] Executed action GalleryNote.Controllers.ItemController.Table (GalleryNote) in 12.6534ms
2024-10-23 11:16:47.772 +02:00 [INF] Executed endpoint 'GalleryNote.Controllers.ItemController.Table (GalleryNote)'
2024-10-23 11:16:47.772 +02:00 [INF] Request finished HTTP/1.1 GET http://localhost:5272/Item/Table - 200 null text/html; charset=utf-8 17.5896ms
2024-10-23 11:16:49.874 +02:00 [INF] Request starting HTTP/1.1 GET http://localhost:5272/Item/Delete/1 - null null
2024-10-23 11:16:49.878 +02:00 [INF] Authorization failed. These requirements were not met:
DenyAnonymousAuthorizationRequirement: Requires an authenticated user.
2024-10-23 11:16:49.880 +02:00 [INF] AuthenticationScheme: Identity.Application was challenged.
2024-10-23 11:16:49.880 +02:00 [INF] Request finished HTTP/1.1 GET http://localhost:5272/Item/Delete/1 - 302 0 null 5.9394ms
2024-10-23 11:16:49.883 +02:00 [INF] Request starting HTTP/1.1 GET http://localhost:5272/Identity/Account/Login?ReturnUrl=%2FItem%2FDelete%2F1 - null null
2024-10-23 11:16:49.884 +02:00 [INF] Executing endpoint '/Account/Login'
2024-10-23 11:16:49.885 +02:00 [INF] Route matched with {page = "/Account/Login", area = "Identity", action = "", controller = ""}. Executing page /Account/Login
2024-10-23 11:16:49.885 +02:00 [INF] Executing handler method GalleryNote.Areas.Identity.Pages.Account.LoginModel.OnGetAsync - ModelState is "Valid"
2024-10-23 11:16:49.885 +02:00 [INF] AuthenticationScheme: Identity.External signed out.
2024-10-23 11:16:49.885 +02:00 [INF] Executed handler method OnGetAsync, returned result .
2024-10-23 11:16:49.886 +02:00 [INF] Executing an implicit handler method - ModelState is "Valid"
2024-10-23 11:16:49.886 +02:00 [INF] Executed an implicit handler method, returned result Microsoft.AspNetCore.Mvc.RazorPages.PageResult.
2024-10-23 11:16:49.891 +02:00 [INF] Executed page /Account/Login in 6.4423ms
2024-10-23 11:16:49.891 +02:00 [INF] Executed endpoint '/Account/Login'
2024-10-23 11:16:49.892 +02:00 [INF] Request finished HTTP/1.1 GET http://localhost:5272/Identity/Account/Login?ReturnUrl=%2FItem%2FDelete%2F1 - 200 null text/html; charset=utf-8 8.6436ms
2024-10-23 11:16:49.909 +02:00 [INF] Request starting HTTP/1.1 GET http://localhost:5272/lib/jquery-validation/dist/jquery.validate.min.js - null null
2024-10-23 11:16:49.910 +02:00 [INF] Request starting HTTP/1.1 GET http://localhost:5272/lib/jquery-validation-unobtrusive/jquery.validate.unobtrusive.min.js - null null
2024-10-23 11:16:49.910 +02:00 [INF] Request finished HTTP/1.1 GET http://localhost:5272/lib/jquery-validation/dist/jquery.validate.min.js - 404 0 null 1.531ms
2024-10-23 11:16:49.911 +02:00 [INF] Request reached the end of the middleware pipeline without being handled by application code. Request path: GET http://localhost:5272/lib/jquery-validation/dist/jquery.validate.min.js, Response status code: 404
2024-10-23 11:16:49.911 +02:00 [INF] Request finished HTTP/1.1 GET http://localhost:5272/lib/jquery-validation-unobtrusive/jquery.validate.unobtrusive.min.js - 404 0 null 0.9704ms
2024-10-23 11:16:49.911 +02:00 [INF] Request reached the end of the middleware pipeline without being handled by application code. Request path: GET http://localhost:5272/lib/jquery-validation-unobtrusive/jquery.validate.unobtrusive.min.js, Response status code: 404
2024-10-23 11:16:57.164 +02:00 [INF] Request starting HTTP/1.1 POST http://localhost:5272/Identity/Account/Login?ReturnUrl=%2FItem%2FDelete%2F1 - application/x-www-form-urlencoded 307
2024-10-23 11:16:57.165 +02:00 [INF] Executing endpoint '/Account/Login'
2024-10-23 11:16:57.166 +02:00 [INF] Route matched with {page = "/Account/Login", area = "Identity", action = "", controller = ""}. Executing page /Account/Login
2024-10-23 11:16:57.168 +02:00 [INF] Executing handler method GalleryNote.Areas.Identity.Pages.Account.LoginModel.OnPostAsync - ModelState is "Valid"
2024-10-23 11:16:57.368 +02:00 [INF] AuthenticationScheme: Identity.Application signed in.
2024-10-23 11:16:57.368 +02:00 [INF] User logged in.
2024-10-23 11:16:57.369 +02:00 [INF] Executed handler method OnPostAsync, returned result Microsoft.AspNetCore.Mvc.LocalRedirectResult.
2024-10-23 11:16:57.369 +02:00 [INF] Executing LocalRedirectResult, redirecting to /Item/Delete/1.
2024-10-23 11:16:57.369 +02:00 [INF] Executed page /Account/Login in 203.5003ms
2024-10-23 11:16:57.370 +02:00 [INF] Executed endpoint '/Account/Login'
2024-10-23 11:16:57.370 +02:00 [INF] Request finished HTTP/1.1 POST http://localhost:5272/Identity/Account/Login?ReturnUrl=%2FItem%2FDelete%2F1 - 302 0 null 206.6316ms
2024-10-23 11:16:57.373 +02:00 [INF] Request starting HTTP/1.1 GET http://localhost:5272/Item/Delete/1 - null null
2024-10-23 11:16:57.388 +02:00 [INF] Authorization failed. These requirements were not met:
DenyAnonymousAuthorizationRequirement: Requires an authenticated user.
2024-10-23 11:16:57.389 +02:00 [INF] AuthenticationScheme: Identity.Application was challenged.
2024-10-23 11:16:57.389 +02:00 [INF] Request finished HTTP/1.1 GET http://localhost:5272/Item/Delete/1 - 302 0 null 15.7929ms
2024-10-23 11:16:57.394 +02:00 [INF] Request starting HTTP/1.1 GET http://localhost:5272/Identity/Account/Login?ReturnUrl=%2FItem%2FDelete%2F1 - null null
2024-10-23 11:16:57.395 +02:00 [INF] Executing endpoint '/Account/Login'
2024-10-23 11:16:57.395 +02:00 [INF] Route matched with {page = "/Account/Login", area = "Identity", action = "", controller = ""}. Executing page /Account/Login
2024-10-23 11:16:57.396 +02:00 [INF] Executing handler method GalleryNote.Areas.Identity.Pages.Account.LoginModel.OnGetAsync - ModelState is "Valid"
2024-10-23 11:16:57.396 +02:00 [INF] AuthenticationScheme: Identity.External signed out.
2024-10-23 11:16:57.396 +02:00 [INF] Executed handler method OnGetAsync, returned result .
2024-10-23 11:16:57.397 +02:00 [INF] Executing an implicit handler method - ModelState is "Valid"
2024-10-23 11:16:57.397 +02:00 [INF] Executed an implicit handler method, returned result Microsoft.AspNetCore.Mvc.RazorPages.PageResult.
2024-10-23 11:16:57.400 +02:00 [INF] Executed page /Account/Login in 4.3934ms
2024-10-23 11:16:57.400 +02:00 [INF] Executed endpoint '/Account/Login'
2024-10-23 11:16:57.400 +02:00 [INF] Request finished HTTP/1.1 GET http://localhost:5272/Identity/Account/Login?ReturnUrl=%2FItem%2FDelete%2F1 - 200 null text/html; charset=utf-8 6.6516ms
2024-10-23 11:16:57.419 +02:00 [INF] Request starting HTTP/1.1 GET http://localhost:5272/lib/jquery-validation/dist/jquery.validate.min.js - null null
2024-10-23 11:16:57.420 +02:00 [INF] Request starting HTTP/1.1 GET http://localhost:5272/lib/jquery-validation-unobtrusive/jquery.validate.unobtrusive.min.js - null null
2024-10-23 11:16:57.421 +02:00 [INF] Request finished HTTP/1.1 GET http://localhost:5272/lib/jquery-validation/dist/jquery.validate.min.js - 404 0 null 1.5961ms
2024-10-23 11:16:57.421 +02:00 [INF] Request reached the end of the middleware pipeline without being handled by application code. Request path: GET http://localhost:5272/lib/jquery-validation/dist/jquery.validate.min.js, Response status code: 404
2024-10-23 11:16:57.422 +02:00 [INF] Request finished HTTP/1.1 GET http://localhost:5272/lib/jquery-validation-unobtrusive/jquery.validate.unobtrusive.min.js - 404 0 null 2.3955ms
2024-10-23 11:16:57.423 +02:00 [INF] Request reached the end of the middleware pipeline without being handled by application code. Request path: GET http://localhost:5272/lib/jquery-validation-unobtrusive/jquery.validate.unobtrusive.min.js, Response status code: 404
2024-10-23 11:17:00.447 +02:00 [INF] Request starting HTTP/1.1 GET http://localhost:5272/Item/Table - null null
2024-10-23 11:17:00.448 +02:00 [INF] Executing endpoint 'GalleryNote.Controllers.ItemController.Table (GalleryNote)'
2024-10-23 11:17:00.449 +02:00 [INF] Route matched with {action = "Table", controller = "Item", page = "", area = ""}. Executing controller action with signature System.Threading.Tasks.Task`1[Microsoft.AspNetCore.Mvc.IActionResult] Table() on controller GalleryNote.Controllers.ItemController (GalleryNote).
2024-10-23 11:17:00.453 +02:00 [INF] Executing ViewResult, running view Table.
2024-10-23 11:17:00.455 +02:00 [INF] Executed ViewResult - view Table executed in 2.8442ms.
2024-10-23 11:17:00.456 +02:00 [INF] Executed action GalleryNote.Controllers.ItemController.Table (GalleryNote) in 6.8683ms
2024-10-23 11:17:00.456 +02:00 [INF] Executed endpoint 'GalleryNote.Controllers.ItemController.Table (GalleryNote)'
2024-10-23 11:17:00.456 +02:00 [INF] Request finished HTTP/1.1 GET http://localhost:5272/Item/Table - 200 null text/html; charset=utf-8 9.1204ms
2024-10-23 11:17:02.157 +02:00 [INF] Request starting HTTP/1.1 GET http://localhost:5272/Item/Delete/1 - null null
2024-10-23 11:17:02.157 +02:00 [INF] Authorization failed. These requirements were not met:
DenyAnonymousAuthorizationRequirement: Requires an authenticated user.
2024-10-23 11:17:02.158 +02:00 [INF] AuthenticationScheme: Identity.Application was challenged.
2024-10-23 11:17:02.158 +02:00 [INF] Request finished HTTP/1.1 GET http://localhost:5272/Item/Delete/1 - 302 0 null 0.7521ms
2024-10-23 11:17:02.165 +02:00 [INF] Request starting HTTP/1.1 GET http://localhost:5272/Identity/Account/Login?ReturnUrl=%2FItem%2FDelete%2F1 - null null
2024-10-23 11:17:02.167 +02:00 [INF] Executing endpoint '/Account/Login'
2024-10-23 11:17:02.167 +02:00 [INF] Route matched with {page = "/Account/Login", area = "Identity", action = "", controller = ""}. Executing page /Account/Login
2024-10-23 11:17:02.167 +02:00 [INF] Executing handler method GalleryNote.Areas.Identity.Pages.Account.LoginModel.OnGetAsync - ModelState is "Valid"
2024-10-23 11:17:02.168 +02:00 [INF] AuthenticationScheme: Identity.External signed out.
2024-10-23 11:17:02.168 +02:00 [INF] Executed handler method OnGetAsync, returned result .
2024-10-23 11:17:02.168 +02:00 [INF] Executing an implicit handler method - ModelState is "Valid"
2024-10-23 11:17:02.168 +02:00 [INF] Executed an implicit handler method, returned result Microsoft.AspNetCore.Mvc.RazorPages.PageResult.
2024-10-23 11:17:02.170 +02:00 [INF] Executed page /Account/Login in 3.1658ms
2024-10-23 11:17:02.171 +02:00 [INF] Executed endpoint '/Account/Login'
2024-10-23 11:17:02.172 +02:00 [INF] Request finished HTTP/1.1 GET http://localhost:5272/Identity/Account/Login?ReturnUrl=%2FItem%2FDelete%2F1 - 200 null text/html; charset=utf-8 6.9279ms
2024-10-23 11:17:02.192 +02:00 [INF] Request starting HTTP/1.1 GET http://localhost:5272/lib/jquery-validation/dist/jquery.validate.min.js - null null
2024-10-23 11:17:02.192 +02:00 [INF] Request starting HTTP/1.1 GET http://localhost:5272/lib/jquery-validation-unobtrusive/jquery.validate.unobtrusive.min.js - null null
2024-10-23 11:17:02.193 +02:00 [INF] Request finished HTTP/1.1 GET http://localhost:5272/lib/jquery-validation/dist/jquery.validate.min.js - 404 0 null 1.5091ms
2024-10-23 11:17:02.193 +02:00 [INF] Request reached the end of the middleware pipeline without being handled by application code. Request path: GET http://localhost:5272/lib/jquery-validation/dist/jquery.validate.min.js, Response status code: 404
2024-10-23 11:17:02.193 +02:00 [INF] Request finished HTTP/1.1 GET http://localhost:5272/lib/jquery-validation-unobtrusive/jquery.validate.unobtrusive.min.js - 404 0 null 1.0211ms
2024-10-23 11:17:02.193 +02:00 [INF] Request reached the end of the middleware pipeline without being handled by application code. Request path: GET http://localhost:5272/lib/jquery-validation-unobtrusive/jquery.validate.unobtrusive.min.js, Response status code: 404
2024-10-23 11:17:07.776 +02:00 [INF] Request starting HTTP/1.1 GET http://localhost:5272/Customer/Table - null null
2024-10-23 11:17:07.780 +02:00 [INF] Executing endpoint 'GalleryNote.Controllers.CustomerController.Table (GalleryNote)'
2024-10-23 11:17:07.790 +02:00 [INF] Route matched with {action = "Table", controller = "Customer", page = "", area = ""}. Executing controller action with signature System.Threading.Tasks.Task`1[Microsoft.AspNetCore.Mvc.IActionResult] Table() on controller GalleryNote.Controllers.CustomerController (GalleryNote).
2024-10-23 11:17:07.827 +02:00 [INF] Executing ViewResult, running view Table.
2024-10-23 11:17:07.917 +02:00 [INF] Executed ViewResult - view Table executed in 93.8057ms.
2024-10-23 11:17:07.917 +02:00 [INF] Executed action GalleryNote.Controllers.CustomerController.Table (GalleryNote) in 126.9336ms
2024-10-23 11:17:07.918 +02:00 [INF] Executed endpoint 'GalleryNote.Controllers.CustomerController.Table (GalleryNote)'
2024-10-23 11:17:07.918 +02:00 [INF] Request finished HTTP/1.1 GET http://localhost:5272/Customer/Table - 200 null text/html; charset=utf-8 142.7428ms
2024-10-23 11:17:09.387 +02:00 [INF] Request starting HTTP/1.1 GET http://localhost:5272/Order/Table - null null
2024-10-23 11:17:09.387 +02:00 [INF] Executing endpoint 'GalleryNote.Controllers.OrderController.Table (GalleryNote)'
2024-10-23 11:17:09.392 +02:00 [INF] Route matched with {action = "Table", controller = "Order", page = "", area = ""}. Executing controller action with signature System.Threading.Tasks.Task`1[Microsoft.AspNetCore.Mvc.IActionResult] Table() on controller GalleryNote.Controllers.OrderController (GalleryNote).
2024-10-23 11:17:09.400 +02:00 [INF] Executing ViewResult, running view Table.
2024-10-23 11:17:09.473 +02:00 [INF] Executed ViewResult - view Table executed in 73.0566ms.
2024-10-23 11:17:09.473 +02:00 [INF] Executed action GalleryNote.Controllers.OrderController.Table (GalleryNote) in 81.4556ms
2024-10-23 11:17:09.473 +02:00 [INF] Executed endpoint 'GalleryNote.Controllers.OrderController.Table (GalleryNote)'
2024-10-23 11:17:09.474 +02:00 [INF] Request finished HTTP/1.1 GET http://localhost:5272/Order/Table - 200 null text/html; charset=utf-8 87.125ms
2024-10-23 11:17:10.741 +02:00 [INF] Request starting HTTP/1.1 GET http://localhost:5272/Item/Table - null null
2024-10-23 11:17:10.744 +02:00 [INF] Executing endpoint 'GalleryNote.Controllers.ItemController.Table (GalleryNote)'
2024-10-23 11:17:10.745 +02:00 [INF] Route matched with {action = "Table", controller = "Item", page = "", area = ""}. Executing controller action with signature System.Threading.Tasks.Task`1[Microsoft.AspNetCore.Mvc.IActionResult] Table() on controller GalleryNote.Controllers.ItemController (GalleryNote).
2024-10-23 11:17:10.751 +02:00 [INF] Executing ViewResult, running view Table.
2024-10-23 11:17:10.755 +02:00 [INF] Executed ViewResult - view Table executed in 4.0747ms.
2024-10-23 11:17:10.756 +02:00 [INF] Executed action GalleryNote.Controllers.ItemController.Table (GalleryNote) in 11.0667ms
2024-10-23 11:17:10.756 +02:00 [INF] Executed endpoint 'GalleryNote.Controllers.ItemController.Table (GalleryNote)'
2024-10-23 11:17:10.757 +02:00 [INF] Request finished HTTP/1.1 GET http://localhost:5272/Item/Table - 200 null text/html; charset=utf-8 15.9282ms
2024-10-23 11:17:12.808 +02:00 [INF] Request starting HTTP/1.1 GET http://localhost:5272/Item/Details/2 - null null
2024-10-23 11:17:12.811 +02:00 [INF] Executing endpoint 'GalleryNote.Controllers.ItemController.Details (GalleryNote)'
2024-10-23 11:17:12.826 +02:00 [INF] Route matched with {action = "Details", controller = "Item", page = "", area = ""}. Executing controller action with signature System.Threading.Tasks.Task`1[Microsoft.AspNetCore.Mvc.IActionResult] Details(Int32) on controller GalleryNote.Controllers.ItemController (GalleryNote).
2024-10-23 11:17:12.858 +02:00 [INF] Executing ViewResult, running view Details.
2024-10-23 11:17:12.865 +02:00 [INF] Executed ViewResult - view Details executed in 10.43ms.
2024-10-23 11:17:12.865 +02:00 [INF] Executed action GalleryNote.Controllers.ItemController.Details (GalleryNote) in 39.2647ms
2024-10-23 11:17:12.865 +02:00 [INF] Executed endpoint 'GalleryNote.Controllers.ItemController.Details (GalleryNote)'
2024-10-23 11:17:12.866 +02:00 [INF] Request finished HTTP/1.1 GET http://localhost:5272/Item/Details/2 - 200 null text/html; charset=utf-8 57.7133ms
2024-10-23 11:17:15.648 +02:00 [INF] Request starting HTTP/1.1 GET http://localhost:5272/Item/Grid - null null
2024-10-23 11:17:15.650 +02:00 [INF] Executing endpoint 'GalleryNote.Controllers.ItemController.Grid (GalleryNote)'
2024-10-23 11:17:15.664 +02:00 [INF] Route matched with {action = "Grid", controller = "Item", page = "", area = ""}. Executing controller action with signature System.Threading.Tasks.Task`1[Microsoft.AspNetCore.Mvc.IActionResult] Grid() on controller GalleryNote.Controllers.ItemController (GalleryNote).
2024-10-23 11:17:15.676 +02:00 [INF] Executing ViewResult, running view Grid.
2024-10-23 11:17:15.704 +02:00 [INF] Executed ViewResult - view Grid executed in 30.3423ms.
2024-10-23 11:17:15.705 +02:00 [INF] Executed action GalleryNote.Controllers.ItemController.Grid (GalleryNote) in 40.4673ms
2024-10-23 11:17:15.705 +02:00 [INF] Executed endpoint 'GalleryNote.Controllers.ItemController.Grid (GalleryNote)'
2024-10-23 11:17:15.706 +02:00 [INF] Request finished HTTP/1.1 GET http://localhost:5272/Item/Grid - 200 null text/html; charset=utf-8 58.1551ms
2024-10-23 11:17:20.138 +02:00 [INF] Request starting HTTP/1.1 GET http://localhost:5272/Item/Table - null null
2024-10-23 11:17:20.139 +02:00 [INF] Executing endpoint 'GalleryNote.Controllers.ItemController.Table (GalleryNote)'
2024-10-23 11:17:20.139 +02:00 [INF] Route matched with {action = "Table", controller = "Item", page = "", area = ""}. Executing controller action with signature System.Threading.Tasks.Task`1[Microsoft.AspNetCore.Mvc.IActionResult] Table() on controller GalleryNote.Controllers.ItemController (GalleryNote).
2024-10-23 11:17:20.140 +02:00 [INF] Executing ViewResult, running view Table.
2024-10-23 11:17:20.142 +02:00 [INF] Executed ViewResult - view Table executed in 1.6937ms.
2024-10-23 11:17:20.142 +02:00 [INF] Executed action GalleryNote.Controllers.ItemController.Table (GalleryNote) in 3.4978ms
2024-10-23 11:17:20.142 +02:00 [INF] Executed endpoint 'GalleryNote.Controllers.ItemController.Table (GalleryNote)'
2024-10-23 11:17:20.143 +02:00 [INF] Request finished HTTP/1.1 GET http://localhost:5272/Item/Table - 200 null text/html; charset=utf-8 4.8736ms
2024-10-23 11:17:20.880 +02:00 [INF] Request starting HTTP/1.1 GET http://localhost:5272/Item/Grid - null null
2024-10-23 11:17:20.880 +02:00 [INF] Executing endpoint 'GalleryNote.Controllers.ItemController.Grid (GalleryNote)'
2024-10-23 11:17:20.881 +02:00 [INF] Route matched with {action = "Grid", controller = "Item", page = "", area = ""}. Executing controller action with signature System.Threading.Tasks.Task`1[Microsoft.AspNetCore.Mvc.IActionResult] Grid() on controller GalleryNote.Controllers.ItemController (GalleryNote).
2024-10-23 11:17:20.882 +02:00 [INF] Executing ViewResult, running view Grid.
2024-10-23 11:17:20.884 +02:00 [INF] Executed ViewResult - view Grid executed in 1.6974ms.
2024-10-23 11:17:20.884 +02:00 [INF] Executed action GalleryNote.Controllers.ItemController.Grid (GalleryNote) in 3.612ms
2024-10-23 11:17:20.884 +02:00 [INF] Executed endpoint 'GalleryNote.Controllers.ItemController.Grid (GalleryNote)'
2024-10-23 11:17:20.885 +02:00 [INF] Request finished HTTP/1.1 GET http://localhost:5272/Item/Grid - 200 null text/html; charset=utf-8 5ms
2024-10-23 11:17:23.428 +02:00 [INF] Request starting HTTP/1.1 GET http://localhost:5272/Item/Details/6 - null null
2024-10-23 11:17:23.429 +02:00 [INF] Executing endpoint 'GalleryNote.Controllers.ItemController.Details (GalleryNote)'
2024-10-23 11:17:23.429 +02:00 [INF] Route matched with {action = "Details", controller = "Item", page = "", area = ""}. Executing controller action with signature System.Threading.Tasks.Task`1[Microsoft.AspNetCore.Mvc.IActionResult] Details(Int32) on controller GalleryNote.Controllers.ItemController (GalleryNote).
2024-10-23 11:17:23.432 +02:00 [INF] Executing ViewResult, running view Details.
2024-10-23 11:17:23.433 +02:00 [INF] Executed ViewResult - view Details executed in 1.5002ms.
2024-10-23 11:17:23.433 +02:00 [INF] Executed action GalleryNote.Controllers.ItemController.Details (GalleryNote) in 3.9611ms
2024-10-23 11:17:23.433 +02:00 [INF] Executed endpoint 'GalleryNote.Controllers.ItemController.Details (GalleryNote)'
2024-10-23 11:17:23.434 +02:00 [INF] Request finished HTTP/1.1 GET http://localhost:5272/Item/Details/6 - 200 null text/html; charset=utf-8 5.5197ms
2024-10-23 11:17:24.989 +02:00 [INF] Request starting HTTP/1.1 GET http://localhost:5272/Item/Grid - null null
2024-10-23 11:17:24.991 +02:00 [INF] Executing endpoint 'GalleryNote.Controllers.ItemController.Grid (GalleryNote)'
2024-10-23 11:17:24.991 +02:00 [INF] Route matched with {action = "Grid", controller = "Item", page = "", area = ""}. Executing controller action with signature System.Threading.Tasks.Task`1[Microsoft.AspNetCore.Mvc.IActionResult] Grid() on controller GalleryNote.Controllers.ItemController (GalleryNote).
2024-10-23 11:17:24.995 +02:00 [INF] Executing ViewResult, running view Grid.
2024-10-23 11:17:24.998 +02:00 [INF] Executed ViewResult - view Grid executed in 3.5119ms.
2024-10-23 11:17:24.999 +02:00 [INF] Executed action GalleryNote.Controllers.ItemController.Grid (GalleryNote) in 7.4223ms
2024-10-23 11:17:24.999 +02:00 [INF] Executed endpoint 'GalleryNote.Controllers.ItemController.Grid (GalleryNote)'
2024-10-23 11:17:25.000 +02:00 [INF] Request finished HTTP/1.1 GET http://localhost:5272/Item/Grid - 200 null text/html; charset=utf-8 10.6538ms
2024-10-23 11:17:28.602 +02:00 [INF] Request starting HTTP/1.1 GET http://localhost:5272/Item/Table - null null
2024-10-23 11:17:28.603 +02:00 [INF] Executing endpoint 'GalleryNote.Controllers.ItemController.Table (GalleryNote)'
2024-10-23 11:17:28.603 +02:00 [INF] Route matched with {action = "Table", controller = "Item", page = "", area = ""}. Executing controller action with signature System.Threading.Tasks.Task`1[Microsoft.AspNetCore.Mvc.IActionResult] Table() on controller GalleryNote.Controllers.ItemController (GalleryNote).
2024-10-23 11:17:28.605 +02:00 [INF] Executing ViewResult, running view Table.
2024-10-23 11:17:28.606 +02:00 [INF] Executed ViewResult - view Table executed in 1.6487ms.
2024-10-23 11:17:28.607 +02:00 [INF] Executed action GalleryNote.Controllers.ItemController.Table (GalleryNote) in 3.1587ms
2024-10-23 11:17:28.607 +02:00 [INF] Executed endpoint 'GalleryNote.Controllers.ItemController.Table (GalleryNote)'
2024-10-23 11:17:28.607 +02:00 [INF] Request finished HTTP/1.1 GET http://localhost:5272/Item/Table - 200 null text/html; charset=utf-8 4.8124ms
2024-10-23 11:17:30.380 +02:00 [INF] Request starting HTTP/1.1 GET http://localhost:5272/Item/Delete/1 - null null
2024-10-23 11:17:30.382 +02:00 [INF] Authorization failed. These requirements were not met:
DenyAnonymousAuthorizationRequirement: Requires an authenticated user.
2024-10-23 11:17:30.383 +02:00 [INF] AuthenticationScheme: Identity.Application was challenged.
2024-10-23 11:17:30.383 +02:00 [INF] Request finished HTTP/1.1 GET http://localhost:5272/Item/Delete/1 - 302 0 null 2.7136ms
2024-10-23 11:17:30.398 +02:00 [INF] Request starting HTTP/1.1 GET http://localhost:5272/Identity/Account/Login?ReturnUrl=%2FItem%2FDelete%2F1 - null null
2024-10-23 11:17:30.400 +02:00 [INF] Executing endpoint '/Account/Login'
2024-10-23 11:17:30.400 +02:00 [INF] Route matched with {page = "/Account/Login", area = "Identity", action = "", controller = ""}. Executing page /Account/Login
2024-10-23 11:17:30.401 +02:00 [INF] Executing handler method GalleryNote.Areas.Identity.Pages.Account.LoginModel.OnGetAsync - ModelState is "Valid"
2024-10-23 11:17:30.401 +02:00 [INF] AuthenticationScheme: Identity.External signed out.
2024-10-23 11:17:30.401 +02:00 [INF] Executed handler method OnGetAsync, returned result .
2024-10-23 11:17:30.402 +02:00 [INF] Executing an implicit handler method - ModelState is "Valid"
2024-10-23 11:17:30.402 +02:00 [INF] Executed an implicit handler method, returned result Microsoft.AspNetCore.Mvc.RazorPages.PageResult.
2024-10-23 11:17:30.405 +02:00 [INF] Executed page /Account/Login in 4.9959ms
2024-10-23 11:17:30.405 +02:00 [INF] Executed endpoint '/Account/Login'
2024-10-23 11:17:30.406 +02:00 [INF] Request finished HTTP/1.1 GET http://localhost:5272/Identity/Account/Login?ReturnUrl=%2FItem%2FDelete%2F1 - 200 null text/html; charset=utf-8 7.424ms
2024-10-23 11:17:30.428 +02:00 [INF] Request starting HTTP/1.1 GET http://localhost:5272/lib/jquery-validation/dist/jquery.validate.min.js - null null
2024-10-23 11:17:30.430 +02:00 [INF] Request finished HTTP/1.1 GET http://localhost:5272/lib/jquery-validation/dist/jquery.validate.min.js - 404 0 null 1.5196ms
2024-10-23 11:17:30.430 +02:00 [INF] Request reached the end of the middleware pipeline without being handled by application code. Request path: GET http://localhost:5272/lib/jquery-validation/dist/jquery.validate.min.js, Response status code: 404
2024-10-23 11:17:30.437 +02:00 [INF] Request starting HTTP/1.1 GET http://localhost:5272/lib/jquery-validation-unobtrusive/jquery.validate.unobtrusive.min.js - null null
2024-10-23 11:17:30.440 +02:00 [INF] Request finished HTTP/1.1 GET http://localhost:5272/lib/jquery-validation-unobtrusive/jquery.validate.unobtrusive.min.js - 404 0 null 2.6048ms
2024-10-23 11:17:30.440 +02:00 [INF] Request reached the end of the middleware pipeline without being handled by application code. Request path: GET http://localhost:5272/lib/jquery-validation-unobtrusive/jquery.validate.unobtrusive.min.js, Response status code: 404
2024-10-23 11:17:32.624 +02:00 [INF] Request starting HTTP/1.1 GET http://localhost:5272/Item/Table - null null
2024-10-23 11:17:32.626 +02:00 [INF] Executing endpoint 'GalleryNote.Controllers.ItemController.Table (GalleryNote)'
2024-10-23 11:17:32.626 +02:00 [INF] Route matched with {action = "Table", controller = "Item", page = "", area = ""}. Executing controller action with signature System.Threading.Tasks.Task`1[Microsoft.AspNetCore.Mvc.IActionResult] Table() on controller GalleryNote.Controllers.ItemController (GalleryNote).
2024-10-23 11:17:32.630 +02:00 [INF] Executing ViewResult, running view Table.
2024-10-23 11:17:32.633 +02:00 [INF] Executed ViewResult - view Table executed in 2.5496ms.
2024-10-23 11:17:32.633 +02:00 [INF] Executed action GalleryNote.Controllers.ItemController.Table (GalleryNote) in 6.8288ms
2024-10-23 11:17:32.633 +02:00 [INF] Executed endpoint 'GalleryNote.Controllers.ItemController.Table (GalleryNote)'
2024-10-23 11:17:32.634 +02:00 [INF] Request finished HTTP/1.1 GET http://localhost:5272/Item/Table - 200 null text/html; charset=utf-8 9.7578ms
2024-10-23 11:17:34.403 +02:00 [INF] Request starting HTTP/1.1 GET http://localhost:5272/Item/Update/1 - null null
2024-10-23 11:17:34.404 +02:00 [INF] Authorization failed. These requirements were not met:
DenyAnonymousAuthorizationRequirement: Requires an authenticated user.
2024-10-23 11:17:34.404 +02:00 [INF] AuthenticationScheme: Identity.Application was challenged.
2024-10-23 11:17:34.404 +02:00 [INF] Request finished HTTP/1.1 GET http://localhost:5272/Item/Update/1 - 302 0 null 1.388ms
2024-10-23 11:17:34.411 +02:00 [INF] Request starting HTTP/1.1 GET http://localhost:5272/Identity/Account/Login?ReturnUrl=%2FItem%2FUpdate%2F1 - null null
2024-10-23 11:17:34.412 +02:00 [INF] Executing endpoint '/Account/Login'
2024-10-23 11:17:34.413 +02:00 [INF] Route matched with {page = "/Account/Login", area = "Identity", action = "", controller = ""}. Executing page /Account/Login
2024-10-23 11:17:34.413 +02:00 [INF] Executing handler method GalleryNote.Areas.Identity.Pages.Account.LoginModel.OnGetAsync - ModelState is "Valid"
2024-10-23 11:17:34.413 +02:00 [INF] AuthenticationScheme: Identity.External signed out.
2024-10-23 11:17:34.413 +02:00 [INF] Executed handler method OnGetAsync, returned result .
2024-10-23 11:17:34.413 +02:00 [INF] Executing an implicit handler method - ModelState is "Valid"
2024-10-23 11:17:34.413 +02:00 [INF] Executed an implicit handler method, returned result Microsoft.AspNetCore.Mvc.RazorPages.PageResult.
2024-10-23 11:17:34.415 +02:00 [INF] Executed page /Account/Login in 2.3855ms
2024-10-23 11:17:34.415 +02:00 [INF] Executed endpoint '/Account/Login'
2024-10-23 11:17:34.415 +02:00 [INF] Request finished HTTP/1.1 GET http://localhost:5272/Identity/Account/Login?ReturnUrl=%2FItem%2FUpdate%2F1 - 200 null text/html; charset=utf-8 4.1371ms
2024-10-23 11:17:34.430 +02:00 [INF] Request starting HTTP/1.1 GET http://localhost:5272/lib/jquery-validation/dist/jquery.validate.min.js - null null
2024-10-23 11:17:34.430 +02:00 [INF] Request starting HTTP/1.1 GET http://localhost:5272/lib/jquery-validation-unobtrusive/jquery.validate.unobtrusive.min.js - null null
2024-10-23 11:17:34.431 +02:00 [INF] Request finished HTTP/1.1 GET http://localhost:5272/lib/jquery-validation/dist/jquery.validate.min.js - 404 0 null 1.0079ms
2024-10-23 11:17:34.431 +02:00 [INF] Request finished HTTP/1.1 GET http://localhost:5272/lib/jquery-validation-unobtrusive/jquery.validate.unobtrusive.min.js - 404 0 null 0.839ms
2024-10-23 11:17:34.431 +02:00 [INF] Request reached the end of the middleware pipeline without being handled by application code. Request path: GET http://localhost:5272/lib/jquery-validation/dist/jquery.validate.min.js, Response status code: 404
2024-10-23 11:17:34.431 +02:00 [INF] Request reached the end of the middleware pipeline without being handled by application code. Request path: GET http://localhost:5272/lib/jquery-validation-unobtrusive/jquery.validate.unobtrusive.min.js, Response status code: 404
2024-10-23 11:17:43.558 +02:00 [INF] Request starting HTTP/1.1 POST http://localhost:5272/Identity/Account/Login?ReturnUrl=%2FItem%2FUpdate%2F1 - application/x-www-form-urlencoded 307
2024-10-23 11:17:43.559 +02:00 [INF] Executing endpoint '/Account/Login'
2024-10-23 11:17:43.559 +02:00 [INF] Route matched with {page = "/Account/Login", area = "Identity", action = "", controller = ""}. Executing page /Account/Login
2024-10-23 11:17:43.560 +02:00 [INF] Executing handler method GalleryNote.Areas.Identity.Pages.Account.LoginModel.OnPostAsync - ModelState is "Valid"
2024-10-23 11:17:43.727 +02:00 [INF] AuthenticationScheme: Identity.Application signed in.
2024-10-23 11:17:43.728 +02:00 [INF] User logged in.
2024-10-23 11:17:43.728 +02:00 [INF] Executed handler method OnPostAsync, returned result Microsoft.AspNetCore.Mvc.LocalRedirectResult.
2024-10-23 11:17:43.728 +02:00 [INF] Executing LocalRedirectResult, redirecting to /Item/Update/1.
2024-10-23 11:17:43.729 +02:00 [INF] Executed page /Account/Login in 169.7216ms
2024-10-23 11:17:43.729 +02:00 [INF] Executed endpoint '/Account/Login'
2024-10-23 11:17:43.731 +02:00 [INF] Request finished HTTP/1.1 POST http://localhost:5272/Identity/Account/Login?ReturnUrl=%2FItem%2FUpdate%2F1 - 302 0 null 172.4755ms
2024-10-23 11:17:43.734 +02:00 [INF] Request starting HTTP/1.1 GET http://localhost:5272/Item/Update/1 - null null
2024-10-23 11:17:43.735 +02:00 [INF] Authorization failed. These requirements were not met:
DenyAnonymousAuthorizationRequirement: Requires an authenticated user.
2024-10-23 11:17:43.735 +02:00 [INF] AuthenticationScheme: Identity.Application was challenged.
2024-10-23 11:17:43.735 +02:00 [INF] Request finished HTTP/1.1 GET http://localhost:5272/Item/Update/1 - 302 0 null 0.7645ms
2024-10-23 11:17:43.738 +02:00 [INF] Request starting HTTP/1.1 GET http://localhost:5272/Identity/Account/Login?ReturnUrl=%2FItem%2FUpdate%2F1 - null null
2024-10-23 11:17:43.739 +02:00 [INF] Executing endpoint '/Account/Login'
2024-10-23 11:17:43.739 +02:00 [INF] Route matched with {page = "/Account/Login", area = "Identity", action = "", controller = ""}. Executing page /Account/Login
2024-10-23 11:17:43.739 +02:00 [INF] Executing handler method GalleryNote.Areas.Identity.Pages.Account.LoginModel.OnGetAsync - ModelState is "Valid"
2024-10-23 11:17:43.739 +02:00 [INF] AuthenticationScheme: Identity.External signed out.
2024-10-23 11:17:43.739 +02:00 [INF] Executed handler method OnGetAsync, returned result .
2024-10-23 11:17:43.739 +02:00 [INF] Executing an implicit handler method - ModelState is "Valid"
2024-10-23 11:17:43.739 +02:00 [INF] Executed an implicit handler method, returned result Microsoft.AspNetCore.Mvc.RazorPages.PageResult.
2024-10-23 11:17:43.741 +02:00 [INF] Executed page /Account/Login in 1.8137ms
2024-10-23 11:17:43.741 +02:00 [INF] Executed endpoint '/Account/Login'
2024-10-23 11:17:43.741 +02:00 [INF] Request finished HTTP/1.1 GET http://localhost:5272/Identity/Account/Login?ReturnUrl=%2FItem%2FUpdate%2F1 - 200 null text/html; charset=utf-8 2.7771ms
2024-10-23 11:17:43.759 +02:00 [INF] Request starting HTTP/1.1 GET http://localhost:5272/lib/jquery-validation/dist/jquery.validate.min.js - null null
2024-10-23 11:17:43.760 +02:00 [INF] Request finished HTTP/1.1 GET http://localhost:5272/lib/jquery-validation/dist/jquery.validate.min.js - 404 0 null 1.2013ms
2024-10-23 11:17:43.760 +02:00 [INF] Request starting HTTP/1.1 GET http://localhost:5272/lib/jquery-validation-unobtrusive/jquery.validate.unobtrusive.min.js - null null
2024-10-23 11:17:43.760 +02:00 [INF] Request reached the end of the middleware pipeline without being handled by application code. Request path: GET http://localhost:5272/lib/jquery-validation/dist/jquery.validate.min.js, Response status code: 404
2024-10-23 11:17:43.761 +02:00 [INF] Request finished HTTP/1.1 GET http://localhost:5272/lib/jquery-validation-unobtrusive/jquery.validate.unobtrusive.min.js - 404 0 null 1.3421ms
2024-10-23 11:17:43.762 +02:00 [INF] Request reached the end of the middleware pipeline without being handled by application code. Request path: GET http://localhost:5272/lib/jquery-validation-unobtrusive/jquery.validate.unobtrusive.min.js, Response status code: 404
2024-10-23 11:17:45.770 +02:00 [INF] Request starting HTTP/1.1 POST http://localhost:5272/Identity/Account/Logout?returnUrl=%2F - application/x-www-form-urlencoded 225
2024-10-23 11:17:45.771 +02:00 [INF] Authorization failed. These requirements were not met:
DenyAnonymousAuthorizationRequirement: Requires an authenticated user.
2024-10-23 11:17:45.771 +02:00 [INF] AuthenticationScheme: Identity.Application was challenged.
2024-10-23 11:17:45.772 +02:00 [INF] Request finished HTTP/1.1 POST http://localhost:5272/Identity/Account/Logout?returnUrl=%2F - 302 0 null 2.1496ms
2024-10-23 11:17:45.789 +02:00 [INF] Request starting HTTP/1.1 GET http://localhost:5272/Identity/Account/Login?ReturnUrl=%2FIdentity%2FAccount%2FLogout%3FreturnUrl%3D%252F - null null
2024-10-23 11:17:45.791 +02:00 [INF] Executing endpoint '/Account/Login'
2024-10-23 11:17:45.791 +02:00 [INF] Route matched with {page = "/Account/Login", area = "Identity", action = "", controller = ""}. Executing page /Account/Login
2024-10-23 11:17:45.793 +02:00 [INF] Executing handler method GalleryNote.Areas.Identity.Pages.Account.LoginModel.OnGetAsync - ModelState is "Valid"
2024-10-23 11:17:45.793 +02:00 [INF] AuthenticationScheme: Identity.External signed out.
2024-10-23 11:17:45.793 +02:00 [INF] Executed handler method OnGetAsync, returned result .
2024-10-23 11:17:45.794 +02:00 [INF] Executing an implicit handler method - ModelState is "Valid"
2024-10-23 11:17:45.794 +02:00 [INF] Executed an implicit handler method, returned result Microsoft.AspNetCore.Mvc.RazorPages.PageResult.
2024-10-23 11:17:45.797 +02:00 [INF] Executed page /Account/Login in 5.7566ms
2024-10-23 11:17:45.798 +02:00 [INF] Executed endpoint '/Account/Login'
2024-10-23 11:17:45.798 +02:00 [INF] Request finished HTTP/1.1 GET http://localhost:5272/Identity/Account/Login?ReturnUrl=%2FIdentity%2FAccount%2FLogout%3FreturnUrl%3D%252F - 200 null text/html; charset=utf-8 8.9447ms
2024-10-23 11:17:45.842 +02:00 [INF] Request starting HTTP/1.1 GET http://localhost:5272/lib/jquery-validation/dist/jquery.validate.min.js - null null
2024-10-23 11:17:45.843 +02:00 [INF] Request starting HTTP/1.1 GET http://localhost:5272/lib/jquery-validation-unobtrusive/jquery.validate.unobtrusive.min.js - null null
2024-10-23 11:17:45.843 +02:00 [INF] Request finished HTTP/1.1 GET http://localhost:5272/lib/jquery-validation/dist/jquery.validate.min.js - 404 0 null 1.1544ms
2024-10-23 11:17:45.844 +02:00 [INF] Request reached the end of the middleware pipeline without being handled by application code. Request path: GET http://localhost:5272/lib/jquery-validation/dist/jquery.validate.min.js, Response status code: 404
2024-10-23 11:17:45.844 +02:00 [INF] Request finished HTTP/1.1 GET http://localhost:5272/lib/jquery-validation-unobtrusive/jquery.validate.unobtrusive.min.js - 404 0 null 1.5468ms
2024-10-23 11:17:45.844 +02:00 [INF] Request reached the end of the middleware pipeline without being handled by application code. Request path: GET http://localhost:5272/lib/jquery-validation-unobtrusive/jquery.validate.unobtrusive.min.js, Response status code: 404
2024-10-23 11:17:46.884 +02:00 [INF] Request starting HTTP/1.1 POST http://localhost:5272/Identity/Account/Logout?returnUrl=%2F - application/x-www-form-urlencoded 225
2024-10-23 11:17:46.884 +02:00 [INF] Authorization failed. These requirements were not met:
DenyAnonymousAuthorizationRequirement: Requires an authenticated user.
2024-10-23 11:17:46.884 +02:00 [INF] AuthenticationScheme: Identity.Application was challenged.
2024-10-23 11:17:46.885 +02:00 [INF] Request finished HTTP/1.1 POST http://localhost:5272/Identity/Account/Logout?returnUrl=%2F - 302 0 null 0.7517ms
2024-10-23 11:17:46.893 +02:00 [INF] Request starting HTTP/1.1 GET http://localhost:5272/Identity/Account/Login?ReturnUrl=%2FIdentity%2FAccount%2FLogout%3FreturnUrl%3D%252F - null null
2024-10-23 11:17:46.894 +02:00 [INF] Executing endpoint '/Account/Login'
2024-10-23 11:17:46.895 +02:00 [INF] Route matched with {page = "/Account/Login", area = "Identity", action = "", controller = ""}. Executing page /Account/Login
2024-10-23 11:17:46.895 +02:00 [INF] Executing handler method GalleryNote.Areas.Identity.Pages.Account.LoginModel.OnGetAsync - ModelState is "Valid"
2024-10-23 11:17:46.896 +02:00 [INF] AuthenticationScheme: Identity.External signed out.
2024-10-23 11:17:46.896 +02:00 [INF] Executed handler method OnGetAsync, returned result .
2024-10-23 11:17:46.896 +02:00 [INF] Executing an implicit handler method - ModelState is "Valid"
2024-10-23 11:17:46.896 +02:00 [INF] Executed an implicit handler method, returned result Microsoft.AspNetCore.Mvc.RazorPages.PageResult.
2024-10-23 11:17:46.901 +02:00 [INF] Executed page /Account/Login in 6.5512ms
2024-10-23 11:17:46.902 +02:00 [INF] Executed endpoint '/Account/Login'
2024-10-23 11:17:46.902 +02:00 [INF] Request finished HTTP/1.1 GET http://localhost:5272/Identity/Account/Login?ReturnUrl=%2FIdentity%2FAccount%2FLogout%3FreturnUrl%3D%252F - 200 null text/html; charset=utf-8 8.5802ms
2024-10-23 11:17:46.926 +02:00 [INF] Request starting HTTP/1.1 GET http://localhost:5272/lib/jquery-validation/dist/jquery.validate.min.js - null null
2024-10-23 11:17:46.929 +02:00 [INF] Request starting HTTP/1.1 GET http://localhost:5272/lib/jquery-validation-unobtrusive/jquery.validate.unobtrusive.min.js - null null
2024-10-23 11:17:46.929 +02:00 [INF] Request finished HTTP/1.1 GET http://localhost:5272/lib/jquery-validation/dist/jquery.validate.min.js - 404 0 null 3.0292ms
2024-10-23 11:17:46.929 +02:00 [INF] Request reached the end of the middleware pipeline without being handled by application code. Request path: GET http://localhost:5272/lib/jquery-validation/dist/jquery.validate.min.js, Response status code: 404
2024-10-23 11:17:46.930 +02:00 [INF] Request finished HTTP/1.1 GET http://localhost:5272/lib/jquery-validation-unobtrusive/jquery.validate.unobtrusive.min.js - 404 0 null 1.5272ms
2024-10-23 11:17:46.930 +02:00 [INF] Request reached the end of the middleware pipeline without being handled by application code. Request path: GET http://localhost:5272/lib/jquery-validation-unobtrusive/jquery.validate.unobtrusive.min.js, Response status code: 404
