2024-11-13 20:50:43.740 +01:00 [INF] User profile is available. Using 'C:\Users\birko\AppData\Local\ASP.NET\DataProtection-Keys' as key repository and Windows DPAPI to encrypt keys at rest.
2024-11-13 20:50:44.062 +01:00 [INF] Now listening on: http://localhost:5272
2024-11-13 20:50:44.073 +01:00 [INF] Application started. Press Ctrl+C to shut down.
2024-11-13 20:50:44.075 +01:00 [INF] Hosting environment: Development
2024-11-13 20:50:44.075 +01:00 [INF] Content root path: C:\Users\birko\OneDrive - OsloMet\ITPE 3200 - Webapplikasjoner\GalleryNote project\GalleryNote – Kopi
2024-11-13 20:50:48.310 +01:00 [INF] Request starting HTTP/1.1 GET http://localhost:5272/ - null null
2024-11-13 20:50:48.411 +01:00 [INF] Executing endpoint 'GalleryNote.Controllers.HomeController.Index (GalleryNote)'
2024-11-13 20:50:48.432 +01:00 [INF] Route matched with {action = "Index", controller = "Home", page = "", area = ""}. Executing controller action with signature Microsoft.AspNetCore.Mvc.IActionResult Index() on controller GalleryNote.Controllers.HomeController (GalleryNote).
2024-11-13 20:50:48.450 +01:00 [INF] Executing ViewResult, running view Index.
2024-11-13 20:50:48.607 +01:00 [INF] Executed ViewResult - view Index executed in 160.2313ms.
2024-11-13 20:50:48.616 +01:00 [INF] Executed action GalleryNote.Controllers.HomeController.Index (GalleryNote) in 181.2224ms
2024-11-13 20:50:48.617 +01:00 [INF] Executed endpoint 'GalleryNote.Controllers.HomeController.Index (GalleryNote)'
2024-11-13 20:50:48.626 +01:00 [INF] Request finished HTTP/1.1 GET http://localhost:5272/ - 200 null text/html; charset=utf-8 321.2857ms
2024-11-13 20:50:49.750 +01:00 [INF] Request starting HTTP/1.1 GET http://localhost:5272/Image/Grid?active=active - null null
2024-11-13 20:50:49.756 +01:00 [INF] Executing endpoint 'GalleryNote.Controllers.ImageController.Grid (GalleryNote)'
2024-11-13 20:50:49.776 +01:00 [INF] Route matched with {action = "Grid", controller = "Image", page = "", area = ""}. Executing controller action with signature System.Threading.Tasks.Task`1[Microsoft.AspNetCore.Mvc.IActionResult] Grid() on controller GalleryNote.Controllers.ImageController (GalleryNote).
2024-11-13 20:50:50.076 +01:00 [INF] Executing ViewResult, running view Grid.
2024-11-13 20:50:50.118 +01:00 [INF] Executed ViewResult - view Grid executed in 43.8578ms.
2024-11-13 20:50:50.118 +01:00 [INF] Executed action GalleryNote.Controllers.ImageController.Grid (GalleryNote) in 342.3768ms
2024-11-13 20:50:50.118 +01:00 [INF] Executed endpoint 'GalleryNote.Controllers.ImageController.Grid (GalleryNote)'
2024-11-13 20:50:50.130 +01:00 [INF] Request finished HTTP/1.1 GET http://localhost:5272/Image/Grid?active=active - 200 null text/html; charset=utf-8 379.6109ms
2024-11-13 20:50:53.033 +01:00 [INF] Request starting HTTP/1.1 GET http://localhost:5272/Image/Details/2 - null null
2024-11-13 20:50:53.044 +01:00 [INF] Executing endpoint 'GalleryNote.Controllers.ImageController.Details (GalleryNote)'
2024-11-13 20:50:53.071 +01:00 [INF] Route matched with {action = "Details", controller = "Image", page = "", area = ""}. Executing controller action with signature System.Threading.Tasks.Task`1[Microsoft.AspNetCore.Mvc.IActionResult] Details(Int32) on controller GalleryNote.Controllers.ImageController (GalleryNote).
2024-11-13 20:50:53.313 +01:00 [INF] Executing ViewResult, running view Details.
2024-11-13 20:50:53.343 +01:00 [INF] Executed ViewResult - view Details executed in 30.6797ms.
2024-11-13 20:50:53.343 +01:00 [INF] Executed action GalleryNote.Controllers.ImageController.Details (GalleryNote) in 271.8156ms
2024-11-13 20:50:53.343 +01:00 [INF] Executed endpoint 'GalleryNote.Controllers.ImageController.Details (GalleryNote)'
2024-11-13 20:50:53.345 +01:00 [INF] Request finished HTTP/1.1 GET http://localhost:5272/Image/Details/2 - 200 null text/html; charset=utf-8 311.9916ms
2024-11-13 20:50:57.082 +01:00 [INF] Request starting HTTP/1.1 GET http://localhost:5272/Image/Grid - null null
2024-11-13 20:50:57.083 +01:00 [INF] Executing endpoint 'GalleryNote.Controllers.ImageController.Grid (GalleryNote)'
2024-11-13 20:50:57.084 +01:00 [INF] Route matched with {action = "Grid", controller = "Image", page = "", area = ""}. Executing controller action with signature System.Threading.Tasks.Task`1[Microsoft.AspNetCore.Mvc.IActionResult] Grid() on controller GalleryNote.Controllers.ImageController (GalleryNote).
2024-11-13 20:50:57.090 +01:00 [INF] Executing ViewResult, running view Grid.
2024-11-13 20:50:57.095 +01:00 [INF] Executed ViewResult - view Grid executed in 5.7078ms.
2024-11-13 20:50:57.096 +01:00 [INF] Executed action GalleryNote.Controllers.ImageController.Grid (GalleryNote) in 12.0278ms
2024-11-13 20:50:57.096 +01:00 [INF] Executed endpoint 'GalleryNote.Controllers.ImageController.Grid (GalleryNote)'
2024-11-13 20:50:57.097 +01:00 [INF] Request finished HTTP/1.1 GET http://localhost:5272/Image/Grid - 200 null text/html; charset=utf-8 15.0209ms
2024-11-13 20:51:03.463 +01:00 [INF] Request starting HTTP/1.1 GET http://localhost:5272/Image/Details/3 - null null
2024-11-13 20:51:03.464 +01:00 [INF] Executing endpoint 'GalleryNote.Controllers.ImageController.Details (GalleryNote)'
2024-11-13 20:51:03.464 +01:00 [INF] Route matched with {action = "Details", controller = "Image", page = "", area = ""}. Executing controller action with signature System.Threading.Tasks.Task`1[Microsoft.AspNetCore.Mvc.IActionResult] Details(Int32) on controller GalleryNote.Controllers.ImageController (GalleryNote).
2024-11-13 20:51:03.475 +01:00 [INF] Executing ViewResult, running view Details.
2024-11-13 20:51:03.478 +01:00 [INF] Executed ViewResult - view Details executed in 2.9242ms.
2024-11-13 20:51:03.478 +01:00 [INF] Executed action GalleryNote.Controllers.ImageController.Details (GalleryNote) in 13.93ms
2024-11-13 20:51:03.478 +01:00 [INF] Executed endpoint 'GalleryNote.Controllers.ImageController.Details (GalleryNote)'
2024-11-13 20:51:03.479 +01:00 [INF] Request finished HTTP/1.1 GET http://localhost:5272/Image/Details/3 - 200 null text/html; charset=utf-8 16.4352ms
2024-11-13 20:51:08.649 +01:00 [INF] Request starting HTTP/1.1 GET http://localhost:5272/Image/Grid - null null
2024-11-13 20:51:08.649 +01:00 [INF] Executing endpoint 'GalleryNote.Controllers.ImageController.Grid (GalleryNote)'
2024-11-13 20:51:08.650 +01:00 [INF] Route matched with {action = "Grid", controller = "Image", page = "", area = ""}. Executing controller action with signature System.Threading.Tasks.Task`1[Microsoft.AspNetCore.Mvc.IActionResult] Grid() on controller GalleryNote.Controllers.ImageController (GalleryNote).
2024-11-13 20:51:08.653 +01:00 [INF] Executing ViewResult, running view Grid.
2024-11-13 20:51:08.656 +01:00 [INF] Executed ViewResult - view Grid executed in 3.0772ms.
2024-11-13 20:51:08.657 +01:00 [INF] Executed action GalleryNote.Controllers.ImageController.Grid (GalleryNote) in 6.9398ms
2024-11-13 20:51:08.657 +01:00 [INF] Executed endpoint 'GalleryNote.Controllers.ImageController.Grid (GalleryNote)'
2024-11-13 20:51:08.657 +01:00 [INF] Request finished HTTP/1.1 GET http://localhost:5272/Image/Grid - 200 null text/html; charset=utf-8 8.5228ms
2024-11-13 20:51:10.603 +01:00 [INF] Request starting HTTP/1.1 GET http://localhost:5272/Image/Details/1 - null null
2024-11-13 20:51:10.604 +01:00 [INF] Executing endpoint 'GalleryNote.Controllers.ImageController.Details (GalleryNote)'
2024-11-13 20:51:10.604 +01:00 [INF] Route matched with {action = "Details", controller = "Image", page = "", area = ""}. Executing controller action with signature System.Threading.Tasks.Task`1[Microsoft.AspNetCore.Mvc.IActionResult] Details(Int32) on controller GalleryNote.Controllers.ImageController (GalleryNote).
2024-11-13 20:51:10.610 +01:00 [INF] Executing ViewResult, running view Details.
2024-11-13 20:51:10.611 +01:00 [INF] Executed ViewResult - view Details executed in 1.6168ms.
2024-11-13 20:51:10.612 +01:00 [INF] Executed action GalleryNote.Controllers.ImageController.Details (GalleryNote) in 7.2503ms
2024-11-13 20:51:10.612 +01:00 [INF] Executed endpoint 'GalleryNote.Controllers.ImageController.Details (GalleryNote)'
2024-11-13 20:51:10.612 +01:00 [INF] Request finished HTTP/1.1 GET http://localhost:5272/Image/Details/1 - 200 null text/html; charset=utf-8 9.6645ms
2024-11-13 20:51:24.901 +01:00 [INF] Request starting HTTP/1.1 GET http://localhost:5272/Image/Grid - null null
2024-11-13 20:51:24.902 +01:00 [INF] Executing endpoint 'GalleryNote.Controllers.ImageController.Grid (GalleryNote)'
2024-11-13 20:51:24.902 +01:00 [INF] Route matched with {action = "Grid", controller = "Image", page = "", area = ""}. Executing controller action with signature System.Threading.Tasks.Task`1[Microsoft.AspNetCore.Mvc.IActionResult] Grid() on controller GalleryNote.Controllers.ImageController (GalleryNote).
2024-11-13 20:51:24.906 +01:00 [INF] Executing ViewResult, running view Grid.
2024-11-13 20:51:24.909 +01:00 [INF] Executed ViewResult - view Grid executed in 3.6349ms.
2024-11-13 20:51:24.910 +01:00 [INF] Executed action GalleryNote.Controllers.ImageController.Grid (GalleryNote) in 6.9495ms
2024-11-13 20:51:24.910 +01:00 [INF] Executed endpoint 'GalleryNote.Controllers.ImageController.Grid (GalleryNote)'
2024-11-13 20:51:24.912 +01:00 [INF] Request finished HTTP/1.1 GET http://localhost:5272/Image/Grid - 200 null text/html; charset=utf-8 9.1562ms
2024-11-13 20:51:29.183 +01:00 [INF] Request starting HTTP/1.1 GET http://localhost:5272/Image/Table - null null
2024-11-13 20:51:29.183 +01:00 [INF] Executing endpoint 'GalleryNote.Controllers.ImageController.Table (GalleryNote)'
2024-11-13 20:51:29.187 +01:00 [INF] Route matched with {action = "Table", controller = "Image", page = "", area = ""}. Executing controller action with signature System.Threading.Tasks.Task`1[Microsoft.AspNetCore.Mvc.IActionResult] Table() on controller GalleryNote.Controllers.ImageController (GalleryNote).
2024-11-13 20:51:29.195 +01:00 [INF] Executing ViewResult, running view Table.
2024-11-13 20:51:29.218 +01:00 [INF] Executed ViewResult - view Table executed in 26.0195ms.
2024-11-13 20:51:29.218 +01:00 [INF] Executed action GalleryNote.Controllers.ImageController.Table (GalleryNote) in 30.755ms
2024-11-13 20:51:29.219 +01:00 [INF] Executed endpoint 'GalleryNote.Controllers.ImageController.Table (GalleryNote)'
2024-11-13 20:51:29.219 +01:00 [INF] Request finished HTTP/1.1 GET http://localhost:5272/Image/Table - 200 null text/html; charset=utf-8 36.4451ms
