2024-10-10 12:59:50.549 +02:00 [INF] User profile is available. Using 'C:\Users\birko\AppData\Local\ASP.NET\DataProtection-Keys' as key repository and Windows DPAPI to encrypt keys at rest.
2024-10-10 12:59:50.650 +02:00 [INF] Now listening on: http://localhost:5272
2024-10-10 12:59:50.653 +02:00 [INF] Application started. Press Ctrl+C to shut down.
2024-10-10 12:59:50.654 +02:00 [INF] Hosting environment: Development
2024-10-10 12:59:50.654 +02:00 [INF] Content root path: C:\Users\birko\OneDrive - OsloMet\ITPE 3200 - Webapplikasjoner\GalleryNote project\GalleryNote
2024-10-10 12:59:53.449 +02:00 [INF] Request starting HTTP/1.1 GET http://localhost:5272/ - null null
2024-10-10 12:59:53.510 +02:00 [INF] Executing endpoint 'GalleryNote.Controllers.HomeController.Index (GalleryNote)'
2024-10-10 12:59:53.524 +02:00 [INF] Route matched with {action = "Index", controller = "Home"}. Executing controller action with signature Microsoft.AspNetCore.Mvc.IActionResult Index() on controller GalleryNote.Controllers.HomeController (GalleryNote).
2024-10-10 12:59:53.542 +02:00 [INF] Executing ViewResult, running view Index.
2024-10-10 12:59:53.635 +02:00 [INF] Executed ViewResult - view Index executed in 96.5017ms.
2024-10-10 12:59:53.639 +02:00 [INF] Executed action GalleryNote.Controllers.HomeController.Index (GalleryNote) in 114.2357ms
2024-10-10 12:59:53.640 +02:00 [INF] Executed endpoint 'GalleryNote.Controllers.HomeController.Index (GalleryNote)'
2024-10-10 12:59:53.646 +02:00 [INF] Request finished HTTP/1.1 GET http://localhost:5272/ - 200 null text/html; charset=utf-8 199.842ms
2024-10-10 12:59:56.620 +02:00 [INF] Request starting HTTP/1.1 GET http://localhost:5272/Item/Table - null null
2024-10-10 12:59:56.628 +02:00 [INF] Executing endpoint 'GalleryNote.Controllers.ItemController.Table (GalleryNote)'
2024-10-10 12:59:56.656 +02:00 [INF] Route matched with {action = "Table", controller = "Item"}. Executing controller action with signature System.Threading.Tasks.Task`1[Microsoft.AspNetCore.Mvc.IActionResult] Table() on controller GalleryNote.Controllers.ItemController (GalleryNote).
2024-10-10 12:59:56.844 +02:00 [INF] Executing ViewResult, running view Table.
2024-10-10 12:59:56.867 +02:00 [INF] Executed ViewResult - view Table executed in 24.7165ms.
2024-10-10 12:59:56.867 +02:00 [INF] Executed action GalleryNote.Controllers.ItemController.Table (GalleryNote) in 209.7801ms
2024-10-10 12:59:56.867 +02:00 [INF] Executed endpoint 'GalleryNote.Controllers.ItemController.Table (GalleryNote)'
2024-10-10 12:59:56.878 +02:00 [INF] Request finished HTTP/1.1 GET http://localhost:5272/Item/Table - 200 null text/html; charset=utf-8 259.059ms
