2024-11-27 12:09:17.675 +01:00 [INF] User profile is available. Using 'C:\Users\birko\AppData\Local\ASP.NET\DataProtection-Keys' as key repository and Windows DPAPI to encrypt keys at rest.
2024-11-27 12:09:18.077 +01:00 [INF] Now listening on: http://localhost:5272
2024-11-27 12:09:18.087 +01:00 [INF] Application started. Press Ctrl+C to shut down.
2024-11-27 12:09:18.088 +01:00 [INF] Hosting environment: Development
2024-11-27 12:09:18.089 +01:00 [INF] Content root path: C:\Users\birko\OneDrive - OsloMet\ITPE 3200 - Webapplikasjoner\GalleryNote project\GalleryNote – Kopi
2024-11-27 12:09:18.750 +01:00 [INF] Request starting HTTP/1.1 GET http://localhost:5272/ - null null
2024-11-27 12:09:18.917 +01:00 [INF] Executing endpoint 'GalleryNote.Controllers.HomeController.Index (GalleryNote)'
2024-11-27 12:09:18.951 +01:00 [INF] Route matched with {action = "Index", controller = "Home", page = "", area = ""}. Executing controller action with signature Microsoft.AspNetCore.Mvc.IActionResult Index() on controller GalleryNote.Controllers.HomeController (GalleryNote).
2024-11-27 12:09:18.975 +01:00 [INF] Executing ViewResult, running view Index.
2024-11-27 12:09:19.338 +01:00 [INF] Executed ViewResult - view Index executed in 367.2122ms.
2024-11-27 12:09:19.352 +01:00 [INF] Executed action GalleryNote.Controllers.HomeController.Index (GalleryNote) in 397.6697ms
2024-11-27 12:09:19.352 +01:00 [INF] Executed endpoint 'GalleryNote.Controllers.HomeController.Index (GalleryNote)'
2024-11-27 12:09:19.376 +01:00 [INF] Request finished HTTP/1.1 GET http://localhost:5272/ - 200 null text/html; charset=utf-8 639.4501ms
2024-11-27 12:09:19.418 +01:00 [INF] Request starting HTTP/1.1 GET http://localhost:5272/_framework/aspnetcore-browser-refresh.js - null null
2024-11-27 12:09:19.422 +01:00 [INF] Request finished HTTP/1.1 GET http://localhost:5272/_framework/aspnetcore-browser-refresh.js - 200 13732 application/javascript; charset=utf-8 3.7316ms
2024-11-27 12:11:01.643 +01:00 [INF] Request starting HTTP/1.1 GET http://localhost:5272/Image/Grid?active=active - null null
2024-11-27 12:11:01.658 +01:00 [INF] Executing endpoint 'GalleryNote.Controllers.ImageController.Grid (GalleryNote)'
2024-11-27 12:11:01.669 +01:00 [INF] Route matched with {action = "Grid", controller = "Image", page = "", area = ""}. Executing controller action with signature Microsoft.AspNetCore.Mvc.IActionResult Grid() on controller GalleryNote.Controllers.ImageController (GalleryNote).
2024-11-27 12:11:02.129 +01:00 [INF] Executing ViewResult, running view Grid.
2024-11-27 12:11:02.169 +01:00 [INF] Executed ViewResult - view Grid executed in 41.3841ms.
2024-11-27 12:11:02.169 +01:00 [INF] Executed action GalleryNote.Controllers.ImageController.Grid (GalleryNote) in 499.7937ms
2024-11-27 12:11:02.169 +01:00 [INF] Executed endpoint 'GalleryNote.Controllers.ImageController.Grid (GalleryNote)'
2024-11-27 12:11:02.185 +01:00 [INF] Request finished HTTP/1.1 GET http://localhost:5272/Image/Grid?active=active - 200 null text/html; charset=utf-8 542.4576ms
2024-11-27 12:11:02.213 +01:00 [INF] Request starting HTTP/1.1 GET http://localhost:5272/_framework/aspnetcore-browser-refresh.js - null null
2024-11-27 12:11:02.216 +01:00 [INF] Request finished HTTP/1.1 GET http://localhost:5272/_framework/aspnetcore-browser-refresh.js - 200 13732 application/javascript; charset=utf-8 2.4575ms
2024-11-27 12:11:07.864 +01:00 [INF] Request starting HTTP/1.1 GET http://localhost:5272/Image/Create - null null
2024-11-27 12:11:07.889 +01:00 [INF] Authorization failed. These requirements were not met:
DenyAnonymousAuthorizationRequirement: Requires an authenticated user.
2024-11-27 12:11:07.895 +01:00 [INF] AuthenticationScheme: Identity.Application was challenged.
2024-11-27 12:11:07.896 +01:00 [INF] Request finished HTTP/1.1 GET http://localhost:5272/Image/Create - 302 0 null 31.5318ms
2024-11-27 12:11:07.902 +01:00 [INF] Request starting HTTP/1.1 GET http://localhost:5272/Identity/Account/Login?ReturnUrl=%2FImage%2FCreate - null null
2024-11-27 12:11:07.904 +01:00 [INF] Executing endpoint '/Account/Login'
2024-11-27 12:11:07.955 +01:00 [INF] Route matched with {page = "/Account/Login", area = "Identity", action = "", controller = ""}. Executing page /Account/Login
2024-11-27 12:11:08.044 +01:00 [INF] Executing handler method GalleryNote.Areas.Identity.Pages.Account.LoginModel.OnGetAsync - ModelState is "Valid"
2024-11-27 12:11:08.052 +01:00 [INF] AuthenticationScheme: Identity.External signed out.
2024-11-27 12:11:08.057 +01:00 [INF] Executed handler method OnGetAsync, returned result .
2024-11-27 12:11:08.065 +01:00 [INF] Executing an implicit handler method - ModelState is "Valid"
2024-11-27 12:11:08.066 +01:00 [INF] Executed an implicit handler method, returned result Microsoft.AspNetCore.Mvc.RazorPages.PageResult.
2024-11-27 12:11:08.176 +01:00 [INF] Executed page /Account/Login in 219.3827ms
2024-11-27 12:11:08.176 +01:00 [INF] Executed endpoint '/Account/Login'
2024-11-27 12:11:08.176 +01:00 [INF] Request finished HTTP/1.1 GET http://localhost:5272/Identity/Account/Login?ReturnUrl=%2FImage%2FCreate - 200 null text/html; charset=utf-8 274.0658ms
2024-11-27 12:11:08.219 +01:00 [INF] Request starting HTTP/1.1 GET http://localhost:5272/lib/jquery-validation/dist/jquery.validate.min.js - null null
2024-11-27 12:11:08.228 +01:00 [INF] Request finished HTTP/1.1 GET http://localhost:5272/lib/jquery-validation/dist/jquery.validate.min.js - 404 0 null 9.1964ms
2024-11-27 12:11:08.230 +01:00 [INF] Request reached the end of the middleware pipeline without being handled by application code. Request path: GET http://localhost:5272/lib/jquery-validation/dist/jquery.validate.min.js, Response status code: 404
2024-11-27 12:11:08.235 +01:00 [INF] Request starting HTTP/1.1 GET http://localhost:5272/lib/jquery-validation-unobtrusive/jquery.validate.unobtrusive.min.js - null null
2024-11-27 12:11:08.236 +01:00 [INF] Request starting HTTP/1.1 GET http://localhost:5272/_framework/aspnetcore-browser-refresh.js - null null
2024-11-27 12:11:08.237 +01:00 [INF] Request finished HTTP/1.1 GET http://localhost:5272/_framework/aspnetcore-browser-refresh.js - 200 13732 application/javascript; charset=utf-8 1.3515ms
2024-11-27 12:11:08.238 +01:00 [INF] Request finished HTTP/1.1 GET http://localhost:5272/lib/jquery-validation-unobtrusive/jquery.validate.unobtrusive.min.js - 404 0 null 2.5694ms
2024-11-27 12:11:08.239 +01:00 [INF] Request reached the end of the middleware pipeline without being handled by application code. Request path: GET http://localhost:5272/lib/jquery-validation-unobtrusive/jquery.validate.unobtrusive.min.js, Response status code: 404
2024-11-27 12:11:17.566 +01:00 [INF] Request starting HTTP/1.1 POST http://localhost:5272/Identity/Account/Login?ReturnUrl=%2FImage%2FCreate - application/x-www-form-urlencoded 266
2024-11-27 12:11:17.575 +01:00 [INF] Executing endpoint '/Account/Login'
2024-11-27 12:11:17.576 +01:00 [INF] Route matched with {page = "/Account/Login", area = "Identity", action = "", controller = ""}. Executing page /Account/Login
2024-11-27 12:11:17.606 +01:00 [INF] Executing handler method GalleryNote.Areas.Identity.Pages.Account.LoginModel.OnPostAsync - ModelState is "Valid"
2024-11-27 12:11:18.185 +01:00 [INF] AuthenticationScheme: Identity.Application signed in.
2024-11-27 12:11:18.186 +01:00 [INF] User logged in.
2024-11-27 12:11:18.188 +01:00 [INF] Executed handler method OnPostAsync, returned result Microsoft.AspNetCore.Mvc.LocalRedirectResult.
2024-11-27 12:11:18.191 +01:00 [INF] Executing LocalRedirectResult, redirecting to /Image/Create.
2024-11-27 12:11:18.192 +01:00 [INF] Executed page /Account/Login in 615.3992ms
2024-11-27 12:11:18.192 +01:00 [INF] Executed endpoint '/Account/Login'
2024-11-27 12:11:18.197 +01:00 [INF] Request finished HTTP/1.1 POST http://localhost:5272/Identity/Account/Login?ReturnUrl=%2FImage%2FCreate - 302 0 null 631.0256ms
2024-11-27 12:11:18.199 +01:00 [INF] Request starting HTTP/1.1 GET http://localhost:5272/Image/Create - null null
2024-11-27 12:11:18.214 +01:00 [INF] Executing endpoint 'GalleryNote.Controllers.ImageController.Create (GalleryNote)'
2024-11-27 12:11:18.216 +01:00 [INF] Route matched with {action = "Create", controller = "Image", page = "", area = ""}. Executing controller action with signature Microsoft.AspNetCore.Mvc.IActionResult Create() on controller GalleryNote.Controllers.ImageController (GalleryNote).
2024-11-27 12:11:18.217 +01:00 [INF] Executing ViewResult, running view Create.
2024-11-27 12:11:18.257 +01:00 [INF] Executed ViewResult - view Create executed in 41.0639ms.
2024-11-27 12:11:18.258 +01:00 [INF] Executed action GalleryNote.Controllers.ImageController.Create (GalleryNote) in 41.4983ms
2024-11-27 12:11:18.258 +01:00 [INF] Executed endpoint 'GalleryNote.Controllers.ImageController.Create (GalleryNote)'
2024-11-27 12:11:18.258 +01:00 [INF] Request finished HTTP/1.1 GET http://localhost:5272/Image/Create - 200 null text/html; charset=utf-8 59.4367ms
2024-11-27 12:11:18.279 +01:00 [INF] Request starting HTTP/1.1 GET http://localhost:5272/_framework/aspnetcore-browser-refresh.js - null null
2024-11-27 12:11:18.279 +01:00 [INF] Request finished HTTP/1.1 GET http://localhost:5272/_framework/aspnetcore-browser-refresh.js - 200 13732 application/javascript; charset=utf-8 0.3575ms
2024-11-27 12:11:23.334 +01:00 [INF] Request starting HTTP/1.1 POST http://localhost:5272/Image/Create - application/x-www-form-urlencoded 311
2024-11-27 12:11:23.340 +01:00 [INF] Authorization failed. These requirements were not met:
DenyAnonymousAuthorizationRequirement: Requires an authenticated user.
2024-11-27 12:11:23.341 +01:00 [INF] AuthenticationScheme: Identity.Application was challenged.
2024-11-27 12:11:23.342 +01:00 [INF] Request finished HTTP/1.1 POST http://localhost:5272/Image/Create - 302 0 null 7.4424ms
2024-11-27 12:11:23.347 +01:00 [INF] Request starting HTTP/1.1 GET http://localhost:5272/Identity/Account/Login?ReturnUrl=%2FImage%2FCreate - null null
2024-11-27 12:11:23.348 +01:00 [INF] Executing endpoint '/Account/Login'
2024-11-27 12:11:23.350 +01:00 [INF] Route matched with {page = "/Account/Login", area = "Identity", action = "", controller = ""}. Executing page /Account/Login
2024-11-27 12:11:23.358 +01:00 [INF] Executing handler method GalleryNote.Areas.Identity.Pages.Account.LoginModel.OnGetAsync - ModelState is "Valid"
2024-11-27 12:11:23.361 +01:00 [INF] AuthenticationScheme: Identity.External signed out.
2024-11-27 12:11:23.361 +01:00 [INF] Executed handler method OnGetAsync, returned result .
2024-11-27 12:11:23.362 +01:00 [INF] Executing an implicit handler method - ModelState is "Valid"
2024-11-27 12:11:23.362 +01:00 [INF] Executed an implicit handler method, returned result Microsoft.AspNetCore.Mvc.RazorPages.PageResult.
2024-11-27 12:11:23.371 +01:00 [INF] Executed page /Account/Login in 20.5637ms
2024-11-27 12:11:23.373 +01:00 [INF] Executed endpoint '/Account/Login'
2024-11-27 12:11:23.377 +01:00 [INF] Request finished HTTP/1.1 GET http://localhost:5272/Identity/Account/Login?ReturnUrl=%2FImage%2FCreate - 200 null text/html; charset=utf-8 26.5767ms
2024-11-27 12:11:23.419 +01:00 [INF] Request starting HTTP/1.1 GET http://localhost:5272/lib/jquery-validation/dist/jquery.validate.min.js - null null
2024-11-27 12:11:23.421 +01:00 [INF] Request finished HTTP/1.1 GET http://localhost:5272/lib/jquery-validation/dist/jquery.validate.min.js - 404 0 null 2.1382ms
2024-11-27 12:11:23.421 +01:00 [INF] Request starting HTTP/1.1 GET http://localhost:5272/lib/jquery-validation-unobtrusive/jquery.validate.unobtrusive.min.js - null null
2024-11-27 12:11:23.423 +01:00 [INF] Request reached the end of the middleware pipeline without being handled by application code. Request path: GET http://localhost:5272/lib/jquery-validation/dist/jquery.validate.min.js, Response status code: 404
2024-11-27 12:11:23.424 +01:00 [INF] Request finished HTTP/1.1 GET http://localhost:5272/lib/jquery-validation-unobtrusive/jquery.validate.unobtrusive.min.js - 404 0 null 2.4439ms
2024-11-27 12:11:23.424 +01:00 [INF] Request starting HTTP/1.1 GET http://localhost:5272/_framework/aspnetcore-browser-refresh.js - null null
2024-11-27 12:11:23.424 +01:00 [INF] Request reached the end of the middleware pipeline without being handled by application code. Request path: GET http://localhost:5272/lib/jquery-validation-unobtrusive/jquery.validate.unobtrusive.min.js, Response status code: 404
2024-11-27 12:11:23.424 +01:00 [INF] Request finished HTTP/1.1 GET http://localhost:5272/_framework/aspnetcore-browser-refresh.js - 200 13732 application/javascript; charset=utf-8 0.7262ms
2024-11-27 12:11:36.676 +01:00 [INF] Request starting HTTP/1.1 POST http://localhost:5272/Identity/Account/Login?ReturnUrl=%2FImage%2FCreate - application/x-www-form-urlencoded 266
2024-11-27 12:11:36.677 +01:00 [INF] Executing endpoint '/Account/Login'
2024-11-27 12:11:36.677 +01:00 [INF] Route matched with {page = "/Account/Login", area = "Identity", action = "", controller = ""}. Executing page /Account/Login
2024-11-27 12:11:36.685 +01:00 [INF] Executing handler method GalleryNote.Areas.Identity.Pages.Account.LoginModel.OnPostAsync - ModelState is "Valid"
2024-11-27 12:11:36.861 +01:00 [INF] AuthenticationScheme: Identity.Application signed in.
2024-11-27 12:11:36.861 +01:00 [INF] User logged in.
2024-11-27 12:11:36.861 +01:00 [INF] Executed handler method OnPostAsync, returned result Microsoft.AspNetCore.Mvc.LocalRedirectResult.
2024-11-27 12:11:36.862 +01:00 [INF] Executing LocalRedirectResult, redirecting to /Image/Create.
2024-11-27 12:11:36.862 +01:00 [INF] Executed page /Account/Login in 185.3303ms
2024-11-27 12:11:36.862 +01:00 [INF] Executed endpoint '/Account/Login'
2024-11-27 12:11:36.863 +01:00 [INF] Request finished HTTP/1.1 POST http://localhost:5272/Identity/Account/Login?ReturnUrl=%2FImage%2FCreate - 302 0 null 186.8687ms
2024-11-27 12:11:36.866 +01:00 [INF] Request starting HTTP/1.1 GET http://localhost:5272/Image/Create - null null
2024-11-27 12:11:36.871 +01:00 [INF] Executing endpoint 'GalleryNote.Controllers.ImageController.Create (GalleryNote)'
2024-11-27 12:11:36.871 +01:00 [INF] Route matched with {action = "Create", controller = "Image", page = "", area = ""}. Executing controller action with signature Microsoft.AspNetCore.Mvc.IActionResult Create() on controller GalleryNote.Controllers.ImageController (GalleryNote).
2024-11-27 12:11:36.872 +01:00 [INF] Executing ViewResult, running view Create.
2024-11-27 12:11:36.878 +01:00 [INF] Executed ViewResult - view Create executed in 6.0645ms.
2024-11-27 12:11:36.878 +01:00 [INF] Executed action GalleryNote.Controllers.ImageController.Create (GalleryNote) in 6.4633ms
2024-11-27 12:11:36.878 +01:00 [INF] Executed endpoint 'GalleryNote.Controllers.ImageController.Create (GalleryNote)'
2024-11-27 12:11:36.878 +01:00 [INF] Request finished HTTP/1.1 GET http://localhost:5272/Image/Create - 200 null text/html; charset=utf-8 12.2932ms
2024-11-27 12:11:36.906 +01:00 [INF] Request starting HTTP/1.1 GET http://localhost:5272/_framework/aspnetcore-browser-refresh.js - null null
2024-11-27 12:11:36.907 +01:00 [INF] Request finished HTTP/1.1 GET http://localhost:5272/_framework/aspnetcore-browser-refresh.js - 200 13732 application/javascript; charset=utf-8 0.2859ms
2024-11-27 12:11:42.065 +01:00 [INF] Request starting HTTP/1.1 POST http://localhost:5272/Image/Create - application/x-www-form-urlencoded 311
2024-11-27 12:11:42.067 +01:00 [INF] Authorization failed. These requirements were not met:
DenyAnonymousAuthorizationRequirement: Requires an authenticated user.
2024-11-27 12:11:42.068 +01:00 [INF] AuthenticationScheme: Identity.Application was challenged.
2024-11-27 12:11:42.069 +01:00 [INF] Request finished HTTP/1.1 POST http://localhost:5272/Image/Create - 302 0 null 3.6811ms
2024-11-27 12:11:42.085 +01:00 [INF] Request starting HTTP/1.1 GET http://localhost:5272/Identity/Account/Login?ReturnUrl=%2FImage%2FCreate - null null
2024-11-27 12:11:42.086 +01:00 [INF] Executing endpoint '/Account/Login'
2024-11-27 12:11:42.087 +01:00 [INF] Route matched with {page = "/Account/Login", area = "Identity", action = "", controller = ""}. Executing page /Account/Login
2024-11-27 12:11:42.094 +01:00 [INF] Executing handler method GalleryNote.Areas.Identity.Pages.Account.LoginModel.OnGetAsync - ModelState is "Valid"
2024-11-27 12:11:42.095 +01:00 [INF] AuthenticationScheme: Identity.External signed out.
2024-11-27 12:11:42.096 +01:00 [INF] Executed handler method OnGetAsync, returned result .
2024-11-27 12:11:42.097 +01:00 [INF] Executing an implicit handler method - ModelState is "Valid"
2024-11-27 12:11:42.098 +01:00 [INF] Executed an implicit handler method, returned result Microsoft.AspNetCore.Mvc.RazorPages.PageResult.
2024-11-27 12:11:42.106 +01:00 [INF] Executed page /Account/Login in 18.1956ms
2024-11-27 12:11:42.106 +01:00 [INF] Executed endpoint '/Account/Login'
2024-11-27 12:11:42.106 +01:00 [INF] Request finished HTTP/1.1 GET http://localhost:5272/Identity/Account/Login?ReturnUrl=%2FImage%2FCreate - 200 null text/html; charset=utf-8 21.6217ms
2024-11-27 12:11:42.155 +01:00 [INF] Request starting HTTP/1.1 GET http://localhost:5272/lib/jquery-validation/dist/jquery.validate.min.js - null null
2024-11-27 12:11:42.156 +01:00 [INF] Request finished HTTP/1.1 GET http://localhost:5272/lib/jquery-validation/dist/jquery.validate.min.js - 404 0 null 1.383ms
2024-11-27 12:11:42.157 +01:00 [INF] Request reached the end of the middleware pipeline without being handled by application code. Request path: GET http://localhost:5272/lib/jquery-validation/dist/jquery.validate.min.js, Response status code: 404
2024-11-27 12:11:42.157 +01:00 [INF] Request starting HTTP/1.1 GET http://localhost:5272/_framework/aspnetcore-browser-refresh.js - null null
2024-11-27 12:11:42.158 +01:00 [INF] Request starting HTTP/1.1 GET http://localhost:5272/lib/jquery-validation-unobtrusive/jquery.validate.unobtrusive.min.js - null null
2024-11-27 12:11:42.158 +01:00 [INF] Request finished HTTP/1.1 GET http://localhost:5272/_framework/aspnetcore-browser-refresh.js - 200 13732 application/javascript; charset=utf-8 0.2697ms
2024-11-27 12:11:42.159 +01:00 [INF] Request finished HTTP/1.1 GET http://localhost:5272/lib/jquery-validation-unobtrusive/jquery.validate.unobtrusive.min.js - 404 0 null 0.9739ms
2024-11-27 12:11:42.159 +01:00 [INF] Request reached the end of the middleware pipeline without being handled by application code. Request path: GET http://localhost:5272/lib/jquery-validation-unobtrusive/jquery.validate.unobtrusive.min.js, Response status code: 404
2024-11-27 12:11:43.981 +01:00 [INF] Request starting HTTP/1.1 GET http://localhost:5272/Note/Grid?active=active - null null
2024-11-27 12:11:43.982 +01:00 [INF] Executing endpoint 'GalleryNote.Controllers.NoteController.Grid (GalleryNote)'
2024-11-27 12:11:43.989 +01:00 [INF] Route matched with {action = "Grid", controller = "Note", page = "", area = ""}. Executing controller action with signature System.Threading.Tasks.Task`1[Microsoft.AspNetCore.Mvc.IActionResult] Grid() on controller GalleryNote.Controllers.NoteController (GalleryNote).
2024-11-27 12:11:44.048 +01:00 [INF] Executing ViewResult, running view Grid.
2024-11-27 12:11:44.068 +01:00 [INF] Executed ViewResult - view Grid executed in 21.9366ms.
2024-11-27 12:11:44.069 +01:00 [INF] Executed action GalleryNote.Controllers.NoteController.Grid (GalleryNote) in 79.4207ms
2024-11-27 12:11:44.069 +01:00 [INF] Executed endpoint 'GalleryNote.Controllers.NoteController.Grid (GalleryNote)'
2024-11-27 12:11:44.071 +01:00 [INF] Request finished HTTP/1.1 GET http://localhost:5272/Note/Grid?active=active - 200 null text/html; charset=utf-8 89.7595ms
2024-11-27 12:11:44.098 +01:00 [INF] Request starting HTTP/1.1 GET http://localhost:5272/_framework/aspnetcore-browser-refresh.js - null null
2024-11-27 12:11:44.099 +01:00 [INF] Request finished HTTP/1.1 GET http://localhost:5272/_framework/aspnetcore-browser-refresh.js - 200 13732 application/javascript; charset=utf-8 0.3708ms
2024-11-27 12:11:46.658 +01:00 [INF] Request starting HTTP/1.1 GET http://localhost:5272/Image/Grid?active=active - null null
2024-11-27 12:11:46.659 +01:00 [INF] Executing endpoint 'GalleryNote.Controllers.ImageController.Grid (GalleryNote)'
2024-11-27 12:11:46.659 +01:00 [INF] Route matched with {action = "Grid", controller = "Image", page = "", area = ""}. Executing controller action with signature Microsoft.AspNetCore.Mvc.IActionResult Grid() on controller GalleryNote.Controllers.ImageController (GalleryNote).
2024-11-27 12:11:46.667 +01:00 [INF] Executing ViewResult, running view Grid.
2024-11-27 12:11:46.671 +01:00 [INF] Executed ViewResult - view Grid executed in 3.6734ms.
2024-11-27 12:11:46.673 +01:00 [INF] Executed action GalleryNote.Controllers.ImageController.Grid (GalleryNote) in 13.5811ms
2024-11-27 12:11:46.673 +01:00 [INF] Executed endpoint 'GalleryNote.Controllers.ImageController.Grid (GalleryNote)'
2024-11-27 12:11:46.674 +01:00 [INF] Request finished HTTP/1.1 GET http://localhost:5272/Image/Grid?active=active - 200 null text/html; charset=utf-8 15.2425ms
2024-11-27 12:11:46.741 +01:00 [INF] Request starting HTTP/1.1 GET http://localhost:5272/_framework/aspnetcore-browser-refresh.js - null null
2024-11-27 12:11:46.742 +01:00 [INF] Request finished HTTP/1.1 GET http://localhost:5272/_framework/aspnetcore-browser-refresh.js - 200 13732 application/javascript; charset=utf-8 1.5266ms
2024-11-27 12:11:48.827 +01:00 [INF] Request starting HTTP/1.1 GET http://localhost:5272/Note/Grid?active=active - null null
2024-11-27 12:11:48.835 +01:00 [INF] Executing endpoint 'GalleryNote.Controllers.NoteController.Grid (GalleryNote)'
2024-11-27 12:11:48.836 +01:00 [INF] Route matched with {action = "Grid", controller = "Note", page = "", area = ""}. Executing controller action with signature System.Threading.Tasks.Task`1[Microsoft.AspNetCore.Mvc.IActionResult] Grid() on controller GalleryNote.Controllers.NoteController (GalleryNote).
2024-11-27 12:11:48.850 +01:00 [INF] Executing ViewResult, running view Grid.
2024-11-27 12:11:48.853 +01:00 [INF] Executed ViewResult - view Grid executed in 3.252ms.
2024-11-27 12:11:48.853 +01:00 [INF] Executed action GalleryNote.Controllers.NoteController.Grid (GalleryNote) in 17.0747ms
2024-11-27 12:11:48.854 +01:00 [INF] Executed endpoint 'GalleryNote.Controllers.NoteController.Grid (GalleryNote)'
2024-11-27 12:11:48.855 +01:00 [INF] Request finished HTTP/1.1 GET http://localhost:5272/Note/Grid?active=active - 200 null text/html; charset=utf-8 27.3443ms
2024-11-27 12:11:48.902 +01:00 [INF] Request starting HTTP/1.1 GET http://localhost:5272/_framework/aspnetcore-browser-refresh.js - null null
2024-11-27 12:11:48.902 +01:00 [INF] Request finished HTTP/1.1 GET http://localhost:5272/_framework/aspnetcore-browser-refresh.js - 200 13732 application/javascript; charset=utf-8 0.3469ms
2024-11-27 12:11:57.256 +01:00 [INF] Request starting HTTP/1.1 GET http://localhost:5272/Identity/Account/Login - null null
2024-11-27 12:11:57.257 +01:00 [INF] Executing endpoint '/Account/Login'
2024-11-27 12:11:57.258 +01:00 [INF] Route matched with {page = "/Account/Login", area = "Identity", action = "", controller = ""}. Executing page /Account/Login
2024-11-27 12:11:57.264 +01:00 [INF] Executing handler method GalleryNote.Areas.Identity.Pages.Account.LoginModel.OnGetAsync - ModelState is "Valid"
2024-11-27 12:11:57.265 +01:00 [INF] AuthenticationScheme: Identity.External signed out.
2024-11-27 12:11:57.266 +01:00 [INF] Executed handler method OnGetAsync, returned result .
2024-11-27 12:11:57.266 +01:00 [INF] Executing an implicit handler method - ModelState is "Valid"
2024-11-27 12:11:57.266 +01:00 [INF] Executed an implicit handler method, returned result Microsoft.AspNetCore.Mvc.RazorPages.PageResult.
2024-11-27 12:11:57.271 +01:00 [INF] Executed page /Account/Login in 12.8734ms
2024-11-27 12:11:57.271 +01:00 [INF] Executed endpoint '/Account/Login'
2024-11-27 12:11:57.273 +01:00 [INF] Request finished HTTP/1.1 GET http://localhost:5272/Identity/Account/Login - 200 null text/html; charset=utf-8 15.892ms
2024-11-27 12:11:57.323 +01:00 [INF] Request starting HTTP/1.1 GET http://localhost:5272/lib/jquery-validation/dist/jquery.validate.min.js - null null
2024-11-27 12:11:57.328 +01:00 [INF] Request finished HTTP/1.1 GET http://localhost:5272/lib/jquery-validation/dist/jquery.validate.min.js - 404 0 null 4.908ms
2024-11-27 12:11:57.328 +01:00 [INF] Request reached the end of the middleware pipeline without being handled by application code. Request path: GET http://localhost:5272/lib/jquery-validation/dist/jquery.validate.min.js, Response status code: 404
2024-11-27 12:11:57.339 +01:00 [INF] Request starting HTTP/1.1 GET http://localhost:5272/_framework/aspnetcore-browser-refresh.js - null null
2024-11-27 12:11:57.339 +01:00 [INF] Request starting HTTP/1.1 GET http://localhost:5272/lib/jquery-validation-unobtrusive/jquery.validate.unobtrusive.min.js - null null
2024-11-27 12:11:57.339 +01:00 [INF] Request finished HTTP/1.1 GET http://localhost:5272/_framework/aspnetcore-browser-refresh.js - 200 13732 application/javascript; charset=utf-8 0.355ms
2024-11-27 12:11:57.340 +01:00 [INF] Request finished HTTP/1.1 GET http://localhost:5272/lib/jquery-validation-unobtrusive/jquery.validate.unobtrusive.min.js - 404 0 null 1.5117ms
2024-11-27 12:11:57.341 +01:00 [INF] Request reached the end of the middleware pipeline without being handled by application code. Request path: GET http://localhost:5272/lib/jquery-validation-unobtrusive/jquery.validate.unobtrusive.min.js, Response status code: 404
2024-11-27 12:12:02.499 +01:00 [INF] Request starting HTTP/1.1 POST http://localhost:5272/Identity/Account/Login - application/x-www-form-urlencoded 266
2024-11-27 12:12:02.499 +01:00 [INF] Executing endpoint '/Account/Login'
2024-11-27 12:12:02.500 +01:00 [INF] Route matched with {page = "/Account/Login", area = "Identity", action = "", controller = ""}. Executing page /Account/Login
2024-11-27 12:12:02.504 +01:00 [INF] Executing handler method GalleryNote.Areas.Identity.Pages.Account.LoginModel.OnPostAsync - ModelState is "Valid"
2024-11-27 12:12:02.706 +01:00 [INF] AuthenticationScheme: Identity.Application signed in.
2024-11-27 12:12:02.706 +01:00 [INF] User logged in.
2024-11-27 12:12:02.706 +01:00 [INF] Executed handler method OnPostAsync, returned result Microsoft.AspNetCore.Mvc.LocalRedirectResult.
2024-11-27 12:12:02.706 +01:00 [INF] Executing LocalRedirectResult, redirecting to /.
2024-11-27 12:12:02.707 +01:00 [INF] Executed page /Account/Login in 207.3085ms
2024-11-27 12:12:02.707 +01:00 [INF] Executed endpoint '/Account/Login'
2024-11-27 12:12:02.708 +01:00 [INF] Request finished HTTP/1.1 POST http://localhost:5272/Identity/Account/Login - 302 0 null 209.0286ms
2024-11-27 12:12:02.712 +01:00 [INF] Request starting HTTP/1.1 GET http://localhost:5272/ - null null
2024-11-27 12:12:02.716 +01:00 [INF] Executing endpoint 'GalleryNote.Controllers.HomeController.Index (GalleryNote)'
2024-11-27 12:12:02.717 +01:00 [INF] Route matched with {action = "Index", controller = "Home", page = "", area = ""}. Executing controller action with signature Microsoft.AspNetCore.Mvc.IActionResult Index() on controller GalleryNote.Controllers.HomeController (GalleryNote).
2024-11-27 12:12:02.717 +01:00 [INF] Executing ViewResult, running view Index.
2024-11-27 12:12:02.718 +01:00 [INF] Executed ViewResult - view Index executed in 1.538ms.
2024-11-27 12:12:02.719 +01:00 [INF] Executed action GalleryNote.Controllers.HomeController.Index (GalleryNote) in 2.1725ms
2024-11-27 12:12:02.719 +01:00 [INF] Executed endpoint 'GalleryNote.Controllers.HomeController.Index (GalleryNote)'
2024-11-27 12:12:02.720 +01:00 [INF] Request finished HTTP/1.1 GET http://localhost:5272/ - 200 null text/html; charset=utf-8 7.8114ms
2024-11-27 12:12:02.761 +01:00 [INF] Request starting HTTP/1.1 GET http://localhost:5272/_framework/aspnetcore-browser-refresh.js - null null
2024-11-27 12:12:02.761 +01:00 [INF] Request finished HTTP/1.1 GET http://localhost:5272/_framework/aspnetcore-browser-refresh.js - 200 13732 application/javascript; charset=utf-8 1.0722ms
2024-11-27 12:12:04.866 +01:00 [INF] Request starting HTTP/1.1 GET http://localhost:5272/Image/Grid?active=active - null null
2024-11-27 12:12:04.867 +01:00 [INF] Executing endpoint 'GalleryNote.Controllers.ImageController.Grid (GalleryNote)'
2024-11-27 12:12:04.868 +01:00 [INF] Route matched with {action = "Grid", controller = "Image", page = "", area = ""}. Executing controller action with signature Microsoft.AspNetCore.Mvc.IActionResult Grid() on controller GalleryNote.Controllers.ImageController (GalleryNote).
2024-11-27 12:12:04.879 +01:00 [INF] Executing ViewResult, running view Grid.
2024-11-27 12:12:04.885 +01:00 [INF] Executed ViewResult - view Grid executed in 5.7881ms.
2024-11-27 12:12:04.885 +01:00 [INF] Executed action GalleryNote.Controllers.ImageController.Grid (GalleryNote) in 17.3698ms
2024-11-27 12:12:04.886 +01:00 [INF] Executed endpoint 'GalleryNote.Controllers.ImageController.Grid (GalleryNote)'
2024-11-27 12:12:04.886 +01:00 [INF] Request finished HTTP/1.1 GET http://localhost:5272/Image/Grid?active=active - 200 null text/html; charset=utf-8 20.475ms
2024-11-27 12:12:04.933 +01:00 [INF] Request starting HTTP/1.1 GET http://localhost:5272/_framework/aspnetcore-browser-refresh.js - null null
2024-11-27 12:12:04.934 +01:00 [INF] Request finished HTTP/1.1 GET http://localhost:5272/_framework/aspnetcore-browser-refresh.js - 200 13732 application/javascript; charset=utf-8 0.2504ms
2024-11-27 12:12:07.144 +01:00 [INF] Request starting HTTP/1.1 GET http://localhost:5272/Note/Grid?active=active - null null
2024-11-27 12:12:07.145 +01:00 [INF] Executing endpoint 'GalleryNote.Controllers.NoteController.Grid (GalleryNote)'
2024-11-27 12:12:07.145 +01:00 [INF] Route matched with {action = "Grid", controller = "Note", page = "", area = ""}. Executing controller action with signature System.Threading.Tasks.Task`1[Microsoft.AspNetCore.Mvc.IActionResult] Grid() on controller GalleryNote.Controllers.NoteController (GalleryNote).
2024-11-27 12:12:07.152 +01:00 [INF] Executing ViewResult, running view Grid.
2024-11-27 12:12:07.154 +01:00 [INF] Executed ViewResult - view Grid executed in 1.8823ms.
2024-11-27 12:12:07.155 +01:00 [INF] Executed action GalleryNote.Controllers.NoteController.Grid (GalleryNote) in 9.3094ms
2024-11-27 12:12:07.155 +01:00 [INF] Executed endpoint 'GalleryNote.Controllers.NoteController.Grid (GalleryNote)'
2024-11-27 12:12:07.156 +01:00 [INF] Request finished HTTP/1.1 GET http://localhost:5272/Note/Grid?active=active - 200 null text/html; charset=utf-8 11.8804ms
2024-11-27 12:12:07.193 +01:00 [INF] Request starting HTTP/1.1 GET http://localhost:5272/_framework/aspnetcore-browser-refresh.js - null null
2024-11-27 12:12:07.193 +01:00 [INF] Request finished HTTP/1.1 GET http://localhost:5272/_framework/aspnetcore-browser-refresh.js - 200 13732 application/javascript; charset=utf-8 0.2608ms
2024-11-27 12:12:21.141 +01:00 [INF] Request starting HTTP/1.1 GET http://localhost:5272/Note/Grid?active=active - null null
2024-11-27 12:12:21.143 +01:00 [INF] Executing endpoint 'GalleryNote.Controllers.NoteController.Grid (GalleryNote)'
2024-11-27 12:12:21.198 +01:00 [INF] Route matched with {action = "Grid", controller = "Note", page = "", area = ""}. Executing controller action with signature System.Threading.Tasks.Task`1[Microsoft.AspNetCore.Mvc.IActionResult] Grid() on controller GalleryNote.Controllers.NoteController (GalleryNote).
2024-11-27 12:12:21.241 +01:00 [INF] Executing ViewResult, running view Grid.
2024-11-27 12:12:21.380 +01:00 [INF] Executed ViewResult - view Grid executed in 163.4778ms.
2024-11-27 12:12:21.381 +01:00 [INF] Executed action GalleryNote.Controllers.NoteController.Grid (GalleryNote) in 182.0933ms
2024-11-27 12:12:21.381 +01:00 [INF] Executed endpoint 'GalleryNote.Controllers.NoteController.Grid (GalleryNote)'
2024-11-27 12:12:21.381 +01:00 [INF] Request finished HTTP/1.1 GET http://localhost:5272/Note/Grid?active=active - 200 null text/html; charset=utf-8 240.5564ms
2024-11-27 12:12:21.410 +01:00 [INF] Request starting HTTP/1.1 GET http://localhost:5272/_framework/aspnetcore-browser-refresh.js - null null
2024-11-27 12:12:21.410 +01:00 [INF] Request finished HTTP/1.1 GET http://localhost:5272/_framework/aspnetcore-browser-refresh.js - 200 13732 application/javascript; charset=utf-8 0.3579ms
2024-11-27 12:12:29.752 +01:00 [INF] Request starting HTTP/1.1 GET http://localhost:5272/Note/Grid?active=active - null null
2024-11-27 12:12:29.797 +01:00 [ERR] An unhandled exception has occurred while executing the request.
System.MissingMethodException: Attempted to invoke a deleted lambda or local function implementation. This can happen when lambda or local function is deleted while the application is running.
   at Program.<>c.<<Main>$>b__0_2(HttpContext context, Func`1 next)
   at Microsoft.AspNetCore.Diagnostics.DeveloperExceptionPageMiddlewareImpl.Invoke(HttpContext context)
2024-11-27 12:12:29.828 +01:00 [INF] Request finished HTTP/1.1 GET http://localhost:5272/Note/Grid?active=active - 500 null text/html; charset=utf-8 75.88ms
2024-11-27 12:12:29.853 +01:00 [INF] Request starting HTTP/1.1 GET http://localhost:5272/_framework/aspnetcore-browser-refresh.js - null null
2024-11-27 12:12:29.853 +01:00 [INF] Request finished HTTP/1.1 GET http://localhost:5272/_framework/aspnetcore-browser-refresh.js - 200 13732 application/javascript; charset=utf-8 0.3985ms
2024-11-27 12:12:32.685 +01:00 [INF] Request starting HTTP/1.1 GET http://localhost:5272/_framework/aspnetcore-browser-refresh.js - null null
2024-11-27 12:12:32.686 +01:00 [INF] Request finished HTTP/1.1 GET http://localhost:5272/_framework/aspnetcore-browser-refresh.js - 200 13732 application/javascript; charset=utf-8 1.2349ms
2024-11-27 12:12:34.794 +01:00 [INF] Request starting HTTP/1.1 GET http://localhost:5272/Identity/Account/Login - null null
2024-11-27 12:12:34.811 +01:00 [ERR] An unhandled exception has occurred while executing the request.
System.MissingMethodException: Attempted to invoke a deleted lambda or local function implementation. This can happen when lambda or local function is deleted while the application is running.
   at Program.<>c.<<Main>$>b__0_2(HttpContext context, Func`1 next)
   at Microsoft.AspNetCore.Diagnostics.DeveloperExceptionPageMiddlewareImpl.Invoke(HttpContext context)
2024-11-27 12:12:34.822 +01:00 [INF] Request finished HTTP/1.1 GET http://localhost:5272/Identity/Account/Login - 500 null text/html; charset=utf-8 28.6036ms
2024-11-27 12:12:34.869 +01:00 [INF] Request starting HTTP/1.1 GET http://localhost:5272/_framework/aspnetcore-browser-refresh.js - null null
2024-11-27 12:12:34.869 +01:00 [INF] Request finished HTTP/1.1 GET http://localhost:5272/_framework/aspnetcore-browser-refresh.js - 200 13732 application/javascript; charset=utf-8 0.3646ms
2024-11-27 12:12:48.659 +01:00 [INF] Application is shutting down...
