2024-11-13 20:43:33.114 +01:00 [INF] User profile is available. Using 'C:\Users\birko\AppData\Local\ASP.NET\DataProtection-Keys' as key repository and Windows DPAPI to encrypt keys at rest.
2024-11-13 20:43:33.675 +01:00 [INF] Now listening on: http://localhost:5272
2024-11-13 20:43:33.686 +01:00 [INF] Application started. Press Ctrl+C to shut down.
2024-11-13 20:43:33.689 +01:00 [INF] Hosting environment: Development
2024-11-13 20:43:33.689 +01:00 [INF] Content root path: C:\Users\birko\OneDrive - OsloMet\ITPE 3200 - Webapplikasjoner\GalleryNote project\GalleryNote – Kopi
2024-11-13 20:48:25.111 +01:00 [INF] Request starting HTTP/1.1 GET http://localhost:5272/ - null null
2024-11-13 20:48:25.217 +01:00 [INF] Executing endpoint 'GalleryNote.Controllers.HomeController.Index (GalleryNote)'
2024-11-13 20:48:25.244 +01:00 [INF] Route matched with {action = "Index", controller = "Home", page = "", area = ""}. Executing controller action with signature Microsoft.AspNetCore.Mvc.IActionResult Index() on controller GalleryNote.Controllers.HomeController (GalleryNote).
2024-11-13 20:48:25.260 +01:00 [INF] Executing ViewResult, running view Index.
2024-11-13 20:48:25.428 +01:00 [INF] Executed ViewResult - view Index executed in 172.8893ms.
2024-11-13 20:48:25.435 +01:00 [INF] Executed action GalleryNote.Controllers.HomeController.Index (GalleryNote) in 189.6864ms
2024-11-13 20:48:25.436 +01:00 [INF] Executed endpoint 'GalleryNote.Controllers.HomeController.Index (GalleryNote)'
2024-11-13 20:48:25.448 +01:00 [INF] Request finished HTTP/1.1 GET http://localhost:5272/ - 200 null text/html; charset=utf-8 344.8791ms
2024-11-13 20:48:54.795 +01:00 [INF] Request starting HTTP/1.1 GET http://localhost:5272/Image/Grid?active=active - null null
2024-11-13 20:48:54.805 +01:00 [INF] Executing endpoint 'GalleryNote.Controllers.ImageController.Grid (GalleryNote)'
2024-11-13 20:48:54.831 +01:00 [INF] Route matched with {action = "Grid", controller = "Image", page = "", area = ""}. Executing controller action with signature System.Threading.Tasks.Task`1[Microsoft.AspNetCore.Mvc.IActionResult] Grid() on controller GalleryNote.Controllers.ImageController (GalleryNote).
2024-11-13 20:48:55.123 +01:00 [INF] Executing ViewResult, running view Grid.
2024-11-13 20:48:55.165 +01:00 [INF] Executed ViewResult - view Grid executed in 44.1792ms.
2024-11-13 20:48:55.166 +01:00 [INF] Executed action GalleryNote.Controllers.ImageController.Grid (GalleryNote) in 334.2015ms
2024-11-13 20:48:55.166 +01:00 [INF] Executed endpoint 'GalleryNote.Controllers.ImageController.Grid (GalleryNote)'
2024-11-13 20:48:55.175 +01:00 [INF] Request finished HTTP/1.1 GET http://localhost:5272/Image/Grid?active=active - 200 null text/html; charset=utf-8 379.8292ms
2024-11-13 20:48:55.220 +01:00 [INF] Request starting HTTP/1.1 GET http://localhost:5272/images/bilde1.jpg - null null
2024-11-13 20:48:55.233 +01:00 [INF] The file /images/bilde1.jpg was not modified
2024-11-13 20:48:55.234 +01:00 [INF] Request finished HTTP/1.1 GET http://localhost:5272/images/bilde1.jpg - 304 null image/jpeg 13.9502ms
2024-11-13 20:49:28.451 +01:00 [INF] Request starting HTTP/1.1 GET http://localhost:5272/Image/Table - null null
2024-11-13 20:49:28.455 +01:00 [INF] Executing endpoint 'GalleryNote.Controllers.ImageController.Table (GalleryNote)'
2024-11-13 20:49:28.473 +01:00 [INF] Route matched with {action = "Table", controller = "Image", page = "", area = ""}. Executing controller action with signature System.Threading.Tasks.Task`1[Microsoft.AspNetCore.Mvc.IActionResult] Table() on controller GalleryNote.Controllers.ImageController (GalleryNote).
2024-11-13 20:49:28.564 +01:00 [INF] Executing ViewResult, running view Table.
2024-11-13 20:49:28.625 +01:00 [INF] Executed ViewResult - view Table executed in 63.2727ms.
2024-11-13 20:49:28.625 +01:00 [INF] Executed action GalleryNote.Controllers.ImageController.Table (GalleryNote) in 152.3325ms
2024-11-13 20:49:28.625 +01:00 [INF] Executed endpoint 'GalleryNote.Controllers.ImageController.Table (GalleryNote)'
2024-11-13 20:49:28.626 +01:00 [INF] Request finished HTTP/1.1 GET http://localhost:5272/Image/Table - 200 null text/html; charset=utf-8 175.3831ms
2024-11-13 20:49:30.873 +01:00 [INF] Request starting HTTP/1.1 GET http://localhost:5272/Image/Grid - null null
2024-11-13 20:49:30.873 +01:00 [INF] Executing endpoint 'GalleryNote.Controllers.ImageController.Grid (GalleryNote)'
2024-11-13 20:49:30.873 +01:00 [INF] Route matched with {action = "Grid", controller = "Image", page = "", area = ""}. Executing controller action with signature System.Threading.Tasks.Task`1[Microsoft.AspNetCore.Mvc.IActionResult] Grid() on controller GalleryNote.Controllers.ImageController (GalleryNote).
2024-11-13 20:49:30.882 +01:00 [INF] Executing ViewResult, running view Grid.
2024-11-13 20:49:30.888 +01:00 [INF] Executed ViewResult - view Grid executed in 6.6867ms.
2024-11-13 20:49:30.888 +01:00 [INF] Executed action GalleryNote.Controllers.ImageController.Grid (GalleryNote) in 14.7796ms
2024-11-13 20:49:30.889 +01:00 [INF] Executed endpoint 'GalleryNote.Controllers.ImageController.Grid (GalleryNote)'
2024-11-13 20:49:30.889 +01:00 [INF] Request finished HTTP/1.1 GET http://localhost:5272/Image/Grid - 200 null text/html; charset=utf-8 16.5669ms
