2024-11-27 14:23:32.627 +01:00 [INF] User profile is available. Using 'C:\Users\birko\AppData\Local\ASP.NET\DataProtection-Keys' as key repository and Windows DPAPI to encrypt keys at rest.
2024-11-27 14:23:33.074 +01:00 [INF] Now listening on: http://localhost:5272
2024-11-27 14:23:33.089 +01:00 [INF] Application started. Press Ctrl+C to shut down.
2024-11-27 14:23:33.091 +01:00 [INF] Hosting environment: Development
2024-11-27 14:23:33.092 +01:00 [INF] Content root path: C:\Users\birko\OneDrive - OsloMet\ITPE 3200 - Webapplikasjoner\GalleryNote project\GalleryNote – Kopi
2024-11-27 14:23:35.441 +01:00 [INF] Request starting HTTP/1.1 GET http://localhost:5272/ - null null
2024-11-27 14:23:35.721 +01:00 [INF] Executing endpoint 'GalleryNote.Controllers.HomeController.Index (GalleryNote)'
2024-11-27 14:23:35.800 +01:00 [INF] Route matched with {action = "Index", controller = "Home", page = "", area = ""}. Executing controller action with signature Microsoft.AspNetCore.Mvc.IActionResult Index() on controller GalleryNote.Controllers.HomeController (GalleryNote).
2024-11-27 14:23:35.849 +01:00 [INF] Executing ViewResult, running view Index.
2024-11-27 14:23:36.225 +01:00 [INF] Executed ViewResult - view Index executed in 405.5001ms.
2024-11-27 14:23:36.233 +01:00 [INF] Executed action GalleryNote.Controllers.HomeController.Index (GalleryNote) in 430.4347ms
2024-11-27 14:23:36.233 +01:00 [INF] Executed endpoint 'GalleryNote.Controllers.HomeController.Index (GalleryNote)'
2024-11-27 14:23:36.260 +01:00 [INF] Request finished HTTP/1.1 GET http://localhost:5272/ - 200 null text/html; charset=utf-8 822.6142ms
2024-11-27 14:23:39.134 +01:00 [INF] Request starting HTTP/1.1 GET http://localhost:5272/Note/Grid?active=active - null null
2024-11-27 14:23:39.432 +01:00 [INF] Executing endpoint 'GalleryNote.Controllers.NoteController.Grid (GalleryNote)'
2024-11-27 14:23:39.455 +01:00 [INF] Route matched with {action = "Grid", controller = "Note", page = "", area = ""}. Executing controller action with signature System.Threading.Tasks.Task`1[Microsoft.AspNetCore.Mvc.IActionResult] Grid() on controller GalleryNote.Controllers.NoteController (GalleryNote).
2024-11-27 14:23:39.750 +01:00 [INF] Executing ViewResult, running view Grid.
2024-11-27 14:23:39.764 +01:00 [INF] Executed ViewResult - view Grid executed in 16.4324ms.
2024-11-27 14:23:39.764 +01:00 [INF] Executed action GalleryNote.Controllers.NoteController.Grid (GalleryNote) in 309.3032ms
2024-11-27 14:23:39.765 +01:00 [INF] Executed endpoint 'GalleryNote.Controllers.NoteController.Grid (GalleryNote)'
2024-11-27 14:23:39.776 +01:00 [INF] Request finished HTTP/1.1 GET http://localhost:5272/Note/Grid?active=active - 200 null text/html; charset=utf-8 642.3539ms
2024-11-27 14:23:43.336 +01:00 [INF] Request starting HTTP/1.1 POST http://localhost:5272/Identity/Account/Logout?returnUrl=%2F - application/x-www-form-urlencoded 225
2024-11-27 14:23:43.365 +01:00 [INF] Executing endpoint '/Account/Logout'
2024-11-27 14:23:43.392 +01:00 [INF] Route matched with {page = "/Account/Logout", area = "Identity", action = "", controller = ""}. Executing page /Account/Logout
2024-11-27 14:23:43.435 +01:00 [INF] Executing handler method GalleryNote.Areas.Identity.Pages.Account.LogoutModel.OnPost - ModelState is "Valid"
2024-11-27 14:23:43.442 +01:00 [INF] AuthenticationScheme: Identity.Application signed out.
2024-11-27 14:23:43.444 +01:00 [INF] AuthenticationScheme: Identity.External signed out.
2024-11-27 14:23:43.444 +01:00 [INF] AuthenticationScheme: Identity.TwoFactorUserId signed out.
2024-11-27 14:23:43.445 +01:00 [INF] User logged out.
2024-11-27 14:23:43.449 +01:00 [INF] Executed handler method OnPost, returned result Microsoft.AspNetCore.Mvc.LocalRedirectResult.
2024-11-27 14:23:43.451 +01:00 [INF] Executing LocalRedirectResult, redirecting to /.
2024-11-27 14:23:43.452 +01:00 [INF] Executed page /Account/Logout in 58.8013ms
2024-11-27 14:23:43.452 +01:00 [INF] Executed endpoint '/Account/Logout'
2024-11-27 14:23:43.452 +01:00 [INF] Request finished HTTP/1.1 POST http://localhost:5272/Identity/Account/Logout?returnUrl=%2F - 302 0 null 115.8089ms
2024-11-27 14:23:43.456 +01:00 [INF] Request starting HTTP/1.1 GET http://localhost:5272/ - null null
2024-11-27 14:23:43.456 +01:00 [INF] Executing endpoint 'GalleryNote.Controllers.HomeController.Index (GalleryNote)'
2024-11-27 14:23:43.457 +01:00 [INF] Route matched with {action = "Index", controller = "Home", page = "", area = ""}. Executing controller action with signature Microsoft.AspNetCore.Mvc.IActionResult Index() on controller GalleryNote.Controllers.HomeController (GalleryNote).
2024-11-27 14:23:43.457 +01:00 [INF] Executing ViewResult, running view Index.
2024-11-27 14:23:43.470 +01:00 [INF] Executed ViewResult - view Index executed in 12.6186ms.
2024-11-27 14:23:43.470 +01:00 [INF] Executed action GalleryNote.Controllers.HomeController.Index (GalleryNote) in 13.1712ms
2024-11-27 14:23:43.470 +01:00 [INF] Executed endpoint 'GalleryNote.Controllers.HomeController.Index (GalleryNote)'
2024-11-27 14:23:43.471 +01:00 [INF] Request finished HTTP/1.1 GET http://localhost:5272/ - 200 null text/html; charset=utf-8 14.7482ms
2024-11-27 14:23:45.952 +01:00 [INF] Request starting HTTP/1.1 GET http://localhost:5272/Identity/Account/Login - null null
2024-11-27 14:23:45.956 +01:00 [INF] Executing endpoint '/Account/Login'
2024-11-27 14:23:45.971 +01:00 [INF] Route matched with {page = "/Account/Login", area = "Identity", action = "", controller = ""}. Executing page /Account/Login
2024-11-27 14:23:45.976 +01:00 [INF] Executing handler method GalleryNote.Areas.Identity.Pages.Account.LoginModel.OnGetAsync - ModelState is "Valid"
2024-11-27 14:23:45.977 +01:00 [INF] AuthenticationScheme: Identity.External signed out.
2024-11-27 14:23:45.978 +01:00 [INF] Executed handler method OnGetAsync, returned result .
2024-11-27 14:23:45.985 +01:00 [INF] Executing an implicit handler method - ModelState is "Valid"
2024-11-27 14:23:45.986 +01:00 [INF] Executed an implicit handler method, returned result Microsoft.AspNetCore.Mvc.RazorPages.PageResult.
2024-11-27 14:23:46.071 +01:00 [INF] Executed page /Account/Login in 99.9886ms
2024-11-27 14:23:46.072 +01:00 [INF] Executed endpoint '/Account/Login'
2024-11-27 14:23:46.072 +01:00 [INF] Request finished HTTP/1.1 GET http://localhost:5272/Identity/Account/Login - 200 null text/html; charset=utf-8 120.27ms
2024-11-27 14:23:46.107 +01:00 [INF] Request starting HTTP/1.1 GET http://localhost:5272/lib/jquery-validation/dist/jquery.validate.min.js - null null
2024-11-27 14:23:46.110 +01:00 [INF] Request starting HTTP/1.1 GET http://localhost:5272/lib/jquery-validation-unobtrusive/jquery.validate.unobtrusive.min.js - null null
2024-11-27 14:23:46.116 +01:00 [INF] Request finished HTTP/1.1 GET http://localhost:5272/lib/jquery-validation/dist/jquery.validate.min.js - 404 0 null 9.1954ms
2024-11-27 14:23:46.116 +01:00 [INF] Request finished HTTP/1.1 GET http://localhost:5272/lib/jquery-validation-unobtrusive/jquery.validate.unobtrusive.min.js - 404 0 null 7.0421ms
2024-11-27 14:23:46.118 +01:00 [INF] Request reached the end of the middleware pipeline without being handled by application code. Request path: GET http://localhost:5272/lib/jquery-validation/dist/jquery.validate.min.js, Response status code: 404
2024-11-27 14:23:46.118 +01:00 [INF] Request reached the end of the middleware pipeline without being handled by application code. Request path: GET http://localhost:5272/lib/jquery-validation-unobtrusive/jquery.validate.unobtrusive.min.js, Response status code: 404
2024-11-27 14:23:51.609 +01:00 [INF] Request starting HTTP/1.1 POST http://localhost:5272/Identity/Account/Login - application/x-www-form-urlencoded 268
2024-11-27 14:23:51.610 +01:00 [INF] Executing endpoint '/Account/Login'
2024-11-27 14:23:51.611 +01:00 [INF] Route matched with {page = "/Account/Login", area = "Identity", action = "", controller = ""}. Executing page /Account/Login
2024-11-27 14:23:51.626 +01:00 [INF] Executing handler method GalleryNote.Areas.Identity.Pages.Account.LoginModel.OnPostAsync - ModelState is "Valid"
2024-11-27 14:23:51.742 +01:00 [INF] Executed handler method OnPostAsync, returned result Microsoft.AspNetCore.Mvc.RazorPages.PageResult.
2024-11-27 14:23:51.749 +01:00 [INF] Executed page /Account/Login in 137.8103ms
2024-11-27 14:23:51.749 +01:00 [INF] Executed endpoint '/Account/Login'
2024-11-27 14:23:51.750 +01:00 [INF] Request finished HTTP/1.1 POST http://localhost:5272/Identity/Account/Login - 200 null text/html; charset=utf-8 140.7584ms
2024-11-27 14:23:51.767 +01:00 [INF] Request starting HTTP/1.1 GET http://localhost:5272/lib/jquery-validation/dist/jquery.validate.min.js - null null
2024-11-27 14:23:51.769 +01:00 [INF] Request finished HTTP/1.1 GET http://localhost:5272/lib/jquery-validation/dist/jquery.validate.min.js - 404 0 null 1.1087ms
2024-11-27 14:23:51.769 +01:00 [INF] Request reached the end of the middleware pipeline without being handled by application code. Request path: GET http://localhost:5272/lib/jquery-validation/dist/jquery.validate.min.js, Response status code: 404
2024-11-27 14:23:51.773 +01:00 [INF] Request starting HTTP/1.1 GET http://localhost:5272/lib/jquery-validation-unobtrusive/jquery.validate.unobtrusive.min.js - null null
2024-11-27 14:23:51.774 +01:00 [INF] Request finished HTTP/1.1 GET http://localhost:5272/lib/jquery-validation-unobtrusive/jquery.validate.unobtrusive.min.js - 404 0 null 0.9093ms
2024-11-27 14:23:51.774 +01:00 [INF] Request reached the end of the middleware pipeline without being handled by application code. Request path: GET http://localhost:5272/lib/jquery-validation-unobtrusive/jquery.validate.unobtrusive.min.js, Response status code: 404
2024-11-27 14:23:55.853 +01:00 [INF] Request starting HTTP/1.1 POST http://localhost:5272/Identity/Account/Login - application/x-www-form-urlencoded 268
2024-11-27 14:23:55.854 +01:00 [INF] Executing endpoint '/Account/Login'
2024-11-27 14:23:55.854 +01:00 [INF] Route matched with {page = "/Account/Login", area = "Identity", action = "", controller = ""}. Executing page /Account/Login
2024-11-27 14:23:55.858 +01:00 [INF] Executing handler method GalleryNote.Areas.Identity.Pages.Account.LoginModel.OnPostAsync - ModelState is "Valid"
2024-11-27 14:23:55.868 +01:00 [INF] Executed handler method OnPostAsync, returned result Microsoft.AspNetCore.Mvc.RazorPages.PageResult.
2024-11-27 14:23:55.871 +01:00 [INF] Executed page /Account/Login in 17.1402ms
2024-11-27 14:23:55.871 +01:00 [INF] Executed endpoint '/Account/Login'
2024-11-27 14:23:55.871 +01:00 [INF] Request finished HTTP/1.1 POST http://localhost:5272/Identity/Account/Login - 200 null text/html; charset=utf-8 18.3368ms
2024-11-27 14:23:55.903 +01:00 [INF] Request starting HTTP/1.1 GET http://localhost:5272/lib/jquery-validation/dist/jquery.validate.min.js - null null
2024-11-27 14:23:55.904 +01:00 [INF] Request finished HTTP/1.1 GET http://localhost:5272/lib/jquery-validation/dist/jquery.validate.min.js - 404 0 null 0.9811ms
2024-11-27 14:23:55.904 +01:00 [INF] Request reached the end of the middleware pipeline without being handled by application code. Request path: GET http://localhost:5272/lib/jquery-validation/dist/jquery.validate.min.js, Response status code: 404
2024-11-27 14:23:55.910 +01:00 [INF] Request starting HTTP/1.1 GET http://localhost:5272/lib/jquery-validation-unobtrusive/jquery.validate.unobtrusive.min.js - null null
2024-11-27 14:23:55.913 +01:00 [INF] Request finished HTTP/1.1 GET http://localhost:5272/lib/jquery-validation-unobtrusive/jquery.validate.unobtrusive.min.js - 404 0 null 1.9861ms
2024-11-27 14:23:55.916 +01:00 [INF] Request reached the end of the middleware pipeline without being handled by application code. Request path: GET http://localhost:5272/lib/jquery-validation-unobtrusive/jquery.validate.unobtrusive.min.js, Response status code: 404
2024-11-27 14:24:07.810 +01:00 [INF] Request starting HTTP/1.1 POST http://localhost:5272/Identity/Account/Login - application/x-www-form-urlencoded 266
2024-11-27 14:24:07.810 +01:00 [INF] Executing endpoint '/Account/Login'
2024-11-27 14:24:07.811 +01:00 [INF] Route matched with {page = "/Account/Login", area = "Identity", action = "", controller = ""}. Executing page /Account/Login
2024-11-27 14:24:07.815 +01:00 [INF] Executing handler method GalleryNote.Areas.Identity.Pages.Account.LoginModel.OnPostAsync - ModelState is "Valid"
2024-11-27 14:24:07.817 +01:00 [INF] Executed handler method OnPostAsync, returned result Microsoft.AspNetCore.Mvc.RazorPages.PageResult.
2024-11-27 14:24:07.820 +01:00 [INF] Executed page /Account/Login in 8.9617ms
2024-11-27 14:24:07.820 +01:00 [INF] Executed endpoint '/Account/Login'
2024-11-27 14:24:07.820 +01:00 [INF] Request finished HTTP/1.1 POST http://localhost:5272/Identity/Account/Login - 200 null text/html; charset=utf-8 10.5366ms
2024-11-27 14:24:07.847 +01:00 [INF] Request starting HTTP/1.1 GET http://localhost:5272/lib/jquery-validation/dist/jquery.validate.min.js - null null
2024-11-27 14:24:07.847 +01:00 [INF] Request finished HTTP/1.1 GET http://localhost:5272/lib/jquery-validation/dist/jquery.validate.min.js - 404 0 null 0.847ms
2024-11-27 14:24:07.848 +01:00 [INF] Request reached the end of the middleware pipeline without being handled by application code. Request path: GET http://localhost:5272/lib/jquery-validation/dist/jquery.validate.min.js, Response status code: 404
2024-11-27 14:24:07.857 +01:00 [INF] Request starting HTTP/1.1 GET http://localhost:5272/lib/jquery-validation-unobtrusive/jquery.validate.unobtrusive.min.js - null null
2024-11-27 14:24:07.858 +01:00 [INF] Request finished HTTP/1.1 GET http://localhost:5272/lib/jquery-validation-unobtrusive/jquery.validate.unobtrusive.min.js - 404 0 null 1.0932ms
2024-11-27 14:24:07.858 +01:00 [INF] Request reached the end of the middleware pipeline without being handled by application code. Request path: GET http://localhost:5272/lib/jquery-validation-unobtrusive/jquery.validate.unobtrusive.min.js, Response status code: 404
2024-11-27 14:24:09.982 +01:00 [INF] Request starting HTTP/1.1 GET http://localhost:5272/Identity/Account/Register - null null
2024-11-27 14:24:09.983 +01:00 [INF] Executing endpoint '/Account/Register'
2024-11-27 14:24:09.991 +01:00 [INF] Route matched with {page = "/Account/Register", area = "Identity", action = "", controller = ""}. Executing page /Account/Register
2024-11-27 14:24:09.996 +01:00 [INF] Executing handler method GalleryNote.Areas.Identity.Pages.Account.RegisterModel.OnGetAsync - ModelState is "Valid"
2024-11-27 14:24:09.997 +01:00 [INF] Executed handler method OnGetAsync, returned result .
2024-11-27 14:24:09.998 +01:00 [INF] Executing an implicit handler method - ModelState is "Valid"
2024-11-27 14:24:09.998 +01:00 [INF] Executed an implicit handler method, returned result Microsoft.AspNetCore.Mvc.RazorPages.PageResult.
2024-11-27 14:24:10.026 +01:00 [INF] Executed page /Account/Register in 34.7228ms
2024-11-27 14:24:10.026 +01:00 [INF] Executed endpoint '/Account/Register'
2024-11-27 14:24:10.026 +01:00 [INF] Request finished HTTP/1.1 GET http://localhost:5272/Identity/Account/Register - 200 null text/html; charset=utf-8 43.915ms
2024-11-27 14:24:10.049 +01:00 [INF] Request starting HTTP/1.1 GET http://localhost:5272/lib/jquery-validation/dist/jquery.validate.min.js - null null
2024-11-27 14:24:10.050 +01:00 [INF] Request finished HTTP/1.1 GET http://localhost:5272/lib/jquery-validation/dist/jquery.validate.min.js - 404 0 null 0.7851ms
2024-11-27 14:24:10.050 +01:00 [INF] Request reached the end of the middleware pipeline without being handled by application code. Request path: GET http://localhost:5272/lib/jquery-validation/dist/jquery.validate.min.js, Response status code: 404
2024-11-27 14:24:10.057 +01:00 [INF] Request starting HTTP/1.1 GET http://localhost:5272/lib/jquery-validation-unobtrusive/jquery.validate.unobtrusive.min.js - null null
2024-11-27 14:24:10.059 +01:00 [INF] Request finished HTTP/1.1 GET http://localhost:5272/lib/jquery-validation-unobtrusive/jquery.validate.unobtrusive.min.js - 404 0 null 1.8957ms
2024-11-27 14:24:10.059 +01:00 [INF] Request reached the end of the middleware pipeline without being handled by application code. Request path: GET http://localhost:5272/lib/jquery-validation-unobtrusive/jquery.validate.unobtrusive.min.js, Response status code: 404
2024-11-27 14:24:22.231 +01:00 [INF] Request starting HTTP/1.1 POST http://localhost:5272/Identity/Account/Register - application/x-www-form-urlencoded 277
2024-11-27 14:24:22.231 +01:00 [INF] Executing endpoint '/Account/Register'
2024-11-27 14:24:22.232 +01:00 [INF] Route matched with {page = "/Account/Register", area = "Identity", action = "", controller = ""}. Executing page /Account/Register
2024-11-27 14:24:22.238 +01:00 [INF] Executing handler method GalleryNote.Areas.Identity.Pages.Account.RegisterModel.OnPostAsync - ModelState is "Valid"
2024-11-27 14:24:22.526 +01:00 [INF] User created a new account with password.
2024-11-27 14:24:22.580 +01:00 [INF] AuthenticationScheme: Identity.Application signed in.
2024-11-27 14:24:22.581 +01:00 [INF] Executed handler method OnPostAsync, returned result Microsoft.AspNetCore.Mvc.LocalRedirectResult.
2024-11-27 14:24:22.581 +01:00 [INF] Executing LocalRedirectResult, redirecting to /.
2024-11-27 14:24:22.581 +01:00 [INF] Executed page /Account/Register in 348.7685ms
2024-11-27 14:24:22.581 +01:00 [INF] Executed endpoint '/Account/Register'
2024-11-27 14:24:22.581 +01:00 [INF] Request finished HTTP/1.1 POST http://localhost:5272/Identity/Account/Register - 302 0 null 350.7148ms
2024-11-27 14:24:22.585 +01:00 [INF] Request starting HTTP/1.1 GET http://localhost:5272/ - null null
2024-11-27 14:24:22.588 +01:00 [INF] Executing endpoint 'GalleryNote.Controllers.HomeController.Index (GalleryNote)'
2024-11-27 14:24:22.588 +01:00 [INF] Route matched with {action = "Index", controller = "Home", page = "", area = ""}. Executing controller action with signature Microsoft.AspNetCore.Mvc.IActionResult Index() on controller GalleryNote.Controllers.HomeController (GalleryNote).
2024-11-27 14:24:22.588 +01:00 [INF] Executing ViewResult, running view Index.
2024-11-27 14:24:22.589 +01:00 [INF] Executed ViewResult - view Index executed in 1.2248ms.
2024-11-27 14:24:22.590 +01:00 [INF] Executed action GalleryNote.Controllers.HomeController.Index (GalleryNote) in 1.4804ms
2024-11-27 14:24:22.590 +01:00 [INF] Executed endpoint 'GalleryNote.Controllers.HomeController.Index (GalleryNote)'
2024-11-27 14:24:22.590 +01:00 [INF] Request finished HTTP/1.1 GET http://localhost:5272/ - 200 null text/html; charset=utf-8 4.9303ms
2024-11-27 14:24:24.759 +01:00 [INF] Request starting HTTP/1.1 GET http://localhost:5272/Note/Grid?active=active - null null
2024-11-27 14:24:24.763 +01:00 [INF] Executing endpoint 'GalleryNote.Controllers.NoteController.Grid (GalleryNote)'
2024-11-27 14:24:24.764 +01:00 [INF] Route matched with {action = "Grid", controller = "Note", page = "", area = ""}. Executing controller action with signature System.Threading.Tasks.Task`1[Microsoft.AspNetCore.Mvc.IActionResult] Grid() on controller GalleryNote.Controllers.NoteController (GalleryNote).
2024-11-27 14:24:24.768 +01:00 [INF] Executing ViewResult, running view Grid.
2024-11-27 14:24:24.773 +01:00 [INF] Executed ViewResult - view Grid executed in 4.8628ms.
2024-11-27 14:24:24.773 +01:00 [INF] Executed action GalleryNote.Controllers.NoteController.Grid (GalleryNote) in 9.5098ms
2024-11-27 14:24:24.773 +01:00 [INF] Executed endpoint 'GalleryNote.Controllers.NoteController.Grid (GalleryNote)'
2024-11-27 14:24:24.774 +01:00 [INF] Request finished HTTP/1.1 GET http://localhost:5272/Note/Grid?active=active - 200 null text/html; charset=utf-8 14.7282ms
2024-11-27 14:24:28.318 +01:00 [INF] Request starting HTTP/1.1 GET http://localhost:5272/Note/Create - null null
2024-11-27 14:24:28.325 +01:00 [INF] Executing endpoint 'GalleryNote.Controllers.NoteController.Create (GalleryNote)'
2024-11-27 14:24:28.329 +01:00 [INF] Route matched with {action = "Create", controller = "Note", page = "", area = ""}. Executing controller action with signature Microsoft.AspNetCore.Mvc.IActionResult Create() on controller GalleryNote.Controllers.NoteController (GalleryNote).
2024-11-27 14:24:28.334 +01:00 [INF] Executing ViewResult, running view Create.
2024-11-27 14:24:28.360 +01:00 [INF] Executed ViewResult - view Create executed in 28.1781ms.
2024-11-27 14:24:28.361 +01:00 [INF] Executed action GalleryNote.Controllers.NoteController.Create (GalleryNote) in 31.0137ms
2024-11-27 14:24:28.361 +01:00 [INF] Executed endpoint 'GalleryNote.Controllers.NoteController.Create (GalleryNote)'
2024-11-27 14:24:28.361 +01:00 [INF] Request finished HTTP/1.1 GET http://localhost:5272/Note/Create - 200 null text/html; charset=utf-8 42.9253ms
2024-11-27 14:24:32.970 +01:00 [INF] Request starting HTTP/1.1 POST http://localhost:5272/Note/Create - application/x-www-form-urlencoded 237
2024-11-27 14:24:32.973 +01:00 [INF] Executing endpoint 'GalleryNote.Controllers.NoteController.Create (GalleryNote)'
2024-11-27 14:24:32.977 +01:00 [INF] Route matched with {action = "Create", controller = "Note", page = "", area = ""}. Executing controller action with signature System.Threading.Tasks.Task`1[Microsoft.AspNetCore.Mvc.IActionResult] Create(GalleryNote.Models.Note) on controller GalleryNote.Controllers.NoteController (GalleryNote).
2024-11-27 14:24:33.070 +01:00 [INF] Executing RedirectResult, redirecting to /Note/Grid.
2024-11-27 14:24:33.071 +01:00 [INF] Executed action GalleryNote.Controllers.NoteController.Create (GalleryNote) in 93.8226ms
2024-11-27 14:24:33.071 +01:00 [INF] Executed endpoint 'GalleryNote.Controllers.NoteController.Create (GalleryNote)'
2024-11-27 14:24:33.071 +01:00 [INF] Request finished HTTP/1.1 POST http://localhost:5272/Note/Create - 302 0 null 101.0018ms
2024-11-27 14:24:33.075 +01:00 [INF] Request starting HTTP/1.1 GET http://localhost:5272/Note/Grid - null null
2024-11-27 14:24:33.078 +01:00 [INF] Executing endpoint 'GalleryNote.Controllers.NoteController.Grid (GalleryNote)'
2024-11-27 14:24:33.078 +01:00 [INF] Route matched with {action = "Grid", controller = "Note", page = "", area = ""}. Executing controller action with signature System.Threading.Tasks.Task`1[Microsoft.AspNetCore.Mvc.IActionResult] Grid() on controller GalleryNote.Controllers.NoteController (GalleryNote).
2024-11-27 14:24:33.085 +01:00 [INF] Executing ViewResult, running view Grid.
2024-11-27 14:24:33.088 +01:00 [INF] Executed ViewResult - view Grid executed in 3.6589ms.
2024-11-27 14:24:33.089 +01:00 [INF] Executed action GalleryNote.Controllers.NoteController.Grid (GalleryNote) in 10.3469ms
2024-11-27 14:24:33.089 +01:00 [INF] Executed endpoint 'GalleryNote.Controllers.NoteController.Grid (GalleryNote)'
2024-11-27 14:24:33.089 +01:00 [INF] Request finished HTTP/1.1 GET http://localhost:5272/Note/Grid - 200 null text/html; charset=utf-8 13.7201ms
2024-11-27 14:24:34.916 +01:00 [INF] Request starting HTTP/1.1 GET http://localhost:5272/Note/Update/6 - null null
2024-11-27 14:24:34.918 +01:00 [INF] Executing endpoint 'GalleryNote.Controllers.NoteController.Update (GalleryNote)'
2024-11-27 14:24:34.925 +01:00 [INF] Route matched with {action = "Update", controller = "Note", page = "", area = ""}. Executing controller action with signature System.Threading.Tasks.Task`1[Microsoft.AspNetCore.Mvc.IActionResult] Update(Int32) on controller GalleryNote.Controllers.NoteController (GalleryNote).
2024-11-27 14:24:34.949 +01:00 [INF] Executing ViewResult, running view Update.
2024-11-27 14:24:34.972 +01:00 [INF] Executed ViewResult - view Update executed in 26.3125ms.
2024-11-27 14:24:34.972 +01:00 [INF] Executed action GalleryNote.Controllers.NoteController.Update (GalleryNote) in 47.0342ms
2024-11-27 14:24:34.972 +01:00 [INF] Executed endpoint 'GalleryNote.Controllers.NoteController.Update (GalleryNote)'
2024-11-27 14:24:34.972 +01:00 [INF] Request finished HTTP/1.1 GET http://localhost:5272/Note/Update/6 - 200 null text/html; charset=utf-8 56.5232ms
2024-11-27 14:24:38.850 +01:00 [INF] Request starting HTTP/1.1 POST http://localhost:5272/Note/Update/6 - application/x-www-form-urlencoded 285
2024-11-27 14:24:38.851 +01:00 [INF] Executing endpoint 'GalleryNote.Controllers.NoteController.Update (GalleryNote)'
2024-11-27 14:24:38.856 +01:00 [INF] Route matched with {action = "Update", controller = "Note", page = "", area = ""}. Executing controller action with signature System.Threading.Tasks.Task`1[Microsoft.AspNetCore.Mvc.IActionResult] Update(GalleryNote.Models.Note) on controller GalleryNote.Controllers.NoteController (GalleryNote).
2024-11-27 14:24:38.881 +01:00 [INF] Executing RedirectResult, redirecting to /Note/Grid.
2024-11-27 14:24:38.882 +01:00 [INF] Executed action GalleryNote.Controllers.NoteController.Update (GalleryNote) in 26.0848ms
2024-11-27 14:24:38.882 +01:00 [INF] Executed endpoint 'GalleryNote.Controllers.NoteController.Update (GalleryNote)'
2024-11-27 14:24:38.883 +01:00 [INF] Request finished HTTP/1.1 POST http://localhost:5272/Note/Update/6 - 302 0 null 32.9381ms
2024-11-27 14:24:38.892 +01:00 [INF] Request starting HTTP/1.1 GET http://localhost:5272/Note/Grid - null null
2024-11-27 14:24:38.895 +01:00 [INF] Executing endpoint 'GalleryNote.Controllers.NoteController.Grid (GalleryNote)'
2024-11-27 14:24:38.895 +01:00 [INF] Route matched with {action = "Grid", controller = "Note", page = "", area = ""}. Executing controller action with signature System.Threading.Tasks.Task`1[Microsoft.AspNetCore.Mvc.IActionResult] Grid() on controller GalleryNote.Controllers.NoteController (GalleryNote).
2024-11-27 14:24:38.899 +01:00 [INF] Executing ViewResult, running view Grid.
2024-11-27 14:24:38.902 +01:00 [INF] Executed ViewResult - view Grid executed in 3.3915ms.
2024-11-27 14:24:38.902 +01:00 [INF] Executed action GalleryNote.Controllers.NoteController.Grid (GalleryNote) in 7.2007ms
2024-11-27 14:24:38.903 +01:00 [INF] Executed endpoint 'GalleryNote.Controllers.NoteController.Grid (GalleryNote)'
2024-11-27 14:24:38.903 +01:00 [INF] Request finished HTTP/1.1 GET http://localhost:5272/Note/Grid - 200 null text/html; charset=utf-8 11.266ms
2024-11-27 14:24:42.022 +01:00 [INF] Request starting HTTP/1.1 GET http://localhost:5272/Image/Grid?active=active - null null
2024-11-27 14:24:42.024 +01:00 [INF] Executing endpoint 'GalleryNote.Controllers.ImageController.Grid (GalleryNote)'
2024-11-27 14:24:42.026 +01:00 [INF] Route matched with {action = "Grid", controller = "Image", page = "", area = ""}. Executing controller action with signature Microsoft.AspNetCore.Mvc.IActionResult Grid() on controller GalleryNote.Controllers.ImageController (GalleryNote).
2024-11-27 14:24:42.058 +01:00 [INF] Executing ViewResult, running view Grid.
2024-11-27 14:24:42.082 +01:00 [INF] Executed ViewResult - view Grid executed in 23.8855ms.
2024-11-27 14:24:42.082 +01:00 [INF] Executed action GalleryNote.Controllers.ImageController.Grid (GalleryNote) in 55.7888ms
2024-11-27 14:24:42.083 +01:00 [INF] Executed endpoint 'GalleryNote.Controllers.ImageController.Grid (GalleryNote)'
2024-11-27 14:24:42.086 +01:00 [INF] Request finished HTTP/1.1 GET http://localhost:5272/Image/Grid?active=active - 200 null text/html; charset=utf-8 64.0363ms
2024-11-27 14:24:43.982 +01:00 [INF] Request starting HTTP/1.1 GET http://localhost:5272/Image/Create - null null
2024-11-27 14:24:43.986 +01:00 [INF] Executing endpoint 'GalleryNote.Controllers.ImageController.Create (GalleryNote)'
2024-11-27 14:24:43.987 +01:00 [INF] Route matched with {action = "Create", controller = "Image", page = "", area = ""}. Executing controller action with signature Microsoft.AspNetCore.Mvc.IActionResult Create() on controller GalleryNote.Controllers.ImageController (GalleryNote).
2024-11-27 14:24:43.988 +01:00 [INF] Executing ViewResult, running view Create.
2024-11-27 14:24:44.007 +01:00 [INF] Executed ViewResult - view Create executed in 20.1385ms.
2024-11-27 14:24:44.008 +01:00 [INF] Executed action GalleryNote.Controllers.ImageController.Create (GalleryNote) in 20.4614ms
2024-11-27 14:24:44.008 +01:00 [INF] Executed endpoint 'GalleryNote.Controllers.ImageController.Create (GalleryNote)'
2024-11-27 14:24:44.008 +01:00 [INF] Request finished HTTP/1.1 GET http://localhost:5272/Image/Create - 200 null text/html; charset=utf-8 25.6425ms
2024-11-27 14:24:59.710 +01:00 [INF] Request starting HTTP/1.1 POST http://localhost:5272/Image/Create - multipart/form-data; boundary=----WebKitFormBoundaryi49cmwTVNRURHFt3 225901
2024-11-27 14:24:59.718 +01:00 [INF] Executing endpoint 'GalleryNote.Controllers.ImageController.Create (GalleryNote)'
2024-11-27 14:24:59.737 +01:00 [INF] Route matched with {action = "Create", controller = "Image", page = "", area = ""}. Executing controller action with signature System.Threading.Tasks.Task`1[Microsoft.AspNetCore.Mvc.IActionResult] Create(GalleryNote.Models.Image, Microsoft.AspNetCore.Http.IFormFile) on controller GalleryNote.Controllers.ImageController (GalleryNote).
2024-11-27 14:24:59.883 +01:00 [INF] Executing RedirectResult, redirecting to /Image/Grid.
2024-11-27 14:24:59.884 +01:00 [INF] Executed action GalleryNote.Controllers.ImageController.Create (GalleryNote) in 146.283ms
2024-11-27 14:24:59.884 +01:00 [INF] Executed endpoint 'GalleryNote.Controllers.ImageController.Create (GalleryNote)'
2024-11-27 14:24:59.887 +01:00 [INF] Request finished HTTP/1.1 POST http://localhost:5272/Image/Create - 302 0 null 176.4428ms
2024-11-27 14:24:59.893 +01:00 [INF] Request starting HTTP/1.1 GET http://localhost:5272/Image/Grid - null null
2024-11-27 14:24:59.896 +01:00 [INF] Executing endpoint 'GalleryNote.Controllers.ImageController.Grid (GalleryNote)'
2024-11-27 14:24:59.897 +01:00 [INF] Route matched with {action = "Grid", controller = "Image", page = "", area = ""}. Executing controller action with signature Microsoft.AspNetCore.Mvc.IActionResult Grid() on controller GalleryNote.Controllers.ImageController (GalleryNote).
2024-11-27 14:24:59.898 +01:00 [INF] Executing ViewResult, running view Grid.
2024-11-27 14:24:59.900 +01:00 [INF] Executed ViewResult - view Grid executed in 2.2455ms.
2024-11-27 14:24:59.900 +01:00 [INF] Executed action GalleryNote.Controllers.ImageController.Grid (GalleryNote) in 3.6417ms
2024-11-27 14:24:59.900 +01:00 [INF] Executed endpoint 'GalleryNote.Controllers.ImageController.Grid (GalleryNote)'
2024-11-27 14:24:59.901 +01:00 [INF] Request finished HTTP/1.1 GET http://localhost:5272/Image/Grid - 200 null text/html; charset=utf-8 7.7022ms
2024-11-27 14:24:59.932 +01:00 [INF] Request starting HTTP/1.1 GET http://localhost:5272/images/1.jpg - null null
2024-11-27 14:24:59.960 +01:00 [INF] Sending file. Request path: '/images/1.jpg'. Physical path: 'C:\Users\birko\OneDrive - OsloMet\ITPE 3200 - Webapplikasjoner\GalleryNote project\GalleryNote – Kopi\wwwroot\images\1.jpg'
2024-11-27 14:24:59.961 +01:00 [INF] Request finished HTTP/1.1 GET http://localhost:5272/images/1.jpg - 200 225303 image/jpeg 28.6006ms
2024-11-27 14:25:07.982 +01:00 [INF] Request starting HTTP/1.1 GET http://localhost:5272/Image/Update/6 - null null
2024-11-27 14:25:07.985 +01:00 [INF] Executing endpoint 'GalleryNote.Controllers.ImageController.Update (GalleryNote)'
2024-11-27 14:25:07.988 +01:00 [INF] Route matched with {action = "Update", controller = "Image", page = "", area = ""}. Executing controller action with signature Microsoft.AspNetCore.Mvc.IActionResult Update(Int32) on controller GalleryNote.Controllers.ImageController (GalleryNote).
2024-11-27 14:25:08.009 +01:00 [INF] Executing ViewResult, running view Update.
2024-11-27 14:25:08.031 +01:00 [INF] Executed ViewResult - view Update executed in 24.1811ms.
2024-11-27 14:25:08.031 +01:00 [INF] Executed action GalleryNote.Controllers.ImageController.Update (GalleryNote) in 42.9578ms
2024-11-27 14:25:08.031 +01:00 [INF] Executed endpoint 'GalleryNote.Controllers.ImageController.Update (GalleryNote)'
2024-11-27 14:25:08.031 +01:00 [INF] Request finished HTTP/1.1 GET http://localhost:5272/Image/Update/6 - 200 null text/html; charset=utf-8 49.3279ms
2024-11-27 14:25:19.447 +01:00 [INF] Request starting HTTP/1.1 POST http://localhost:5272/Image/Update/6 - application/x-www-form-urlencoded 314
2024-11-27 14:25:19.453 +01:00 [INF] Executing endpoint 'GalleryNote.Controllers.ImageController.Update (GalleryNote)'
2024-11-27 14:25:19.461 +01:00 [INF] Route matched with {action = "Update", controller = "Image", page = "", area = ""}. Executing controller action with signature System.Threading.Tasks.Task`1[Microsoft.AspNetCore.Mvc.IActionResult] Update(GalleryNote.Models.Image, Microsoft.AspNetCore.Http.IFormFile) on controller GalleryNote.Controllers.ImageController (GalleryNote).
2024-11-27 14:25:19.487 +01:00 [INF] Executing ViewResult, running view Update.
2024-11-27 14:25:19.491 +01:00 [INF] Executed ViewResult - view Update executed in 4.2713ms.
2024-11-27 14:25:19.491 +01:00 [INF] Executed action GalleryNote.Controllers.ImageController.Update (GalleryNote) in 30.5907ms
2024-11-27 14:25:19.491 +01:00 [INF] Executed endpoint 'GalleryNote.Controllers.ImageController.Update (GalleryNote)'
2024-11-27 14:25:19.492 +01:00 [INF] Request finished HTTP/1.1 POST http://localhost:5272/Image/Update/6 - 200 null text/html; charset=utf-8 44.8517ms
2024-11-27 14:25:20.508 +01:00 [INF] Request starting HTTP/1.1 POST http://localhost:5272/Image/Update/6 - application/x-www-form-urlencoded 314
2024-11-27 14:25:20.510 +01:00 [INF] Executing endpoint 'GalleryNote.Controllers.ImageController.Update (GalleryNote)'
2024-11-27 14:25:20.510 +01:00 [INF] Route matched with {action = "Update", controller = "Image", page = "", area = ""}. Executing controller action with signature System.Threading.Tasks.Task`1[Microsoft.AspNetCore.Mvc.IActionResult] Update(GalleryNote.Models.Image, Microsoft.AspNetCore.Http.IFormFile) on controller GalleryNote.Controllers.ImageController (GalleryNote).
2024-11-27 14:25:20.512 +01:00 [INF] Executing ViewResult, running view Update.
2024-11-27 14:25:20.514 +01:00 [INF] Executed ViewResult - view Update executed in 2.2637ms.
2024-11-27 14:25:20.515 +01:00 [INF] Executed action GalleryNote.Controllers.ImageController.Update (GalleryNote) in 4.6953ms
2024-11-27 14:25:20.515 +01:00 [INF] Executed endpoint 'GalleryNote.Controllers.ImageController.Update (GalleryNote)'
2024-11-27 14:25:20.515 +01:00 [INF] Request finished HTTP/1.1 POST http://localhost:5272/Image/Update/6 - 200 null text/html; charset=utf-8 7.3461ms
2024-11-27 14:27:59.933 +01:00 [INF] Application is shutting down...
