2024-11-11 14:32:35.820 +01:00 [INF] User profile is available. Using 'C:\Users\birko\AppData\Local\ASP.NET\DataProtection-Keys' as key repository and Windows DPAPI to encrypt keys at rest.
2024-11-11 14:32:36.247 +01:00 [INF] Now listening on: http://localhost:5272
2024-11-11 14:32:36.256 +01:00 [INF] Application started. Press Ctrl+C to shut down.
2024-11-11 14:32:36.258 +01:00 [INF] Hosting environment: Development
2024-11-11 14:32:36.258 +01:00 [INF] Content root path: C:\Users\birko\OneDrive - OsloMet\ITPE 3200 - Webapplikasjoner\GalleryNote project\GalleryNote – Kopi
2024-11-11 14:32:37.997 +01:00 [INF] Request starting HTTP/1.1 GET http://localhost:5272/ - null null
2024-11-11 14:32:38.105 +01:00 [INF] Executing endpoint 'GalleryNote.Controllers.HomeController.Index (GalleryNote)'
2024-11-11 14:32:38.127 +01:00 [INF] Route matched with {action = "Index", controller = "Home", page = "", area = ""}. Executing controller action with signature Microsoft.AspNetCore.Mvc.IActionResult Index() on controller GalleryNote.Controllers.HomeController (GalleryNote).
2024-11-11 14:32:38.142 +01:00 [INF] Executing ViewResult, running view Index.
2024-11-11 14:32:38.297 +01:00 [INF] Executed ViewResult - view Index executed in 154.3658ms.
2024-11-11 14:32:38.305 +01:00 [INF] Executed action GalleryNote.Controllers.HomeController.Index (GalleryNote) in 177.2084ms
2024-11-11 14:32:38.306 +01:00 [INF] Executed endpoint 'GalleryNote.Controllers.HomeController.Index (GalleryNote)'
2024-11-11 14:32:38.318 +01:00 [INF] Request finished HTTP/1.1 GET http://localhost:5272/ - 200 null text/html; charset=utf-8 327.2847ms
2024-11-11 14:32:40.671 +01:00 [INF] Request starting HTTP/1.1 GET http://localhost:5272/Image/Table?active=active - null null
2024-11-11 14:32:40.685 +01:00 [INF] Executing endpoint 'GalleryNote.Controllers.ImageController.Table (GalleryNote)'
2024-11-11 14:32:40.708 +01:00 [INF] Route matched with {action = "Table", controller = "Image", page = "", area = ""}. Executing controller action with signature System.Threading.Tasks.Task`1[Microsoft.AspNetCore.Mvc.IActionResult] Table() on controller GalleryNote.Controllers.ImageController (GalleryNote).
2024-11-11 14:32:40.971 +01:00 [INF] Executing ViewResult, running view Table.
2024-11-11 14:32:41.011 +01:00 [INF] Executed ViewResult - view Table executed in 41.5122ms.
2024-11-11 14:32:41.011 +01:00 [INF] Executed action GalleryNote.Controllers.ImageController.Table (GalleryNote) in 302.3635ms
2024-11-11 14:32:41.011 +01:00 [INF] Executed endpoint 'GalleryNote.Controllers.ImageController.Table (GalleryNote)'
2024-11-11 14:32:41.021 +01:00 [INF] Request finished HTTP/1.1 GET http://localhost:5272/Image/Table?active=active - 200 null text/html; charset=utf-8 350.4651ms
2024-11-11 14:32:41.864 +01:00 [INF] Request starting HTTP/1.1 GET http://localhost:5272/?active=active - null null
2024-11-11 14:32:41.869 +01:00 [INF] Executing endpoint 'GalleryNote.Controllers.HomeController.Index (GalleryNote)'
2024-11-11 14:32:41.869 +01:00 [INF] Route matched with {action = "Index", controller = "Home", page = "", area = ""}. Executing controller action with signature Microsoft.AspNetCore.Mvc.IActionResult Index() on controller GalleryNote.Controllers.HomeController (GalleryNote).
2024-11-11 14:32:41.870 +01:00 [INF] Executing ViewResult, running view Index.
2024-11-11 14:32:41.896 +01:00 [INF] Executed ViewResult - view Index executed in 26.4062ms.
2024-11-11 14:32:41.897 +01:00 [INF] Executed action GalleryNote.Controllers.HomeController.Index (GalleryNote) in 27.4448ms
2024-11-11 14:32:41.897 +01:00 [INF] Executed endpoint 'GalleryNote.Controllers.HomeController.Index (GalleryNote)'
2024-11-11 14:32:41.898 +01:00 [INF] Request finished HTTP/1.1 GET http://localhost:5272/?active=active - 200 null text/html; charset=utf-8 33.832ms
2024-11-11 14:32:42.833 +01:00 [INF] Request starting HTTP/1.1 GET http://localhost:5272/Image/Table?active=active - null null
2024-11-11 14:32:42.838 +01:00 [INF] Executing endpoint 'GalleryNote.Controllers.ImageController.Table (GalleryNote)'
2024-11-11 14:32:42.838 +01:00 [INF] Route matched with {action = "Table", controller = "Image", page = "", area = ""}. Executing controller action with signature System.Threading.Tasks.Task`1[Microsoft.AspNetCore.Mvc.IActionResult] Table() on controller GalleryNote.Controllers.ImageController (GalleryNote).
2024-11-11 14:32:42.994 +01:00 [INF] Executing ViewResult, running view Table.
2024-11-11 14:32:43.008 +01:00 [INF] Executed ViewResult - view Table executed in 13.1911ms.
2024-11-11 14:32:43.008 +01:00 [INF] Executed action GalleryNote.Controllers.ImageController.Table (GalleryNote) in 169.6066ms
2024-11-11 14:32:43.008 +01:00 [INF] Executed endpoint 'GalleryNote.Controllers.ImageController.Table (GalleryNote)'
2024-11-11 14:32:43.009 +01:00 [INF] Request finished HTTP/1.1 GET http://localhost:5272/Image/Table?active=active - 200 null text/html; charset=utf-8 175.931ms
2024-11-11 14:32:43.835 +01:00 [INF] Request starting HTTP/1.1 GET http://localhost:5272/?active=active - null null
2024-11-11 14:32:43.836 +01:00 [INF] Executing endpoint 'GalleryNote.Controllers.HomeController.Index (GalleryNote)'
2024-11-11 14:32:43.837 +01:00 [INF] Route matched with {action = "Index", controller = "Home", page = "", area = ""}. Executing controller action with signature Microsoft.AspNetCore.Mvc.IActionResult Index() on controller GalleryNote.Controllers.HomeController (GalleryNote).
2024-11-11 14:32:43.837 +01:00 [INF] Executing ViewResult, running view Index.
2024-11-11 14:32:43.839 +01:00 [INF] Executed ViewResult - view Index executed in 1.8824ms.
2024-11-11 14:32:43.839 +01:00 [INF] Executed action GalleryNote.Controllers.HomeController.Index (GalleryNote) in 2.4149ms
2024-11-11 14:32:43.839 +01:00 [INF] Executed endpoint 'GalleryNote.Controllers.HomeController.Index (GalleryNote)'
2024-11-11 14:32:43.840 +01:00 [INF] Request finished HTTP/1.1 GET http://localhost:5272/?active=active - 200 null text/html; charset=utf-8 4.4375ms
2024-11-11 14:32:44.911 +01:00 [INF] Request starting HTTP/1.1 GET http://localhost:5272/Image/Table?active=active - null null
2024-11-11 14:32:44.912 +01:00 [INF] Executing endpoint 'GalleryNote.Controllers.ImageController.Table (GalleryNote)'
2024-11-11 14:32:44.912 +01:00 [INF] Route matched with {action = "Table", controller = "Image", page = "", area = ""}. Executing controller action with signature System.Threading.Tasks.Task`1[Microsoft.AspNetCore.Mvc.IActionResult] Table() on controller GalleryNote.Controllers.ImageController (GalleryNote).
2024-11-11 14:32:44.919 +01:00 [INF] Executing ViewResult, running view Table.
2024-11-11 14:32:44.925 +01:00 [INF] Executed ViewResult - view Table executed in 6.0976ms.
2024-11-11 14:32:44.925 +01:00 [INF] Executed action GalleryNote.Controllers.ImageController.Table (GalleryNote) in 12.7057ms
2024-11-11 14:32:44.926 +01:00 [INF] Executed endpoint 'GalleryNote.Controllers.ImageController.Table (GalleryNote)'
2024-11-11 14:32:44.926 +01:00 [INF] Request finished HTTP/1.1 GET http://localhost:5272/Image/Table?active=active - 200 null text/html; charset=utf-8 15.1702ms
2024-11-11 14:32:45.921 +01:00 [INF] Request starting HTTP/1.1 GET http://localhost:5272/?active=active - null null
2024-11-11 14:32:45.922 +01:00 [INF] Executing endpoint 'GalleryNote.Controllers.HomeController.Index (GalleryNote)'
2024-11-11 14:32:45.923 +01:00 [INF] Route matched with {action = "Index", controller = "Home", page = "", area = ""}. Executing controller action with signature Microsoft.AspNetCore.Mvc.IActionResult Index() on controller GalleryNote.Controllers.HomeController (GalleryNote).
2024-11-11 14:32:45.923 +01:00 [INF] Executing ViewResult, running view Index.
2024-11-11 14:32:45.925 +01:00 [INF] Executed ViewResult - view Index executed in 2.1671ms.
2024-11-11 14:32:45.926 +01:00 [INF] Executed action GalleryNote.Controllers.HomeController.Index (GalleryNote) in 2.8899ms
2024-11-11 14:32:45.926 +01:00 [INF] Executed endpoint 'GalleryNote.Controllers.HomeController.Index (GalleryNote)'
2024-11-11 14:32:45.927 +01:00 [INF] Request finished HTTP/1.1 GET http://localhost:5272/?active=active - 200 null text/html; charset=utf-8 5.385ms
2024-11-11 14:33:21.493 +01:00 [INF] Application is shutting down...
