2024-11-26 19:42:13.755 +01:00 [INF] User profile is available. Using 'C:\Users\birko\AppData\Local\ASP.NET\DataProtection-Keys' as key repository and Windows DPAPI to encrypt keys at rest.
2024-11-26 19:42:14.628 +01:00 [INF] Now listening on: http://localhost:5272
2024-11-26 19:42:14.642 +01:00 [INF] Application started. Press Ctrl+C to shut down.
2024-11-26 19:42:14.644 +01:00 [INF] Hosting environment: Development
2024-11-26 19:42:14.645 +01:00 [INF] Content root path: C:\Users\birko\OneDrive - OsloMet\ITPE 3200 - Webapplikasjoner\GalleryNote project\GalleryNote – Kopi
2024-11-26 19:42:19.918 +01:00 [INF] Request starting HTTP/1.1 GET http://localhost:5272/ - null null
2024-11-26 19:42:20.032 +01:00 [INF] Executing endpoint 'GalleryNote.Controllers.HomeController.Index (GalleryNote)'
2024-11-26 19:42:20.059 +01:00 [INF] Route matched with {action = "Index", controller = "Home", page = "", area = ""}. Executing controller action with signature Microsoft.AspNetCore.Mvc.IActionResult Index() on controller GalleryNote.Controllers.HomeController (GalleryNote).
2024-11-26 19:42:20.083 +01:00 [INF] Executing ViewResult, running view Index.
2024-11-26 19:42:20.383 +01:00 [INF] Executed ViewResult - view Index executed in 301.4759ms.
2024-11-26 19:42:20.402 +01:00 [INF] Executed action GalleryNote.Controllers.HomeController.Index (GalleryNote) in 334.597ms
2024-11-26 19:42:20.402 +01:00 [INF] Executed endpoint 'GalleryNote.Controllers.HomeController.Index (GalleryNote)'
2024-11-26 19:42:20.434 +01:00 [INF] Request finished HTTP/1.1 GET http://localhost:5272/ - 200 null text/html; charset=utf-8 519.6409ms
2024-11-26 19:42:21.987 +01:00 [INF] Request starting HTTP/1.1 GET http://localhost:5272/Note/Grid?active=active - null null
2024-11-26 19:42:21.993 +01:00 [INF] Executing endpoint 'GalleryNote.Controllers.NoteController.Grid (GalleryNote)'
2024-11-26 19:42:22.016 +01:00 [INF] Route matched with {action = "Grid", controller = "Note", page = "", area = ""}. Executing controller action with signature System.Threading.Tasks.Task`1[Microsoft.AspNetCore.Mvc.IActionResult] Grid() on controller GalleryNote.Controllers.NoteController (GalleryNote).
2024-11-26 19:42:22.449 +01:00 [INF] Executing ViewResult, running view Grid.
2024-11-26 19:42:22.471 +01:00 [INF] Executed ViewResult - view Grid executed in 23.642ms.
2024-11-26 19:42:22.471 +01:00 [INF] Executed action GalleryNote.Controllers.NoteController.Grid (GalleryNote) in 454.2581ms
2024-11-26 19:42:22.471 +01:00 [INF] Executed endpoint 'GalleryNote.Controllers.NoteController.Grid (GalleryNote)'
2024-11-26 19:42:22.490 +01:00 [INF] Request finished HTTP/1.1 GET http://localhost:5272/Note/Grid?active=active - 200 null text/html; charset=utf-8 503.1687ms
2024-11-26 19:42:24.079 +01:00 [INF] Request starting HTTP/1.1 GET http://localhost:5272/Note/Create - null null
2024-11-26 19:42:24.099 +01:00 [INF] Authorization failed. These requirements were not met:
DenyAnonymousAuthorizationRequirement: Requires an authenticated user.
2024-11-26 19:42:24.106 +01:00 [INF] AuthenticationScheme: Identity.Application was challenged.
2024-11-26 19:42:24.106 +01:00 [INF] Request finished HTTP/1.1 GET http://localhost:5272/Note/Create - 302 0 null 26.7832ms
2024-11-26 19:42:24.112 +01:00 [INF] Request starting HTTP/1.1 GET http://localhost:5272/Identity/Account/Login?ReturnUrl=%2FNote%2FCreate - null null
2024-11-26 19:42:24.113 +01:00 [INF] Executing endpoint '/Account/Login'
2024-11-26 19:42:24.155 +01:00 [INF] Route matched with {page = "/Account/Login", area = "Identity", action = "", controller = ""}. Executing page /Account/Login
2024-11-26 19:42:24.222 +01:00 [INF] Executing handler method GalleryNote.Areas.Identity.Pages.Account.LoginModel.OnGetAsync - ModelState is "Valid"
2024-11-26 19:42:24.229 +01:00 [INF] AuthenticationScheme: Identity.External signed out.
2024-11-26 19:42:24.233 +01:00 [INF] Executed handler method OnGetAsync, returned result .
2024-11-26 19:42:24.237 +01:00 [INF] Executing an implicit handler method - ModelState is "Valid"
2024-11-26 19:42:24.238 +01:00 [INF] Executed an implicit handler method, returned result Microsoft.AspNetCore.Mvc.RazorPages.PageResult.
2024-11-26 19:42:24.328 +01:00 [INF] Executed page /Account/Login in 172.2376ms
2024-11-26 19:42:24.329 +01:00 [INF] Executed endpoint '/Account/Login'
2024-11-26 19:42:24.329 +01:00 [INF] Request finished HTTP/1.1 GET http://localhost:5272/Identity/Account/Login?ReturnUrl=%2FNote%2FCreate - 200 null text/html; charset=utf-8 217.5594ms
2024-11-26 19:42:24.362 +01:00 [INF] Request starting HTTP/1.1 GET http://localhost:5272/lib/jquery-validation/dist/jquery.validate.min.js - null null
2024-11-26 19:42:24.368 +01:00 [INF] Request finished HTTP/1.1 GET http://localhost:5272/lib/jquery-validation/dist/jquery.validate.min.js - 404 0 null 5.8144ms
2024-11-26 19:42:24.369 +01:00 [INF] Request reached the end of the middleware pipeline without being handled by application code. Request path: GET http://localhost:5272/lib/jquery-validation/dist/jquery.validate.min.js, Response status code: 404
2024-11-26 19:42:24.372 +01:00 [INF] Request starting HTTP/1.1 GET http://localhost:5272/lib/jquery-validation-unobtrusive/jquery.validate.unobtrusive.min.js - null null
2024-11-26 19:42:24.374 +01:00 [INF] Request finished HTTP/1.1 GET http://localhost:5272/lib/jquery-validation-unobtrusive/jquery.validate.unobtrusive.min.js - 404 0 null 1.8125ms
2024-11-26 19:42:24.375 +01:00 [INF] Request reached the end of the middleware pipeline without being handled by application code. Request path: GET http://localhost:5272/lib/jquery-validation-unobtrusive/jquery.validate.unobtrusive.min.js, Response status code: 404
2024-11-26 19:42:27.237 +01:00 [INF] Request starting HTTP/1.1 GET http://localhost:5272/Identity/Account/Register?returnUrl=%2FNote%2FCreate - null null
2024-11-26 19:42:27.248 +01:00 [INF] Executing endpoint '/Account/Register'
2024-11-26 19:42:27.266 +01:00 [INF] Route matched with {page = "/Account/Register", area = "Identity", action = "", controller = ""}. Executing page /Account/Register
2024-11-26 19:42:27.275 +01:00 [INF] Executing handler method GalleryNote.Areas.Identity.Pages.Account.RegisterModel.OnGetAsync - ModelState is "Valid"
2024-11-26 19:42:27.277 +01:00 [INF] Executed handler method OnGetAsync, returned result .
2024-11-26 19:42:27.277 +01:00 [INF] Executing an implicit handler method - ModelState is "Valid"
2024-11-26 19:42:27.278 +01:00 [INF] Executed an implicit handler method, returned result Microsoft.AspNetCore.Mvc.RazorPages.PageResult.
2024-11-26 19:42:27.339 +01:00 [INF] Executed page /Account/Register in 72.61ms
2024-11-26 19:42:27.339 +01:00 [INF] Executed endpoint '/Account/Register'
2024-11-26 19:42:27.339 +01:00 [INF] Request finished HTTP/1.1 GET http://localhost:5272/Identity/Account/Register?returnUrl=%2FNote%2FCreate - 200 null text/html; charset=utf-8 102.2104ms
2024-11-26 19:42:27.368 +01:00 [INF] Request starting HTTP/1.1 GET http://localhost:5272/lib/jquery-validation/dist/jquery.validate.min.js - null null
2024-11-26 19:42:27.369 +01:00 [INF] Request starting HTTP/1.1 GET http://localhost:5272/lib/jquery-validation-unobtrusive/jquery.validate.unobtrusive.min.js - null null
2024-11-26 19:42:27.370 +01:00 [INF] Request finished HTTP/1.1 GET http://localhost:5272/lib/jquery-validation/dist/jquery.validate.min.js - 404 0 null 1.3392ms
2024-11-26 19:42:27.370 +01:00 [INF] Request reached the end of the middleware pipeline without being handled by application code. Request path: GET http://localhost:5272/lib/jquery-validation/dist/jquery.validate.min.js, Response status code: 404
2024-11-26 19:42:27.371 +01:00 [INF] Request finished HTTP/1.1 GET http://localhost:5272/lib/jquery-validation-unobtrusive/jquery.validate.unobtrusive.min.js - 404 0 null 1.1298ms
2024-11-26 19:42:27.371 +01:00 [INF] Request reached the end of the middleware pipeline without being handled by application code. Request path: GET http://localhost:5272/lib/jquery-validation-unobtrusive/jquery.validate.unobtrusive.min.js, Response status code: 404
2024-11-26 19:42:36.570 +01:00 [INF] Request starting HTTP/1.1 POST http://localhost:5272/Identity/Account/Register?returnUrl=%2FNote%2FCreate - application/x-www-form-urlencoded 277
2024-11-26 19:42:36.571 +01:00 [INF] Executing endpoint '/Account/Register'
2024-11-26 19:42:36.571 +01:00 [INF] Route matched with {page = "/Account/Register", area = "Identity", action = "", controller = ""}. Executing page /Account/Register
2024-11-26 19:42:36.611 +01:00 [INF] Executing handler method GalleryNote.Areas.Identity.Pages.Account.RegisterModel.OnPostAsync - ModelState is "Valid"
2024-11-26 19:42:37.471 +01:00 [INF] User created a new account with password.
2024-11-26 19:42:37.579 +01:00 [INF] AuthenticationScheme: Identity.Application signed in.
2024-11-26 19:42:37.582 +01:00 [INF] Executed handler method OnPostAsync, returned result Microsoft.AspNetCore.Mvc.LocalRedirectResult.
2024-11-26 19:42:37.584 +01:00 [INF] Executing LocalRedirectResult, redirecting to /Note/Create.
2024-11-26 19:42:37.584 +01:00 [INF] Executed page /Account/Register in 1013.2397ms
2024-11-26 19:42:37.585 +01:00 [INF] Executed endpoint '/Account/Register'
2024-11-26 19:42:37.585 +01:00 [INF] Request finished HTTP/1.1 POST http://localhost:5272/Identity/Account/Register?returnUrl=%2FNote%2FCreate - 302 0 null 1015.621ms
2024-11-26 19:42:37.592 +01:00 [INF] Request starting HTTP/1.1 GET http://localhost:5272/Note/Create - null null
2024-11-26 19:42:37.611 +01:00 [INF] Executing endpoint 'GalleryNote.Controllers.NoteController.Create (GalleryNote)'
2024-11-26 19:42:37.615 +01:00 [INF] Route matched with {action = "Create", controller = "Note", page = "", area = ""}. Executing controller action with signature Microsoft.AspNetCore.Mvc.IActionResult Create() on controller GalleryNote.Controllers.NoteController (GalleryNote).
2024-11-26 19:42:37.617 +01:00 [INF] Executing ViewResult, running view Create.
2024-11-26 19:42:37.651 +01:00 [INF] Executed ViewResult - view Create executed in 35.6131ms.
2024-11-26 19:42:37.651 +01:00 [INF] Executed action GalleryNote.Controllers.NoteController.Create (GalleryNote) in 36.6509ms
2024-11-26 19:42:37.652 +01:00 [INF] Executed endpoint 'GalleryNote.Controllers.NoteController.Create (GalleryNote)'
2024-11-26 19:42:37.652 +01:00 [INF] Request finished HTTP/1.1 GET http://localhost:5272/Note/Create - 200 null text/html; charset=utf-8 59.9467ms
2024-11-26 19:42:41.404 +01:00 [INF] Request starting HTTP/1.1 POST http://localhost:5272/Note/Create - application/x-www-form-urlencoded 250
2024-11-26 19:42:41.422 +01:00 [INF] Executing endpoint 'GalleryNote.Controllers.NoteController.Create (GalleryNote)'
2024-11-26 19:42:41.457 +01:00 [INF] Route matched with {action = "Create", controller = "Note", page = "", area = ""}. Executing controller action with signature System.Threading.Tasks.Task`1[Microsoft.AspNetCore.Mvc.IActionResult] Create(GalleryNote.Models.Note) on controller GalleryNote.Controllers.NoteController (GalleryNote).
2024-11-26 19:42:41.614 +01:00 [INF] Executing RedirectResult, redirecting to /Note/Grid.
2024-11-26 19:42:41.614 +01:00 [INF] Executed action GalleryNote.Controllers.NoteController.Create (GalleryNote) in 156.9018ms
2024-11-26 19:42:41.614 +01:00 [INF] Executed endpoint 'GalleryNote.Controllers.NoteController.Create (GalleryNote)'
2024-11-26 19:42:41.616 +01:00 [INF] Request finished HTTP/1.1 POST http://localhost:5272/Note/Create - 302 0 null 210.7313ms
2024-11-26 19:42:41.620 +01:00 [INF] Request starting HTTP/1.1 GET http://localhost:5272/Note/Grid - null null
2024-11-26 19:42:41.628 +01:00 [INF] Executing endpoint 'GalleryNote.Controllers.NoteController.Grid (GalleryNote)'
2024-11-26 19:42:41.629 +01:00 [INF] Route matched with {action = "Grid", controller = "Note", page = "", area = ""}. Executing controller action with signature System.Threading.Tasks.Task`1[Microsoft.AspNetCore.Mvc.IActionResult] Grid() on controller GalleryNote.Controllers.NoteController (GalleryNote).
2024-11-26 19:42:41.633 +01:00 [INF] Executing ViewResult, running view Grid.
2024-11-26 19:42:41.639 +01:00 [INF] Executed ViewResult - view Grid executed in 5.974ms.
2024-11-26 19:42:41.639 +01:00 [INF] Executed action GalleryNote.Controllers.NoteController.Grid (GalleryNote) in 10.259ms
2024-11-26 19:42:41.639 +01:00 [INF] Executed endpoint 'GalleryNote.Controllers.NoteController.Grid (GalleryNote)'
2024-11-26 19:42:41.640 +01:00 [INF] Request finished HTTP/1.1 GET http://localhost:5272/Note/Grid - 200 null text/html; charset=utf-8 19.8789ms
2024-11-26 19:42:47.844 +01:00 [INF] Request starting HTTP/1.1 GET http://localhost:5272/Note/Create - null null
2024-11-26 19:42:47.850 +01:00 [INF] Executing endpoint 'GalleryNote.Controllers.NoteController.Create (GalleryNote)'
2024-11-26 19:42:47.851 +01:00 [INF] Route matched with {action = "Create", controller = "Note", page = "", area = ""}. Executing controller action with signature Microsoft.AspNetCore.Mvc.IActionResult Create() on controller GalleryNote.Controllers.NoteController (GalleryNote).
2024-11-26 19:42:47.851 +01:00 [INF] Executing ViewResult, running view Create.
2024-11-26 19:42:47.857 +01:00 [INF] Executed ViewResult - view Create executed in 5.741ms.
2024-11-26 19:42:47.857 +01:00 [INF] Executed action GalleryNote.Controllers.NoteController.Create (GalleryNote) in 6.2894ms
2024-11-26 19:42:47.857 +01:00 [INF] Executed endpoint 'GalleryNote.Controllers.NoteController.Create (GalleryNote)'
2024-11-26 19:42:47.858 +01:00 [INF] Request finished HTTP/1.1 GET http://localhost:5272/Note/Create - 200 null text/html; charset=utf-8 14.2262ms
2024-11-26 19:42:51.687 +01:00 [INF] Request starting HTTP/1.1 POST http://localhost:5272/Note/Create - application/x-www-form-urlencoded 246
2024-11-26 19:42:51.697 +01:00 [INF] Executing endpoint 'GalleryNote.Controllers.NoteController.Create (GalleryNote)'
2024-11-26 19:42:51.697 +01:00 [INF] Route matched with {action = "Create", controller = "Note", page = "", area = ""}. Executing controller action with signature System.Threading.Tasks.Task`1[Microsoft.AspNetCore.Mvc.IActionResult] Create(GalleryNote.Models.Note) on controller GalleryNote.Controllers.NoteController (GalleryNote).
2024-11-26 19:42:51.733 +01:00 [INF] Executing RedirectResult, redirecting to /Note/Grid.
2024-11-26 19:42:51.733 +01:00 [INF] Executed action GalleryNote.Controllers.NoteController.Create (GalleryNote) in 36.018ms
2024-11-26 19:42:51.734 +01:00 [INF] Executed endpoint 'GalleryNote.Controllers.NoteController.Create (GalleryNote)'
2024-11-26 19:42:51.735 +01:00 [INF] Request finished HTTP/1.1 POST http://localhost:5272/Note/Create - 302 0 null 47.1922ms
2024-11-26 19:42:51.745 +01:00 [INF] Request starting HTTP/1.1 GET http://localhost:5272/Note/Grid - null null
2024-11-26 19:42:51.749 +01:00 [INF] Executing endpoint 'GalleryNote.Controllers.NoteController.Grid (GalleryNote)'
2024-11-26 19:42:51.749 +01:00 [INF] Route matched with {action = "Grid", controller = "Note", page = "", area = ""}. Executing controller action with signature System.Threading.Tasks.Task`1[Microsoft.AspNetCore.Mvc.IActionResult] Grid() on controller GalleryNote.Controllers.NoteController (GalleryNote).
2024-11-26 19:42:51.751 +01:00 [INF] Executing ViewResult, running view Grid.
2024-11-26 19:42:51.767 +01:00 [INF] Executed ViewResult - view Grid executed in 15.9576ms.
2024-11-26 19:42:51.768 +01:00 [INF] Executed action GalleryNote.Controllers.NoteController.Grid (GalleryNote) in 18.4953ms
2024-11-26 19:42:51.768 +01:00 [INF] Executed endpoint 'GalleryNote.Controllers.NoteController.Grid (GalleryNote)'
2024-11-26 19:42:51.769 +01:00 [INF] Request finished HTTP/1.1 GET http://localhost:5272/Note/Grid - 200 null text/html; charset=utf-8 23.9306ms
2024-11-26 19:43:05.233 +01:00 [INF] Application is shutting down...
