2024-11-27 12:18:49.230 +01:00 [INF] User profile is available. Using 'C:\Users\birko\AppData\Local\ASP.NET\DataProtection-Keys' as key repository and Windows DPAPI to encrypt keys at rest.
2024-11-27 12:18:49.831 +01:00 [INF] Now listening on: http://localhost:5272
2024-11-27 12:18:49.847 +01:00 [INF] Application started. Press Ctrl+C to shut down.
2024-11-27 12:18:49.849 +01:00 [INF] Hosting environment: Development
2024-11-27 12:18:49.849 +01:00 [INF] Content root path: C:\Users\birko\OneDrive - OsloMet\ITPE 3200 - Webapplikasjoner\GalleryNote project\GalleryNote – Kopi
2024-11-27 12:18:50.601 +01:00 [INF] Request starting HTTP/1.1 GET http://localhost:5272/ - null null
2024-11-27 12:18:50.994 +01:00 [INF] Executing endpoint 'GalleryNote.Controllers.HomeController.Index (GalleryNote)'
2024-11-27 12:18:51.034 +01:00 [INF] Route matched with {action = "Index", controller = "Home", page = "", area = ""}. Executing controller action with signature Microsoft.AspNetCore.Mvc.IActionResult Index() on controller GalleryNote.Controllers.HomeController (GalleryNote).
2024-11-27 12:18:51.060 +01:00 [INF] Executing ViewResult, running view Index.
2024-11-27 12:18:51.387 +01:00 [INF] Executed ViewResult - view Index executed in 335.2147ms.
2024-11-27 12:18:51.392 +01:00 [INF] Executed action GalleryNote.Controllers.HomeController.Index (GalleryNote) in 356.0245ms
2024-11-27 12:18:51.393 +01:00 [INF] Executed endpoint 'GalleryNote.Controllers.HomeController.Index (GalleryNote)'
2024-11-27 12:18:51.433 +01:00 [INF] Request finished HTTP/1.1 GET http://localhost:5272/ - 200 null text/html; charset=utf-8 836.0147ms
2024-11-27 12:18:51.495 +01:00 [INF] Request starting HTTP/1.1 GET http://localhost:5272/_framework/aspnetcore-browser-refresh.js - null null
2024-11-27 12:18:51.500 +01:00 [INF] Request finished HTTP/1.1 GET http://localhost:5272/_framework/aspnetcore-browser-refresh.js - 200 13732 application/javascript; charset=utf-8 4.1318ms
2024-11-27 12:19:52.835 +01:00 [INF] Request starting HTTP/1.1 GET http://localhost:5272/Note/Grid?active=active - null null
2024-11-27 12:19:53.025 +01:00 [INF] Executing endpoint 'GalleryNote.Controllers.NoteController.Grid (GalleryNote)'
2024-11-27 12:19:53.054 +01:00 [INF] Route matched with {action = "Grid", controller = "Note", page = "", area = ""}. Executing controller action with signature System.Threading.Tasks.Task`1[Microsoft.AspNetCore.Mvc.IActionResult] Grid() on controller GalleryNote.Controllers.NoteController (GalleryNote).
2024-11-27 12:19:53.752 +01:00 [INF] Executing ViewResult, running view Grid.
2024-11-27 12:19:53.780 +01:00 [INF] Executed ViewResult - view Grid executed in 29.5868ms.
2024-11-27 12:19:53.780 +01:00 [INF] Executed action GalleryNote.Controllers.NoteController.Grid (GalleryNote) in 725.3342ms
2024-11-27 12:19:53.780 +01:00 [INF] Executed endpoint 'GalleryNote.Controllers.NoteController.Grid (GalleryNote)'
2024-11-27 12:19:53.795 +01:00 [INF] Request finished HTTP/1.1 GET http://localhost:5272/Note/Grid?active=active - 200 null text/html; charset=utf-8 960.4573ms
2024-11-27 12:19:53.809 +01:00 [INF] Request starting HTTP/1.1 GET http://localhost:5272/_framework/aspnetcore-browser-refresh.js - null null
2024-11-27 12:19:53.810 +01:00 [INF] Request finished HTTP/1.1 GET http://localhost:5272/_framework/aspnetcore-browser-refresh.js - 200 13732 application/javascript; charset=utf-8 0.9409ms
2024-11-27 12:19:56.442 +01:00 [INF] Request starting HTTP/1.1 GET http://localhost:5272/Image/Grid?active=active - null null
2024-11-27 12:19:56.481 +01:00 [INF] Executing endpoint 'GalleryNote.Controllers.ImageController.Grid (GalleryNote)'
2024-11-27 12:19:56.488 +01:00 [INF] Route matched with {action = "Grid", controller = "Image", page = "", area = ""}. Executing controller action with signature Microsoft.AspNetCore.Mvc.IActionResult Grid() on controller GalleryNote.Controllers.ImageController (GalleryNote).
2024-11-27 12:19:56.553 +01:00 [INF] Executing ViewResult, running view Grid.
2024-11-27 12:19:56.596 +01:00 [INF] Executed ViewResult - view Grid executed in 43.8768ms.
2024-11-27 12:19:56.597 +01:00 [INF] Executed action GalleryNote.Controllers.ImageController.Grid (GalleryNote) in 108.6956ms
2024-11-27 12:19:56.598 +01:00 [INF] Executed endpoint 'GalleryNote.Controllers.ImageController.Grid (GalleryNote)'
2024-11-27 12:19:56.606 +01:00 [INF] Request finished HTTP/1.1 GET http://localhost:5272/Image/Grid?active=active - 200 null text/html; charset=utf-8 164.1063ms
2024-11-27 12:19:56.644 +01:00 [INF] Request starting HTTP/1.1 GET http://localhost:5272/_framework/aspnetcore-browser-refresh.js - null null
2024-11-27 12:19:56.645 +01:00 [INF] Request finished HTTP/1.1 GET http://localhost:5272/_framework/aspnetcore-browser-refresh.js - 200 13732 application/javascript; charset=utf-8 0.7907ms
2024-11-27 12:20:07.198 +01:00 [INF] Request starting HTTP/1.1 GET http://localhost:5272/Image/Create - null null
2024-11-27 12:20:07.225 +01:00 [INF] Executing endpoint 'GalleryNote.Controllers.ImageController.Create (GalleryNote)'
2024-11-27 12:20:07.230 +01:00 [INF] Route matched with {action = "Create", controller = "Image", page = "", area = ""}. Executing controller action with signature Microsoft.AspNetCore.Mvc.IActionResult Create() on controller GalleryNote.Controllers.ImageController (GalleryNote).
2024-11-27 12:20:07.234 +01:00 [INF] Executing ViewResult, running view Create.
2024-11-27 12:20:07.305 +01:00 [INF] Executed ViewResult - view Create executed in 73.2961ms.
2024-11-27 12:20:07.306 +01:00 [INF] Executed action GalleryNote.Controllers.ImageController.Create (GalleryNote) in 74.8087ms
2024-11-27 12:20:07.306 +01:00 [INF] Executed endpoint 'GalleryNote.Controllers.ImageController.Create (GalleryNote)'
2024-11-27 12:20:07.306 +01:00 [INF] Request finished HTTP/1.1 GET http://localhost:5272/Image/Create - 200 null text/html; charset=utf-8 107.9479ms
2024-11-27 12:20:07.329 +01:00 [INF] Request starting HTTP/1.1 GET http://localhost:5272/_framework/aspnetcore-browser-refresh.js - null null
2024-11-27 12:20:07.330 +01:00 [INF] Request finished HTTP/1.1 GET http://localhost:5272/_framework/aspnetcore-browser-refresh.js - 200 13732 application/javascript; charset=utf-8 0.5458ms
2024-11-27 12:20:27.908 +01:00 [INF] Request starting HTTP/1.1 GET http://localhost:5272/Image/Grid - null null
2024-11-27 12:20:27.927 +01:00 [INF] Executing endpoint 'GalleryNote.Controllers.ImageController.Grid (GalleryNote)'
2024-11-27 12:20:27.928 +01:00 [INF] Route matched with {action = "Grid", controller = "Image", page = "", area = ""}. Executing controller action with signature Microsoft.AspNetCore.Mvc.IActionResult Grid() on controller GalleryNote.Controllers.ImageController (GalleryNote).
2024-11-27 12:20:27.930 +01:00 [INF] Executing ViewResult, running view Grid.
2024-11-27 12:20:27.934 +01:00 [INF] Executed ViewResult - view Grid executed in 3.5893ms.
2024-11-27 12:20:27.934 +01:00 [INF] Executed action GalleryNote.Controllers.ImageController.Grid (GalleryNote) in 6.328ms
2024-11-27 12:20:27.934 +01:00 [INF] Executed endpoint 'GalleryNote.Controllers.ImageController.Grid (GalleryNote)'
2024-11-27 12:20:27.935 +01:00 [INF] Request finished HTTP/1.1 GET http://localhost:5272/Image/Grid - 200 null text/html; charset=utf-8 27.0728ms
2024-11-27 12:20:27.986 +01:00 [INF] Request starting HTTP/1.1 GET http://localhost:5272/_framework/aspnetcore-browser-refresh.js - null null
2024-11-27 12:20:27.987 +01:00 [INF] Request finished HTTP/1.1 GET http://localhost:5272/_framework/aspnetcore-browser-refresh.js - 200 13732 application/javascript; charset=utf-8 0.997ms
2024-11-27 12:22:41.117 +01:00 [INF] Request starting HTTP/1.1 GET http://localhost:5272/Image/Grid - null null
2024-11-27 12:22:41.132 +01:00 [INF] Executing endpoint 'GalleryNote.Controllers.ImageController.Grid (GalleryNote)'
2024-11-27 12:22:41.135 +01:00 [INF] Route matched with {action = "Grid", controller = "Image", page = "", area = ""}. Executing controller action with signature Microsoft.AspNetCore.Mvc.IActionResult Grid() on controller GalleryNote.Controllers.ImageController (GalleryNote).
2024-11-27 12:22:41.152 +01:00 [INF] Executing ViewResult, running view Grid.
2024-11-27 12:22:41.182 +01:00 [INF] Executed ViewResult - view Grid executed in 38.9833ms.
2024-11-27 12:22:41.183 +01:00 [INF] Executed action GalleryNote.Controllers.ImageController.Grid (GalleryNote) in 47.837ms
2024-11-27 12:22:41.183 +01:00 [INF] Executed endpoint 'GalleryNote.Controllers.ImageController.Grid (GalleryNote)'
2024-11-27 12:22:41.184 +01:00 [INF] Request finished HTTP/1.1 GET http://localhost:5272/Image/Grid - 200 null text/html; charset=utf-8 66.1476ms
2024-11-27 12:22:41.210 +01:00 [INF] Request starting HTTP/1.1 GET http://localhost:5272/_framework/aspnetcore-browser-refresh.js - null null
2024-11-27 12:22:41.210 +01:00 [INF] Request finished HTTP/1.1 GET http://localhost:5272/_framework/aspnetcore-browser-refresh.js - 200 13732 application/javascript; charset=utf-8 0.3809ms
2024-11-27 12:29:53.234 +01:00 [INF] Request starting HTTP/1.1 GET http://localhost:5272/Image/Grid - null null
2024-11-27 12:29:53.252 +01:00 [INF] Executing endpoint 'GalleryNote.Controllers.ImageController.Grid (GalleryNote)'
2024-11-27 12:29:53.252 +01:00 [INF] Route matched with {action = "Grid", controller = "Image", page = "", area = ""}. Executing controller action with signature Microsoft.AspNetCore.Mvc.IActionResult Grid() on controller GalleryNote.Controllers.ImageController (GalleryNote).
2024-11-27 12:29:53.258 +01:00 [INF] Executing ViewResult, running view Grid.
2024-11-27 12:29:53.262 +01:00 [INF] Executed ViewResult - view Grid executed in 3.6299ms.
2024-11-27 12:29:53.262 +01:00 [INF] Executed action GalleryNote.Controllers.ImageController.Grid (GalleryNote) in 9.6772ms
2024-11-27 12:29:53.262 +01:00 [INF] Executed endpoint 'GalleryNote.Controllers.ImageController.Grid (GalleryNote)'
2024-11-27 12:29:53.263 +01:00 [INF] Request finished HTTP/1.1 GET http://localhost:5272/Image/Grid - 200 null text/html; charset=utf-8 28.6166ms
2024-11-27 12:29:53.282 +01:00 [INF] Request starting HTTP/1.1 GET http://localhost:5272/_framework/aspnetcore-browser-refresh.js - null null
2024-11-27 12:29:53.282 +01:00 [INF] Request finished HTTP/1.1 GET http://localhost:5272/_framework/aspnetcore-browser-refresh.js - 200 13732 application/javascript; charset=utf-8 0.4399ms
2024-11-27 12:29:55.379 +01:00 [INF] Request starting HTTP/1.1 GET http://localhost:5272/Image/Grid - null null
2024-11-27 12:29:55.386 +01:00 [INF] Executing endpoint 'GalleryNote.Controllers.ImageController.Grid (GalleryNote)'
2024-11-27 12:29:55.386 +01:00 [INF] Route matched with {action = "Grid", controller = "Image", page = "", area = ""}. Executing controller action with signature Microsoft.AspNetCore.Mvc.IActionResult Grid() on controller GalleryNote.Controllers.ImageController (GalleryNote).
2024-11-27 12:29:55.396 +01:00 [INF] Executing ViewResult, running view Grid.
2024-11-27 12:29:55.400 +01:00 [INF] Executed ViewResult - view Grid executed in 4.8239ms.
2024-11-27 12:29:55.401 +01:00 [INF] Executed action GalleryNote.Controllers.ImageController.Grid (GalleryNote) in 13.4631ms
2024-11-27 12:29:55.401 +01:00 [INF] Executed endpoint 'GalleryNote.Controllers.ImageController.Grid (GalleryNote)'
2024-11-27 12:29:55.401 +01:00 [INF] Request finished HTTP/1.1 GET http://localhost:5272/Image/Grid - 200 null text/html; charset=utf-8 22.2652ms
2024-11-27 12:29:55.456 +01:00 [INF] Request starting HTTP/1.1 GET http://localhost:5272/_framework/aspnetcore-browser-refresh.js - null null
2024-11-27 12:29:55.456 +01:00 [INF] Request finished HTTP/1.1 GET http://localhost:5272/_framework/aspnetcore-browser-refresh.js - 200 13732 application/javascript; charset=utf-8 0.3668ms
2024-11-27 12:30:14.465 +01:00 [INF] Request starting HTTP/1.1 GET http://localhost:5272/Image/Create - null null
2024-11-27 12:30:14.474 +01:00 [INF] Executing endpoint 'GalleryNote.Controllers.ImageController.Create (GalleryNote)'
2024-11-27 12:30:14.478 +01:00 [INF] Route matched with {action = "Create", controller = "Image", page = "", area = ""}. Executing controller action with signature Microsoft.AspNetCore.Mvc.IActionResult Create() on controller GalleryNote.Controllers.ImageController (GalleryNote).
2024-11-27 12:30:14.481 +01:00 [INF] Executing ViewResult, running view Create.
2024-11-27 12:30:14.518 +01:00 [INF] Executed ViewResult - view Create executed in 39.4728ms.
2024-11-27 12:30:14.518 +01:00 [INF] Executed action GalleryNote.Controllers.ImageController.Create (GalleryNote) in 40.4359ms
2024-11-27 12:30:14.519 +01:00 [INF] Executed endpoint 'GalleryNote.Controllers.ImageController.Create (GalleryNote)'
2024-11-27 12:30:14.520 +01:00 [INF] Request finished HTTP/1.1 GET http://localhost:5272/Image/Create - 200 null text/html; charset=utf-8 55.08ms
2024-11-27 12:30:14.561 +01:00 [INF] Request starting HTTP/1.1 GET http://localhost:5272/_framework/aspnetcore-browser-refresh.js - null null
2024-11-27 12:30:14.561 +01:00 [INF] Request finished HTTP/1.1 GET http://localhost:5272/_framework/aspnetcore-browser-refresh.js - 200 13732 application/javascript; charset=utf-8 0.283ms
2024-11-27 12:30:51.359 +01:00 [INF] Request starting HTTP/1.1 POST http://localhost:5272/Image/Create - multipart/form-data; boundary=----WebKitFormBoundaryadHfZWQQTbnkhA62 369175
2024-11-27 12:30:51.368 +01:00 [INF] Executing endpoint 'GalleryNote.Controllers.ImageController.Create (GalleryNote)'
2024-11-27 12:30:51.397 +01:00 [INF] Route matched with {action = "Create", controller = "Image", page = "", area = ""}. Executing controller action with signature System.Threading.Tasks.Task`1[Microsoft.AspNetCore.Mvc.IActionResult] Create(GalleryNote.Models.Image) on controller GalleryNote.Controllers.ImageController (GalleryNote).
2024-11-27 12:30:52.081 +01:00 [INF] Executing RedirectResult, redirecting to /Image/Grid.
2024-11-27 12:30:52.081 +01:00 [INF] Executed action GalleryNote.Controllers.ImageController.Create (GalleryNote) in 684.0697ms
2024-11-27 12:30:52.082 +01:00 [INF] Executed endpoint 'GalleryNote.Controllers.ImageController.Create (GalleryNote)'
2024-11-27 12:30:52.092 +01:00 [INF] Request finished HTTP/1.1 POST http://localhost:5272/Image/Create - 302 0 null 733.5997ms
2024-11-27 12:30:52.093 +01:00 [INF] Request starting HTTP/1.1 GET http://localhost:5272/Image/Grid - null null
2024-11-27 12:30:52.098 +01:00 [INF] Executing endpoint 'GalleryNote.Controllers.ImageController.Grid (GalleryNote)'
2024-11-27 12:30:52.098 +01:00 [INF] Route matched with {action = "Grid", controller = "Image", page = "", area = ""}. Executing controller action with signature Microsoft.AspNetCore.Mvc.IActionResult Grid() on controller GalleryNote.Controllers.ImageController (GalleryNote).
2024-11-27 12:30:52.100 +01:00 [INF] Executing ViewResult, running view Grid.
2024-11-27 12:30:52.106 +01:00 [INF] Executed ViewResult - view Grid executed in 5.8454ms.
2024-11-27 12:30:52.106 +01:00 [INF] Executed action GalleryNote.Controllers.ImageController.Grid (GalleryNote) in 7.6173ms
2024-11-27 12:30:52.106 +01:00 [INF] Executed endpoint 'GalleryNote.Controllers.ImageController.Grid (GalleryNote)'
2024-11-27 12:30:52.106 +01:00 [INF] Request finished HTTP/1.1 GET http://localhost:5272/Image/Grid - 200 null text/html; charset=utf-8 13.216ms
2024-11-27 12:30:52.154 +01:00 [INF] Request starting HTTP/1.1 GET http://localhost:5272/_framework/aspnetcore-browser-refresh.js - null null
2024-11-27 12:30:52.154 +01:00 [INF] Request finished HTTP/1.1 GET http://localhost:5272/_framework/aspnetcore-browser-refresh.js - 200 13732 application/javascript; charset=utf-8 0.3995ms
2024-11-27 12:31:26.089 +01:00 [INF] Request starting HTTP/1.1 GET http://localhost:5272/Image/Grid - null null
2024-11-27 12:31:26.093 +01:00 [INF] Executing endpoint 'GalleryNote.Controllers.ImageController.Grid (GalleryNote)'
2024-11-27 12:31:26.093 +01:00 [INF] Route matched with {action = "Grid", controller = "Image", page = "", area = ""}. Executing controller action with signature Microsoft.AspNetCore.Mvc.IActionResult Grid() on controller GalleryNote.Controllers.ImageController (GalleryNote).
2024-11-27 12:31:26.098 +01:00 [INF] Executing ViewResult, running view Grid.
2024-11-27 12:31:26.101 +01:00 [INF] Executed ViewResult - view Grid executed in 2.8929ms.
2024-11-27 12:31:26.101 +01:00 [INF] Executed action GalleryNote.Controllers.ImageController.Grid (GalleryNote) in 7.609ms
2024-11-27 12:31:26.101 +01:00 [INF] Executed endpoint 'GalleryNote.Controllers.ImageController.Grid (GalleryNote)'
2024-11-27 12:31:26.102 +01:00 [INF] Request finished HTTP/1.1 GET http://localhost:5272/Image/Grid - 200 null text/html; charset=utf-8 13.1611ms
2024-11-27 12:31:26.132 +01:00 [INF] Request starting HTTP/1.1 GET http://localhost:5272/_framework/aspnetcore-browser-refresh.js - null null
2024-11-27 12:31:26.133 +01:00 [INF] Request finished HTTP/1.1 GET http://localhost:5272/_framework/aspnetcore-browser-refresh.js - 200 13732 application/javascript; charset=utf-8 0.3543ms
2024-11-27 12:31:35.140 +01:00 [INF] Request starting HTTP/1.1 GET http://localhost:5272/Image/Delete/7 - null null
2024-11-27 12:31:35.145 +01:00 [INF] Executing endpoint 'GalleryNote.Controllers.ImageController.Delete (GalleryNote)'
2024-11-27 12:31:35.148 +01:00 [INF] Route matched with {action = "Delete", controller = "Image", page = "", area = ""}. Executing controller action with signature Microsoft.AspNetCore.Mvc.IActionResult Delete(Int32) on controller GalleryNote.Controllers.ImageController (GalleryNote).
2024-11-27 12:31:35.183 +01:00 [INF] Executing ViewResult, running view Delete.
2024-11-27 12:31:35.207 +01:00 [INF] Executed ViewResult - view Delete executed in 27.3844ms.
2024-11-27 12:31:35.207 +01:00 [INF] Executed action GalleryNote.Controllers.ImageController.Delete (GalleryNote) in 58.1458ms
2024-11-27 12:31:35.207 +01:00 [INF] Executed endpoint 'GalleryNote.Controllers.ImageController.Delete (GalleryNote)'
2024-11-27 12:31:35.207 +01:00 [INF] Request finished HTTP/1.1 GET http://localhost:5272/Image/Delete/7 - 200 null text/html; charset=utf-8 67.1107ms
2024-11-27 12:31:35.236 +01:00 [INF] Request starting HTTP/1.1 GET http://localhost:5272/_framework/aspnetcore-browser-refresh.js - null null
2024-11-27 12:31:35.236 +01:00 [INF] Request finished HTTP/1.1 GET http://localhost:5272/_framework/aspnetcore-browser-refresh.js - 200 13732 application/javascript; charset=utf-8 0.2646ms
2024-11-27 12:31:37.005 +01:00 [INF] Request starting HTTP/1.1 POST http://localhost:5272/Image/DeleteConfirmed/7 - application/x-www-form-urlencoded 225
2024-11-27 12:31:37.009 +01:00 [INF] Executing endpoint 'GalleryNote.Controllers.ImageController.DeleteConfirmed (GalleryNote)'
2024-11-27 12:31:37.012 +01:00 [INF] Route matched with {action = "DeleteConfirmed", controller = "Image", page = "", area = ""}. Executing controller action with signature Microsoft.AspNetCore.Mvc.IActionResult DeleteConfirmed(Int32) on controller GalleryNote.Controllers.ImageController (GalleryNote).
2024-11-27 12:31:37.080 +01:00 [INF] Executing RedirectResult, redirecting to /Image/Grid.
2024-11-27 12:31:37.080 +01:00 [INF] Executed action GalleryNote.Controllers.ImageController.DeleteConfirmed (GalleryNote) in 67.5497ms
2024-11-27 12:31:37.080 +01:00 [INF] Executed endpoint 'GalleryNote.Controllers.ImageController.DeleteConfirmed (GalleryNote)'
2024-11-27 12:31:37.081 +01:00 [INF] Request finished HTTP/1.1 POST http://localhost:5272/Image/DeleteConfirmed/7 - 302 0 null 75.9175ms
2024-11-27 12:31:37.084 +01:00 [INF] Request starting HTTP/1.1 GET http://localhost:5272/Image/Grid - null null
2024-11-27 12:31:37.087 +01:00 [INF] Executing endpoint 'GalleryNote.Controllers.ImageController.Grid (GalleryNote)'
2024-11-27 12:31:37.087 +01:00 [INF] Route matched with {action = "Grid", controller = "Image", page = "", area = ""}. Executing controller action with signature Microsoft.AspNetCore.Mvc.IActionResult Grid() on controller GalleryNote.Controllers.ImageController (GalleryNote).
2024-11-27 12:31:37.088 +01:00 [INF] Executing ViewResult, running view Grid.
2024-11-27 12:31:37.090 +01:00 [INF] Executed ViewResult - view Grid executed in 1.8489ms.
2024-11-27 12:31:37.091 +01:00 [INF] Executed action GalleryNote.Controllers.ImageController.Grid (GalleryNote) in 3.5024ms
2024-11-27 12:31:37.091 +01:00 [INF] Executed endpoint 'GalleryNote.Controllers.ImageController.Grid (GalleryNote)'
2024-11-27 12:31:37.091 +01:00 [INF] Request finished HTTP/1.1 GET http://localhost:5272/Image/Grid - 200 null text/html; charset=utf-8 6.8598ms
2024-11-27 12:31:37.118 +01:00 [INF] Request starting HTTP/1.1 GET http://localhost:5272/_framework/aspnetcore-browser-refresh.js - null null
2024-11-27 12:31:37.119 +01:00 [INF] Request finished HTTP/1.1 GET http://localhost:5272/_framework/aspnetcore-browser-refresh.js - 200 13732 application/javascript; charset=utf-8 0.3972ms
2024-11-27 12:32:27.945 +01:00 [INF] Request starting HTTP/1.1 GET http://localhost:5272/Image/Grid - null null
2024-11-27 12:32:27.954 +01:00 [INF] Executing endpoint 'GalleryNote.Controllers.ImageController.Grid (GalleryNote)'
2024-11-27 12:32:27.954 +01:00 [INF] Route matched with {action = "Grid", controller = "Image", page = "", area = ""}. Executing controller action with signature Microsoft.AspNetCore.Mvc.IActionResult Grid() on controller GalleryNote.Controllers.ImageController (GalleryNote).
2024-11-27 12:32:27.959 +01:00 [INF] Executing ViewResult, running view Grid.
2024-11-27 12:32:27.961 +01:00 [INF] Executed ViewResult - view Grid executed in 2.319ms.
2024-11-27 12:32:27.962 +01:00 [INF] Executed action GalleryNote.Controllers.ImageController.Grid (GalleryNote) in 7.4794ms
2024-11-27 12:32:27.962 +01:00 [INF] Executed endpoint 'GalleryNote.Controllers.ImageController.Grid (GalleryNote)'
2024-11-27 12:32:27.962 +01:00 [INF] Request finished HTTP/1.1 GET http://localhost:5272/Image/Grid - 200 null text/html; charset=utf-8 17.1007ms
2024-11-27 12:32:27.998 +01:00 [INF] Request starting HTTP/1.1 GET http://localhost:5272/_framework/aspnetcore-browser-refresh.js - null null
2024-11-27 12:32:27.998 +01:00 [INF] Request finished HTTP/1.1 GET http://localhost:5272/_framework/aspnetcore-browser-refresh.js - 200 13732 application/javascript; charset=utf-8 0.3855ms
2024-11-27 12:32:54.694 +01:00 [INF] Application is shutting down...
