2024-11-21 13:56:26.979 +01:00 [INF] User profile is available. Using 'C:\Users\birko\AppData\Local\ASP.NET\DataProtection-Keys' as key repository and Windows DPAPI to encrypt keys at rest.
2024-11-21 13:56:27.340 +01:00 [INF] Now listening on: http://localhost:5272
2024-11-21 13:56:27.350 +01:00 [INF] Application started. Press Ctrl+C to shut down.
2024-11-21 13:56:27.352 +01:00 [INF] Hosting environment: Development
2024-11-21 13:56:27.353 +01:00 [INF] Content root path: C:\Users\birko\OneDrive - OsloMet\ITPE 3200 - Webapplikasjoner\GalleryNote project\GalleryNote – Kopi
2024-11-21 13:56:29.602 +01:00 [INF] Request starting HTTP/1.1 GET http://localhost:5272/ - null null
2024-11-21 13:56:29.772 +01:00 [INF] Executing endpoint 'GalleryNote.Controllers.HomeController.Index (GalleryNote)'
2024-11-21 13:56:29.796 +01:00 [INF] Route matched with {action = "Index", controller = "Home", page = "", area = ""}. Executing controller action with signature Microsoft.AspNetCore.Mvc.IActionResult Index() on controller GalleryNote.Controllers.HomeController (GalleryNote).
2024-11-21 13:56:29.812 +01:00 [INF] Executing ViewResult, running view Index.
2024-11-21 13:56:29.972 +01:00 [INF] Executed ViewResult - view Index executed in 162.3729ms.
2024-11-21 13:56:29.980 +01:00 [INF] Executed action GalleryNote.Controllers.HomeController.Index (GalleryNote) in 181.0829ms
2024-11-21 13:56:29.980 +01:00 [INF] Executed endpoint 'GalleryNote.Controllers.HomeController.Index (GalleryNote)'
2024-11-21 13:56:30.007 +01:00 [INF] Request finished HTTP/1.1 GET http://localhost:5272/ - 200 null text/html; charset=utf-8 408.1984ms
2024-11-21 13:56:31.613 +01:00 [INF] Request starting HTTP/1.1 GET http://localhost:5272/Image/Grid?active=active - null null
2024-11-21 13:56:31.749 +01:00 [INF] Executing endpoint 'GalleryNote.Controllers.ImageController.Grid (GalleryNote)'
2024-11-21 13:56:31.753 +01:00 [INF] Route matched with {action = "Grid", controller = "Image", page = "", area = ""}. Executing controller action with signature Microsoft.AspNetCore.Mvc.IActionResult Grid() on controller GalleryNote.Controllers.ImageController (GalleryNote).
2024-11-21 13:56:31.951 +01:00 [INF] Executing ViewResult, running view Grid.
2024-11-21 13:56:31.998 +01:00 [INF] Executed ViewResult - view Grid executed in 49.2045ms.
2024-11-21 13:56:31.999 +01:00 [INF] Executed action GalleryNote.Controllers.ImageController.Grid (GalleryNote) in 245.5486ms
2024-11-21 13:56:31.999 +01:00 [INF] Executed endpoint 'GalleryNote.Controllers.ImageController.Grid (GalleryNote)'
2024-11-21 13:56:32.003 +01:00 [INF] Request finished HTTP/1.1 GET http://localhost:5272/Image/Grid?active=active - 200 null text/html; charset=utf-8 389.117ms
2024-11-21 13:56:33.946 +01:00 [INF] Request starting HTTP/1.1 GET http://localhost:5272/Image/Delete/2 - null null
2024-11-21 13:56:33.985 +01:00 [INF] Executing endpoint 'GalleryNote.Controllers.ImageController.Delete (GalleryNote)'
2024-11-21 13:56:34.008 +01:00 [INF] Route matched with {action = "Delete", controller = "Image", page = "", area = ""}. Executing controller action with signature Microsoft.AspNetCore.Mvc.IActionResult Delete(Int32) on controller GalleryNote.Controllers.ImageController (GalleryNote).
2024-11-21 13:56:34.112 +01:00 [INF] Executing ViewResult, running view Delete.
2024-11-21 13:56:34.126 +01:00 [INF] Executed ViewResult - view Delete executed in 14.6181ms.
2024-11-21 13:56:34.126 +01:00 [INF] Executed action GalleryNote.Controllers.ImageController.Delete (GalleryNote) in 117.592ms
2024-11-21 13:56:34.126 +01:00 [INF] Executed endpoint 'GalleryNote.Controllers.ImageController.Delete (GalleryNote)'
2024-11-21 13:56:34.127 +01:00 [INF] Request finished HTTP/1.1 GET http://localhost:5272/Image/Delete/2 - 200 null text/html; charset=utf-8 180.4245ms
2024-11-21 13:56:35.274 +01:00 [INF] Request starting HTTP/1.1 POST http://localhost:5272/Image/DeleteConfirmed/2 - application/x-www-form-urlencoded 225
2024-11-21 13:56:35.281 +01:00 [INF] Executing endpoint 'GalleryNote.Controllers.ImageController.DeleteConfirmed (GalleryNote)'
2024-11-21 13:56:35.287 +01:00 [INF] Route matched with {action = "DeleteConfirmed", controller = "Image", page = "", area = ""}. Executing controller action with signature Microsoft.AspNetCore.Mvc.IActionResult DeleteConfirmed(Int32) on controller GalleryNote.Controllers.ImageController (GalleryNote).
2024-11-21 13:56:35.356 +01:00 [INF] Executing RedirectResult, redirecting to /Image/Grid.
2024-11-21 13:56:35.357 +01:00 [INF] Executed action GalleryNote.Controllers.ImageController.DeleteConfirmed (GalleryNote) in 69.8581ms
2024-11-21 13:56:35.358 +01:00 [INF] Executed endpoint 'GalleryNote.Controllers.ImageController.DeleteConfirmed (GalleryNote)'
2024-11-21 13:56:35.359 +01:00 [INF] Request finished HTTP/1.1 POST http://localhost:5272/Image/DeleteConfirmed/2 - 302 0 null 84.8902ms
2024-11-21 13:56:35.364 +01:00 [INF] Request starting HTTP/1.1 GET http://localhost:5272/Image/Grid - null null
2024-11-21 13:56:35.369 +01:00 [INF] Executing endpoint 'GalleryNote.Controllers.ImageController.Grid (GalleryNote)'
2024-11-21 13:56:35.369 +01:00 [INF] Route matched with {action = "Grid", controller = "Image", page = "", area = ""}. Executing controller action with signature Microsoft.AspNetCore.Mvc.IActionResult Grid() on controller GalleryNote.Controllers.ImageController (GalleryNote).
2024-11-21 13:56:35.377 +01:00 [INF] Executing ViewResult, running view Grid.
2024-11-21 13:56:35.383 +01:00 [INF] Executed ViewResult - view Grid executed in 6.572ms.
2024-11-21 13:56:35.383 +01:00 [INF] Executed action GalleryNote.Controllers.ImageController.Grid (GalleryNote) in 13.7782ms
2024-11-21 13:56:35.384 +01:00 [INF] Executed endpoint 'GalleryNote.Controllers.ImageController.Grid (GalleryNote)'
2024-11-21 13:56:35.384 +01:00 [INF] Request finished HTTP/1.1 GET http://localhost:5272/Image/Grid - 200 null text/html; charset=utf-8 19.6586ms
2024-11-21 13:56:40.177 +01:00 [INF] Request starting HTTP/1.1 GET http://localhost:5272/Image/Update/3 - null null
2024-11-21 13:56:40.189 +01:00 [INF] Executing endpoint 'GalleryNote.Controllers.ImageController.Update (GalleryNote)'
2024-11-21 13:56:40.196 +01:00 [INF] Route matched with {action = "Update", controller = "Image", page = "", area = ""}. Executing controller action with signature Microsoft.AspNetCore.Mvc.IActionResult Update(Int32) on controller GalleryNote.Controllers.ImageController (GalleryNote).
2024-11-21 13:56:40.207 +01:00 [INF] Executing ViewResult, running view Update.
2024-11-21 13:56:40.299 +01:00 [INF] Executed ViewResult - view Update executed in 94.4067ms.
2024-11-21 13:56:40.299 +01:00 [INF] Executed action GalleryNote.Controllers.ImageController.Update (GalleryNote) in 102.7376ms
2024-11-21 13:56:40.299 +01:00 [INF] Executed endpoint 'GalleryNote.Controllers.ImageController.Update (GalleryNote)'
2024-11-21 13:56:40.300 +01:00 [INF] Request finished HTTP/1.1 GET http://localhost:5272/Image/Update/3 - 200 null text/html; charset=utf-8 122.3873ms
2024-11-21 13:56:42.811 +01:00 [INF] Request starting HTTP/1.1 POST http://localhost:5272/Image/Update/3 - application/x-www-form-urlencoded 354
2024-11-21 13:56:42.815 +01:00 [INF] Executing endpoint 'GalleryNote.Controllers.ImageController.Update (GalleryNote)'
2024-11-21 13:56:42.821 +01:00 [INF] Route matched with {action = "Update", controller = "Image", page = "", area = ""}. Executing controller action with signature Microsoft.AspNetCore.Mvc.IActionResult Update(GalleryNote.Models.Image) on controller GalleryNote.Controllers.ImageController (GalleryNote).
2024-11-21 13:56:42.855 +01:00 [INF] Executing RedirectResult, redirecting to /Image/Grid.
2024-11-21 13:56:42.856 +01:00 [INF] Executed action GalleryNote.Controllers.ImageController.Update (GalleryNote) in 35.58ms
2024-11-21 13:56:42.857 +01:00 [INF] Executed endpoint 'GalleryNote.Controllers.ImageController.Update (GalleryNote)'
2024-11-21 13:56:42.858 +01:00 [INF] Request finished HTTP/1.1 POST http://localhost:5272/Image/Update/3 - 302 0 null 46.7586ms
2024-11-21 13:56:42.861 +01:00 [INF] Request starting HTTP/1.1 GET http://localhost:5272/Image/Grid - null null
2024-11-21 13:56:42.864 +01:00 [INF] Executing endpoint 'GalleryNote.Controllers.ImageController.Grid (GalleryNote)'
2024-11-21 13:56:42.864 +01:00 [INF] Route matched with {action = "Grid", controller = "Image", page = "", area = ""}. Executing controller action with signature Microsoft.AspNetCore.Mvc.IActionResult Grid() on controller GalleryNote.Controllers.ImageController (GalleryNote).
2024-11-21 13:56:42.867 +01:00 [INF] Executing ViewResult, running view Grid.
2024-11-21 13:56:42.872 +01:00 [INF] Executed ViewResult - view Grid executed in 5.1297ms.
2024-11-21 13:56:42.872 +01:00 [INF] Executed action GalleryNote.Controllers.ImageController.Grid (GalleryNote) in 8.2942ms
2024-11-21 13:56:42.873 +01:00 [INF] Executed endpoint 'GalleryNote.Controllers.ImageController.Grid (GalleryNote)'
2024-11-21 13:56:42.873 +01:00 [INF] Request finished HTTP/1.1 GET http://localhost:5272/Image/Grid - 200 null text/html; charset=utf-8 11.741ms
2024-11-21 13:56:45.226 +01:00 [INF] Request starting HTTP/1.1 GET http://localhost:5272/Image/Create - null null
2024-11-21 13:56:45.229 +01:00 [INF] Executing endpoint 'GalleryNote.Controllers.ImageController.Create (GalleryNote)'
2024-11-21 13:56:45.232 +01:00 [INF] Route matched with {action = "Create", controller = "Image", page = "", area = ""}. Executing controller action with signature Microsoft.AspNetCore.Mvc.IActionResult Create() on controller GalleryNote.Controllers.ImageController (GalleryNote).
2024-11-21 13:56:45.234 +01:00 [INF] Executing ViewResult, running view Create.
2024-11-21 13:56:45.261 +01:00 [INF] Executed ViewResult - view Create executed in 28.3726ms.
2024-11-21 13:56:45.261 +01:00 [INF] Executed action GalleryNote.Controllers.ImageController.Create (GalleryNote) in 29.0222ms
2024-11-21 13:56:45.262 +01:00 [INF] Executed endpoint 'GalleryNote.Controllers.ImageController.Create (GalleryNote)'
2024-11-21 13:56:45.262 +01:00 [INF] Request finished HTTP/1.1 GET http://localhost:5272/Image/Create - 200 null text/html; charset=utf-8 36.4253ms
2024-11-21 13:56:49.896 +01:00 [INF] Request starting HTTP/1.1 POST http://localhost:5272/Image/Create - application/x-www-form-urlencoded 311
2024-11-21 13:56:49.901 +01:00 [INF] Executing endpoint 'GalleryNote.Controllers.ImageController.Create (GalleryNote)'
2024-11-21 13:56:49.915 +01:00 [INF] Route matched with {action = "Create", controller = "Image", page = "", area = ""}. Executing controller action with signature System.Threading.Tasks.Task`1[Microsoft.AspNetCore.Mvc.IActionResult] Create(GalleryNote.Models.Image) on controller GalleryNote.Controllers.ImageController (GalleryNote).
2024-11-21 13:56:50.144 +01:00 [INF] Executing RedirectResult, redirecting to /Image/Grid.
2024-11-21 13:56:50.144 +01:00 [INF] Executed action GalleryNote.Controllers.ImageController.Create (GalleryNote) in 228.4251ms
2024-11-21 13:56:50.144 +01:00 [INF] Executed endpoint 'GalleryNote.Controllers.ImageController.Create (GalleryNote)'
2024-11-21 13:56:50.144 +01:00 [INF] Request finished HTTP/1.1 POST http://localhost:5272/Image/Create - 302 0 null 248.2947ms
2024-11-21 13:56:50.149 +01:00 [INF] Request starting HTTP/1.1 GET http://localhost:5272/Image/Grid - null null
2024-11-21 13:56:50.154 +01:00 [INF] Executing endpoint 'GalleryNote.Controllers.ImageController.Grid (GalleryNote)'
2024-11-21 13:56:50.154 +01:00 [INF] Route matched with {action = "Grid", controller = "Image", page = "", area = ""}. Executing controller action with signature Microsoft.AspNetCore.Mvc.IActionResult Grid() on controller GalleryNote.Controllers.ImageController (GalleryNote).
2024-11-21 13:56:50.157 +01:00 [INF] Executing ViewResult, running view Grid.
2024-11-21 13:56:50.159 +01:00 [INF] Executed ViewResult - view Grid executed in 2.109ms.
2024-11-21 13:56:50.159 +01:00 [INF] Executed action GalleryNote.Controllers.ImageController.Grid (GalleryNote) in 5.3191ms
2024-11-21 13:56:50.159 +01:00 [INF] Executed endpoint 'GalleryNote.Controllers.ImageController.Grid (GalleryNote)'
2024-11-21 13:56:50.160 +01:00 [INF] Request finished HTTP/1.1 GET http://localhost:5272/Image/Grid - 200 null text/html; charset=utf-8 10.9858ms
2024-11-21 13:57:20.623 +01:00 [INF] Request starting HTTP/1.1 GET http://localhost:5272/?active=active - null null
2024-11-21 13:57:20.630 +01:00 [INF] Executing endpoint 'GalleryNote.Controllers.HomeController.Index (GalleryNote)'
2024-11-21 13:57:20.631 +01:00 [INF] Route matched with {action = "Index", controller = "Home", page = "", area = ""}. Executing controller action with signature Microsoft.AspNetCore.Mvc.IActionResult Index() on controller GalleryNote.Controllers.HomeController (GalleryNote).
2024-11-21 13:57:20.631 +01:00 [INF] Executing ViewResult, running view Index.
2024-11-21 13:57:20.634 +01:00 [INF] Executed ViewResult - view Index executed in 2.7479ms.
2024-11-21 13:57:20.634 +01:00 [INF] Executed action GalleryNote.Controllers.HomeController.Index (GalleryNote) in 3.3313ms
2024-11-21 13:57:20.634 +01:00 [INF] Executed endpoint 'GalleryNote.Controllers.HomeController.Index (GalleryNote)'
2024-11-21 13:57:20.635 +01:00 [INF] Request finished HTTP/1.1 GET http://localhost:5272/?active=active - 200 null text/html; charset=utf-8 11.6188ms
2024-11-21 13:57:23.411 +01:00 [INF] Request starting HTTP/1.1 POST http://localhost:5272/Identity/Account/Logout?returnUrl=%2F - application/x-www-form-urlencoded 225
2024-11-21 13:57:23.414 +01:00 [INF] Executing endpoint '/Account/Logout'
2024-11-21 13:57:23.448 +01:00 [INF] Route matched with {page = "/Account/Logout", area = "Identity", action = "", controller = ""}. Executing page /Account/Logout
2024-11-21 13:57:23.476 +01:00 [INF] Executing handler method GalleryNote.Areas.Identity.Pages.Account.LogoutModel.OnPost - ModelState is "Valid"
2024-11-21 13:57:23.484 +01:00 [INF] AuthenticationScheme: Identity.Application signed out.
2024-11-21 13:57:23.485 +01:00 [INF] AuthenticationScheme: Identity.External signed out.
2024-11-21 13:57:23.486 +01:00 [INF] AuthenticationScheme: Identity.TwoFactorUserId signed out.
2024-11-21 13:57:23.486 +01:00 [INF] User logged out.
2024-11-21 13:57:23.489 +01:00 [INF] Executed handler method OnPost, returned result Microsoft.AspNetCore.Mvc.LocalRedirectResult.
2024-11-21 13:57:23.492 +01:00 [INF] Executing LocalRedirectResult, redirecting to /.
2024-11-21 13:57:23.492 +01:00 [INF] Executed page /Account/Logout in 44.0766ms
2024-11-21 13:57:23.492 +01:00 [INF] Executed endpoint '/Account/Logout'
2024-11-21 13:57:23.493 +01:00 [INF] Request finished HTTP/1.1 POST http://localhost:5272/Identity/Account/Logout?returnUrl=%2F - 302 0 null 82.3508ms
2024-11-21 13:57:23.496 +01:00 [INF] Request starting HTTP/1.1 GET http://localhost:5272/ - null null
2024-11-21 13:57:23.496 +01:00 [INF] Executing endpoint 'GalleryNote.Controllers.HomeController.Index (GalleryNote)'
2024-11-21 13:57:23.496 +01:00 [INF] Route matched with {action = "Index", controller = "Home", page = "", area = ""}. Executing controller action with signature Microsoft.AspNetCore.Mvc.IActionResult Index() on controller GalleryNote.Controllers.HomeController (GalleryNote).
2024-11-21 13:57:23.496 +01:00 [INF] Executing ViewResult, running view Index.
2024-11-21 13:57:23.501 +01:00 [INF] Executed ViewResult - view Index executed in 4.7532ms.
2024-11-21 13:57:23.501 +01:00 [INF] Executed action GalleryNote.Controllers.HomeController.Index (GalleryNote) in 5.0568ms
2024-11-21 13:57:23.502 +01:00 [INF] Executed endpoint 'GalleryNote.Controllers.HomeController.Index (GalleryNote)'
2024-11-21 13:57:23.502 +01:00 [INF] Request finished HTTP/1.1 GET http://localhost:5272/ - 200 null text/html; charset=utf-8 5.852ms
2024-11-21 13:57:25.006 +01:00 [INF] Request starting HTTP/1.1 GET http://localhost:5272/Image/Grid?active=active - null null
2024-11-21 13:57:25.009 +01:00 [INF] Authorization failed. These requirements were not met:
DenyAnonymousAuthorizationRequirement: Requires an authenticated user.
2024-11-21 13:57:25.013 +01:00 [INF] AuthenticationScheme: Identity.Application was challenged.
2024-11-21 13:57:25.014 +01:00 [INF] Request finished HTTP/1.1 GET http://localhost:5272/Image/Grid?active=active - 302 0 null 7.6341ms
2024-11-21 13:57:25.018 +01:00 [INF] Request starting HTTP/1.1 GET http://localhost:5272/Identity/Account/Login?ReturnUrl=%2FImage%2FGrid%3Factive%3Dactive - null null
2024-11-21 13:57:25.029 +01:00 [INF] Executing endpoint '/Account/Login'
2024-11-21 13:57:25.047 +01:00 [INF] Route matched with {page = "/Account/Login", area = "Identity", action = "", controller = ""}. Executing page /Account/Login
2024-11-21 13:57:25.058 +01:00 [INF] Executing handler method GalleryNote.Areas.Identity.Pages.Account.LoginModel.OnGetAsync - ModelState is "Valid"
2024-11-21 13:57:25.062 +01:00 [INF] AuthenticationScheme: Identity.External signed out.
2024-11-21 13:57:25.064 +01:00 [INF] Executed handler method OnGetAsync, returned result .
2024-11-21 13:57:25.075 +01:00 [INF] Executing an implicit handler method - ModelState is "Valid"
2024-11-21 13:57:25.075 +01:00 [INF] Executed an implicit handler method, returned result Microsoft.AspNetCore.Mvc.RazorPages.PageResult.
2024-11-21 13:57:25.149 +01:00 [INF] Executed page /Account/Login in 102.5533ms
2024-11-21 13:57:25.150 +01:00 [INF] Executed endpoint '/Account/Login'
2024-11-21 13:57:25.150 +01:00 [INF] Request finished HTTP/1.1 GET http://localhost:5272/Identity/Account/Login?ReturnUrl=%2FImage%2FGrid%3Factive%3Dactive - 200 null text/html; charset=utf-8 131.44ms
2024-11-21 13:57:25.180 +01:00 [INF] Request starting HTTP/1.1 GET http://localhost:5272/lib/jquery-validation/dist/jquery.validate.min.js - null null
2024-11-21 13:57:25.185 +01:00 [INF] Request finished HTTP/1.1 GET http://localhost:5272/lib/jquery-validation/dist/jquery.validate.min.js - 404 0 null 4.2237ms
2024-11-21 13:57:25.188 +01:00 [INF] Request reached the end of the middleware pipeline without being handled by application code. Request path: GET http://localhost:5272/lib/jquery-validation/dist/jquery.validate.min.js, Response status code: 404
2024-11-21 13:57:25.191 +01:00 [INF] Request starting HTTP/1.1 GET http://localhost:5272/lib/jquery-validation-unobtrusive/jquery.validate.unobtrusive.min.js - null null
2024-11-21 13:57:25.192 +01:00 [INF] Request finished HTTP/1.1 GET http://localhost:5272/lib/jquery-validation-unobtrusive/jquery.validate.unobtrusive.min.js - 404 0 null 1.2984ms
2024-11-21 13:57:25.193 +01:00 [INF] Request reached the end of the middleware pipeline without being handled by application code. Request path: GET http://localhost:5272/lib/jquery-validation-unobtrusive/jquery.validate.unobtrusive.min.js, Response status code: 404
2024-11-21 13:57:29.011 +01:00 [INF] Request starting HTTP/1.1 GET http://localhost:5272/?active=active - null null
2024-11-21 13:57:29.012 +01:00 [INF] Executing endpoint 'GalleryNote.Controllers.HomeController.Index (GalleryNote)'
2024-11-21 13:57:29.013 +01:00 [INF] Route matched with {action = "Index", controller = "Home", page = "", area = ""}. Executing controller action with signature Microsoft.AspNetCore.Mvc.IActionResult Index() on controller GalleryNote.Controllers.HomeController (GalleryNote).
2024-11-21 13:57:29.014 +01:00 [INF] Executing ViewResult, running view Index.
2024-11-21 13:57:29.021 +01:00 [INF] Executed ViewResult - view Index executed in 7.7458ms.
2024-11-21 13:57:29.022 +01:00 [INF] Executed action GalleryNote.Controllers.HomeController.Index (GalleryNote) in 8.4676ms
2024-11-21 13:57:29.022 +01:00 [INF] Executed endpoint 'GalleryNote.Controllers.HomeController.Index (GalleryNote)'
2024-11-21 13:57:29.023 +01:00 [INF] Request finished HTTP/1.1 GET http://localhost:5272/?active=active - 200 null text/html; charset=utf-8 11.8499ms
2024-11-21 13:58:53.770 +01:00 [INF] Application is shutting down...
