2024-11-11 14:24:26.340 +01:00 [INF] User profile is available. Using 'C:\Users\birko\AppData\Local\ASP.NET\DataProtection-Keys' as key repository and Windows DPAPI to encrypt keys at rest.
2024-11-11 14:24:26.930 +01:00 [INF] Now listening on: http://localhost:5272
2024-11-11 14:24:26.942 +01:00 [INF] Application started. Press Ctrl+C to shut down.
2024-11-11 14:24:26.946 +01:00 [INF] Hosting environment: Development
2024-11-11 14:24:26.946 +01:00 [INF] Content root path: C:\Users\birko\OneDrive - OsloMet\ITPE 3200 - Webapplikasjoner\GalleryNote project\GalleryNote – Kopi
2024-11-11 14:24:40.534 +01:00 [INF] Request starting HTTP/1.1 GET http://localhost:5272/ - null null
2024-11-11 14:24:40.618 +01:00 [INF] Executing endpoint 'GalleryNote.Controllers.HomeController.Index (GalleryNote)'
2024-11-11 14:24:40.635 +01:00 [INF] Route matched with {action = "Index", controller = "Home", page = "", area = ""}. Executing controller action with signature Microsoft.AspNetCore.Mvc.IActionResult Index() on controller GalleryNote.Controllers.HomeController (GalleryNote).
2024-11-11 14:24:40.651 +01:00 [INF] Executing ViewResult, running view Index.
2024-11-11 14:24:40.823 +01:00 [INF] Executed ViewResult - view Index executed in 176.1887ms.
2024-11-11 14:24:40.829 +01:00 [INF] Executed action GalleryNote.Controllers.HomeController.Index (GalleryNote) in 192.3654ms
2024-11-11 14:24:40.830 +01:00 [INF] Executed endpoint 'GalleryNote.Controllers.HomeController.Index (GalleryNote)'
2024-11-11 14:24:40.841 +01:00 [INF] Request finished HTTP/1.1 GET http://localhost:5272/ - 200 null text/html; charset=utf-8 315.2567ms
2024-11-11 14:26:12.811 +01:00 [INF] Request starting HTTP/1.1 GET http://localhost:5272/Image/Table?active=active - null null
2024-11-11 14:26:12.822 +01:00 [INF] Executing endpoint 'GalleryNote.Controllers.ImageController.Table (GalleryNote)'
2024-11-11 14:26:12.843 +01:00 [INF] Route matched with {action = "Table", controller = "Image", page = "", area = ""}. Executing controller action with signature System.Threading.Tasks.Task`1[Microsoft.AspNetCore.Mvc.IActionResult] Table() on controller GalleryNote.Controllers.ImageController (GalleryNote).
2024-11-11 14:26:13.118 +01:00 [INF] Executing ViewResult, running view Table.
2024-11-11 14:26:13.170 +01:00 [INF] Executed ViewResult - view Table executed in 57.1753ms.
2024-11-11 14:26:13.171 +01:00 [INF] Executed action GalleryNote.Controllers.ImageController.Table (GalleryNote) in 326.713ms
2024-11-11 14:26:13.171 +01:00 [INF] Executed endpoint 'GalleryNote.Controllers.ImageController.Table (GalleryNote)'
2024-11-11 14:26:13.184 +01:00 [INF] Request finished HTTP/1.1 GET http://localhost:5272/Image/Table?active=active - 200 null text/html; charset=utf-8 372.6986ms
2024-11-11 14:26:14.629 +01:00 [INF] Request starting HTTP/1.1 GET http://localhost:5272/?active=active - null null
2024-11-11 14:26:14.634 +01:00 [INF] Executing endpoint 'GalleryNote.Controllers.HomeController.Index (GalleryNote)'
2024-11-11 14:26:14.634 +01:00 [INF] Route matched with {action = "Index", controller = "Home", page = "", area = ""}. Executing controller action with signature Microsoft.AspNetCore.Mvc.IActionResult Index() on controller GalleryNote.Controllers.HomeController (GalleryNote).
2024-11-11 14:26:14.635 +01:00 [INF] Executing ViewResult, running view Index.
2024-11-11 14:26:14.666 +01:00 [INF] Executed ViewResult - view Index executed in 31.5828ms.
2024-11-11 14:26:14.667 +01:00 [INF] Executed action GalleryNote.Controllers.HomeController.Index (GalleryNote) in 32.2974ms
2024-11-11 14:26:14.667 +01:00 [INF] Executed endpoint 'GalleryNote.Controllers.HomeController.Index (GalleryNote)'
2024-11-11 14:26:14.667 +01:00 [INF] Request finished HTTP/1.1 GET http://localhost:5272/?active=active - 200 null text/html; charset=utf-8 37.9098ms
2024-11-11 14:26:15.689 +01:00 [INF] Request starting HTTP/1.1 GET http://localhost:5272/Image/Table?active=active - null null
2024-11-11 14:26:15.691 +01:00 [INF] Executing endpoint 'GalleryNote.Controllers.ImageController.Table (GalleryNote)'
2024-11-11 14:26:15.692 +01:00 [INF] Route matched with {action = "Table", controller = "Image", page = "", area = ""}. Executing controller action with signature System.Threading.Tasks.Task`1[Microsoft.AspNetCore.Mvc.IActionResult] Table() on controller GalleryNote.Controllers.ImageController (GalleryNote).
2024-11-11 14:26:15.816 +01:00 [INF] Executing ViewResult, running view Table.
2024-11-11 14:26:15.822 +01:00 [INF] Executed ViewResult - view Table executed in 5.6119ms.
2024-11-11 14:26:15.822 +01:00 [INF] Executed action GalleryNote.Controllers.ImageController.Table (GalleryNote) in 130.153ms
2024-11-11 14:26:15.822 +01:00 [INF] Executed endpoint 'GalleryNote.Controllers.ImageController.Table (GalleryNote)'
2024-11-11 14:26:15.823 +01:00 [INF] Request finished HTTP/1.1 GET http://localhost:5272/Image/Table?active=active - 200 null text/html; charset=utf-8 134.1659ms
2024-11-11 14:26:17.253 +01:00 [INF] Request starting HTTP/1.1 GET http://localhost:5272/?active=active - null null
2024-11-11 14:26:17.254 +01:00 [INF] Executing endpoint 'GalleryNote.Controllers.HomeController.Index (GalleryNote)'
2024-11-11 14:26:17.254 +01:00 [INF] Route matched with {action = "Index", controller = "Home", page = "", area = ""}. Executing controller action with signature Microsoft.AspNetCore.Mvc.IActionResult Index() on controller GalleryNote.Controllers.HomeController (GalleryNote).
2024-11-11 14:26:17.255 +01:00 [INF] Executing ViewResult, running view Index.
2024-11-11 14:26:17.256 +01:00 [INF] Executed ViewResult - view Index executed in 1.5927ms.
2024-11-11 14:26:17.257 +01:00 [INF] Executed action GalleryNote.Controllers.HomeController.Index (GalleryNote) in 2.1483ms
2024-11-11 14:26:17.257 +01:00 [INF] Executed endpoint 'GalleryNote.Controllers.HomeController.Index (GalleryNote)'
2024-11-11 14:26:17.257 +01:00 [INF] Request finished HTTP/1.1 GET http://localhost:5272/?active=active - 200 null text/html; charset=utf-8 4.2346ms
2024-11-11 14:26:20.162 +01:00 [INF] Request starting HTTP/1.1 GET http://localhost:5272/Identity/Account/Register - null null
2024-11-11 14:26:20.164 +01:00 [INF] Executing endpoint '/Account/Register'
2024-11-11 14:26:20.207 +01:00 [INF] Route matched with {page = "/Account/Register", area = "Identity", action = "", controller = ""}. Executing page /Account/Register
2024-11-11 14:26:20.238 +01:00 [INF] Executing handler method GalleryNote.Areas.Identity.Pages.Account.RegisterModel.OnGetAsync - ModelState is "Valid"
2024-11-11 14:26:20.244 +01:00 [INF] Executed handler method OnGetAsync, returned result .
2024-11-11 14:26:20.249 +01:00 [INF] Executing an implicit handler method - ModelState is "Valid"
2024-11-11 14:26:20.250 +01:00 [INF] Executed an implicit handler method, returned result Microsoft.AspNetCore.Mvc.RazorPages.PageResult.
2024-11-11 14:26:20.329 +01:00 [INF] Executed page /Account/Register in 120.8183ms
2024-11-11 14:26:20.329 +01:00 [INF] Executed endpoint '/Account/Register'
2024-11-11 14:26:20.329 +01:00 [INF] Request finished HTTP/1.1 GET http://localhost:5272/Identity/Account/Register - 200 null text/html; charset=utf-8 166.9648ms
2024-11-11 14:26:20.359 +01:00 [INF] Request starting HTTP/1.1 GET http://localhost:5272/lib/jquery-validation/dist/jquery.validate.min.js - null null
2024-11-11 14:26:20.362 +01:00 [INF] Request starting HTTP/1.1 GET http://localhost:5272/lib/jquery-validation-unobtrusive/jquery.validate.unobtrusive.min.js - null null
2024-11-11 14:26:20.363 +01:00 [INF] Request finished HTTP/1.1 GET http://localhost:5272/lib/jquery-validation-unobtrusive/jquery.validate.unobtrusive.min.js - 404 0 null 1.3132ms
2024-11-11 14:26:20.363 +01:00 [INF] Request finished HTTP/1.1 GET http://localhost:5272/lib/jquery-validation/dist/jquery.validate.min.js - 404 0 null 3.6185ms
2024-11-11 14:26:20.366 +01:00 [INF] Request reached the end of the middleware pipeline without being handled by application code. Request path: GET http://localhost:5272/lib/jquery-validation/dist/jquery.validate.min.js, Response status code: 404
2024-11-11 14:26:20.366 +01:00 [INF] Request reached the end of the middleware pipeline without being handled by application code. Request path: GET http://localhost:5272/lib/jquery-validation-unobtrusive/jquery.validate.unobtrusive.min.js, Response status code: 404
2024-11-11 14:26:21.250 +01:00 [INF] Request starting HTTP/1.1 GET http://localhost:5272/Identity/Account/Login - null null
2024-11-11 14:26:21.258 +01:00 [INF] Executing endpoint '/Account/Login'
2024-11-11 14:26:21.269 +01:00 [INF] Route matched with {page = "/Account/Login", area = "Identity", action = "", controller = ""}. Executing page /Account/Login
2024-11-11 14:26:21.273 +01:00 [INF] Executing handler method GalleryNote.Areas.Identity.Pages.Account.LoginModel.OnGetAsync - ModelState is "Valid"
2024-11-11 14:26:21.287 +01:00 [INF] AuthenticationScheme: Identity.External signed out.
2024-11-11 14:26:21.288 +01:00 [INF] Executed handler method OnGetAsync, returned result .
2024-11-11 14:26:21.288 +01:00 [INF] Executing an implicit handler method - ModelState is "Valid"
2024-11-11 14:26:21.288 +01:00 [INF] Executed an implicit handler method, returned result Microsoft.AspNetCore.Mvc.RazorPages.PageResult.
2024-11-11 14:26:21.340 +01:00 [INF] Executed page /Account/Login in 71.0457ms
2024-11-11 14:26:21.341 +01:00 [INF] Executed endpoint '/Account/Login'
2024-11-11 14:26:21.341 +01:00 [INF] Request finished HTTP/1.1 GET http://localhost:5272/Identity/Account/Login - 200 null text/html; charset=utf-8 91.3033ms
2024-11-11 14:26:21.368 +01:00 [INF] Request starting HTTP/1.1 GET http://localhost:5272/lib/jquery-validation/dist/jquery.validate.min.js - null null
2024-11-11 14:26:21.369 +01:00 [INF] Request finished HTTP/1.1 GET http://localhost:5272/lib/jquery-validation/dist/jquery.validate.min.js - 404 0 null 1.5489ms
2024-11-11 14:26:21.369 +01:00 [INF] Request reached the end of the middleware pipeline without being handled by application code. Request path: GET http://localhost:5272/lib/jquery-validation/dist/jquery.validate.min.js, Response status code: 404
2024-11-11 14:26:21.370 +01:00 [INF] Request starting HTTP/1.1 GET http://localhost:5272/lib/jquery-validation-unobtrusive/jquery.validate.unobtrusive.min.js - null null
2024-11-11 14:26:21.371 +01:00 [INF] Request finished HTTP/1.1 GET http://localhost:5272/lib/jquery-validation-unobtrusive/jquery.validate.unobtrusive.min.js - 404 0 null 1.1752ms
2024-11-11 14:26:21.371 +01:00 [INF] Request reached the end of the middleware pipeline without being handled by application code. Request path: GET http://localhost:5272/lib/jquery-validation-unobtrusive/jquery.validate.unobtrusive.min.js, Response status code: 404
2024-11-11 14:26:22.819 +01:00 [INF] Request starting HTTP/1.1 GET http://localhost:5272/Image/Table?active=active - null null
2024-11-11 14:26:22.819 +01:00 [INF] Executing endpoint 'GalleryNote.Controllers.ImageController.Table (GalleryNote)'
2024-11-11 14:26:22.819 +01:00 [INF] Route matched with {action = "Table", controller = "Image", page = "", area = ""}. Executing controller action with signature System.Threading.Tasks.Task`1[Microsoft.AspNetCore.Mvc.IActionResult] Table() on controller GalleryNote.Controllers.ImageController (GalleryNote).
2024-11-11 14:26:22.827 +01:00 [INF] Executing ViewResult, running view Table.
2024-11-11 14:26:22.831 +01:00 [INF] Executed ViewResult - view Table executed in 3.43ms.
2024-11-11 14:26:22.831 +01:00 [INF] Executed action GalleryNote.Controllers.ImageController.Table (GalleryNote) in 11.3775ms
2024-11-11 14:26:22.831 +01:00 [INF] Executed endpoint 'GalleryNote.Controllers.ImageController.Table (GalleryNote)'
2024-11-11 14:26:22.831 +01:00 [INF] Request finished HTTP/1.1 GET http://localhost:5272/Image/Table?active=active - 200 null text/html; charset=utf-8 12.71ms
2024-11-11 14:26:49.494 +01:00 [INF] Request starting HTTP/1.1 GET http://localhost:5272/Image/Table?active=active - null null
2024-11-11 14:26:49.495 +01:00 [INF] Executing endpoint 'GalleryNote.Controllers.ImageController.Table (GalleryNote)'
2024-11-11 14:26:49.495 +01:00 [INF] Route matched with {action = "Table", controller = "Image", page = "", area = ""}. Executing controller action with signature System.Threading.Tasks.Task`1[Microsoft.AspNetCore.Mvc.IActionResult] Table() on controller GalleryNote.Controllers.ImageController (GalleryNote).
2024-11-11 14:26:49.499 +01:00 [INF] Executing ViewResult, running view Table.
2024-11-11 14:26:49.502 +01:00 [INF] Executed ViewResult - view Table executed in 2.4557ms.
2024-11-11 14:26:49.502 +01:00 [INF] Executed action GalleryNote.Controllers.ImageController.Table (GalleryNote) in 6.7053ms
2024-11-11 14:26:49.502 +01:00 [INF] Executed endpoint 'GalleryNote.Controllers.ImageController.Table (GalleryNote)'
2024-11-11 14:26:49.503 +01:00 [INF] Request finished HTTP/1.1 GET http://localhost:5272/Image/Table?active=active - 200 null text/html; charset=utf-8 8.361ms
2024-11-11 14:26:50.673 +01:00 [INF] Request starting HTTP/1.1 GET http://localhost:5272/?active=active - null null
2024-11-11 14:26:50.675 +01:00 [INF] Executing endpoint 'GalleryNote.Controllers.HomeController.Index (GalleryNote)'
2024-11-11 14:26:50.675 +01:00 [INF] Route matched with {action = "Index", controller = "Home", page = "", area = ""}. Executing controller action with signature Microsoft.AspNetCore.Mvc.IActionResult Index() on controller GalleryNote.Controllers.HomeController (GalleryNote).
2024-11-11 14:26:50.676 +01:00 [INF] Executing ViewResult, running view Index.
2024-11-11 14:26:50.678 +01:00 [INF] Executed ViewResult - view Index executed in 2.9018ms.
2024-11-11 14:26:50.679 +01:00 [INF] Executed action GalleryNote.Controllers.HomeController.Index (GalleryNote) in 3.4716ms
2024-11-11 14:26:50.679 +01:00 [INF] Executed endpoint 'GalleryNote.Controllers.HomeController.Index (GalleryNote)'
2024-11-11 14:26:50.680 +01:00 [INF] Request finished HTTP/1.1 GET http://localhost:5272/?active=active - 200 null text/html; charset=utf-8 6.0865ms
2024-11-11 14:28:00.627 +01:00 [INF] Application is shutting down...
