2024-11-30 14:44:14.366 +01:00 [INF] User profile is available. Using 'C:\Users\birko\AppData\Local\ASP.NET\DataProtection-Keys' as key repository and Windows DPAPI to encrypt keys at rest.
2024-11-30 14:44:14.952 +01:00 [INF] Now listening on: http://localhost:5272
2024-11-30 14:44:14.968 +01:00 [INF] Application started. Press Ctrl+C to shut down.
2024-11-30 14:44:14.969 +01:00 [INF] Hosting environment: Development
2024-11-30 14:44:14.970 +01:00 [INF] Content root path: C:\Users\birko\OneDrive - OsloMet\ITPE 3200 - Webapplikasjoner\eksamen\GalleryNote
2024-11-30 14:44:17.602 +01:00 [INF] Request starting HTTP/1.1 GET http://localhost:5272/ - null null
2024-11-30 14:44:17.688 +01:00 [INF] Executing endpoint 'GalleryNote.Controllers.HomeController.Index (GalleryNote)'
2024-11-30 14:44:17.712 +01:00 [INF] Route matched with {action = "Index", controller = "Home", page = "", area = ""}. Executing controller action with signature Microsoft.AspNetCore.Mvc.IActionResult Index() on controller GalleryNote.Controllers.HomeController (GalleryNote).
2024-11-30 14:44:17.729 +01:00 [INF] Executing ViewResult, running view Index.
2024-11-30 14:44:17.933 +01:00 [INF] Executed ViewResult - view Index executed in 208.2651ms.
2024-11-30 14:44:17.940 +01:00 [INF] Executed action GalleryNote.Controllers.HomeController.Index (GalleryNote) in 226.108ms
2024-11-30 14:44:17.940 +01:00 [INF] Executed endpoint 'GalleryNote.Controllers.HomeController.Index (GalleryNote)'
2024-11-30 14:44:17.961 +01:00 [INF] Request finished HTTP/1.1 GET http://localhost:5272/ - 200 null text/html; charset=utf-8 362.3762ms
2024-11-30 14:44:21.660 +01:00 [INF] Request starting HTTP/1.1 GET http://localhost:5272/Image/Grid?active=active - null null
2024-11-30 14:44:21.664 +01:00 [INF] Executing endpoint 'GalleryNote.Controllers.ImageController.Grid (GalleryNote)'
2024-11-30 14:44:21.669 +01:00 [INF] Route matched with {action = "Grid", controller = "Image", page = "", area = ""}. Executing controller action with signature Microsoft.AspNetCore.Mvc.IActionResult Grid() on controller GalleryNote.Controllers.ImageController (GalleryNote).
2024-11-30 14:44:22.111 +01:00 [INF] Executing ViewResult, running view Grid.
2024-11-30 14:44:22.132 +01:00 [INF] Executed ViewResult - view Grid executed in 21.7523ms.
2024-11-30 14:44:22.132 +01:00 [INF] Executed action GalleryNote.Controllers.ImageController.Grid (GalleryNote) in 462.4371ms
2024-11-30 14:44:22.132 +01:00 [INF] Executed endpoint 'GalleryNote.Controllers.ImageController.Grid (GalleryNote)'
2024-11-30 14:44:22.147 +01:00 [INF] Request finished HTTP/1.1 GET http://localhost:5272/Image/Grid?active=active - 200 null text/html; charset=utf-8 485.7744ms
2024-11-30 14:44:23.293 +01:00 [INF] Request starting HTTP/1.1 GET http://localhost:5272/Note/Grid?active=active - null null
2024-11-30 14:44:23.313 +01:00 [INF] Executing endpoint 'GalleryNote.Controllers.NoteController.Grid (GalleryNote)'
2024-11-30 14:44:23.331 +01:00 [INF] Route matched with {action = "Grid", controller = "Note", page = "", area = ""}. Executing controller action with signature System.Threading.Tasks.Task`1[Microsoft.AspNetCore.Mvc.IActionResult] Grid() on controller GalleryNote.Controllers.NoteController (GalleryNote).
2024-11-30 14:44:23.469 +01:00 [INF] Executing ViewResult, running view Grid.
2024-11-30 14:44:23.496 +01:00 [INF] Executed ViewResult - view Grid executed in 29.847ms.
2024-11-30 14:44:23.496 +01:00 [INF] Executed action GalleryNote.Controllers.NoteController.Grid (GalleryNote) in 165.2804ms
2024-11-30 14:44:23.497 +01:00 [INF] Executed endpoint 'GalleryNote.Controllers.NoteController.Grid (GalleryNote)'
2024-11-30 14:44:23.503 +01:00 [INF] Request finished HTTP/1.1 GET http://localhost:5272/Note/Grid?active=active - 200 null text/html; charset=utf-8 209.8344ms
2024-11-30 14:44:26.089 +01:00 [INF] Request starting HTTP/1.1 GET http://localhost:5272/Image/Grid?active=active - null null
2024-11-30 14:44:26.093 +01:00 [INF] Executing endpoint 'GalleryNote.Controllers.ImageController.Grid (GalleryNote)'
2024-11-30 14:44:26.094 +01:00 [INF] Route matched with {action = "Grid", controller = "Image", page = "", area = ""}. Executing controller action with signature Microsoft.AspNetCore.Mvc.IActionResult Grid() on controller GalleryNote.Controllers.ImageController (GalleryNote).
2024-11-30 14:44:26.103 +01:00 [INF] Executing ViewResult, running view Grid.
2024-11-30 14:44:26.110 +01:00 [INF] Executed ViewResult - view Grid executed in 7.488ms.
2024-11-30 14:44:26.110 +01:00 [INF] Executed action GalleryNote.Controllers.ImageController.Grid (GalleryNote) in 16.3708ms
2024-11-30 14:44:26.111 +01:00 [INF] Executed endpoint 'GalleryNote.Controllers.ImageController.Grid (GalleryNote)'
2024-11-30 14:44:26.112 +01:00 [INF] Request finished HTTP/1.1 GET http://localhost:5272/Image/Grid?active=active - 200 null text/html; charset=utf-8 22.4847ms
2024-11-30 14:44:27.763 +01:00 [INF] Request starting HTTP/1.1 GET http://localhost:5272/Note/Grid?active=active - null null
2024-11-30 14:44:27.765 +01:00 [INF] Executing endpoint 'GalleryNote.Controllers.NoteController.Grid (GalleryNote)'
2024-11-30 14:44:27.766 +01:00 [INF] Route matched with {action = "Grid", controller = "Note", page = "", area = ""}. Executing controller action with signature System.Threading.Tasks.Task`1[Microsoft.AspNetCore.Mvc.IActionResult] Grid() on controller GalleryNote.Controllers.NoteController (GalleryNote).
2024-11-30 14:44:27.775 +01:00 [INF] Executing ViewResult, running view Grid.
2024-11-30 14:44:27.779 +01:00 [INF] Executed ViewResult - view Grid executed in 4.122ms.
2024-11-30 14:44:27.779 +01:00 [INF] Executed action GalleryNote.Controllers.NoteController.Grid (GalleryNote) in 12.9348ms
2024-11-30 14:44:27.779 +01:00 [INF] Executed endpoint 'GalleryNote.Controllers.NoteController.Grid (GalleryNote)'
2024-11-30 14:44:27.780 +01:00 [INF] Request finished HTTP/1.1 GET http://localhost:5272/Note/Grid?active=active - 200 null text/html; charset=utf-8 16.8612ms
2024-11-30 14:44:30.537 +01:00 [INF] Request starting HTTP/1.1 GET http://localhost:5272/Home/Upload?active=active - null null
2024-11-30 14:44:30.547 +01:00 [INF] Authorization failed. These requirements were not met:
DenyAnonymousAuthorizationRequirement: Requires an authenticated user.
2024-11-30 14:44:30.558 +01:00 [INF] AuthenticationScheme: Identity.Application was challenged.
2024-11-30 14:44:30.559 +01:00 [INF] Request finished HTTP/1.1 GET http://localhost:5272/Home/Upload?active=active - 302 0 null 21.4862ms
2024-11-30 14:44:30.564 +01:00 [INF] Request starting HTTP/1.1 GET http://localhost:5272/Identity/Account/Login?ReturnUrl=%2FHome%2FUpload%3Factive%3Dactive - null null
2024-11-30 14:44:30.565 +01:00 [INF] Executing endpoint '/Account/Login'
2024-11-30 14:44:30.606 +01:00 [INF] Route matched with {page = "/Account/Login", area = "Identity", action = "", controller = ""}. Executing page /Account/Login
2024-11-30 14:44:30.645 +01:00 [INF] Executing handler method GalleryNote.Areas.Identity.Pages.Account.LoginModel.OnGetAsync - ModelState is "Valid"
2024-11-30 14:44:30.657 +01:00 [INF] AuthenticationScheme: Identity.External signed out.
2024-11-30 14:44:30.661 +01:00 [INF] Executed handler method OnGetAsync, returned result .
2024-11-30 14:44:30.665 +01:00 [INF] Executing an implicit handler method - ModelState is "Valid"
2024-11-30 14:44:30.665 +01:00 [INF] Executed an implicit handler method, returned result Microsoft.AspNetCore.Mvc.RazorPages.PageResult.
2024-11-30 14:44:30.746 +01:00 [INF] Executed page /Account/Login in 139.7653ms
2024-11-30 14:44:30.746 +01:00 [INF] Executed endpoint '/Account/Login'
2024-11-30 14:44:30.746 +01:00 [INF] Request finished HTTP/1.1 GET http://localhost:5272/Identity/Account/Login?ReturnUrl=%2FHome%2FUpload%3Factive%3Dactive - 200 null text/html; charset=utf-8 182.473ms
2024-11-30 14:44:30.783 +01:00 [INF] Request starting HTTP/1.1 GET http://localhost:5272/lib/jquery-validation/dist/jquery.validate.min.js - null null
2024-11-30 14:44:30.784 +01:00 [INF] Request starting HTTP/1.1 GET http://localhost:5272/lib/jquery-validation-unobtrusive/jquery.validate.unobtrusive.min.js - null null
2024-11-30 14:44:30.790 +01:00 [INF] Request finished HTTP/1.1 GET http://localhost:5272/lib/jquery-validation/dist/jquery.validate.min.js - 404 0 null 6.2607ms
2024-11-30 14:44:30.790 +01:00 [INF] Request finished HTTP/1.1 GET http://localhost:5272/lib/jquery-validation-unobtrusive/jquery.validate.unobtrusive.min.js - 404 0 null 5.6093ms
2024-11-30 14:44:30.791 +01:00 [INF] Request reached the end of the middleware pipeline without being handled by application code. Request path: GET http://localhost:5272/lib/jquery-validation-unobtrusive/jquery.validate.unobtrusive.min.js, Response status code: 404
2024-11-30 14:44:30.791 +01:00 [INF] Request reached the end of the middleware pipeline without being handled by application code. Request path: GET http://localhost:5272/lib/jquery-validation/dist/jquery.validate.min.js, Response status code: 404
2024-11-30 14:44:37.151 +01:00 [INF] Request starting HTTP/1.1 POST http://localhost:5272/Identity/Account/Login?ReturnUrl=%2FHome%2FUpload%3Factive%3Dactive - application/x-www-form-urlencoded 266
2024-11-30 14:44:37.156 +01:00 [INF] Executing endpoint '/Account/Login'
2024-11-30 14:44:37.157 +01:00 [INF] Route matched with {page = "/Account/Login", area = "Identity", action = "", controller = ""}. Executing page /Account/Login
2024-11-30 14:44:37.189 +01:00 [INF] Executing handler method GalleryNote.Areas.Identity.Pages.Account.LoginModel.OnPostAsync - ModelState is "Valid"
2024-11-30 14:44:37.554 +01:00 [INF] AuthenticationScheme: Identity.Application signed in.
2024-11-30 14:44:37.554 +01:00 [INF] User logged in.
2024-11-30 14:44:37.556 +01:00 [INF] Executed handler method OnPostAsync, returned result Microsoft.AspNetCore.Mvc.LocalRedirectResult.
2024-11-30 14:44:37.560 +01:00 [INF] Executing LocalRedirectResult, redirecting to /Home/Upload?active=active.
2024-11-30 14:44:37.561 +01:00 [INF] Executed page /Account/Login in 403.2582ms
2024-11-30 14:44:37.561 +01:00 [INF] Executed endpoint '/Account/Login'
2024-11-30 14:44:37.563 +01:00 [INF] Request finished HTTP/1.1 POST http://localhost:5272/Identity/Account/Login?ReturnUrl=%2FHome%2FUpload%3Factive%3Dactive - 302 0 null 411.8953ms
2024-11-30 14:44:37.564 +01:00 [INF] Request starting HTTP/1.1 GET http://localhost:5272/Home/Upload?active=active - null null
2024-11-30 14:44:37.575 +01:00 [INF] Executing endpoint 'GalleryNote.Controllers.HomeController.Upload (GalleryNote)'
2024-11-30 14:44:37.577 +01:00 [INF] Route matched with {action = "Upload", controller = "Home", page = "", area = ""}. Executing controller action with signature Microsoft.AspNetCore.Mvc.IActionResult Upload() on controller GalleryNote.Controllers.HomeController (GalleryNote).
2024-11-30 14:44:37.578 +01:00 [INF] Executing ViewResult, running view Upload.
2024-11-30 14:44:37.594 +01:00 [INF] Executed ViewResult - view Upload executed in 16.0094ms.
2024-11-30 14:44:37.594 +01:00 [INF] Executed action GalleryNote.Controllers.HomeController.Upload (GalleryNote) in 16.5538ms
2024-11-30 14:44:37.594 +01:00 [INF] Executed endpoint 'GalleryNote.Controllers.HomeController.Upload (GalleryNote)'
2024-11-30 14:44:37.594 +01:00 [INF] Request finished HTTP/1.1 GET http://localhost:5272/Home/Upload?active=active - 200 null text/html; charset=utf-8 29.8354ms
2024-11-30 14:44:38.693 +01:00 [INF] Request starting HTTP/1.1 GET http://localhost:5272/Image/Create - null null
2024-11-30 14:44:38.702 +01:00 [INF] Executing endpoint 'GalleryNote.Controllers.ImageController.Create (GalleryNote)'
2024-11-30 14:44:38.705 +01:00 [INF] Route matched with {action = "Create", controller = "Image", page = "", area = ""}. Executing controller action with signature Microsoft.AspNetCore.Mvc.IActionResult Create() on controller GalleryNote.Controllers.ImageController (GalleryNote).
2024-11-30 14:44:38.708 +01:00 [INF] Executing ViewResult, running view Create.
2024-11-30 14:44:38.747 +01:00 [INF] Executed ViewResult - view Create executed in 41.7495ms.
2024-11-30 14:44:38.747 +01:00 [INF] Executed action GalleryNote.Controllers.ImageController.Create (GalleryNote) in 42.3338ms
2024-11-30 14:44:38.747 +01:00 [INF] Executed endpoint 'GalleryNote.Controllers.ImageController.Create (GalleryNote)'
2024-11-30 14:44:38.748 +01:00 [INF] Request finished HTTP/1.1 GET http://localhost:5272/Image/Create - 200 null text/html; charset=utf-8 55.1099ms
2024-11-30 14:44:41.093 +01:00 [INF] Request starting HTTP/1.1 GET http://localhost:5272/Home/Upload?active=active - null null
2024-11-30 14:44:41.097 +01:00 [INF] Executing endpoint 'GalleryNote.Controllers.HomeController.Upload (GalleryNote)'
2024-11-30 14:44:41.097 +01:00 [INF] Route matched with {action = "Upload", controller = "Home", page = "", area = ""}. Executing controller action with signature Microsoft.AspNetCore.Mvc.IActionResult Upload() on controller GalleryNote.Controllers.HomeController (GalleryNote).
2024-11-30 14:44:41.097 +01:00 [INF] Executing ViewResult, running view Upload.
2024-11-30 14:44:41.098 +01:00 [INF] Executed ViewResult - view Upload executed in 0.8964ms.
2024-11-30 14:44:41.098 +01:00 [INF] Executed action GalleryNote.Controllers.HomeController.Upload (GalleryNote) in 1.0698ms
2024-11-30 14:44:41.098 +01:00 [INF] Executed endpoint 'GalleryNote.Controllers.HomeController.Upload (GalleryNote)'
2024-11-30 14:44:41.098 +01:00 [INF] Request finished HTTP/1.1 GET http://localhost:5272/Home/Upload?active=active - 200 null text/html; charset=utf-8 4.9406ms
2024-11-30 14:44:42.425 +01:00 [INF] Request starting HTTP/1.1 GET http://localhost:5272/Note/Create - null null
2024-11-30 14:44:42.427 +01:00 [INF] Executing endpoint 'GalleryNote.Controllers.NoteController.Create (GalleryNote)'
2024-11-30 14:44:42.429 +01:00 [INF] Route matched with {action = "Create", controller = "Note", page = "", area = ""}. Executing controller action with signature Microsoft.AspNetCore.Mvc.IActionResult Create() on controller GalleryNote.Controllers.NoteController (GalleryNote).
2024-11-30 14:44:42.431 +01:00 [INF] Executing ViewResult, running view Create.
2024-11-30 14:44:42.454 +01:00 [INF] Executed ViewResult - view Create executed in 23.9022ms.
2024-11-30 14:44:42.455 +01:00 [INF] Executed action GalleryNote.Controllers.NoteController.Create (GalleryNote) in 26.089ms
2024-11-30 14:44:42.455 +01:00 [INF] Executed endpoint 'GalleryNote.Controllers.NoteController.Create (GalleryNote)'
2024-11-30 14:44:42.456 +01:00 [INF] Request finished HTTP/1.1 GET http://localhost:5272/Note/Create - 200 null text/html; charset=utf-8 30.7587ms
2024-11-30 14:44:44.996 +01:00 [INF] Request starting HTTP/1.1 GET http://localhost:5272/Home/Upload?active=active - null null
2024-11-30 14:44:44.999 +01:00 [INF] Executing endpoint 'GalleryNote.Controllers.HomeController.Upload (GalleryNote)'
2024-11-30 14:44:44.999 +01:00 [INF] Route matched with {action = "Upload", controller = "Home", page = "", area = ""}. Executing controller action with signature Microsoft.AspNetCore.Mvc.IActionResult Upload() on controller GalleryNote.Controllers.HomeController (GalleryNote).
2024-11-30 14:44:44.999 +01:00 [INF] Executing ViewResult, running view Upload.
2024-11-30 14:44:45.001 +01:00 [INF] Executed ViewResult - view Upload executed in 1.4117ms.
2024-11-30 14:44:45.001 +01:00 [INF] Executed action GalleryNote.Controllers.HomeController.Upload (GalleryNote) in 1.8217ms
2024-11-30 14:44:45.001 +01:00 [INF] Executed endpoint 'GalleryNote.Controllers.HomeController.Upload (GalleryNote)'
2024-11-30 14:44:45.001 +01:00 [INF] Request finished HTTP/1.1 GET http://localhost:5272/Home/Upload?active=active - 200 null text/html; charset=utf-8 5.1748ms
2024-11-30 14:44:52.995 +01:00 [INF] Application is shutting down...
