2024-11-21 14:03:41.688 +01:00 [INF] User profile is available. Using 'C:\Users\birko\AppData\Local\ASP.NET\DataProtection-Keys' as key repository and Windows DPAPI to encrypt keys at rest.
2024-11-21 14:03:42.119 +01:00 [INF] Now listening on: http://localhost:5272
2024-11-21 14:03:42.128 +01:00 [INF] Application started. Press Ctrl+C to shut down.
2024-11-21 14:03:42.129 +01:00 [INF] Hosting environment: Development
2024-11-21 14:03:42.129 +01:00 [INF] Content root path: C:\Users\birko\OneDrive - OsloMet\ITPE 3200 - Webapplikasjoner\GalleryNote project\GalleryNote – Kopi
2024-11-21 14:03:44.914 +01:00 [INF] Request starting HTTP/1.1 GET http://localhost:5272/ - null null
2024-11-21 14:03:45.036 +01:00 [INF] Executing endpoint 'GalleryNote.Controllers.HomeController.Index (GalleryNote)'
2024-11-21 14:03:45.052 +01:00 [INF] Route matched with {action = "Index", controller = "Home", page = "", area = ""}. Executing controller action with signature Microsoft.AspNetCore.Mvc.IActionResult Index() on controller GalleryNote.Controllers.HomeController (GalleryNote).
2024-11-21 14:03:45.067 +01:00 [INF] Executing ViewResult, running view Index.
2024-11-21 14:03:45.270 +01:00 [INF] Executed ViewResult - view Index executed in 207.9758ms.
2024-11-21 14:03:45.283 +01:00 [INF] Executed action GalleryNote.Controllers.HomeController.Index (GalleryNote) in 228.3386ms
2024-11-21 14:03:45.283 +01:00 [INF] Executed endpoint 'GalleryNote.Controllers.HomeController.Index (GalleryNote)'
2024-11-21 14:03:45.308 +01:00 [INF] Request finished HTTP/1.1 GET http://localhost:5272/ - 200 null text/html; charset=utf-8 398.6608ms
2024-11-21 14:03:51.893 +01:00 [INF] Request starting HTTP/1.1 GET http://localhost:5272/Image/Grid?active=active - null null
2024-11-21 14:03:51.915 +01:00 [INF] Authorization failed. These requirements were not met:
DenyAnonymousAuthorizationRequirement: Requires an authenticated user.
2024-11-21 14:03:51.932 +01:00 [INF] AuthenticationScheme: Identity.Application was challenged.
2024-11-21 14:03:51.935 +01:00 [INF] Request finished HTTP/1.1 GET http://localhost:5272/Image/Grid?active=active - 302 0 null 40.5382ms
2024-11-21 14:03:51.939 +01:00 [INF] Request starting HTTP/1.1 GET http://localhost:5272/Identity/Account/Login?ReturnUrl=%2FImage%2FGrid%3Factive%3Dactive - null null
2024-11-21 14:03:51.945 +01:00 [INF] Executing endpoint '/Account/Login'
2024-11-21 14:03:52.003 +01:00 [INF] Route matched with {page = "/Account/Login", area = "Identity", action = "", controller = ""}. Executing page /Account/Login
2024-11-21 14:03:52.211 +01:00 [INF] Executing handler method GalleryNote.Areas.Identity.Pages.Account.LoginModel.OnGetAsync - ModelState is "Valid"
2024-11-21 14:03:52.220 +01:00 [INF] AuthenticationScheme: Identity.External signed out.
2024-11-21 14:03:52.222 +01:00 [INF] Executed handler method OnGetAsync, returned result .
2024-11-21 14:03:52.229 +01:00 [INF] Executing an implicit handler method - ModelState is "Valid"
2024-11-21 14:03:52.230 +01:00 [INF] Executed an implicit handler method, returned result Microsoft.AspNetCore.Mvc.RazorPages.PageResult.
2024-11-21 14:03:52.369 +01:00 [INF] Executed page /Account/Login in 365.7023ms
2024-11-21 14:03:52.369 +01:00 [INF] Executed endpoint '/Account/Login'
2024-11-21 14:03:52.370 +01:00 [INF] Request finished HTTP/1.1 GET http://localhost:5272/Identity/Account/Login?ReturnUrl=%2FImage%2FGrid%3Factive%3Dactive - 200 null text/html; charset=utf-8 431.2243ms
2024-11-21 14:03:52.408 +01:00 [INF] Request starting HTTP/1.1 GET http://localhost:5272/lib/jquery-validation/dist/jquery.validate.min.js - null null
2024-11-21 14:03:52.413 +01:00 [INF] Request finished HTTP/1.1 GET http://localhost:5272/lib/jquery-validation/dist/jquery.validate.min.js - 404 0 null 5.0571ms
2024-11-21 14:03:52.414 +01:00 [INF] Request reached the end of the middleware pipeline without being handled by application code. Request path: GET http://localhost:5272/lib/jquery-validation/dist/jquery.validate.min.js, Response status code: 404
2024-11-21 14:03:52.416 +01:00 [INF] Request starting HTTP/1.1 GET http://localhost:5272/lib/jquery-validation-unobtrusive/jquery.validate.unobtrusive.min.js - null null
2024-11-21 14:03:52.418 +01:00 [INF] Request finished HTTP/1.1 GET http://localhost:5272/lib/jquery-validation-unobtrusive/jquery.validate.unobtrusive.min.js - 404 0 null 1.8805ms
2024-11-21 14:03:52.419 +01:00 [INF] Request reached the end of the middleware pipeline without being handled by application code. Request path: GET http://localhost:5272/lib/jquery-validation-unobtrusive/jquery.validate.unobtrusive.min.js, Response status code: 404
2024-11-21 14:03:59.425 +01:00 [INF] Request starting HTTP/1.1 GET http://localhost:5272/Identity/Account/Register?returnUrl=%2FImage%2FGrid%3Factive%3Dactive - null null
2024-11-21 14:03:59.432 +01:00 [INF] Executing endpoint '/Account/Register'
2024-11-21 14:03:59.447 +01:00 [INF] Route matched with {page = "/Account/Register", area = "Identity", action = "", controller = ""}. Executing page /Account/Register
2024-11-21 14:03:59.480 +01:00 [INF] Executing handler method GalleryNote.Areas.Identity.Pages.Account.RegisterModel.OnGetAsync - ModelState is "Valid"
2024-11-21 14:03:59.483 +01:00 [INF] Executed handler method OnGetAsync, returned result .
2024-11-21 14:03:59.483 +01:00 [INF] Executing an implicit handler method - ModelState is "Valid"
2024-11-21 14:03:59.483 +01:00 [INF] Executed an implicit handler method, returned result Microsoft.AspNetCore.Mvc.RazorPages.PageResult.
2024-11-21 14:03:59.525 +01:00 [INF] Executed page /Account/Register in 77.9684ms
2024-11-21 14:03:59.525 +01:00 [INF] Executed endpoint '/Account/Register'
2024-11-21 14:03:59.526 +01:00 [INF] Request finished HTTP/1.1 GET http://localhost:5272/Identity/Account/Register?returnUrl=%2FImage%2FGrid%3Factive%3Dactive - 200 null text/html; charset=utf-8 100.6059ms
2024-11-21 14:03:59.559 +01:00 [INF] Request starting HTTP/1.1 GET http://localhost:5272/lib/jquery-validation/dist/jquery.validate.min.js - null null
2024-11-21 14:03:59.559 +01:00 [INF] Request starting HTTP/1.1 GET http://localhost:5272/lib/jquery-validation-unobtrusive/jquery.validate.unobtrusive.min.js - null null
2024-11-21 14:03:59.561 +01:00 [INF] Request finished HTTP/1.1 GET http://localhost:5272/lib/jquery-validation-unobtrusive/jquery.validate.unobtrusive.min.js - 404 0 null 1.4213ms
2024-11-21 14:03:59.561 +01:00 [INF] Request finished HTTP/1.1 GET http://localhost:5272/lib/jquery-validation/dist/jquery.validate.min.js - 404 0 null 1.5146ms
2024-11-21 14:03:59.561 +01:00 [INF] Request reached the end of the middleware pipeline without being handled by application code. Request path: GET http://localhost:5272/lib/jquery-validation-unobtrusive/jquery.validate.unobtrusive.min.js, Response status code: 404
2024-11-21 14:03:59.561 +01:00 [INF] Request reached the end of the middleware pipeline without being handled by application code. Request path: GET http://localhost:5272/lib/jquery-validation/dist/jquery.validate.min.js, Response status code: 404
2024-11-21 14:04:11.692 +01:00 [INF] Request starting HTTP/1.1 POST http://localhost:5272/Identity/Account/Register?returnUrl=%2FImage%2FGrid%3Factive%3Dactive - application/x-www-form-urlencoded 277
2024-11-21 14:04:11.693 +01:00 [INF] Executing endpoint '/Account/Register'
2024-11-21 14:04:11.693 +01:00 [INF] Route matched with {page = "/Account/Register", area = "Identity", action = "", controller = ""}. Executing page /Account/Register
2024-11-21 14:04:11.742 +01:00 [INF] Executing handler method GalleryNote.Areas.Identity.Pages.Account.RegisterModel.OnPostAsync - ModelState is "Valid"
2024-11-21 14:04:12.638 +01:00 [INF] User created a new account with password.
2024-11-21 14:04:12.755 +01:00 [INF] AuthenticationScheme: Identity.Application signed in.
2024-11-21 14:04:12.757 +01:00 [INF] Executed handler method OnPostAsync, returned result Microsoft.AspNetCore.Mvc.LocalRedirectResult.
2024-11-21 14:04:12.759 +01:00 [INF] Executing LocalRedirectResult, redirecting to /Image/Grid?active=active.
2024-11-21 14:04:12.759 +01:00 [INF] Executed page /Account/Register in 1065.9639ms
2024-11-21 14:04:12.760 +01:00 [INF] Executed endpoint '/Account/Register'
2024-11-21 14:04:12.763 +01:00 [INF] Request finished HTTP/1.1 POST http://localhost:5272/Identity/Account/Register?returnUrl=%2FImage%2FGrid%3Factive%3Dactive - 302 0 null 1070.4677ms
2024-11-21 14:04:12.766 +01:00 [INF] Request starting HTTP/1.1 GET http://localhost:5272/Image/Grid?active=active - null null
2024-11-21 14:04:12.786 +01:00 [INF] Executing endpoint 'GalleryNote.Controllers.ImageController.Grid (GalleryNote)'
2024-11-21 14:04:12.793 +01:00 [INF] Route matched with {action = "Grid", controller = "Image", page = "", area = ""}. Executing controller action with signature Microsoft.AspNetCore.Mvc.IActionResult Grid() on controller GalleryNote.Controllers.ImageController (GalleryNote).
2024-11-21 14:04:12.829 +01:00 [INF] Executing ViewResult, running view Grid.
2024-11-21 14:04:12.861 +01:00 [INF] Executed ViewResult - view Grid executed in 32.642ms.
2024-11-21 14:04:12.862 +01:00 [INF] Executed action GalleryNote.Controllers.ImageController.Grid (GalleryNote) in 69.0047ms
2024-11-21 14:04:12.862 +01:00 [INF] Executed endpoint 'GalleryNote.Controllers.ImageController.Grid (GalleryNote)'
2024-11-21 14:04:12.867 +01:00 [INF] Request finished HTTP/1.1 GET http://localhost:5272/Image/Grid?active=active - 200 null text/html; charset=utf-8 100.799ms
2024-11-21 14:04:34.726 +01:00 [INF] Request starting HTTP/1.1 GET http://localhost:5272/Image/Delete/8 - null null
2024-11-21 14:04:34.739 +01:00 [INF] Executing endpoint 'GalleryNote.Controllers.ImageController.Delete (GalleryNote)'
2024-11-21 14:04:34.743 +01:00 [INF] Route matched with {action = "Delete", controller = "Image", page = "", area = ""}. Executing controller action with signature Microsoft.AspNetCore.Mvc.IActionResult Delete(Int32) on controller GalleryNote.Controllers.ImageController (GalleryNote).
2024-11-21 14:04:34.773 +01:00 [INF] Executing ViewResult, running view Delete.
2024-11-21 14:04:34.788 +01:00 [INF] Executed ViewResult - view Delete executed in 16.9708ms.
2024-11-21 14:04:34.788 +01:00 [INF] Executed action GalleryNote.Controllers.ImageController.Delete (GalleryNote) in 44.6685ms
2024-11-21 14:04:34.788 +01:00 [INF] Executed endpoint 'GalleryNote.Controllers.ImageController.Delete (GalleryNote)'
2024-11-21 14:04:34.789 +01:00 [INF] Request finished HTTP/1.1 GET http://localhost:5272/Image/Delete/8 - 200 null text/html; charset=utf-8 62.7753ms
2024-11-21 14:04:39.830 +01:00 [INF] Request starting HTTP/1.1 POST http://localhost:5272/Image/DeleteConfirmed/8 - application/x-www-form-urlencoded 225
2024-11-21 14:04:39.839 +01:00 [INF] Executing endpoint 'GalleryNote.Controllers.ImageController.DeleteConfirmed (GalleryNote)'
2024-11-21 14:04:39.846 +01:00 [INF] Route matched with {action = "DeleteConfirmed", controller = "Image", page = "", area = ""}. Executing controller action with signature Microsoft.AspNetCore.Mvc.IActionResult DeleteConfirmed(Int32) on controller GalleryNote.Controllers.ImageController (GalleryNote).
2024-11-21 14:04:39.902 +01:00 [INF] Executing RedirectResult, redirecting to /Image/Grid.
2024-11-21 14:04:39.903 +01:00 [INF] Executed action GalleryNote.Controllers.ImageController.DeleteConfirmed (GalleryNote) in 56.191ms
2024-11-21 14:04:39.903 +01:00 [INF] Executed endpoint 'GalleryNote.Controllers.ImageController.DeleteConfirmed (GalleryNote)'
2024-11-21 14:04:39.903 +01:00 [INF] Request finished HTTP/1.1 POST http://localhost:5272/Image/DeleteConfirmed/8 - 302 0 null 73.1705ms
2024-11-21 14:04:39.909 +01:00 [INF] Request starting HTTP/1.1 GET http://localhost:5272/Image/Grid - null null
2024-11-21 14:04:39.914 +01:00 [INF] Executing endpoint 'GalleryNote.Controllers.ImageController.Grid (GalleryNote)'
2024-11-21 14:04:39.914 +01:00 [INF] Route matched with {action = "Grid", controller = "Image", page = "", area = ""}. Executing controller action with signature Microsoft.AspNetCore.Mvc.IActionResult Grid() on controller GalleryNote.Controllers.ImageController (GalleryNote).
2024-11-21 14:04:39.917 +01:00 [INF] Executing ViewResult, running view Grid.
2024-11-21 14:04:39.923 +01:00 [INF] Executed ViewResult - view Grid executed in 5.8918ms.
2024-11-21 14:04:39.923 +01:00 [INF] Executed action GalleryNote.Controllers.ImageController.Grid (GalleryNote) in 8.5116ms
2024-11-21 14:04:39.923 +01:00 [INF] Executed endpoint 'GalleryNote.Controllers.ImageController.Grid (GalleryNote)'
2024-11-21 14:04:39.926 +01:00 [INF] Request finished HTTP/1.1 GET http://localhost:5272/Image/Grid - 200 null text/html; charset=utf-8 16.9837ms
2024-11-21 14:04:43.858 +01:00 [INF] Request starting HTTP/1.1 GET http://localhost:5272/Image/Create - null null
2024-11-21 14:04:43.866 +01:00 [INF] Executing endpoint 'GalleryNote.Controllers.ImageController.Create (GalleryNote)'
2024-11-21 14:04:43.871 +01:00 [INF] Route matched with {action = "Create", controller = "Image", page = "", area = ""}. Executing controller action with signature Microsoft.AspNetCore.Mvc.IActionResult Create() on controller GalleryNote.Controllers.ImageController (GalleryNote).
2024-11-21 14:04:43.876 +01:00 [INF] Executing ViewResult, running view Create.
2024-11-21 14:04:43.950 +01:00 [INF] Executed ViewResult - view Create executed in 78.0162ms.
2024-11-21 14:04:43.951 +01:00 [INF] Executed action GalleryNote.Controllers.ImageController.Create (GalleryNote) in 79.0783ms
2024-11-21 14:04:43.951 +01:00 [INF] Executed endpoint 'GalleryNote.Controllers.ImageController.Create (GalleryNote)'
2024-11-21 14:04:43.951 +01:00 [INF] Request finished HTTP/1.1 GET http://localhost:5272/Image/Create - 200 null text/html; charset=utf-8 92.833ms
2024-11-21 14:04:51.848 +01:00 [INF] Request starting HTTP/1.1 POST http://localhost:5272/Image/Create - application/x-www-form-urlencoded 311
2024-11-21 14:04:51.853 +01:00 [INF] Executing endpoint 'GalleryNote.Controllers.ImageController.Create (GalleryNote)'
2024-11-21 14:04:51.872 +01:00 [INF] Route matched with {action = "Create", controller = "Image", page = "", area = ""}. Executing controller action with signature System.Threading.Tasks.Task`1[Microsoft.AspNetCore.Mvc.IActionResult] Create(GalleryNote.Models.Image) on controller GalleryNote.Controllers.ImageController (GalleryNote).
2024-11-21 14:04:51.946 +01:00 [INF] Executing RedirectResult, redirecting to /Image/Grid.
2024-11-21 14:04:51.946 +01:00 [INF] Executed action GalleryNote.Controllers.ImageController.Create (GalleryNote) in 74.2828ms
2024-11-21 14:04:51.947 +01:00 [INF] Executed endpoint 'GalleryNote.Controllers.ImageController.Create (GalleryNote)'
2024-11-21 14:04:51.948 +01:00 [INF] Request finished HTTP/1.1 POST http://localhost:5272/Image/Create - 302 0 null 99.9912ms
2024-11-21 14:04:51.953 +01:00 [INF] Request starting HTTP/1.1 GET http://localhost:5272/Image/Grid - null null
2024-11-21 14:04:51.958 +01:00 [INF] Executing endpoint 'GalleryNote.Controllers.ImageController.Grid (GalleryNote)'
2024-11-21 14:04:51.958 +01:00 [INF] Route matched with {action = "Grid", controller = "Image", page = "", area = ""}. Executing controller action with signature Microsoft.AspNetCore.Mvc.IActionResult Grid() on controller GalleryNote.Controllers.ImageController (GalleryNote).
2024-11-21 14:04:51.961 +01:00 [INF] Executing ViewResult, running view Grid.
2024-11-21 14:04:51.964 +01:00 [INF] Executed ViewResult - view Grid executed in 3.6662ms.
2024-11-21 14:04:51.965 +01:00 [INF] Executed action GalleryNote.Controllers.ImageController.Grid (GalleryNote) in 6.0547ms
2024-11-21 14:04:51.965 +01:00 [INF] Executed endpoint 'GalleryNote.Controllers.ImageController.Grid (GalleryNote)'
2024-11-21 14:04:51.965 +01:00 [INF] Request finished HTTP/1.1 GET http://localhost:5272/Image/Grid - 200 null text/html; charset=utf-8 12.5275ms
2024-11-21 14:14:13.385 +01:00 [INF] Application is shutting down...
