2024-11-13 20:38:06.336 +01:00 [INF] User profile is available. Using 'C:\Users\birko\AppData\Local\ASP.NET\DataProtection-Keys' as key repository and Windows DPAPI to encrypt keys at rest.
2024-11-13 20:38:07.016 +01:00 [INF] Now listening on: http://localhost:5272
2024-11-13 20:38:07.027 +01:00 [INF] Application started. Press Ctrl+C to shut down.
2024-11-13 20:38:07.029 +01:00 [INF] Hosting environment: Development
2024-11-13 20:38:07.030 +01:00 [INF] Content root path: C:\Users\birko\OneDrive - OsloMet\ITPE 3200 - Webapplikasjoner\GalleryNote project\GalleryNote – Kopi
2024-11-13 20:38:20.833 +01:00 [INF] Request starting HTTP/1.1 GET http://localhost:5272/ - null null
2024-11-13 20:38:20.919 +01:00 [INF] Executing endpoint 'GalleryNote.Controllers.HomeController.Index (GalleryNote)'
2024-11-13 20:38:20.945 +01:00 [INF] Route matched with {action = "Index", controller = "Home", page = "", area = ""}. Executing controller action with signature Microsoft.AspNetCore.Mvc.IActionResult Index() on controller GalleryNote.Controllers.HomeController (GalleryNote).
2024-11-13 20:38:20.961 +01:00 [INF] Executing ViewResult, running view Index.
2024-11-13 20:38:21.135 +01:00 [INF] Executed ViewResult - view Index executed in 169.7148ms.
2024-11-13 20:38:21.143 +01:00 [INF] Executed action GalleryNote.Controllers.HomeController.Index (GalleryNote) in 195.8252ms
2024-11-13 20:38:21.144 +01:00 [INF] Executed endpoint 'GalleryNote.Controllers.HomeController.Index (GalleryNote)'
2024-11-13 20:38:21.162 +01:00 [INF] Request finished HTTP/1.1 GET http://localhost:5272/ - 200 null text/html; charset=utf-8 332.0175ms
2024-11-13 20:38:21.172 +01:00 [INF] Request starting HTTP/1.1 GET http://localhost:5272/js/jquery.validate.js - null null
2024-11-13 20:38:21.188 +01:00 [INF] The file /js/jquery.validate.js was not modified
2024-11-13 20:38:21.190 +01:00 [INF] Request finished HTTP/1.1 GET http://localhost:5272/js/jquery.validate.js - 304 null text/javascript 18.6309ms
2024-11-13 20:38:23.962 +01:00 [INF] Request starting HTTP/1.1 GET http://localhost:5272/?active=active - null null
2024-11-13 20:38:23.965 +01:00 [INF] Executing endpoint 'GalleryNote.Controllers.HomeController.Index (GalleryNote)'
2024-11-13 20:38:23.965 +01:00 [INF] Route matched with {action = "Index", controller = "Home", page = "", area = ""}. Executing controller action with signature Microsoft.AspNetCore.Mvc.IActionResult Index() on controller GalleryNote.Controllers.HomeController (GalleryNote).
2024-11-13 20:38:23.966 +01:00 [INF] Executing ViewResult, running view Index.
2024-11-13 20:38:23.979 +01:00 [INF] Executed ViewResult - view Index executed in 13.227ms.
2024-11-13 20:38:23.981 +01:00 [INF] Executed action GalleryNote.Controllers.HomeController.Index (GalleryNote) in 15.6797ms
2024-11-13 20:38:23.981 +01:00 [INF] Executed endpoint 'GalleryNote.Controllers.HomeController.Index (GalleryNote)'
2024-11-13 20:38:23.982 +01:00 [INF] Request finished HTTP/1.1 GET http://localhost:5272/?active=active - 200 null text/html; charset=utf-8 19.9144ms
2024-11-13 20:38:25.529 +01:00 [INF] Request starting HTTP/1.1 GET http://localhost:5272/Image/Table?active=active - null null
2024-11-13 20:38:25.535 +01:00 [INF] Executing endpoint 'GalleryNote.Controllers.ImageController.Table (GalleryNote)'
2024-11-13 20:38:25.550 +01:00 [INF] Route matched with {action = "Table", controller = "Image", page = "", area = ""}. Executing controller action with signature System.Threading.Tasks.Task`1[Microsoft.AspNetCore.Mvc.IActionResult] Table() on controller GalleryNote.Controllers.ImageController (GalleryNote).
2024-11-13 20:38:25.878 +01:00 [INF] Executing ViewResult, running view Table.
2024-11-13 20:38:25.899 +01:00 [INF] Executed action GalleryNote.Controllers.ImageController.Table (GalleryNote) in 349.1757ms
2024-11-13 20:38:25.901 +01:00 [INF] Executed endpoint 'GalleryNote.Controllers.ImageController.Table (GalleryNote)'
2024-11-13 20:38:25.972 +01:00 [ERR] An unhandled exception has occurred while executing the request.
System.InvalidOperationException: The model item passed into the ViewDataDictionary is of type 'System.Collections.Generic.List`1[GalleryNote.Models.Image]', but this ViewDataDictionary instance requires a model item of type 'GalleryNote.Models.Image'.
   at Microsoft.AspNetCore.Mvc.ViewFeatures.ViewDataDictionary.EnsureCompatible(Object value)
   at lambda_method121(Closure, ViewDataDictionary)
   at Microsoft.AspNetCore.Mvc.Razor.RazorPagePropertyActivator.Activate(Object page, ViewContext context)
   at Microsoft.AspNetCore.Mvc.Razor.RazorView.RenderPageCoreAsync(IRazorPage page, ViewContext context)
   at Microsoft.AspNetCore.Mvc.Razor.RazorView.RenderPageAsync(IRazorPage page, ViewContext context, Boolean invokeViewStarts)
   at Microsoft.AspNetCore.Mvc.Razor.RazorView.RenderAsync(ViewContext context)
   at Microsoft.AspNetCore.Mvc.TagHelpers.PartialTagHelper.RenderPartialViewAsync(TextWriter writer, Object model, IView view)
   at Microsoft.AspNetCore.Mvc.TagHelpers.PartialTagHelper.ProcessAsync(TagHelperContext context, TagHelperOutput output)
   at Microsoft.AspNetCore.Razor.Runtime.TagHelpers.TagHelperRunner.<RunAsync>g__Awaited|0_0(Task task, TagHelperExecutionContext executionContext, Int32 i, Int32 count)
   at AspNetCoreGeneratedDocument.Views_Image_Table.ExecuteAsync()
   at Microsoft.AspNetCore.Mvc.Razor.RazorView.RenderPageCoreAsync(IRazorPage page, ViewContext context)
   at Microsoft.AspNetCore.Mvc.Razor.RazorView.RenderPageAsync(IRazorPage page, ViewContext context, Boolean invokeViewStarts)
   at Microsoft.AspNetCore.Mvc.Razor.RazorView.RenderAsync(ViewContext context)
   at Microsoft.AspNetCore.Mvc.ViewFeatures.ViewExecutor.ExecuteAsync(ViewContext viewContext, String contentType, Nullable`1 statusCode)
   at Microsoft.AspNetCore.Mvc.ViewFeatures.ViewExecutor.ExecuteAsync(ViewContext viewContext, String contentType, Nullable`1 statusCode)
   at Microsoft.AspNetCore.Mvc.ViewFeatures.ViewExecutor.ExecuteAsync(ActionContext actionContext, IView view, ViewDataDictionary viewData, ITempDataDictionary tempData, String contentType, Nullable`1 statusCode)
   at Microsoft.AspNetCore.Mvc.ViewFeatures.ViewResultExecutor.ExecuteAsync(ActionContext context, ViewResult result)
   at Microsoft.AspNetCore.Mvc.ViewResult.ExecuteResultAsync(ActionContext context)
   at Microsoft.AspNetCore.Mvc.Infrastructure.ResourceInvoker.<InvokeNextResultFilterAsync>g__Awaited|30_0[TFilter,TFilterAsync](ResourceInvoker invoker, Task lastTask, State next, Scope scope, Object state, Boolean isCompleted)
   at Microsoft.AspNetCore.Mvc.Infrastructure.ResourceInvoker.Rethrow(ResultExecutedContextSealed context)
   at Microsoft.AspNetCore.Mvc.Infrastructure.ResourceInvoker.ResultNext[TFilter,TFilterAsync](State& next, Scope& scope, Object& state, Boolean& isCompleted)
   at Microsoft.AspNetCore.Mvc.Infrastructure.ResourceInvoker.InvokeResultFilters()
--- End of stack trace from previous location ---
   at Microsoft.AspNetCore.Mvc.Infrastructure.ResourceInvoker.<InvokeNextResourceFilter>g__Awaited|25_0(ResourceInvoker invoker, Task lastTask, State next, Scope scope, Object state, Boolean isCompleted)
   at Microsoft.AspNetCore.Mvc.Infrastructure.ResourceInvoker.Rethrow(ResourceExecutedContextSealed context)
   at Microsoft.AspNetCore.Mvc.Infrastructure.ResourceInvoker.Next(State& next, Scope& scope, Object& state, Boolean& isCompleted)
   at Microsoft.AspNetCore.Mvc.Infrastructure.ResourceInvoker.InvokeFilterPipelineAsync()
--- End of stack trace from previous location ---
   at Microsoft.AspNetCore.Mvc.Infrastructure.ResourceInvoker.<InvokeAsync>g__Logged|17_1(ResourceInvoker invoker)
   at Microsoft.AspNetCore.Mvc.Infrastructure.ResourceInvoker.<InvokeAsync>g__Logged|17_1(ResourceInvoker invoker)
   at Microsoft.AspNetCore.Routing.EndpointMiddleware.<Invoke>g__AwaitRequestTask|7_0(Endpoint endpoint, Task requestTask, ILogger logger)
   at Microsoft.AspNetCore.Authorization.AuthorizationMiddleware.Invoke(HttpContext context)
   at Microsoft.AspNetCore.Authentication.AuthenticationMiddleware.Invoke(HttpContext context)
   at Microsoft.AspNetCore.Session.SessionMiddleware.Invoke(HttpContext context)
   at Microsoft.AspNetCore.Session.SessionMiddleware.Invoke(HttpContext context)
   at Microsoft.AspNetCore.Diagnostics.DeveloperExceptionPageMiddlewareImpl.Invoke(HttpContext context)
2024-11-13 20:38:26.075 +01:00 [INF] Request finished HTTP/1.1 GET http://localhost:5272/Image/Table?active=active - 500 null text/html; charset=utf-8 546.2197ms
