2024-10-22 12:36:58.107 +02:00 [INF] User profile is available. Using 'C:\Users\birko\AppData\Local\ASP.NET\DataProtection-Keys' as key repository and Windows DPAPI to encrypt keys at rest.
2024-10-22 12:36:58.431 +02:00 [INF] Now listening on: http://localhost:5272
2024-10-22 12:36:58.438 +02:00 [INF] Application started. Press Ctrl+C to shut down.
2024-10-22 12:36:58.440 +02:00 [INF] Hosting environment: Development
2024-10-22 12:36:58.440 +02:00 [INF] Content root path: C:\Users\birko\OneDrive - OsloMet\ITPE 3200 - Webapplikasjoner\GalleryNote project\GalleryNote
2024-10-22 12:37:07.920 +02:00 [INF] Request starting HTTP/1.1 GET http://localhost:5272/ - null null
2024-10-22 12:37:08.180 +02:00 [INF] Executing endpoint 'GalleryNote.Controllers.HomeController.Index (GalleryNote)'
2024-10-22 12:37:08.213 +02:00 [INF] Route matched with {action = "Index", controller = "Home", page = "", area = ""}. Executing controller action with signature Microsoft.AspNetCore.Mvc.IActionResult Index() on controller GalleryNote.Controllers.HomeController (GalleryNote).
2024-10-22 12:37:08.239 +02:00 [INF] Executing ViewResult, running view Index.
2024-10-22 12:37:08.473 +02:00 [INF] Executed ViewResult - view Index executed in 238.6829ms.
2024-10-22 12:37:08.481 +02:00 [INF] Executed action GalleryNote.Controllers.HomeController.Index (GalleryNote) in 266.6154ms
2024-10-22 12:37:08.482 +02:00 [INF] Executed endpoint 'GalleryNote.Controllers.HomeController.Index (GalleryNote)'
2024-10-22 12:37:08.498 +02:00 [INF] Request finished HTTP/1.1 GET http://localhost:5272/ - 200 null text/html; charset=utf-8 584.7986ms
2024-10-22 12:37:13.336 +02:00 [INF] Request starting HTTP/1.1 POST http://localhost:5272/Identity/Account/Logout?returnUrl=%2F - application/x-www-form-urlencoded 225
2024-10-22 12:37:13.350 +02:00 [INF] Authorization failed. These requirements were not met:
DenyAnonymousAuthorizationRequirement: Requires an authenticated user.
2024-10-22 12:37:13.367 +02:00 [INF] AuthenticationScheme: Identity.Application was challenged.
2024-10-22 12:37:13.368 +02:00 [INF] Request finished HTTP/1.1 POST http://localhost:5272/Identity/Account/Logout?returnUrl=%2F - 302 0 null 31.9027ms
2024-10-22 12:37:13.372 +02:00 [INF] Request starting HTTP/1.1 GET http://localhost:5272/Identity/Account/Login?ReturnUrl=%2FIdentity%2FAccount%2FLogout%3FreturnUrl%3D%252F - null null
2024-10-22 12:37:13.387 +02:00 [INF] Executing endpoint '/Account/Login'
2024-10-22 12:37:13.422 +02:00 [INF] Route matched with {page = "/Account/Login", area = "Identity", action = "", controller = ""}. Executing page /Account/Login
2024-10-22 12:37:13.447 +02:00 [INF] Executing handler method GalleryNote.Areas.Identity.Pages.Account.LoginModel.OnGetAsync - ModelState is "Valid"
2024-10-22 12:37:13.454 +02:00 [INF] AuthenticationScheme: Identity.External signed out.
2024-10-22 12:37:13.455 +02:00 [INF] Executed handler method OnGetAsync, returned result .
2024-10-22 12:37:13.458 +02:00 [INF] Executing an implicit handler method - ModelState is "Valid"
2024-10-22 12:37:13.459 +02:00 [INF] Executed an implicit handler method, returned result Microsoft.AspNetCore.Mvc.RazorPages.PageResult.
2024-10-22 12:37:13.545 +02:00 [INF] Executed page /Account/Login in 121.6531ms
2024-10-22 12:37:13.545 +02:00 [INF] Executed endpoint '/Account/Login'
2024-10-22 12:37:13.546 +02:00 [INF] Request finished HTTP/1.1 GET http://localhost:5272/Identity/Account/Login?ReturnUrl=%2FIdentity%2FAccount%2FLogout%3FreturnUrl%3D%252F - 200 null text/html; charset=utf-8 174.4624ms
2024-10-22 12:37:13.565 +02:00 [INF] Request starting HTTP/1.1 GET http://localhost:5272/lib/jquery-validation/dist/jquery.validate.min.js - null null
2024-10-22 12:37:13.566 +02:00 [INF] Request starting HTTP/1.1 GET http://localhost:5272/lib/jquery-validation-unobtrusive/jquery.validate.unobtrusive.min.js - null null
2024-10-22 12:37:13.584 +02:00 [INF] Request finished HTTP/1.1 GET http://localhost:5272/lib/jquery-validation/dist/jquery.validate.min.js - 404 0 null 19.2696ms
2024-10-22 12:37:13.584 +02:00 [INF] Request finished HTTP/1.1 GET http://localhost:5272/lib/jquery-validation-unobtrusive/jquery.validate.unobtrusive.min.js - 404 0 null 18.3491ms
2024-10-22 12:37:13.585 +02:00 [INF] Request reached the end of the middleware pipeline without being handled by application code. Request path: GET http://localhost:5272/lib/jquery-validation/dist/jquery.validate.min.js, Response status code: 404
2024-10-22 12:37:13.585 +02:00 [INF] Request reached the end of the middleware pipeline without being handled by application code. Request path: GET http://localhost:5272/lib/jquery-validation-unobtrusive/jquery.validate.unobtrusive.min.js, Response status code: 404
2024-10-22 12:37:25.813 +02:00 [INF] Request starting HTTP/1.1 GET http://localhost:5272/Identity/Account/Login?ReturnUrl=%2FIdentity%2FAccount%2FLogout%3FreturnUrl%3D%252F - null null
2024-10-22 12:37:25.819 +02:00 [INF] Executing endpoint '/Account/Login'
2024-10-22 12:37:25.821 +02:00 [INF] Route matched with {page = "/Account/Login", area = "Identity", action = "", controller = ""}. Executing page /Account/Login
2024-10-22 12:37:25.828 +02:00 [INF] Executing handler method GalleryNote.Areas.Identity.Pages.Account.LoginModel.OnGetAsync - ModelState is "Valid"
2024-10-22 12:37:25.829 +02:00 [INF] AuthenticationScheme: Identity.External signed out.
2024-10-22 12:37:25.830 +02:00 [INF] Executed handler method OnGetAsync, returned result .
2024-10-22 12:37:25.830 +02:00 [INF] Executing an implicit handler method - ModelState is "Valid"
2024-10-22 12:37:25.830 +02:00 [INF] Executed an implicit handler method, returned result Microsoft.AspNetCore.Mvc.RazorPages.PageResult.
2024-10-22 12:37:25.851 +02:00 [INF] Executed page /Account/Login in 29.6477ms
2024-10-22 12:37:25.851 +02:00 [INF] Executed endpoint '/Account/Login'
2024-10-22 12:37:25.852 +02:00 [INF] Request finished HTTP/1.1 GET http://localhost:5272/Identity/Account/Login?ReturnUrl=%2FIdentity%2FAccount%2FLogout%3FreturnUrl%3D%252F - 200 null text/html; charset=utf-8 38.9382ms
2024-10-22 12:37:29.107 +02:00 [INF] Request starting HTTP/1.1 GET http://localhost:5272/Item/Table - null null
2024-10-22 12:37:29.109 +02:00 [INF] Executing endpoint 'GalleryNote.Controllers.ItemController.Table (GalleryNote)'
2024-10-22 12:37:29.122 +02:00 [INF] Route matched with {action = "Table", controller = "Item", page = "", area = ""}. Executing controller action with signature System.Threading.Tasks.Task`1[Microsoft.AspNetCore.Mvc.IActionResult] Table() on controller GalleryNote.Controllers.ItemController (GalleryNote).
2024-10-22 12:37:29.243 +02:00 [INF] Executing ViewResult, running view Table.
2024-10-22 12:37:29.260 +02:00 [INF] Executed ViewResult - view Table executed in 17.6764ms.
2024-10-22 12:37:29.260 +02:00 [INF] Executed action GalleryNote.Controllers.ItemController.Table (GalleryNote) in 138.3056ms
2024-10-22 12:37:29.260 +02:00 [INF] Executed endpoint 'GalleryNote.Controllers.ItemController.Table (GalleryNote)'
2024-10-22 12:37:29.273 +02:00 [INF] Request finished HTTP/1.1 GET http://localhost:5272/Item/Table - 200 null text/html; charset=utf-8 165.4598ms
2024-10-22 12:37:31.913 +02:00 [INF] Request starting HTTP/1.1 GET http://localhost:5272/Item/Delete/1 - null null
2024-10-22 12:37:31.925 +02:00 [INF] Authorization failed. These requirements were not met:
DenyAnonymousAuthorizationRequirement: Requires an authenticated user.
2024-10-22 12:37:31.927 +02:00 [INF] AuthenticationScheme: Identity.Application was challenged.
2024-10-22 12:37:31.928 +02:00 [INF] Request finished HTTP/1.1 GET http://localhost:5272/Item/Delete/1 - 302 0 null 14.0903ms
2024-10-22 12:37:31.935 +02:00 [INF] Request starting HTTP/1.1 GET http://localhost:5272/Identity/Account/Login?ReturnUrl=%2FItem%2FDelete%2F1 - null null
2024-10-22 12:37:31.937 +02:00 [INF] Executing endpoint '/Account/Login'
2024-10-22 12:37:31.939 +02:00 [INF] Route matched with {page = "/Account/Login", area = "Identity", action = "", controller = ""}. Executing page /Account/Login
2024-10-22 12:37:31.941 +02:00 [INF] Executing handler method GalleryNote.Areas.Identity.Pages.Account.LoginModel.OnGetAsync - ModelState is "Valid"
2024-10-22 12:37:31.942 +02:00 [INF] AuthenticationScheme: Identity.External signed out.
2024-10-22 12:37:31.942 +02:00 [INF] Executed handler method OnGetAsync, returned result .
2024-10-22 12:37:31.943 +02:00 [INF] Executing an implicit handler method - ModelState is "Valid"
2024-10-22 12:37:31.943 +02:00 [INF] Executed an implicit handler method, returned result Microsoft.AspNetCore.Mvc.RazorPages.PageResult.
2024-10-22 12:37:31.950 +02:00 [INF] Executed page /Account/Login in 10.6614ms
2024-10-22 12:37:31.951 +02:00 [INF] Executed endpoint '/Account/Login'
2024-10-22 12:37:31.951 +02:00 [INF] Request finished HTTP/1.1 GET http://localhost:5272/Identity/Account/Login?ReturnUrl=%2FItem%2FDelete%2F1 - 200 null text/html; charset=utf-8 16.7434ms
2024-10-22 12:37:31.982 +02:00 [INF] Request starting HTTP/1.1 GET http://localhost:5272/lib/jquery-validation/dist/jquery.validate.min.js - null null
2024-10-22 12:37:31.982 +02:00 [INF] Request starting HTTP/1.1 GET http://localhost:5272/lib/jquery-validation-unobtrusive/jquery.validate.unobtrusive.min.js - null null
2024-10-22 12:37:31.985 +02:00 [INF] Request finished HTTP/1.1 GET http://localhost:5272/lib/jquery-validation-unobtrusive/jquery.validate.unobtrusive.min.js - 404 0 null 2.2421ms
2024-10-22 12:37:31.985 +02:00 [INF] Request finished HTTP/1.1 GET http://localhost:5272/lib/jquery-validation/dist/jquery.validate.min.js - 404 0 null 2.7818ms
2024-10-22 12:37:31.985 +02:00 [INF] Request reached the end of the middleware pipeline without being handled by application code. Request path: GET http://localhost:5272/lib/jquery-validation-unobtrusive/jquery.validate.unobtrusive.min.js, Response status code: 404
2024-10-22 12:37:31.985 +02:00 [INF] Request reached the end of the middleware pipeline without being handled by application code. Request path: GET http://localhost:5272/lib/jquery-validation/dist/jquery.validate.min.js, Response status code: 404
2024-10-22 12:37:35.248 +02:00 [INF] Request starting HTTP/1.1 GET http://localhost:5272/Item/Table - null null
2024-10-22 12:37:35.251 +02:00 [INF] Executing endpoint 'GalleryNote.Controllers.ItemController.Table (GalleryNote)'
2024-10-22 12:37:35.252 +02:00 [INF] Route matched with {action = "Table", controller = "Item", page = "", area = ""}. Executing controller action with signature System.Threading.Tasks.Task`1[Microsoft.AspNetCore.Mvc.IActionResult] Table() on controller GalleryNote.Controllers.ItemController (GalleryNote).
2024-10-22 12:37:35.385 +02:00 [INF] Executing ViewResult, running view Table.
2024-10-22 12:37:35.388 +02:00 [INF] Executed ViewResult - view Table executed in 3.3056ms.
2024-10-22 12:37:35.389 +02:00 [INF] Executed action GalleryNote.Controllers.ItemController.Table (GalleryNote) in 136.426ms
2024-10-22 12:37:35.389 +02:00 [INF] Executed endpoint 'GalleryNote.Controllers.ItemController.Table (GalleryNote)'
2024-10-22 12:37:35.389 +02:00 [INF] Request finished HTTP/1.1 GET http://localhost:5272/Item/Table - 200 null text/html; charset=utf-8 141.133ms
2024-10-22 12:37:40.626 +02:00 [INF] Request starting HTTP/1.1 GET http://localhost:5272/Item/Delete/1 - null null
2024-10-22 12:37:40.629 +02:00 [INF] Authorization failed. These requirements were not met:
DenyAnonymousAuthorizationRequirement: Requires an authenticated user.
2024-10-22 12:37:40.629 +02:00 [INF] AuthenticationScheme: Identity.Application was challenged.
2024-10-22 12:37:40.629 +02:00 [INF] Request finished HTTP/1.1 GET http://localhost:5272/Item/Delete/1 - 302 0 null 3.1709ms
2024-10-22 12:37:40.637 +02:00 [INF] Request starting HTTP/1.1 GET http://localhost:5272/Identity/Account/Login?ReturnUrl=%2FItem%2FDelete%2F1 - null null
2024-10-22 12:37:40.639 +02:00 [INF] Executing endpoint '/Account/Login'
2024-10-22 12:37:40.639 +02:00 [INF] Route matched with {page = "/Account/Login", area = "Identity", action = "", controller = ""}. Executing page /Account/Login
2024-10-22 12:37:40.639 +02:00 [INF] Executing handler method GalleryNote.Areas.Identity.Pages.Account.LoginModel.OnGetAsync - ModelState is "Valid"
2024-10-22 12:37:40.639 +02:00 [INF] AuthenticationScheme: Identity.External signed out.
2024-10-22 12:37:40.640 +02:00 [INF] Executed handler method OnGetAsync, returned result .
2024-10-22 12:37:40.640 +02:00 [INF] Executing an implicit handler method - ModelState is "Valid"
2024-10-22 12:37:40.640 +02:00 [INF] Executed an implicit handler method, returned result Microsoft.AspNetCore.Mvc.RazorPages.PageResult.
2024-10-22 12:37:40.644 +02:00 [INF] Executed page /Account/Login in 4.5826ms
2024-10-22 12:37:40.644 +02:00 [INF] Executed endpoint '/Account/Login'
2024-10-22 12:37:40.645 +02:00 [INF] Request finished HTTP/1.1 GET http://localhost:5272/Identity/Account/Login?ReturnUrl=%2FItem%2FDelete%2F1 - 200 null text/html; charset=utf-8 7.4698ms
2024-10-22 12:37:40.666 +02:00 [INF] Request starting HTTP/1.1 GET http://localhost:5272/lib/jquery-validation/dist/jquery.validate.min.js - null null
2024-10-22 12:37:40.667 +02:00 [INF] Request starting HTTP/1.1 GET http://localhost:5272/lib/jquery-validation-unobtrusive/jquery.validate.unobtrusive.min.js - null null
2024-10-22 12:37:40.670 +02:00 [INF] Request finished HTTP/1.1 GET http://localhost:5272/lib/jquery-validation/dist/jquery.validate.min.js - 404 0 null 3.3603ms
2024-10-22 12:37:40.670 +02:00 [INF] Request reached the end of the middleware pipeline without being handled by application code. Request path: GET http://localhost:5272/lib/jquery-validation/dist/jquery.validate.min.js, Response status code: 404
2024-10-22 12:37:40.670 +02:00 [INF] Request finished HTTP/1.1 GET http://localhost:5272/lib/jquery-validation-unobtrusive/jquery.validate.unobtrusive.min.js - 404 0 null 2.7325ms
2024-10-22 12:37:40.670 +02:00 [INF] Request reached the end of the middleware pipeline without being handled by application code. Request path: GET http://localhost:5272/lib/jquery-validation-unobtrusive/jquery.validate.unobtrusive.min.js, Response status code: 404
2024-10-22 12:37:47.519 +02:00 [INF] Request starting HTTP/1.1 POST http://localhost:5272/Identity/Account/Login?ReturnUrl=%2FItem%2FDelete%2F1 - application/x-www-form-urlencoded 307
2024-10-22 12:37:47.520 +02:00 [INF] Executing endpoint '/Account/Login'
2024-10-22 12:37:47.520 +02:00 [INF] Route matched with {page = "/Account/Login", area = "Identity", action = "", controller = ""}. Executing page /Account/Login
2024-10-22 12:37:47.555 +02:00 [INF] Executing handler method GalleryNote.Areas.Identity.Pages.Account.LoginModel.OnPostAsync - ModelState is "Valid"
2024-10-22 12:37:47.649 +02:00 [INF] Executed handler method OnPostAsync, returned result Microsoft.AspNetCore.Mvc.RazorPages.PageResult.
2024-10-22 12:37:47.654 +02:00 [INF] Executed page /Account/Login in 133.6526ms
2024-10-22 12:37:47.654 +02:00 [INF] Executed endpoint '/Account/Login'
2024-10-22 12:37:47.654 +02:00 [INF] Request finished HTTP/1.1 POST http://localhost:5272/Identity/Account/Login?ReturnUrl=%2FItem%2FDelete%2F1 - 200 null text/html; charset=utf-8 135.8078ms
2024-10-22 12:37:47.673 +02:00 [INF] Request starting HTTP/1.1 GET http://localhost:5272/lib/jquery-validation/dist/jquery.validate.min.js - null null
2024-10-22 12:37:47.675 +02:00 [INF] Request finished HTTP/1.1 GET http://localhost:5272/lib/jquery-validation/dist/jquery.validate.min.js - 404 0 null 2.0544ms
2024-10-22 12:37:47.675 +02:00 [INF] Request reached the end of the middleware pipeline without being handled by application code. Request path: GET http://localhost:5272/lib/jquery-validation/dist/jquery.validate.min.js, Response status code: 404
2024-10-22 12:37:47.679 +02:00 [INF] Request starting HTTP/1.1 GET http://localhost:5272/lib/jquery-validation-unobtrusive/jquery.validate.unobtrusive.min.js - null null
2024-10-22 12:37:47.680 +02:00 [INF] Request finished HTTP/1.1 GET http://localhost:5272/lib/jquery-validation-unobtrusive/jquery.validate.unobtrusive.min.js - 404 0 null 1.3887ms
2024-10-22 12:37:47.681 +02:00 [INF] Request reached the end of the middleware pipeline without being handled by application code. Request path: GET http://localhost:5272/lib/jquery-validation-unobtrusive/jquery.validate.unobtrusive.min.js, Response status code: 404
2024-10-22 12:38:39.288 +02:00 [INF] Application is shutting down...
