2024-11-26 19:27:22.887 +01:00 [INF] User profile is available. Using 'C:\Users\birko\AppData\Local\ASP.NET\DataProtection-Keys' as key repository and Windows DPAPI to encrypt keys at rest.
2024-11-26 19:27:23.281 +01:00 [INF] Now listening on: http://localhost:5272
2024-11-26 19:27:23.290 +01:00 [INF] Application started. Press Ctrl+C to shut down.
2024-11-26 19:27:23.292 +01:00 [INF] Hosting environment: Development
2024-11-26 19:27:23.293 +01:00 [INF] Content root path: C:\Users\birko\OneDrive - OsloMet\ITPE 3200 - Webapplikasjoner\GalleryNote project\GalleryNote – Kopi
2024-11-26 19:27:33.927 +01:00 [INF] Request starting HTTP/1.1 GET http://localhost:5272/ - null null
2024-11-26 19:27:34.016 +01:00 [INF] Executing endpoint 'GalleryNote.Controllers.HomeController.Index (GalleryNote)'
2024-11-26 19:27:34.031 +01:00 [INF] Route matched with {action = "Index", controller = "Home", page = "", area = ""}. Executing controller action with signature Microsoft.AspNetCore.Mvc.IActionResult Index() on controller GalleryNote.Controllers.HomeController (GalleryNote).
2024-11-26 19:27:34.048 +01:00 [INF] Executing ViewResult, running view Index.
2024-11-26 19:27:34.210 +01:00 [INF] Executed ViewResult - view Index executed in 166.1584ms.
2024-11-26 19:27:34.214 +01:00 [INF] Executed action GalleryNote.Controllers.HomeController.Index (GalleryNote) in 181.2712ms
2024-11-26 19:27:34.214 +01:00 [INF] Executed endpoint 'GalleryNote.Controllers.HomeController.Index (GalleryNote)'
2024-11-26 19:27:34.227 +01:00 [INF] Request finished HTTP/1.1 GET http://localhost:5272/ - 200 null text/html; charset=utf-8 303.457ms
2024-11-26 19:27:34.245 +01:00 [INF] Request starting HTTP/1.1 GET http://localhost:5272/css/custom.css - null null
2024-11-26 19:27:34.252 +01:00 [INF] The file /css/custom.css was not modified
2024-11-26 19:27:34.253 +01:00 [INF] Request finished HTTP/1.1 GET http://localhost:5272/css/custom.css - 304 null text/css 7.9643ms
2024-11-26 19:27:36.797 +01:00 [INF] Request starting HTTP/1.1 GET http://localhost:5272/Note/Grid?active=active - null null
2024-11-26 19:27:36.802 +01:00 [INF] Executing endpoint 'GalleryNote.Controllers.NoteController.Grid (GalleryNote)'
2024-11-26 19:27:36.815 +01:00 [INF] Route matched with {action = "Grid", controller = "Note", page = "", area = ""}. Executing controller action with signature System.Threading.Tasks.Task`1[Microsoft.AspNetCore.Mvc.IActionResult] Grid() on controller GalleryNote.Controllers.NoteController (GalleryNote).
2024-11-26 19:27:37.051 +01:00 [INF] Executing ViewResult, running view Grid.
2024-11-26 19:27:37.080 +01:00 [INF] Executed ViewResult - view Grid executed in 34.7315ms.
2024-11-26 19:27:37.081 +01:00 [INF] Executed action GalleryNote.Controllers.NoteController.Grid (GalleryNote) in 265.491ms
2024-11-26 19:27:37.082 +01:00 [INF] Executed endpoint 'GalleryNote.Controllers.NoteController.Grid (GalleryNote)'
2024-11-26 19:27:37.094 +01:00 [INF] Request finished HTTP/1.1 GET http://localhost:5272/Note/Grid?active=active - 200 null text/html; charset=utf-8 297.6141ms
2024-11-26 19:27:38.050 +01:00 [INF] Request starting HTTP/1.1 GET http://localhost:5272/Image/Grid?active=active - null null
2024-11-26 19:27:38.055 +01:00 [INF] Executing endpoint 'GalleryNote.Controllers.ImageController.Grid (GalleryNote)'
2024-11-26 19:27:38.057 +01:00 [INF] Route matched with {action = "Grid", controller = "Image", page = "", area = ""}. Executing controller action with signature Microsoft.AspNetCore.Mvc.IActionResult Grid() on controller GalleryNote.Controllers.ImageController (GalleryNote).
2024-11-26 19:27:38.183 +01:00 [INF] Executing ViewResult, running view Grid.
2024-11-26 19:27:38.209 +01:00 [INF] Executed ViewResult - view Grid executed in 27.4577ms.
2024-11-26 19:27:38.209 +01:00 [INF] Executed action GalleryNote.Controllers.ImageController.Grid (GalleryNote) in 151.708ms
2024-11-26 19:27:38.209 +01:00 [INF] Executed endpoint 'GalleryNote.Controllers.ImageController.Grid (GalleryNote)'
2024-11-26 19:27:38.211 +01:00 [INF] Request finished HTTP/1.1 GET http://localhost:5272/Image/Grid?active=active - 200 null text/html; charset=utf-8 160.7015ms
2024-11-26 19:27:41.063 +01:00 [INF] Request starting HTTP/1.1 GET http://localhost:5272/Note/Grid?active=active - null null
2024-11-26 19:27:41.066 +01:00 [INF] Executing endpoint 'GalleryNote.Controllers.NoteController.Grid (GalleryNote)'
2024-11-26 19:27:41.067 +01:00 [INF] Route matched with {action = "Grid", controller = "Note", page = "", area = ""}. Executing controller action with signature System.Threading.Tasks.Task`1[Microsoft.AspNetCore.Mvc.IActionResult] Grid() on controller GalleryNote.Controllers.NoteController (GalleryNote).
2024-11-26 19:27:41.073 +01:00 [INF] Executing ViewResult, running view Grid.
2024-11-26 19:27:41.078 +01:00 [INF] Executed ViewResult - view Grid executed in 5.1481ms.
2024-11-26 19:27:41.078 +01:00 [INF] Executed action GalleryNote.Controllers.NoteController.Grid (GalleryNote) in 11.6737ms
2024-11-26 19:27:41.079 +01:00 [INF] Executed endpoint 'GalleryNote.Controllers.NoteController.Grid (GalleryNote)'
2024-11-26 19:27:41.079 +01:00 [INF] Request finished HTTP/1.1 GET http://localhost:5272/Note/Grid?active=active - 200 null text/html; charset=utf-8 16.4725ms
