2024-10-10 12:32:41.813 +02:00 [INF] User profile is available. Using 'C:\Users\birko\AppData\Local\ASP.NET\DataProtection-Keys' as key repository and Windows DPAPI to encrypt keys at rest.
2024-10-10 12:32:42.233 +02:00 [INF] Now listening on: https://localhost:7004
2024-10-10 12:32:42.236 +02:00 [INF] Now listening on: http://localhost:5272
2024-10-10 12:32:42.245 +02:00 [INF] Application started. Press Ctrl+C to shut down.
2024-10-10 12:32:42.249 +02:00 [INF] Hosting environment: Development
2024-10-10 12:32:42.252 +02:00 [INF] Content root path: C:\Users\birko\OneDrive - OsloMet\ITPE 3200 - Webapplikasjoner\GalleryNote project\GalleryNote
2024-10-10 12:32:42.758 +02:00 [INF] Request starting HTTP/1.1 GET http://localhost:5272/ - null null
2024-10-10 12:32:42.846 +02:00 [INF] Executing endpoint 'GalleryNote.Controllers.HomeController.Index (GalleryNote)'
2024-10-10 12:32:42.882 +02:00 [INF] Route matched with {action = "Index", controller = "Home"}. Executing controller action with signature Microsoft.AspNetCore.Mvc.IActionResult Index() on controller GalleryNote.Controllers.HomeController (GalleryNote).
2024-10-10 12:32:42.908 +02:00 [INF] Executing ViewResult, running view Index.
2024-10-10 12:32:43.141 +02:00 [INF] Executed ViewResult - view Index executed in 235.9303ms.
2024-10-10 12:32:43.149 +02:00 [INF] Executed action GalleryNote.Controllers.HomeController.Index (GalleryNote) in 265.6402ms
2024-10-10 12:32:43.150 +02:00 [INF] Executed endpoint 'GalleryNote.Controllers.HomeController.Index (GalleryNote)'
2024-10-10 12:32:43.161 +02:00 [INF] Request finished HTTP/1.1 GET http://localhost:5272/ - 200 null text/html; charset=utf-8 407.6868ms
2024-10-10 12:33:03.474 +02:00 [INF] Request starting HTTP/1.1 GET http://localhost:5272/Item/Table - null null
2024-10-10 12:33:03.487 +02:00 [INF] Executing endpoint 'GalleryNote.Controllers.ItemController.Table (GalleryNote)'
2024-10-10 12:33:03.520 +02:00 [INF] Route matched with {action = "Table", controller = "Item"}. Executing controller action with signature System.Threading.Tasks.Task`1[Microsoft.AspNetCore.Mvc.IActionResult] Table() on controller GalleryNote.Controllers.ItemController (GalleryNote).
2024-10-10 12:33:03.561 +02:00 [INF] This is an information message.
2024-10-10 12:33:03.583 +02:00 [WRN] This is a warning message
2024-10-10 12:33:03.591 +02:00 [ERR] This is an error message.
2024-10-10 12:33:03.887 +02:00 [INF] Executing ViewResult, running view Table.
2024-10-10 12:33:03.931 +02:00 [INF] Executed ViewResult - view Table executed in 48.0422ms.
2024-10-10 12:33:03.931 +02:00 [INF] Executed action GalleryNote.Controllers.ItemController.Table (GalleryNote) in 410.4183ms
2024-10-10 12:33:03.932 +02:00 [INF] Executed endpoint 'GalleryNote.Controllers.ItemController.Table (GalleryNote)'
2024-10-10 12:33:03.942 +02:00 [INF] Request finished HTTP/1.1 GET http://localhost:5272/Item/Table - 200 null text/html; charset=utf-8 468.151ms
2024-10-10 12:33:10.008 +02:00 [INF] Request starting HTTP/1.1 GET http://localhost:5272/Customer/Table - null null
2024-10-10 12:33:10.022 +02:00 [INF] Executing endpoint 'GalleryNote.Controllers.CustomerController.Table (GalleryNote)'
2024-10-10 12:33:10.036 +02:00 [INF] Route matched with {action = "Table", controller = "Customer"}. Executing controller action with signature System.Threading.Tasks.Task`1[Microsoft.AspNetCore.Mvc.IActionResult] Table() on controller GalleryNote.Controllers.CustomerController (GalleryNote).
2024-10-10 12:33:10.260 +02:00 [INF] Executing ViewResult, running view Table.
2024-10-10 12:33:10.407 +02:00 [INF] Executed ViewResult - view Table executed in 149.3199ms.
2024-10-10 12:33:10.408 +02:00 [INF] Executed action GalleryNote.Controllers.CustomerController.Table (GalleryNote) in 371.2836ms
2024-10-10 12:33:10.408 +02:00 [INF] Executed endpoint 'GalleryNote.Controllers.CustomerController.Table (GalleryNote)'
2024-10-10 12:33:10.409 +02:00 [INF] Request finished HTTP/1.1 GET http://localhost:5272/Customer/Table - 200 null text/html; charset=utf-8 401.5575ms
2024-10-10 12:33:12.196 +02:00 [INF] Request starting HTTP/1.1 GET http://localhost:5272/Order/Table - null null
2024-10-10 12:33:12.197 +02:00 [INF] Executing endpoint 'GalleryNote.Controllers.OrderController.Table (GalleryNote)'
2024-10-10 12:33:12.210 +02:00 [INF] Route matched with {action = "Table", controller = "Order"}. Executing controller action with signature System.Threading.Tasks.Task`1[Microsoft.AspNetCore.Mvc.IActionResult] Table() on controller GalleryNote.Controllers.OrderController (GalleryNote).
2024-10-10 12:33:12.256 +02:00 [INF] Executing ViewResult, running view Table.
2024-10-10 12:33:12.399 +02:00 [INF] Executed ViewResult - view Table executed in 145.3582ms.
2024-10-10 12:33:12.400 +02:00 [INF] Executed action GalleryNote.Controllers.OrderController.Table (GalleryNote) in 188.814ms
2024-10-10 12:33:12.400 +02:00 [INF] Executed endpoint 'GalleryNote.Controllers.OrderController.Table (GalleryNote)'
2024-10-10 12:33:12.401 +02:00 [INF] Request finished HTTP/1.1 GET http://localhost:5272/Order/Table - 200 null text/html; charset=utf-8 204.8246ms
2024-10-10 12:33:14.732 +02:00 [INF] Request starting HTTP/1.1 GET http://localhost:5272/ - null null
2024-10-10 12:33:14.733 +02:00 [INF] Executing endpoint 'GalleryNote.Controllers.HomeController.Index (GalleryNote)'
2024-10-10 12:33:14.734 +02:00 [INF] Route matched with {action = "Index", controller = "Home"}. Executing controller action with signature Microsoft.AspNetCore.Mvc.IActionResult Index() on controller GalleryNote.Controllers.HomeController (GalleryNote).
2024-10-10 12:33:14.735 +02:00 [INF] Executing ViewResult, running view Index.
2024-10-10 12:33:14.738 +02:00 [INF] Executed ViewResult - view Index executed in 2.8072ms.
2024-10-10 12:33:14.738 +02:00 [INF] Executed action GalleryNote.Controllers.HomeController.Index (GalleryNote) in 3.7236ms
2024-10-10 12:33:14.738 +02:00 [INF] Executed endpoint 'GalleryNote.Controllers.HomeController.Index (GalleryNote)'
2024-10-10 12:33:14.739 +02:00 [INF] Request finished HTTP/1.1 GET http://localhost:5272/ - 200 null text/html; charset=utf-8 7.3316ms
2024-10-10 12:33:16.450 +02:00 [INF] Request starting HTTP/1.1 GET http://localhost:5272/Item/Table - null null
2024-10-10 12:33:16.456 +02:00 [INF] Executing endpoint 'GalleryNote.Controllers.ItemController.Table (GalleryNote)'
2024-10-10 12:33:16.456 +02:00 [INF] Route matched with {action = "Table", controller = "Item"}. Executing controller action with signature System.Threading.Tasks.Task`1[Microsoft.AspNetCore.Mvc.IActionResult] Table() on controller GalleryNote.Controllers.ItemController (GalleryNote).
2024-10-10 12:33:16.467 +02:00 [INF] This is an information message.
2024-10-10 12:33:16.477 +02:00 [WRN] This is a warning message
2024-10-10 12:33:16.486 +02:00 [ERR] This is an error message.
2024-10-10 12:33:16.501 +02:00 [INF] Executing ViewResult, running view Table.
2024-10-10 12:33:16.507 +02:00 [INF] Executed ViewResult - view Table executed in 5.654ms.
2024-10-10 12:33:16.507 +02:00 [INF] Executed action GalleryNote.Controllers.ItemController.Table (GalleryNote) in 50.7341ms
2024-10-10 12:33:16.507 +02:00 [INF] Executed endpoint 'GalleryNote.Controllers.ItemController.Table (GalleryNote)'
2024-10-10 12:33:16.508 +02:00 [INF] Request finished HTTP/1.1 GET http://localhost:5272/Item/Table - 200 null text/html; charset=utf-8 57.711ms
2024-10-10 12:33:17.707 +02:00 [INF] Request starting HTTP/1.1 GET http://localhost:5272/Customer/Table - null null
2024-10-10 12:33:17.708 +02:00 [INF] Executing endpoint 'GalleryNote.Controllers.CustomerController.Table (GalleryNote)'
2024-10-10 12:33:17.709 +02:00 [INF] Route matched with {action = "Table", controller = "Customer"}. Executing controller action with signature System.Threading.Tasks.Task`1[Microsoft.AspNetCore.Mvc.IActionResult] Table() on controller GalleryNote.Controllers.CustomerController (GalleryNote).
2024-10-10 12:33:17.723 +02:00 [INF] Executing ViewResult, running view Table.
2024-10-10 12:33:17.757 +02:00 [INF] Executed ViewResult - view Table executed in 33.8657ms.
2024-10-10 12:33:17.757 +02:00 [INF] Executed action GalleryNote.Controllers.CustomerController.Table (GalleryNote) in 48.1426ms
2024-10-10 12:33:17.758 +02:00 [INF] Executed endpoint 'GalleryNote.Controllers.CustomerController.Table (GalleryNote)'
2024-10-10 12:33:17.758 +02:00 [INF] Request finished HTTP/1.1 GET http://localhost:5272/Customer/Table - 200 null text/html; charset=utf-8 50.9397ms
2024-10-10 12:33:18.867 +02:00 [INF] Request starting HTTP/1.1 GET http://localhost:5272/Order/Table - null null
2024-10-10 12:33:18.871 +02:00 [INF] Executing endpoint 'GalleryNote.Controllers.OrderController.Table (GalleryNote)'
2024-10-10 12:33:18.871 +02:00 [INF] Route matched with {action = "Table", controller = "Order"}. Executing controller action with signature System.Threading.Tasks.Task`1[Microsoft.AspNetCore.Mvc.IActionResult] Table() on controller GalleryNote.Controllers.OrderController (GalleryNote).
2024-10-10 12:33:18.885 +02:00 [INF] Executing ViewResult, running view Table.
2024-10-10 12:33:18.989 +02:00 [INF] Executed ViewResult - view Table executed in 104.7745ms.
2024-10-10 12:33:18.990 +02:00 [INF] Executed action GalleryNote.Controllers.OrderController.Table (GalleryNote) in 118.5598ms
2024-10-10 12:33:18.990 +02:00 [INF] Executed endpoint 'GalleryNote.Controllers.OrderController.Table (GalleryNote)'
2024-10-10 12:33:18.992 +02:00 [INF] Request finished HTTP/1.1 GET http://localhost:5272/Order/Table - 200 null text/html; charset=utf-8 124.4952ms
2024-10-10 12:33:21.206 +02:00 [INF] Request starting HTTP/1.1 GET http://localhost:5272/Order/Table - null null
2024-10-10 12:33:21.207 +02:00 [INF] Executing endpoint 'GalleryNote.Controllers.OrderController.Table (GalleryNote)'
2024-10-10 12:33:21.207 +02:00 [INF] Route matched with {action = "Table", controller = "Order"}. Executing controller action with signature System.Threading.Tasks.Task`1[Microsoft.AspNetCore.Mvc.IActionResult] Table() on controller GalleryNote.Controllers.OrderController (GalleryNote).
2024-10-10 12:33:21.220 +02:00 [INF] Executing ViewResult, running view Table.
2024-10-10 12:33:21.306 +02:00 [INF] Executed ViewResult - view Table executed in 86.0895ms.
2024-10-10 12:33:21.306 +02:00 [INF] Executed action GalleryNote.Controllers.OrderController.Table (GalleryNote) in 98.6976ms
2024-10-10 12:33:21.306 +02:00 [INF] Executed endpoint 'GalleryNote.Controllers.OrderController.Table (GalleryNote)'
2024-10-10 12:33:21.307 +02:00 [INF] Request finished HTTP/1.1 GET http://localhost:5272/Order/Table - 200 null text/html; charset=utf-8 100.6429ms
2024-10-10 12:33:22.246 +02:00 [INF] Request starting HTTP/1.1 GET http://localhost:5272/Order/Table - null null
2024-10-10 12:33:22.246 +02:00 [INF] Executing endpoint 'GalleryNote.Controllers.OrderController.Table (GalleryNote)'
2024-10-10 12:33:22.246 +02:00 [INF] Route matched with {action = "Table", controller = "Order"}. Executing controller action with signature System.Threading.Tasks.Task`1[Microsoft.AspNetCore.Mvc.IActionResult] Table() on controller GalleryNote.Controllers.OrderController (GalleryNote).
2024-10-10 12:33:22.262 +02:00 [INF] Executing ViewResult, running view Table.
2024-10-10 12:33:22.363 +02:00 [INF] Executed ViewResult - view Table executed in 101.1883ms.
2024-10-10 12:33:22.363 +02:00 [INF] Executed action GalleryNote.Controllers.OrderController.Table (GalleryNote) in 116.705ms
2024-10-10 12:33:22.364 +02:00 [INF] Executed endpoint 'GalleryNote.Controllers.OrderController.Table (GalleryNote)'
2024-10-10 12:33:22.364 +02:00 [INF] Request finished HTTP/1.1 GET http://localhost:5272/Order/Table - 200 null text/html; charset=utf-8 118.7592ms
2024-10-10 12:33:23.459 +02:00 [INF] Request starting HTTP/1.1 GET http://localhost:5272/Order/Table - null null
2024-10-10 12:33:23.459 +02:00 [INF] Executing endpoint 'GalleryNote.Controllers.OrderController.Table (GalleryNote)'
2024-10-10 12:33:23.460 +02:00 [INF] Route matched with {action = "Table", controller = "Order"}. Executing controller action with signature System.Threading.Tasks.Task`1[Microsoft.AspNetCore.Mvc.IActionResult] Table() on controller GalleryNote.Controllers.OrderController (GalleryNote).
2024-10-10 12:33:23.473 +02:00 [INF] Executing ViewResult, running view Table.
2024-10-10 12:33:23.667 +02:00 [INF] Executed ViewResult - view Table executed in 194.5227ms.
2024-10-10 12:33:23.667 +02:00 [INF] Executed action GalleryNote.Controllers.OrderController.Table (GalleryNote) in 207.4086ms
2024-10-10 12:33:23.668 +02:00 [INF] Executed endpoint 'GalleryNote.Controllers.OrderController.Table (GalleryNote)'
2024-10-10 12:33:23.668 +02:00 [INF] Request finished HTTP/1.1 GET http://localhost:5272/Order/Table - 200 null text/html; charset=utf-8 209.502ms
