2024-11-27 14:04:46.302 +01:00 [INF] User profile is available. Using 'C:\Users\birko\AppData\Local\ASP.NET\DataProtection-Keys' as key repository and Windows DPAPI to encrypt keys at rest.
2024-11-27 14:04:46.970 +01:00 [INF] Now listening on: http://localhost:5272
2024-11-27 14:04:47.013 +01:00 [INF] Application started. Press Ctrl+C to shut down.
2024-11-27 14:04:47.022 +01:00 [INF] Hosting environment: Development
2024-11-27 14:04:47.023 +01:00 [INF] Content root path: C:\Users\birko\OneDrive - OsloMet\ITPE 3200 - Webapplikasjoner\GalleryNote project\GalleryNote – Kopi
2024-11-27 14:04:59.648 +01:00 [INF] Request starting HTTP/1.1 GET http://localhost:5272/ - null null
2024-11-27 14:04:59.854 +01:00 [INF] Executing endpoint 'GalleryNote.Controllers.HomeController.Index (GalleryNote)'
2024-11-27 14:04:59.872 +01:00 [INF] Route matched with {action = "Index", controller = "Home", page = "", area = ""}. Executing controller action with signature Microsoft.AspNetCore.Mvc.IActionResult Index() on controller GalleryNote.Controllers.HomeController (GalleryNote).
2024-11-27 14:04:59.890 +01:00 [INF] Executing ViewResult, running view Index.
2024-11-27 14:05:00.005 +01:00 [INF] Executed ViewResult - view Index executed in 119.1152ms.
2024-11-27 14:05:00.008 +01:00 [INF] Executed action GalleryNote.Controllers.HomeController.Index (GalleryNote) in 134.8366ms
2024-11-27 14:05:00.008 +01:00 [INF] Executed endpoint 'GalleryNote.Controllers.HomeController.Index (GalleryNote)'
2024-11-27 14:05:00.032 +01:00 [INF] Request finished HTTP/1.1 GET http://localhost:5272/ - 200 null text/html; charset=utf-8 389.9606ms
2024-11-27 14:05:01.925 +01:00 [INF] Request starting HTTP/1.1 GET http://localhost:5272/Note/Grid?active=active - null null
2024-11-27 14:05:02.024 +01:00 [INF] Executing endpoint 'GalleryNote.Controllers.NoteController.Grid (GalleryNote)'
2024-11-27 14:05:02.036 +01:00 [INF] Route matched with {action = "Grid", controller = "Note", page = "", area = ""}. Executing controller action with signature System.Threading.Tasks.Task`1[Microsoft.AspNetCore.Mvc.IActionResult] Grid() on controller GalleryNote.Controllers.NoteController (GalleryNote).
2024-11-27 14:05:02.216 +01:00 [INF] Executing ViewResult, running view Grid.
2024-11-27 14:05:02.236 +01:00 [INF] Executed ViewResult - view Grid executed in 20.8339ms.
2024-11-27 14:05:02.236 +01:00 [INF] Executed action GalleryNote.Controllers.NoteController.Grid (GalleryNote) in 200.6145ms
2024-11-27 14:05:02.237 +01:00 [INF] Executed endpoint 'GalleryNote.Controllers.NoteController.Grid (GalleryNote)'
2024-11-27 14:05:02.239 +01:00 [INF] Request finished HTTP/1.1 GET http://localhost:5272/Note/Grid?active=active - 200 null text/html; charset=utf-8 314.2091ms
2024-11-27 14:05:08.217 +01:00 [INF] Request starting HTTP/1.1 POST http://localhost:5272/Identity/Account/Logout?returnUrl=%2F - application/x-www-form-urlencoded 225
2024-11-27 14:05:08.264 +01:00 [INF] Executing endpoint '/Account/Logout'
2024-11-27 14:05:08.287 +01:00 [INF] Route matched with {page = "/Account/Logout", area = "Identity", action = "", controller = ""}. Executing page /Account/Logout
2024-11-27 14:05:08.329 +01:00 [INF] Executing handler method GalleryNote.Areas.Identity.Pages.Account.LogoutModel.OnPost - ModelState is "Valid"
2024-11-27 14:05:08.335 +01:00 [INF] AuthenticationScheme: Identity.Application signed out.
2024-11-27 14:05:08.336 +01:00 [INF] AuthenticationScheme: Identity.External signed out.
2024-11-27 14:05:08.336 +01:00 [INF] AuthenticationScheme: Identity.TwoFactorUserId signed out.
2024-11-27 14:05:08.336 +01:00 [INF] User logged out.
2024-11-27 14:05:08.337 +01:00 [INF] Executed handler method OnPost, returned result Microsoft.AspNetCore.Mvc.LocalRedirectResult.
2024-11-27 14:05:08.339 +01:00 [INF] Executing LocalRedirectResult, redirecting to /.
2024-11-27 14:05:08.340 +01:00 [INF] Executed page /Account/Logout in 52.4324ms
2024-11-27 14:05:08.340 +01:00 [INF] Executed endpoint '/Account/Logout'
2024-11-27 14:05:08.340 +01:00 [INF] Request finished HTTP/1.1 POST http://localhost:5272/Identity/Account/Logout?returnUrl=%2F - 302 0 null 122.7952ms
2024-11-27 14:05:08.346 +01:00 [INF] Request starting HTTP/1.1 GET http://localhost:5272/ - null null
2024-11-27 14:05:08.347 +01:00 [INF] Executing endpoint 'GalleryNote.Controllers.HomeController.Index (GalleryNote)'
2024-11-27 14:05:08.348 +01:00 [INF] Route matched with {action = "Index", controller = "Home", page = "", area = ""}. Executing controller action with signature Microsoft.AspNetCore.Mvc.IActionResult Index() on controller GalleryNote.Controllers.HomeController (GalleryNote).
2024-11-27 14:05:08.348 +01:00 [INF] Executing ViewResult, running view Index.
2024-11-27 14:05:08.353 +01:00 [INF] Executed ViewResult - view Index executed in 4.6809ms.
2024-11-27 14:05:08.353 +01:00 [INF] Executed action GalleryNote.Controllers.HomeController.Index (GalleryNote) in 5.347ms
2024-11-27 14:05:08.353 +01:00 [INF] Executed endpoint 'GalleryNote.Controllers.HomeController.Index (GalleryNote)'
2024-11-27 14:05:08.354 +01:00 [INF] Request finished HTTP/1.1 GET http://localhost:5272/ - 200 null text/html; charset=utf-8 7.8008ms
2024-11-27 14:05:11.525 +01:00 [INF] Request starting HTTP/1.1 GET http://localhost:5272/Identity/Account/Login - null null
2024-11-27 14:05:11.532 +01:00 [INF] Executing endpoint '/Account/Login'
2024-11-27 14:05:11.550 +01:00 [INF] Route matched with {page = "/Account/Login", area = "Identity", action = "", controller = ""}. Executing page /Account/Login
2024-11-27 14:05:11.555 +01:00 [INF] Executing handler method GalleryNote.Areas.Identity.Pages.Account.LoginModel.OnGetAsync - ModelState is "Valid"
2024-11-27 14:05:11.559 +01:00 [INF] AuthenticationScheme: Identity.External signed out.
2024-11-27 14:05:11.560 +01:00 [INF] Executed handler method OnGetAsync, returned result .
2024-11-27 14:05:11.563 +01:00 [INF] Executing an implicit handler method - ModelState is "Valid"
2024-11-27 14:05:11.563 +01:00 [INF] Executed an implicit handler method, returned result Microsoft.AspNetCore.Mvc.RazorPages.PageResult.
2024-11-27 14:05:11.630 +01:00 [INF] Executed page /Account/Login in 80.2488ms
2024-11-27 14:05:11.631 +01:00 [INF] Executed endpoint '/Account/Login'
2024-11-27 14:05:11.631 +01:00 [INF] Request finished HTTP/1.1 GET http://localhost:5272/Identity/Account/Login - 200 null text/html; charset=utf-8 106.3755ms
2024-11-27 14:05:11.658 +01:00 [INF] Request starting HTTP/1.1 GET http://localhost:5272/lib/jquery-validation/dist/jquery.validate.min.js - null null
2024-11-27 14:05:11.663 +01:00 [INF] Request finished HTTP/1.1 GET http://localhost:5272/lib/jquery-validation/dist/jquery.validate.min.js - 404 0 null 5.3278ms
2024-11-27 14:05:11.664 +01:00 [INF] Request reached the end of the middleware pipeline without being handled by application code. Request path: GET http://localhost:5272/lib/jquery-validation/dist/jquery.validate.min.js, Response status code: 404
2024-11-27 14:05:11.668 +01:00 [INF] Request starting HTTP/1.1 GET http://localhost:5272/lib/jquery-validation-unobtrusive/jquery.validate.unobtrusive.min.js - null null
2024-11-27 14:05:11.671 +01:00 [INF] Request finished HTTP/1.1 GET http://localhost:5272/lib/jquery-validation-unobtrusive/jquery.validate.unobtrusive.min.js - 404 0 null 2.51ms
2024-11-27 14:05:11.672 +01:00 [INF] Request reached the end of the middleware pipeline without being handled by application code. Request path: GET http://localhost:5272/lib/jquery-validation-unobtrusive/jquery.validate.unobtrusive.min.js, Response status code: 404
2024-11-27 14:05:17.651 +01:00 [INF] Request starting HTTP/1.1 POST http://localhost:5272/Identity/Account/Login - application/x-www-form-urlencoded 266
2024-11-27 14:05:17.652 +01:00 [INF] Executing endpoint '/Account/Login'
2024-11-27 14:05:17.652 +01:00 [INF] Route matched with {page = "/Account/Login", area = "Identity", action = "", controller = ""}. Executing page /Account/Login
2024-11-27 14:05:17.673 +01:00 [INF] Executing handler method GalleryNote.Areas.Identity.Pages.Account.LoginModel.OnPostAsync - ModelState is "Valid"
2024-11-27 14:05:17.793 +01:00 [INF] Executed handler method OnPostAsync, returned result Microsoft.AspNetCore.Mvc.RazorPages.PageResult.
2024-11-27 14:05:17.799 +01:00 [INF] Executed page /Account/Login in 147.0849ms
2024-11-27 14:05:17.800 +01:00 [INF] Executed endpoint '/Account/Login'
2024-11-27 14:05:17.800 +01:00 [INF] Request finished HTTP/1.1 POST http://localhost:5272/Identity/Account/Login - 200 null text/html; charset=utf-8 149.2397ms
2024-11-27 14:05:17.826 +01:00 [INF] Request starting HTTP/1.1 GET http://localhost:5272/lib/jquery-validation/dist/jquery.validate.min.js - null null
2024-11-27 14:05:17.826 +01:00 [INF] Request starting HTTP/1.1 GET http://localhost:5272/lib/jquery-validation-unobtrusive/jquery.validate.unobtrusive.min.js - null null
2024-11-27 14:05:17.827 +01:00 [INF] Request finished HTTP/1.1 GET http://localhost:5272/lib/jquery-validation/dist/jquery.validate.min.js - 404 0 null 0.9932ms
2024-11-27 14:05:17.827 +01:00 [INF] Request finished HTTP/1.1 GET http://localhost:5272/lib/jquery-validation-unobtrusive/jquery.validate.unobtrusive.min.js - 404 0 null 0.9931ms
2024-11-27 14:05:17.827 +01:00 [INF] Request reached the end of the middleware pipeline without being handled by application code. Request path: GET http://localhost:5272/lib/jquery-validation-unobtrusive/jquery.validate.unobtrusive.min.js, Response status code: 404
2024-11-27 14:05:17.827 +01:00 [INF] Request reached the end of the middleware pipeline without being handled by application code. Request path: GET http://localhost:5272/lib/jquery-validation/dist/jquery.validate.min.js, Response status code: 404
2024-11-27 14:05:19.950 +01:00 [INF] Request starting HTTP/1.1 GET http://localhost:5272/Identity/Account/Register - null null
2024-11-27 14:05:19.951 +01:00 [INF] Executing endpoint '/Account/Register'
2024-11-27 14:05:19.965 +01:00 [INF] Route matched with {page = "/Account/Register", area = "Identity", action = "", controller = ""}. Executing page /Account/Register
2024-11-27 14:05:19.973 +01:00 [INF] Executing handler method GalleryNote.Areas.Identity.Pages.Account.RegisterModel.OnGetAsync - ModelState is "Valid"
2024-11-27 14:05:19.975 +01:00 [INF] Executed handler method OnGetAsync, returned result .
2024-11-27 14:05:19.976 +01:00 [INF] Executing an implicit handler method - ModelState is "Valid"
2024-11-27 14:05:19.976 +01:00 [INF] Executed an implicit handler method, returned result Microsoft.AspNetCore.Mvc.RazorPages.PageResult.
2024-11-27 14:05:20.016 +01:00 [INF] Executed page /Account/Register in 51.4828ms
2024-11-27 14:05:20.017 +01:00 [INF] Executed endpoint '/Account/Register'
2024-11-27 14:05:20.017 +01:00 [INF] Request finished HTTP/1.1 GET http://localhost:5272/Identity/Account/Register - 200 null text/html; charset=utf-8 66.6083ms
2024-11-27 14:05:20.045 +01:00 [INF] Request starting HTTP/1.1 GET http://localhost:5272/lib/jquery-validation-unobtrusive/jquery.validate.unobtrusive.min.js - null null
2024-11-27 14:05:20.045 +01:00 [INF] Request starting HTTP/1.1 GET http://localhost:5272/lib/jquery-validation/dist/jquery.validate.min.js - null null
2024-11-27 14:05:20.046 +01:00 [INF] Request finished HTTP/1.1 GET http://localhost:5272/lib/jquery-validation/dist/jquery.validate.min.js - 404 0 null 0.8174ms
2024-11-27 14:05:20.046 +01:00 [INF] Request finished HTTP/1.1 GET http://localhost:5272/lib/jquery-validation-unobtrusive/jquery.validate.unobtrusive.min.js - 404 0 null 0.8043ms
2024-11-27 14:05:20.046 +01:00 [INF] Request reached the end of the middleware pipeline without being handled by application code. Request path: GET http://localhost:5272/lib/jquery-validation/dist/jquery.validate.min.js, Response status code: 404
2024-11-27 14:05:20.046 +01:00 [INF] Request reached the end of the middleware pipeline without being handled by application code. Request path: GET http://localhost:5272/lib/jquery-validation-unobtrusive/jquery.validate.unobtrusive.min.js, Response status code: 404
2024-11-27 14:05:32.692 +01:00 [INF] Request starting HTTP/1.1 POST http://localhost:5272/Identity/Account/Register - application/x-www-form-urlencoded 277
2024-11-27 14:05:32.692 +01:00 [INF] Executing endpoint '/Account/Register'
2024-11-27 14:05:32.693 +01:00 [INF] Route matched with {page = "/Account/Register", area = "Identity", action = "", controller = ""}. Executing page /Account/Register
2024-11-27 14:05:32.705 +01:00 [INF] Executing handler method GalleryNote.Areas.Identity.Pages.Account.RegisterModel.OnPostAsync - ModelState is "Valid"
2024-11-27 14:05:32.940 +01:00 [INF] User created a new account with password.
2024-11-27 14:05:32.993 +01:00 [INF] AuthenticationScheme: Identity.Application signed in.
2024-11-27 14:05:32.993 +01:00 [INF] Executed handler method OnPostAsync, returned result Microsoft.AspNetCore.Mvc.LocalRedirectResult.
2024-11-27 14:05:32.994 +01:00 [INF] Executing LocalRedirectResult, redirecting to /.
2024-11-27 14:05:32.994 +01:00 [INF] Executed page /Account/Register in 300.4842ms
2024-11-27 14:05:32.994 +01:00 [INF] Executed endpoint '/Account/Register'
2024-11-27 14:05:32.994 +01:00 [INF] Request finished HTTP/1.1 POST http://localhost:5272/Identity/Account/Register - 302 0 null 302.633ms
2024-11-27 14:05:32.997 +01:00 [INF] Request starting HTTP/1.1 GET http://localhost:5272/ - null null
2024-11-27 14:05:33.002 +01:00 [INF] Executing endpoint 'GalleryNote.Controllers.HomeController.Index (GalleryNote)'
2024-11-27 14:05:33.002 +01:00 [INF] Route matched with {action = "Index", controller = "Home", page = "", area = ""}. Executing controller action with signature Microsoft.AspNetCore.Mvc.IActionResult Index() on controller GalleryNote.Controllers.HomeController (GalleryNote).
2024-11-27 14:05:33.003 +01:00 [INF] Executing ViewResult, running view Index.
2024-11-27 14:05:33.004 +01:00 [INF] Executed ViewResult - view Index executed in 1.4135ms.
2024-11-27 14:05:33.004 +01:00 [INF] Executed action GalleryNote.Controllers.HomeController.Index (GalleryNote) in 1.7078ms
2024-11-27 14:05:33.004 +01:00 [INF] Executed endpoint 'GalleryNote.Controllers.HomeController.Index (GalleryNote)'
2024-11-27 14:05:33.005 +01:00 [INF] Request finished HTTP/1.1 GET http://localhost:5272/ - 200 null text/html; charset=utf-8 7.2794ms
2024-11-27 14:05:34.598 +01:00 [INF] Request starting HTTP/1.1 GET http://localhost:5272/Note/Grid?active=active - null null
2024-11-27 14:05:34.605 +01:00 [INF] Executing endpoint 'GalleryNote.Controllers.NoteController.Grid (GalleryNote)'
2024-11-27 14:05:34.606 +01:00 [INF] Route matched with {action = "Grid", controller = "Note", page = "", area = ""}. Executing controller action with signature System.Threading.Tasks.Task`1[Microsoft.AspNetCore.Mvc.IActionResult] Grid() on controller GalleryNote.Controllers.NoteController (GalleryNote).
2024-11-27 14:05:34.611 +01:00 [INF] Executing ViewResult, running view Grid.
2024-11-27 14:05:34.615 +01:00 [INF] Executed ViewResult - view Grid executed in 3.3487ms.
2024-11-27 14:05:34.615 +01:00 [INF] Executed action GalleryNote.Controllers.NoteController.Grid (GalleryNote) in 8.9171ms
2024-11-27 14:05:34.617 +01:00 [INF] Executed endpoint 'GalleryNote.Controllers.NoteController.Grid (GalleryNote)'
2024-11-27 14:05:34.620 +01:00 [INF] Request finished HTTP/1.1 GET http://localhost:5272/Note/Grid?active=active - 200 null text/html; charset=utf-8 20.5936ms
2024-11-27 14:05:36.058 +01:00 [INF] Request starting HTTP/1.1 GET http://localhost:5272/Note/Create - null null
2024-11-27 14:05:36.068 +01:00 [INF] Executing endpoint 'GalleryNote.Controllers.NoteController.Create (GalleryNote)'
2024-11-27 14:05:36.073 +01:00 [INF] Route matched with {action = "Create", controller = "Note", page = "", area = ""}. Executing controller action with signature Microsoft.AspNetCore.Mvc.IActionResult Create() on controller GalleryNote.Controllers.NoteController (GalleryNote).
2024-11-27 14:05:36.078 +01:00 [INF] Executing ViewResult, running view Create.
2024-11-27 14:05:36.102 +01:00 [INF] Executed ViewResult - view Create executed in 25.2213ms.
2024-11-27 14:05:36.102 +01:00 [INF] Executed action GalleryNote.Controllers.NoteController.Create (GalleryNote) in 28.2869ms
2024-11-27 14:05:36.102 +01:00 [INF] Executed endpoint 'GalleryNote.Controllers.NoteController.Create (GalleryNote)'
2024-11-27 14:05:36.103 +01:00 [INF] Request finished HTTP/1.1 GET http://localhost:5272/Note/Create - 200 null text/html; charset=utf-8 44.4141ms
2024-11-27 14:05:40.843 +01:00 [INF] Request starting HTTP/1.1 POST http://localhost:5272/Note/Create - application/x-www-form-urlencoded 237
2024-11-27 14:05:40.849 +01:00 [INF] Executing endpoint 'GalleryNote.Controllers.NoteController.Create (GalleryNote)'
2024-11-27 14:05:40.868 +01:00 [INF] Route matched with {action = "Create", controller = "Note", page = "", area = ""}. Executing controller action with signature System.Threading.Tasks.Task`1[Microsoft.AspNetCore.Mvc.IActionResult] Create(GalleryNote.Models.Note) on controller GalleryNote.Controllers.NoteController (GalleryNote).
2024-11-27 14:05:40.928 +01:00 [INF] Executing RedirectResult, redirecting to /Note/Grid.
2024-11-27 14:05:40.928 +01:00 [INF] Executed action GalleryNote.Controllers.NoteController.Create (GalleryNote) in 60.4697ms
2024-11-27 14:05:40.928 +01:00 [INF] Executed endpoint 'GalleryNote.Controllers.NoteController.Create (GalleryNote)'
2024-11-27 14:05:40.930 +01:00 [INF] Request finished HTTP/1.1 POST http://localhost:5272/Note/Create - 302 0 null 86.8961ms
2024-11-27 14:05:40.937 +01:00 [INF] Request starting HTTP/1.1 GET http://localhost:5272/Note/Grid - null null
2024-11-27 14:05:40.939 +01:00 [INF] Executing endpoint 'GalleryNote.Controllers.NoteController.Grid (GalleryNote)'
2024-11-27 14:05:40.939 +01:00 [INF] Route matched with {action = "Grid", controller = "Note", page = "", area = ""}. Executing controller action with signature System.Threading.Tasks.Task`1[Microsoft.AspNetCore.Mvc.IActionResult] Grid() on controller GalleryNote.Controllers.NoteController (GalleryNote).
2024-11-27 14:05:40.943 +01:00 [INF] Executing ViewResult, running view Grid.
2024-11-27 14:05:40.946 +01:00 [INF] Executed ViewResult - view Grid executed in 2.8994ms.
2024-11-27 14:05:40.947 +01:00 [INF] Executed action GalleryNote.Controllers.NoteController.Grid (GalleryNote) in 7.6566ms
2024-11-27 14:05:40.948 +01:00 [INF] Executed endpoint 'GalleryNote.Controllers.NoteController.Grid (GalleryNote)'
2024-11-27 14:05:40.948 +01:00 [INF] Request finished HTTP/1.1 GET http://localhost:5272/Note/Grid - 200 null text/html; charset=utf-8 11.4643ms
2024-11-27 14:05:43.909 +01:00 [INF] Request starting HTTP/1.1 GET http://localhost:5272/Note/Update/6 - null null
2024-11-27 14:05:43.913 +01:00 [INF] Executing endpoint 'GalleryNote.Controllers.NoteController.Update (GalleryNote)'
2024-11-27 14:05:43.922 +01:00 [INF] Route matched with {action = "Update", controller = "Note", page = "", area = ""}. Executing controller action with signature System.Threading.Tasks.Task`1[Microsoft.AspNetCore.Mvc.IActionResult] Update(Int32) on controller GalleryNote.Controllers.NoteController (GalleryNote).
2024-11-27 14:05:43.955 +01:00 [INF] Executing ViewResult, running view Update.
2024-11-27 14:05:43.974 +01:00 [INF] Executed ViewResult - view Update executed in 19.3301ms.
2024-11-27 14:05:43.974 +01:00 [INF] Executed action GalleryNote.Controllers.NoteController.Update (GalleryNote) in 51.9221ms
2024-11-27 14:05:43.974 +01:00 [INF] Executed endpoint 'GalleryNote.Controllers.NoteController.Update (GalleryNote)'
2024-11-27 14:05:43.974 +01:00 [INF] Request finished HTTP/1.1 GET http://localhost:5272/Note/Update/6 - 200 null text/html; charset=utf-8 65.116ms
2024-11-27 14:05:47.216 +01:00 [INF] Request starting HTTP/1.1 POST http://localhost:5272/Note/Update/6 - application/x-www-form-urlencoded 278
2024-11-27 14:05:47.219 +01:00 [INF] Executing endpoint 'GalleryNote.Controllers.NoteController.Update (GalleryNote)'
2024-11-27 14:05:47.227 +01:00 [INF] Route matched with {action = "Update", controller = "Note", page = "", area = ""}. Executing controller action with signature System.Threading.Tasks.Task`1[Microsoft.AspNetCore.Mvc.IActionResult] Update(GalleryNote.Models.Note) on controller GalleryNote.Controllers.NoteController (GalleryNote).
2024-11-27 14:05:47.261 +01:00 [ERR] [NoteRepository] note update failed for NoteId 0006, error message: The instance of entity type 'Note' cannot be tracked because another instance with the same key value for {'Id'} is already being tracked. When attaching existing entities, ensure that only one entity instance with a given key value is attached. Consider using 'DbContextOptionsBuilder.EnableSensitiveDataLogging' to see the conflicting key values.
2024-11-27 14:05:47.265 +01:00 [INF] Executing ViewResult, running view Update.
2024-11-27 14:05:47.271 +01:00 [INF] Executed ViewResult - view Update executed in 6.5889ms.
2024-11-27 14:05:47.271 +01:00 [INF] Executed action GalleryNote.Controllers.NoteController.Update (GalleryNote) in 44.4986ms
2024-11-27 14:05:47.271 +01:00 [INF] Executed endpoint 'GalleryNote.Controllers.NoteController.Update (GalleryNote)'
2024-11-27 14:05:47.272 +01:00 [INF] Request finished HTTP/1.1 POST http://localhost:5272/Note/Update/6 - 200 null text/html; charset=utf-8 55.3575ms
2024-11-27 14:05:48.052 +01:00 [INF] Request starting HTTP/1.1 POST http://localhost:5272/Note/Update/6 - application/x-www-form-urlencoded 278
2024-11-27 14:05:48.056 +01:00 [INF] Executing endpoint 'GalleryNote.Controllers.NoteController.Update (GalleryNote)'
2024-11-27 14:05:48.057 +01:00 [INF] Route matched with {action = "Update", controller = "Note", page = "", area = ""}. Executing controller action with signature System.Threading.Tasks.Task`1[Microsoft.AspNetCore.Mvc.IActionResult] Update(GalleryNote.Models.Note) on controller GalleryNote.Controllers.NoteController (GalleryNote).
2024-11-27 14:05:48.066 +01:00 [ERR] [NoteRepository] note update failed for NoteId 0006, error message: The instance of entity type 'Note' cannot be tracked because another instance with the same key value for {'Id'} is already being tracked. When attaching existing entities, ensure that only one entity instance with a given key value is attached. Consider using 'DbContextOptionsBuilder.EnableSensitiveDataLogging' to see the conflicting key values.
2024-11-27 14:05:48.067 +01:00 [INF] Executing ViewResult, running view Update.
2024-11-27 14:05:48.072 +01:00 [INF] Executed ViewResult - view Update executed in 5.0999ms.
2024-11-27 14:05:48.072 +01:00 [INF] Executed action GalleryNote.Controllers.NoteController.Update (GalleryNote) in 15.0436ms
2024-11-27 14:05:48.072 +01:00 [INF] Executed endpoint 'GalleryNote.Controllers.NoteController.Update (GalleryNote)'
2024-11-27 14:05:48.072 +01:00 [INF] Request finished HTTP/1.1 POST http://localhost:5272/Note/Update/6 - 200 null text/html; charset=utf-8 20.181ms
2024-11-27 14:05:48.554 +01:00 [INF] Request starting HTTP/1.1 POST http://localhost:5272/Note/Update/6 - application/x-www-form-urlencoded 278
2024-11-27 14:05:48.555 +01:00 [INF] Executing endpoint 'GalleryNote.Controllers.NoteController.Update (GalleryNote)'
2024-11-27 14:05:48.556 +01:00 [INF] Route matched with {action = "Update", controller = "Note", page = "", area = ""}. Executing controller action with signature System.Threading.Tasks.Task`1[Microsoft.AspNetCore.Mvc.IActionResult] Update(GalleryNote.Models.Note) on controller GalleryNote.Controllers.NoteController (GalleryNote).
2024-11-27 14:05:48.558 +01:00 [ERR] [NoteRepository] note update failed for NoteId 0006, error message: The instance of entity type 'Note' cannot be tracked because another instance with the same key value for {'Id'} is already being tracked. When attaching existing entities, ensure that only one entity instance with a given key value is attached. Consider using 'DbContextOptionsBuilder.EnableSensitiveDataLogging' to see the conflicting key values.
2024-11-27 14:05:48.559 +01:00 [INF] Executing ViewResult, running view Update.
2024-11-27 14:05:48.560 +01:00 [INF] Executed ViewResult - view Update executed in 1.7088ms.
2024-11-27 14:05:48.560 +01:00 [INF] Executed action GalleryNote.Controllers.NoteController.Update (GalleryNote) in 4.8786ms
2024-11-27 14:05:48.561 +01:00 [INF] Executed endpoint 'GalleryNote.Controllers.NoteController.Update (GalleryNote)'
2024-11-27 14:05:48.561 +01:00 [INF] Request finished HTTP/1.1 POST http://localhost:5272/Note/Update/6 - 200 null text/html; charset=utf-8 7.0598ms
2024-11-27 14:05:48.886 +01:00 [INF] Request starting HTTP/1.1 POST http://localhost:5272/Note/Update/6 - application/x-www-form-urlencoded 278
2024-11-27 14:05:48.888 +01:00 [INF] Executing endpoint 'GalleryNote.Controllers.NoteController.Update (GalleryNote)'
2024-11-27 14:05:48.888 +01:00 [INF] Route matched with {action = "Update", controller = "Note", page = "", area = ""}. Executing controller action with signature System.Threading.Tasks.Task`1[Microsoft.AspNetCore.Mvc.IActionResult] Update(GalleryNote.Models.Note) on controller GalleryNote.Controllers.NoteController (GalleryNote).
2024-11-27 14:05:48.891 +01:00 [ERR] [NoteRepository] note update failed for NoteId 0006, error message: The instance of entity type 'Note' cannot be tracked because another instance with the same key value for {'Id'} is already being tracked. When attaching existing entities, ensure that only one entity instance with a given key value is attached. Consider using 'DbContextOptionsBuilder.EnableSensitiveDataLogging' to see the conflicting key values.
2024-11-27 14:05:48.891 +01:00 [INF] Executing ViewResult, running view Update.
2024-11-27 14:05:48.892 +01:00 [INF] Executed ViewResult - view Update executed in 1.354ms.
2024-11-27 14:05:48.893 +01:00 [INF] Executed action GalleryNote.Controllers.NoteController.Update (GalleryNote) in 4.5373ms
2024-11-27 14:05:48.893 +01:00 [INF] Executed endpoint 'GalleryNote.Controllers.NoteController.Update (GalleryNote)'
2024-11-27 14:05:48.893 +01:00 [INF] Request finished HTTP/1.1 POST http://localhost:5272/Note/Update/6 - 200 null text/html; charset=utf-8 7.1888ms
2024-11-27 14:05:49.174 +01:00 [INF] Request starting HTTP/1.1 POST http://localhost:5272/Note/Update/6 - application/x-www-form-urlencoded 278
2024-11-27 14:05:49.178 +01:00 [INF] Executing endpoint 'GalleryNote.Controllers.NoteController.Update (GalleryNote)'
2024-11-27 14:05:49.179 +01:00 [INF] Route matched with {action = "Update", controller = "Note", page = "", area = ""}. Executing controller action with signature System.Threading.Tasks.Task`1[Microsoft.AspNetCore.Mvc.IActionResult] Update(GalleryNote.Models.Note) on controller GalleryNote.Controllers.NoteController (GalleryNote).
2024-11-27 14:05:49.184 +01:00 [ERR] [NoteRepository] note update failed for NoteId 0006, error message: The instance of entity type 'Note' cannot be tracked because another instance with the same key value for {'Id'} is already being tracked. When attaching existing entities, ensure that only one entity instance with a given key value is attached. Consider using 'DbContextOptionsBuilder.EnableSensitiveDataLogging' to see the conflicting key values.
2024-11-27 14:05:49.184 +01:00 [INF] Executing ViewResult, running view Update.
2024-11-27 14:05:49.188 +01:00 [INF] Executed ViewResult - view Update executed in 4.2291ms.
2024-11-27 14:05:49.188 +01:00 [INF] Executed action GalleryNote.Controllers.NoteController.Update (GalleryNote) in 9.333ms
2024-11-27 14:05:49.189 +01:00 [INF] Executed endpoint 'GalleryNote.Controllers.NoteController.Update (GalleryNote)'
2024-11-27 14:05:49.189 +01:00 [INF] Request finished HTTP/1.1 POST http://localhost:5272/Note/Update/6 - 200 null text/html; charset=utf-8 14.6563ms
2024-11-27 14:05:49.646 +01:00 [INF] Request starting HTTP/1.1 POST http://localhost:5272/Note/Update/6 - application/x-www-form-urlencoded 278
2024-11-27 14:05:49.649 +01:00 [INF] Executing endpoint 'GalleryNote.Controllers.NoteController.Update (GalleryNote)'
2024-11-27 14:05:49.649 +01:00 [INF] Route matched with {action = "Update", controller = "Note", page = "", area = ""}. Executing controller action with signature System.Threading.Tasks.Task`1[Microsoft.AspNetCore.Mvc.IActionResult] Update(GalleryNote.Models.Note) on controller GalleryNote.Controllers.NoteController (GalleryNote).
2024-11-27 14:05:49.653 +01:00 [ERR] [NoteRepository] note update failed for NoteId 0006, error message: The instance of entity type 'Note' cannot be tracked because another instance with the same key value for {'Id'} is already being tracked. When attaching existing entities, ensure that only one entity instance with a given key value is attached. Consider using 'DbContextOptionsBuilder.EnableSensitiveDataLogging' to see the conflicting key values.
2024-11-27 14:05:49.654 +01:00 [INF] Executing ViewResult, running view Update.
2024-11-27 14:05:49.657 +01:00 [INF] Executed ViewResult - view Update executed in 3.017ms.
2024-11-27 14:05:49.657 +01:00 [INF] Executed action GalleryNote.Controllers.NoteController.Update (GalleryNote) in 7.748ms
2024-11-27 14:05:49.657 +01:00 [INF] Executed endpoint 'GalleryNote.Controllers.NoteController.Update (GalleryNote)'
2024-11-27 14:05:49.657 +01:00 [INF] Request finished HTTP/1.1 POST http://localhost:5272/Note/Update/6 - 200 null text/html; charset=utf-8 11.6501ms
2024-11-27 14:05:50.577 +01:00 [INF] Request starting HTTP/1.1 POST http://localhost:5272/Note/Update/6 - application/x-www-form-urlencoded 278
2024-11-27 14:05:50.580 +01:00 [INF] Executing endpoint 'GalleryNote.Controllers.NoteController.Update (GalleryNote)'
2024-11-27 14:05:50.580 +01:00 [INF] Route matched with {action = "Update", controller = "Note", page = "", area = ""}. Executing controller action with signature System.Threading.Tasks.Task`1[Microsoft.AspNetCore.Mvc.IActionResult] Update(GalleryNote.Models.Note) on controller GalleryNote.Controllers.NoteController (GalleryNote).
2024-11-27 14:05:50.585 +01:00 [ERR] [NoteRepository] note update failed for NoteId 0006, error message: The instance of entity type 'Note' cannot be tracked because another instance with the same key value for {'Id'} is already being tracked. When attaching existing entities, ensure that only one entity instance with a given key value is attached. Consider using 'DbContextOptionsBuilder.EnableSensitiveDataLogging' to see the conflicting key values.
2024-11-27 14:05:50.585 +01:00 [INF] Executing ViewResult, running view Update.
2024-11-27 14:05:50.590 +01:00 [INF] Executed ViewResult - view Update executed in 4.5769ms.
2024-11-27 14:05:50.591 +01:00 [INF] Executed action GalleryNote.Controllers.NoteController.Update (GalleryNote) in 9.872ms
2024-11-27 14:05:50.591 +01:00 [INF] Executed endpoint 'GalleryNote.Controllers.NoteController.Update (GalleryNote)'
2024-11-27 14:05:50.592 +01:00 [INF] Request finished HTTP/1.1 POST http://localhost:5272/Note/Update/6 - 200 null text/html; charset=utf-8 15.0253ms
2024-11-27 14:05:50.994 +01:00 [INF] Request starting HTTP/1.1 POST http://localhost:5272/Note/Update/6 - application/x-www-form-urlencoded 278
2024-11-27 14:05:50.997 +01:00 [INF] Executing endpoint 'GalleryNote.Controllers.NoteController.Update (GalleryNote)'
2024-11-27 14:05:50.997 +01:00 [INF] Route matched with {action = "Update", controller = "Note", page = "", area = ""}. Executing controller action with signature System.Threading.Tasks.Task`1[Microsoft.AspNetCore.Mvc.IActionResult] Update(GalleryNote.Models.Note) on controller GalleryNote.Controllers.NoteController (GalleryNote).
2024-11-27 14:05:51.002 +01:00 [ERR] [NoteRepository] note update failed for NoteId 0006, error message: The instance of entity type 'Note' cannot be tracked because another instance with the same key value for {'Id'} is already being tracked. When attaching existing entities, ensure that only one entity instance with a given key value is attached. Consider using 'DbContextOptionsBuilder.EnableSensitiveDataLogging' to see the conflicting key values.
2024-11-27 14:05:51.003 +01:00 [INF] Executing ViewResult, running view Update.
2024-11-27 14:05:51.006 +01:00 [INF] Executed ViewResult - view Update executed in 2.776ms.
2024-11-27 14:05:51.006 +01:00 [INF] Executed action GalleryNote.Controllers.NoteController.Update (GalleryNote) in 8.7797ms
2024-11-27 14:05:51.006 +01:00 [INF] Executed endpoint 'GalleryNote.Controllers.NoteController.Update (GalleryNote)'
2024-11-27 14:05:51.009 +01:00 [INF] Request finished HTTP/1.1 POST http://localhost:5272/Note/Update/6 - 200 null text/html; charset=utf-8 13.1377ms
2024-11-27 14:09:21.676 +01:00 [INF] Application is shutting down...
