2024-11-27 14:17:10.858 +01:00 [INF] User profile is available. Using 'C:\Users\birko\AppData\Local\ASP.NET\DataProtection-Keys' as key repository and Windows DPAPI to encrypt keys at rest.
2024-11-27 14:17:11.420 +01:00 [INF] Now listening on: http://localhost:5272
2024-11-27 14:17:11.432 +01:00 [INF] Application started. Press Ctrl+C to shut down.
2024-11-27 14:17:11.435 +01:00 [INF] Hosting environment: Development
2024-11-27 14:17:11.435 +01:00 [INF] Content root path: C:\Users\birko\OneDrive - OsloMet\ITPE 3200 - Webapplikasjoner\GalleryNote project\GalleryNote – Kopi
2024-11-27 14:17:47.048 +01:00 [INF] Request starting HTTP/1.1 GET http://localhost:5272/ - null null
2024-11-27 14:17:47.191 +01:00 [INF] Executing endpoint 'GalleryNote.Controllers.HomeController.Index (GalleryNote)'
2024-11-27 14:17:47.209 +01:00 [INF] Route matched with {action = "Index", controller = "Home", page = "", area = ""}. Executing controller action with signature Microsoft.AspNetCore.Mvc.IActionResult Index() on controller GalleryNote.Controllers.HomeController (GalleryNote).
2024-11-27 14:17:47.218 +01:00 [INF] Executing ViewResult, running view Index.
2024-11-27 14:17:47.348 +01:00 [INF] Executed ViewResult - view Index executed in 132.2738ms.
2024-11-27 14:17:47.350 +01:00 [INF] Executed action GalleryNote.Controllers.HomeController.Index (GalleryNote) in 140.3483ms
2024-11-27 14:17:47.351 +01:00 [INF] Executed endpoint 'GalleryNote.Controllers.HomeController.Index (GalleryNote)'
2024-11-27 14:17:47.366 +01:00 [INF] Request finished HTTP/1.1 GET http://localhost:5272/ - 200 null text/html; charset=utf-8 321.4404ms
2024-11-27 14:18:40.532 +01:00 [INF] Request starting HTTP/1.1 GET http://localhost:5272/Note/Grid?active=active - null null
2024-11-27 14:18:40.628 +01:00 [INF] Executing endpoint 'GalleryNote.Controllers.NoteController.Grid (GalleryNote)'
2024-11-27 14:18:40.635 +01:00 [INF] Route matched with {action = "Grid", controller = "Note", page = "", area = ""}. Executing controller action with signature System.Threading.Tasks.Task`1[Microsoft.AspNetCore.Mvc.IActionResult] Grid() on controller GalleryNote.Controllers.NoteController (GalleryNote).
2024-11-27 14:18:40.750 +01:00 [INF] Executing ViewResult, running view Grid.
2024-11-27 14:18:40.771 +01:00 [INF] Executed ViewResult - view Grid executed in 23.1328ms.
2024-11-27 14:18:40.771 +01:00 [INF] Executed action GalleryNote.Controllers.NoteController.Grid (GalleryNote) in 135.7896ms
2024-11-27 14:18:40.771 +01:00 [INF] Executed endpoint 'GalleryNote.Controllers.NoteController.Grid (GalleryNote)'
2024-11-27 14:18:40.774 +01:00 [INF] Request finished HTTP/1.1 GET http://localhost:5272/Note/Grid?active=active - 200 null text/html; charset=utf-8 242.9969ms
2024-11-27 14:18:43.459 +01:00 [INF] Request starting HTTP/1.1 GET http://localhost:5272/Image/Grid?active=active - null null
2024-11-27 14:18:43.480 +01:00 [INF] Executing endpoint 'GalleryNote.Controllers.ImageController.Grid (GalleryNote)'
2024-11-27 14:18:43.481 +01:00 [INF] Route matched with {action = "Grid", controller = "Image", page = "", area = ""}. Executing controller action with signature Microsoft.AspNetCore.Mvc.IActionResult Grid() on controller GalleryNote.Controllers.ImageController (GalleryNote).
2024-11-27 14:18:43.508 +01:00 [INF] Executing ViewResult, running view Grid.
2024-11-27 14:18:43.529 +01:00 [INF] Executed ViewResult - view Grid executed in 21.2404ms.
2024-11-27 14:18:43.529 +01:00 [INF] Executed action GalleryNote.Controllers.ImageController.Grid (GalleryNote) in 47.5247ms
2024-11-27 14:18:43.529 +01:00 [INF] Executed endpoint 'GalleryNote.Controllers.ImageController.Grid (GalleryNote)'
2024-11-27 14:18:43.531 +01:00 [INF] Request finished HTTP/1.1 GET http://localhost:5272/Image/Grid?active=active - 200 null text/html; charset=utf-8 71.3116ms
2024-11-27 14:18:51.072 +01:00 [INF] Application is shutting down...
