2024-12-01 22:04:35.901 +01:00 [INF] User profile is available. Using 'C:\Users\birko\AppData\Local\ASP.NET\DataProtection-Keys' as key repository and Windows DPAPI to encrypt keys at rest.
2024-12-01 22:04:36.682 +01:00 [INF] Now listening on: http://localhost:5272
2024-12-01 22:04:36.695 +01:00 [INF] Application started. Press Ctrl+C to shut down.
2024-12-01 22:04:36.701 +01:00 [INF] Hosting environment: Development
2024-12-01 22:04:36.704 +01:00 [INF] Content root path: C:\Users\birko\OneDrive - OsloMet\ITPE 3200 - Webapplikasjoner\eksamen\GalleryNote
2024-12-01 22:05:01.033 +01:00 [INF] Request starting HTTP/1.1 GET http://localhost:5272/ - null null
2024-12-01 22:05:01.145 +01:00 [INF] Executing endpoint 'GalleryNote.Controllers.HomeController.Index (GalleryNote)'
2024-12-01 22:05:01.178 +01:00 [INF] Route matched with {action = "Index", controller = "Home", page = "", area = ""}. Executing controller action with signature Microsoft.AspNetCore.Mvc.IActionResult Index() on controller GalleryNote.Controllers.HomeController (GalleryNote).
2024-12-01 22:05:01.201 +01:00 [INF] Executing ViewResult, running view Index.
2024-12-01 22:05:01.518 +01:00 [INF] Executed ViewResult - view Index executed in 319.3982ms.
2024-12-01 22:05:01.524 +01:00 [INF] Executed action GalleryNote.Controllers.HomeController.Index (GalleryNote) in 345.0019ms
2024-12-01 22:05:01.525 +01:00 [INF] Executed endpoint 'GalleryNote.Controllers.HomeController.Index (GalleryNote)'
2024-12-01 22:05:01.553 +01:00 [INF] Request finished HTTP/1.1 GET http://localhost:5272/ - 200 null text/html; charset=utf-8 523.9735ms
2024-12-01 22:05:01.600 +01:00 [INF] Request starting HTTP/1.1 GET http://localhost:5272/css/custom.css - null null
2024-12-01 22:05:01.600 +01:00 [INF] Request starting HTTP/1.1 GET http://localhost:5272/images/example1.jpg - null null
2024-12-01 22:05:01.604 +01:00 [INF] Request starting HTTP/1.1 GET http://localhost:5272/images/example2.jpg - null null
2024-12-01 22:05:01.621 +01:00 [INF] The file /css/custom.css was not modified
2024-12-01 22:05:01.621 +01:00 [INF] The file /images/example2.jpg was not modified
2024-12-01 22:05:01.621 +01:00 [INF] The file /images/example1.jpg was not modified
2024-12-01 22:05:01.622 +01:00 [INF] Request finished HTTP/1.1 GET http://localhost:5272/images/example2.jpg - 304 null image/jpeg 17.7061ms
2024-12-01 22:05:01.622 +01:00 [INF] Request finished HTTP/1.1 GET http://localhost:5272/images/example1.jpg - 304 null image/jpeg 22.1686ms
2024-12-01 22:05:01.622 +01:00 [INF] Request finished HTTP/1.1 GET http://localhost:5272/css/custom.css - 304 null text/css 21.7891ms
2024-12-01 22:05:01.641 +01:00 [INF] Request starting HTTP/1.1 GET http://localhost:5272/images/example3.jpg - null null
2024-12-01 22:05:01.648 +01:00 [INF] The file /images/example3.jpg was not modified
2024-12-01 22:05:01.649 +01:00 [INF] Request finished HTTP/1.1 GET http://localhost:5272/images/example3.jpg - 304 null image/jpeg 8.1753ms
2024-12-01 22:05:16.291 +01:00 [INF] Request starting HTTP/1.1 GET http://localhost:5272/Image/Grid - null null
2024-12-01 22:05:16.296 +01:00 [INF] Executing endpoint 'GalleryNote.Controllers.ImageController.Grid (GalleryNote)'
2024-12-01 22:05:16.300 +01:00 [INF] Route matched with {action = "Grid", controller = "Image", page = "", area = ""}. Executing controller action with signature Microsoft.AspNetCore.Mvc.IActionResult Grid() on controller GalleryNote.Controllers.ImageController (GalleryNote).
2024-12-01 22:05:16.803 +01:00 [INF] Executing ViewResult, running view Grid.
2024-12-01 22:05:16.833 +01:00 [INF] Executed ViewResult - view Grid executed in 32.8388ms.
2024-12-01 22:05:16.834 +01:00 [INF] Executed action GalleryNote.Controllers.ImageController.Grid (GalleryNote) in 534.0071ms
2024-12-01 22:05:16.835 +01:00 [INF] Executed endpoint 'GalleryNote.Controllers.ImageController.Grid (GalleryNote)'
2024-12-01 22:05:16.847 +01:00 [INF] Request finished HTTP/1.1 GET http://localhost:5272/Image/Grid - 200 null text/html; charset=utf-8 556.0052ms
2024-12-01 22:05:16.876 +01:00 [INF] Request starting HTTP/1.1 GET http://localhost:5272/images/blomst.jpg - null null
2024-12-01 22:05:16.890 +01:00 [INF] Request starting HTTP/1.1 GET http://localhost:5272/images/blad.jpg - null null
2024-12-01 22:05:16.895 +01:00 [INF] Request starting HTTP/1.1 GET http://localhost:5272/images/skog.jpg - null null
2024-12-01 22:05:17.026 +01:00 [INF] Sending file. Request path: '/images/blomst.jpg'. Physical path: 'C:\Users\birko\OneDrive - OsloMet\ITPE 3200 - Webapplikasjoner\eksamen\GalleryNote\wwwroot\images\blomst.jpg'
2024-12-01 22:05:17.034 +01:00 [INF] Request finished HTTP/1.1 GET http://localhost:5272/images/blomst.jpg - 200 1244472 image/jpeg 158.1407ms
2024-12-01 22:05:17.085 +01:00 [INF] Sending file. Request path: '/images/skog.jpg'. Physical path: 'C:\Users\birko\OneDrive - OsloMet\ITPE 3200 - Webapplikasjoner\eksamen\GalleryNote\wwwroot\images\skog.jpg'
2024-12-01 22:05:17.085 +01:00 [INF] Sending file. Request path: '/images/blad.jpg'. Physical path: 'C:\Users\birko\OneDrive - OsloMet\ITPE 3200 - Webapplikasjoner\eksamen\GalleryNote\wwwroot\images\blad.jpg'
2024-12-01 22:05:17.086 +01:00 [INF] Request finished HTTP/1.1 GET http://localhost:5272/images/skog.jpg - 200 3487662 image/jpeg 190.6025ms
2024-12-01 22:05:17.086 +01:00 [INF] Request finished HTTP/1.1 GET http://localhost:5272/images/blad.jpg - 200 3504672 image/jpeg 196.1209ms
2024-12-01 22:05:25.665 +01:00 [INF] Request starting HTTP/1.1 GET http://localhost:5272/Note/Grid?active=active - null null
2024-12-01 22:05:25.680 +01:00 [INF] Executing endpoint 'GalleryNote.Controllers.NoteController.Grid (GalleryNote)'
2024-12-01 22:05:25.711 +01:00 [INF] Route matched with {action = "Grid", controller = "Note", page = "", area = ""}. Executing controller action with signature System.Threading.Tasks.Task`1[Microsoft.AspNetCore.Mvc.IActionResult] Grid() on controller GalleryNote.Controllers.NoteController (GalleryNote).
2024-12-01 22:05:25.870 +01:00 [INF] Executing ViewResult, running view Grid.
2024-12-01 22:05:25.892 +01:00 [INF] Executed ViewResult - view Grid executed in 24.2836ms.
2024-12-01 22:05:25.892 +01:00 [INF] Executed action GalleryNote.Controllers.NoteController.Grid (GalleryNote) in 180.6747ms
2024-12-01 22:05:25.892 +01:00 [INF] Executed endpoint 'GalleryNote.Controllers.NoteController.Grid (GalleryNote)'
2024-12-01 22:05:25.896 +01:00 [INF] Request finished HTTP/1.1 GET http://localhost:5272/Note/Grid?active=active - 200 null text/html; charset=utf-8 232.4708ms
2024-12-01 22:05:31.929 +01:00 [INF] Request starting HTTP/1.1 GET http://localhost:5272/Home/Upload?active=active - null null
2024-12-01 22:05:31.940 +01:00 [INF] Authorization failed. These requirements were not met:
DenyAnonymousAuthorizationRequirement: Requires an authenticated user.
2024-12-01 22:05:31.952 +01:00 [INF] AuthenticationScheme: Identity.Application was challenged.
2024-12-01 22:05:31.952 +01:00 [INF] Request finished HTTP/1.1 GET http://localhost:5272/Home/Upload?active=active - 302 0 null 22.6533ms
2024-12-01 22:05:31.958 +01:00 [INF] Request starting HTTP/1.1 GET http://localhost:5272/Identity/Account/Login?ReturnUrl=%2FHome%2FUpload%3Factive%3Dactive - null null
2024-12-01 22:05:31.959 +01:00 [INF] Executing endpoint '/Account/Login'
2024-12-01 22:05:31.995 +01:00 [INF] Route matched with {page = "/Account/Login", area = "Identity", action = "", controller = ""}. Executing page /Account/Login
2024-12-01 22:05:32.034 +01:00 [INF] Executing handler method GalleryNote.Areas.Identity.Pages.Account.LoginModel.OnGetAsync - ModelState is "Valid"
2024-12-01 22:05:32.048 +01:00 [INF] AuthenticationScheme: Identity.External signed out.
2024-12-01 22:05:32.052 +01:00 [INF] Executed handler method OnGetAsync, returned result .
2024-12-01 22:05:32.056 +01:00 [INF] Executing an implicit handler method - ModelState is "Valid"
2024-12-01 22:05:32.057 +01:00 [INF] Executed an implicit handler method, returned result Microsoft.AspNetCore.Mvc.RazorPages.PageResult.
2024-12-01 22:05:32.151 +01:00 [INF] Executed page /Account/Login in 155.8259ms
2024-12-01 22:05:32.151 +01:00 [INF] Executed endpoint '/Account/Login'
2024-12-01 22:05:32.152 +01:00 [INF] Request finished HTTP/1.1 GET http://localhost:5272/Identity/Account/Login?ReturnUrl=%2FHome%2FUpload%3Factive%3Dactive - 200 null text/html; charset=utf-8 193.7318ms
2024-12-01 22:05:32.191 +01:00 [INF] Request starting HTTP/1.1 GET http://localhost:5272/lib/jquery-validation-unobtrusive/jquery.validate.unobtrusive.min.js - null null
2024-12-01 22:05:32.191 +01:00 [INF] Request starting HTTP/1.1 GET http://localhost:5272/lib/jquery-validation/dist/jquery.validate.min.js - null null
2024-12-01 22:05:32.195 +01:00 [INF] Request finished HTTP/1.1 GET http://localhost:5272/lib/jquery-validation/dist/jquery.validate.min.js - 404 0 null 3.5047ms
2024-12-01 22:05:32.195 +01:00 [INF] Request finished HTTP/1.1 GET http://localhost:5272/lib/jquery-validation-unobtrusive/jquery.validate.unobtrusive.min.js - 404 0 null 3.5219ms
2024-12-01 22:05:32.196 +01:00 [INF] Request reached the end of the middleware pipeline without being handled by application code. Request path: GET http://localhost:5272/lib/jquery-validation-unobtrusive/jquery.validate.unobtrusive.min.js, Response status code: 404
2024-12-01 22:05:32.196 +01:00 [INF] Request reached the end of the middleware pipeline without being handled by application code. Request path: GET http://localhost:5272/lib/jquery-validation/dist/jquery.validate.min.js, Response status code: 404
2024-12-01 22:05:40.462 +01:00 [INF] Request starting HTTP/1.1 GET http://localhost:5272/Identity/Account/Register?returnUrl=%2FHome%2FUpload%3Factive%3Dactive - null null
2024-12-01 22:05:40.482 +01:00 [INF] Executing endpoint '/Account/Register'
2024-12-01 22:05:40.502 +01:00 [INF] Route matched with {page = "/Account/Register", area = "Identity", action = "", controller = ""}. Executing page /Account/Register
2024-12-01 22:05:40.516 +01:00 [INF] Executing handler method GalleryNote.Areas.Identity.Pages.Account.RegisterModel.OnGetAsync - ModelState is "Valid"
2024-12-01 22:05:40.518 +01:00 [INF] Executed handler method OnGetAsync, returned result .
2024-12-01 22:05:40.518 +01:00 [INF] Executing an implicit handler method - ModelState is "Valid"
2024-12-01 22:05:40.519 +01:00 [INF] Executed an implicit handler method, returned result Microsoft.AspNetCore.Mvc.RazorPages.PageResult.
2024-12-01 22:05:40.563 +01:00 [INF] Executed page /Account/Register in 60.7632ms
2024-12-01 22:05:40.564 +01:00 [INF] Executed endpoint '/Account/Register'
2024-12-01 22:05:40.564 +01:00 [INF] Request finished HTTP/1.1 GET http://localhost:5272/Identity/Account/Register?returnUrl=%2FHome%2FUpload%3Factive%3Dactive - 200 null text/html; charset=utf-8 102.6573ms
2024-12-01 22:05:40.596 +01:00 [INF] Request starting HTTP/1.1 GET http://localhost:5272/lib/jquery-validation/dist/jquery.validate.min.js - null null
2024-12-01 22:05:40.598 +01:00 [INF] Request finished HTTP/1.1 GET http://localhost:5272/lib/jquery-validation/dist/jquery.validate.min.js - 404 0 null 1.9515ms
2024-12-01 22:05:40.598 +01:00 [INF] Request reached the end of the middleware pipeline without being handled by application code. Request path: GET http://localhost:5272/lib/jquery-validation/dist/jquery.validate.min.js, Response status code: 404
2024-12-01 22:05:40.600 +01:00 [INF] Request starting HTTP/1.1 GET http://localhost:5272/lib/jquery-validation-unobtrusive/jquery.validate.unobtrusive.min.js - null null
2024-12-01 22:05:40.601 +01:00 [INF] Request finished HTTP/1.1 GET http://localhost:5272/lib/jquery-validation-unobtrusive/jquery.validate.unobtrusive.min.js - 404 0 null 0.9518ms
2024-12-01 22:05:40.602 +01:00 [INF] Request reached the end of the middleware pipeline without being handled by application code. Request path: GET http://localhost:5272/lib/jquery-validation-unobtrusive/jquery.validate.unobtrusive.min.js, Response status code: 404
2024-12-01 22:05:55.463 +01:00 [INF] Request starting HTTP/1.1 POST http://localhost:5272/Identity/Account/Register?returnUrl=%2FHome%2FUpload%3Factive%3Dactive - application/x-www-form-urlencoded 275
2024-12-01 22:05:55.464 +01:00 [INF] Executing endpoint '/Account/Register'
2024-12-01 22:05:55.464 +01:00 [INF] Route matched with {page = "/Account/Register", area = "Identity", action = "", controller = ""}. Executing page /Account/Register
2024-12-01 22:05:55.504 +01:00 [INF] Executing handler method GalleryNote.Areas.Identity.Pages.Account.RegisterModel.OnPostAsync - ModelState is "Valid"
2024-12-01 22:05:56.320 +01:00 [INF] User created a new account with password.
2024-12-01 22:05:56.432 +01:00 [INF] AuthenticationScheme: Identity.Application signed in.
2024-12-01 22:05:56.434 +01:00 [INF] Executed handler method OnPostAsync, returned result Microsoft.AspNetCore.Mvc.LocalRedirectResult.
2024-12-01 22:05:56.438 +01:00 [INF] Executing LocalRedirectResult, redirecting to /Home/Upload?active=active.
2024-12-01 22:05:56.438 +01:00 [INF] Executed page /Account/Register in 974.5834ms
2024-12-01 22:05:56.438 +01:00 [INF] Executed endpoint '/Account/Register'
2024-12-01 22:05:56.439 +01:00 [INF] Request finished HTTP/1.1 POST http://localhost:5272/Identity/Account/Register?returnUrl=%2FHome%2FUpload%3Factive%3Dactive - 302 0 null 976.3797ms
2024-12-01 22:05:56.444 +01:00 [INF] Request starting HTTP/1.1 GET http://localhost:5272/Home/Upload?active=active - null null
2024-12-01 22:05:56.459 +01:00 [INF] Executing endpoint 'GalleryNote.Controllers.HomeController.Upload (GalleryNote)'
2024-12-01 22:05:56.461 +01:00 [INF] Route matched with {action = "Upload", controller = "Home", page = "", area = ""}. Executing controller action with signature Microsoft.AspNetCore.Mvc.IActionResult Upload() on controller GalleryNote.Controllers.HomeController (GalleryNote).
2024-12-01 22:05:56.464 +01:00 [INF] Executing ViewResult, running view Upload.
2024-12-01 22:05:56.483 +01:00 [INF] Executed ViewResult - view Upload executed in 20.648ms.
2024-12-01 22:05:56.483 +01:00 [INF] Executed action GalleryNote.Controllers.HomeController.Upload (GalleryNote) in 21.6469ms
2024-12-01 22:05:56.483 +01:00 [INF] Executed endpoint 'GalleryNote.Controllers.HomeController.Upload (GalleryNote)'
2024-12-01 22:05:56.483 +01:00 [INF] Request finished HTTP/1.1 GET http://localhost:5272/Home/Upload?active=active - 200 null text/html; charset=utf-8 39.0677ms
2024-12-01 22:05:59.280 +01:00 [INF] Request starting HTTP/1.1 GET http://localhost:5272/Image/Create - null null
2024-12-01 22:05:59.296 +01:00 [INF] Executing endpoint 'GalleryNote.Controllers.ImageController.Create (GalleryNote)'
2024-12-01 22:05:59.301 +01:00 [INF] Route matched with {action = "Create", controller = "Image", page = "", area = ""}. Executing controller action with signature Microsoft.AspNetCore.Mvc.IActionResult Create() on controller GalleryNote.Controllers.ImageController (GalleryNote).
2024-12-01 22:05:59.307 +01:00 [INF] Executing ViewResult, running view Create.
2024-12-01 22:05:59.353 +01:00 [INF] Executed ViewResult - view Create executed in 50.8009ms.
2024-12-01 22:05:59.354 +01:00 [INF] Executed action GalleryNote.Controllers.ImageController.Create (GalleryNote) in 52.4251ms
2024-12-01 22:05:59.354 +01:00 [INF] Executed endpoint 'GalleryNote.Controllers.ImageController.Create (GalleryNote)'
2024-12-01 22:05:59.355 +01:00 [INF] Request finished HTTP/1.1 GET http://localhost:5272/Image/Create - 200 null text/html; charset=utf-8 74.8877ms
2024-12-01 22:06:16.096 +01:00 [INF] Request starting HTTP/1.1 POST http://localhost:5272/Image/Create - multipart/form-data; boundary=----WebKitFormBoundaryjz7qkiBHk1UeULZ0 225894
2024-12-01 22:06:16.130 +01:00 [INF] Executing endpoint 'GalleryNote.Controllers.ImageController.Create (GalleryNote)'
2024-12-01 22:06:16.154 +01:00 [INF] Route matched with {action = "Create", controller = "Image", page = "", area = ""}. Executing controller action with signature System.Threading.Tasks.Task`1[Microsoft.AspNetCore.Mvc.IActionResult] Create(GalleryNote.Models.Image, Microsoft.AspNetCore.Http.IFormFile) on controller GalleryNote.Controllers.ImageController (GalleryNote).
2024-12-01 22:06:16.525 +01:00 [INF] Executing RedirectResult, redirecting to /Image/Grid.
2024-12-01 22:06:16.526 +01:00 [INF] Executed action GalleryNote.Controllers.ImageController.Create (GalleryNote) in 372.2804ms
2024-12-01 22:06:16.527 +01:00 [INF] Executed endpoint 'GalleryNote.Controllers.ImageController.Create (GalleryNote)'
2024-12-01 22:06:16.532 +01:00 [INF] Request finished HTTP/1.1 POST http://localhost:5272/Image/Create - 302 0 null 436.1226ms
2024-12-01 22:06:16.541 +01:00 [INF] Request starting HTTP/1.1 GET http://localhost:5272/Image/Grid - null null
2024-12-01 22:06:16.550 +01:00 [INF] Executing endpoint 'GalleryNote.Controllers.ImageController.Grid (GalleryNote)'
2024-12-01 22:06:16.550 +01:00 [INF] Route matched with {action = "Grid", controller = "Image", page = "", area = ""}. Executing controller action with signature Microsoft.AspNetCore.Mvc.IActionResult Grid() on controller GalleryNote.Controllers.ImageController (GalleryNote).
2024-12-01 22:06:16.560 +01:00 [INF] Executing ViewResult, running view Grid.
2024-12-01 22:06:16.574 +01:00 [INF] Executed ViewResult - view Grid executed in 13.7928ms.
2024-12-01 22:06:16.575 +01:00 [INF] Executed action GalleryNote.Controllers.ImageController.Grid (GalleryNote) in 24.3133ms
2024-12-01 22:06:16.576 +01:00 [INF] Executed endpoint 'GalleryNote.Controllers.ImageController.Grid (GalleryNote)'
2024-12-01 22:06:16.577 +01:00 [INF] Request finished HTTP/1.1 GET http://localhost:5272/Image/Grid - 200 null text/html; charset=utf-8 35.6521ms
2024-12-01 22:06:16.631 +01:00 [INF] Request starting HTTP/1.1 GET http://localhost:5272/images/1.jpg - null null
2024-12-01 22:06:16.664 +01:00 [INF] Sending file. Request path: '/images/1.jpg'. Physical path: 'C:\Users\birko\OneDrive - OsloMet\ITPE 3200 - Webapplikasjoner\eksamen\GalleryNote\wwwroot\images\1.jpg'
2024-12-01 22:06:16.664 +01:00 [INF] Request finished HTTP/1.1 GET http://localhost:5272/images/1.jpg - 200 225303 image/jpeg 33.1297ms
2024-12-01 22:06:28.479 +01:00 [INF] Request starting HTTP/1.1 GET http://localhost:5272/Image/Update/6 - null null
2024-12-01 22:06:28.484 +01:00 [INF] Executing endpoint 'GalleryNote.Controllers.ImageController.Update (GalleryNote)'
2024-12-01 22:06:28.489 +01:00 [INF] Route matched with {action = "Update", controller = "Image", page = "", area = ""}. Executing controller action with signature Microsoft.AspNetCore.Mvc.IActionResult Update(Int32) on controller GalleryNote.Controllers.ImageController (GalleryNote).
2024-12-01 22:06:28.522 +01:00 [INF] Executing ViewResult, running view Update.
2024-12-01 22:06:28.571 +01:00 [INF] Executed ViewResult - view Update executed in 52.7763ms.
2024-12-01 22:06:28.571 +01:00 [INF] Executed action GalleryNote.Controllers.ImageController.Update (GalleryNote) in 81.2922ms
2024-12-01 22:06:28.571 +01:00 [INF] Executed endpoint 'GalleryNote.Controllers.ImageController.Update (GalleryNote)'
2024-12-01 22:06:28.571 +01:00 [INF] Request finished HTTP/1.1 GET http://localhost:5272/Image/Update/6 - 200 null text/html; charset=utf-8 92.759ms
2024-12-01 22:06:32.840 +01:00 [INF] Request starting HTTP/1.1 POST http://localhost:5272/Image/Update/6 - application/x-www-form-urlencoded 374
2024-12-01 22:06:32.843 +01:00 [INF] Executing endpoint 'GalleryNote.Controllers.ImageController.Update (GalleryNote)'
2024-12-01 22:06:32.853 +01:00 [INF] Route matched with {action = "Update", controller = "Image", page = "", area = ""}. Executing controller action with signature System.Threading.Tasks.Task`1[Microsoft.AspNetCore.Mvc.IActionResult] Update(GalleryNote.Models.Image) on controller GalleryNote.Controllers.ImageController (GalleryNote).
2024-12-01 22:06:32.915 +01:00 [INF] Executing RedirectResult, redirecting to /Image/Grid.
2024-12-01 22:06:32.916 +01:00 [INF] Executed action GalleryNote.Controllers.ImageController.Update (GalleryNote) in 62.3552ms
2024-12-01 22:06:32.916 +01:00 [INF] Executed endpoint 'GalleryNote.Controllers.ImageController.Update (GalleryNote)'
2024-12-01 22:06:32.918 +01:00 [INF] Request finished HTTP/1.1 POST http://localhost:5272/Image/Update/6 - 302 0 null 77.8204ms
2024-12-01 22:06:32.925 +01:00 [INF] Request starting HTTP/1.1 GET http://localhost:5272/Image/Grid - null null
2024-12-01 22:06:32.933 +01:00 [INF] Executing endpoint 'GalleryNote.Controllers.ImageController.Grid (GalleryNote)'
2024-12-01 22:06:32.934 +01:00 [INF] Route matched with {action = "Grid", controller = "Image", page = "", area = ""}. Executing controller action with signature Microsoft.AspNetCore.Mvc.IActionResult Grid() on controller GalleryNote.Controllers.ImageController (GalleryNote).
2024-12-01 22:06:32.937 +01:00 [INF] Executing ViewResult, running view Grid.
2024-12-01 22:06:32.940 +01:00 [INF] Executed ViewResult - view Grid executed in 2.6264ms.
2024-12-01 22:06:32.940 +01:00 [INF] Executed action GalleryNote.Controllers.ImageController.Grid (GalleryNote) in 6.2181ms
2024-12-01 22:06:32.940 +01:00 [INF] Executed endpoint 'GalleryNote.Controllers.ImageController.Grid (GalleryNote)'
2024-12-01 22:06:32.943 +01:00 [INF] Request finished HTTP/1.1 GET http://localhost:5272/Image/Grid - 200 null text/html; charset=utf-8 18.1491ms
2024-12-01 22:06:32.981 +01:00 [INF] Request starting HTTP/1.1 GET http://localhost:5272/images/1.jpg - null null
2024-12-01 22:06:32.983 +01:00 [INF] The file /images/1.jpg was not modified
2024-12-01 22:06:32.983 +01:00 [INF] Request finished HTTP/1.1 GET http://localhost:5272/images/1.jpg - 304 null image/jpeg 2.5699ms
2024-12-01 22:06:42.649 +01:00 [INF] Request starting HTTP/1.1 GET http://localhost:5272/Image/Delete/6 - null null
2024-12-01 22:06:42.654 +01:00 [INF] Executing endpoint 'GalleryNote.Controllers.ImageController.Delete (GalleryNote)'
2024-12-01 22:06:42.659 +01:00 [INF] Route matched with {action = "Delete", controller = "Image", page = "", area = ""}. Executing controller action with signature Microsoft.AspNetCore.Mvc.IActionResult Delete(Int32) on controller GalleryNote.Controllers.ImageController (GalleryNote).
2024-12-01 22:06:42.676 +01:00 [INF] Executing ViewResult, running view Delete.
2024-12-01 22:06:42.693 +01:00 [INF] Executed ViewResult - view Delete executed in 19.1517ms.
2024-12-01 22:06:42.694 +01:00 [INF] Executed action GalleryNote.Controllers.ImageController.Delete (GalleryNote) in 34.3956ms
2024-12-01 22:06:42.694 +01:00 [INF] Executed endpoint 'GalleryNote.Controllers.ImageController.Delete (GalleryNote)'
2024-12-01 22:06:42.696 +01:00 [INF] Request finished HTTP/1.1 GET http://localhost:5272/Image/Delete/6 - 200 null text/html; charset=utf-8 47.1606ms
2024-12-01 22:06:42.729 +01:00 [INF] Request starting HTTP/1.1 GET http://localhost:5272/images/1.jpg - null null
2024-12-01 22:06:42.729 +01:00 [INF] The file /images/1.jpg was not modified
2024-12-01 22:06:42.730 +01:00 [INF] Request finished HTTP/1.1 GET http://localhost:5272/images/1.jpg - 304 null image/jpeg 1.0929ms
2024-12-01 22:06:44.055 +01:00 [INF] Request starting HTTP/1.1 POST http://localhost:5272/Image/DeleteConfirmed/6 - application/x-www-form-urlencoded 225
2024-12-01 22:06:44.060 +01:00 [INF] Executing endpoint 'GalleryNote.Controllers.ImageController.DeleteConfirmed (GalleryNote)'
2024-12-01 22:06:44.063 +01:00 [INF] Route matched with {action = "DeleteConfirmed", controller = "Image", page = "", area = ""}. Executing controller action with signature Microsoft.AspNetCore.Mvc.IActionResult DeleteConfirmed(Int32) on controller GalleryNote.Controllers.ImageController (GalleryNote).
2024-12-01 22:06:44.125 +01:00 [INF] Executing RedirectResult, redirecting to /Image/Grid.
2024-12-01 22:06:44.125 +01:00 [INF] Executed action GalleryNote.Controllers.ImageController.DeleteConfirmed (GalleryNote) in 61.8306ms
2024-12-01 22:06:44.125 +01:00 [INF] Executed endpoint 'GalleryNote.Controllers.ImageController.DeleteConfirmed (GalleryNote)'
2024-12-01 22:06:44.126 +01:00 [INF] Request finished HTTP/1.1 POST http://localhost:5272/Image/DeleteConfirmed/6 - 302 0 null 71.4992ms
2024-12-01 22:06:44.134 +01:00 [INF] Request starting HTTP/1.1 GET http://localhost:5272/Image/Grid - null null
2024-12-01 22:06:44.141 +01:00 [INF] Executing endpoint 'GalleryNote.Controllers.ImageController.Grid (GalleryNote)'
2024-12-01 22:06:44.142 +01:00 [INF] Route matched with {action = "Grid", controller = "Image", page = "", area = ""}. Executing controller action with signature Microsoft.AspNetCore.Mvc.IActionResult Grid() on controller GalleryNote.Controllers.ImageController (GalleryNote).
2024-12-01 22:06:44.145 +01:00 [INF] Executing ViewResult, running view Grid.
2024-12-01 22:06:44.147 +01:00 [INF] Executed ViewResult - view Grid executed in 1.8009ms.
2024-12-01 22:06:44.147 +01:00 [INF] Executed action GalleryNote.Controllers.ImageController.Grid (GalleryNote) in 4.7802ms
2024-12-01 22:06:44.147 +01:00 [INF] Executed endpoint 'GalleryNote.Controllers.ImageController.Grid (GalleryNote)'
2024-12-01 22:06:44.147 +01:00 [INF] Request finished HTTP/1.1 GET http://localhost:5272/Image/Grid - 200 null text/html; charset=utf-8 13.8396ms
2024-12-01 22:06:49.300 +01:00 [INF] Request starting HTTP/1.1 GET http://localhost:5272/Home/Upload?active=active - null null
2024-12-01 22:06:49.305 +01:00 [INF] Executing endpoint 'GalleryNote.Controllers.HomeController.Upload (GalleryNote)'
2024-12-01 22:06:49.305 +01:00 [INF] Route matched with {action = "Upload", controller = "Home", page = "", area = ""}. Executing controller action with signature Microsoft.AspNetCore.Mvc.IActionResult Upload() on controller GalleryNote.Controllers.HomeController (GalleryNote).
2024-12-01 22:06:49.306 +01:00 [INF] Executing ViewResult, running view Upload.
2024-12-01 22:06:49.308 +01:00 [INF] Executed ViewResult - view Upload executed in 2.0164ms.
2024-12-01 22:06:49.308 +01:00 [INF] Executed action GalleryNote.Controllers.HomeController.Upload (GalleryNote) in 2.4693ms
2024-12-01 22:06:49.308 +01:00 [INF] Executed endpoint 'GalleryNote.Controllers.HomeController.Upload (GalleryNote)'
2024-12-01 22:06:49.309 +01:00 [INF] Request finished HTTP/1.1 GET http://localhost:5272/Home/Upload?active=active - 200 null text/html; charset=utf-8 8.6014ms
2024-12-01 22:06:50.382 +01:00 [INF] Request starting HTTP/1.1 GET http://localhost:5272/Note/Create - null null
2024-12-01 22:06:50.388 +01:00 [INF] Executing endpoint 'GalleryNote.Controllers.NoteController.Create (GalleryNote)'
2024-12-01 22:06:50.390 +01:00 [INF] Route matched with {action = "Create", controller = "Note", page = "", area = ""}. Executing controller action with signature Microsoft.AspNetCore.Mvc.IActionResult Create() on controller GalleryNote.Controllers.NoteController (GalleryNote).
2024-12-01 22:06:50.391 +01:00 [INF] Executing ViewResult, running view Create.
2024-12-01 22:06:50.422 +01:00 [INF] Executed ViewResult - view Create executed in 31.1448ms.
2024-12-01 22:06:50.422 +01:00 [INF] Executed action GalleryNote.Controllers.NoteController.Create (GalleryNote) in 31.9953ms
2024-12-01 22:06:50.422 +01:00 [INF] Executed endpoint 'GalleryNote.Controllers.NoteController.Create (GalleryNote)'
2024-12-01 22:06:50.422 +01:00 [INF] Request finished HTTP/1.1 GET http://localhost:5272/Note/Create - 200 null text/html; charset=utf-8 40.5757ms
2024-12-01 22:06:56.523 +01:00 [INF] Request starting HTTP/1.1 POST http://localhost:5272/Note/Create - application/x-www-form-urlencoded 243
2024-12-01 22:06:56.526 +01:00 [INF] Executing endpoint 'GalleryNote.Controllers.NoteController.Create (GalleryNote)'
2024-12-01 22:06:56.540 +01:00 [INF] Route matched with {action = "Create", controller = "Note", page = "", area = ""}. Executing controller action with signature System.Threading.Tasks.Task`1[Microsoft.AspNetCore.Mvc.IActionResult] Create(GalleryNote.Models.Note) on controller GalleryNote.Controllers.NoteController (GalleryNote).
2024-12-01 22:06:56.582 +01:00 [INF] Executing RedirectResult, redirecting to /Note/Grid.
2024-12-01 22:06:56.583 +01:00 [INF] Executed action GalleryNote.Controllers.NoteController.Create (GalleryNote) in 41.7887ms
2024-12-01 22:06:56.583 +01:00 [INF] Executed endpoint 'GalleryNote.Controllers.NoteController.Create (GalleryNote)'
2024-12-01 22:06:56.585 +01:00 [INF] Request finished HTTP/1.1 POST http://localhost:5272/Note/Create - 302 0 null 61.2094ms
2024-12-01 22:06:56.594 +01:00 [INF] Request starting HTTP/1.1 GET http://localhost:5272/Note/Grid - null null
2024-12-01 22:06:56.597 +01:00 [INF] Executing endpoint 'GalleryNote.Controllers.NoteController.Grid (GalleryNote)'
2024-12-01 22:06:56.599 +01:00 [INF] Route matched with {action = "Grid", controller = "Note", page = "", area = ""}. Executing controller action with signature System.Threading.Tasks.Task`1[Microsoft.AspNetCore.Mvc.IActionResult] Grid() on controller GalleryNote.Controllers.NoteController (GalleryNote).
2024-12-01 22:06:56.608 +01:00 [INF] Executing ViewResult, running view Grid.
2024-12-01 22:06:56.613 +01:00 [INF] Executed ViewResult - view Grid executed in 4.4708ms.
2024-12-01 22:06:56.613 +01:00 [INF] Executed action GalleryNote.Controllers.NoteController.Grid (GalleryNote) in 13.6389ms
2024-12-01 22:06:56.613 +01:00 [INF] Executed endpoint 'GalleryNote.Controllers.NoteController.Grid (GalleryNote)'
2024-12-01 22:06:56.613 +01:00 [INF] Request finished HTTP/1.1 GET http://localhost:5272/Note/Grid - 200 null text/html; charset=utf-8 19.6524ms
2024-12-01 22:07:03.500 +01:00 [INF] Request starting HTTP/1.1 GET http://localhost:5272/Note/Update/9 - null null
2024-12-01 22:07:03.502 +01:00 [INF] Executing endpoint 'GalleryNote.Controllers.NoteController.Update (GalleryNote)'
2024-12-01 22:07:03.510 +01:00 [INF] Route matched with {action = "Update", controller = "Note", page = "", area = ""}. Executing controller action with signature System.Threading.Tasks.Task`1[Microsoft.AspNetCore.Mvc.IActionResult] Update(Int32) on controller GalleryNote.Controllers.NoteController (GalleryNote).
2024-12-01 22:07:03.548 +01:00 [INF] Executing ViewResult, running view Update.
2024-12-01 22:07:03.572 +01:00 [INF] Executed ViewResult - view Update executed in 28.5348ms.
2024-12-01 22:07:03.572 +01:00 [INF] Executed action GalleryNote.Controllers.NoteController.Update (GalleryNote) in 61.8778ms
2024-12-01 22:07:03.572 +01:00 [INF] Executed endpoint 'GalleryNote.Controllers.NoteController.Update (GalleryNote)'
2024-12-01 22:07:03.573 +01:00 [INF] Request finished HTTP/1.1 GET http://localhost:5272/Note/Update/9 - 200 null text/html; charset=utf-8 73.0264ms
2024-12-01 22:07:09.333 +01:00 [INF] Request starting HTTP/1.1 POST http://localhost:5272/Note/Update/9 - application/x-www-form-urlencoded 290
2024-12-01 22:07:09.338 +01:00 [INF] Executing endpoint 'GalleryNote.Controllers.NoteController.Update (GalleryNote)'
2024-12-01 22:07:09.351 +01:00 [INF] Route matched with {action = "Update", controller = "Note", page = "", area = ""}. Executing controller action with signature System.Threading.Tasks.Task`1[Microsoft.AspNetCore.Mvc.IActionResult] Update(GalleryNote.Models.Note) on controller GalleryNote.Controllers.NoteController (GalleryNote).
2024-12-01 22:07:09.378 +01:00 [INF] Executing RedirectResult, redirecting to /Note/Grid.
2024-12-01 22:07:09.378 +01:00 [INF] Executed action GalleryNote.Controllers.NoteController.Update (GalleryNote) in 26.3138ms
2024-12-01 22:07:09.378 +01:00 [INF] Executed endpoint 'GalleryNote.Controllers.NoteController.Update (GalleryNote)'
2024-12-01 22:07:09.378 +01:00 [INF] Request finished HTTP/1.1 POST http://localhost:5272/Note/Update/9 - 302 0 null 45.1131ms
2024-12-01 22:07:09.387 +01:00 [INF] Request starting HTTP/1.1 GET http://localhost:5272/Note/Grid - null null
2024-12-01 22:07:09.390 +01:00 [INF] Executing endpoint 'GalleryNote.Controllers.NoteController.Grid (GalleryNote)'
2024-12-01 22:07:09.391 +01:00 [INF] Route matched with {action = "Grid", controller = "Note", page = "", area = ""}. Executing controller action with signature System.Threading.Tasks.Task`1[Microsoft.AspNetCore.Mvc.IActionResult] Grid() on controller GalleryNote.Controllers.NoteController (GalleryNote).
2024-12-01 22:07:09.395 +01:00 [INF] Executing ViewResult, running view Grid.
2024-12-01 22:07:09.401 +01:00 [INF] Executed ViewResult - view Grid executed in 6.445ms.
2024-12-01 22:07:09.401 +01:00 [INF] Executed action GalleryNote.Controllers.NoteController.Grid (GalleryNote) in 10.371ms
2024-12-01 22:07:09.401 +01:00 [INF] Executed endpoint 'GalleryNote.Controllers.NoteController.Grid (GalleryNote)'
2024-12-01 22:07:09.402 +01:00 [INF] Request finished HTTP/1.1 GET http://localhost:5272/Note/Grid - 200 null text/html; charset=utf-8 14.3043ms
2024-12-01 22:07:12.308 +01:00 [INF] Request starting HTTP/1.1 GET http://localhost:5272/Note/Delete/9 - null null
2024-12-01 22:07:12.311 +01:00 [INF] Executing endpoint 'GalleryNote.Controllers.NoteController.Delete (GalleryNote)'
2024-12-01 22:07:12.318 +01:00 [INF] Route matched with {action = "Delete", controller = "Note", page = "", area = ""}. Executing controller action with signature System.Threading.Tasks.Task`1[Microsoft.AspNetCore.Mvc.IActionResult] Delete(Int32) on controller GalleryNote.Controllers.NoteController (GalleryNote).
2024-12-01 22:07:12.333 +01:00 [INF] Executing ViewResult, running view Delete.
2024-12-01 22:07:12.349 +01:00 [INF] Executed ViewResult - view Delete executed in 18.7977ms.
2024-12-01 22:07:12.350 +01:00 [INF] Executed action GalleryNote.Controllers.NoteController.Delete (GalleryNote) in 31.3815ms
2024-12-01 22:07:12.350 +01:00 [INF] Executed endpoint 'GalleryNote.Controllers.NoteController.Delete (GalleryNote)'
2024-12-01 22:07:12.351 +01:00 [INF] Request finished HTTP/1.1 GET http://localhost:5272/Note/Delete/9 - 200 null text/html; charset=utf-8 43.1695ms
2024-12-01 22:07:14.088 +01:00 [INF] Request starting HTTP/1.1 POST http://localhost:5272/Note/DeleteConfirmed/9 - application/x-www-form-urlencoded 225
2024-12-01 22:07:14.091 +01:00 [INF] Executing endpoint 'GalleryNote.Controllers.NoteController.DeleteConfirmed (GalleryNote)'
2024-12-01 22:07:14.099 +01:00 [INF] Route matched with {action = "DeleteConfirmed", controller = "Note", page = "", area = ""}. Executing controller action with signature System.Threading.Tasks.Task`1[Microsoft.AspNetCore.Mvc.IActionResult] DeleteConfirmed(Int32) on controller GalleryNote.Controllers.NoteController (GalleryNote).
2024-12-01 22:07:14.113 +01:00 [INF] Executing RedirectResult, redirecting to /Note/Grid.
2024-12-01 22:07:14.114 +01:00 [INF] Executed action GalleryNote.Controllers.NoteController.DeleteConfirmed (GalleryNote) in 14.2753ms
2024-12-01 22:07:14.114 +01:00 [INF] Executed endpoint 'GalleryNote.Controllers.NoteController.DeleteConfirmed (GalleryNote)'
2024-12-01 22:07:14.114 +01:00 [INF] Request finished HTTP/1.1 POST http://localhost:5272/Note/DeleteConfirmed/9 - 302 0 null 25.9525ms
2024-12-01 22:07:14.120 +01:00 [INF] Request starting HTTP/1.1 GET http://localhost:5272/Note/Grid - null null
2024-12-01 22:07:14.123 +01:00 [INF] Executing endpoint 'GalleryNote.Controllers.NoteController.Grid (GalleryNote)'
2024-12-01 22:07:14.124 +01:00 [INF] Route matched with {action = "Grid", controller = "Note", page = "", area = ""}. Executing controller action with signature System.Threading.Tasks.Task`1[Microsoft.AspNetCore.Mvc.IActionResult] Grid() on controller GalleryNote.Controllers.NoteController (GalleryNote).
2024-12-01 22:07:14.129 +01:00 [INF] Executing ViewResult, running view Grid.
2024-12-01 22:07:14.132 +01:00 [INF] Executed ViewResult - view Grid executed in 4.5483ms.
2024-12-01 22:07:14.132 +01:00 [INF] Executed action GalleryNote.Controllers.NoteController.Grid (GalleryNote) in 8.2087ms
2024-12-01 22:07:14.133 +01:00 [INF] Executed endpoint 'GalleryNote.Controllers.NoteController.Grid (GalleryNote)'
2024-12-01 22:07:14.133 +01:00 [INF] Request finished HTTP/1.1 GET http://localhost:5272/Note/Grid - 200 null text/html; charset=utf-8 13.3348ms
2024-12-01 22:07:20.989 +01:00 [INF] Request starting HTTP/1.1 POST http://localhost:5272/Identity/Account/Logout?returnUrl=%2F - application/x-www-form-urlencoded 225
2024-12-01 22:07:20.992 +01:00 [INF] Executing endpoint '/Account/Logout'
2024-12-01 22:07:20.998 +01:00 [INF] Route matched with {page = "/Account/Logout", area = "Identity", action = "", controller = ""}. Executing page /Account/Logout
2024-12-01 22:07:20.999 +01:00 [INF] Executing handler method GalleryNote.Areas.Identity.Pages.Account.LogoutModel.OnPost - ModelState is "Valid"
2024-12-01 22:07:21.003 +01:00 [INF] AuthenticationScheme: Identity.Application signed out.
2024-12-01 22:07:21.004 +01:00 [INF] AuthenticationScheme: Identity.External signed out.
2024-12-01 22:07:21.005 +01:00 [INF] AuthenticationScheme: Identity.TwoFactorUserId signed out.
2024-12-01 22:07:21.005 +01:00 [INF] User logged out.
2024-12-01 22:07:21.005 +01:00 [INF] Executed handler method OnPost, returned result Microsoft.AspNetCore.Mvc.LocalRedirectResult.
2024-12-01 22:07:21.006 +01:00 [INF] Executing LocalRedirectResult, redirecting to /.
2024-12-01 22:07:21.007 +01:00 [INF] Executed page /Account/Logout in 8.8471ms
2024-12-01 22:07:21.007 +01:00 [INF] Executed endpoint '/Account/Logout'
2024-12-01 22:07:21.008 +01:00 [INF] Request finished HTTP/1.1 POST http://localhost:5272/Identity/Account/Logout?returnUrl=%2F - 302 0 null 18.3812ms
2024-12-01 22:07:21.015 +01:00 [INF] Request starting HTTP/1.1 GET http://localhost:5272/ - null null
2024-12-01 22:07:21.015 +01:00 [INF] Executing endpoint 'GalleryNote.Controllers.HomeController.Index (GalleryNote)'
2024-12-01 22:07:21.015 +01:00 [INF] Route matched with {action = "Index", controller = "Home", page = "", area = ""}. Executing controller action with signature Microsoft.AspNetCore.Mvc.IActionResult Index() on controller GalleryNote.Controllers.HomeController (GalleryNote).
2024-12-01 22:07:21.015 +01:00 [INF] Executing ViewResult, running view Index.
2024-12-01 22:07:21.022 +01:00 [INF] Executed ViewResult - view Index executed in 5.7965ms.
2024-12-01 22:07:21.022 +01:00 [INF] Executed action GalleryNote.Controllers.HomeController.Index (GalleryNote) in 7.1341ms
2024-12-01 22:07:21.023 +01:00 [INF] Executed endpoint 'GalleryNote.Controllers.HomeController.Index (GalleryNote)'
2024-12-01 22:07:21.024 +01:00 [INF] Request finished HTTP/1.1 GET http://localhost:5272/ - 200 null text/html; charset=utf-8 8.5743ms
2024-12-01 22:07:25.311 +01:00 [INF] Request starting HTTP/1.1 GET http://localhost:5272/Note/Grid - null null
2024-12-01 22:07:25.311 +01:00 [INF] Executing endpoint 'GalleryNote.Controllers.NoteController.Grid (GalleryNote)'
2024-12-01 22:07:25.311 +01:00 [INF] Route matched with {action = "Grid", controller = "Note", page = "", area = ""}. Executing controller action with signature System.Threading.Tasks.Task`1[Microsoft.AspNetCore.Mvc.IActionResult] Grid() on controller GalleryNote.Controllers.NoteController (GalleryNote).
2024-12-01 22:07:25.324 +01:00 [INF] Executing ViewResult, running view Grid.
2024-12-01 22:07:25.326 +01:00 [INF] Executed ViewResult - view Grid executed in 1.6115ms.
2024-12-01 22:07:25.326 +01:00 [INF] Executed action GalleryNote.Controllers.NoteController.Grid (GalleryNote) in 14.3449ms
2024-12-01 22:07:25.326 +01:00 [INF] Executed endpoint 'GalleryNote.Controllers.NoteController.Grid (GalleryNote)'
2024-12-01 22:07:25.327 +01:00 [INF] Request finished HTTP/1.1 GET http://localhost:5272/Note/Grid - 200 null text/html; charset=utf-8 16.7675ms
2024-12-01 22:07:28.543 +01:00 [INF] Request starting HTTP/1.1 GET http://localhost:5272/?active=active - null null
2024-12-01 22:07:28.543 +01:00 [INF] Executing endpoint 'GalleryNote.Controllers.HomeController.Index (GalleryNote)'
2024-12-01 22:07:28.543 +01:00 [INF] Route matched with {action = "Index", controller = "Home", page = "", area = ""}. Executing controller action with signature Microsoft.AspNetCore.Mvc.IActionResult Index() on controller GalleryNote.Controllers.HomeController (GalleryNote).
2024-12-01 22:07:28.544 +01:00 [INF] Executing ViewResult, running view Index.
2024-12-01 22:07:28.547 +01:00 [INF] Executed ViewResult - view Index executed in 3.3247ms.
2024-12-01 22:07:28.547 +01:00 [INF] Executed action GalleryNote.Controllers.HomeController.Index (GalleryNote) in 3.7061ms
2024-12-01 22:07:28.547 +01:00 [INF] Executed endpoint 'GalleryNote.Controllers.HomeController.Index (GalleryNote)'
2024-12-01 22:07:28.549 +01:00 [INF] Request finished HTTP/1.1 GET http://localhost:5272/?active=active - 200 null text/html; charset=utf-8 6.0512ms
2024-12-01 22:07:31.945 +01:00 [INF] Request starting HTTP/1.1 GET http://localhost:5272/Image/Grid - null null
2024-12-01 22:07:31.945 +01:00 [INF] Executing endpoint 'GalleryNote.Controllers.ImageController.Grid (GalleryNote)'
2024-12-01 22:07:31.946 +01:00 [INF] Route matched with {action = "Grid", controller = "Image", page = "", area = ""}. Executing controller action with signature Microsoft.AspNetCore.Mvc.IActionResult Grid() on controller GalleryNote.Controllers.ImageController (GalleryNote).
2024-12-01 22:07:31.950 +01:00 [INF] Executing ViewResult, running view Grid.
2024-12-01 22:07:31.951 +01:00 [INF] Executed ViewResult - view Grid executed in 0.9803ms.
2024-12-01 22:07:31.951 +01:00 [INF] Executed action GalleryNote.Controllers.ImageController.Grid (GalleryNote) in 5.0977ms
2024-12-01 22:07:31.951 +01:00 [INF] Executed endpoint 'GalleryNote.Controllers.ImageController.Grid (GalleryNote)'
2024-12-01 22:07:31.952 +01:00 [INF] Request finished HTTP/1.1 GET http://localhost:5272/Image/Grid - 200 null text/html; charset=utf-8 7.0688ms
2024-12-01 22:07:46.146 +01:00 [INF] Request starting HTTP/1.1 GET http://localhost:5272/Identity/Account/Login - null null
2024-12-01 22:07:46.147 +01:00 [INF] Executing endpoint '/Account/Login'
2024-12-01 22:07:46.148 +01:00 [INF] Route matched with {page = "/Account/Login", area = "Identity", action = "", controller = ""}. Executing page /Account/Login
2024-12-01 22:07:46.154 +01:00 [INF] Executing handler method GalleryNote.Areas.Identity.Pages.Account.LoginModel.OnGetAsync - ModelState is "Valid"
2024-12-01 22:07:46.155 +01:00 [INF] AuthenticationScheme: Identity.External signed out.
2024-12-01 22:07:46.155 +01:00 [INF] Executed handler method OnGetAsync, returned result .
2024-12-01 22:07:46.155 +01:00 [INF] Executing an implicit handler method - ModelState is "Valid"
2024-12-01 22:07:46.156 +01:00 [INF] Executed an implicit handler method, returned result Microsoft.AspNetCore.Mvc.RazorPages.PageResult.
2024-12-01 22:07:46.162 +01:00 [INF] Executed page /Account/Login in 14.3417ms
2024-12-01 22:07:46.163 +01:00 [INF] Executed endpoint '/Account/Login'
2024-12-01 22:07:46.163 +01:00 [INF] Request finished HTTP/1.1 GET http://localhost:5272/Identity/Account/Login - 200 null text/html; charset=utf-8 16.6475ms
2024-12-01 22:07:46.194 +01:00 [INF] Request starting HTTP/1.1 GET http://localhost:5272/lib/jquery-validation/dist/jquery.validate.min.js - null null
2024-12-01 22:07:46.194 +01:00 [INF] Request starting HTTP/1.1 GET http://localhost:5272/lib/jquery-validation-unobtrusive/jquery.validate.unobtrusive.min.js - null null
2024-12-01 22:07:46.195 +01:00 [INF] Request finished HTTP/1.1 GET http://localhost:5272/lib/jquery-validation/dist/jquery.validate.min.js - 404 0 null 0.7158ms
2024-12-01 22:07:46.195 +01:00 [INF] Request reached the end of the middleware pipeline without being handled by application code. Request path: GET http://localhost:5272/lib/jquery-validation/dist/jquery.validate.min.js, Response status code: 404
2024-12-01 22:07:46.195 +01:00 [INF] Request finished HTTP/1.1 GET http://localhost:5272/lib/jquery-validation-unobtrusive/jquery.validate.unobtrusive.min.js - 404 0 null 1.1356ms
2024-12-01 22:07:46.196 +01:00 [INF] Request reached the end of the middleware pipeline without being handled by application code. Request path: GET http://localhost:5272/lib/jquery-validation-unobtrusive/jquery.validate.unobtrusive.min.js, Response status code: 404
2024-12-01 22:07:50.553 +01:00 [INF] Request starting HTTP/1.1 GET http://localhost:5272/Identity/Account/Register - null null
2024-12-01 22:07:50.554 +01:00 [INF] Executing endpoint '/Account/Register'
2024-12-01 22:07:50.554 +01:00 [INF] Route matched with {page = "/Account/Register", area = "Identity", action = "", controller = ""}. Executing page /Account/Register
2024-12-01 22:07:50.559 +01:00 [INF] Executing handler method GalleryNote.Areas.Identity.Pages.Account.RegisterModel.OnGetAsync - ModelState is "Valid"
2024-12-01 22:07:50.559 +01:00 [INF] Executed handler method OnGetAsync, returned result .
2024-12-01 22:07:50.559 +01:00 [INF] Executing an implicit handler method - ModelState is "Valid"
2024-12-01 22:07:50.559 +01:00 [INF] Executed an implicit handler method, returned result Microsoft.AspNetCore.Mvc.RazorPages.PageResult.
2024-12-01 22:07:50.563 +01:00 [INF] Executed page /Account/Register in 8.8131ms
2024-12-01 22:07:50.563 +01:00 [INF] Executed endpoint '/Account/Register'
2024-12-01 22:07:50.563 +01:00 [INF] Request finished HTTP/1.1 GET http://localhost:5272/Identity/Account/Register - 200 null text/html; charset=utf-8 10.0823ms
2024-12-01 22:07:50.600 +01:00 [INF] Request starting HTTP/1.1 GET http://localhost:5272/lib/jquery-validation/dist/jquery.validate.min.js - null null
2024-12-01 22:07:50.601 +01:00 [INF] Request finished HTTP/1.1 GET http://localhost:5272/lib/jquery-validation/dist/jquery.validate.min.js - 404 0 null 1.077ms
2024-12-01 22:07:50.601 +01:00 [INF] Request reached the end of the middleware pipeline without being handled by application code. Request path: GET http://localhost:5272/lib/jquery-validation/dist/jquery.validate.min.js, Response status code: 404
2024-12-01 22:07:50.611 +01:00 [INF] Request starting HTTP/1.1 GET http://localhost:5272/lib/jquery-validation-unobtrusive/jquery.validate.unobtrusive.min.js - null null
2024-12-01 22:07:50.612 +01:00 [INF] Request finished HTTP/1.1 GET http://localhost:5272/lib/jquery-validation-unobtrusive/jquery.validate.unobtrusive.min.js - 404 0 null 0.9081ms
2024-12-01 22:07:50.612 +01:00 [INF] Request reached the end of the middleware pipeline without being handled by application code. Request path: GET http://localhost:5272/lib/jquery-validation-unobtrusive/jquery.validate.unobtrusive.min.js, Response status code: 404
2024-12-01 22:07:54.445 +01:00 [INF] Request starting HTTP/1.1 GET http://localhost:5272/Identity/Account/Login - null null
2024-12-01 22:07:54.445 +01:00 [INF] Executing endpoint '/Account/Login'
2024-12-01 22:07:54.446 +01:00 [INF] Route matched with {page = "/Account/Login", area = "Identity", action = "", controller = ""}. Executing page /Account/Login
2024-12-01 22:07:54.449 +01:00 [INF] Executing handler method GalleryNote.Areas.Identity.Pages.Account.LoginModel.OnGetAsync - ModelState is "Valid"
2024-12-01 22:07:54.449 +01:00 [INF] AuthenticationScheme: Identity.External signed out.
2024-12-01 22:07:54.450 +01:00 [INF] Executed handler method OnGetAsync, returned result .
2024-12-01 22:07:54.450 +01:00 [INF] Executing an implicit handler method - ModelState is "Valid"
2024-12-01 22:07:54.450 +01:00 [INF] Executed an implicit handler method, returned result Microsoft.AspNetCore.Mvc.RazorPages.PageResult.
2024-12-01 22:07:54.454 +01:00 [INF] Executed page /Account/Login in 7.6153ms
2024-12-01 22:07:54.455 +01:00 [INF] Executed endpoint '/Account/Login'
2024-12-01 22:07:54.455 +01:00 [INF] Request finished HTTP/1.1 GET http://localhost:5272/Identity/Account/Login - 200 null text/html; charset=utf-8 10.7393ms
2024-12-01 22:07:54.492 +01:00 [INF] Request starting HTTP/1.1 GET http://localhost:5272/lib/jquery-validation/dist/jquery.validate.min.js - null null
2024-12-01 22:07:54.493 +01:00 [INF] Request finished HTTP/1.1 GET http://localhost:5272/lib/jquery-validation/dist/jquery.validate.min.js - 404 0 null 1.1202ms
2024-12-01 22:07:54.493 +01:00 [INF] Request reached the end of the middleware pipeline without being handled by application code. Request path: GET http://localhost:5272/lib/jquery-validation/dist/jquery.validate.min.js, Response status code: 404
2024-12-01 22:07:54.500 +01:00 [INF] Request starting HTTP/1.1 GET http://localhost:5272/lib/jquery-validation-unobtrusive/jquery.validate.unobtrusive.min.js - null null
2024-12-01 22:07:54.503 +01:00 [INF] Request finished HTTP/1.1 GET http://localhost:5272/lib/jquery-validation-unobtrusive/jquery.validate.unobtrusive.min.js - 404 0 null 3.116ms
2024-12-01 22:07:54.504 +01:00 [INF] Request reached the end of the middleware pipeline without being handled by application code. Request path: GET http://localhost:5272/lib/jquery-validation-unobtrusive/jquery.validate.unobtrusive.min.js, Response status code: 404
2024-12-01 22:08:11.968 +01:00 [INF] Request starting HTTP/1.1 GET http://localhost:5272/ - null null
2024-12-01 22:08:11.968 +01:00 [INF] Executing endpoint 'GalleryNote.Controllers.HomeController.Index (GalleryNote)'
2024-12-01 22:08:11.968 +01:00 [INF] Route matched with {action = "Index", controller = "Home", page = "", area = ""}. Executing controller action with signature Microsoft.AspNetCore.Mvc.IActionResult Index() on controller GalleryNote.Controllers.HomeController (GalleryNote).
2024-12-01 22:08:11.968 +01:00 [INF] Executing ViewResult, running view Index.
2024-12-01 22:08:11.970 +01:00 [INF] Executed ViewResult - view Index executed in 2.0852ms.
2024-12-01 22:08:11.970 +01:00 [INF] Executed action GalleryNote.Controllers.HomeController.Index (GalleryNote) in 2.3386ms
2024-12-01 22:08:11.970 +01:00 [INF] Executed endpoint 'GalleryNote.Controllers.HomeController.Index (GalleryNote)'
2024-12-01 22:08:11.971 +01:00 [INF] Request finished HTTP/1.1 GET http://localhost:5272/ - 200 null text/html; charset=utf-8 3.0922ms
2024-12-01 22:08:14.522 +01:00 [INF] Request starting HTTP/1.1 GET http://localhost:5272/Image/Grid?active=active - null null
2024-12-01 22:08:14.523 +01:00 [INF] Executing endpoint 'GalleryNote.Controllers.ImageController.Grid (GalleryNote)'
2024-12-01 22:08:14.523 +01:00 [INF] Route matched with {action = "Grid", controller = "Image", page = "", area = ""}. Executing controller action with signature Microsoft.AspNetCore.Mvc.IActionResult Grid() on controller GalleryNote.Controllers.ImageController (GalleryNote).
2024-12-01 22:08:14.528 +01:00 [INF] Executing ViewResult, running view Grid.
2024-12-01 22:08:14.529 +01:00 [INF] Executed ViewResult - view Grid executed in 1.5023ms.
2024-12-01 22:08:14.530 +01:00 [INF] Executed action GalleryNote.Controllers.ImageController.Grid (GalleryNote) in 6.5563ms
2024-12-01 22:08:14.530 +01:00 [INF] Executed endpoint 'GalleryNote.Controllers.ImageController.Grid (GalleryNote)'
2024-12-01 22:08:14.530 +01:00 [INF] Request finished HTTP/1.1 GET http://localhost:5272/Image/Grid?active=active - 200 null text/html; charset=utf-8 7.7099ms
2024-12-01 22:08:16.954 +01:00 [INF] Request starting HTTP/1.1 GET http://localhost:5272/Image/Details/1 - null null
2024-12-01 22:08:16.955 +01:00 [INF] Executing endpoint 'GalleryNote.Controllers.ImageController.Details (GalleryNote)'
2024-12-01 22:08:16.962 +01:00 [INF] Route matched with {action = "Details", controller = "Image", page = "", area = ""}. Executing controller action with signature Microsoft.AspNetCore.Mvc.IActionResult Details(Int32) on controller GalleryNote.Controllers.ImageController (GalleryNote).
2024-12-01 22:08:16.978 +01:00 [INF] Executing ViewResult, running view Details.
2024-12-01 22:08:16.999 +01:00 [INF] Executed ViewResult - view Details executed in 24.2271ms.
2024-12-01 22:08:16.999 +01:00 [INF] Executed action GalleryNote.Controllers.ImageController.Details (GalleryNote) in 36.6369ms
2024-12-01 22:08:16.999 +01:00 [INF] Executed endpoint 'GalleryNote.Controllers.ImageController.Details (GalleryNote)'
2024-12-01 22:08:17.000 +01:00 [INF] Request finished HTTP/1.1 GET http://localhost:5272/Image/Details/1 - 200 null text/html; charset=utf-8 46.0438ms
2024-12-01 22:08:28.827 +01:00 [INF] Request starting HTTP/1.1 GET http://localhost:5272/Note/Grid?active=active - null null
2024-12-01 22:08:28.828 +01:00 [INF] Executing endpoint 'GalleryNote.Controllers.NoteController.Grid (GalleryNote)'
2024-12-01 22:08:28.828 +01:00 [INF] Route matched with {action = "Grid", controller = "Note", page = "", area = ""}. Executing controller action with signature System.Threading.Tasks.Task`1[Microsoft.AspNetCore.Mvc.IActionResult] Grid() on controller GalleryNote.Controllers.NoteController (GalleryNote).
2024-12-01 22:08:28.835 +01:00 [INF] Executing ViewResult, running view Grid.
2024-12-01 22:08:28.837 +01:00 [INF] Executed ViewResult - view Grid executed in 1.317ms.
2024-12-01 22:08:28.837 +01:00 [INF] Executed action GalleryNote.Controllers.NoteController.Grid (GalleryNote) in 8.3116ms
2024-12-01 22:08:28.837 +01:00 [INF] Executed endpoint 'GalleryNote.Controllers.NoteController.Grid (GalleryNote)'
2024-12-01 22:08:28.837 +01:00 [INF] Request finished HTTP/1.1 GET http://localhost:5272/Note/Grid?active=active - 200 null text/html; charset=utf-8 10.1742ms
2024-12-01 22:08:29.859 +01:00 [INF] Request starting HTTP/1.1 GET http://localhost:5272/Note/Details/2 - null null
2024-12-01 22:08:29.860 +01:00 [INF] Executing endpoint 'GalleryNote.Controllers.NoteController.Details (GalleryNote)'
2024-12-01 22:08:29.868 +01:00 [INF] Route matched with {action = "Details", controller = "Note", page = "", area = ""}. Executing controller action with signature System.Threading.Tasks.Task`1[Microsoft.AspNetCore.Mvc.IActionResult] Details(Int32) on controller GalleryNote.Controllers.NoteController (GalleryNote).
2024-12-01 22:08:29.879 +01:00 [INF] Executing ViewResult, running view Details.
2024-12-01 22:08:29.893 +01:00 [INF] Executed ViewResult - view Details executed in 16.3353ms.
2024-12-01 22:08:29.893 +01:00 [INF] Executed action GalleryNote.Controllers.NoteController.Details (GalleryNote) in 24.9022ms
2024-12-01 22:08:29.893 +01:00 [INF] Executed endpoint 'GalleryNote.Controllers.NoteController.Details (GalleryNote)'
2024-12-01 22:08:29.894 +01:00 [INF] Request finished HTTP/1.1 GET http://localhost:5272/Note/Details/2 - 200 null text/html; charset=utf-8 34.8004ms
2024-12-01 22:08:49.265 +01:00 [INF] Request starting HTTP/1.1 GET http://localhost:5272/Identity/Account/Register - null null
2024-12-01 22:08:49.265 +01:00 [INF] Executing endpoint '/Account/Register'
2024-12-01 22:08:49.265 +01:00 [INF] Route matched with {page = "/Account/Register", area = "Identity", action = "", controller = ""}. Executing page /Account/Register
2024-12-01 22:08:49.267 +01:00 [INF] Executing handler method GalleryNote.Areas.Identity.Pages.Account.RegisterModel.OnGetAsync - ModelState is "Valid"
2024-12-01 22:08:49.268 +01:00 [INF] Executed handler method OnGetAsync, returned result .
2024-12-01 22:08:49.268 +01:00 [INF] Executing an implicit handler method - ModelState is "Valid"
2024-12-01 22:08:49.268 +01:00 [INF] Executed an implicit handler method, returned result Microsoft.AspNetCore.Mvc.RazorPages.PageResult.
2024-12-01 22:08:49.273 +01:00 [INF] Executed page /Account/Register in 7.4354ms
2024-12-01 22:08:49.274 +01:00 [INF] Executed endpoint '/Account/Register'
2024-12-01 22:08:49.275 +01:00 [INF] Request finished HTTP/1.1 GET http://localhost:5272/Identity/Account/Register - 200 null text/html; charset=utf-8 9.8251ms
2024-12-01 22:08:49.304 +01:00 [INF] Request starting HTTP/1.1 GET http://localhost:5272/lib/jquery-validation/dist/jquery.validate.min.js - null null
2024-12-01 22:08:49.305 +01:00 [INF] Request finished HTTP/1.1 GET http://localhost:5272/lib/jquery-validation/dist/jquery.validate.min.js - 404 0 null 0.7545ms
2024-12-01 22:08:49.306 +01:00 [INF] Request reached the end of the middleware pipeline without being handled by application code. Request path: GET http://localhost:5272/lib/jquery-validation/dist/jquery.validate.min.js, Response status code: 404
2024-12-01 22:08:49.317 +01:00 [INF] Request starting HTTP/1.1 GET http://localhost:5272/lib/jquery-validation-unobtrusive/jquery.validate.unobtrusive.min.js - null null
2024-12-01 22:08:49.318 +01:00 [INF] Request finished HTTP/1.1 GET http://localhost:5272/lib/jquery-validation-unobtrusive/jquery.validate.unobtrusive.min.js - 404 0 null 1.0729ms
2024-12-01 22:08:49.319 +01:00 [INF] Request reached the end of the middleware pipeline without being handled by application code. Request path: GET http://localhost:5272/lib/jquery-validation-unobtrusive/jquery.validate.unobtrusive.min.js, Response status code: 404
2024-12-01 22:08:50.953 +01:00 [INF] Request starting HTTP/1.1 GET http://localhost:5272/Home/Upload?active=active - null null
2024-12-01 22:08:50.954 +01:00 [INF] Authorization failed. These requirements were not met:
DenyAnonymousAuthorizationRequirement: Requires an authenticated user.
2024-12-01 22:08:50.954 +01:00 [INF] AuthenticationScheme: Identity.Application was challenged.
2024-12-01 22:08:50.954 +01:00 [INF] Request finished HTTP/1.1 GET http://localhost:5272/Home/Upload?active=active - 302 0 null 1.0258ms
2024-12-01 22:08:50.964 +01:00 [INF] Request starting HTTP/1.1 GET http://localhost:5272/Identity/Account/Login?ReturnUrl=%2FHome%2FUpload%3Factive%3Dactive - null null
2024-12-01 22:08:50.964 +01:00 [INF] Executing endpoint '/Account/Login'
2024-12-01 22:08:50.965 +01:00 [INF] Route matched with {page = "/Account/Login", area = "Identity", action = "", controller = ""}. Executing page /Account/Login
2024-12-01 22:08:50.968 +01:00 [INF] Executing handler method GalleryNote.Areas.Identity.Pages.Account.LoginModel.OnGetAsync - ModelState is "Valid"
2024-12-01 22:08:50.968 +01:00 [INF] AuthenticationScheme: Identity.External signed out.
2024-12-01 22:08:50.968 +01:00 [INF] Executed handler method OnGetAsync, returned result .
2024-12-01 22:08:50.968 +01:00 [INF] Executing an implicit handler method - ModelState is "Valid"
2024-12-01 22:08:50.969 +01:00 [INF] Executed an implicit handler method, returned result Microsoft.AspNetCore.Mvc.RazorPages.PageResult.
2024-12-01 22:08:50.973 +01:00 [INF] Executed page /Account/Login in 8.4541ms
2024-12-01 22:08:50.974 +01:00 [INF] Executed endpoint '/Account/Login'
2024-12-01 22:08:50.974 +01:00 [INF] Request finished HTTP/1.1 GET http://localhost:5272/Identity/Account/Login?ReturnUrl=%2FHome%2FUpload%3Factive%3Dactive - 200 null text/html; charset=utf-8 10.0325ms
2024-12-01 22:08:51.007 +01:00 [INF] Request starting HTTP/1.1 GET http://localhost:5272/lib/jquery-validation/dist/jquery.validate.min.js - null null
2024-12-01 22:08:51.008 +01:00 [INF] Request finished HTTP/1.1 GET http://localhost:5272/lib/jquery-validation/dist/jquery.validate.min.js - 404 0 null 1.091ms
2024-12-01 22:08:51.008 +01:00 [INF] Request reached the end of the middleware pipeline without being handled by application code. Request path: GET http://localhost:5272/lib/jquery-validation/dist/jquery.validate.min.js, Response status code: 404
2024-12-01 22:08:51.017 +01:00 [INF] Request starting HTTP/1.1 GET http://localhost:5272/lib/jquery-validation-unobtrusive/jquery.validate.unobtrusive.min.js - null null
2024-12-01 22:08:51.018 +01:00 [INF] Request finished HTTP/1.1 GET http://localhost:5272/lib/jquery-validation-unobtrusive/jquery.validate.unobtrusive.min.js - 404 0 null 0.7676ms
2024-12-01 22:08:51.018 +01:00 [INF] Request reached the end of the middleware pipeline without being handled by application code. Request path: GET http://localhost:5272/lib/jquery-validation-unobtrusive/jquery.validate.unobtrusive.min.js, Response status code: 404
2024-12-01 22:08:51.910 +01:00 [INF] Request starting HTTP/1.1 GET http://localhost:5272/Note/Grid?active=active - null null
2024-12-01 22:08:51.911 +01:00 [INF] Executing endpoint 'GalleryNote.Controllers.NoteController.Grid (GalleryNote)'
2024-12-01 22:08:51.911 +01:00 [INF] Route matched with {action = "Grid", controller = "Note", page = "", area = ""}. Executing controller action with signature System.Threading.Tasks.Task`1[Microsoft.AspNetCore.Mvc.IActionResult] Grid() on controller GalleryNote.Controllers.NoteController (GalleryNote).
2024-12-01 22:08:51.916 +01:00 [INF] Executing ViewResult, running view Grid.
2024-12-01 22:08:51.917 +01:00 [INF] Executed ViewResult - view Grid executed in 1.3055ms.
2024-12-01 22:08:51.918 +01:00 [INF] Executed action GalleryNote.Controllers.NoteController.Grid (GalleryNote) in 5.9469ms
2024-12-01 22:08:51.918 +01:00 [INF] Executed endpoint 'GalleryNote.Controllers.NoteController.Grid (GalleryNote)'
2024-12-01 22:08:51.918 +01:00 [INF] Request finished HTTP/1.1 GET http://localhost:5272/Note/Grid?active=active - 200 null text/html; charset=utf-8 8.0797ms
2024-12-01 22:08:55.712 +01:00 [INF] Request starting HTTP/1.1 GET http://localhost:5272/Image/Grid?active=active - null null
2024-12-01 22:08:55.712 +01:00 [INF] Executing endpoint 'GalleryNote.Controllers.ImageController.Grid (GalleryNote)'
2024-12-01 22:08:55.713 +01:00 [INF] Route matched with {action = "Grid", controller = "Image", page = "", area = ""}. Executing controller action with signature Microsoft.AspNetCore.Mvc.IActionResult Grid() on controller GalleryNote.Controllers.ImageController (GalleryNote).
2024-12-01 22:08:55.717 +01:00 [INF] Executing ViewResult, running view Grid.
2024-12-01 22:08:55.718 +01:00 [INF] Executed ViewResult - view Grid executed in 1.2191ms.
2024-12-01 22:08:55.718 +01:00 [INF] Executed action GalleryNote.Controllers.ImageController.Grid (GalleryNote) in 5.3254ms
2024-12-01 22:08:55.718 +01:00 [INF] Executed endpoint 'GalleryNote.Controllers.ImageController.Grid (GalleryNote)'
2024-12-01 22:08:55.719 +01:00 [INF] Request finished HTTP/1.1 GET http://localhost:5272/Image/Grid?active=active - 200 null text/html; charset=utf-8 6.8273ms
2024-12-01 22:09:02.381 +01:00 [INF] Request starting HTTP/1.1 GET http://localhost:5272/?active=active - null null
2024-12-01 22:09:02.382 +01:00 [INF] Executing endpoint 'GalleryNote.Controllers.HomeController.Index (GalleryNote)'
2024-12-01 22:09:02.382 +01:00 [INF] Route matched with {action = "Index", controller = "Home", page = "", area = ""}. Executing controller action with signature Microsoft.AspNetCore.Mvc.IActionResult Index() on controller GalleryNote.Controllers.HomeController (GalleryNote).
2024-12-01 22:09:02.382 +01:00 [INF] Executing ViewResult, running view Index.
2024-12-01 22:09:02.384 +01:00 [INF] Executed ViewResult - view Index executed in 2.1017ms.
2024-12-01 22:09:02.384 +01:00 [INF] Executed action GalleryNote.Controllers.HomeController.Index (GalleryNote) in 2.4432ms
2024-12-01 22:09:02.384 +01:00 [INF] Executed endpoint 'GalleryNote.Controllers.HomeController.Index (GalleryNote)'
2024-12-01 22:09:02.385 +01:00 [INF] Request finished HTTP/1.1 GET http://localhost:5272/?active=active - 200 null text/html; charset=utf-8 3.5311ms
2024-12-01 22:09:14.054 +01:00 [INF] Application is shutting down...
