2024-12-01 13:41:09.361 +01:00 [INF] User profile is available. Using 'C:\Users\birko\AppData\Local\ASP.NET\DataProtection-Keys' as key repository and Windows DPAPI to encrypt keys at rest.
2024-12-01 13:41:09.742 +01:00 [INF] Now listening on: http://localhost:5272
2024-12-01 13:41:09.751 +01:00 [INF] Application started. Press Ctrl+C to shut down.
2024-12-01 13:41:09.752 +01:00 [INF] Hosting environment: Development
2024-12-01 13:41:09.753 +01:00 [INF] Content root path: C:\Users\birko\OneDrive - OsloMet\ITPE 3200 - Webapplikasjoner\eksamen\GalleryNote
2024-12-01 13:41:10.356 +01:00 [INF] Request starting HTTP/1.1 GET http://localhost:5272/ - null null
2024-12-01 13:41:10.608 +01:00 [INF] Executing endpoint 'GalleryNote.Controllers.HomeController.Index (GalleryNote)'
2024-12-01 13:41:10.653 +01:00 [INF] Route matched with {action = "Index", controller = "Home", page = "", area = ""}. Executing controller action with signature Microsoft.AspNetCore.Mvc.IActionResult Index() on controller GalleryNote.Controllers.HomeController (GalleryNote).
2024-12-01 13:41:10.675 +01:00 [INF] Executing ViewResult, running view Index.
2024-12-01 13:41:10.866 +01:00 [INF] Executed ViewResult - view Index executed in 199.8926ms.
2024-12-01 13:41:10.871 +01:00 [INF] Executed action GalleryNote.Controllers.HomeController.Index (GalleryNote) in 216.0228ms
2024-12-01 13:41:10.871 +01:00 [INF] Executed endpoint 'GalleryNote.Controllers.HomeController.Index (GalleryNote)'
2024-12-01 13:41:10.895 +01:00 [INF] Request finished HTTP/1.1 GET http://localhost:5272/ - 200 null text/html; charset=utf-8 543.2853ms
2024-12-01 13:41:10.964 +01:00 [INF] Request starting HTTP/1.1 GET http://localhost:5272/_framework/aspnetcore-browser-refresh.js - null null
2024-12-01 13:41:10.973 +01:00 [INF] Request finished HTTP/1.1 GET http://localhost:5272/_framework/aspnetcore-browser-refresh.js - 200 13732 application/javascript; charset=utf-8 8.5888ms
2024-12-01 13:41:15.471 +01:00 [INF] Request starting HTTP/1.1 GET http://localhost:5272/Note/Grid?active=active - null null
2024-12-01 13:41:15.641 +01:00 [INF] Executing endpoint 'GalleryNote.Controllers.NoteController.Grid (GalleryNote)'
2024-12-01 13:41:15.659 +01:00 [INF] Route matched with {action = "Grid", controller = "Note", page = "", area = ""}. Executing controller action with signature System.Threading.Tasks.Task`1[Microsoft.AspNetCore.Mvc.IActionResult] Grid() on controller GalleryNote.Controllers.NoteController (GalleryNote).
2024-12-01 13:41:16.073 +01:00 [INF] Executing ViewResult, running view Grid.
2024-12-01 13:41:16.109 +01:00 [INF] Executed ViewResult - view Grid executed in 38.2635ms.
2024-12-01 13:41:16.110 +01:00 [INF] Executed action GalleryNote.Controllers.NoteController.Grid (GalleryNote) in 450.9081ms
2024-12-01 13:41:16.110 +01:00 [INF] Executed endpoint 'GalleryNote.Controllers.NoteController.Grid (GalleryNote)'
2024-12-01 13:41:16.131 +01:00 [INF] Request finished HTTP/1.1 GET http://localhost:5272/Note/Grid?active=active - 200 null text/html; charset=utf-8 659.0209ms
2024-12-01 13:41:16.141 +01:00 [INF] Request starting HTTP/1.1 GET http://localhost:5272/_framework/aspnetcore-browser-refresh.js - null null
2024-12-01 13:41:16.143 +01:00 [INF] Request finished HTTP/1.1 GET http://localhost:5272/_framework/aspnetcore-browser-refresh.js - 200 13732 application/javascript; charset=utf-8 1.8602ms
2024-12-01 13:42:37.327 +01:00 [INF] Request starting HTTP/1.1 GET http://localhost:5272/Note/Grid?active=active - null null
2024-12-01 13:42:37.366 +01:00 [INF] Executing endpoint 'GalleryNote.Controllers.NoteController.Grid (GalleryNote)'
2024-12-01 13:42:37.366 +01:00 [INF] Route matched with {action = "Grid", controller = "Note", page = "", area = ""}. Executing controller action with signature System.Threading.Tasks.Task`1[Microsoft.AspNetCore.Mvc.IActionResult] Grid() on controller GalleryNote.Controllers.NoteController (GalleryNote).
2024-12-01 13:42:37.374 +01:00 [INF] Executing ViewResult, running view Grid.
2024-12-01 13:42:37.379 +01:00 [INF] Executed ViewResult - view Grid executed in 4.925ms.
2024-12-01 13:42:37.379 +01:00 [INF] Executed action GalleryNote.Controllers.NoteController.Grid (GalleryNote) in 12.7807ms
2024-12-01 13:42:37.379 +01:00 [INF] Executed endpoint 'GalleryNote.Controllers.NoteController.Grid (GalleryNote)'
2024-12-01 13:42:37.380 +01:00 [INF] Request finished HTTP/1.1 GET http://localhost:5272/Note/Grid?active=active - 200 null text/html; charset=utf-8 52.9492ms
2024-12-01 13:42:37.407 +01:00 [INF] Request starting HTTP/1.1 GET http://localhost:5272/_framework/aspnetcore-browser-refresh.js - null null
2024-12-01 13:42:37.408 +01:00 [INF] Request finished HTTP/1.1 GET http://localhost:5272/_framework/aspnetcore-browser-refresh.js - 200 13732 application/javascript; charset=utf-8 0.6871ms
2024-12-01 13:44:56.582 +01:00 [INF] Request starting HTTP/1.1 GET http://localhost:5272/Note/Grid?active=active - null null
2024-12-01 13:44:56.586 +01:00 [INF] Executing endpoint 'GalleryNote.Controllers.NoteController.Grid (GalleryNote)'
2024-12-01 13:44:56.598 +01:00 [INF] Route matched with {action = "Grid", controller = "Note", page = "", area = ""}. Executing controller action with signature System.Threading.Tasks.Task`1[Microsoft.AspNetCore.Mvc.IActionResult] Grid() on controller GalleryNote.Controllers.NoteController (GalleryNote).
2024-12-01 13:44:56.606 +01:00 [INF] Executing ViewResult, running view Grid.
2024-12-01 13:44:56.633 +01:00 [INF] Executed ViewResult - view Grid executed in 32.7568ms.
2024-12-01 13:44:56.634 +01:00 [INF] Executed action GalleryNote.Controllers.NoteController.Grid (GalleryNote) in 35.611ms
2024-12-01 13:44:56.634 +01:00 [INF] Executed endpoint 'GalleryNote.Controllers.NoteController.Grid (GalleryNote)'
2024-12-01 13:44:56.634 +01:00 [INF] Request finished HTTP/1.1 GET http://localhost:5272/Note/Grid?active=active - 200 null text/html; charset=utf-8 52.5323ms
2024-12-01 13:44:56.656 +01:00 [INF] Request starting HTTP/1.1 GET http://localhost:5272/_framework/aspnetcore-browser-refresh.js - null null
2024-12-01 13:44:56.658 +01:00 [INF] Request finished HTTP/1.1 GET http://localhost:5272/_framework/aspnetcore-browser-refresh.js - 200 13732 application/javascript; charset=utf-8 0.9864ms
2024-12-01 13:45:06.652 +01:00 [INF] Request starting HTTP/1.1 GET http://localhost:5272/Image/Grid?active=active - null null
2024-12-01 13:45:06.659 +01:00 [INF] Executing endpoint 'GalleryNote.Controllers.ImageController.Grid (GalleryNote)'
2024-12-01 13:45:06.663 +01:00 [INF] Route matched with {action = "Grid", controller = "Image", page = "", area = ""}. Executing controller action with signature Microsoft.AspNetCore.Mvc.IActionResult Grid() on controller GalleryNote.Controllers.ImageController (GalleryNote).
2024-12-01 13:45:06.722 +01:00 [INF] Executing ViewResult, running view Grid.
2024-12-01 13:45:06.757 +01:00 [INF] Executed ViewResult - view Grid executed in 37.2987ms.
2024-12-01 13:45:06.757 +01:00 [INF] Executed action GalleryNote.Controllers.ImageController.Grid (GalleryNote) in 94.1062ms
2024-12-01 13:45:06.757 +01:00 [INF] Executed endpoint 'GalleryNote.Controllers.ImageController.Grid (GalleryNote)'
2024-12-01 13:45:06.761 +01:00 [INF] Request finished HTTP/1.1 GET http://localhost:5272/Image/Grid?active=active - 200 null text/html; charset=utf-8 109.0713ms
2024-12-01 13:45:06.807 +01:00 [INF] Request starting HTTP/1.1 GET http://localhost:5272/_framework/aspnetcore-browser-refresh.js - null null
2024-12-01 13:45:06.808 +01:00 [INF] Request finished HTTP/1.1 GET http://localhost:5272/_framework/aspnetcore-browser-refresh.js - 200 13732 application/javascript; charset=utf-8 0.6384ms
2024-12-01 13:45:09.315 +01:00 [INF] Request starting HTTP/1.1 GET http://localhost:5272/Note/Grid?active=active - null null
2024-12-01 13:45:09.322 +01:00 [INF] Executing endpoint 'GalleryNote.Controllers.NoteController.Grid (GalleryNote)'
2024-12-01 13:45:09.322 +01:00 [INF] Route matched with {action = "Grid", controller = "Note", page = "", area = ""}. Executing controller action with signature System.Threading.Tasks.Task`1[Microsoft.AspNetCore.Mvc.IActionResult] Grid() on controller GalleryNote.Controllers.NoteController (GalleryNote).
2024-12-01 13:45:09.325 +01:00 [INF] Executing ViewResult, running view Grid.
2024-12-01 13:45:09.327 +01:00 [INF] Executed ViewResult - view Grid executed in 1.6293ms.
2024-12-01 13:45:09.327 +01:00 [INF] Executed action GalleryNote.Controllers.NoteController.Grid (GalleryNote) in 4.3705ms
2024-12-01 13:45:09.327 +01:00 [INF] Executed endpoint 'GalleryNote.Controllers.NoteController.Grid (GalleryNote)'
2024-12-01 13:45:09.328 +01:00 [INF] Request finished HTTP/1.1 GET http://localhost:5272/Note/Grid?active=active - 200 null text/html; charset=utf-8 13.039ms
2024-12-01 13:45:09.354 +01:00 [INF] Request starting HTTP/1.1 GET http://localhost:5272/_framework/aspnetcore-browser-refresh.js - null null
2024-12-01 13:45:09.354 +01:00 [INF] Request finished HTTP/1.1 GET http://localhost:5272/_framework/aspnetcore-browser-refresh.js - 200 13732 application/javascript; charset=utf-8 0.6593ms
2024-12-01 13:45:11.017 +01:00 [INF] Request starting HTTP/1.1 GET http://localhost:5272/Image/Grid?active=active - null null
2024-12-01 13:45:11.031 +01:00 [INF] Executing endpoint 'GalleryNote.Controllers.ImageController.Grid (GalleryNote)'
2024-12-01 13:45:11.032 +01:00 [INF] Route matched with {action = "Grid", controller = "Image", page = "", area = ""}. Executing controller action with signature Microsoft.AspNetCore.Mvc.IActionResult Grid() on controller GalleryNote.Controllers.ImageController (GalleryNote).
2024-12-01 13:45:11.040 +01:00 [INF] Executing ViewResult, running view Grid.
2024-12-01 13:45:11.044 +01:00 [INF] Executed ViewResult - view Grid executed in 4.9376ms.
2024-12-01 13:45:11.045 +01:00 [INF] Executed action GalleryNote.Controllers.ImageController.Grid (GalleryNote) in 12.0705ms
2024-12-01 13:45:11.045 +01:00 [INF] Executed endpoint 'GalleryNote.Controllers.ImageController.Grid (GalleryNote)'
2024-12-01 13:45:11.045 +01:00 [INF] Request finished HTTP/1.1 GET http://localhost:5272/Image/Grid?active=active - 200 null text/html; charset=utf-8 28.7226ms
2024-12-01 13:45:11.085 +01:00 [INF] Request starting HTTP/1.1 GET http://localhost:5272/_framework/aspnetcore-browser-refresh.js - null null
2024-12-01 13:45:11.086 +01:00 [INF] Request finished HTTP/1.1 GET http://localhost:5272/_framework/aspnetcore-browser-refresh.js - 200 13732 application/javascript; charset=utf-8 1.3726ms
2024-12-01 13:45:13.951 +01:00 [INF] Request starting HTTP/1.1 GET http://localhost:5272/Note/Grid?active=active - null null
2024-12-01 13:45:13.956 +01:00 [INF] Executing endpoint 'GalleryNote.Controllers.NoteController.Grid (GalleryNote)'
2024-12-01 13:45:13.956 +01:00 [INF] Route matched with {action = "Grid", controller = "Note", page = "", area = ""}. Executing controller action with signature System.Threading.Tasks.Task`1[Microsoft.AspNetCore.Mvc.IActionResult] Grid() on controller GalleryNote.Controllers.NoteController (GalleryNote).
2024-12-01 13:45:13.961 +01:00 [INF] Executing ViewResult, running view Grid.
2024-12-01 13:45:13.963 +01:00 [INF] Executed ViewResult - view Grid executed in 2.6172ms.
2024-12-01 13:45:13.964 +01:00 [INF] Executed action GalleryNote.Controllers.NoteController.Grid (GalleryNote) in 7.1148ms
2024-12-01 13:45:13.964 +01:00 [INF] Executed endpoint 'GalleryNote.Controllers.NoteController.Grid (GalleryNote)'
2024-12-01 13:45:13.964 +01:00 [INF] Request finished HTTP/1.1 GET http://localhost:5272/Note/Grid?active=active - 200 null text/html; charset=utf-8 13.0195ms
2024-12-01 13:45:13.990 +01:00 [INF] Request starting HTTP/1.1 GET http://localhost:5272/_framework/aspnetcore-browser-refresh.js - null null
2024-12-01 13:45:13.991 +01:00 [INF] Request finished HTTP/1.1 GET http://localhost:5272/_framework/aspnetcore-browser-refresh.js - 200 13732 application/javascript; charset=utf-8 0.3235ms
2024-12-01 13:45:24.648 +01:00 [INF] Request starting HTTP/1.1 GET http://localhost:5272/Note/Grid?active=active - null null
2024-12-01 13:45:24.650 +01:00 [INF] Executing endpoint 'GalleryNote.Controllers.NoteController.Grid (GalleryNote)'
2024-12-01 13:45:24.657 +01:00 [INF] Route matched with {action = "Grid", controller = "Note", page = "", area = ""}. Executing controller action with signature System.Threading.Tasks.Task`1[Microsoft.AspNetCore.Mvc.IActionResult] Grid() on controller GalleryNote.Controllers.NoteController (GalleryNote).
2024-12-01 13:45:24.664 +01:00 [INF] Executing ViewResult, running view Grid.
2024-12-01 13:45:24.684 +01:00 [INF] Executed ViewResult - view Grid executed in 24.1052ms.
2024-12-01 13:45:24.684 +01:00 [INF] Executed action GalleryNote.Controllers.NoteController.Grid (GalleryNote) in 27.43ms
2024-12-01 13:45:24.684 +01:00 [INF] Executed endpoint 'GalleryNote.Controllers.NoteController.Grid (GalleryNote)'
2024-12-01 13:45:24.685 +01:00 [INF] Request finished HTTP/1.1 GET http://localhost:5272/Note/Grid?active=active - 200 null text/html; charset=utf-8 37.2693ms
2024-12-01 13:45:24.705 +01:00 [INF] Request starting HTTP/1.1 GET http://localhost:5272/_framework/aspnetcore-browser-refresh.js - null null
2024-12-01 13:45:24.706 +01:00 [INF] Request finished HTTP/1.1 GET http://localhost:5272/_framework/aspnetcore-browser-refresh.js - 200 13732 application/javascript; charset=utf-8 0.2167ms
2024-12-01 13:45:28.468 +01:00 [INF] Request starting HTTP/1.1 GET http://localhost:5272/Note/Grid?active=active - null null
2024-12-01 13:45:28.474 +01:00 [INF] Executing endpoint 'GalleryNote.Controllers.NoteController.Grid (GalleryNote)'
2024-12-01 13:45:28.474 +01:00 [INF] Route matched with {action = "Grid", controller = "Note", page = "", area = ""}. Executing controller action with signature System.Threading.Tasks.Task`1[Microsoft.AspNetCore.Mvc.IActionResult] Grid() on controller GalleryNote.Controllers.NoteController (GalleryNote).
2024-12-01 13:45:28.477 +01:00 [INF] Executing ViewResult, running view Grid.
2024-12-01 13:45:28.479 +01:00 [INF] Executed ViewResult - view Grid executed in 1.959ms.
2024-12-01 13:45:28.479 +01:00 [INF] Executed action GalleryNote.Controllers.NoteController.Grid (GalleryNote) in 4.7471ms
2024-12-01 13:45:28.479 +01:00 [INF] Executed endpoint 'GalleryNote.Controllers.NoteController.Grid (GalleryNote)'
2024-12-01 13:45:28.480 +01:00 [INF] Request finished HTTP/1.1 GET http://localhost:5272/Note/Grid?active=active - 200 null text/html; charset=utf-8 11.1586ms
2024-12-01 13:45:28.509 +01:00 [INF] Request starting HTTP/1.1 GET http://localhost:5272/_framework/aspnetcore-browser-refresh.js - null null
2024-12-01 13:45:28.509 +01:00 [INF] Request finished HTTP/1.1 GET http://localhost:5272/_framework/aspnetcore-browser-refresh.js - 200 13732 application/javascript; charset=utf-8 0.3014ms
2024-12-01 13:45:46.713 +01:00 [INF] Request starting HTTP/1.1 GET http://localhost:5272/Note/Grid?active=active - null null
2024-12-01 13:45:46.716 +01:00 [INF] Executing endpoint 'GalleryNote.Controllers.NoteController.Grid (GalleryNote)'
2024-12-01 13:45:46.725 +01:00 [INF] Route matched with {action = "Grid", controller = "Note", page = "", area = ""}. Executing controller action with signature System.Threading.Tasks.Task`1[Microsoft.AspNetCore.Mvc.IActionResult] Grid() on controller GalleryNote.Controllers.NoteController (GalleryNote).
2024-12-01 13:45:46.731 +01:00 [INF] Executing ViewResult, running view Grid.
2024-12-01 13:45:46.754 +01:00 [INF] Executed ViewResult - view Grid executed in 27.3416ms.
2024-12-01 13:45:46.754 +01:00 [INF] Executed action GalleryNote.Controllers.NoteController.Grid (GalleryNote) in 29.4134ms
2024-12-01 13:45:46.754 +01:00 [INF] Executed endpoint 'GalleryNote.Controllers.NoteController.Grid (GalleryNote)'
2024-12-01 13:45:46.755 +01:00 [INF] Request finished HTTP/1.1 GET http://localhost:5272/Note/Grid?active=active - 200 null text/html; charset=utf-8 42.1718ms
2024-12-01 13:45:46.775 +01:00 [INF] Request starting HTTP/1.1 GET http://localhost:5272/_framework/aspnetcore-browser-refresh.js - null null
2024-12-01 13:45:46.775 +01:00 [INF] Request finished HTTP/1.1 GET http://localhost:5272/_framework/aspnetcore-browser-refresh.js - 200 13732 application/javascript; charset=utf-8 0.2665ms
2024-12-01 13:45:57.189 +01:00 [INF] Request starting HTTP/1.1 GET http://localhost:5272/Home/Upload?active=active - null null
2024-12-01 13:45:57.208 +01:00 [INF] Executing endpoint 'GalleryNote.Controllers.HomeController.Upload (GalleryNote)'
2024-12-01 13:45:57.210 +01:00 [INF] Route matched with {action = "Upload", controller = "Home", page = "", area = ""}. Executing controller action with signature Microsoft.AspNetCore.Mvc.IActionResult Upload() on controller GalleryNote.Controllers.HomeController (GalleryNote).
2024-12-01 13:45:57.213 +01:00 [INF] Executing ViewResult, running view Upload.
2024-12-01 13:45:57.230 +01:00 [INF] Executed ViewResult - view Upload executed in 18.7968ms.
2024-12-01 13:45:57.230 +01:00 [INF] Executed action GalleryNote.Controllers.HomeController.Upload (GalleryNote) in 19.7695ms
2024-12-01 13:45:57.231 +01:00 [INF] Executed endpoint 'GalleryNote.Controllers.HomeController.Upload (GalleryNote)'
2024-12-01 13:45:57.231 +01:00 [INF] Request finished HTTP/1.1 GET http://localhost:5272/Home/Upload?active=active - 200 null text/html; charset=utf-8 41.9504ms
2024-12-01 13:45:57.259 +01:00 [INF] Request starting HTTP/1.1 GET http://localhost:5272/_framework/aspnetcore-browser-refresh.js - null null
2024-12-01 13:45:57.259 +01:00 [INF] Request finished HTTP/1.1 GET http://localhost:5272/_framework/aspnetcore-browser-refresh.js - 200 13732 application/javascript; charset=utf-8 0.3959ms
2024-12-01 13:45:58.838 +01:00 [INF] Request starting HTTP/1.1 POST http://localhost:5272/Identity/Account/Logout?returnUrl=%2F - application/x-www-form-urlencoded 225
2024-12-01 13:45:58.846 +01:00 [INF] Executing endpoint '/Account/Logout'
2024-12-01 13:45:58.876 +01:00 [INF] Route matched with {page = "/Account/Logout", area = "Identity", action = "", controller = ""}. Executing page /Account/Logout
2024-12-01 13:45:58.929 +01:00 [INF] Executing handler method GalleryNote.Areas.Identity.Pages.Account.LogoutModel.OnPost - ModelState is "Valid"
2024-12-01 13:45:58.938 +01:00 [INF] AuthenticationScheme: Identity.Application signed out.
2024-12-01 13:45:58.941 +01:00 [INF] AuthenticationScheme: Identity.External signed out.
2024-12-01 13:45:58.942 +01:00 [INF] AuthenticationScheme: Identity.TwoFactorUserId signed out.
2024-12-01 13:45:58.942 +01:00 [INF] User logged out.
2024-12-01 13:45:58.943 +01:00 [INF] Executed handler method OnPost, returned result Microsoft.AspNetCore.Mvc.LocalRedirectResult.
2024-12-01 13:45:58.946 +01:00 [INF] Executing LocalRedirectResult, redirecting to /.
2024-12-01 13:45:58.946 +01:00 [INF] Executed page /Account/Logout in 69.4943ms
2024-12-01 13:45:58.946 +01:00 [INF] Executed endpoint '/Account/Logout'
2024-12-01 13:45:58.946 +01:00 [INF] Request finished HTTP/1.1 POST http://localhost:5272/Identity/Account/Logout?returnUrl=%2F - 302 0 null 107.8287ms
2024-12-01 13:45:58.950 +01:00 [INF] Request starting HTTP/1.1 GET http://localhost:5272/ - null null
2024-12-01 13:45:58.950 +01:00 [INF] Executing endpoint 'GalleryNote.Controllers.HomeController.Index (GalleryNote)'
2024-12-01 13:45:58.953 +01:00 [INF] Route matched with {action = "Index", controller = "Home", page = "", area = ""}. Executing controller action with signature Microsoft.AspNetCore.Mvc.IActionResult Index() on controller GalleryNote.Controllers.HomeController (GalleryNote).
2024-12-01 13:45:58.954 +01:00 [INF] Executing ViewResult, running view Index.
2024-12-01 13:45:58.967 +01:00 [INF] Executed ViewResult - view Index executed in 13.8289ms.
2024-12-01 13:45:58.968 +01:00 [INF] Executed action GalleryNote.Controllers.HomeController.Index (GalleryNote) in 14.651ms
2024-12-01 13:45:58.968 +01:00 [INF] Executed endpoint 'GalleryNote.Controllers.HomeController.Index (GalleryNote)'
2024-12-01 13:45:58.968 +01:00 [INF] Request finished HTTP/1.1 GET http://localhost:5272/ - 200 null text/html; charset=utf-8 18.0815ms
2024-12-01 13:45:59.002 +01:00 [INF] Request starting HTTP/1.1 GET http://localhost:5272/_framework/aspnetcore-browser-refresh.js - null null
2024-12-01 13:45:59.002 +01:00 [INF] Request finished HTTP/1.1 GET http://localhost:5272/_framework/aspnetcore-browser-refresh.js - 200 13732 application/javascript; charset=utf-8 0.3406ms
2024-12-01 13:46:19.678 +01:00 [INF] Request starting HTTP/1.1 GET http://localhost:5272/_framework/clear-browser-cache - null null
2024-12-01 13:46:19.680 +01:00 [INF] Request finished HTTP/1.1 GET http://localhost:5272/_framework/clear-browser-cache - 200 0 null 1.7921ms
2024-12-01 13:46:23.215 +01:00 [INF] Request starting HTTP/1.1 GET http://localhost:5272/Note/Grid?active=active - null null
2024-12-01 13:46:23.221 +01:00 [INF] Executing endpoint 'GalleryNote.Controllers.NoteController.Grid (GalleryNote)'
2024-12-01 13:46:23.221 +01:00 [INF] Route matched with {action = "Grid", controller = "Note", page = "", area = ""}. Executing controller action with signature System.Threading.Tasks.Task`1[Microsoft.AspNetCore.Mvc.IActionResult] Grid() on controller GalleryNote.Controllers.NoteController (GalleryNote).
2024-12-01 13:46:23.237 +01:00 [INF] Executing ViewResult, running view Grid.
2024-12-01 13:46:23.239 +01:00 [INF] Executed ViewResult - view Grid executed in 2.4248ms.
2024-12-01 13:46:23.239 +01:00 [INF] Executed action GalleryNote.Controllers.NoteController.Grid (GalleryNote) in 18.1851ms
2024-12-01 13:46:23.239 +01:00 [INF] Executed endpoint 'GalleryNote.Controllers.NoteController.Grid (GalleryNote)'
2024-12-01 13:46:23.240 +01:00 [INF] Request finished HTTP/1.1 GET http://localhost:5272/Note/Grid?active=active - 200 null text/html; charset=utf-8 24.6858ms
2024-12-01 13:46:23.305 +01:00 [INF] Request starting HTTP/1.1 GET http://localhost:5272/_framework/aspnetcore-browser-refresh.js - null null
2024-12-01 13:46:23.307 +01:00 [INF] Request finished HTTP/1.1 GET http://localhost:5272/_framework/aspnetcore-browser-refresh.js - 200 13732 application/javascript; charset=utf-8 0.3729ms
2024-12-01 13:46:24.339 +01:00 [INF] Request starting HTTP/1.1 GET http://localhost:5272/Image/Grid?active=active - null null
2024-12-01 13:46:24.339 +01:00 [INF] Executing endpoint 'GalleryNote.Controllers.ImageController.Grid (GalleryNote)'
2024-12-01 13:46:24.342 +01:00 [INF] Route matched with {action = "Grid", controller = "Image", page = "", area = ""}. Executing controller action with signature Microsoft.AspNetCore.Mvc.IActionResult Grid() on controller GalleryNote.Controllers.ImageController (GalleryNote).
2024-12-01 13:46:24.349 +01:00 [INF] Executing ViewResult, running view Grid.
2024-12-01 13:46:24.356 +01:00 [INF] Executed ViewResult - view Grid executed in 8.3442ms.
2024-12-01 13:46:24.356 +01:00 [INF] Executed action GalleryNote.Controllers.ImageController.Grid (GalleryNote) in 14.1741ms
2024-12-01 13:46:24.356 +01:00 [INF] Executed endpoint 'GalleryNote.Controllers.ImageController.Grid (GalleryNote)'
2024-12-01 13:46:24.357 +01:00 [INF] Request finished HTTP/1.1 GET http://localhost:5272/Image/Grid?active=active - 200 null text/html; charset=utf-8 17.8536ms
2024-12-01 13:46:24.397 +01:00 [INF] Request starting HTTP/1.1 GET http://localhost:5272/images/blomst.jpg - null null
2024-12-01 13:46:24.403 +01:00 [INF] Request starting HTTP/1.1 GET http://localhost:5272/images/blad.jpg - null null
2024-12-01 13:46:24.423 +01:00 [INF] Request starting HTTP/1.1 GET http://localhost:5272/_framework/aspnetcore-browser-refresh.js - null null
2024-12-01 13:46:24.423 +01:00 [INF] Request starting HTTP/1.1 GET http://localhost:5272/images/skog.jpg - null null
2024-12-01 13:46:24.423 +01:00 [INF] Request finished HTTP/1.1 GET http://localhost:5272/_framework/aspnetcore-browser-refresh.js - 200 13732 application/javascript; charset=utf-8 0.4127ms
2024-12-01 13:46:24.847 +01:00 [INF] Sending file. Request path: '/images/blomst.jpg'. Physical path: 'C:\Users\birko\OneDrive - OsloMet\ITPE 3200 - Webapplikasjoner\eksamen\GalleryNote\wwwroot\images\blomst.jpg'
2024-12-01 13:46:24.850 +01:00 [INF] Request finished HTTP/1.1 GET http://localhost:5272/images/blomst.jpg - 200 1244472 image/jpeg 453.1757ms
2024-12-01 13:46:25.173 +01:00 [INF] Sending file. Request path: '/images/skog.jpg'. Physical path: 'C:\Users\birko\OneDrive - OsloMet\ITPE 3200 - Webapplikasjoner\eksamen\GalleryNote\wwwroot\images\skog.jpg'
2024-12-01 13:46:25.174 +01:00 [INF] Sending file. Request path: '/images/blad.jpg'. Physical path: 'C:\Users\birko\OneDrive - OsloMet\ITPE 3200 - Webapplikasjoner\eksamen\GalleryNote\wwwroot\images\blad.jpg'
2024-12-01 13:46:25.174 +01:00 [INF] Request finished HTTP/1.1 GET http://localhost:5272/images/skog.jpg - 200 3487662 image/jpeg 750.8452ms
2024-12-01 13:46:25.174 +01:00 [INF] Request finished HTTP/1.1 GET http://localhost:5272/images/blad.jpg - 200 3504672 image/jpeg 771.5247ms
2024-12-01 13:46:29.393 +01:00 [INF] Request starting HTTP/1.1 GET http://localhost:5272/Note/Grid?active=active - null null
2024-12-01 13:46:29.394 +01:00 [INF] Executing endpoint 'GalleryNote.Controllers.NoteController.Grid (GalleryNote)'
2024-12-01 13:46:29.394 +01:00 [INF] Route matched with {action = "Grid", controller = "Note", page = "", area = ""}. Executing controller action with signature System.Threading.Tasks.Task`1[Microsoft.AspNetCore.Mvc.IActionResult] Grid() on controller GalleryNote.Controllers.NoteController (GalleryNote).
2024-12-01 13:46:29.404 +01:00 [INF] Executing ViewResult, running view Grid.
2024-12-01 13:46:29.406 +01:00 [INF] Executed ViewResult - view Grid executed in 2.2619ms.
2024-12-01 13:46:29.407 +01:00 [INF] Executed action GalleryNote.Controllers.NoteController.Grid (GalleryNote) in 12.1566ms
2024-12-01 13:46:29.407 +01:00 [INF] Executed endpoint 'GalleryNote.Controllers.NoteController.Grid (GalleryNote)'
2024-12-01 13:46:29.408 +01:00 [INF] Request finished HTTP/1.1 GET http://localhost:5272/Note/Grid?active=active - 200 null text/html; charset=utf-8 15.4377ms
2024-12-01 13:46:29.456 +01:00 [INF] Request starting HTTP/1.1 GET http://localhost:5272/_framework/aspnetcore-browser-refresh.js - null null
2024-12-01 13:46:29.456 +01:00 [INF] Request finished HTTP/1.1 GET http://localhost:5272/_framework/aspnetcore-browser-refresh.js - 200 13732 application/javascript; charset=utf-8 0.3253ms
2024-12-01 13:46:30.417 +01:00 [INF] Request starting HTTP/1.1 GET http://localhost:5272/Image/Grid?active=active - null null
2024-12-01 13:46:30.420 +01:00 [INF] Executing endpoint 'GalleryNote.Controllers.ImageController.Grid (GalleryNote)'
2024-12-01 13:46:30.420 +01:00 [INF] Route matched with {action = "Grid", controller = "Image", page = "", area = ""}. Executing controller action with signature Microsoft.AspNetCore.Mvc.IActionResult Grid() on controller GalleryNote.Controllers.ImageController (GalleryNote).
2024-12-01 13:46:30.426 +01:00 [INF] Executing ViewResult, running view Grid.
2024-12-01 13:46:30.427 +01:00 [INF] Executed ViewResult - view Grid executed in 1.7171ms.
2024-12-01 13:46:30.428 +01:00 [INF] Executed action GalleryNote.Controllers.ImageController.Grid (GalleryNote) in 7.4415ms
2024-12-01 13:46:30.428 +01:00 [INF] Executed endpoint 'GalleryNote.Controllers.ImageController.Grid (GalleryNote)'
2024-12-01 13:46:30.429 +01:00 [INF] Request finished HTTP/1.1 GET http://localhost:5272/Image/Grid?active=active - 200 null text/html; charset=utf-8 11.6633ms
2024-12-01 13:46:30.466 +01:00 [INF] Request starting HTTP/1.1 GET http://localhost:5272/_framework/aspnetcore-browser-refresh.js - null null
2024-12-01 13:46:30.466 +01:00 [INF] Request finished HTTP/1.1 GET http://localhost:5272/_framework/aspnetcore-browser-refresh.js - 200 13732 application/javascript; charset=utf-8 0.2652ms
2024-12-01 13:46:39.517 +01:00 [INF] Request starting HTTP/1.1 GET http://localhost:5272/_framework/clear-browser-cache - null null
2024-12-01 13:46:39.517 +01:00 [INF] Request finished HTTP/1.1 GET http://localhost:5272/_framework/clear-browser-cache - 200 0 null 0.3429ms
2024-12-01 13:46:41.493 +01:00 [INF] Request starting HTTP/1.1 GET http://localhost:5272/css/custom.css?nonce=1733057201483 - null null
2024-12-01 13:46:41.510 +01:00 [INF] Sending file. Request path: '/css/custom.css'. Physical path: 'C:\Users\birko\OneDrive - OsloMet\ITPE 3200 - Webapplikasjoner\eksamen\GalleryNote\wwwroot\css\custom.css'
2024-12-01 13:46:41.510 +01:00 [INF] Request finished HTTP/1.1 GET http://localhost:5272/css/custom.css?nonce=1733057201483 - 200 121 text/css 17.2618ms
