2024-11-27 15:23:05.409 +01:00 [INF] User profile is available. Using 'C:\Users\birko\AppData\Local\ASP.NET\DataProtection-Keys' as key repository and Windows DPAPI to encrypt keys at rest.
2024-11-27 15:23:05.867 +01:00 [INF] Now listening on: http://localhost:5272
2024-11-27 15:23:05.878 +01:00 [INF] Application started. Press Ctrl+C to shut down.
2024-11-27 15:23:05.880 +01:00 [INF] Hosting environment: Development
2024-11-27 15:23:05.880 +01:00 [INF] Content root path: C:\Users\birko\OneDrive - OsloMet\ITPE 3200 - Webapplikasjoner\GalleryNote project\GalleryNote – Kopi
2024-11-27 15:23:07.783 +01:00 [INF] Request starting HTTP/1.1 GET http://localhost:5272/ - null null
2024-11-27 15:23:07.996 +01:00 [INF] Executing endpoint 'GalleryNote.Controllers.HomeController.Index (GalleryNote)'
2024-11-27 15:23:08.027 +01:00 [INF] Route matched with {action = "Index", controller = "Home", page = "", area = ""}. Executing controller action with signature Microsoft.AspNetCore.Mvc.IActionResult Index() on controller GalleryNote.Controllers.HomeController (GalleryNote).
2024-11-27 15:23:08.058 +01:00 [INF] Executing ViewResult, running view Index.
2024-11-27 15:23:08.272 +01:00 [INF] Executed ViewResult - view Index executed in 218.4635ms.
2024-11-27 15:23:08.280 +01:00 [INF] Executed action GalleryNote.Controllers.HomeController.Index (GalleryNote) in 252.1421ms
2024-11-27 15:23:08.282 +01:00 [INF] Executed endpoint 'GalleryNote.Controllers.HomeController.Index (GalleryNote)'
2024-11-27 15:23:08.303 +01:00 [INF] Request finished HTTP/1.1 GET http://localhost:5272/ - 200 null text/html; charset=utf-8 555.4639ms
2024-11-27 15:23:10.167 +01:00 [INF] Request starting HTTP/1.1 GET http://localhost:5272/Home/Upload?active=active - null null
2024-11-27 15:23:10.327 +01:00 [INF] Executing endpoint 'GalleryNote.Controllers.HomeController.Upload (GalleryNote)'
2024-11-27 15:23:10.331 +01:00 [INF] Route matched with {action = "Upload", controller = "Home", page = "", area = ""}. Executing controller action with signature Microsoft.AspNetCore.Mvc.IActionResult Upload() on controller GalleryNote.Controllers.HomeController (GalleryNote).
2024-11-27 15:23:10.335 +01:00 [INF] Executing ViewResult, running view Upload.
2024-11-27 15:23:10.364 +01:00 [INF] Executed ViewResult - view Upload executed in 31.9323ms.
2024-11-27 15:23:10.365 +01:00 [INF] Executed action GalleryNote.Controllers.HomeController.Upload (GalleryNote) in 33.2996ms
2024-11-27 15:23:10.365 +01:00 [INF] Executed endpoint 'GalleryNote.Controllers.HomeController.Upload (GalleryNote)'
2024-11-27 15:23:10.366 +01:00 [INF] Request finished HTTP/1.1 GET http://localhost:5272/Home/Upload?active=active - 200 null text/html; charset=utf-8 198.8502ms
2024-11-27 15:23:18.896 +01:00 [INF] Request starting HTTP/1.1 GET http://localhost:5272/Image/Create - null null
2024-11-27 15:23:18.948 +01:00 [INF] Executing endpoint 'GalleryNote.Controllers.ImageController.Create (GalleryNote)'
2024-11-27 15:23:18.955 +01:00 [INF] Route matched with {action = "Create", controller = "Image", page = "", area = ""}. Executing controller action with signature Microsoft.AspNetCore.Mvc.IActionResult Create() on controller GalleryNote.Controllers.ImageController (GalleryNote).
2024-11-27 15:23:18.959 +01:00 [INF] Executing ViewResult, running view Create.
2024-11-27 15:23:19.032 +01:00 [INF] Executed ViewResult - view Create executed in 75.6021ms.
2024-11-27 15:23:19.033 +01:00 [INF] Executed action GalleryNote.Controllers.ImageController.Create (GalleryNote) in 77.0634ms
2024-11-27 15:23:19.033 +01:00 [INF] Executed endpoint 'GalleryNote.Controllers.ImageController.Create (GalleryNote)'
2024-11-27 15:23:19.033 +01:00 [INF] Request finished HTTP/1.1 GET http://localhost:5272/Image/Create - 200 null text/html; charset=utf-8 137.2695ms
2024-11-27 15:23:20.355 +01:00 [INF] Request starting HTTP/1.1 GET http://localhost:5272/Image/Grid - null null
2024-11-27 15:23:20.362 +01:00 [INF] Executing endpoint 'GalleryNote.Controllers.ImageController.Grid (GalleryNote)'
2024-11-27 15:23:20.369 +01:00 [INF] Route matched with {action = "Grid", controller = "Image", page = "", area = ""}. Executing controller action with signature Microsoft.AspNetCore.Mvc.IActionResult Grid() on controller GalleryNote.Controllers.ImageController (GalleryNote).
2024-11-27 15:23:20.750 +01:00 [INF] Executing ViewResult, running view Grid.
2024-11-27 15:23:20.782 +01:00 [INF] Executed ViewResult - view Grid executed in 33.1715ms.
2024-11-27 15:23:20.782 +01:00 [INF] Executed action GalleryNote.Controllers.ImageController.Grid (GalleryNote) in 412.8253ms
2024-11-27 15:23:20.782 +01:00 [INF] Executed endpoint 'GalleryNote.Controllers.ImageController.Grid (GalleryNote)'
2024-11-27 15:23:20.801 +01:00 [INF] Request finished HTTP/1.1 GET http://localhost:5272/Image/Grid - 200 null text/html; charset=utf-8 446.2387ms
2024-11-27 15:23:20.828 +01:00 [INF] Request starting HTTP/1.1 GET http://localhost:5272/images/1.jpg - null null
2024-11-27 15:23:20.844 +01:00 [INF] The file /images/1.jpg was not modified
2024-11-27 15:23:20.845 +01:00 [INF] Request finished HTTP/1.1 GET http://localhost:5272/images/1.jpg - 304 null image/jpeg 16.9321ms
2024-11-27 15:23:22.847 +01:00 [INF] Request starting HTTP/1.1 GET http://localhost:5272/Home/Upload?active=active - null null
2024-11-27 15:23:22.855 +01:00 [INF] Executing endpoint 'GalleryNote.Controllers.HomeController.Upload (GalleryNote)'
2024-11-27 15:23:22.855 +01:00 [INF] Route matched with {action = "Upload", controller = "Home", page = "", area = ""}. Executing controller action with signature Microsoft.AspNetCore.Mvc.IActionResult Upload() on controller GalleryNote.Controllers.HomeController (GalleryNote).
2024-11-27 15:23:22.856 +01:00 [INF] Executing ViewResult, running view Upload.
2024-11-27 15:23:22.860 +01:00 [INF] Executed ViewResult - view Upload executed in 4.3706ms.
2024-11-27 15:23:22.861 +01:00 [INF] Executed action GalleryNote.Controllers.HomeController.Upload (GalleryNote) in 5.2039ms
2024-11-27 15:23:22.861 +01:00 [INF] Executed endpoint 'GalleryNote.Controllers.HomeController.Upload (GalleryNote)'
2024-11-27 15:23:22.861 +01:00 [INF] Request finished HTTP/1.1 GET http://localhost:5272/Home/Upload?active=active - 200 null text/html; charset=utf-8 13.8219ms
2024-11-27 15:23:27.366 +01:00 [INF] Request starting HTTP/1.1 GET http://localhost:5272/Note/Create - null null
2024-11-27 15:23:27.370 +01:00 [INF] Executing endpoint 'GalleryNote.Controllers.NoteController.Create (GalleryNote)'
2024-11-27 15:23:27.375 +01:00 [INF] Route matched with {action = "Create", controller = "Note", page = "", area = ""}. Executing controller action with signature Microsoft.AspNetCore.Mvc.IActionResult Create() on controller GalleryNote.Controllers.NoteController (GalleryNote).
2024-11-27 15:23:27.378 +01:00 [INF] Executing ViewResult, running view Create.
2024-11-27 15:23:27.410 +01:00 [INF] Executed ViewResult - view Create executed in 33.6692ms.
2024-11-27 15:23:27.411 +01:00 [INF] Executed action GalleryNote.Controllers.NoteController.Create (GalleryNote) in 35.4086ms
2024-11-27 15:23:27.411 +01:00 [INF] Executed endpoint 'GalleryNote.Controllers.NoteController.Create (GalleryNote)'
2024-11-27 15:23:27.411 +01:00 [INF] Request finished HTTP/1.1 GET http://localhost:5272/Note/Create - 200 null text/html; charset=utf-8 45.2057ms
2024-11-27 15:23:32.071 +01:00 [INF] Request starting HTTP/1.1 GET http://localhost:5272/Note/Grid - null null
2024-11-27 15:23:32.081 +01:00 [INF] Executing endpoint 'GalleryNote.Controllers.NoteController.Grid (GalleryNote)'
2024-11-27 15:23:32.096 +01:00 [INF] Route matched with {action = "Grid", controller = "Note", page = "", area = ""}. Executing controller action with signature System.Threading.Tasks.Task`1[Microsoft.AspNetCore.Mvc.IActionResult] Grid() on controller GalleryNote.Controllers.NoteController (GalleryNote).
2024-11-27 15:23:32.223 +01:00 [INF] Executing ViewResult, running view Grid.
2024-11-27 15:23:32.237 +01:00 [INF] Executed ViewResult - view Grid executed in 15.3166ms.
2024-11-27 15:23:32.237 +01:00 [INF] Executed action GalleryNote.Controllers.NoteController.Grid (GalleryNote) in 140.7248ms
2024-11-27 15:23:32.237 +01:00 [INF] Executed endpoint 'GalleryNote.Controllers.NoteController.Grid (GalleryNote)'
2024-11-27 15:23:32.241 +01:00 [INF] Request finished HTTP/1.1 GET http://localhost:5272/Note/Grid - 200 null text/html; charset=utf-8 170.1489ms
2024-11-27 15:23:40.150 +01:00 [INF] Request starting HTTP/1.1 GET http://localhost:5272/Image/Grid?active=active - null null
2024-11-27 15:23:40.154 +01:00 [INF] Executing endpoint 'GalleryNote.Controllers.ImageController.Grid (GalleryNote)'
2024-11-27 15:23:40.155 +01:00 [INF] Route matched with {action = "Grid", controller = "Image", page = "", area = ""}. Executing controller action with signature Microsoft.AspNetCore.Mvc.IActionResult Grid() on controller GalleryNote.Controllers.ImageController (GalleryNote).
2024-11-27 15:23:40.159 +01:00 [INF] Executing ViewResult, running view Grid.
2024-11-27 15:23:40.165 +01:00 [INF] Executed ViewResult - view Grid executed in 6.6601ms.
2024-11-27 15:23:40.166 +01:00 [INF] Executed action GalleryNote.Controllers.ImageController.Grid (GalleryNote) in 10.8968ms
2024-11-27 15:23:40.166 +01:00 [INF] Executed endpoint 'GalleryNote.Controllers.ImageController.Grid (GalleryNote)'
2024-11-27 15:23:40.167 +01:00 [INF] Request finished HTTP/1.1 GET http://localhost:5272/Image/Grid?active=active - 200 null text/html; charset=utf-8 16.366ms
2024-11-27 15:23:44.016 +01:00 [INF] Request starting HTTP/1.1 GET http://localhost:5272/Image/Update/7 - null null
2024-11-27 15:23:44.019 +01:00 [INF] Executing endpoint 'GalleryNote.Controllers.ImageController.Update (GalleryNote)'
2024-11-27 15:23:44.043 +01:00 [INF] Route matched with {action = "Update", controller = "Image", page = "", area = ""}. Executing controller action with signature Microsoft.AspNetCore.Mvc.IActionResult Update(Int32) on controller GalleryNote.Controllers.ImageController (GalleryNote).
2024-11-27 15:23:44.186 +01:00 [INF] Executing ViewResult, running view Update.
2024-11-27 15:23:44.238 +01:00 [INF] Executed ViewResult - view Update executed in 53.9579ms.
2024-11-27 15:23:44.238 +01:00 [INF] Executed action GalleryNote.Controllers.ImageController.Update (GalleryNote) in 195.4443ms
2024-11-27 15:23:44.238 +01:00 [INF] Executed endpoint 'GalleryNote.Controllers.ImageController.Update (GalleryNote)'
2024-11-27 15:23:44.239 +01:00 [INF] Request finished HTTP/1.1 GET http://localhost:5272/Image/Update/7 - 200 null text/html; charset=utf-8 222.4666ms
2024-11-27 15:23:48.362 +01:00 [INF] Request starting HTTP/1.1 POST http://localhost:5272/Image/Update/7 - multipart/form-data; boundary=----WebKitFormBoundary9iBeZbEhtojzGHb6 786
2024-11-27 15:23:48.368 +01:00 [INF] Executing endpoint 'GalleryNote.Controllers.ImageController.Update (GalleryNote)'
2024-11-27 15:23:48.394 +01:00 [INF] Route matched with {action = "Update", controller = "Image", page = "", area = ""}. Executing controller action with signature System.Threading.Tasks.Task`1[Microsoft.AspNetCore.Mvc.IActionResult] Update(GalleryNote.Models.Image, Microsoft.AspNetCore.Http.IFormFile) on controller GalleryNote.Controllers.ImageController (GalleryNote).
2024-11-27 15:23:48.470 +01:00 [INF] Executing ViewResult, running view Update.
2024-11-27 15:23:48.473 +01:00 [INF] Executed ViewResult - view Update executed in 2.8697ms.
2024-11-27 15:23:48.473 +01:00 [INF] Executed action GalleryNote.Controllers.ImageController.Update (GalleryNote) in 78.5211ms
2024-11-27 15:23:48.473 +01:00 [INF] Executed endpoint 'GalleryNote.Controllers.ImageController.Update (GalleryNote)'
2024-11-27 15:23:48.474 +01:00 [INF] Request finished HTTP/1.1 POST http://localhost:5272/Image/Update/7 - 200 null text/html; charset=utf-8 111.4488ms
2024-11-27 15:23:49.150 +01:00 [INF] Request starting HTTP/1.1 POST http://localhost:5272/Image/Update/7 - multipart/form-data; boundary=----WebKitFormBoundary0ZgmYffI4Ib95Rqo 786
2024-11-27 15:23:49.156 +01:00 [INF] Executing endpoint 'GalleryNote.Controllers.ImageController.Update (GalleryNote)'
2024-11-27 15:23:49.156 +01:00 [INF] Route matched with {action = "Update", controller = "Image", page = "", area = ""}. Executing controller action with signature System.Threading.Tasks.Task`1[Microsoft.AspNetCore.Mvc.IActionResult] Update(GalleryNote.Models.Image, Microsoft.AspNetCore.Http.IFormFile) on controller GalleryNote.Controllers.ImageController (GalleryNote).
2024-11-27 15:23:49.171 +01:00 [INF] Executing ViewResult, running view Update.
2024-11-27 15:23:49.178 +01:00 [INF] Executed ViewResult - view Update executed in 6.6591ms.
2024-11-27 15:23:49.178 +01:00 [INF] Executed action GalleryNote.Controllers.ImageController.Update (GalleryNote) in 21.4427ms
2024-11-27 15:23:49.178 +01:00 [INF] Executed endpoint 'GalleryNote.Controllers.ImageController.Update (GalleryNote)'
2024-11-27 15:23:49.179 +01:00 [INF] Request finished HTTP/1.1 POST http://localhost:5272/Image/Update/7 - 200 null text/html; charset=utf-8 28.5366ms
2024-11-27 15:23:49.853 +01:00 [INF] Request starting HTTP/1.1 POST http://localhost:5272/Image/Update/7 - multipart/form-data; boundary=----WebKitFormBoundaryiEI2TIWUwiH0oqrv 786
2024-11-27 15:23:49.858 +01:00 [INF] Executing endpoint 'GalleryNote.Controllers.ImageController.Update (GalleryNote)'
2024-11-27 15:23:49.858 +01:00 [INF] Route matched with {action = "Update", controller = "Image", page = "", area = ""}. Executing controller action with signature System.Threading.Tasks.Task`1[Microsoft.AspNetCore.Mvc.IActionResult] Update(GalleryNote.Models.Image, Microsoft.AspNetCore.Http.IFormFile) on controller GalleryNote.Controllers.ImageController (GalleryNote).
2024-11-27 15:23:49.862 +01:00 [INF] Executing ViewResult, running view Update.
2024-11-27 15:23:49.865 +01:00 [INF] Executed ViewResult - view Update executed in 3.0407ms.
2024-11-27 15:23:49.866 +01:00 [INF] Executed action GalleryNote.Controllers.ImageController.Update (GalleryNote) in 8.1314ms
2024-11-27 15:23:49.867 +01:00 [INF] Executed endpoint 'GalleryNote.Controllers.ImageController.Update (GalleryNote)'
2024-11-27 15:23:49.867 +01:00 [INF] Request finished HTTP/1.1 POST http://localhost:5272/Image/Update/7 - 200 null text/html; charset=utf-8 14.7415ms
2024-11-27 15:23:52.237 +01:00 [INF] Request starting HTTP/1.1 GET http://localhost:5272/Image/Grid?active=active - null null
2024-11-27 15:23:52.242 +01:00 [INF] Executing endpoint 'GalleryNote.Controllers.ImageController.Grid (GalleryNote)'
2024-11-27 15:23:52.242 +01:00 [INF] Route matched with {action = "Grid", controller = "Image", page = "", area = ""}. Executing controller action with signature Microsoft.AspNetCore.Mvc.IActionResult Grid() on controller GalleryNote.Controllers.ImageController (GalleryNote).
2024-11-27 15:23:52.248 +01:00 [INF] Executing ViewResult, running view Grid.
2024-11-27 15:23:52.259 +01:00 [INF] Executed ViewResult - view Grid executed in 10.8344ms.
2024-11-27 15:23:52.261 +01:00 [INF] Executed action GalleryNote.Controllers.ImageController.Grid (GalleryNote) in 18.9731ms
2024-11-27 15:23:52.262 +01:00 [INF] Executed endpoint 'GalleryNote.Controllers.ImageController.Grid (GalleryNote)'
2024-11-27 15:23:52.263 +01:00 [INF] Request finished HTTP/1.1 GET http://localhost:5272/Image/Grid?active=active - 200 null text/html; charset=utf-8 25.9618ms
2024-11-27 15:24:17.610 +01:00 [INF] Request starting HTTP/1.1 GET http://localhost:5272/Home/Upload?active=active - null null
2024-11-27 15:24:17.616 +01:00 [INF] Executing endpoint 'GalleryNote.Controllers.HomeController.Upload (GalleryNote)'
2024-11-27 15:24:17.616 +01:00 [INF] Route matched with {action = "Upload", controller = "Home", page = "", area = ""}. Executing controller action with signature Microsoft.AspNetCore.Mvc.IActionResult Upload() on controller GalleryNote.Controllers.HomeController (GalleryNote).
2024-11-27 15:24:17.617 +01:00 [INF] Executing ViewResult, running view Upload.
2024-11-27 15:24:17.619 +01:00 [INF] Executed ViewResult - view Upload executed in 2.2313ms.
2024-11-27 15:24:17.619 +01:00 [INF] Executed action GalleryNote.Controllers.HomeController.Upload (GalleryNote) in 2.7199ms
2024-11-27 15:24:17.619 +01:00 [INF] Executed endpoint 'GalleryNote.Controllers.HomeController.Upload (GalleryNote)'
2024-11-27 15:24:17.620 +01:00 [INF] Request finished HTTP/1.1 GET http://localhost:5272/Home/Upload?active=active - 200 null text/html; charset=utf-8 10.3658ms
2024-11-27 15:24:25.825 +01:00 [INF] Request starting HTTP/1.1 GET http://localhost:5272/Note/Grid?active=active - null null
2024-11-27 15:24:25.828 +01:00 [INF] Executing endpoint 'GalleryNote.Controllers.NoteController.Grid (GalleryNote)'
2024-11-27 15:24:25.828 +01:00 [INF] Route matched with {action = "Grid", controller = "Note", page = "", area = ""}. Executing controller action with signature System.Threading.Tasks.Task`1[Microsoft.AspNetCore.Mvc.IActionResult] Grid() on controller GalleryNote.Controllers.NoteController (GalleryNote).
2024-11-27 15:24:25.834 +01:00 [INF] Executing ViewResult, running view Grid.
2024-11-27 15:24:25.837 +01:00 [INF] Executed ViewResult - view Grid executed in 3.5499ms.
2024-11-27 15:24:25.837 +01:00 [INF] Executed action GalleryNote.Controllers.NoteController.Grid (GalleryNote) in 8.8228ms
2024-11-27 15:24:25.837 +01:00 [INF] Executed endpoint 'GalleryNote.Controllers.NoteController.Grid (GalleryNote)'
2024-11-27 15:24:25.838 +01:00 [INF] Request finished HTTP/1.1 GET http://localhost:5272/Note/Grid?active=active - 200 null text/html; charset=utf-8 12.6646ms
2024-11-27 15:24:28.134 +01:00 [INF] Request starting HTTP/1.1 GET http://localhost:5272/Image/Grid?active=active - null null
2024-11-27 15:24:28.143 +01:00 [INF] Executing endpoint 'GalleryNote.Controllers.ImageController.Grid (GalleryNote)'
2024-11-27 15:24:28.145 +01:00 [INF] Route matched with {action = "Grid", controller = "Image", page = "", area = ""}. Executing controller action with signature Microsoft.AspNetCore.Mvc.IActionResult Grid() on controller GalleryNote.Controllers.ImageController (GalleryNote).
2024-11-27 15:24:28.158 +01:00 [INF] Executing ViewResult, running view Grid.
2024-11-27 15:24:28.167 +01:00 [INF] Executed ViewResult - view Grid executed in 9.2372ms.
2024-11-27 15:24:28.168 +01:00 [INF] Executed action GalleryNote.Controllers.ImageController.Grid (GalleryNote) in 22.4706ms
2024-11-27 15:24:28.168 +01:00 [INF] Executed endpoint 'GalleryNote.Controllers.ImageController.Grid (GalleryNote)'
2024-11-27 15:24:28.171 +01:00 [INF] Request finished HTTP/1.1 GET http://localhost:5272/Image/Grid?active=active - 200 null text/html; charset=utf-8 37.2055ms
2024-11-27 15:24:50.200 +01:00 [INF] Application is shutting down...
