2024-10-23 11:29:34.044 +02:00 [INF] User profile is available. Using 'C:\Users\birko\AppData\Local\ASP.NET\DataProtection-Keys' as key repository and Windows DPAPI to encrypt keys at rest.
2024-10-23 11:29:34.315 +02:00 [INF] Now listening on: http://localhost:5272
2024-10-23 11:29:34.321 +02:00 [INF] Application started. Press Ctrl+C to shut down.
2024-10-23 11:29:34.322 +02:00 [INF] Hosting environment: Development
2024-10-23 11:29:34.322 +02:00 [INF] Content root path: C:\Users\birko\OneDrive - OsloMet\ITPE 3200 - Webapplikasjoner\GalleryNote project\GalleryNote
2024-10-23 11:30:01.364 +02:00 [INF] Request starting HTTP/1.1 GET http://localhost:5272/ - null null
2024-10-23 11:30:01.462 +02:00 [INF] Executing endpoint 'GalleryNote.Controllers.HomeController.Index (GalleryNote)'
2024-10-23 11:30:01.483 +02:00 [INF] Route matched with {action = "Index", controller = "Home", page = "", area = ""}. Executing controller action with signature Microsoft.AspNetCore.Mvc.IActionResult Index() on controller GalleryNote.Controllers.HomeController (GalleryNote).
2024-10-23 11:30:01.492 +02:00 [INF] Executing ViewResult, running view Index.
2024-10-23 11:30:01.632 +02:00 [INF] Executed ViewResult - view Index executed in 137.7593ms.
2024-10-23 11:30:01.636 +02:00 [INF] Executed action GalleryNote.Controllers.HomeController.Index (GalleryNote) in 152.6615ms
2024-10-23 11:30:01.637 +02:00 [INF] Executed endpoint 'GalleryNote.Controllers.HomeController.Index (GalleryNote)'
2024-10-23 11:30:01.644 +02:00 [INF] Request finished HTTP/1.1 GET http://localhost:5272/ - 200 null text/html; charset=utf-8 284.5544ms
2024-10-23 11:30:05.306 +02:00 [INF] Request starting HTTP/1.1 GET http://localhost:5272/Item/Table - null null
2024-10-23 11:30:05.313 +02:00 [INF] Executing endpoint 'GalleryNote.Controllers.ItemController.Table (GalleryNote)'
2024-10-23 11:30:05.327 +02:00 [INF] Route matched with {action = "Table", controller = "Item", page = "", area = ""}. Executing controller action with signature System.Threading.Tasks.Task`1[Microsoft.AspNetCore.Mvc.IActionResult] Table() on controller GalleryNote.Controllers.ItemController (GalleryNote).
2024-10-23 11:30:05.423 +02:00 [INF] Executing ViewResult, running view Table.
2024-10-23 11:30:05.463 +02:00 [INF] Executed ViewResult - view Table executed in 41.2876ms.
2024-10-23 11:30:05.464 +02:00 [INF] Executed action GalleryNote.Controllers.ItemController.Table (GalleryNote) in 136.5157ms
2024-10-23 11:30:05.465 +02:00 [INF] Executed endpoint 'GalleryNote.Controllers.ItemController.Table (GalleryNote)'
2024-10-23 11:30:05.473 +02:00 [INF] Request finished HTTP/1.1 GET http://localhost:5272/Item/Table - 200 null text/html; charset=utf-8 167.0663ms
2024-10-23 11:30:10.079 +02:00 [INF] Request starting HTTP/1.1 GET http://localhost:5272/Identity/Account/Login - null null
2024-10-23 11:30:10.084 +02:00 [INF] Executing endpoint '/Account/Login'
2024-10-23 11:30:10.112 +02:00 [INF] Route matched with {page = "/Account/Login", area = "Identity", action = "", controller = ""}. Executing page /Account/Login
2024-10-23 11:30:10.163 +02:00 [INF] Executing handler method GalleryNote.Areas.Identity.Pages.Account.LoginModel.OnGetAsync - ModelState is "Valid"
2024-10-23 11:30:10.169 +02:00 [INF] AuthenticationScheme: Identity.External signed out.
2024-10-23 11:30:10.170 +02:00 [INF] Executed handler method OnGetAsync, returned result .
2024-10-23 11:30:10.174 +02:00 [INF] Executing an implicit handler method - ModelState is "Valid"
2024-10-23 11:30:10.174 +02:00 [INF] Executed an implicit handler method, returned result Microsoft.AspNetCore.Mvc.RazorPages.PageResult.
2024-10-23 11:30:10.248 +02:00 [INF] Executed page /Account/Login in 135.6709ms
2024-10-23 11:30:10.249 +02:00 [INF] Executed endpoint '/Account/Login'
2024-10-23 11:30:10.249 +02:00 [INF] Request finished HTTP/1.1 GET http://localhost:5272/Identity/Account/Login - 200 null text/html; charset=utf-8 170.3164ms
2024-10-23 11:30:10.267 +02:00 [INF] Request starting HTTP/1.1 GET http://localhost:5272/lib/jquery-validation/dist/jquery.validate.min.js - null null
2024-10-23 11:30:10.268 +02:00 [INF] Request starting HTTP/1.1 GET http://localhost:5272/lib/jquery-validation-unobtrusive/jquery.validate.unobtrusive.min.js - null null
2024-10-23 11:30:10.271 +02:00 [INF] Request finished HTTP/1.1 GET http://localhost:5272/lib/jquery-validation/dist/jquery.validate.min.js - 404 0 null 3.4487ms
2024-10-23 11:30:10.271 +02:00 [INF] Request finished HTTP/1.1 GET http://localhost:5272/lib/jquery-validation-unobtrusive/jquery.validate.unobtrusive.min.js - 404 0 null 2.4009ms
2024-10-23 11:30:10.273 +02:00 [INF] Request reached the end of the middleware pipeline without being handled by application code. Request path: GET http://localhost:5272/lib/jquery-validation/dist/jquery.validate.min.js, Response status code: 404
2024-10-23 11:30:10.273 +02:00 [INF] Request reached the end of the middleware pipeline without being handled by application code. Request path: GET http://localhost:5272/lib/jquery-validation-unobtrusive/jquery.validate.unobtrusive.min.js, Response status code: 404
2024-10-23 11:30:15.117 +02:00 [INF] Request starting HTTP/1.1 POST http://localhost:5272/Identity/Account/Login - application/x-www-form-urlencoded 264
2024-10-23 11:30:15.124 +02:00 [INF] Executing endpoint '/Account/Login'
2024-10-23 11:30:15.125 +02:00 [INF] Route matched with {page = "/Account/Login", area = "Identity", action = "", controller = ""}. Executing page /Account/Login
2024-10-23 11:30:15.162 +02:00 [INF] Executing handler method GalleryNote.Areas.Identity.Pages.Account.LoginModel.OnPostAsync - ModelState is "Valid"
2024-10-23 11:30:15.376 +02:00 [INF] Executed handler method OnPostAsync, returned result Microsoft.AspNetCore.Mvc.RazorPages.PageResult.
2024-10-23 11:30:15.382 +02:00 [INF] Executed page /Account/Login in 256.5794ms
2024-10-23 11:30:15.382 +02:00 [INF] Executed endpoint '/Account/Login'
2024-10-23 11:30:15.382 +02:00 [INF] Request finished HTTP/1.1 POST http://localhost:5272/Identity/Account/Login - 200 null text/html; charset=utf-8 265.6072ms
2024-10-23 11:30:15.403 +02:00 [INF] Request starting HTTP/1.1 GET http://localhost:5272/lib/jquery-validation/dist/jquery.validate.min.js - null null
2024-10-23 11:30:15.405 +02:00 [INF] Request finished HTTP/1.1 GET http://localhost:5272/lib/jquery-validation/dist/jquery.validate.min.js - 404 0 null 1.3343ms
2024-10-23 11:30:15.405 +02:00 [INF] Request reached the end of the middleware pipeline without being handled by application code. Request path: GET http://localhost:5272/lib/jquery-validation/dist/jquery.validate.min.js, Response status code: 404
2024-10-23 11:30:15.413 +02:00 [INF] Request starting HTTP/1.1 GET http://localhost:5272/lib/jquery-validation-unobtrusive/jquery.validate.unobtrusive.min.js - null null
2024-10-23 11:30:15.414 +02:00 [INF] Request finished HTTP/1.1 GET http://localhost:5272/lib/jquery-validation-unobtrusive/jquery.validate.unobtrusive.min.js - 404 0 null 1.5239ms
2024-10-23 11:30:15.415 +02:00 [INF] Request reached the end of the middleware pipeline without being handled by application code. Request path: GET http://localhost:5272/lib/jquery-validation-unobtrusive/jquery.validate.unobtrusive.min.js, Response status code: 404
2024-10-23 11:30:19.600 +02:00 [INF] Request starting HTTP/1.1 GET http://localhost:5272/Order/Table - null null
2024-10-23 11:30:19.600 +02:00 [INF] Executing endpoint 'GalleryNote.Controllers.OrderController.Table (GalleryNote)'
2024-10-23 11:30:19.609 +02:00 [INF] Route matched with {action = "Table", controller = "Order", page = "", area = ""}. Executing controller action with signature System.Threading.Tasks.Task`1[Microsoft.AspNetCore.Mvc.IActionResult] Table() on controller GalleryNote.Controllers.OrderController (GalleryNote).
2024-10-23 11:30:19.635 +02:00 [INF] Executing ViewResult, running view Table.
2024-10-23 11:30:19.802 +02:00 [INF] Executed ViewResult - view Table executed in 167.1612ms.
2024-10-23 11:30:19.802 +02:00 [INF] Executed action GalleryNote.Controllers.OrderController.Table (GalleryNote) in 192.8349ms
2024-10-23 11:30:19.802 +02:00 [INF] Executed endpoint 'GalleryNote.Controllers.OrderController.Table (GalleryNote)'
2024-10-23 11:30:19.804 +02:00 [INF] Request finished HTTP/1.1 GET http://localhost:5272/Order/Table - 200 null text/html; charset=utf-8 204.281ms
2024-10-23 11:30:23.392 +02:00 [INF] Request starting HTTP/1.1 GET http://localhost:5272/Customer/Table - null null
2024-10-23 11:30:23.393 +02:00 [INF] Executing endpoint 'GalleryNote.Controllers.CustomerController.Table (GalleryNote)'
2024-10-23 11:30:23.397 +02:00 [INF] Route matched with {action = "Table", controller = "Customer", page = "", area = ""}. Executing controller action with signature System.Threading.Tasks.Task`1[Microsoft.AspNetCore.Mvc.IActionResult] Table() on controller GalleryNote.Controllers.CustomerController (GalleryNote).
2024-10-23 11:30:23.414 +02:00 [INF] Executing ViewResult, running view Table.
2024-10-23 11:30:23.452 +02:00 [INF] Executed ViewResult - view Table executed in 39.3712ms.
2024-10-23 11:30:23.452 +02:00 [INF] Executed action GalleryNote.Controllers.CustomerController.Table (GalleryNote) in 54.9858ms
2024-10-23 11:30:23.452 +02:00 [INF] Executed endpoint 'GalleryNote.Controllers.CustomerController.Table (GalleryNote)'
2024-10-23 11:30:23.453 +02:00 [INF] Request finished HTTP/1.1 GET http://localhost:5272/Customer/Table - 200 null text/html; charset=utf-8 61.0745ms
2024-10-23 11:30:24.999 +02:00 [INF] Request starting HTTP/1.1 GET http://localhost:5272/Item/Table - null null
2024-10-23 11:30:25.001 +02:00 [INF] Executing endpoint 'GalleryNote.Controllers.ItemController.Table (GalleryNote)'
2024-10-23 11:30:25.001 +02:00 [INF] Route matched with {action = "Table", controller = "Item", page = "", area = ""}. Executing controller action with signature System.Threading.Tasks.Task`1[Microsoft.AspNetCore.Mvc.IActionResult] Table() on controller GalleryNote.Controllers.ItemController (GalleryNote).
2024-10-23 11:30:25.006 +02:00 [INF] Executing ViewResult, running view Table.
2024-10-23 11:30:25.009 +02:00 [INF] Executed ViewResult - view Table executed in 3.553ms.
2024-10-23 11:30:25.010 +02:00 [INF] Executed action GalleryNote.Controllers.ItemController.Table (GalleryNote) in 8.3111ms
2024-10-23 11:30:25.010 +02:00 [INF] Executed endpoint 'GalleryNote.Controllers.ItemController.Table (GalleryNote)'
2024-10-23 11:30:25.010 +02:00 [INF] Request finished HTTP/1.1 GET http://localhost:5272/Item/Table - 200 null text/html; charset=utf-8 11.0634ms
2024-10-23 11:30:26.786 +02:00 [INF] Request starting HTTP/1.1 GET http://localhost:5272/Customer/Table - null null
2024-10-23 11:30:26.787 +02:00 [INF] Executing endpoint 'GalleryNote.Controllers.CustomerController.Table (GalleryNote)'
2024-10-23 11:30:26.787 +02:00 [INF] Route matched with {action = "Table", controller = "Customer", page = "", area = ""}. Executing controller action with signature System.Threading.Tasks.Task`1[Microsoft.AspNetCore.Mvc.IActionResult] Table() on controller GalleryNote.Controllers.CustomerController (GalleryNote).
2024-10-23 11:30:26.789 +02:00 [INF] Executing ViewResult, running view Table.
2024-10-23 11:30:26.796 +02:00 [INF] Executed ViewResult - view Table executed in 7.0348ms.
2024-10-23 11:30:26.796 +02:00 [INF] Executed action GalleryNote.Controllers.CustomerController.Table (GalleryNote) in 9.4802ms
2024-10-23 11:30:26.797 +02:00 [INF] Executed endpoint 'GalleryNote.Controllers.CustomerController.Table (GalleryNote)'
2024-10-23 11:30:26.798 +02:00 [INF] Request finished HTTP/1.1 GET http://localhost:5272/Customer/Table - 200 null text/html; charset=utf-8 11.5528ms
2024-10-23 11:30:31.694 +02:00 [INF] Request starting HTTP/1.1 GET http://localhost:5272/Order/Table - null null
2024-10-23 11:30:31.698 +02:00 [INF] Executing endpoint 'GalleryNote.Controllers.OrderController.Table (GalleryNote)'
2024-10-23 11:30:31.698 +02:00 [INF] Route matched with {action = "Table", controller = "Order", page = "", area = ""}. Executing controller action with signature System.Threading.Tasks.Task`1[Microsoft.AspNetCore.Mvc.IActionResult] Table() on controller GalleryNote.Controllers.OrderController (GalleryNote).
2024-10-23 11:30:31.704 +02:00 [INF] Executing ViewResult, running view Table.
2024-10-23 11:30:31.761 +02:00 [INF] Executed ViewResult - view Table executed in 56.6992ms.
2024-10-23 11:30:31.761 +02:00 [INF] Executed action GalleryNote.Controllers.OrderController.Table (GalleryNote) in 62.8915ms
2024-10-23 11:30:31.761 +02:00 [INF] Executed endpoint 'GalleryNote.Controllers.OrderController.Table (GalleryNote)'
2024-10-23 11:30:31.762 +02:00 [INF] Request finished HTTP/1.1 GET http://localhost:5272/Order/Table - 200 null text/html; charset=utf-8 67.8329ms
2024-10-23 11:30:33.017 +02:00 [INF] Request starting HTTP/1.1 GET http://localhost:5272/Order/Table - null null
2024-10-23 11:30:33.019 +02:00 [INF] Executing endpoint 'GalleryNote.Controllers.OrderController.Table (GalleryNote)'
2024-10-23 11:30:33.019 +02:00 [INF] Route matched with {action = "Table", controller = "Order", page = "", area = ""}. Executing controller action with signature System.Threading.Tasks.Task`1[Microsoft.AspNetCore.Mvc.IActionResult] Table() on controller GalleryNote.Controllers.OrderController (GalleryNote).
2024-10-23 11:30:33.023 +02:00 [INF] Executing ViewResult, running view Table.
2024-10-23 11:30:33.066 +02:00 [INF] Executed ViewResult - view Table executed in 43.5568ms.
2024-10-23 11:30:33.069 +02:00 [INF] Executed action GalleryNote.Controllers.OrderController.Table (GalleryNote) in 49.1614ms
2024-10-23 11:30:33.069 +02:00 [INF] Executed endpoint 'GalleryNote.Controllers.OrderController.Table (GalleryNote)'
2024-10-23 11:30:33.071 +02:00 [INF] Request finished HTTP/1.1 GET http://localhost:5272/Order/Table - 200 null text/html; charset=utf-8 53.1971ms
2024-10-23 11:34:19.411 +02:00 [INF] Application is shutting down...
