2024-11-27 14:39:36.546 +01:00 [INF] User profile is available. Using 'C:\Users\birko\AppData\Local\ASP.NET\DataProtection-Keys' as key repository and Windows DPAPI to encrypt keys at rest.
2024-11-27 14:39:36.852 +01:00 [INF] Now listening on: http://localhost:5272
2024-11-27 14:39:36.860 +01:00 [INF] Application started. Press Ctrl+C to shut down.
2024-11-27 14:39:36.862 +01:00 [INF] Hosting environment: Development
2024-11-27 14:39:36.862 +01:00 [INF] Content root path: C:\Users\birko\OneDrive - OsloMet\ITPE 3200 - Webapplikasjoner\GalleryNote project\GalleryNote – Kopi
2024-11-27 14:40:33.020 +01:00 [INF] Request starting HTTP/1.1 GET http://localhost:5272/ - null null
2024-11-27 14:40:33.133 +01:00 [INF] Executing endpoint 'GalleryNote.Controllers.HomeController.Index (GalleryNote)'
2024-11-27 14:40:33.145 +01:00 [INF] Route matched with {action = "Index", controller = "Home", page = "", area = ""}. Executing controller action with signature Microsoft.AspNetCore.Mvc.IActionResult Index() on controller GalleryNote.Controllers.HomeController (GalleryNote).
2024-11-27 14:40:33.151 +01:00 [INF] Executing ViewResult, running view Index.
2024-11-27 14:40:33.245 +01:00 [INF] Executed ViewResult - view Index executed in 94.0022ms.
2024-11-27 14:40:33.247 +01:00 [INF] Executed action GalleryNote.Controllers.HomeController.Index (GalleryNote) in 101.3767ms
2024-11-27 14:40:33.247 +01:00 [INF] Executed endpoint 'GalleryNote.Controllers.HomeController.Index (GalleryNote)'
2024-11-27 14:40:33.255 +01:00 [INF] Request finished HTTP/1.1 GET http://localhost:5272/ - 200 null text/html; charset=utf-8 270.0135ms
2024-11-27 14:40:34.669 +01:00 [INF] Request starting HTTP/1.1 GET http://localhost:5272/Note/Grid?active=active - null null
2024-11-27 14:40:34.757 +01:00 [INF] Executing endpoint 'GalleryNote.Controllers.NoteController.Grid (GalleryNote)'
2024-11-27 14:40:34.764 +01:00 [INF] Route matched with {action = "Grid", controller = "Note", page = "", area = ""}. Executing controller action with signature System.Threading.Tasks.Task`1[Microsoft.AspNetCore.Mvc.IActionResult] Grid() on controller GalleryNote.Controllers.NoteController (GalleryNote).
2024-11-27 14:40:34.896 +01:00 [INF] Executing ViewResult, running view Grid.
2024-11-27 14:40:34.915 +01:00 [INF] Executed ViewResult - view Grid executed in 19.7675ms.
2024-11-27 14:40:34.916 +01:00 [INF] Executed action GalleryNote.Controllers.NoteController.Grid (GalleryNote) in 151.4098ms
2024-11-27 14:40:34.916 +01:00 [INF] Executed endpoint 'GalleryNote.Controllers.NoteController.Grid (GalleryNote)'
2024-11-27 14:40:34.917 +01:00 [INF] Request finished HTTP/1.1 GET http://localhost:5272/Note/Grid?active=active - 200 null text/html; charset=utf-8 248.8291ms
2024-11-27 14:40:37.184 +01:00 [INF] Request starting HTTP/1.1 GET http://localhost:5272/Image/Grid?active=active - null null
2024-11-27 14:40:37.215 +01:00 [INF] Executing endpoint 'GalleryNote.Controllers.ImageController.Grid (GalleryNote)'
2024-11-27 14:40:37.217 +01:00 [INF] Route matched with {action = "Grid", controller = "Image", page = "", area = ""}. Executing controller action with signature Microsoft.AspNetCore.Mvc.IActionResult Grid() on controller GalleryNote.Controllers.ImageController (GalleryNote).
2024-11-27 14:40:37.244 +01:00 [INF] Executing ViewResult, running view Grid.
2024-11-27 14:40:37.263 +01:00 [INF] Executed ViewResult - view Grid executed in 20.5593ms.
2024-11-27 14:40:37.263 +01:00 [INF] Executed action GalleryNote.Controllers.ImageController.Grid (GalleryNote) in 46.2494ms
2024-11-27 14:40:37.264 +01:00 [INF] Executed endpoint 'GalleryNote.Controllers.ImageController.Grid (GalleryNote)'
2024-11-27 14:40:37.264 +01:00 [INF] Request finished HTTP/1.1 GET http://localhost:5272/Image/Grid?active=active - 200 null text/html; charset=utf-8 80.3656ms
2024-11-27 14:40:40.684 +01:00 [INF] Request starting HTTP/1.1 GET http://localhost:5272/Image/Create - null null
2024-11-27 14:40:40.697 +01:00 [INF] Executing endpoint 'GalleryNote.Controllers.ImageController.Create (GalleryNote)'
2024-11-27 14:40:40.700 +01:00 [INF] Route matched with {action = "Create", controller = "Image", page = "", area = ""}. Executing controller action with signature Microsoft.AspNetCore.Mvc.IActionResult Create() on controller GalleryNote.Controllers.ImageController (GalleryNote).
2024-11-27 14:40:40.702 +01:00 [INF] Executing ViewResult, running view Create.
2024-11-27 14:40:40.748 +01:00 [INF] Executed ViewResult - view Create executed in 48.4083ms.
2024-11-27 14:40:40.749 +01:00 [INF] Executed action GalleryNote.Controllers.ImageController.Create (GalleryNote) in 48.8466ms
2024-11-27 14:40:40.749 +01:00 [INF] Executed endpoint 'GalleryNote.Controllers.ImageController.Create (GalleryNote)'
2024-11-27 14:40:40.749 +01:00 [INF] Request finished HTTP/1.1 GET http://localhost:5272/Image/Create - 200 null text/html; charset=utf-8 65.0787ms
2024-11-27 14:40:50.937 +01:00 [INF] Request starting HTTP/1.1 POST http://localhost:5272/Image/Create - multipart/form-data; boundary=----WebKitFormBoundaryQSUk6DzlkStxE7gw 225901
2024-11-27 14:40:50.946 +01:00 [INF] Executing endpoint 'GalleryNote.Controllers.ImageController.Create (GalleryNote)'
2024-11-27 14:40:50.964 +01:00 [INF] Route matched with {action = "Create", controller = "Image", page = "", area = ""}. Executing controller action with signature System.Threading.Tasks.Task`1[Microsoft.AspNetCore.Mvc.IActionResult] Create(GalleryNote.Models.Image, Microsoft.AspNetCore.Http.IFormFile) on controller GalleryNote.Controllers.ImageController (GalleryNote).
2024-11-27 14:40:51.174 +01:00 [INF] Executing RedirectResult, redirecting to /Image/Grid.
2024-11-27 14:40:51.174 +01:00 [INF] Executed action GalleryNote.Controllers.ImageController.Create (GalleryNote) in 210.0651ms
2024-11-27 14:40:51.175 +01:00 [INF] Executed endpoint 'GalleryNote.Controllers.ImageController.Create (GalleryNote)'
2024-11-27 14:40:51.177 +01:00 [INF] Request finished HTTP/1.1 POST http://localhost:5272/Image/Create - 302 0 null 240.2977ms
2024-11-27 14:40:51.180 +01:00 [INF] Request starting HTTP/1.1 GET http://localhost:5272/Image/Grid - null null
2024-11-27 14:40:51.191 +01:00 [INF] Executing endpoint 'GalleryNote.Controllers.ImageController.Grid (GalleryNote)'
2024-11-27 14:40:51.191 +01:00 [INF] Route matched with {action = "Grid", controller = "Image", page = "", area = ""}. Executing controller action with signature Microsoft.AspNetCore.Mvc.IActionResult Grid() on controller GalleryNote.Controllers.ImageController (GalleryNote).
2024-11-27 14:40:51.197 +01:00 [INF] Executing ViewResult, running view Grid.
2024-11-27 14:40:51.203 +01:00 [INF] Executed ViewResult - view Grid executed in 5.7964ms.
2024-11-27 14:40:51.203 +01:00 [INF] Executed action GalleryNote.Controllers.ImageController.Grid (GalleryNote) in 11.677ms
2024-11-27 14:40:51.203 +01:00 [INF] Executed endpoint 'GalleryNote.Controllers.ImageController.Grid (GalleryNote)'
2024-11-27 14:40:51.204 +01:00 [INF] Request finished HTTP/1.1 GET http://localhost:5272/Image/Grid - 200 null text/html; charset=utf-8 24.4372ms
2024-11-27 14:40:51.226 +01:00 [INF] Request starting HTTP/1.1 GET http://localhost:5272/images/1.jpg - null null
2024-11-27 14:40:51.257 +01:00 [INF] Sending file. Request path: '/images/1.jpg'. Physical path: 'C:\Users\birko\OneDrive - OsloMet\ITPE 3200 - Webapplikasjoner\GalleryNote project\GalleryNote – Kopi\wwwroot\images\1.jpg'
2024-11-27 14:40:51.257 +01:00 [INF] Request finished HTTP/1.1 GET http://localhost:5272/images/1.jpg - 200 225303 image/jpeg 31.3127ms
2024-11-27 14:40:52.994 +01:00 [INF] Request starting HTTP/1.1 GET http://localhost:5272/Image/Update/6 - null null
2024-11-27 14:40:53.003 +01:00 [INF] Executing endpoint 'GalleryNote.Controllers.ImageController.Update (GalleryNote)'
2024-11-27 14:40:53.006 +01:00 [INF] Route matched with {action = "Update", controller = "Image", page = "", area = ""}. Executing controller action with signature Microsoft.AspNetCore.Mvc.IActionResult Update(Int32) on controller GalleryNote.Controllers.ImageController (GalleryNote).
2024-11-27 14:40:53.039 +01:00 [INF] Executing ViewResult, running view Update.
2024-11-27 14:40:53.079 +01:00 [INF] Executed ViewResult - view Update executed in 40.6384ms.
2024-11-27 14:40:53.079 +01:00 [INF] Executed action GalleryNote.Controllers.ImageController.Update (GalleryNote) in 72.8434ms
2024-11-27 14:40:53.079 +01:00 [INF] Executed endpoint 'GalleryNote.Controllers.ImageController.Update (GalleryNote)'
2024-11-27 14:40:53.081 +01:00 [INF] Request finished HTTP/1.1 GET http://localhost:5272/Image/Update/6 - 200 null text/html; charset=utf-8 85.5702ms
2024-11-27 14:40:58.636 +01:00 [INF] Request starting HTTP/1.1 POST http://localhost:5272/Image/Update/6 - application/x-www-form-urlencoded 294
2024-11-27 14:40:58.641 +01:00 [INF] Executing endpoint 'GalleryNote.Controllers.ImageController.Update (GalleryNote)'
2024-11-27 14:40:58.652 +01:00 [INF] Route matched with {action = "Update", controller = "Image", page = "", area = ""}. Executing controller action with signature System.Threading.Tasks.Task`1[Microsoft.AspNetCore.Mvc.IActionResult] Update(GalleryNote.Models.Image, Microsoft.AspNetCore.Http.IFormFile) on controller GalleryNote.Controllers.ImageController (GalleryNote).
2024-11-27 14:40:58.688 +01:00 [INF] Executing ViewResult, running view Update.
2024-11-27 14:40:58.692 +01:00 [INF] Executed ViewResult - view Update executed in 4.0162ms.
2024-11-27 14:40:58.692 +01:00 [INF] Executed action GalleryNote.Controllers.ImageController.Update (GalleryNote) in 39.1819ms
2024-11-27 14:40:58.692 +01:00 [INF] Executed endpoint 'GalleryNote.Controllers.ImageController.Update (GalleryNote)'
2024-11-27 14:40:58.692 +01:00 [INF] Request finished HTTP/1.1 POST http://localhost:5272/Image/Update/6 - 200 null text/html; charset=utf-8 55.4947ms
2024-11-27 14:40:59.368 +01:00 [INF] Request starting HTTP/1.1 POST http://localhost:5272/Image/Update/6 - application/x-www-form-urlencoded 294
2024-11-27 14:40:59.371 +01:00 [INF] Executing endpoint 'GalleryNote.Controllers.ImageController.Update (GalleryNote)'
2024-11-27 14:40:59.372 +01:00 [INF] Route matched with {action = "Update", controller = "Image", page = "", area = ""}. Executing controller action with signature System.Threading.Tasks.Task`1[Microsoft.AspNetCore.Mvc.IActionResult] Update(GalleryNote.Models.Image, Microsoft.AspNetCore.Http.IFormFile) on controller GalleryNote.Controllers.ImageController (GalleryNote).
2024-11-27 14:40:59.384 +01:00 [INF] Executing ViewResult, running view Update.
2024-11-27 14:40:59.386 +01:00 [INF] Executed ViewResult - view Update executed in 2.714ms.
2024-11-27 14:40:59.386 +01:00 [INF] Executed action GalleryNote.Controllers.ImageController.Update (GalleryNote) in 14.457ms
2024-11-27 14:40:59.386 +01:00 [INF] Executed endpoint 'GalleryNote.Controllers.ImageController.Update (GalleryNote)'
2024-11-27 14:40:59.387 +01:00 [INF] Request finished HTTP/1.1 POST http://localhost:5272/Image/Update/6 - 200 null text/html; charset=utf-8 18.8685ms
2024-11-27 14:40:59.536 +01:00 [INF] Request starting HTTP/1.1 POST http://localhost:5272/Image/Update/6 - application/x-www-form-urlencoded 294
2024-11-27 14:40:59.539 +01:00 [INF] Executing endpoint 'GalleryNote.Controllers.ImageController.Update (GalleryNote)'
2024-11-27 14:40:59.539 +01:00 [INF] Route matched with {action = "Update", controller = "Image", page = "", area = ""}. Executing controller action with signature System.Threading.Tasks.Task`1[Microsoft.AspNetCore.Mvc.IActionResult] Update(GalleryNote.Models.Image, Microsoft.AspNetCore.Http.IFormFile) on controller GalleryNote.Controllers.ImageController (GalleryNote).
2024-11-27 14:40:59.542 +01:00 [INF] Executing ViewResult, running view Update.
2024-11-27 14:40:59.545 +01:00 [INF] Executed ViewResult - view Update executed in 2.9975ms.
2024-11-27 14:40:59.546 +01:00 [INF] Executed action GalleryNote.Controllers.ImageController.Update (GalleryNote) in 6.8824ms
2024-11-27 14:40:59.546 +01:00 [INF] Executed endpoint 'GalleryNote.Controllers.ImageController.Update (GalleryNote)'
2024-11-27 14:40:59.547 +01:00 [INF] Request finished HTTP/1.1 POST http://localhost:5272/Image/Update/6 - 200 null text/html; charset=utf-8 11.281ms
2024-11-27 14:40:59.686 +01:00 [INF] Request starting HTTP/1.1 POST http://localhost:5272/Image/Update/6 - application/x-www-form-urlencoded 294
2024-11-27 14:40:59.689 +01:00 [INF] Executing endpoint 'GalleryNote.Controllers.ImageController.Update (GalleryNote)'
2024-11-27 14:40:59.689 +01:00 [INF] Route matched with {action = "Update", controller = "Image", page = "", area = ""}. Executing controller action with signature System.Threading.Tasks.Task`1[Microsoft.AspNetCore.Mvc.IActionResult] Update(GalleryNote.Models.Image, Microsoft.AspNetCore.Http.IFormFile) on controller GalleryNote.Controllers.ImageController (GalleryNote).
2024-11-27 14:40:59.693 +01:00 [INF] Executing ViewResult, running view Update.
2024-11-27 14:40:59.698 +01:00 [INF] Executed ViewResult - view Update executed in 5.7109ms.
2024-11-27 14:40:59.699 +01:00 [INF] Executed action GalleryNote.Controllers.ImageController.Update (GalleryNote) in 8.9369ms
2024-11-27 14:40:59.699 +01:00 [INF] Executed endpoint 'GalleryNote.Controllers.ImageController.Update (GalleryNote)'
2024-11-27 14:40:59.699 +01:00 [INF] Request finished HTTP/1.1 POST http://localhost:5272/Image/Update/6 - 200 null text/html; charset=utf-8 13.4712ms
2024-11-27 14:40:59.824 +01:00 [INF] Request starting HTTP/1.1 POST http://localhost:5272/Image/Update/6 - application/x-www-form-urlencoded 294
2024-11-27 14:40:59.827 +01:00 [INF] Executing endpoint 'GalleryNote.Controllers.ImageController.Update (GalleryNote)'
2024-11-27 14:40:59.828 +01:00 [INF] Route matched with {action = "Update", controller = "Image", page = "", area = ""}. Executing controller action with signature System.Threading.Tasks.Task`1[Microsoft.AspNetCore.Mvc.IActionResult] Update(GalleryNote.Models.Image, Microsoft.AspNetCore.Http.IFormFile) on controller GalleryNote.Controllers.ImageController (GalleryNote).
2024-11-27 14:40:59.831 +01:00 [INF] Executing ViewResult, running view Update.
2024-11-27 14:40:59.836 +01:00 [INF] Executed ViewResult - view Update executed in 4.5507ms.
2024-11-27 14:40:59.836 +01:00 [INF] Executed action GalleryNote.Controllers.ImageController.Update (GalleryNote) in 8.3114ms
2024-11-27 14:40:59.836 +01:00 [INF] Executed endpoint 'GalleryNote.Controllers.ImageController.Update (GalleryNote)'
2024-11-27 14:40:59.837 +01:00 [INF] Request finished HTTP/1.1 POST http://localhost:5272/Image/Update/6 - 200 null text/html; charset=utf-8 12.412ms
2024-11-27 14:41:01.320 +01:00 [INF] Request starting HTTP/1.1 GET http://localhost:5272/Image/Grid - null null
2024-11-27 14:41:01.322 +01:00 [INF] Executing endpoint 'GalleryNote.Controllers.ImageController.Grid (GalleryNote)'
2024-11-27 14:41:01.322 +01:00 [INF] Route matched with {action = "Grid", controller = "Image", page = "", area = ""}. Executing controller action with signature Microsoft.AspNetCore.Mvc.IActionResult Grid() on controller GalleryNote.Controllers.ImageController (GalleryNote).
2024-11-27 14:41:01.323 +01:00 [INF] Executing ViewResult, running view Grid.
2024-11-27 14:41:01.326 +01:00 [INF] Executed ViewResult - view Grid executed in 2.4219ms.
2024-11-27 14:41:01.326 +01:00 [INF] Executed action GalleryNote.Controllers.ImageController.Grid (GalleryNote) in 3.6169ms
2024-11-27 14:41:01.326 +01:00 [INF] Executed endpoint 'GalleryNote.Controllers.ImageController.Grid (GalleryNote)'
2024-11-27 14:41:01.326 +01:00 [INF] Request finished HTTP/1.1 GET http://localhost:5272/Image/Grid - 200 null text/html; charset=utf-8 6.599ms
2024-11-27 14:41:01.353 +01:00 [INF] Request starting HTTP/1.1 GET http://localhost:5272/images/1.jpg - null null
2024-11-27 14:41:01.356 +01:00 [INF] The file /images/1.jpg was not modified
2024-11-27 14:41:01.358 +01:00 [INF] Request finished HTTP/1.1 GET http://localhost:5272/images/1.jpg - 304 null image/jpeg 4.8331ms
2024-11-27 14:41:04.386 +01:00 [INF] Request starting HTTP/1.1 GET http://localhost:5272/Image/Delete/6 - null null
2024-11-27 14:41:04.388 +01:00 [INF] Executing endpoint 'GalleryNote.Controllers.ImageController.Delete (GalleryNote)'
2024-11-27 14:41:04.390 +01:00 [INF] Route matched with {action = "Delete", controller = "Image", page = "", area = ""}. Executing controller action with signature Microsoft.AspNetCore.Mvc.IActionResult Delete(Int32) on controller GalleryNote.Controllers.ImageController (GalleryNote).
2024-11-27 14:41:04.396 +01:00 [INF] Executing ViewResult, running view Delete.
2024-11-27 14:41:04.408 +01:00 [INF] Executed ViewResult - view Delete executed in 14.7654ms.
2024-11-27 14:41:04.408 +01:00 [INF] Executed action GalleryNote.Controllers.ImageController.Delete (GalleryNote) in 18.3523ms
2024-11-27 14:41:04.408 +01:00 [INF] Executed endpoint 'GalleryNote.Controllers.ImageController.Delete (GalleryNote)'
2024-11-27 14:41:04.409 +01:00 [INF] Request finished HTTP/1.1 GET http://localhost:5272/Image/Delete/6 - 200 null text/html; charset=utf-8 23.0195ms
2024-11-27 14:41:04.441 +01:00 [INF] Request starting HTTP/1.1 GET http://localhost:5272/images/1.jpg - null null
2024-11-27 14:41:04.441 +01:00 [INF] The file /images/1.jpg was not modified
2024-11-27 14:41:04.442 +01:00 [INF] Request finished HTTP/1.1 GET http://localhost:5272/images/1.jpg - 304 null image/jpeg 0.6839ms
2024-11-27 14:41:06.080 +01:00 [INF] Request starting HTTP/1.1 POST http://localhost:5272/Image/DeleteConfirmed/6 - application/x-www-form-urlencoded 225
2024-11-27 14:41:06.083 +01:00 [INF] Executing endpoint 'GalleryNote.Controllers.ImageController.DeleteConfirmed (GalleryNote)'
2024-11-27 14:41:06.086 +01:00 [INF] Route matched with {action = "DeleteConfirmed", controller = "Image", page = "", area = ""}. Executing controller action with signature Microsoft.AspNetCore.Mvc.IActionResult DeleteConfirmed(Int32) on controller GalleryNote.Controllers.ImageController (GalleryNote).
2024-11-27 14:41:06.136 +01:00 [INF] Executing RedirectResult, redirecting to /Image/Grid.
2024-11-27 14:41:06.137 +01:00 [INF] Executed action GalleryNote.Controllers.ImageController.DeleteConfirmed (GalleryNote) in 50.1692ms
2024-11-27 14:41:06.137 +01:00 [INF] Executed endpoint 'GalleryNote.Controllers.ImageController.DeleteConfirmed (GalleryNote)'
2024-11-27 14:41:06.137 +01:00 [INF] Request finished HTTP/1.1 POST http://localhost:5272/Image/DeleteConfirmed/6 - 302 0 null 57.0348ms
2024-11-27 14:41:06.143 +01:00 [INF] Request starting HTTP/1.1 GET http://localhost:5272/Image/Grid - null null
2024-11-27 14:41:06.148 +01:00 [INF] Executing endpoint 'GalleryNote.Controllers.ImageController.Grid (GalleryNote)'
2024-11-27 14:41:06.148 +01:00 [INF] Route matched with {action = "Grid", controller = "Image", page = "", area = ""}. Executing controller action with signature Microsoft.AspNetCore.Mvc.IActionResult Grid() on controller GalleryNote.Controllers.ImageController (GalleryNote).
2024-11-27 14:41:06.151 +01:00 [INF] Executing ViewResult, running view Grid.
2024-11-27 14:41:06.152 +01:00 [INF] Executed ViewResult - view Grid executed in 1.1632ms.
2024-11-27 14:41:06.153 +01:00 [INF] Executed action GalleryNote.Controllers.ImageController.Grid (GalleryNote) in 3.9681ms
2024-11-27 14:41:06.153 +01:00 [INF] Executed endpoint 'GalleryNote.Controllers.ImageController.Grid (GalleryNote)'
2024-11-27 14:41:06.153 +01:00 [INF] Request finished HTTP/1.1 GET http://localhost:5272/Image/Grid - 200 null text/html; charset=utf-8 9.9484ms
2024-11-27 14:42:05.688 +01:00 [INF] Application is shutting down...
