2024-11-27 15:27:10.569 +01:00 [INF] User profile is available. Using 'C:\Users\birko\AppData\Local\ASP.NET\DataProtection-Keys' as key repository and Windows DPAPI to encrypt keys at rest.
2024-11-27 15:27:10.962 +01:00 [INF] Now listening on: http://localhost:5272
2024-11-27 15:27:10.971 +01:00 [INF] Application started. Press Ctrl+C to shut down.
2024-11-27 15:27:10.973 +01:00 [INF] Hosting environment: Development
2024-11-27 15:27:10.973 +01:00 [INF] Content root path: C:\Users\birko\OneDrive - OsloMet\ITPE 3200 - Webapplikasjoner\GalleryNote project\GalleryNote – Kopi
2024-11-27 15:27:17.102 +01:00 [INF] Request starting HTTP/1.1 GET http://localhost:5272/ - null null
2024-11-27 15:27:17.277 +01:00 [INF] Executing endpoint 'GalleryNote.Controllers.HomeController.Index (GalleryNote)'
2024-11-27 15:27:17.296 +01:00 [INF] Route matched with {action = "Index", controller = "Home", page = "", area = ""}. Executing controller action with signature Microsoft.AspNetCore.Mvc.IActionResult Index() on controller GalleryNote.Controllers.HomeController (GalleryNote).
2024-11-27 15:27:17.326 +01:00 [INF] Executing ViewResult, running view Index.
2024-11-27 15:27:17.466 +01:00 [INF] Executed ViewResult - view Index executed in 143.3002ms.
2024-11-27 15:27:17.471 +01:00 [INF] Executed action GalleryNote.Controllers.HomeController.Index (GalleryNote) in 173.5845ms
2024-11-27 15:27:17.472 +01:00 [INF] Executed endpoint 'GalleryNote.Controllers.HomeController.Index (GalleryNote)'
2024-11-27 15:27:17.488 +01:00 [INF] Request finished HTTP/1.1 GET http://localhost:5272/ - 200 null text/html; charset=utf-8 391.7187ms
2024-11-27 15:27:18.764 +01:00 [INF] Request starting HTTP/1.1 GET http://localhost:5272/Home/Upload?active=active - null null
2024-11-27 15:27:18.940 +01:00 [INF] Executing endpoint 'GalleryNote.Controllers.HomeController.Upload (GalleryNote)'
2024-11-27 15:27:18.942 +01:00 [INF] Route matched with {action = "Upload", controller = "Home", page = "", area = ""}. Executing controller action with signature Microsoft.AspNetCore.Mvc.IActionResult Upload() on controller GalleryNote.Controllers.HomeController (GalleryNote).
2024-11-27 15:27:18.945 +01:00 [INF] Executing ViewResult, running view Upload.
2024-11-27 15:27:18.964 +01:00 [INF] Executed ViewResult - view Upload executed in 20.3251ms.
2024-11-27 15:27:18.964 +01:00 [INF] Executed action GalleryNote.Controllers.HomeController.Upload (GalleryNote) in 21.3781ms
2024-11-27 15:27:18.964 +01:00 [INF] Executed endpoint 'GalleryNote.Controllers.HomeController.Upload (GalleryNote)'
2024-11-27 15:27:18.965 +01:00 [INF] Request finished HTTP/1.1 GET http://localhost:5272/Home/Upload?active=active - 200 null text/html; charset=utf-8 201.0267ms
2024-11-27 15:27:19.658 +01:00 [INF] Request starting HTTP/1.1 GET http://localhost:5272/Image/Create - null null
2024-11-27 15:27:19.693 +01:00 [INF] Executing endpoint 'GalleryNote.Controllers.ImageController.Create (GalleryNote)'
2024-11-27 15:27:19.697 +01:00 [INF] Route matched with {action = "Create", controller = "Image", page = "", area = ""}. Executing controller action with signature Microsoft.AspNetCore.Mvc.IActionResult Create() on controller GalleryNote.Controllers.ImageController (GalleryNote).
2024-11-27 15:27:19.699 +01:00 [INF] Executing ViewResult, running view Create.
2024-11-27 15:27:19.753 +01:00 [INF] Executed ViewResult - view Create executed in 54.7416ms.
2024-11-27 15:27:19.754 +01:00 [INF] Executed action GalleryNote.Controllers.ImageController.Create (GalleryNote) in 56.5548ms
2024-11-27 15:27:19.755 +01:00 [INF] Executed endpoint 'GalleryNote.Controllers.ImageController.Create (GalleryNote)'
2024-11-27 15:27:19.755 +01:00 [INF] Request finished HTTP/1.1 GET http://localhost:5272/Image/Create - 200 null text/html; charset=utf-8 97.6422ms
2024-11-27 15:27:20.868 +01:00 [INF] Request starting HTTP/1.1 GET http://localhost:5272/Image/Upload - null null
2024-11-27 15:27:20.880 +01:00 [INF] Request finished HTTP/1.1 GET http://localhost:5272/Image/Upload - 404 0 null 11.7705ms
2024-11-27 15:27:20.884 +01:00 [INF] Request reached the end of the middleware pipeline without being handled by application code. Request path: GET http://localhost:5272/Image/Upload, Response status code: 404
2024-11-27 15:27:26.979 +01:00 [INF] Request starting HTTP/1.1 GET http://localhost:5272/Image/Upload - null null
2024-11-27 15:27:26.986 +01:00 [INF] Request finished HTTP/1.1 GET http://localhost:5272/Image/Upload - 404 0 null 7.3697ms
2024-11-27 15:27:26.987 +01:00 [INF] Request reached the end of the middleware pipeline without being handled by application code. Request path: GET http://localhost:5272/Image/Upload, Response status code: 404
2024-11-27 15:27:31.074 +01:00 [INF] Request starting HTTP/1.1 GET http://localhost:5272/Image/Create - null null
2024-11-27 15:27:31.082 +01:00 [INF] Executing endpoint 'GalleryNote.Controllers.ImageController.Create (GalleryNote)'
2024-11-27 15:27:31.083 +01:00 [INF] Route matched with {action = "Create", controller = "Image", page = "", area = ""}. Executing controller action with signature Microsoft.AspNetCore.Mvc.IActionResult Create() on controller GalleryNote.Controllers.ImageController (GalleryNote).
2024-11-27 15:27:31.083 +01:00 [INF] Executing ViewResult, running view Create.
2024-11-27 15:27:31.098 +01:00 [INF] Executed ViewResult - view Create executed in 14.4099ms.
2024-11-27 15:27:31.098 +01:00 [INF] Executed action GalleryNote.Controllers.ImageController.Create (GalleryNote) in 15.2685ms
2024-11-27 15:27:31.099 +01:00 [INF] Executed endpoint 'GalleryNote.Controllers.ImageController.Create (GalleryNote)'
2024-11-27 15:27:31.101 +01:00 [INF] Request finished HTTP/1.1 GET http://localhost:5272/Image/Create - 200 null text/html; charset=utf-8 27.0466ms
2024-11-27 15:29:10.957 +01:00 [INF] Application is shutting down...
