2024-11-09 12:28:25.954 +01:00 [INF] User profile is available. Using 'C:\Users\birko\AppData\Local\ASP.NET\DataProtection-Keys' as key repository and Windows DPAPI to encrypt keys at rest.
2024-11-09 12:28:26.608 +01:00 [INF] Now listening on: http://localhost:5272
2024-11-09 12:28:26.619 +01:00 [INF] Application started. Press Ctrl+C to shut down.
2024-11-09 12:28:26.621 +01:00 [INF] Hosting environment: Development
2024-11-09 12:28:26.621 +01:00 [INF] Content root path: C:\Users\birko\OneDrive - OsloMet\ITPE 3200 - Webapplikasjoner\GalleryNote project\GalleryNote – Kopi
2024-11-09 12:28:59.434 +01:00 [INF] Request starting HTTP/1.1 GET http://localhost:5272/ - null null
2024-11-09 12:28:59.623 +01:00 [INF] Executing endpoint 'GalleryNote.Controllers.HomeController.Index (GalleryNote)'
2024-11-09 12:28:59.661 +01:00 [INF] Route matched with {action = "Index", controller = "Home", page = "", area = ""}. Executing controller action with signature Microsoft.AspNetCore.Mvc.IActionResult Index() on controller GalleryNote.Controllers.HomeController (GalleryNote).
2024-11-09 12:28:59.685 +01:00 [INF] Executing ViewResult, running view Index.
2024-11-09 12:28:59.958 +01:00 [INF] Executed ViewResult - view Index executed in 275.1287ms.
2024-11-09 12:28:59.968 +01:00 [INF] Executed action GalleryNote.Controllers.HomeController.Index (GalleryNote) in 305.0018ms
2024-11-09 12:28:59.969 +01:00 [INF] Executed endpoint 'GalleryNote.Controllers.HomeController.Index (GalleryNote)'
2024-11-09 12:29:00.000 +01:00 [INF] Request finished HTTP/1.1 GET http://localhost:5272/ - 200 null text/html; charset=utf-8 565.0252ms
2024-11-09 12:29:05.592 +01:00 [INF] Request starting HTTP/1.1 GET http://localhost:5272/ - null null
2024-11-09 12:29:05.596 +01:00 [INF] Executing endpoint 'GalleryNote.Controllers.HomeController.Index (GalleryNote)'
2024-11-09 12:29:05.596 +01:00 [INF] Route matched with {action = "Index", controller = "Home", page = "", area = ""}. Executing controller action with signature Microsoft.AspNetCore.Mvc.IActionResult Index() on controller GalleryNote.Controllers.HomeController (GalleryNote).
2024-11-09 12:29:05.597 +01:00 [INF] Executing ViewResult, running view Index.
2024-11-09 12:29:05.614 +01:00 [INF] Executed ViewResult - view Index executed in 17.15ms.
2024-11-09 12:29:05.614 +01:00 [INF] Executed action GalleryNote.Controllers.HomeController.Index (GalleryNote) in 17.8202ms
2024-11-09 12:29:05.614 +01:00 [INF] Executed endpoint 'GalleryNote.Controllers.HomeController.Index (GalleryNote)'
2024-11-09 12:29:05.615 +01:00 [INF] Request finished HTTP/1.1 GET http://localhost:5272/ - 200 null text/html; charset=utf-8 23.108ms
2024-11-09 12:29:07.089 +01:00 [INF] Request starting HTTP/1.1 GET http://localhost:5272/ - null null
2024-11-09 12:29:07.094 +01:00 [INF] Executing endpoint 'GalleryNote.Controllers.HomeController.Index (GalleryNote)'
2024-11-09 12:29:07.094 +01:00 [INF] Route matched with {action = "Index", controller = "Home", page = "", area = ""}. Executing controller action with signature Microsoft.AspNetCore.Mvc.IActionResult Index() on controller GalleryNote.Controllers.HomeController (GalleryNote).
2024-11-09 12:29:07.095 +01:00 [INF] Executing ViewResult, running view Index.
2024-11-09 12:29:07.118 +01:00 [INF] Executed ViewResult - view Index executed in 23.2172ms.
2024-11-09 12:29:07.118 +01:00 [INF] Executed action GalleryNote.Controllers.HomeController.Index (GalleryNote) in 23.5677ms
2024-11-09 12:29:07.118 +01:00 [INF] Executed endpoint 'GalleryNote.Controllers.HomeController.Index (GalleryNote)'
2024-11-09 12:29:07.118 +01:00 [INF] Request finished HTTP/1.1 GET http://localhost:5272/ - 200 null text/html; charset=utf-8 29.6572ms
2024-11-09 12:29:09.982 +01:00 [INF] Request starting HTTP/1.1 GET http://localhost:5272/Item/Table - null null
2024-11-09 12:29:09.983 +01:00 [INF] Executing endpoint 'GalleryNote.Controllers.ItemController.Table (GalleryNote)'
2024-11-09 12:29:09.995 +01:00 [INF] Route matched with {action = "Table", controller = "Item", page = "", area = ""}. Executing controller action with signature System.Threading.Tasks.Task`1[Microsoft.AspNetCore.Mvc.IActionResult] Table() on controller GalleryNote.Controllers.ItemController (GalleryNote).
2024-11-09 12:29:10.106 +01:00 [INF] Executing ViewResult, running view Table.
2024-11-09 12:29:10.133 +01:00 [INF] Executed ViewResult - view Table executed in 28.0109ms.
2024-11-09 12:29:10.134 +01:00 [INF] Executed action GalleryNote.Controllers.ItemController.Table (GalleryNote) in 138.4857ms
2024-11-09 12:29:10.134 +01:00 [INF] Executed endpoint 'GalleryNote.Controllers.ItemController.Table (GalleryNote)'
2024-11-09 12:29:10.145 +01:00 [INF] Request finished HTTP/1.1 GET http://localhost:5272/Item/Table - 200 null text/html; charset=utf-8 162.462ms
2024-11-09 12:37:18.055 +01:00 [INF] Request starting HTTP/1.1 GET http://localhost:5272/Item/Grid - null null
2024-11-09 12:37:18.060 +01:00 [INF] Executing endpoint 'GalleryNote.Controllers.ItemController.Grid (GalleryNote)'
2024-11-09 12:37:18.068 +01:00 [INF] Route matched with {action = "Grid", controller = "Item", page = "", area = ""}. Executing controller action with signature System.Threading.Tasks.Task`1[Microsoft.AspNetCore.Mvc.IActionResult] Grid() on controller GalleryNote.Controllers.ItemController (GalleryNote).
2024-11-09 12:37:18.153 +01:00 [INF] Executing ViewResult, running view Grid.
2024-11-09 12:37:18.170 +01:00 [INF] Executed ViewResult - view Grid executed in 18.7026ms.
2024-11-09 12:37:18.170 +01:00 [INF] Executed action GalleryNote.Controllers.ItemController.Grid (GalleryNote) in 102.092ms
2024-11-09 12:37:18.170 +01:00 [INF] Executed endpoint 'GalleryNote.Controllers.ItemController.Grid (GalleryNote)'
2024-11-09 12:37:18.171 +01:00 [INF] Request finished HTTP/1.1 GET http://localhost:5272/Item/Grid - 200 null text/html; charset=utf-8 115.8023ms
2024-11-09 12:37:49.131 +01:00 [INF] Request starting HTTP/1.1 GET http://localhost:5272/Item/Table - null null
2024-11-09 12:37:49.132 +01:00 [INF] Executing endpoint 'GalleryNote.Controllers.ItemController.Table (GalleryNote)'
2024-11-09 12:37:49.132 +01:00 [INF] Route matched with {action = "Table", controller = "Item", page = "", area = ""}. Executing controller action with signature System.Threading.Tasks.Task`1[Microsoft.AspNetCore.Mvc.IActionResult] Table() on controller GalleryNote.Controllers.ItemController (GalleryNote).
2024-11-09 12:37:49.137 +01:00 [INF] Executing ViewResult, running view Table.
2024-11-09 12:37:49.143 +01:00 [INF] Executed ViewResult - view Table executed in 6.3915ms.
2024-11-09 12:37:49.143 +01:00 [INF] Executed action GalleryNote.Controllers.ItemController.Table (GalleryNote) in 11.2664ms
2024-11-09 12:37:49.144 +01:00 [INF] Executed endpoint 'GalleryNote.Controllers.ItemController.Table (GalleryNote)'
2024-11-09 12:37:49.144 +01:00 [INF] Request finished HTTP/1.1 GET http://localhost:5272/Item/Table - 200 null text/html; charset=utf-8 13.2055ms
2024-11-09 13:04:54.980 +01:00 [INF] Application is shutting down...
