2024-11-09 14:33:26.668 +01:00 [INF] User profile is available. Using 'C:\Users\birko\AppData\Local\ASP.NET\DataProtection-Keys' as key repository and Windows DPAPI to encrypt keys at rest.
2024-11-09 14:33:27.422 +01:00 [INF] Now listening on: http://localhost:5272
2024-11-09 14:33:27.439 +01:00 [INF] Application started. Press Ctrl+C to shut down.
2024-11-09 14:33:27.442 +01:00 [INF] Hosting environment: Development
2024-11-09 14:33:27.443 +01:00 [INF] Content root path: C:\Users\birko\OneDrive - OsloMet\ITPE 3200 - Webapplikasjoner\GalleryNote project\GalleryNote – Kopi
2024-11-09 14:33:29.547 +01:00 [INF] Request starting HTTP/1.1 GET http://localhost:5272/ - null null
2024-11-09 14:33:29.712 +01:00 [INF] Executing endpoint 'GalleryNote.Controllers.HomeController.Index (GalleryNote)'
2024-11-09 14:33:29.743 +01:00 [INF] Route matched with {action = "Index", controller = "Home", page = "", area = ""}. Executing controller action with signature Microsoft.AspNetCore.Mvc.IActionResult Index() on controller GalleryNote.Controllers.HomeController (GalleryNote).
2024-11-09 14:33:29.778 +01:00 [INF] Executing ViewResult, running view Index.
2024-11-09 14:33:30.193 +01:00 [INF] Executed ViewResult - view Index executed in 409.4559ms.
2024-11-09 14:33:30.226 +01:00 [INF] Executed action GalleryNote.Controllers.HomeController.Index (GalleryNote) in 462.6159ms
2024-11-09 14:33:30.232 +01:00 [INF] Executed endpoint 'GalleryNote.Controllers.HomeController.Index (GalleryNote)'
2024-11-09 14:33:30.282 +01:00 [INF] Request finished HTTP/1.1 GET http://localhost:5272/ - 200 null text/html; charset=utf-8 730.3353ms
2024-11-09 14:33:31.863 +01:00 [INF] Request starting HTTP/1.1 GET http://localhost:5272/Identity/Account/Register - null null
2024-11-09 14:33:31.867 +01:00 [INF] Executing endpoint '/Account/Register'
2024-11-09 14:33:31.915 +01:00 [INF] Route matched with {page = "/Account/Register", area = "Identity", action = "", controller = ""}. Executing page /Account/Register
2024-11-09 14:33:31.939 +01:00 [INF] Executing handler method GalleryNote.Areas.Identity.Pages.Account.RegisterModel.OnGetAsync - ModelState is "Valid"
2024-11-09 14:33:31.944 +01:00 [INF] Executed handler method OnGetAsync, returned result .
2024-11-09 14:33:31.951 +01:00 [INF] Executing an implicit handler method - ModelState is "Valid"
2024-11-09 14:33:31.952 +01:00 [INF] Executed an implicit handler method, returned result Microsoft.AspNetCore.Mvc.RazorPages.PageResult.
2024-11-09 14:33:32.027 +01:00 [INF] Executed page /Account/Register in 111.7165ms
2024-11-09 14:33:32.028 +01:00 [INF] Executed endpoint '/Account/Register'
2024-11-09 14:33:32.029 +01:00 [INF] Request finished HTTP/1.1 GET http://localhost:5272/Identity/Account/Register - 200 null text/html; charset=utf-8 165.9375ms
2024-11-09 14:33:32.057 +01:00 [INF] Request starting HTTP/1.1 GET http://localhost:5272/lib/jquery-validation/dist/jquery.validate.min.js - null null
2024-11-09 14:33:32.060 +01:00 [INF] Request starting HTTP/1.1 GET http://localhost:5272/lib/jquery-validation-unobtrusive/jquery.validate.unobtrusive.min.js - null null
2024-11-09 14:33:32.067 +01:00 [INF] Request finished HTTP/1.1 GET http://localhost:5272/lib/jquery-validation-unobtrusive/jquery.validate.unobtrusive.min.js - 404 0 null 6.6318ms
2024-11-09 14:33:32.067 +01:00 [INF] Request finished HTTP/1.1 GET http://localhost:5272/lib/jquery-validation/dist/jquery.validate.min.js - 404 0 null 9.8857ms
2024-11-09 14:33:32.071 +01:00 [INF] Request reached the end of the middleware pipeline without being handled by application code. Request path: GET http://localhost:5272/lib/jquery-validation-unobtrusive/jquery.validate.unobtrusive.min.js, Response status code: 404
2024-11-09 14:33:32.071 +01:00 [INF] Request reached the end of the middleware pipeline without being handled by application code. Request path: GET http://localhost:5272/lib/jquery-validation/dist/jquery.validate.min.js, Response status code: 404
2024-11-09 14:34:09.771 +01:00 [INF] Request starting HTTP/1.1 POST http://localhost:5272/Identity/Account/Register - application/x-www-form-urlencoded 277
2024-11-09 14:34:09.778 +01:00 [INF] Executing endpoint '/Account/Register'
2024-11-09 14:34:09.779 +01:00 [INF] Route matched with {page = "/Account/Register", area = "Identity", action = "", controller = ""}. Executing page /Account/Register
2024-11-09 14:34:09.827 +01:00 [INF] Executing handler method GalleryNote.Areas.Identity.Pages.Account.RegisterModel.OnPostAsync - ModelState is "Valid"
2024-11-09 14:34:10.259 +01:00 [INF] User created a new account with password.
2024-11-09 14:34:10.318 +01:00 [INF] AuthenticationScheme: Identity.Application signed in.
2024-11-09 14:34:10.321 +01:00 [INF] Executed handler method OnPostAsync, returned result Microsoft.AspNetCore.Mvc.LocalRedirectResult.
2024-11-09 14:34:10.322 +01:00 [INF] Executing LocalRedirectResult, redirecting to /.
2024-11-09 14:34:10.323 +01:00 [INF] Executed page /Account/Register in 543.7753ms
2024-11-09 14:34:10.323 +01:00 [INF] Executed endpoint '/Account/Register'
2024-11-09 14:34:10.325 +01:00 [INF] Request finished HTTP/1.1 POST http://localhost:5272/Identity/Account/Register - 302 0 null 553.6199ms
2024-11-09 14:34:10.326 +01:00 [INF] Request starting HTTP/1.1 GET http://localhost:5272/ - null null
2024-11-09 14:34:10.329 +01:00 [INF] Executing endpoint 'GalleryNote.Controllers.HomeController.Index (GalleryNote)'
2024-11-09 14:34:10.329 +01:00 [INF] Route matched with {action = "Index", controller = "Home", page = "", area = ""}. Executing controller action with signature Microsoft.AspNetCore.Mvc.IActionResult Index() on controller GalleryNote.Controllers.HomeController (GalleryNote).
2024-11-09 14:34:10.329 +01:00 [INF] Executing ViewResult, running view Index.
2024-11-09 14:34:10.334 +01:00 [INF] Executed ViewResult - view Index executed in 5.1678ms.
2024-11-09 14:34:10.335 +01:00 [INF] Executed action GalleryNote.Controllers.HomeController.Index (GalleryNote) in 5.8621ms
2024-11-09 14:34:10.335 +01:00 [INF] Executed endpoint 'GalleryNote.Controllers.HomeController.Index (GalleryNote)'
2024-11-09 14:34:10.335 +01:00 [INF] Request finished HTTP/1.1 GET http://localhost:5272/ - 200 null text/html; charset=utf-8 9.3513ms
2024-11-09 14:34:17.315 +01:00 [INF] Request starting HTTP/1.1 GET http://localhost:5272/Image/Table - null null
2024-11-09 14:34:17.317 +01:00 [INF] Executing endpoint 'GalleryNote.Controllers.ImageController.Table (GalleryNote)'
2024-11-09 14:34:17.323 +01:00 [INF] Route matched with {action = "Table", controller = "Image", page = "", area = ""}. Executing controller action with signature System.Threading.Tasks.Task`1[Microsoft.AspNetCore.Mvc.IActionResult] Table() on controller GalleryNote.Controllers.ImageController (GalleryNote).
2024-11-09 14:34:17.424 +01:00 [INF] Executing ViewResult, running view Table.
2024-11-09 14:34:17.437 +01:00 [INF] Executed ViewResult - view Table executed in 13.8573ms.
2024-11-09 14:34:17.437 +01:00 [INF] Executed action GalleryNote.Controllers.ImageController.Table (GalleryNote) in 114.7332ms
2024-11-09 14:34:17.437 +01:00 [INF] Executed endpoint 'GalleryNote.Controllers.ImageController.Table (GalleryNote)'
2024-11-09 14:34:17.439 +01:00 [INF] Request finished HTTP/1.1 GET http://localhost:5272/Image/Table - 200 null text/html; charset=utf-8 123.9806ms
2024-11-09 14:34:17.462 +01:00 [INF] Request starting HTTP/1.1 GET http://localhost:5272/images/bilde1.jpg - null null
2024-11-09 14:34:17.472 +01:00 [INF] The file /images/bilde1.jpg was not modified
2024-11-09 14:34:17.473 +01:00 [INF] Request finished HTTP/1.1 GET http://localhost:5272/images/bilde1.jpg - 304 null image/jpeg 10.3468ms
2024-11-09 14:34:29.574 +01:00 [INF] Application is shutting down...
