2024-11-09 13:31:37.541 +01:00 [INF] User profile is available. Using 'C:\Users\birko\AppData\Local\ASP.NET\DataProtection-Keys' as key repository and Windows DPAPI to encrypt keys at rest.
2024-11-09 13:31:37.936 +01:00 [INF] Now listening on: http://localhost:5272
2024-11-09 13:31:37.942 +01:00 [INF] Application started. Press Ctrl+C to shut down.
2024-11-09 13:31:37.943 +01:00 [INF] Hosting environment: Development
2024-11-09 13:31:37.943 +01:00 [INF] Content root path: C:\Users\birko\OneDrive - OsloMet\ITPE 3200 - Webapplikasjoner\GalleryNote project\GalleryNote – Kopi
2024-11-09 13:31:41.707 +01:00 [INF] Request starting HTTP/1.1 GET http://localhost:5272/ - null null
2024-11-09 13:31:41.856 +01:00 [INF] Executing endpoint 'GalleryNote.Controllers.HomeController.Index (GalleryNote)'
2024-11-09 13:31:41.874 +01:00 [INF] Route matched with {action = "Index", controller = "Home", page = "", area = ""}. Executing controller action with signature Microsoft.AspNetCore.Mvc.IActionResult Index() on controller GalleryNote.Controllers.HomeController (GalleryNote).
2024-11-09 13:31:41.891 +01:00 [INF] Executing ViewResult, running view Index.
2024-11-09 13:31:42.039 +01:00 [INF] Executed ViewResult - view Index executed in 150.766ms.
2024-11-09 13:31:42.045 +01:00 [INF] Executed action GalleryNote.Controllers.HomeController.Index (GalleryNote) in 169.1782ms
2024-11-09 13:31:42.045 +01:00 [INF] Executed endpoint 'GalleryNote.Controllers.HomeController.Index (GalleryNote)'
2024-11-09 13:31:42.055 +01:00 [INF] Request finished HTTP/1.1 GET http://localhost:5272/ - 200 null text/html; charset=utf-8 357.9138ms
2024-11-09 13:31:43.516 +01:00 [INF] Request starting HTTP/1.1 GET http://localhost:5272/Image/Table - null null
2024-11-09 13:31:43.524 +01:00 [INF] Executing endpoint 'GalleryNote.Controllers.ImageController.Table (GalleryNote)'
2024-11-09 13:31:43.545 +01:00 [INF] Route matched with {action = "Table", controller = "Image", page = "", area = ""}. Executing controller action with signature System.Threading.Tasks.Task`1[Microsoft.AspNetCore.Mvc.IActionResult] Table() on controller GalleryNote.Controllers.ImageController (GalleryNote).
2024-11-09 13:31:43.969 +01:00 [INF] Executing ViewResult, running view Table.
2024-11-09 13:31:44.026 +01:00 [INF] Executed ViewResult - view Table executed in 61.1811ms.
2024-11-09 13:31:44.027 +01:00 [INF] Executed action GalleryNote.Controllers.ImageController.Table (GalleryNote) in 481.5535ms
2024-11-09 13:31:44.027 +01:00 [INF] Executed endpoint 'GalleryNote.Controllers.ImageController.Table (GalleryNote)'
2024-11-09 13:31:44.049 +01:00 [INF] Request finished HTTP/1.1 GET http://localhost:5272/Image/Table - 200 null text/html; charset=utf-8 532.5501ms
2024-11-09 13:31:48.408 +01:00 [INF] Request starting HTTP/1.1 GET http://localhost:5272/ - null null
2024-11-09 13:31:48.412 +01:00 [INF] Executing endpoint 'GalleryNote.Controllers.HomeController.Index (GalleryNote)'
2024-11-09 13:31:48.413 +01:00 [INF] Route matched with {action = "Index", controller = "Home", page = "", area = ""}. Executing controller action with signature Microsoft.AspNetCore.Mvc.IActionResult Index() on controller GalleryNote.Controllers.HomeController (GalleryNote).
2024-11-09 13:31:48.413 +01:00 [INF] Executing ViewResult, running view Index.
2024-11-09 13:31:48.441 +01:00 [INF] Executed ViewResult - view Index executed in 28.5857ms.
2024-11-09 13:31:48.442 +01:00 [INF] Executed action GalleryNote.Controllers.HomeController.Index (GalleryNote) in 29.5272ms
2024-11-09 13:31:48.443 +01:00 [INF] Executed endpoint 'GalleryNote.Controllers.HomeController.Index (GalleryNote)'
2024-11-09 13:31:48.443 +01:00 [INF] Request finished HTTP/1.1 GET http://localhost:5272/ - 200 null text/html; charset=utf-8 34.5938ms
2024-11-09 13:31:49.391 +01:00 [INF] Request starting HTTP/1.1 GET http://localhost:5272/Customer/Table - null null
2024-11-09 13:31:49.397 +01:00 [INF] Request finished HTTP/1.1 GET http://localhost:5272/Customer/Table - 404 0 null 5.4095ms
2024-11-09 13:31:49.402 +01:00 [INF] Request reached the end of the middleware pipeline without being handled by application code. Request path: GET http://localhost:5272/Customer/Table, Response status code: 404
2024-11-09 13:32:16.555 +01:00 [INF] Request starting HTTP/1.1 GET http://localhost:5272/Image/Table - null null
2024-11-09 13:32:16.558 +01:00 [INF] Executing endpoint 'GalleryNote.Controllers.ImageController.Table (GalleryNote)'
2024-11-09 13:32:16.559 +01:00 [INF] Route matched with {action = "Table", controller = "Image", page = "", area = ""}. Executing controller action with signature System.Threading.Tasks.Task`1[Microsoft.AspNetCore.Mvc.IActionResult] Table() on controller GalleryNote.Controllers.ImageController (GalleryNote).
2024-11-09 13:32:16.651 +01:00 [INF] Executing ViewResult, running view Table.
2024-11-09 13:32:16.653 +01:00 [INF] Executed ViewResult - view Table executed in 2.4673ms.
2024-11-09 13:32:16.654 +01:00 [INF] Executed action GalleryNote.Controllers.ImageController.Table (GalleryNote) in 94.7938ms
2024-11-09 13:32:16.654 +01:00 [INF] Executed endpoint 'GalleryNote.Controllers.ImageController.Table (GalleryNote)'
2024-11-09 13:32:16.654 +01:00 [INF] Request finished HTTP/1.1 GET http://localhost:5272/Image/Table - 200 null text/html; charset=utf-8 99.1134ms
2024-11-09 13:32:18.023 +01:00 [INF] Request starting HTTP/1.1 GET http://localhost:5272/Image/Delete/1 - null null
2024-11-09 13:32:18.031 +01:00 [INF] Authorization failed. These requirements were not met:
DenyAnonymousAuthorizationRequirement: Requires an authenticated user.
2024-11-09 13:32:18.036 +01:00 [INF] AuthenticationScheme: Identity.Application was challenged.
2024-11-09 13:32:18.036 +01:00 [INF] Request finished HTTP/1.1 GET http://localhost:5272/Image/Delete/1 - 302 0 null 13.2551ms
2024-11-09 13:32:18.042 +01:00 [INF] Request starting HTTP/1.1 GET http://localhost:5272/Identity/Account/Login?ReturnUrl=%2FImage%2FDelete%2F1 - null null
2024-11-09 13:32:18.043 +01:00 [INF] Executing endpoint '/Account/Login'
2024-11-09 13:32:18.080 +01:00 [INF] Route matched with {page = "/Account/Login", area = "Identity", action = "", controller = ""}. Executing page /Account/Login
2024-11-09 13:32:18.111 +01:00 [INF] Executing handler method GalleryNote.Areas.Identity.Pages.Account.LoginModel.OnGetAsync - ModelState is "Valid"
2024-11-09 13:32:18.117 +01:00 [INF] AuthenticationScheme: Identity.External signed out.
2024-11-09 13:32:18.120 +01:00 [INF] Executed handler method OnGetAsync, returned result .
2024-11-09 13:32:18.124 +01:00 [INF] Executing an implicit handler method - ModelState is "Valid"
2024-11-09 13:32:18.124 +01:00 [INF] Executed an implicit handler method, returned result Microsoft.AspNetCore.Mvc.RazorPages.PageResult.
2024-11-09 13:32:18.191 +01:00 [INF] Executed page /Account/Login in 110.3261ms
2024-11-09 13:32:18.191 +01:00 [INF] Executed endpoint '/Account/Login'
2024-11-09 13:32:18.191 +01:00 [INF] Request finished HTTP/1.1 GET http://localhost:5272/Identity/Account/Login?ReturnUrl=%2FImage%2FDelete%2F1 - 200 null text/html; charset=utf-8 149.2242ms
2024-11-09 13:32:18.218 +01:00 [INF] Request starting HTTP/1.1 GET http://localhost:5272/lib/jquery-validation/dist/jquery.validate.min.js - null null
2024-11-09 13:32:18.220 +01:00 [INF] Request starting HTTP/1.1 GET http://localhost:5272/lib/jquery-validation-unobtrusive/jquery.validate.unobtrusive.min.js - null null
2024-11-09 13:32:18.221 +01:00 [INF] Request finished HTTP/1.1 GET http://localhost:5272/lib/jquery-validation/dist/jquery.validate.min.js - 404 0 null 3.0714ms
2024-11-09 13:32:18.221 +01:00 [INF] Request finished HTTP/1.1 GET http://localhost:5272/lib/jquery-validation-unobtrusive/jquery.validate.unobtrusive.min.js - 404 0 null 1.0051ms
2024-11-09 13:32:18.221 +01:00 [INF] Request reached the end of the middleware pipeline without being handled by application code. Request path: GET http://localhost:5272/lib/jquery-validation/dist/jquery.validate.min.js, Response status code: 404
2024-11-09 13:32:18.221 +01:00 [INF] Request reached the end of the middleware pipeline without being handled by application code. Request path: GET http://localhost:5272/lib/jquery-validation-unobtrusive/jquery.validate.unobtrusive.min.js, Response status code: 404
2024-11-09 13:34:19.297 +01:00 [INF] Application is shutting down...
