2024-10-10 12:57:29.414 +02:00 [INF] User profile is available. Using 'C:\Users\birko\AppData\Local\ASP.NET\DataProtection-Keys' as key repository and Windows DPAPI to encrypt keys at rest.
2024-10-10 12:57:29.778 +02:00 [INF] Now listening on: https://localhost:7004
2024-10-10 12:57:29.786 +02:00 [INF] Now listening on: http://localhost:5272
2024-10-10 12:57:29.801 +02:00 [INF] Application started. Press Ctrl+C to shut down.
2024-10-10 12:57:29.806 +02:00 [INF] Hosting environment: Development
2024-10-10 12:57:29.810 +02:00 [INF] Content root path: C:\Users\birko\OneDrive - OsloMet\ITPE 3200 - Webapplikasjoner\GalleryNote project\GalleryNote
2024-10-10 12:57:30.248 +02:00 [INF] Request starting HTTP/1.1 GET http://localhost:5272/ - null null
2024-10-10 12:57:30.305 +02:00 [INF] Executing endpoint 'GalleryNote.Controllers.HomeController.Index (GalleryNote)'
2024-10-10 12:57:30.322 +02:00 [INF] Route matched with {action = "Index", controller = "Home"}. Executing controller action with signature Microsoft.AspNetCore.Mvc.IActionResult Index() on controller GalleryNote.Controllers.HomeController (GalleryNote).
2024-10-10 12:57:30.336 +02:00 [INF] Executing ViewResult, running view Index.
2024-10-10 12:57:30.439 +02:00 [INF] Executed ViewResult - view Index executed in 104.7278ms.
2024-10-10 12:57:30.443 +02:00 [INF] Executed action GalleryNote.Controllers.HomeController.Index (GalleryNote) in 120.0909ms
2024-10-10 12:57:30.444 +02:00 [INF] Executed endpoint 'GalleryNote.Controllers.HomeController.Index (GalleryNote)'
2024-10-10 12:57:30.449 +02:00 [INF] Request finished HTTP/1.1 GET http://localhost:5272/ - 200 null text/html; charset=utf-8 204.8807ms
2024-10-10 12:58:08.495 +02:00 [INF] Request starting HTTP/1.1 GET http://localhost:5272/Order/Table - null null
2024-10-10 12:58:08.504 +02:00 [INF] Executing endpoint 'GalleryNote.Controllers.OrderController.Table (GalleryNote)'
2024-10-10 12:58:08.558 +02:00 [INF] Route matched with {action = "Table", controller = "Order"}. Executing controller action with signature System.Threading.Tasks.Task`1[Microsoft.AspNetCore.Mvc.IActionResult] Table() on controller GalleryNote.Controllers.OrderController (GalleryNote).
2024-10-10 12:58:08.761 +02:00 [INF] Executing ViewResult, running view Table.
2024-10-10 12:58:09.154 +02:00 [INF] Executed ViewResult - view Table executed in 394.5046ms.
2024-10-10 12:58:09.155 +02:00 [INF] Executed action GalleryNote.Controllers.OrderController.Table (GalleryNote) in 596.284ms
2024-10-10 12:58:09.156 +02:00 [INF] Executed endpoint 'GalleryNote.Controllers.OrderController.Table (GalleryNote)'
2024-10-10 12:58:09.175 +02:00 [INF] Request finished HTTP/1.1 GET http://localhost:5272/Order/Table - 200 null text/html; charset=utf-8 679.966ms
2024-10-10 12:58:42.258 +02:00 [INF] Request starting HTTP/1.1 GET http://localhost:5272/Item/Table - null null
2024-10-10 12:58:42.284 +02:00 [INF] Executing endpoint 'GalleryNote.Controllers.ItemController.Table (GalleryNote)'
2024-10-10 12:58:42.301 +02:00 [INF] Route matched with {action = "Table", controller = "Item"}. Executing controller action with signature System.Threading.Tasks.Task`1[Microsoft.AspNetCore.Mvc.IActionResult] Table() on controller GalleryNote.Controllers.ItemController (GalleryNote).
2024-10-10 12:58:42.454 +02:00 [INF] Executing ViewResult, running view Table.
2024-10-10 12:58:42.499 +02:00 [INF] Executed ViewResult - view Table executed in 47.2751ms.
2024-10-10 12:58:42.499 +02:00 [INF] Executed action GalleryNote.Controllers.ItemController.Table (GalleryNote) in 197.628ms
2024-10-10 12:58:42.499 +02:00 [INF] Executed endpoint 'GalleryNote.Controllers.ItemController.Table (GalleryNote)'
2024-10-10 12:58:42.500 +02:00 [INF] Request finished HTTP/1.1 GET http://localhost:5272/Item/Table - 200 null text/html; charset=utf-8 242.3886ms
2024-10-10 12:59:00.957 +02:00 [INF] Request starting HTTP/1.1 GET http://localhost:5272/Item/Create - null null
2024-10-10 12:59:00.963 +02:00 [INF] Executing endpoint 'GalleryNote.Controllers.ItemController.Create (GalleryNote)'
2024-10-10 12:59:00.967 +02:00 [INF] Route matched with {action = "Create", controller = "Item"}. Executing controller action with signature Microsoft.AspNetCore.Mvc.IActionResult Create() on controller GalleryNote.Controllers.ItemController (GalleryNote).
2024-10-10 12:59:00.976 +02:00 [INF] Executing ViewResult, running view Create.
2024-10-10 12:59:01.180 +02:00 [INF] Executed ViewResult - view Create executed in 209.8075ms.
2024-10-10 12:59:01.180 +02:00 [INF] Executed action GalleryNote.Controllers.ItemController.Create (GalleryNote) in 212.5661ms
2024-10-10 12:59:01.181 +02:00 [INF] Executed endpoint 'GalleryNote.Controllers.ItemController.Create (GalleryNote)'
2024-10-10 12:59:01.181 +02:00 [INF] Request finished HTTP/1.1 GET http://localhost:5272/Item/Create - 200 null text/html; charset=utf-8 224.7874ms
2024-10-10 12:59:07.071 +02:00 [INF] Request starting HTTP/1.1 POST http://localhost:5272/Item/Create - application/x-www-form-urlencoded 222
2024-10-10 12:59:07.076 +02:00 [INF] Executing endpoint 'GalleryNote.Controllers.ItemController.Create (GalleryNote)'
2024-10-10 12:59:07.145 +02:00 [INF] Route matched with {action = "Create", controller = "Item"}. Executing controller action with signature System.Threading.Tasks.Task`1[Microsoft.AspNetCore.Mvc.IActionResult] Create(GalleryNote.Models.Item) on controller GalleryNote.Controllers.ItemController (GalleryNote).
2024-10-10 12:59:07.303 +02:00 [WRN] [ItemController] Item creation failed {"ItemId":0,"Name":"Rice","Price":0,"Description":null,"ImageUrl":null,"OrderItems":null,"$type":"Item"}
2024-10-10 12:59:07.311 +02:00 [INF] Executing ViewResult, running view Create.
2024-10-10 12:59:07.323 +02:00 [INF] Executed ViewResult - view Create executed in 12.0092ms.
2024-10-10 12:59:07.324 +02:00 [INF] Executed action GalleryNote.Controllers.ItemController.Create (GalleryNote) in 178.7824ms
2024-10-10 12:59:07.324 +02:00 [INF] Executed endpoint 'GalleryNote.Controllers.ItemController.Create (GalleryNote)'
2024-10-10 12:59:07.325 +02:00 [INF] Request finished HTTP/1.1 POST http://localhost:5272/Item/Create - 200 null text/html; charset=utf-8 254.223ms
2024-10-10 12:59:15.464 +02:00 [INF] Request starting HTTP/1.1 POST http://localhost:5272/Item/Create - application/x-www-form-urlencoded 224
2024-10-10 12:59:15.466 +02:00 [INF] Executing endpoint 'GalleryNote.Controllers.ItemController.Create (GalleryNote)'
2024-10-10 12:59:15.467 +02:00 [INF] Route matched with {action = "Create", controller = "Item"}. Executing controller action with signature System.Threading.Tasks.Task`1[Microsoft.AspNetCore.Mvc.IActionResult] Create(GalleryNote.Models.Item) on controller GalleryNote.Controllers.ItemController (GalleryNote).
2024-10-10 12:59:15.562 +02:00 [INF] Executing RedirectResult, redirecting to /Item/Table.
2024-10-10 12:59:15.563 +02:00 [INF] Executed action GalleryNote.Controllers.ItemController.Create (GalleryNote) in 95.5488ms
2024-10-10 12:59:15.563 +02:00 [INF] Executed endpoint 'GalleryNote.Controllers.ItemController.Create (GalleryNote)'
2024-10-10 12:59:15.564 +02:00 [INF] Request finished HTTP/1.1 POST http://localhost:5272/Item/Create - 302 0 null 100.0015ms
2024-10-10 12:59:15.570 +02:00 [INF] Request starting HTTP/1.1 GET http://localhost:5272/Item/Table - null null
2024-10-10 12:59:15.570 +02:00 [INF] Executing endpoint 'GalleryNote.Controllers.ItemController.Table (GalleryNote)'
2024-10-10 12:59:15.571 +02:00 [INF] Route matched with {action = "Table", controller = "Item"}. Executing controller action with signature System.Threading.Tasks.Task`1[Microsoft.AspNetCore.Mvc.IActionResult] Table() on controller GalleryNote.Controllers.ItemController (GalleryNote).
2024-10-10 12:59:15.579 +02:00 [INF] Executing ViewResult, running view Table.
2024-10-10 12:59:15.584 +02:00 [INF] Executed ViewResult - view Table executed in 4.605ms.
2024-10-10 12:59:15.585 +02:00 [INF] Executed action GalleryNote.Controllers.ItemController.Table (GalleryNote) in 13.8568ms
2024-10-10 12:59:15.585 +02:00 [INF] Executed endpoint 'GalleryNote.Controllers.ItemController.Table (GalleryNote)'
2024-10-10 12:59:15.586 +02:00 [INF] Request finished HTTP/1.1 GET http://localhost:5272/Item/Table - 200 null text/html; charset=utf-8 15.7167ms
2024-10-10 12:59:21.371 +02:00 [INF] Request starting HTTP/1.1 GET http://localhost:5272/Item/Table - null null
2024-10-10 12:59:21.371 +02:00 [INF] Executing endpoint 'GalleryNote.Controllers.ItemController.Table (GalleryNote)'
2024-10-10 12:59:21.371 +02:00 [INF] Route matched with {action = "Table", controller = "Item"}. Executing controller action with signature System.Threading.Tasks.Task`1[Microsoft.AspNetCore.Mvc.IActionResult] Table() on controller GalleryNote.Controllers.ItemController (GalleryNote).
2024-10-10 12:59:21.379 +02:00 [INF] Executing ViewResult, running view Table.
2024-10-10 12:59:21.383 +02:00 [INF] Executed ViewResult - view Table executed in 3.3753ms.
2024-10-10 12:59:21.383 +02:00 [INF] Executed action GalleryNote.Controllers.ItemController.Table (GalleryNote) in 11.7493ms
2024-10-10 12:59:21.383 +02:00 [INF] Executed endpoint 'GalleryNote.Controllers.ItemController.Table (GalleryNote)'
2024-10-10 12:59:21.384 +02:00 [INF] Request finished HTTP/1.1 GET http://localhost:5272/Item/Table - 200 null text/html; charset=utf-8 13.1703ms
