2024-11-11 14:31:08.440 +01:00 [INF] User profile is available. Using 'C:\Users\birko\AppData\Local\ASP.NET\DataProtection-Keys' as key repository and Windows DPAPI to encrypt keys at rest.
2024-11-11 14:31:09.097 +01:00 [INF] Now listening on: http://localhost:5272
2024-11-11 14:31:09.111 +01:00 [INF] Application started. Press Ctrl+C to shut down.
2024-11-11 14:31:09.117 +01:00 [INF] Hosting environment: Development
2024-11-11 14:31:09.117 +01:00 [INF] Content root path: C:\Users\birko\OneDrive - OsloMet\ITPE 3200 - Webapplikasjoner\GalleryNote project\GalleryNote – Kopi
2024-11-11 14:31:10.724 +01:00 [INF] Request starting HTTP/1.1 GET http://localhost:5272/ - null null
2024-11-11 14:31:10.826 +01:00 [INF] Executing endpoint 'GalleryNote.Controllers.HomeController.Index (GalleryNote)'
2024-11-11 14:31:10.851 +01:00 [INF] Route matched with {action = "Index", controller = "Home", page = "", area = ""}. Executing controller action with signature Microsoft.AspNetCore.Mvc.IActionResult Index() on controller GalleryNote.Controllers.HomeController (GalleryNote).
2024-11-11 14:31:10.867 +01:00 [INF] Executing ViewResult, running view Index.
2024-11-11 14:31:11.072 +01:00 [INF] Executed ViewResult - view Index executed in 207.3253ms.
2024-11-11 14:31:11.079 +01:00 [INF] Executed action GalleryNote.Controllers.HomeController.Index (GalleryNote) in 225.9019ms
2024-11-11 14:31:11.079 +01:00 [INF] Executed endpoint 'GalleryNote.Controllers.HomeController.Index (GalleryNote)'
2024-11-11 14:31:11.095 +01:00 [INF] Request finished HTTP/1.1 GET http://localhost:5272/ - 200 null text/html; charset=utf-8 374.8011ms
2024-11-11 14:31:14.882 +01:00 [INF] Request starting HTTP/1.1 GET http://localhost:5272/Image/Table?active=active - null null
2024-11-11 14:31:14.890 +01:00 [INF] Executing endpoint 'GalleryNote.Controllers.ImageController.Table (GalleryNote)'
2024-11-11 14:31:14.919 +01:00 [INF] Route matched with {action = "Table", controller = "Image", page = "", area = ""}. Executing controller action with signature System.Threading.Tasks.Task`1[Microsoft.AspNetCore.Mvc.IActionResult] Table() on controller GalleryNote.Controllers.ImageController (GalleryNote).
2024-11-11 14:31:15.221 +01:00 [INF] Executing ViewResult, running view Table.
2024-11-11 14:31:15.263 +01:00 [INF] Executed ViewResult - view Table executed in 44.2961ms.
2024-11-11 14:31:15.264 +01:00 [INF] Executed action GalleryNote.Controllers.ImageController.Table (GalleryNote) in 344.8407ms
2024-11-11 14:31:15.264 +01:00 [INF] Executed endpoint 'GalleryNote.Controllers.ImageController.Table (GalleryNote)'
2024-11-11 14:31:15.274 +01:00 [INF] Request finished HTTP/1.1 GET http://localhost:5272/Image/Table?active=active - 200 null text/html; charset=utf-8 392.0519ms
2024-11-11 14:31:15.903 +01:00 [INF] Request starting HTTP/1.1 GET http://localhost:5272/?active=active - null null
2024-11-11 14:31:15.908 +01:00 [INF] Executing endpoint 'GalleryNote.Controllers.HomeController.Index (GalleryNote)'
2024-11-11 14:31:15.908 +01:00 [INF] Route matched with {action = "Index", controller = "Home", page = "", area = ""}. Executing controller action with signature Microsoft.AspNetCore.Mvc.IActionResult Index() on controller GalleryNote.Controllers.HomeController (GalleryNote).
2024-11-11 14:31:15.910 +01:00 [INF] Executing ViewResult, running view Index.
2024-11-11 14:31:15.942 +01:00 [INF] Executed ViewResult - view Index executed in 33.0553ms.
2024-11-11 14:31:15.942 +01:00 [INF] Executed action GalleryNote.Controllers.HomeController.Index (GalleryNote) in 33.763ms
2024-11-11 14:31:15.942 +01:00 [INF] Executed endpoint 'GalleryNote.Controllers.HomeController.Index (GalleryNote)'
2024-11-11 14:31:15.943 +01:00 [INF] Request finished HTTP/1.1 GET http://localhost:5272/?active=active - 200 null text/html; charset=utf-8 40.0707ms
2024-11-11 14:31:16.807 +01:00 [INF] Request starting HTTP/1.1 GET http://localhost:5272/Image/Table?active=active - null null
2024-11-11 14:31:16.814 +01:00 [INF] Executing endpoint 'GalleryNote.Controllers.ImageController.Table (GalleryNote)'
2024-11-11 14:31:16.815 +01:00 [INF] Route matched with {action = "Table", controller = "Image", page = "", area = ""}. Executing controller action with signature System.Threading.Tasks.Task`1[Microsoft.AspNetCore.Mvc.IActionResult] Table() on controller GalleryNote.Controllers.ImageController (GalleryNote).
2024-11-11 14:31:16.980 +01:00 [INF] Executing ViewResult, running view Table.
2024-11-11 14:31:16.986 +01:00 [INF] Executed ViewResult - view Table executed in 6.4057ms.
2024-11-11 14:31:16.986 +01:00 [INF] Executed action GalleryNote.Controllers.ImageController.Table (GalleryNote) in 171.0724ms
2024-11-11 14:31:16.986 +01:00 [INF] Executed endpoint 'GalleryNote.Controllers.ImageController.Table (GalleryNote)'
2024-11-11 14:31:16.987 +01:00 [INF] Request finished HTTP/1.1 GET http://localhost:5272/Image/Table?active=active - 200 null text/html; charset=utf-8 180.0627ms
2024-11-11 14:31:17.631 +01:00 [INF] Request starting HTTP/1.1 GET http://localhost:5272/?active=active - null null
2024-11-11 14:31:17.632 +01:00 [INF] Executing endpoint 'GalleryNote.Controllers.HomeController.Index (GalleryNote)'
2024-11-11 14:31:17.632 +01:00 [INF] Route matched with {action = "Index", controller = "Home", page = "", area = ""}. Executing controller action with signature Microsoft.AspNetCore.Mvc.IActionResult Index() on controller GalleryNote.Controllers.HomeController (GalleryNote).
2024-11-11 14:31:17.633 +01:00 [INF] Executing ViewResult, running view Index.
2024-11-11 14:31:17.639 +01:00 [INF] Executed ViewResult - view Index executed in 5.8687ms.
2024-11-11 14:31:17.639 +01:00 [INF] Executed action GalleryNote.Controllers.HomeController.Index (GalleryNote) in 6.5271ms
2024-11-11 14:31:17.639 +01:00 [INF] Executed endpoint 'GalleryNote.Controllers.HomeController.Index (GalleryNote)'
2024-11-11 14:31:17.640 +01:00 [INF] Request finished HTTP/1.1 GET http://localhost:5272/?active=active - 200 null text/html; charset=utf-8 8.9952ms
2024-11-11 14:31:18.295 +01:00 [INF] Request starting HTTP/1.1 GET http://localhost:5272/?active=active - null null
2024-11-11 14:31:18.296 +01:00 [INF] Executing endpoint 'GalleryNote.Controllers.HomeController.Index (GalleryNote)'
2024-11-11 14:31:18.296 +01:00 [INF] Route matched with {action = "Index", controller = "Home", page = "", area = ""}. Executing controller action with signature Microsoft.AspNetCore.Mvc.IActionResult Index() on controller GalleryNote.Controllers.HomeController (GalleryNote).
2024-11-11 14:31:18.297 +01:00 [INF] Executing ViewResult, running view Index.
2024-11-11 14:31:18.299 +01:00 [INF] Executed ViewResult - view Index executed in 1.9136ms.
2024-11-11 14:31:18.299 +01:00 [INF] Executed action GalleryNote.Controllers.HomeController.Index (GalleryNote) in 2.3912ms
2024-11-11 14:31:18.299 +01:00 [INF] Executed endpoint 'GalleryNote.Controllers.HomeController.Index (GalleryNote)'
2024-11-11 14:31:18.299 +01:00 [INF] Request finished HTTP/1.1 GET http://localhost:5272/?active=active - 200 null text/html; charset=utf-8 4.193ms
2024-11-11 14:31:19.103 +01:00 [INF] Request starting HTTP/1.1 GET http://localhost:5272/Image/Table?active=active - null null
2024-11-11 14:31:19.104 +01:00 [INF] Executing endpoint 'GalleryNote.Controllers.ImageController.Table (GalleryNote)'
2024-11-11 14:31:19.104 +01:00 [INF] Route matched with {action = "Table", controller = "Image", page = "", area = ""}. Executing controller action with signature System.Threading.Tasks.Task`1[Microsoft.AspNetCore.Mvc.IActionResult] Table() on controller GalleryNote.Controllers.ImageController (GalleryNote).
2024-11-11 14:31:19.114 +01:00 [INF] Executing ViewResult, running view Table.
2024-11-11 14:31:19.118 +01:00 [INF] Executed ViewResult - view Table executed in 4.2471ms.
2024-11-11 14:31:19.119 +01:00 [INF] Executed action GalleryNote.Controllers.ImageController.Table (GalleryNote) in 14.3142ms
2024-11-11 14:31:19.119 +01:00 [INF] Executed endpoint 'GalleryNote.Controllers.ImageController.Table (GalleryNote)'
2024-11-11 14:31:19.119 +01:00 [INF] Request finished HTTP/1.1 GET http://localhost:5272/Image/Table?active=active - 200 null text/html; charset=utf-8 16.6641ms
2024-11-11 14:31:19.704 +01:00 [INF] Request starting HTTP/1.1 GET http://localhost:5272/Image/Table?active=active - null null
2024-11-11 14:31:19.705 +01:00 [INF] Executing endpoint 'GalleryNote.Controllers.ImageController.Table (GalleryNote)'
2024-11-11 14:31:19.705 +01:00 [INF] Route matched with {action = "Table", controller = "Image", page = "", area = ""}. Executing controller action with signature System.Threading.Tasks.Task`1[Microsoft.AspNetCore.Mvc.IActionResult] Table() on controller GalleryNote.Controllers.ImageController (GalleryNote).
2024-11-11 14:31:19.713 +01:00 [INF] Executing ViewResult, running view Table.
2024-11-11 14:31:19.734 +01:00 [INF] Executed ViewResult - view Table executed in 20.5203ms.
2024-11-11 14:31:19.734 +01:00 [INF] Executed action GalleryNote.Controllers.ImageController.Table (GalleryNote) in 29.0768ms
2024-11-11 14:31:19.735 +01:00 [INF] Executed endpoint 'GalleryNote.Controllers.ImageController.Table (GalleryNote)'
2024-11-11 14:31:19.736 +01:00 [INF] Request finished HTTP/1.1 GET http://localhost:5272/Image/Table?active=active - 200 null text/html; charset=utf-8 31.9924ms
2024-11-11 14:31:20.209 +01:00 [INF] Request starting HTTP/1.1 GET http://localhost:5272/Image/Table?active=active - null null
2024-11-11 14:31:20.209 +01:00 [INF] Executing endpoint 'GalleryNote.Controllers.ImageController.Table (GalleryNote)'
2024-11-11 14:31:20.210 +01:00 [INF] Route matched with {action = "Table", controller = "Image", page = "", area = ""}. Executing controller action with signature System.Threading.Tasks.Task`1[Microsoft.AspNetCore.Mvc.IActionResult] Table() on controller GalleryNote.Controllers.ImageController (GalleryNote).
2024-11-11 14:31:20.214 +01:00 [INF] Executing ViewResult, running view Table.
2024-11-11 14:31:20.218 +01:00 [INF] Executed ViewResult - view Table executed in 3.6043ms.
2024-11-11 14:31:20.218 +01:00 [INF] Executed action GalleryNote.Controllers.ImageController.Table (GalleryNote) in 8.0349ms
2024-11-11 14:31:20.218 +01:00 [INF] Executed endpoint 'GalleryNote.Controllers.ImageController.Table (GalleryNote)'
2024-11-11 14:31:20.220 +01:00 [INF] Request finished HTTP/1.1 GET http://localhost:5272/Image/Table?active=active - 200 null text/html; charset=utf-8 11.0261ms
2024-11-11 14:32:20.326 +01:00 [INF] Application is shutting down...
