2024-10-22 12:23:33.786 +02:00 [INF] User profile is available. Using 'C:\Users\birko\AppData\Local\ASP.NET\DataProtection-Keys' as key repository and Windows DPAPI to encrypt keys at rest.
2024-10-22 12:23:34.200 +02:00 [INF] Now listening on: http://localhost:5272
2024-10-22 12:23:34.211 +02:00 [INF] Application started. Press Ctrl+C to shut down.
2024-10-22 12:23:34.213 +02:00 [INF] Hosting environment: Development
2024-10-22 12:23:34.213 +02:00 [INF] Content root path: C:\Users\birko\OneDrive - OsloMet\ITPE 3200 - Webapplikasjoner\GalleryNote project\GalleryNote
2024-10-22 12:25:13.453 +02:00 [INF] Request starting HTTP/1.1 GET http://localhost:5272/ - null null
2024-10-22 12:25:13.550 +02:00 [INF] Executing endpoint 'GalleryNote.Controllers.HomeController.Index (GalleryNote)'
2024-10-22 12:25:13.571 +02:00 [INF] Route matched with {action = "Index", controller = "Home", page = "", area = ""}. Executing controller action with signature Microsoft.AspNetCore.Mvc.IActionResult Index() on controller GalleryNote.Controllers.HomeController (GalleryNote).
2024-10-22 12:25:13.590 +02:00 [INF] Executing ViewResult, running view Index.
2024-10-22 12:25:13.780 +02:00 [INF] Executed ViewResult - view Index executed in 193.2379ms.
2024-10-22 12:25:13.786 +02:00 [INF] Executed action GalleryNote.Controllers.HomeController.Index (GalleryNote) in 212.3838ms
2024-10-22 12:25:13.787 +02:00 [INF] Executed endpoint 'GalleryNote.Controllers.HomeController.Index (GalleryNote)'
2024-10-22 12:25:13.802 +02:00 [INF] Request finished HTTP/1.1 GET http://localhost:5272/ - 200 null text/html; charset=utf-8 353.4678ms
2024-10-22 12:25:13.808 +02:00 [INF] Request starting HTTP/1.1 GET http://localhost:5272/js/bootstrap.js - null null
2024-10-22 12:25:13.809 +02:00 [INF] Request starting HTTP/1.1 GET http://localhost:5272/js/jquery.min.js - null null
2024-10-22 12:25:13.808 +02:00 [INF] Request starting HTTP/1.1 GET http://localhost:5272/js/jquery.validate.unobtrusive.js - null null
2024-10-22 12:25:13.808 +02:00 [INF] Request starting HTTP/1.1 GET http://localhost:5272/js/jquery.validate.js - null null
2024-10-22 12:25:13.811 +02:00 [INF] Request starting HTTP/1.1 GET http://localhost:5272/images/fishandchips.jpg - null null
2024-10-22 12:25:13.811 +02:00 [INF] Request starting HTTP/1.1 GET http://localhost:5272/images/pizza.jpg - null null
2024-10-22 12:25:13.822 +02:00 [INF] The file /images/fishandchips.jpg was not modified
2024-10-22 12:25:13.822 +02:00 [INF] The file /js/bootstrap.js was not modified
2024-10-22 12:25:13.822 +02:00 [INF] The file /images/pizza.jpg was not modified
2024-10-22 12:25:13.822 +02:00 [INF] The file /js/jquery.min.js was not modified
2024-10-22 12:25:13.823 +02:00 [INF] Request finished HTTP/1.1 GET http://localhost:5272/images/pizza.jpg - 304 null image/jpeg 11.6207ms
2024-10-22 12:25:13.823 +02:00 [INF] Request finished HTTP/1.1 GET http://localhost:5272/js/jquery.min.js - 304 null text/javascript 13.9866ms
2024-10-22 12:25:13.823 +02:00 [INF] Request finished HTTP/1.1 GET http://localhost:5272/js/bootstrap.js - 304 null text/javascript 14.7216ms
2024-10-22 12:25:13.823 +02:00 [INF] Request finished HTTP/1.1 GET http://localhost:5272/images/fishandchips.jpg - 304 null image/jpeg 11.5431ms
2024-10-22 12:25:13.842 +02:00 [INF] Request starting HTTP/1.1 GET http://localhost:5272/images/tacos.jpg - null null
2024-10-22 12:25:13.844 +02:00 [INF] The file /images/tacos.jpg was not modified
2024-10-22 12:25:13.845 +02:00 [INF] Request finished HTTP/1.1 GET http://localhost:5272/images/tacos.jpg - 304 null image/jpeg 3.0051ms
2024-10-22 12:25:13.937 +02:00 [INF] Sending file. Request path: '/js/jquery.validate.js'. Physical path: 'C:\Users\birko\OneDrive - OsloMet\ITPE 3200 - Webapplikasjoner\GalleryNote project\GalleryNote\wwwroot\js\jquery.validate.js'
2024-10-22 12:25:13.937 +02:00 [INF] Sending file. Request path: '/js/jquery.validate.unobtrusive.js'. Physical path: 'C:\Users\birko\OneDrive - OsloMet\ITPE 3200 - Webapplikasjoner\GalleryNote project\GalleryNote\wwwroot\js\jquery.validate.unobtrusive.js'
2024-10-22 12:25:13.940 +02:00 [INF] Request finished HTTP/1.1 GET http://localhost:5272/js/jquery.validate.unobtrusive.js - 200 19820 text/javascript 131.5049ms
2024-10-22 12:25:13.940 +02:00 [INF] Request finished HTTP/1.1 GET http://localhost:5272/js/jquery.validate.js - 200 52536 text/javascript 131.6144ms
2024-10-22 12:25:14.028 +02:00 [INF] Request starting HTTP/1.1 GET http://localhost:5272/favicon.ico - null null
2024-10-22 12:25:14.039 +02:00 [INF] Request finished HTTP/1.1 GET http://localhost:5272/favicon.ico - 404 0 null 10.8899ms
2024-10-22 12:25:14.041 +02:00 [INF] Request reached the end of the middleware pipeline without being handled by application code. Request path: GET http://localhost:5272/favicon.ico, Response status code: 404
2024-10-22 12:25:20.109 +02:00 [INF] Request starting HTTP/1.1 GET http://localhost:5272/Identity/Account/Login - null null
2024-10-22 12:25:20.112 +02:00 [INF] Executing endpoint '/Account/Login'
2024-10-22 12:25:20.152 +02:00 [INF] Route matched with {page = "/Account/Login", area = "Identity", action = "", controller = ""}. Executing page /Account/Login
2024-10-22 12:25:20.196 +02:00 [INF] Executing handler method GalleryNote.Areas.Identity.Pages.Account.LoginModel.OnGetAsync - ModelState is "Valid"
2024-10-22 12:25:20.205 +02:00 [INF] AuthenticationScheme: Identity.External signed out.
2024-10-22 12:25:20.207 +02:00 [INF] Executed handler method OnGetAsync, returned result .
2024-10-22 12:25:20.213 +02:00 [INF] Executing an implicit handler method - ModelState is "Valid"
2024-10-22 12:25:20.214 +02:00 [INF] Executed an implicit handler method, returned result Microsoft.AspNetCore.Mvc.RazorPages.PageResult.
2024-10-22 12:25:20.294 +02:00 [INF] Executed page /Account/Login in 141.121ms
2024-10-22 12:25:20.295 +02:00 [INF] Executed endpoint '/Account/Login'
2024-10-22 12:25:20.296 +02:00 [INF] Request finished HTTP/1.1 GET http://localhost:5272/Identity/Account/Login - 200 null text/html; charset=utf-8 186.1557ms
2024-10-22 12:25:20.318 +02:00 [INF] Request starting HTTP/1.1 GET http://localhost:5272/lib/jquery-validation/dist/jquery.validate.min.js - null null
2024-10-22 12:25:20.320 +02:00 [INF] Request finished HTTP/1.1 GET http://localhost:5272/lib/jquery-validation/dist/jquery.validate.min.js - 404 0 null 1.1454ms
2024-10-22 12:25:20.320 +02:00 [INF] Request reached the end of the middleware pipeline without being handled by application code. Request path: GET http://localhost:5272/lib/jquery-validation/dist/jquery.validate.min.js, Response status code: 404
2024-10-22 12:25:20.331 +02:00 [INF] Request starting HTTP/1.1 GET http://localhost:5272/lib/jquery-validation-unobtrusive/jquery.validate.unobtrusive.min.js - null null
2024-10-22 12:25:20.333 +02:00 [INF] Request finished HTTP/1.1 GET http://localhost:5272/lib/jquery-validation-unobtrusive/jquery.validate.unobtrusive.min.js - 404 0 null 1.6042ms
2024-10-22 12:25:20.333 +02:00 [INF] Request reached the end of the middleware pipeline without being handled by application code. Request path: GET http://localhost:5272/lib/jquery-validation-unobtrusive/jquery.validate.unobtrusive.min.js, Response status code: 404
2024-10-22 12:25:25.296 +02:00 [INF] Request starting HTTP/1.1 GET http://localhost:5272/Identity/Account/Login - null null
2024-10-22 12:25:25.306 +02:00 [INF] Executing endpoint '/Account/Login'
2024-10-22 12:25:25.308 +02:00 [INF] Route matched with {page = "/Account/Login", area = "Identity", action = "", controller = ""}. Executing page /Account/Login
2024-10-22 12:25:25.333 +02:00 [INF] Executing handler method GalleryNote.Areas.Identity.Pages.Account.LoginModel.OnGetAsync - ModelState is "Valid"
2024-10-22 12:25:25.335 +02:00 [INF] AuthenticationScheme: Identity.External signed out.
2024-10-22 12:25:25.336 +02:00 [INF] Executed handler method OnGetAsync, returned result .
2024-10-22 12:25:25.336 +02:00 [INF] Executing an implicit handler method - ModelState is "Valid"
2024-10-22 12:25:25.336 +02:00 [INF] Executed an implicit handler method, returned result Microsoft.AspNetCore.Mvc.RazorPages.PageResult.
2024-10-22 12:25:25.356 +02:00 [INF] Executed page /Account/Login in 46.8366ms
2024-10-22 12:25:25.356 +02:00 [INF] Executed endpoint '/Account/Login'
2024-10-22 12:25:25.357 +02:00 [INF] Request finished HTTP/1.1 GET http://localhost:5272/Identity/Account/Login - 200 null text/html; charset=utf-8 61.0298ms
2024-10-22 12:25:25.371 +02:00 [INF] Request starting HTTP/1.1 GET http://localhost:5272/lib/jquery-validation/dist/jquery.validate.min.js - null null
2024-10-22 12:25:25.372 +02:00 [INF] Request starting HTTP/1.1 GET http://localhost:5272/lib/jquery-validation-unobtrusive/jquery.validate.unobtrusive.min.js - null null
2024-10-22 12:25:25.373 +02:00 [INF] Request finished HTTP/1.1 GET http://localhost:5272/lib/jquery-validation/dist/jquery.validate.min.js - 404 0 null 1.1086ms
2024-10-22 12:25:25.373 +02:00 [INF] Request reached the end of the middleware pipeline without being handled by application code. Request path: GET http://localhost:5272/lib/jquery-validation/dist/jquery.validate.min.js, Response status code: 404
2024-10-22 12:25:25.374 +02:00 [INF] Request finished HTTP/1.1 GET http://localhost:5272/lib/jquery-validation-unobtrusive/jquery.validate.unobtrusive.min.js - 404 0 null 1.2804ms
2024-10-22 12:25:25.374 +02:00 [INF] Request reached the end of the middleware pipeline without being handled by application code. Request path: GET http://localhost:5272/lib/jquery-validation-unobtrusive/jquery.validate.unobtrusive.min.js, Response status code: 404
2024-10-22 12:25:26.804 +02:00 [INF] Request starting HTTP/1.1 GET http://localhost:5272/Identity/Account/Register - null null
2024-10-22 12:25:26.805 +02:00 [INF] Executing endpoint '/Account/Register'
2024-10-22 12:25:26.816 +02:00 [INF] Route matched with {page = "/Account/Register", area = "Identity", action = "", controller = ""}. Executing page /Account/Register
2024-10-22 12:25:26.819 +02:00 [INF] Executing handler method GalleryNote.Areas.Identity.Pages.Account.RegisterModel.OnGetAsync - ModelState is "Valid"
2024-10-22 12:25:26.822 +02:00 [INF] Executed handler method OnGetAsync, returned result .
2024-10-22 12:25:26.822 +02:00 [INF] Executing an implicit handler method - ModelState is "Valid"
2024-10-22 12:25:26.823 +02:00 [INF] Executed an implicit handler method, returned result Microsoft.AspNetCore.Mvc.RazorPages.PageResult.
2024-10-22 12:25:26.862 +02:00 [INF] Executed page /Account/Register in 45.2715ms
2024-10-22 12:25:26.862 +02:00 [INF] Executed endpoint '/Account/Register'
2024-10-22 12:25:26.862 +02:00 [INF] Request finished HTTP/1.1 GET http://localhost:5272/Identity/Account/Register - 200 null text/html; charset=utf-8 57.5949ms
2024-10-22 12:25:26.882 +02:00 [INF] Request starting HTTP/1.1 GET http://localhost:5272/lib/jquery-validation/dist/jquery.validate.min.js - null null
2024-10-22 12:25:26.883 +02:00 [INF] Request starting HTTP/1.1 GET http://localhost:5272/lib/jquery-validation-unobtrusive/jquery.validate.unobtrusive.min.js - null null
2024-10-22 12:25:26.884 +02:00 [INF] Request finished HTTP/1.1 GET http://localhost:5272/lib/jquery-validation/dist/jquery.validate.min.js - 404 0 null 1.2931ms
2024-10-22 12:25:26.884 +02:00 [INF] Request finished HTTP/1.1 GET http://localhost:5272/lib/jquery-validation-unobtrusive/jquery.validate.unobtrusive.min.js - 404 0 null 0.78ms
2024-10-22 12:25:26.884 +02:00 [INF] Request reached the end of the middleware pipeline without being handled by application code. Request path: GET http://localhost:5272/lib/jquery-validation/dist/jquery.validate.min.js, Response status code: 404
2024-10-22 12:25:26.884 +02:00 [INF] Request reached the end of the middleware pipeline without being handled by application code. Request path: GET http://localhost:5272/lib/jquery-validation-unobtrusive/jquery.validate.unobtrusive.min.js, Response status code: 404
2024-10-22 12:25:28.582 +02:00 [INF] Request starting HTTP/1.1 GET http://localhost:5272/Identity/Account/Login - null null
2024-10-22 12:25:28.583 +02:00 [INF] Executing endpoint '/Account/Login'
2024-10-22 12:25:28.584 +02:00 [INF] Route matched with {page = "/Account/Login", area = "Identity", action = "", controller = ""}. Executing page /Account/Login
2024-10-22 12:25:28.586 +02:00 [INF] Executing handler method GalleryNote.Areas.Identity.Pages.Account.LoginModel.OnGetAsync - ModelState is "Valid"
2024-10-22 12:25:28.586 +02:00 [INF] AuthenticationScheme: Identity.External signed out.
2024-10-22 12:25:28.587 +02:00 [INF] Executed handler method OnGetAsync, returned result .
2024-10-22 12:25:28.587 +02:00 [INF] Executing an implicit handler method - ModelState is "Valid"
2024-10-22 12:25:28.587 +02:00 [INF] Executed an implicit handler method, returned result Microsoft.AspNetCore.Mvc.RazorPages.PageResult.
2024-10-22 12:25:28.595 +02:00 [INF] Executed page /Account/Login in 9.9651ms
2024-10-22 12:25:28.595 +02:00 [INF] Executed endpoint '/Account/Login'
2024-10-22 12:25:28.596 +02:00 [INF] Request finished HTTP/1.1 GET http://localhost:5272/Identity/Account/Login - 200 null text/html; charset=utf-8 13.8525ms
2024-10-22 12:25:28.624 +02:00 [INF] Request starting HTTP/1.1 GET http://localhost:5272/lib/jquery-validation/dist/jquery.validate.min.js - null null
2024-10-22 12:25:28.625 +02:00 [INF] Request starting HTTP/1.1 GET http://localhost:5272/lib/jquery-validation-unobtrusive/jquery.validate.unobtrusive.min.js - null null
2024-10-22 12:25:28.625 +02:00 [INF] Request finished HTTP/1.1 GET http://localhost:5272/lib/jquery-validation/dist/jquery.validate.min.js - 404 0 null 1.3271ms
2024-10-22 12:25:28.626 +02:00 [INF] Request reached the end of the middleware pipeline without being handled by application code. Request path: GET http://localhost:5272/lib/jquery-validation/dist/jquery.validate.min.js, Response status code: 404
2024-10-22 12:25:28.626 +02:00 [INF] Request finished HTTP/1.1 GET http://localhost:5272/lib/jquery-validation-unobtrusive/jquery.validate.unobtrusive.min.js - 404 0 null 1.0058ms
2024-10-22 12:25:28.626 +02:00 [INF] Request reached the end of the middleware pipeline without being handled by application code. Request path: GET http://localhost:5272/lib/jquery-validation-unobtrusive/jquery.validate.unobtrusive.min.js, Response status code: 404
2024-10-22 12:25:33.703 +02:00 [INF] Request starting HTTP/1.1 GET http://localhost:5272/Identity/Account/Register - null null
2024-10-22 12:25:33.704 +02:00 [INF] Executing endpoint '/Account/Register'
2024-10-22 12:25:33.704 +02:00 [INF] Route matched with {page = "/Account/Register", area = "Identity", action = "", controller = ""}. Executing page /Account/Register
2024-10-22 12:25:33.705 +02:00 [INF] Executing handler method GalleryNote.Areas.Identity.Pages.Account.RegisterModel.OnGetAsync - ModelState is "Valid"
2024-10-22 12:25:33.705 +02:00 [INF] Executed handler method OnGetAsync, returned result .
2024-10-22 12:25:33.705 +02:00 [INF] Executing an implicit handler method - ModelState is "Valid"
2024-10-22 12:25:33.705 +02:00 [INF] Executed an implicit handler method, returned result Microsoft.AspNetCore.Mvc.RazorPages.PageResult.
2024-10-22 12:25:33.714 +02:00 [INF] Executed page /Account/Register in 10.1883ms
2024-10-22 12:25:33.714 +02:00 [INF] Executed endpoint '/Account/Register'
2024-10-22 12:25:33.715 +02:00 [INF] Request finished HTTP/1.1 GET http://localhost:5272/Identity/Account/Register - 200 null text/html; charset=utf-8 12.0452ms
2024-10-22 12:25:33.750 +02:00 [INF] Request starting HTTP/1.1 GET http://localhost:5272/lib/jquery-validation/dist/jquery.validate.min.js - null null
2024-10-22 12:25:33.752 +02:00 [INF] Request finished HTTP/1.1 GET http://localhost:5272/lib/jquery-validation/dist/jquery.validate.min.js - 404 0 null 1.3944ms
2024-10-22 12:25:33.752 +02:00 [INF] Request starting HTTP/1.1 GET http://localhost:5272/lib/jquery-validation-unobtrusive/jquery.validate.unobtrusive.min.js - null null
2024-10-22 12:25:33.752 +02:00 [INF] Request reached the end of the middleware pipeline without being handled by application code. Request path: GET http://localhost:5272/lib/jquery-validation/dist/jquery.validate.min.js, Response status code: 404
2024-10-22 12:25:33.754 +02:00 [INF] Request finished HTTP/1.1 GET http://localhost:5272/lib/jquery-validation-unobtrusive/jquery.validate.unobtrusive.min.js - 404 0 null 2.6466ms
2024-10-22 12:25:33.755 +02:00 [INF] Request reached the end of the middleware pipeline without being handled by application code. Request path: GET http://localhost:5272/lib/jquery-validation-unobtrusive/jquery.validate.unobtrusive.min.js, Response status code: 404
2024-10-22 12:25:37.869 +02:00 [INF] Request starting HTTP/1.1 GET http://localhost:5272/Identity/Account/Login - null null
2024-10-22 12:25:37.870 +02:00 [INF] Executing endpoint '/Account/Login'
2024-10-22 12:25:37.870 +02:00 [INF] Route matched with {page = "/Account/Login", area = "Identity", action = "", controller = ""}. Executing page /Account/Login
2024-10-22 12:25:37.872 +02:00 [INF] Executing handler method GalleryNote.Areas.Identity.Pages.Account.LoginModel.OnGetAsync - ModelState is "Valid"
2024-10-22 12:25:37.872 +02:00 [INF] AuthenticationScheme: Identity.External signed out.
2024-10-22 12:25:37.872 +02:00 [INF] Executed handler method OnGetAsync, returned result .
2024-10-22 12:25:37.873 +02:00 [INF] Executing an implicit handler method - ModelState is "Valid"
2024-10-22 12:25:37.873 +02:00 [INF] Executed an implicit handler method, returned result Microsoft.AspNetCore.Mvc.RazorPages.PageResult.
2024-10-22 12:25:37.876 +02:00 [INF] Executed page /Account/Login in 5.5264ms
2024-10-22 12:25:37.876 +02:00 [INF] Executed endpoint '/Account/Login'
2024-10-22 12:25:37.877 +02:00 [INF] Request finished HTTP/1.1 GET http://localhost:5272/Identity/Account/Login - 200 null text/html; charset=utf-8 7.46ms
2024-10-22 12:25:37.899 +02:00 [INF] Request starting HTTP/1.1 GET http://localhost:5272/lib/jquery-validation/dist/jquery.validate.min.js - null null
2024-10-22 12:25:37.901 +02:00 [INF] Request finished HTTP/1.1 GET http://localhost:5272/lib/jquery-validation/dist/jquery.validate.min.js - 404 0 null 1.3769ms
2024-10-22 12:25:37.901 +02:00 [INF] Request starting HTTP/1.1 GET http://localhost:5272/lib/jquery-validation-unobtrusive/jquery.validate.unobtrusive.min.js - null null
2024-10-22 12:25:37.901 +02:00 [INF] Request reached the end of the middleware pipeline without being handled by application code. Request path: GET http://localhost:5272/lib/jquery-validation/dist/jquery.validate.min.js, Response status code: 404
2024-10-22 12:25:37.902 +02:00 [INF] Request finished HTTP/1.1 GET http://localhost:5272/lib/jquery-validation-unobtrusive/jquery.validate.unobtrusive.min.js - 404 0 null 1.2924ms
2024-10-22 12:25:37.902 +02:00 [INF] Request reached the end of the middleware pipeline without being handled by application code. Request path: GET http://localhost:5272/lib/jquery-validation-unobtrusive/jquery.validate.unobtrusive.min.js, Response status code: 404
2024-10-22 12:25:40.132 +02:00 [INF] Request starting HTTP/1.1 GET http://localhost:5272/Identity/Account/Register - null null
2024-10-22 12:25:40.133 +02:00 [INF] Executing endpoint '/Account/Register'
2024-10-22 12:25:40.133 +02:00 [INF] Route matched with {page = "/Account/Register", area = "Identity", action = "", controller = ""}. Executing page /Account/Register
2024-10-22 12:25:40.133 +02:00 [INF] Executing handler method GalleryNote.Areas.Identity.Pages.Account.RegisterModel.OnGetAsync - ModelState is "Valid"
2024-10-22 12:25:40.133 +02:00 [INF] Executed handler method OnGetAsync, returned result .
2024-10-22 12:25:40.133 +02:00 [INF] Executing an implicit handler method - ModelState is "Valid"
2024-10-22 12:25:40.134 +02:00 [INF] Executed an implicit handler method, returned result Microsoft.AspNetCore.Mvc.RazorPages.PageResult.
2024-10-22 12:25:40.136 +02:00 [INF] Executed page /Account/Register in 3.3197ms
2024-10-22 12:25:40.136 +02:00 [INF] Executed endpoint '/Account/Register'
2024-10-22 12:25:40.137 +02:00 [INF] Request finished HTTP/1.1 GET http://localhost:5272/Identity/Account/Register - 200 null text/html; charset=utf-8 4.3027ms
2024-10-22 12:25:40.154 +02:00 [INF] Request starting HTTP/1.1 GET http://localhost:5272/lib/jquery-validation/dist/jquery.validate.min.js - null null
2024-10-22 12:25:40.154 +02:00 [INF] Request starting HTTP/1.1 GET http://localhost:5272/lib/jquery-validation-unobtrusive/jquery.validate.unobtrusive.min.js - null null
2024-10-22 12:25:40.155 +02:00 [INF] Request finished HTTP/1.1 GET http://localhost:5272/lib/jquery-validation/dist/jquery.validate.min.js - 404 0 null 1.091ms
2024-10-22 12:25:40.155 +02:00 [INF] Request finished HTTP/1.1 GET http://localhost:5272/lib/jquery-validation-unobtrusive/jquery.validate.unobtrusive.min.js - 404 0 null 0.599ms
2024-10-22 12:25:40.155 +02:00 [INF] Request reached the end of the middleware pipeline without being handled by application code. Request path: GET http://localhost:5272/lib/jquery-validation/dist/jquery.validate.min.js, Response status code: 404
2024-10-22 12:25:40.155 +02:00 [INF] Request reached the end of the middleware pipeline without being handled by application code. Request path: GET http://localhost:5272/lib/jquery-validation-unobtrusive/jquery.validate.unobtrusive.min.js, Response status code: 404
2024-10-22 12:25:59.747 +02:00 [INF] Request starting HTTP/1.1 GET http://localhost:5272/Identity/Account/Login - null null
2024-10-22 12:25:59.748 +02:00 [INF] Executing endpoint '/Account/Login'
2024-10-22 12:25:59.748 +02:00 [INF] Route matched with {page = "/Account/Login", area = "Identity", action = "", controller = ""}. Executing page /Account/Login
2024-10-22 12:25:59.749 +02:00 [INF] Executing handler method GalleryNote.Areas.Identity.Pages.Account.LoginModel.OnGetAsync - ModelState is "Valid"
2024-10-22 12:25:59.749 +02:00 [INF] AuthenticationScheme: Identity.External signed out.
2024-10-22 12:25:59.749 +02:00 [INF] Executed handler method OnGetAsync, returned result .
2024-10-22 12:25:59.749 +02:00 [INF] Executing an implicit handler method - ModelState is "Valid"
2024-10-22 12:25:59.749 +02:00 [INF] Executed an implicit handler method, returned result Microsoft.AspNetCore.Mvc.RazorPages.PageResult.
2024-10-22 12:25:59.753 +02:00 [INF] Executed page /Account/Login in 4.4069ms
2024-10-22 12:25:59.753 +02:00 [INF] Executed endpoint '/Account/Login'
2024-10-22 12:25:59.753 +02:00 [INF] Request finished HTTP/1.1 GET http://localhost:5272/Identity/Account/Login - 200 null text/html; charset=utf-8 5.7662ms
2024-10-22 12:25:59.790 +02:00 [INF] Request starting HTTP/1.1 GET http://localhost:5272/lib/jquery-validation/dist/jquery.validate.min.js - null null
2024-10-22 12:25:59.791 +02:00 [INF] Request finished HTTP/1.1 GET http://localhost:5272/lib/jquery-validation/dist/jquery.validate.min.js - 404 0 null 0.987ms
2024-10-22 12:25:59.791 +02:00 [INF] Request reached the end of the middleware pipeline without being handled by application code. Request path: GET http://localhost:5272/lib/jquery-validation/dist/jquery.validate.min.js, Response status code: 404
2024-10-22 12:25:59.791 +02:00 [INF] Request starting HTTP/1.1 GET http://localhost:5272/lib/jquery-validation-unobtrusive/jquery.validate.unobtrusive.min.js - null null
2024-10-22 12:25:59.792 +02:00 [INF] Request finished HTTP/1.1 GET http://localhost:5272/lib/jquery-validation-unobtrusive/jquery.validate.unobtrusive.min.js - 404 0 null 0.8978ms
2024-10-22 12:25:59.792 +02:00 [INF] Request reached the end of the middleware pipeline without being handled by application code. Request path: GET http://localhost:5272/lib/jquery-validation-unobtrusive/jquery.validate.unobtrusive.min.js, Response status code: 404
2024-10-22 12:28:49.092 +02:00 [INF] Request starting HTTP/1.1 GET http://localhost:5272/Identity/Account/Register - null null
2024-10-22 12:28:49.093 +02:00 [INF] Executing endpoint '/Account/Register'
2024-10-22 12:28:49.093 +02:00 [INF] Route matched with {page = "/Account/Register", area = "Identity", action = "", controller = ""}. Executing page /Account/Register
2024-10-22 12:28:49.094 +02:00 [INF] Executing handler method GalleryNote.Areas.Identity.Pages.Account.RegisterModel.OnGetAsync - ModelState is "Valid"
2024-10-22 12:28:49.094 +02:00 [INF] Executed handler method OnGetAsync, returned result .
2024-10-22 12:28:49.094 +02:00 [INF] Executing an implicit handler method - ModelState is "Valid"
2024-10-22 12:28:49.094 +02:00 [INF] Executed an implicit handler method, returned result Microsoft.AspNetCore.Mvc.RazorPages.PageResult.
2024-10-22 12:28:49.096 +02:00 [INF] Executed page /Account/Register in 2.7251ms
2024-10-22 12:28:49.096 +02:00 [INF] Executed endpoint '/Account/Register'
2024-10-22 12:28:49.096 +02:00 [INF] Request finished HTTP/1.1 GET http://localhost:5272/Identity/Account/Register - 200 null text/html; charset=utf-8 4.3888ms
2024-10-22 12:28:49.119 +02:00 [INF] Request starting HTTP/1.1 GET http://localhost:5272/lib/jquery-validation/dist/jquery.validate.min.js - null null
2024-10-22 12:28:49.119 +02:00 [INF] Request starting HTTP/1.1 GET http://localhost:5272/lib/jquery-validation-unobtrusive/jquery.validate.unobtrusive.min.js - null null
2024-10-22 12:28:49.120 +02:00 [INF] Request finished HTTP/1.1 GET http://localhost:5272/lib/jquery-validation/dist/jquery.validate.min.js - 404 0 null 1.2496ms
2024-10-22 12:28:49.120 +02:00 [INF] Request finished HTTP/1.1 GET http://localhost:5272/lib/jquery-validation-unobtrusive/jquery.validate.unobtrusive.min.js - 404 0 null 1.1696ms
2024-10-22 12:28:49.120 +02:00 [INF] Request reached the end of the middleware pipeline without being handled by application code. Request path: GET http://localhost:5272/lib/jquery-validation/dist/jquery.validate.min.js, Response status code: 404
2024-10-22 12:28:49.121 +02:00 [INF] Request reached the end of the middleware pipeline without being handled by application code. Request path: GET http://localhost:5272/lib/jquery-validation-unobtrusive/jquery.validate.unobtrusive.min.js, Response status code: 404
2024-10-22 12:29:13.070 +02:00 [INF] Request starting HTTP/1.1 POST http://localhost:5272/Identity/Account/Register - application/x-www-form-urlencoded 267
2024-10-22 12:29:13.070 +02:00 [INF] Executing endpoint '/Account/Register'
2024-10-22 12:29:13.070 +02:00 [INF] Route matched with {page = "/Account/Register", area = "Identity", action = "", controller = ""}. Executing page /Account/Register
2024-10-22 12:29:13.104 +02:00 [INF] Executing handler method GalleryNote.Areas.Identity.Pages.Account.RegisterModel.OnPostAsync - ModelState is "Valid"
2024-10-22 12:29:13.128 +02:00 [INF] Executed handler method OnPostAsync, returned result Microsoft.AspNetCore.Mvc.RazorPages.PageResult.
2024-10-22 12:29:13.131 +02:00 [INF] Executed page /Account/Register in 60.5246ms
2024-10-22 12:29:13.131 +02:00 [INF] Executed endpoint '/Account/Register'
2024-10-22 12:29:13.131 +02:00 [INF] Request finished HTTP/1.1 POST http://localhost:5272/Identity/Account/Register - 200 null text/html; charset=utf-8 61.3932ms
2024-10-22 12:29:13.149 +02:00 [INF] Request starting HTTP/1.1 GET http://localhost:5272/lib/jquery-validation/dist/jquery.validate.min.js - null null
2024-10-22 12:29:13.149 +02:00 [INF] Request starting HTTP/1.1 GET http://localhost:5272/lib/jquery-validation-unobtrusive/jquery.validate.unobtrusive.min.js - null null
2024-10-22 12:29:13.150 +02:00 [INF] Request finished HTTP/1.1 GET http://localhost:5272/lib/jquery-validation/dist/jquery.validate.min.js - 404 0 null 1.0722ms
2024-10-22 12:29:13.150 +02:00 [INF] Request reached the end of the middleware pipeline without being handled by application code. Request path: GET http://localhost:5272/lib/jquery-validation/dist/jquery.validate.min.js, Response status code: 404
2024-10-22 12:29:13.150 +02:00 [INF] Request finished HTTP/1.1 GET http://localhost:5272/lib/jquery-validation-unobtrusive/jquery.validate.unobtrusive.min.js - 404 0 null 0.9391ms
2024-10-22 12:29:13.150 +02:00 [INF] Request reached the end of the middleware pipeline without being handled by application code. Request path: GET http://localhost:5272/lib/jquery-validation-unobtrusive/jquery.validate.unobtrusive.min.js, Response status code: 404
2024-10-22 12:29:33.391 +02:00 [INF] Request starting HTTP/1.1 POST http://localhost:5272/Identity/Account/Register - application/x-www-form-urlencoded 267
2024-10-22 12:29:33.392 +02:00 [INF] Executing endpoint '/Account/Register'
2024-10-22 12:29:33.393 +02:00 [INF] Route matched with {page = "/Account/Register", area = "Identity", action = "", controller = ""}. Executing page /Account/Register
2024-10-22 12:29:33.399 +02:00 [INF] Executing handler method GalleryNote.Areas.Identity.Pages.Account.RegisterModel.OnPostAsync - ModelState is "Valid"
2024-10-22 12:29:33.402 +02:00 [INF] Executed handler method OnPostAsync, returned result Microsoft.AspNetCore.Mvc.RazorPages.PageResult.
2024-10-22 12:29:33.410 +02:00 [INF] Executed page /Account/Register in 16.757ms
2024-10-22 12:29:33.410 +02:00 [INF] Executed endpoint '/Account/Register'
2024-10-22 12:29:33.411 +02:00 [INF] Request finished HTTP/1.1 POST http://localhost:5272/Identity/Account/Register - 200 null text/html; charset=utf-8 19.7922ms
2024-10-22 12:29:33.454 +02:00 [INF] Request starting HTTP/1.1 GET http://localhost:5272/lib/jquery-validation/dist/jquery.validate.min.js - null null
2024-10-22 12:29:33.455 +02:00 [INF] Request starting HTTP/1.1 GET http://localhost:5272/lib/jquery-validation-unobtrusive/jquery.validate.unobtrusive.min.js - null null
2024-10-22 12:29:33.456 +02:00 [INF] Request finished HTTP/1.1 GET http://localhost:5272/lib/jquery-validation/dist/jquery.validate.min.js - 404 0 null 1.6711ms
2024-10-22 12:29:33.456 +02:00 [INF] Request reached the end of the middleware pipeline without being handled by application code. Request path: GET http://localhost:5272/lib/jquery-validation/dist/jquery.validate.min.js, Response status code: 404
2024-10-22 12:29:33.466 +02:00 [INF] Request finished HTTP/1.1 GET http://localhost:5272/lib/jquery-validation-unobtrusive/jquery.validate.unobtrusive.min.js - 404 0 null 10.3627ms
2024-10-22 12:29:33.466 +02:00 [INF] Request reached the end of the middleware pipeline without being handled by application code. Request path: GET http://localhost:5272/lib/jquery-validation-unobtrusive/jquery.validate.unobtrusive.min.js, Response status code: 404
2024-10-22 12:30:24.505 +02:00 [INF] Request starting HTTP/1.1 POST http://localhost:5272/Identity/Account/Register - application/x-www-form-urlencoded 273
2024-10-22 12:30:24.505 +02:00 [INF] Executing endpoint '/Account/Register'
2024-10-22 12:30:24.506 +02:00 [INF] Route matched with {page = "/Account/Register", area = "Identity", action = "", controller = ""}. Executing page /Account/Register
2024-10-22 12:30:24.507 +02:00 [INF] Executing handler method GalleryNote.Areas.Identity.Pages.Account.RegisterModel.OnPostAsync - ModelState is "Valid"
2024-10-22 12:30:24.899 +02:00 [INF] User created a new account with password.
2024-10-22 12:30:24.955 +02:00 [INF] AuthenticationScheme: Identity.Application signed in.
2024-10-22 12:30:24.956 +02:00 [INF] Executed handler method OnPostAsync, returned result Microsoft.AspNetCore.Mvc.LocalRedirectResult.
2024-10-22 12:30:24.958 +02:00 [INF] Executing LocalRedirectResult, redirecting to /.
2024-10-22 12:30:24.959 +02:00 [INF] Executed page /Account/Register in 452.9327ms
2024-10-22 12:30:24.959 +02:00 [INF] Executed endpoint '/Account/Register'
2024-10-22 12:30:24.963 +02:00 [INF] Request finished HTTP/1.1 POST http://localhost:5272/Identity/Account/Register - 302 0 null 457.845ms
2024-10-22 12:30:24.963 +02:00 [INF] Request starting HTTP/1.1 GET http://localhost:5272/ - null null
2024-10-22 12:30:24.967 +02:00 [INF] Executing endpoint 'GalleryNote.Controllers.HomeController.Index (GalleryNote)'
2024-10-22 12:30:24.967 +02:00 [INF] Route matched with {action = "Index", controller = "Home", page = "", area = ""}. Executing controller action with signature Microsoft.AspNetCore.Mvc.IActionResult Index() on controller GalleryNote.Controllers.HomeController (GalleryNote).
2024-10-22 12:30:24.967 +02:00 [INF] Executing ViewResult, running view Index.
2024-10-22 12:30:24.971 +02:00 [INF] Executed ViewResult - view Index executed in 3.9827ms.
2024-10-22 12:30:24.972 +02:00 [INF] Executed action GalleryNote.Controllers.HomeController.Index (GalleryNote) in 4.7248ms
2024-10-22 12:30:24.972 +02:00 [INF] Executed endpoint 'GalleryNote.Controllers.HomeController.Index (GalleryNote)'
2024-10-22 12:30:24.972 +02:00 [INF] Request finished HTTP/1.1 GET http://localhost:5272/ - 200 null text/html; charset=utf-8 8.8316ms
2024-10-22 12:30:33.485 +02:00 [INF] Request starting HTTP/1.1 POST http://localhost:5272/Identity/Account/Logout?returnUrl=%2F - application/x-www-form-urlencoded 225
2024-10-22 12:30:33.498 +02:00 [INF] Authorization failed. These requirements were not met:
DenyAnonymousAuthorizationRequirement: Requires an authenticated user.
2024-10-22 12:30:33.521 +02:00 [INF] AuthenticationScheme: Identity.Application was challenged.
2024-10-22 12:30:33.521 +02:00 [INF] Request finished HTTP/1.1 POST http://localhost:5272/Identity/Account/Logout?returnUrl=%2F - 302 0 null 35.7531ms
2024-10-22 12:30:33.530 +02:00 [INF] Request starting HTTP/1.1 GET http://localhost:5272/Identity/Account/Login?ReturnUrl=%2FIdentity%2FAccount%2FLogout%3FreturnUrl%3D%252F - null null
2024-10-22 12:30:33.535 +02:00 [INF] Executing endpoint '/Account/Login'
2024-10-22 12:30:33.536 +02:00 [INF] Route matched with {page = "/Account/Login", area = "Identity", action = "", controller = ""}. Executing page /Account/Login
2024-10-22 12:30:33.541 +02:00 [INF] Executing handler method GalleryNote.Areas.Identity.Pages.Account.LoginModel.OnGetAsync - ModelState is "Valid"
2024-10-22 12:30:33.541 +02:00 [INF] AuthenticationScheme: Identity.External signed out.
2024-10-22 12:30:33.541 +02:00 [INF] Executed handler method OnGetAsync, returned result .
2024-10-22 12:30:33.541 +02:00 [INF] Executing an implicit handler method - ModelState is "Valid"
2024-10-22 12:30:33.541 +02:00 [INF] Executed an implicit handler method, returned result Microsoft.AspNetCore.Mvc.RazorPages.PageResult.
2024-10-22 12:30:33.548 +02:00 [INF] Executed page /Account/Login in 11.4043ms
2024-10-22 12:30:33.549 +02:00 [INF] Executed endpoint '/Account/Login'
2024-10-22 12:30:33.549 +02:00 [INF] Request finished HTTP/1.1 GET http://localhost:5272/Identity/Account/Login?ReturnUrl=%2FIdentity%2FAccount%2FLogout%3FreturnUrl%3D%252F - 200 null text/html; charset=utf-8 19.2779ms
2024-10-22 12:30:33.582 +02:00 [INF] Request starting HTTP/1.1 GET http://localhost:5272/lib/jquery-validation/dist/jquery.validate.min.js - null null
2024-10-22 12:30:33.586 +02:00 [INF] Request finished HTTP/1.1 GET http://localhost:5272/lib/jquery-validation/dist/jquery.validate.min.js - 404 0 null 3.7894ms
2024-10-22 12:30:33.587 +02:00 [INF] Request reached the end of the middleware pipeline without being handled by application code. Request path: GET http://localhost:5272/lib/jquery-validation/dist/jquery.validate.min.js, Response status code: 404
2024-10-22 12:30:33.592 +02:00 [INF] Request starting HTTP/1.1 GET http://localhost:5272/lib/jquery-validation-unobtrusive/jquery.validate.unobtrusive.min.js - null null
2024-10-22 12:30:33.594 +02:00 [INF] Request finished HTTP/1.1 GET http://localhost:5272/lib/jquery-validation-unobtrusive/jquery.validate.unobtrusive.min.js - 404 0 null 1.3442ms
2024-10-22 12:30:33.594 +02:00 [INF] Request reached the end of the middleware pipeline without being handled by application code. Request path: GET http://localhost:5272/lib/jquery-validation-unobtrusive/jquery.validate.unobtrusive.min.js, Response status code: 404
2024-10-22 12:30:43.505 +02:00 [INF] Request starting HTTP/1.1 POST http://localhost:5272/Identity/Account/Login?ReturnUrl=%2FIdentity%2FAccount%2FLogout%3FreturnUrl%3D%252F - application/x-www-form-urlencoded 307
2024-10-22 12:30:43.506 +02:00 [INF] Executing endpoint '/Account/Login'
2024-10-22 12:30:43.507 +02:00 [INF] Route matched with {page = "/Account/Login", area = "Identity", action = "", controller = ""}. Executing page /Account/Login
2024-10-22 12:30:43.512 +02:00 [INF] Executing handler method GalleryNote.Areas.Identity.Pages.Account.LoginModel.OnPostAsync - ModelState is "Valid"
2024-10-22 12:30:43.752 +02:00 [INF] AuthenticationScheme: Identity.Application signed in.
2024-10-22 12:30:43.752 +02:00 [INF] User logged in.
2024-10-22 12:30:43.752 +02:00 [INF] Executed handler method OnPostAsync, returned result Microsoft.AspNetCore.Mvc.LocalRedirectResult.
2024-10-22 12:30:43.752 +02:00 [INF] Executing LocalRedirectResult, redirecting to /Identity/Account/Logout?returnUrl=%2F.
2024-10-22 12:30:43.753 +02:00 [INF] Executed page /Account/Login in 245.8814ms
2024-10-22 12:30:43.753 +02:00 [INF] Executed endpoint '/Account/Login'
2024-10-22 12:30:43.753 +02:00 [INF] Request finished HTTP/1.1 POST http://localhost:5272/Identity/Account/Login?ReturnUrl=%2FIdentity%2FAccount%2FLogout%3FreturnUrl%3D%252F - 302 0 null 248.0169ms
2024-10-22 12:30:43.756 +02:00 [INF] Request starting HTTP/1.1 GET http://localhost:5272/Identity/Account/Logout?returnUrl=%2F - null null
2024-10-22 12:30:43.757 +02:00 [INF] Authorization failed. These requirements were not met:
DenyAnonymousAuthorizationRequirement: Requires an authenticated user.
2024-10-22 12:30:43.758 +02:00 [INF] AuthenticationScheme: Identity.Application was challenged.
2024-10-22 12:30:43.758 +02:00 [INF] Request finished HTTP/1.1 GET http://localhost:5272/Identity/Account/Logout?returnUrl=%2F - 302 0 null 2.5969ms
2024-10-22 12:30:43.762 +02:00 [INF] Request starting HTTP/1.1 GET http://localhost:5272/Identity/Account/Login?ReturnUrl=%2FIdentity%2FAccount%2FLogout%3FreturnUrl%3D%252F - null null
2024-10-22 12:30:43.763 +02:00 [INF] Executing endpoint '/Account/Login'
2024-10-22 12:30:43.763 +02:00 [INF] Route matched with {page = "/Account/Login", area = "Identity", action = "", controller = ""}. Executing page /Account/Login
2024-10-22 12:30:43.764 +02:00 [INF] Executing handler method GalleryNote.Areas.Identity.Pages.Account.LoginModel.OnGetAsync - ModelState is "Valid"
2024-10-22 12:30:43.764 +02:00 [INF] AuthenticationScheme: Identity.External signed out.
2024-10-22 12:30:43.764 +02:00 [INF] Executed handler method OnGetAsync, returned result .
2024-10-22 12:30:43.764 +02:00 [INF] Executing an implicit handler method - ModelState is "Valid"
2024-10-22 12:30:43.764 +02:00 [INF] Executed an implicit handler method, returned result Microsoft.AspNetCore.Mvc.RazorPages.PageResult.
2024-10-22 12:30:43.766 +02:00 [INF] Executed page /Account/Login in 2.3765ms
2024-10-22 12:30:43.766 +02:00 [INF] Executed endpoint '/Account/Login'
2024-10-22 12:30:43.766 +02:00 [INF] Request finished HTTP/1.1 GET http://localhost:5272/Identity/Account/Login?ReturnUrl=%2FIdentity%2FAccount%2FLogout%3FreturnUrl%3D%252F - 200 null text/html; charset=utf-8 4.0498ms
2024-10-22 12:30:43.784 +02:00 [INF] Request starting HTTP/1.1 GET http://localhost:5272/lib/jquery-validation/dist/jquery.validate.min.js - null null
2024-10-22 12:30:43.785 +02:00 [INF] Request starting HTTP/1.1 GET http://localhost:5272/lib/jquery-validation-unobtrusive/jquery.validate.unobtrusive.min.js - null null
2024-10-22 12:30:43.786 +02:00 [INF] Request finished HTTP/1.1 GET http://localhost:5272/lib/jquery-validation/dist/jquery.validate.min.js - 404 0 null 1.9671ms
2024-10-22 12:30:43.786 +02:00 [INF] Request finished HTTP/1.1 GET http://localhost:5272/lib/jquery-validation-unobtrusive/jquery.validate.unobtrusive.min.js - 404 0 null 0.858ms
2024-10-22 12:30:43.786 +02:00 [INF] Request reached the end of the middleware pipeline without being handled by application code. Request path: GET http://localhost:5272/lib/jquery-validation-unobtrusive/jquery.validate.unobtrusive.min.js, Response status code: 404
2024-10-22 12:30:43.786 +02:00 [INF] Request reached the end of the middleware pipeline without being handled by application code. Request path: GET http://localhost:5272/lib/jquery-validation/dist/jquery.validate.min.js, Response status code: 404
2024-10-22 12:30:49.576 +02:00 [INF] Request starting HTTP/1.1 POST http://localhost:5272/Identity/Account/Logout?returnUrl=%2F - application/x-www-form-urlencoded 225
2024-10-22 12:30:49.580 +02:00 [INF] Authorization failed. These requirements were not met:
DenyAnonymousAuthorizationRequirement: Requires an authenticated user.
2024-10-22 12:30:49.581 +02:00 [INF] AuthenticationScheme: Identity.Application was challenged.
2024-10-22 12:30:49.581 +02:00 [INF] Request finished HTTP/1.1 POST http://localhost:5272/Identity/Account/Logout?returnUrl=%2F - 302 0 null 4.4212ms
2024-10-22 12:30:49.597 +02:00 [INF] Request starting HTTP/1.1 GET http://localhost:5272/Identity/Account/Login?ReturnUrl=%2FIdentity%2FAccount%2FLogout%3FreturnUrl%3D%252F - null null
2024-10-22 12:30:49.599 +02:00 [INF] Executing endpoint '/Account/Login'
2024-10-22 12:30:49.600 +02:00 [INF] Route matched with {page = "/Account/Login", area = "Identity", action = "", controller = ""}. Executing page /Account/Login
2024-10-22 12:30:49.601 +02:00 [INF] Executing handler method GalleryNote.Areas.Identity.Pages.Account.LoginModel.OnGetAsync - ModelState is "Valid"
2024-10-22 12:30:49.602 +02:00 [INF] AuthenticationScheme: Identity.External signed out.
2024-10-22 12:30:49.602 +02:00 [INF] Executed handler method OnGetAsync, returned result .
2024-10-22 12:30:49.602 +02:00 [INF] Executing an implicit handler method - ModelState is "Valid"
2024-10-22 12:30:49.602 +02:00 [INF] Executed an implicit handler method, returned result Microsoft.AspNetCore.Mvc.RazorPages.PageResult.
2024-10-22 12:30:49.605 +02:00 [INF] Executed page /Account/Login in 4.8988ms
2024-10-22 12:30:49.605 +02:00 [INF] Executed endpoint '/Account/Login'
2024-10-22 12:30:49.605 +02:00 [INF] Request finished HTTP/1.1 GET http://localhost:5272/Identity/Account/Login?ReturnUrl=%2FIdentity%2FAccount%2FLogout%3FreturnUrl%3D%252F - 200 null text/html; charset=utf-8 8.0629ms
2024-10-22 12:30:49.633 +02:00 [INF] Request starting HTTP/1.1 GET http://localhost:5272/lib/jquery-validation/dist/jquery.validate.min.js - null null
2024-10-22 12:30:49.633 +02:00 [INF] Request starting HTTP/1.1 GET http://localhost:5272/lib/jquery-validation-unobtrusive/jquery.validate.unobtrusive.min.js - null null
2024-10-22 12:30:49.634 +02:00 [INF] Request finished HTTP/1.1 GET http://localhost:5272/lib/jquery-validation/dist/jquery.validate.min.js - 404 0 null 2.736ms
2024-10-22 12:30:49.634 +02:00 [INF] Request finished HTTP/1.1 GET http://localhost:5272/lib/jquery-validation-unobtrusive/jquery.validate.unobtrusive.min.js - 404 0 null 1.3376ms
2024-10-22 12:30:49.635 +02:00 [INF] Request reached the end of the middleware pipeline without being handled by application code. Request path: GET http://localhost:5272/lib/jquery-validation/dist/jquery.validate.min.js, Response status code: 404
2024-10-22 12:30:49.635 +02:00 [INF] Request reached the end of the middleware pipeline without being handled by application code. Request path: GET http://localhost:5272/lib/jquery-validation-unobtrusive/jquery.validate.unobtrusive.min.js, Response status code: 404
2024-10-22 12:30:50.604 +02:00 [INF] Request starting HTTP/1.1 POST http://localhost:5272/Identity/Account/Logout?returnUrl=%2F - application/x-www-form-urlencoded 225
2024-10-22 12:30:50.605 +02:00 [INF] Authorization failed. These requirements were not met:
DenyAnonymousAuthorizationRequirement: Requires an authenticated user.
2024-10-22 12:30:50.605 +02:00 [INF] AuthenticationScheme: Identity.Application was challenged.
2024-10-22 12:30:50.606 +02:00 [INF] Request finished HTTP/1.1 POST http://localhost:5272/Identity/Account/Logout?returnUrl=%2F - 302 0 null 1.1104ms
2024-10-22 12:30:50.622 +02:00 [INF] Request starting HTTP/1.1 GET http://localhost:5272/Identity/Account/Login?ReturnUrl=%2FIdentity%2FAccount%2FLogout%3FreturnUrl%3D%252F - null null
2024-10-22 12:30:50.625 +02:00 [INF] Executing endpoint '/Account/Login'
2024-10-22 12:30:50.625 +02:00 [INF] Route matched with {page = "/Account/Login", area = "Identity", action = "", controller = ""}. Executing page /Account/Login
2024-10-22 12:30:50.626 +02:00 [INF] Executing handler method GalleryNote.Areas.Identity.Pages.Account.LoginModel.OnGetAsync - ModelState is "Valid"
2024-10-22 12:30:50.627 +02:00 [INF] AuthenticationScheme: Identity.External signed out.
2024-10-22 12:30:50.627 +02:00 [INF] Executed handler method OnGetAsync, returned result .
2024-10-22 12:30:50.627 +02:00 [INF] Executing an implicit handler method - ModelState is "Valid"
2024-10-22 12:30:50.627 +02:00 [INF] Executed an implicit handler method, returned result Microsoft.AspNetCore.Mvc.RazorPages.PageResult.
2024-10-22 12:30:50.631 +02:00 [INF] Executed page /Account/Login in 5.9249ms
2024-10-22 12:30:50.632 +02:00 [INF] Executed endpoint '/Account/Login'
2024-10-22 12:30:50.632 +02:00 [INF] Request finished HTTP/1.1 GET http://localhost:5272/Identity/Account/Login?ReturnUrl=%2FIdentity%2FAccount%2FLogout%3FreturnUrl%3D%252F - 200 null text/html; charset=utf-8 9.6903ms
2024-10-22 12:30:50.671 +02:00 [INF] Request starting HTTP/1.1 GET http://localhost:5272/lib/jquery-validation/dist/jquery.validate.min.js - null null
2024-10-22 12:30:50.673 +02:00 [INF] Request starting HTTP/1.1 GET http://localhost:5272/lib/jquery-validation-unobtrusive/jquery.validate.unobtrusive.min.js - null null
2024-10-22 12:30:50.675 +02:00 [INF] Request finished HTTP/1.1 GET http://localhost:5272/lib/jquery-validation/dist/jquery.validate.min.js - 404 0 null 3.2508ms
2024-10-22 12:30:50.675 +02:00 [INF] Request reached the end of the middleware pipeline without being handled by application code. Request path: GET http://localhost:5272/lib/jquery-validation/dist/jquery.validate.min.js, Response status code: 404
2024-10-22 12:30:50.676 +02:00 [INF] Request finished HTTP/1.1 GET http://localhost:5272/lib/jquery-validation-unobtrusive/jquery.validate.unobtrusive.min.js - 404 0 null 3.2693ms
2024-10-22 12:30:50.676 +02:00 [INF] Request reached the end of the middleware pipeline without being handled by application code. Request path: GET http://localhost:5272/lib/jquery-validation-unobtrusive/jquery.validate.unobtrusive.min.js, Response status code: 404
2024-10-22 12:30:51.895 +02:00 [INF] Request starting HTTP/1.1 GET http://localhost:5272/Identity/Account/Manage - null null
2024-10-22 12:30:51.896 +02:00 [INF] Authorization failed. These requirements were not met:
DenyAnonymousAuthorizationRequirement: Requires an authenticated user.
2024-10-22 12:30:51.897 +02:00 [INF] AuthenticationScheme: Identity.Application was challenged.
2024-10-22 12:30:51.897 +02:00 [INF] Request finished HTTP/1.1 GET http://localhost:5272/Identity/Account/Manage - 302 0 null 1.5919ms
2024-10-22 12:30:51.915 +02:00 [INF] Request starting HTTP/1.1 GET http://localhost:5272/Identity/Account/Login?ReturnUrl=%2FIdentity%2FAccount%2FManage - null null
2024-10-22 12:30:51.916 +02:00 [INF] Executing endpoint '/Account/Login'
2024-10-22 12:30:51.916 +02:00 [INF] Route matched with {page = "/Account/Login", area = "Identity", action = "", controller = ""}. Executing page /Account/Login
2024-10-22 12:30:51.916 +02:00 [INF] Executing handler method GalleryNote.Areas.Identity.Pages.Account.LoginModel.OnGetAsync - ModelState is "Valid"
2024-10-22 12:30:51.916 +02:00 [INF] AuthenticationScheme: Identity.External signed out.
2024-10-22 12:30:51.916 +02:00 [INF] Executed handler method OnGetAsync, returned result .
2024-10-22 12:30:51.917 +02:00 [INF] Executing an implicit handler method - ModelState is "Valid"
2024-10-22 12:30:51.917 +02:00 [INF] Executed an implicit handler method, returned result Microsoft.AspNetCore.Mvc.RazorPages.PageResult.
2024-10-22 12:30:51.919 +02:00 [INF] Executed page /Account/Login in 3.5509ms
2024-10-22 12:30:51.920 +02:00 [INF] Executed endpoint '/Account/Login'
2024-10-22 12:30:51.920 +02:00 [INF] Request finished HTTP/1.1 GET http://localhost:5272/Identity/Account/Login?ReturnUrl=%2FIdentity%2FAccount%2FManage - 200 null text/html; charset=utf-8 5.3308ms
2024-10-22 12:30:51.946 +02:00 [INF] Request starting HTTP/1.1 GET http://localhost:5272/lib/jquery-validation/dist/jquery.validate.min.js - null null
2024-10-22 12:30:51.947 +02:00 [INF] Request starting HTTP/1.1 GET http://localhost:5272/lib/jquery-validation-unobtrusive/jquery.validate.unobtrusive.min.js - null null
2024-10-22 12:30:51.947 +02:00 [INF] Request finished HTTP/1.1 GET http://localhost:5272/lib/jquery-validation/dist/jquery.validate.min.js - 404 0 null 1.794ms
2024-10-22 12:30:51.948 +02:00 [INF] Request reached the end of the middleware pipeline without being handled by application code. Request path: GET http://localhost:5272/lib/jquery-validation/dist/jquery.validate.min.js, Response status code: 404
2024-10-22 12:30:51.949 +02:00 [INF] Request finished HTTP/1.1 GET http://localhost:5272/lib/jquery-validation-unobtrusive/jquery.validate.unobtrusive.min.js - 404 0 null 1.4019ms
2024-10-22 12:30:51.949 +02:00 [INF] Request reached the end of the middleware pipeline without being handled by application code. Request path: GET http://localhost:5272/lib/jquery-validation-unobtrusive/jquery.validate.unobtrusive.min.js, Response status code: 404
2024-10-22 12:30:56.945 +02:00 [INF] Request starting HTTP/1.1 POST http://localhost:5272/Identity/Account/Logout?returnUrl=%2F - application/x-www-form-urlencoded 225
2024-10-22 12:30:56.945 +02:00 [INF] Authorization failed. These requirements were not met:
DenyAnonymousAuthorizationRequirement: Requires an authenticated user.
2024-10-22 12:30:56.946 +02:00 [INF] AuthenticationScheme: Identity.Application was challenged.
2024-10-22 12:30:56.946 +02:00 [INF] Request finished HTTP/1.1 POST http://localhost:5272/Identity/Account/Logout?returnUrl=%2F - 302 0 null 0.8286ms
2024-10-22 12:30:56.955 +02:00 [INF] Request starting HTTP/1.1 GET http://localhost:5272/Identity/Account/Login?ReturnUrl=%2FIdentity%2FAccount%2FLogout%3FreturnUrl%3D%252F - null null
2024-10-22 12:30:56.957 +02:00 [INF] Executing endpoint '/Account/Login'
2024-10-22 12:30:56.957 +02:00 [INF] Route matched with {page = "/Account/Login", area = "Identity", action = "", controller = ""}. Executing page /Account/Login
2024-10-22 12:30:56.957 +02:00 [INF] Executing handler method GalleryNote.Areas.Identity.Pages.Account.LoginModel.OnGetAsync - ModelState is "Valid"
2024-10-22 12:30:56.958 +02:00 [INF] AuthenticationScheme: Identity.External signed out.
2024-10-22 12:30:56.958 +02:00 [INF] Executed handler method OnGetAsync, returned result .
2024-10-22 12:30:56.958 +02:00 [INF] Executing an implicit handler method - ModelState is "Valid"
2024-10-22 12:30:56.958 +02:00 [INF] Executed an implicit handler method, returned result Microsoft.AspNetCore.Mvc.RazorPages.PageResult.
2024-10-22 12:30:56.962 +02:00 [INF] Executed page /Account/Login in 4.8809ms
2024-10-22 12:30:56.963 +02:00 [INF] Executed endpoint '/Account/Login'
2024-10-22 12:30:56.963 +02:00 [INF] Request finished HTTP/1.1 GET http://localhost:5272/Identity/Account/Login?ReturnUrl=%2FIdentity%2FAccount%2FLogout%3FreturnUrl%3D%252F - 200 null text/html; charset=utf-8 8.3719ms
2024-10-22 12:30:56.996 +02:00 [INF] Request starting HTTP/1.1 GET http://localhost:5272/lib/jquery-validation/dist/jquery.validate.min.js - null null
2024-10-22 12:30:56.997 +02:00 [INF] Request starting HTTP/1.1 GET http://localhost:5272/lib/jquery-validation-unobtrusive/jquery.validate.unobtrusive.min.js - null null
2024-10-22 12:30:56.998 +02:00 [INF] Request finished HTTP/1.1 GET http://localhost:5272/lib/jquery-validation/dist/jquery.validate.min.js - 404 0 null 2.2228ms
2024-10-22 12:30:56.998 +02:00 [INF] Request finished HTTP/1.1 GET http://localhost:5272/lib/jquery-validation-unobtrusive/jquery.validate.unobtrusive.min.js - 404 0 null 1.4535ms
2024-10-22 12:30:56.998 +02:00 [INF] Request reached the end of the middleware pipeline without being handled by application code. Request path: GET http://localhost:5272/lib/jquery-validation-unobtrusive/jquery.validate.unobtrusive.min.js, Response status code: 404
2024-10-22 12:30:56.998 +02:00 [INF] Request reached the end of the middleware pipeline without being handled by application code. Request path: GET http://localhost:5272/lib/jquery-validation/dist/jquery.validate.min.js, Response status code: 404
2024-10-22 12:30:57.117 +02:00 [INF] Request starting HTTP/1.1 POST http://localhost:5272/Identity/Account/Logout?returnUrl=%2F - application/x-www-form-urlencoded 225
2024-10-22 12:30:57.117 +02:00 [INF] Authorization failed. These requirements were not met:
DenyAnonymousAuthorizationRequirement: Requires an authenticated user.
2024-10-22 12:30:57.118 +02:00 [INF] AuthenticationScheme: Identity.Application was challenged.
2024-10-22 12:30:57.118 +02:00 [INF] Request finished HTTP/1.1 POST http://localhost:5272/Identity/Account/Logout?returnUrl=%2F - 302 0 null 0.9504ms
2024-10-22 12:30:57.121 +02:00 [INF] Request starting HTTP/1.1 GET http://localhost:5272/Identity/Account/Login?ReturnUrl=%2FIdentity%2FAccount%2FLogout%3FreturnUrl%3D%252F - null null
2024-10-22 12:30:57.122 +02:00 [INF] Executing endpoint '/Account/Login'
2024-10-22 12:30:57.122 +02:00 [INF] Route matched with {page = "/Account/Login", area = "Identity", action = "", controller = ""}. Executing page /Account/Login
2024-10-22 12:30:57.123 +02:00 [INF] Executing handler method GalleryNote.Areas.Identity.Pages.Account.LoginModel.OnGetAsync - ModelState is "Valid"
2024-10-22 12:30:57.123 +02:00 [INF] AuthenticationScheme: Identity.External signed out.
2024-10-22 12:30:57.124 +02:00 [INF] Executed handler method OnGetAsync, returned result .
2024-10-22 12:30:57.124 +02:00 [INF] Executing an implicit handler method - ModelState is "Valid"
2024-10-22 12:30:57.124 +02:00 [INF] Executed an implicit handler method, returned result Microsoft.AspNetCore.Mvc.RazorPages.PageResult.
2024-10-22 12:30:57.127 +02:00 [INF] Executed page /Account/Login in 4.6972ms
2024-10-22 12:30:57.127 +02:00 [INF] Executed endpoint '/Account/Login'
2024-10-22 12:30:57.127 +02:00 [INF] Request finished HTTP/1.1 GET http://localhost:5272/Identity/Account/Login?ReturnUrl=%2FIdentity%2FAccount%2FLogout%3FreturnUrl%3D%252F - 200 null text/html; charset=utf-8 6.0929ms
2024-10-22 12:30:57.148 +02:00 [INF] Request starting HTTP/1.1 GET http://localhost:5272/lib/jquery-validation/dist/jquery.validate.min.js - null null
2024-10-22 12:30:57.149 +02:00 [INF] Request finished HTTP/1.1 GET http://localhost:5272/lib/jquery-validation/dist/jquery.validate.min.js - 404 0 null 0.9977ms
2024-10-22 12:30:57.149 +02:00 [INF] Request reached the end of the middleware pipeline without being handled by application code. Request path: GET http://localhost:5272/lib/jquery-validation/dist/jquery.validate.min.js, Response status code: 404
2024-10-22 12:30:57.156 +02:00 [INF] Request starting HTTP/1.1 GET http://localhost:5272/lib/jquery-validation-unobtrusive/jquery.validate.unobtrusive.min.js - null null
2024-10-22 12:30:57.158 +02:00 [INF] Request finished HTTP/1.1 GET http://localhost:5272/lib/jquery-validation-unobtrusive/jquery.validate.unobtrusive.min.js - 404 0 null 1.5411ms
2024-10-22 12:30:57.158 +02:00 [INF] Request reached the end of the middleware pipeline without being handled by application code. Request path: GET http://localhost:5272/lib/jquery-validation-unobtrusive/jquery.validate.unobtrusive.min.js, Response status code: 404
2024-10-22 12:30:58.075 +02:00 [INF] Request starting HTTP/1.1 POST http://localhost:5272/Identity/Account/Logout?returnUrl=%2F - application/x-www-form-urlencoded 225
2024-10-22 12:30:58.076 +02:00 [INF] Authorization failed. These requirements were not met:
DenyAnonymousAuthorizationRequirement: Requires an authenticated user.
2024-10-22 12:30:58.076 +02:00 [INF] AuthenticationScheme: Identity.Application was challenged.
2024-10-22 12:30:58.076 +02:00 [INF] Request finished HTTP/1.1 POST http://localhost:5272/Identity/Account/Logout?returnUrl=%2F - 302 0 null 1.1813ms
2024-10-22 12:30:58.103 +02:00 [INF] Request starting HTTP/1.1 GET http://localhost:5272/Identity/Account/Login?ReturnUrl=%2FIdentity%2FAccount%2FLogout%3FreturnUrl%3D%252F - null null
2024-10-22 12:30:58.105 +02:00 [INF] Executing endpoint '/Account/Login'
2024-10-22 12:30:58.106 +02:00 [INF] Route matched with {page = "/Account/Login", area = "Identity", action = "", controller = ""}. Executing page /Account/Login
2024-10-22 12:30:58.106 +02:00 [INF] Executing handler method GalleryNote.Areas.Identity.Pages.Account.LoginModel.OnGetAsync - ModelState is "Valid"
2024-10-22 12:30:58.107 +02:00 [INF] AuthenticationScheme: Identity.External signed out.
2024-10-22 12:30:58.107 +02:00 [INF] Executed handler method OnGetAsync, returned result .
2024-10-22 12:30:58.108 +02:00 [INF] Executing an implicit handler method - ModelState is "Valid"
2024-10-22 12:30:58.108 +02:00 [INF] Executed an implicit handler method, returned result Microsoft.AspNetCore.Mvc.RazorPages.PageResult.
2024-10-22 12:30:58.113 +02:00 [INF] Executed page /Account/Login in 7.209ms
2024-10-22 12:30:58.114 +02:00 [INF] Executed endpoint '/Account/Login'
2024-10-22 12:30:58.114 +02:00 [INF] Request finished HTTP/1.1 GET http://localhost:5272/Identity/Account/Login?ReturnUrl=%2FIdentity%2FAccount%2FLogout%3FreturnUrl%3D%252F - 200 null text/html; charset=utf-8 11.1871ms
2024-10-22 12:30:58.147 +02:00 [INF] Request starting HTTP/1.1 GET http://localhost:5272/lib/jquery-validation/dist/jquery.validate.min.js - null null
2024-10-22 12:30:58.149 +02:00 [INF] Request finished HTTP/1.1 GET http://localhost:5272/lib/jquery-validation/dist/jquery.validate.min.js - 404 0 null 2.3734ms
2024-10-22 12:30:58.149 +02:00 [INF] Request reached the end of the middleware pipeline without being handled by application code. Request path: GET http://localhost:5272/lib/jquery-validation/dist/jquery.validate.min.js, Response status code: 404
2024-10-22 12:30:58.150 +02:00 [INF] Request starting HTTP/1.1 GET http://localhost:5272/lib/jquery-validation-unobtrusive/jquery.validate.unobtrusive.min.js - null null
2024-10-22 12:30:58.152 +02:00 [INF] Request finished HTTP/1.1 GET http://localhost:5272/lib/jquery-validation-unobtrusive/jquery.validate.unobtrusive.min.js - 404 0 null 1.9316ms
2024-10-22 12:30:58.152 +02:00 [INF] Request reached the end of the middleware pipeline without being handled by application code. Request path: GET http://localhost:5272/lib/jquery-validation-unobtrusive/jquery.validate.unobtrusive.min.js, Response status code: 404
2024-10-22 12:30:58.800 +02:00 [INF] Request starting HTTP/1.1 POST http://localhost:5272/Identity/Account/Logout?returnUrl=%2F - application/x-www-form-urlencoded 225
2024-10-22 12:30:58.800 +02:00 [INF] Authorization failed. These requirements were not met:
DenyAnonymousAuthorizationRequirement: Requires an authenticated user.
2024-10-22 12:30:58.801 +02:00 [INF] AuthenticationScheme: Identity.Application was challenged.
2024-10-22 12:30:58.801 +02:00 [INF] Request finished HTTP/1.1 POST http://localhost:5272/Identity/Account/Logout?returnUrl=%2F - 302 0 null 0.8261ms
2024-10-22 12:30:58.811 +02:00 [INF] Request starting HTTP/1.1 GET http://localhost:5272/Identity/Account/Login?ReturnUrl=%2FIdentity%2FAccount%2FLogout%3FreturnUrl%3D%252F - null null
2024-10-22 12:30:58.812 +02:00 [INF] Executing endpoint '/Account/Login'
2024-10-22 12:30:58.812 +02:00 [INF] Route matched with {page = "/Account/Login", area = "Identity", action = "", controller = ""}. Executing page /Account/Login
2024-10-22 12:30:58.813 +02:00 [INF] Executing handler method GalleryNote.Areas.Identity.Pages.Account.LoginModel.OnGetAsync - ModelState is "Valid"
2024-10-22 12:30:58.813 +02:00 [INF] AuthenticationScheme: Identity.External signed out.
2024-10-22 12:30:58.813 +02:00 [INF] Executed handler method OnGetAsync, returned result .
2024-10-22 12:30:58.814 +02:00 [INF] Executing an implicit handler method - ModelState is "Valid"
2024-10-22 12:30:58.814 +02:00 [INF] Executed an implicit handler method, returned result Microsoft.AspNetCore.Mvc.RazorPages.PageResult.
2024-10-22 12:30:58.818 +02:00 [INF] Executed page /Account/Login in 5.2383ms
2024-10-22 12:30:58.818 +02:00 [INF] Executed endpoint '/Account/Login'
2024-10-22 12:30:58.818 +02:00 [INF] Request finished HTTP/1.1 GET http://localhost:5272/Identity/Account/Login?ReturnUrl=%2FIdentity%2FAccount%2FLogout%3FreturnUrl%3D%252F - 200 null text/html; charset=utf-8 7.1904ms
2024-10-22 12:30:58.842 +02:00 [INF] Request starting HTTP/1.1 GET http://localhost:5272/lib/jquery-validation/dist/jquery.validate.min.js - null null
2024-10-22 12:30:58.844 +02:00 [INF] Request finished HTTP/1.1 GET http://localhost:5272/lib/jquery-validation/dist/jquery.validate.min.js - 404 0 null 1.3452ms
2024-10-22 12:30:58.844 +02:00 [INF] Request starting HTTP/1.1 GET http://localhost:5272/lib/jquery-validation-unobtrusive/jquery.validate.unobtrusive.min.js - null null
2024-10-22 12:30:58.844 +02:00 [INF] Request reached the end of the middleware pipeline without being handled by application code. Request path: GET http://localhost:5272/lib/jquery-validation/dist/jquery.validate.min.js, Response status code: 404
2024-10-22 12:30:58.846 +02:00 [INF] Request finished HTTP/1.1 GET http://localhost:5272/lib/jquery-validation-unobtrusive/jquery.validate.unobtrusive.min.js - 404 0 null 1.7481ms
2024-10-22 12:30:58.846 +02:00 [INF] Request reached the end of the middleware pipeline without being handled by application code. Request path: GET http://localhost:5272/lib/jquery-validation-unobtrusive/jquery.validate.unobtrusive.min.js, Response status code: 404
2024-10-22 12:31:01.520 +02:00 [INF] Request starting HTTP/1.1 GET http://localhost:5272/Identity/Account/Login?ReturnUrl=%2FIdentity%2FAccount%2FLogout%3FreturnUrl%3D%252F - null null
2024-10-22 12:31:01.521 +02:00 [INF] Executing endpoint '/Account/Login'
2024-10-22 12:31:01.521 +02:00 [INF] Route matched with {page = "/Account/Login", area = "Identity", action = "", controller = ""}. Executing page /Account/Login
2024-10-22 12:31:01.521 +02:00 [INF] Executing handler method GalleryNote.Areas.Identity.Pages.Account.LoginModel.OnGetAsync - ModelState is "Valid"
2024-10-22 12:31:01.522 +02:00 [INF] AuthenticationScheme: Identity.External signed out.
2024-10-22 12:31:01.522 +02:00 [INF] Executed handler method OnGetAsync, returned result .
2024-10-22 12:31:01.522 +02:00 [INF] Executing an implicit handler method - ModelState is "Valid"
2024-10-22 12:31:01.522 +02:00 [INF] Executed an implicit handler method, returned result Microsoft.AspNetCore.Mvc.RazorPages.PageResult.
2024-10-22 12:31:01.525 +02:00 [INF] Executed page /Account/Login in 3.4435ms
2024-10-22 12:31:01.525 +02:00 [INF] Executed endpoint '/Account/Login'
2024-10-22 12:31:01.525 +02:00 [INF] Request finished HTTP/1.1 GET http://localhost:5272/Identity/Account/Login?ReturnUrl=%2FIdentity%2FAccount%2FLogout%3FreturnUrl%3D%252F - 200 null text/html; charset=utf-8 5.1887ms
2024-10-22 12:31:01.550 +02:00 [INF] Request starting HTTP/1.1 GET http://localhost:5272/lib/jquery-validation/dist/jquery.validate.min.js - null null
2024-10-22 12:31:01.552 +02:00 [INF] Request finished HTTP/1.1 GET http://localhost:5272/lib/jquery-validation/dist/jquery.validate.min.js - 404 0 null 1.7933ms
2024-10-22 12:31:01.552 +02:00 [INF] Request reached the end of the middleware pipeline without being handled by application code. Request path: GET http://localhost:5272/lib/jquery-validation/dist/jquery.validate.min.js, Response status code: 404
2024-10-22 12:31:01.558 +02:00 [INF] Request starting HTTP/1.1 GET http://localhost:5272/lib/jquery-validation-unobtrusive/jquery.validate.unobtrusive.min.js - null null
2024-10-22 12:31:01.560 +02:00 [INF] Request finished HTTP/1.1 GET http://localhost:5272/lib/jquery-validation-unobtrusive/jquery.validate.unobtrusive.min.js - 404 0 null 1.2667ms
2024-10-22 12:31:01.560 +02:00 [INF] Request reached the end of the middleware pipeline without being handled by application code. Request path: GET http://localhost:5272/lib/jquery-validation-unobtrusive/jquery.validate.unobtrusive.min.js, Response status code: 404
2024-10-22 12:31:03.042 +02:00 [INF] Request starting HTTP/1.1 GET http://localhost:5272/Identity/Account/Login?ReturnUrl=%2FIdentity%2FAccount%2FLogout%3FreturnUrl%3D%252F - null null
2024-10-22 12:31:03.043 +02:00 [INF] Executing endpoint '/Account/Login'
2024-10-22 12:31:03.043 +02:00 [INF] Route matched with {page = "/Account/Login", area = "Identity", action = "", controller = ""}. Executing page /Account/Login
2024-10-22 12:31:03.043 +02:00 [INF] Executing handler method GalleryNote.Areas.Identity.Pages.Account.LoginModel.OnGetAsync - ModelState is "Valid"
2024-10-22 12:31:03.044 +02:00 [INF] AuthenticationScheme: Identity.External signed out.
2024-10-22 12:31:03.044 +02:00 [INF] Executed handler method OnGetAsync, returned result .
2024-10-22 12:31:03.044 +02:00 [INF] Executing an implicit handler method - ModelState is "Valid"
2024-10-22 12:31:03.044 +02:00 [INF] Executed an implicit handler method, returned result Microsoft.AspNetCore.Mvc.RazorPages.PageResult.
2024-10-22 12:31:03.047 +02:00 [INF] Executed page /Account/Login in 3.462ms
2024-10-22 12:31:03.047 +02:00 [INF] Executed endpoint '/Account/Login'
2024-10-22 12:31:03.047 +02:00 [INF] Request finished HTTP/1.1 GET http://localhost:5272/Identity/Account/Login?ReturnUrl=%2FIdentity%2FAccount%2FLogout%3FreturnUrl%3D%252F - 200 null text/html; charset=utf-8 4.9378ms
2024-10-22 12:31:03.068 +02:00 [INF] Request starting HTTP/1.1 GET http://localhost:5272/lib/jquery-validation/dist/jquery.validate.min.js - null null
2024-10-22 12:31:03.069 +02:00 [INF] Request starting HTTP/1.1 GET http://localhost:5272/lib/jquery-validation-unobtrusive/jquery.validate.unobtrusive.min.js - null null
2024-10-22 12:31:03.071 +02:00 [INF] Request finished HTTP/1.1 GET http://localhost:5272/lib/jquery-validation/dist/jquery.validate.min.js - 404 0 null 2.7972ms
2024-10-22 12:31:03.071 +02:00 [INF] Request reached the end of the middleware pipeline without being handled by application code. Request path: GET http://localhost:5272/lib/jquery-validation/dist/jquery.validate.min.js, Response status code: 404
2024-10-22 12:31:03.071 +02:00 [INF] Request finished HTTP/1.1 GET http://localhost:5272/lib/jquery-validation-unobtrusive/jquery.validate.unobtrusive.min.js - 404 0 null 2.2665ms
2024-10-22 12:31:03.071 +02:00 [INF] Request reached the end of the middleware pipeline without being handled by application code. Request path: GET http://localhost:5272/lib/jquery-validation-unobtrusive/jquery.validate.unobtrusive.min.js, Response status code: 404
2024-10-22 12:31:03.978 +02:00 [INF] Request starting HTTP/1.1 GET http://localhost:5272/ - null null
2024-10-22 12:31:03.979 +02:00 [INF] Executing endpoint 'GalleryNote.Controllers.HomeController.Index (GalleryNote)'
2024-10-22 12:31:03.979 +02:00 [INF] Route matched with {action = "Index", controller = "Home", page = "", area = ""}. Executing controller action with signature Microsoft.AspNetCore.Mvc.IActionResult Index() on controller GalleryNote.Controllers.HomeController (GalleryNote).
2024-10-22 12:31:03.980 +02:00 [INF] Executing ViewResult, running view Index.
2024-10-22 12:31:03.981 +02:00 [INF] Executed ViewResult - view Index executed in 1.6076ms.
2024-10-22 12:31:03.981 +02:00 [INF] Executed action GalleryNote.Controllers.HomeController.Index (GalleryNote) in 1.9616ms
2024-10-22 12:31:03.981 +02:00 [INF] Executed endpoint 'GalleryNote.Controllers.HomeController.Index (GalleryNote)'
2024-10-22 12:31:03.982 +02:00 [INF] Request finished HTTP/1.1 GET http://localhost:5272/ - 200 null text/html; charset=utf-8 3.3845ms
2024-10-22 12:31:04.735 +02:00 [INF] Request starting HTTP/1.1 GET http://localhost:5272/Customer/Table - null null
2024-10-22 12:31:04.738 +02:00 [INF] Executing endpoint 'GalleryNote.Controllers.CustomerController.Table (GalleryNote)'
2024-10-22 12:31:04.745 +02:00 [INF] Route matched with {action = "Table", controller = "Customer", page = "", area = ""}. Executing controller action with signature System.Threading.Tasks.Task`1[Microsoft.AspNetCore.Mvc.IActionResult] Table() on controller GalleryNote.Controllers.CustomerController (GalleryNote).
2024-10-22 12:31:04.764 +02:00 [INF] Executing ViewResult, running view Table.
2024-10-22 12:31:04.824 +02:00 [INF] Executed ViewResult - view Table executed in 61.1444ms.
2024-10-22 12:31:04.824 +02:00 [INF] Executed action GalleryNote.Controllers.CustomerController.Table (GalleryNote) in 79.6153ms
2024-10-22 12:31:04.824 +02:00 [INF] Executed endpoint 'GalleryNote.Controllers.CustomerController.Table (GalleryNote)'
2024-10-22 12:31:04.825 +02:00 [INF] Request finished HTTP/1.1 GET http://localhost:5272/Customer/Table - 200 null text/html; charset=utf-8 90.1193ms
2024-10-22 12:31:11.366 +02:00 [INF] Application is shutting down...
