2024-11-09 12:22:19.072 +01:00 [INF] User profile is available. Using 'C:\Users\birko\AppData\Local\ASP.NET\DataProtection-Keys' as key repository and Windows DPAPI to encrypt keys at rest.
2024-11-09 12:22:19.857 +01:00 [INF] Now listening on: http://localhost:5272
2024-11-09 12:22:19.894 +01:00 [INF] Application started. Press Ctrl+C to shut down.
2024-11-09 12:22:19.897 +01:00 [INF] Hosting environment: Development
2024-11-09 12:22:19.897 +01:00 [INF] Content root path: C:\Users\birko\OneDrive - OsloMet\ITPE 3200 - Webapplikasjoner\GalleryNote project\GalleryNote – Kopi
2024-11-09 12:22:24.667 +01:00 [INF] Request starting HTTP/1.1 GET http://localhost:5272/ - null null
2024-11-09 12:22:24.844 +01:00 [INF] Executing endpoint 'GalleryNote.Controllers.HomeController.Index (GalleryNote)'
2024-11-09 12:22:24.901 +01:00 [INF] Route matched with {action = "Index", controller = "Home", page = "", area = ""}. Executing controller action with signature Microsoft.AspNetCore.Mvc.IActionResult Index() on controller GalleryNote.Controllers.HomeController (GalleryNote).
2024-11-09 12:22:24.936 +01:00 [INF] Executing ViewResult, running view Index.
2024-11-09 12:22:25.304 +01:00 [INF] Executed ViewResult - view Index executed in 384.1876ms.
2024-11-09 12:22:25.310 +01:00 [INF] Executed action GalleryNote.Controllers.HomeController.Index (GalleryNote) in 406.3639ms
2024-11-09 12:22:25.311 +01:00 [INF] Executed endpoint 'GalleryNote.Controllers.HomeController.Index (GalleryNote)'
2024-11-09 12:22:25.324 +01:00 [INF] Request finished HTTP/1.1 GET http://localhost:5272/ - 200 null text/html; charset=utf-8 696.8101ms
2024-11-09 12:22:39.461 +01:00 [INF] Request starting HTTP/1.1 GET http://localhost:5272/ - null null
2024-11-09 12:22:39.468 +01:00 [INF] Executing endpoint 'GalleryNote.Controllers.HomeController.Index (GalleryNote)'
2024-11-09 12:22:39.470 +01:00 [INF] Route matched with {action = "Index", controller = "Home", page = "", area = ""}. Executing controller action with signature Microsoft.AspNetCore.Mvc.IActionResult Index() on controller GalleryNote.Controllers.HomeController (GalleryNote).
2024-11-09 12:22:39.482 +01:00 [INF] Executing ViewResult, running view Index.
2024-11-09 12:22:39.499 +01:00 [INF] Executed ViewResult - view Index executed in 20.2422ms.
2024-11-09 12:22:39.500 +01:00 [INF] Executed action GalleryNote.Controllers.HomeController.Index (GalleryNote) in 29.2529ms
2024-11-09 12:22:39.500 +01:00 [INF] Executed endpoint 'GalleryNote.Controllers.HomeController.Index (GalleryNote)'
2024-11-09 12:22:39.502 +01:00 [INF] Request finished HTTP/1.1 GET http://localhost:5272/ - 200 null text/html; charset=utf-8 41.1649ms
2024-11-09 12:22:40.814 +01:00 [INF] Request starting HTTP/1.1 GET http://localhost:5272/Item/Table - null null
2024-11-09 12:22:40.855 +01:00 [INF] Executing endpoint 'GalleryNote.Controllers.ItemController.Table (GalleryNote)'
2024-11-09 12:22:40.870 +01:00 [INF] Route matched with {action = "Table", controller = "Item", page = "", area = ""}. Executing controller action with signature System.Threading.Tasks.Task`1[Microsoft.AspNetCore.Mvc.IActionResult] Table() on controller GalleryNote.Controllers.ItemController (GalleryNote).
2024-11-09 12:22:41.209 +01:00 [INF] Executing ViewResult, running view Table.
2024-11-09 12:22:41.283 +01:00 [INF] Executed ViewResult - view Table executed in 77.0492ms.
2024-11-09 12:22:41.284 +01:00 [INF] Executed action GalleryNote.Controllers.ItemController.Table (GalleryNote) in 414.0017ms
2024-11-09 12:22:41.285 +01:00 [INF] Executed endpoint 'GalleryNote.Controllers.ItemController.Table (GalleryNote)'
2024-11-09 12:22:41.307 +01:00 [INF] Request finished HTTP/1.1 GET http://localhost:5272/Item/Table - 200 null text/html; charset=utf-8 493.3552ms
2024-11-09 12:22:44.173 +01:00 [INF] Request starting HTTP/1.1 GET http://localhost:5272/Item/Delete/1 - null null
2024-11-09 12:22:44.203 +01:00 [INF] Authorization failed. These requirements were not met:
DenyAnonymousAuthorizationRequirement: Requires an authenticated user.
2024-11-09 12:22:44.212 +01:00 [INF] AuthenticationScheme: Identity.Application was challenged.
2024-11-09 12:22:44.214 +01:00 [INF] Request finished HTTP/1.1 GET http://localhost:5272/Item/Delete/1 - 302 0 null 40.7207ms
2024-11-09 12:22:44.224 +01:00 [INF] Request starting HTTP/1.1 GET http://localhost:5272/Identity/Account/Login?ReturnUrl=%2FItem%2FDelete%2F1 - null null
2024-11-09 12:22:44.225 +01:00 [INF] Executing endpoint '/Account/Login'
2024-11-09 12:22:44.285 +01:00 [INF] Route matched with {page = "/Account/Login", area = "Identity", action = "", controller = ""}. Executing page /Account/Login
2024-11-09 12:22:44.372 +01:00 [INF] Executing handler method GalleryNote.Areas.Identity.Pages.Account.LoginModel.OnGetAsync - ModelState is "Valid"
2024-11-09 12:22:44.386 +01:00 [INF] AuthenticationScheme: Identity.External signed out.
2024-11-09 12:22:44.391 +01:00 [INF] Executed handler method OnGetAsync, returned result .
2024-11-09 12:22:44.400 +01:00 [INF] Executing an implicit handler method - ModelState is "Valid"
2024-11-09 12:22:44.401 +01:00 [INF] Executed an implicit handler method, returned result Microsoft.AspNetCore.Mvc.RazorPages.PageResult.
2024-11-09 12:22:44.580 +01:00 [INF] Executed page /Account/Login in 294.5078ms
2024-11-09 12:22:44.581 +01:00 [INF] Executed endpoint '/Account/Login'
2024-11-09 12:22:44.581 +01:00 [INF] Request finished HTTP/1.1 GET http://localhost:5272/Identity/Account/Login?ReturnUrl=%2FItem%2FDelete%2F1 - 200 null text/html; charset=utf-8 357.0764ms
2024-11-09 12:22:44.733 +01:00 [INF] Request starting HTTP/1.1 GET http://localhost:5272/lib/jquery-validation/dist/jquery.validate.min.js - null null
2024-11-09 12:22:44.745 +01:00 [INF] Request starting HTTP/1.1 GET http://localhost:5272/lib/jquery-validation-unobtrusive/jquery.validate.unobtrusive.min.js - null null
2024-11-09 12:22:44.755 +01:00 [INF] Request finished HTTP/1.1 GET http://localhost:5272/lib/jquery-validation-unobtrusive/jquery.validate.unobtrusive.min.js - 404 0 null 10.5387ms
2024-11-09 12:22:44.755 +01:00 [INF] Request finished HTTP/1.1 GET http://localhost:5272/lib/jquery-validation/dist/jquery.validate.min.js - 404 0 null 22.5336ms
2024-11-09 12:22:44.758 +01:00 [INF] Request reached the end of the middleware pipeline without being handled by application code. Request path: GET http://localhost:5272/lib/jquery-validation/dist/jquery.validate.min.js, Response status code: 404
2024-11-09 12:22:44.758 +01:00 [INF] Request reached the end of the middleware pipeline without being handled by application code. Request path: GET http://localhost:5272/lib/jquery-validation-unobtrusive/jquery.validate.unobtrusive.min.js, Response status code: 404
2024-11-09 12:22:55.064 +01:00 [INF] Request starting HTTP/1.1 GET http://localhost:5272/Customer/Table - null null
2024-11-09 12:22:55.071 +01:00 [INF] Executing endpoint 'GalleryNote.Controllers.CustomerController.Table (GalleryNote)'
2024-11-09 12:22:55.097 +01:00 [INF] Route matched with {action = "Table", controller = "Customer", page = "", area = ""}. Executing controller action with signature System.Threading.Tasks.Task`1[Microsoft.AspNetCore.Mvc.IActionResult] Table() on controller GalleryNote.Controllers.CustomerController (GalleryNote).
2024-11-09 12:22:55.280 +01:00 [INF] Executing ViewResult, running view Table.
2024-11-09 12:22:55.452 +01:00 [INF] Executed ViewResult - view Table executed in 174.556ms.
2024-11-09 12:22:55.452 +01:00 [INF] Executed action GalleryNote.Controllers.CustomerController.Table (GalleryNote) in 355.2012ms
2024-11-09 12:22:55.453 +01:00 [INF] Executed endpoint 'GalleryNote.Controllers.CustomerController.Table (GalleryNote)'
2024-11-09 12:22:55.453 +01:00 [INF] Request finished HTTP/1.1 GET http://localhost:5272/Customer/Table - 200 null text/html; charset=utf-8 388.8877ms
2024-11-09 12:22:57.545 +01:00 [INF] Request starting HTTP/1.1 GET http://localhost:5272/Order/Table - null null
2024-11-09 12:22:57.546 +01:00 [INF] Executing endpoint 'GalleryNote.Controllers.OrderController.Table (GalleryNote)'
2024-11-09 12:22:57.555 +01:00 [INF] Route matched with {action = "Table", controller = "Order", page = "", area = ""}. Executing controller action with signature System.Threading.Tasks.Task`1[Microsoft.AspNetCore.Mvc.IActionResult] Table() on controller GalleryNote.Controllers.OrderController (GalleryNote).
2024-11-09 12:22:57.586 +01:00 [INF] Executing ViewResult, running view Table.
2024-11-09 12:22:57.774 +01:00 [INF] Executed ViewResult - view Table executed in 189.2559ms.
2024-11-09 12:22:57.774 +01:00 [INF] Executed action GalleryNote.Controllers.OrderController.Table (GalleryNote) in 218.5264ms
2024-11-09 12:22:57.774 +01:00 [INF] Executed endpoint 'GalleryNote.Controllers.OrderController.Table (GalleryNote)'
2024-11-09 12:22:57.775 +01:00 [INF] Request finished HTTP/1.1 GET http://localhost:5272/Order/Table - 200 null text/html; charset=utf-8 229.858ms
2024-11-09 12:23:01.290 +01:00 [INF] Request starting HTTP/1.1 GET http://localhost:5272/Customer/Table - null null
2024-11-09 12:23:01.291 +01:00 [INF] Executing endpoint 'GalleryNote.Controllers.CustomerController.Table (GalleryNote)'
2024-11-09 12:23:01.291 +01:00 [INF] Route matched with {action = "Table", controller = "Customer", page = "", area = ""}. Executing controller action with signature System.Threading.Tasks.Task`1[Microsoft.AspNetCore.Mvc.IActionResult] Table() on controller GalleryNote.Controllers.CustomerController (GalleryNote).
2024-11-09 12:23:01.295 +01:00 [INF] Executing ViewResult, running view Table.
2024-11-09 12:23:01.306 +01:00 [INF] Executed ViewResult - view Table executed in 10.5147ms.
2024-11-09 12:23:01.306 +01:00 [INF] Executed action GalleryNote.Controllers.CustomerController.Table (GalleryNote) in 14.6786ms
2024-11-09 12:23:01.306 +01:00 [INF] Executed endpoint 'GalleryNote.Controllers.CustomerController.Table (GalleryNote)'
2024-11-09 12:23:01.307 +01:00 [INF] Request finished HTTP/1.1 GET http://localhost:5272/Customer/Table - 200 null text/html; charset=utf-8 16.5242ms
2024-11-09 12:23:03.618 +01:00 [INF] Request starting HTTP/1.1 GET http://localhost:5272/ - null null
2024-11-09 12:23:03.619 +01:00 [INF] Executing endpoint 'GalleryNote.Controllers.HomeController.Index (GalleryNote)'
2024-11-09 12:23:03.619 +01:00 [INF] Route matched with {action = "Index", controller = "Home", page = "", area = ""}. Executing controller action with signature Microsoft.AspNetCore.Mvc.IActionResult Index() on controller GalleryNote.Controllers.HomeController (GalleryNote).
2024-11-09 12:23:03.619 +01:00 [INF] Executing ViewResult, running view Index.
2024-11-09 12:23:03.621 +01:00 [INF] Executed ViewResult - view Index executed in 2.244ms.
2024-11-09 12:23:03.622 +01:00 [INF] Executed action GalleryNote.Controllers.HomeController.Index (GalleryNote) in 2.5777ms
2024-11-09 12:23:03.622 +01:00 [INF] Executed endpoint 'GalleryNote.Controllers.HomeController.Index (GalleryNote)'
2024-11-09 12:23:03.622 +01:00 [INF] Request finished HTTP/1.1 GET http://localhost:5272/ - 200 null text/html; charset=utf-8 4.0809ms
2024-11-09 12:27:53.464 +01:00 [INF] Request starting HTTP/1.1 GET http://localhost:5272/ - null null
2024-11-09 12:27:53.466 +01:00 [INF] Executing endpoint 'GalleryNote.Controllers.HomeController.Index (GalleryNote)'
2024-11-09 12:27:53.466 +01:00 [INF] Route matched with {action = "Index", controller = "Home", page = "", area = ""}. Executing controller action with signature Microsoft.AspNetCore.Mvc.IActionResult Index() on controller GalleryNote.Controllers.HomeController (GalleryNote).
2024-11-09 12:27:53.467 +01:00 [INF] Executing ViewResult, running view Index.
2024-11-09 12:27:53.469 +01:00 [INF] Executed ViewResult - view Index executed in 2.8578ms.
2024-11-09 12:27:53.469 +01:00 [INF] Executed action GalleryNote.Controllers.HomeController.Index (GalleryNote) in 3.2689ms
2024-11-09 12:27:53.469 +01:00 [INF] Executed endpoint 'GalleryNote.Controllers.HomeController.Index (GalleryNote)'
2024-11-09 12:27:53.470 +01:00 [INF] Request finished HTTP/1.1 GET http://localhost:5272/ - 200 null text/html; charset=utf-8 5.5937ms
2024-11-09 12:27:54.925 +01:00 [INF] Request starting HTTP/1.1 GET http://localhost:5272/ - null null
2024-11-09 12:27:54.926 +01:00 [INF] Executing endpoint 'GalleryNote.Controllers.HomeController.Index (GalleryNote)'
2024-11-09 12:27:54.926 +01:00 [INF] Route matched with {action = "Index", controller = "Home", page = "", area = ""}. Executing controller action with signature Microsoft.AspNetCore.Mvc.IActionResult Index() on controller GalleryNote.Controllers.HomeController (GalleryNote).
2024-11-09 12:27:54.926 +01:00 [INF] Executing ViewResult, running view Index.
2024-11-09 12:27:54.927 +01:00 [INF] Executed ViewResult - view Index executed in 0.8001ms.
2024-11-09 12:27:54.927 +01:00 [INF] Executed action GalleryNote.Controllers.HomeController.Index (GalleryNote) in 0.9474ms
2024-11-09 12:27:54.927 +01:00 [INF] Executed endpoint 'GalleryNote.Controllers.HomeController.Index (GalleryNote)'
2024-11-09 12:27:54.927 +01:00 [INF] Request finished HTTP/1.1 GET http://localhost:5272/ - 200 null text/html; charset=utf-8 2.0205ms
2024-11-09 12:27:55.823 +01:00 [INF] Request starting HTTP/1.1 GET http://localhost:5272/ - null null
2024-11-09 12:27:55.823 +01:00 [INF] Executing endpoint 'GalleryNote.Controllers.HomeController.Index (GalleryNote)'
2024-11-09 12:27:55.823 +01:00 [INF] Route matched with {action = "Index", controller = "Home", page = "", area = ""}. Executing controller action with signature Microsoft.AspNetCore.Mvc.IActionResult Index() on controller GalleryNote.Controllers.HomeController (GalleryNote).
2024-11-09 12:27:55.824 +01:00 [INF] Executing ViewResult, running view Index.
2024-11-09 12:27:55.824 +01:00 [INF] Executed ViewResult - view Index executed in 0.7369ms.
2024-11-09 12:27:55.824 +01:00 [INF] Executed action GalleryNote.Controllers.HomeController.Index (GalleryNote) in 0.9133ms
2024-11-09 12:27:55.824 +01:00 [INF] Executed endpoint 'GalleryNote.Controllers.HomeController.Index (GalleryNote)'
2024-11-09 12:27:55.824 +01:00 [INF] Request finished HTTP/1.1 GET http://localhost:5272/ - 200 null text/html; charset=utf-8 1.9626ms
2024-11-09 12:27:56.611 +01:00 [INF] Request starting HTTP/1.1 GET http://localhost:5272/ - null null
2024-11-09 12:27:56.611 +01:00 [INF] Executing endpoint 'GalleryNote.Controllers.HomeController.Index (GalleryNote)'
2024-11-09 12:27:56.611 +01:00 [INF] Route matched with {action = "Index", controller = "Home", page = "", area = ""}. Executing controller action with signature Microsoft.AspNetCore.Mvc.IActionResult Index() on controller GalleryNote.Controllers.HomeController (GalleryNote).
2024-11-09 12:27:56.612 +01:00 [INF] Executing ViewResult, running view Index.
2024-11-09 12:27:56.612 +01:00 [INF] Executed ViewResult - view Index executed in 0.8693ms.
2024-11-09 12:27:56.612 +01:00 [INF] Executed action GalleryNote.Controllers.HomeController.Index (GalleryNote) in 1.0137ms
2024-11-09 12:27:56.612 +01:00 [INF] Executed endpoint 'GalleryNote.Controllers.HomeController.Index (GalleryNote)'
2024-11-09 12:27:56.613 +01:00 [INF] Request finished HTTP/1.1 GET http://localhost:5272/ - 200 null text/html; charset=utf-8 1.6938ms
2024-11-09 12:28:04.633 +01:00 [INF] Application is shutting down...
