2024-11-27 13:57:52.992 +01:00 [INF] User profile is available. Using 'C:\Users\birko\AppData\Local\ASP.NET\DataProtection-Keys' as key repository and Windows DPAPI to encrypt keys at rest.
2024-11-27 13:57:53.296 +01:00 [INF] Now listening on: http://localhost:5272
2024-11-27 13:57:53.304 +01:00 [INF] Application started. Press Ctrl+C to shut down.
2024-11-27 13:57:53.306 +01:00 [INF] Hosting environment: Development
2024-11-27 13:57:53.306 +01:00 [INF] Content root path: C:\Users\birko\OneDrive - OsloMet\ITPE 3200 - Webapplikasjoner\GalleryNote project\GalleryNote – Kopi
2024-11-27 13:57:56.834 +01:00 [INF] Request starting HTTP/1.1 GET http://localhost:5272/ - null null
2024-11-27 13:57:57.116 +01:00 [INF] Executing endpoint 'GalleryNote.Controllers.HomeController.Index (GalleryNote)'
2024-11-27 13:57:57.141 +01:00 [INF] Route matched with {action = "Index", controller = "Home", page = "", area = ""}. Executing controller action with signature Microsoft.AspNetCore.Mvc.IActionResult Index() on controller GalleryNote.Controllers.HomeController (GalleryNote).
2024-11-27 13:57:57.172 +01:00 [INF] Executing ViewResult, running view Index.
2024-11-27 13:57:57.462 +01:00 [INF] Executed ViewResult - view Index executed in 291.7015ms.
2024-11-27 13:57:57.467 +01:00 [INF] Executed action GalleryNote.Controllers.HomeController.Index (GalleryNote) in 323.8011ms
2024-11-27 13:57:57.468 +01:00 [INF] Executed endpoint 'GalleryNote.Controllers.HomeController.Index (GalleryNote)'
2024-11-27 13:57:57.487 +01:00 [INF] Request finished HTTP/1.1 GET http://localhost:5272/ - 200 null text/html; charset=utf-8 657.1593ms
2024-11-27 13:57:59.583 +01:00 [INF] Request starting HTTP/1.1 GET http://localhost:5272/Note/Grid?active=active - null null
2024-11-27 13:57:59.700 +01:00 [INF] Executing endpoint 'GalleryNote.Controllers.NoteController.Grid (GalleryNote)'
2024-11-27 13:57:59.713 +01:00 [INF] Route matched with {action = "Grid", controller = "Note", page = "", area = ""}. Executing controller action with signature System.Threading.Tasks.Task`1[Microsoft.AspNetCore.Mvc.IActionResult] Grid() on controller GalleryNote.Controllers.NoteController (GalleryNote).
2024-11-27 13:57:59.968 +01:00 [INF] Executing ViewResult, running view Grid.
2024-11-27 13:57:59.991 +01:00 [INF] Executed ViewResult - view Grid executed in 23.7782ms.
2024-11-27 13:57:59.991 +01:00 [INF] Executed action GalleryNote.Controllers.NoteController.Grid (GalleryNote) in 277.6639ms
2024-11-27 13:57:59.991 +01:00 [INF] Executed endpoint 'GalleryNote.Controllers.NoteController.Grid (GalleryNote)'
2024-11-27 13:58:00.005 +01:00 [INF] Request finished HTTP/1.1 GET http://localhost:5272/Note/Grid?active=active - 200 null text/html; charset=utf-8 422.158ms
2024-11-27 13:58:01.034 +01:00 [INF] Request starting HTTP/1.1 POST http://localhost:5272/Identity/Account/Logout?returnUrl=%2F - application/x-www-form-urlencoded 225
2024-11-27 13:58:01.068 +01:00 [INF] Executing endpoint '/Account/Logout'
2024-11-27 13:58:01.097 +01:00 [INF] Route matched with {page = "/Account/Logout", area = "Identity", action = "", controller = ""}. Executing page /Account/Logout
2024-11-27 13:58:01.132 +01:00 [INF] Executing handler method GalleryNote.Areas.Identity.Pages.Account.LogoutModel.OnPost - ModelState is "Valid"
2024-11-27 13:58:01.143 +01:00 [INF] AuthenticationScheme: Identity.Application signed out.
2024-11-27 13:58:01.145 +01:00 [INF] AuthenticationScheme: Identity.External signed out.
2024-11-27 13:58:01.145 +01:00 [INF] AuthenticationScheme: Identity.TwoFactorUserId signed out.
2024-11-27 13:58:01.145 +01:00 [INF] User logged out.
2024-11-27 13:58:01.147 +01:00 [INF] Executed handler method OnPost, returned result Microsoft.AspNetCore.Mvc.LocalRedirectResult.
2024-11-27 13:58:01.149 +01:00 [INF] Executing LocalRedirectResult, redirecting to /.
2024-11-27 13:58:01.150 +01:00 [INF] Executed page /Account/Logout in 52.8891ms
2024-11-27 13:58:01.150 +01:00 [INF] Executed endpoint '/Account/Logout'
2024-11-27 13:58:01.150 +01:00 [INF] Request finished HTTP/1.1 POST http://localhost:5272/Identity/Account/Logout?returnUrl=%2F - 302 0 null 116.5896ms
2024-11-27 13:58:01.155 +01:00 [INF] Request starting HTTP/1.1 GET http://localhost:5272/ - null null
2024-11-27 13:58:01.156 +01:00 [INF] Executing endpoint 'GalleryNote.Controllers.HomeController.Index (GalleryNote)'
2024-11-27 13:58:01.157 +01:00 [INF] Route matched with {action = "Index", controller = "Home", page = "", area = ""}. Executing controller action with signature Microsoft.AspNetCore.Mvc.IActionResult Index() on controller GalleryNote.Controllers.HomeController (GalleryNote).
2024-11-27 13:58:01.158 +01:00 [INF] Executing ViewResult, running view Index.
2024-11-27 13:58:01.164 +01:00 [INF] Executed ViewResult - view Index executed in 7.086ms.
2024-11-27 13:58:01.165 +01:00 [INF] Executed action GalleryNote.Controllers.HomeController.Index (GalleryNote) in 7.7687ms
2024-11-27 13:58:01.165 +01:00 [INF] Executed endpoint 'GalleryNote.Controllers.HomeController.Index (GalleryNote)'
2024-11-27 13:58:01.165 +01:00 [INF] Request finished HTTP/1.1 GET http://localhost:5272/ - 200 null text/html; charset=utf-8 9.5075ms
2024-11-27 13:58:02.524 +01:00 [INF] Request starting HTTP/1.1 GET http://localhost:5272/Identity/Account/Login - null null
2024-11-27 13:58:02.529 +01:00 [INF] Executing endpoint '/Account/Login'
2024-11-27 13:58:02.547 +01:00 [INF] Route matched with {page = "/Account/Login", area = "Identity", action = "", controller = ""}. Executing page /Account/Login
2024-11-27 13:58:02.555 +01:00 [INF] Executing handler method GalleryNote.Areas.Identity.Pages.Account.LoginModel.OnGetAsync - ModelState is "Valid"
2024-11-27 13:58:02.557 +01:00 [INF] AuthenticationScheme: Identity.External signed out.
2024-11-27 13:58:02.558 +01:00 [INF] Executed handler method OnGetAsync, returned result .
2024-11-27 13:58:02.561 +01:00 [INF] Executing an implicit handler method - ModelState is "Valid"
2024-11-27 13:58:02.561 +01:00 [INF] Executed an implicit handler method, returned result Microsoft.AspNetCore.Mvc.RazorPages.PageResult.
2024-11-27 13:58:02.637 +01:00 [INF] Executed page /Account/Login in 89.8048ms
2024-11-27 13:58:02.637 +01:00 [INF] Executed endpoint '/Account/Login'
2024-11-27 13:58:02.637 +01:00 [INF] Request finished HTTP/1.1 GET http://localhost:5272/Identity/Account/Login - 200 null text/html; charset=utf-8 113.7061ms
2024-11-27 13:58:02.661 +01:00 [INF] Request starting HTTP/1.1 GET http://localhost:5272/lib/jquery-validation/dist/jquery.validate.min.js - null null
2024-11-27 13:58:02.665 +01:00 [INF] Request finished HTTP/1.1 GET http://localhost:5272/lib/jquery-validation/dist/jquery.validate.min.js - 404 0 null 4.376ms
2024-11-27 13:58:02.666 +01:00 [INF] Request reached the end of the middleware pipeline without being handled by application code. Request path: GET http://localhost:5272/lib/jquery-validation/dist/jquery.validate.min.js, Response status code: 404
2024-11-27 13:58:02.670 +01:00 [INF] Request starting HTTP/1.1 GET http://localhost:5272/lib/jquery-validation-unobtrusive/jquery.validate.unobtrusive.min.js - null null
2024-11-27 13:58:02.672 +01:00 [INF] Request finished HTTP/1.1 GET http://localhost:5272/lib/jquery-validation-unobtrusive/jquery.validate.unobtrusive.min.js - 404 0 null 1.4192ms
2024-11-27 13:58:02.673 +01:00 [INF] Request reached the end of the middleware pipeline without being handled by application code. Request path: GET http://localhost:5272/lib/jquery-validation-unobtrusive/jquery.validate.unobtrusive.min.js, Response status code: 404
2024-11-27 13:58:15.687 +01:00 [INF] Request starting HTTP/1.1 POST http://localhost:5272/Identity/Account/Login - application/x-www-form-urlencoded 266
2024-11-27 13:58:15.688 +01:00 [INF] Executing endpoint '/Account/Login'
2024-11-27 13:58:15.689 +01:00 [INF] Route matched with {page = "/Account/Login", area = "Identity", action = "", controller = ""}. Executing page /Account/Login
2024-11-27 13:58:15.707 +01:00 [INF] Executing handler method GalleryNote.Areas.Identity.Pages.Account.LoginModel.OnPostAsync - ModelState is "Valid"
2024-11-27 13:58:16.060 +01:00 [INF] AuthenticationScheme: Identity.Application signed in.
2024-11-27 13:58:16.060 +01:00 [INF] User logged in.
2024-11-27 13:58:16.061 +01:00 [INF] Executed handler method OnPostAsync, returned result Microsoft.AspNetCore.Mvc.LocalRedirectResult.
2024-11-27 13:58:16.061 +01:00 [INF] Executing LocalRedirectResult, redirecting to /.
2024-11-27 13:58:16.062 +01:00 [INF] Executed page /Account/Login in 373.0378ms
2024-11-27 13:58:16.063 +01:00 [INF] Executed endpoint '/Account/Login'
2024-11-27 13:58:16.066 +01:00 [INF] Request finished HTTP/1.1 POST http://localhost:5272/Identity/Account/Login - 302 0 null 378.8493ms
2024-11-27 13:58:16.067 +01:00 [INF] Request starting HTTP/1.1 GET http://localhost:5272/ - null null
2024-11-27 13:58:16.069 +01:00 [INF] Executing endpoint 'GalleryNote.Controllers.HomeController.Index (GalleryNote)'
2024-11-27 13:58:16.069 +01:00 [INF] Route matched with {action = "Index", controller = "Home", page = "", area = ""}. Executing controller action with signature Microsoft.AspNetCore.Mvc.IActionResult Index() on controller GalleryNote.Controllers.HomeController (GalleryNote).
2024-11-27 13:58:16.069 +01:00 [INF] Executing ViewResult, running view Index.
2024-11-27 13:58:16.072 +01:00 [INF] Executed ViewResult - view Index executed in 2.5463ms.
2024-11-27 13:58:16.072 +01:00 [INF] Executed action GalleryNote.Controllers.HomeController.Index (GalleryNote) in 2.9081ms
2024-11-27 13:58:16.072 +01:00 [INF] Executed endpoint 'GalleryNote.Controllers.HomeController.Index (GalleryNote)'
2024-11-27 13:58:16.072 +01:00 [INF] Request finished HTTP/1.1 GET http://localhost:5272/ - 200 null text/html; charset=utf-8 5.7942ms
2024-11-27 13:58:17.443 +01:00 [INF] Request starting HTTP/1.1 GET http://localhost:5272/Note/Grid?active=active - null null
2024-11-27 13:58:17.447 +01:00 [INF] Executing endpoint 'GalleryNote.Controllers.NoteController.Grid (GalleryNote)'
2024-11-27 13:58:17.448 +01:00 [INF] Route matched with {action = "Grid", controller = "Note", page = "", area = ""}. Executing controller action with signature System.Threading.Tasks.Task`1[Microsoft.AspNetCore.Mvc.IActionResult] Grid() on controller GalleryNote.Controllers.NoteController (GalleryNote).
2024-11-27 13:58:17.455 +01:00 [INF] Executing ViewResult, running view Grid.
2024-11-27 13:58:17.460 +01:00 [INF] Executed ViewResult - view Grid executed in 5.4585ms.
2024-11-27 13:58:17.460 +01:00 [INF] Executed action GalleryNote.Controllers.NoteController.Grid (GalleryNote) in 12.8243ms
2024-11-27 13:58:17.461 +01:00 [INF] Executed endpoint 'GalleryNote.Controllers.NoteController.Grid (GalleryNote)'
2024-11-27 13:58:17.461 +01:00 [INF] Request finished HTTP/1.1 GET http://localhost:5272/Note/Grid?active=active - 200 null text/html; charset=utf-8 18.1865ms
2024-11-27 13:58:19.205 +01:00 [INF] Request starting HTTP/1.1 GET http://localhost:5272/Note/Update/6 - null null
2024-11-27 13:58:19.210 +01:00 [INF] Executing endpoint 'GalleryNote.Controllers.NoteController.Update (GalleryNote)'
2024-11-27 13:58:19.226 +01:00 [INF] Route matched with {action = "Update", controller = "Note", page = "", area = ""}. Executing controller action with signature System.Threading.Tasks.Task`1[Microsoft.AspNetCore.Mvc.IActionResult] Update(Int32) on controller GalleryNote.Controllers.NoteController (GalleryNote).
2024-11-27 13:58:19.272 +01:00 [INF] Executing ViewResult, running view Update.
2024-11-27 13:58:19.304 +01:00 [INF] Executed ViewResult - view Update executed in 33.1982ms.
2024-11-27 13:58:19.304 +01:00 [INF] Executed action GalleryNote.Controllers.NoteController.Update (GalleryNote) in 78.4731ms
2024-11-27 13:58:19.304 +01:00 [INF] Executed endpoint 'GalleryNote.Controllers.NoteController.Update (GalleryNote)'
2024-11-27 13:58:19.305 +01:00 [INF] Request finished HTTP/1.1 GET http://localhost:5272/Note/Update/6 - 200 null text/html; charset=utf-8 99.3594ms
2024-11-27 13:58:23.143 +01:00 [INF] Request starting HTTP/1.1 POST http://localhost:5272/Note/Update/6 - application/x-www-form-urlencoded 275
2024-11-27 13:58:23.148 +01:00 [INF] Executing endpoint 'GalleryNote.Controllers.NoteController.Update (GalleryNote)'
2024-11-27 13:58:23.152 +01:00 [INF] Route matched with {action = "Update", controller = "Note", page = "", area = ""}. Executing controller action with signature System.Threading.Tasks.Task`1[Microsoft.AspNetCore.Mvc.IActionResult] Update(GalleryNote.Models.Note) on controller GalleryNote.Controllers.NoteController (GalleryNote).
2024-11-27 13:58:23.207 +01:00 [ERR] [NoteRepository] note update failed for NoteId 0006, error message: The instance of entity type 'Note' cannot be tracked because another instance with the same key value for {'Id'} is already being tracked. When attaching existing entities, ensure that only one entity instance with a given key value is attached. Consider using 'DbContextOptionsBuilder.EnableSensitiveDataLogging' to see the conflicting key values.
2024-11-27 13:58:23.208 +01:00 [INF] Executing ViewResult, running view Update.
2024-11-27 13:58:23.214 +01:00 [INF] Executed ViewResult - view Update executed in 5.7655ms.
2024-11-27 13:58:23.214 +01:00 [INF] Executed action GalleryNote.Controllers.NoteController.Update (GalleryNote) in 61.9569ms
2024-11-27 13:58:23.215 +01:00 [INF] Executed endpoint 'GalleryNote.Controllers.NoteController.Update (GalleryNote)'
2024-11-27 13:58:23.221 +01:00 [INF] Request finished HTTP/1.1 POST http://localhost:5272/Note/Update/6 - 200 null text/html; charset=utf-8 78.5726ms
2024-11-27 13:58:23.970 +01:00 [INF] Request starting HTTP/1.1 POST http://localhost:5272/Note/Update/6 - application/x-www-form-urlencoded 275
2024-11-27 13:58:23.974 +01:00 [INF] Executing endpoint 'GalleryNote.Controllers.NoteController.Update (GalleryNote)'
2024-11-27 13:58:23.975 +01:00 [INF] Route matched with {action = "Update", controller = "Note", page = "", area = ""}. Executing controller action with signature System.Threading.Tasks.Task`1[Microsoft.AspNetCore.Mvc.IActionResult] Update(GalleryNote.Models.Note) on controller GalleryNote.Controllers.NoteController (GalleryNote).
2024-11-27 13:58:23.985 +01:00 [ERR] [NoteRepository] note update failed for NoteId 0006, error message: The instance of entity type 'Note' cannot be tracked because another instance with the same key value for {'Id'} is already being tracked. When attaching existing entities, ensure that only one entity instance with a given key value is attached. Consider using 'DbContextOptionsBuilder.EnableSensitiveDataLogging' to see the conflicting key values.
2024-11-27 13:58:23.985 +01:00 [INF] Executing ViewResult, running view Update.
2024-11-27 13:58:23.989 +01:00 [INF] Executed ViewResult - view Update executed in 4.1092ms.
2024-11-27 13:58:23.989 +01:00 [INF] Executed action GalleryNote.Controllers.NoteController.Update (GalleryNote) in 14.8017ms
2024-11-27 13:58:23.990 +01:00 [INF] Executed endpoint 'GalleryNote.Controllers.NoteController.Update (GalleryNote)'
2024-11-27 13:58:23.990 +01:00 [INF] Request finished HTTP/1.1 POST http://localhost:5272/Note/Update/6 - 200 null text/html; charset=utf-8 20.0186ms
2024-11-27 13:58:24.936 +01:00 [INF] Request starting HTTP/1.1 POST http://localhost:5272/Note/Update/6 - application/x-www-form-urlencoded 275
2024-11-27 13:58:24.938 +01:00 [INF] Executing endpoint 'GalleryNote.Controllers.NoteController.Update (GalleryNote)'
2024-11-27 13:58:24.939 +01:00 [INF] Route matched with {action = "Update", controller = "Note", page = "", area = ""}. Executing controller action with signature System.Threading.Tasks.Task`1[Microsoft.AspNetCore.Mvc.IActionResult] Update(GalleryNote.Models.Note) on controller GalleryNote.Controllers.NoteController (GalleryNote).
2024-11-27 13:58:24.943 +01:00 [ERR] [NoteRepository] note update failed for NoteId 0006, error message: The instance of entity type 'Note' cannot be tracked because another instance with the same key value for {'Id'} is already being tracked. When attaching existing entities, ensure that only one entity instance with a given key value is attached. Consider using 'DbContextOptionsBuilder.EnableSensitiveDataLogging' to see the conflicting key values.
2024-11-27 13:58:24.944 +01:00 [INF] Executing ViewResult, running view Update.
2024-11-27 13:58:24.951 +01:00 [INF] Executed ViewResult - view Update executed in 6.988ms.
2024-11-27 13:58:24.951 +01:00 [INF] Executed action GalleryNote.Controllers.NoteController.Update (GalleryNote) in 12.4536ms
2024-11-27 13:58:24.952 +01:00 [INF] Executed endpoint 'GalleryNote.Controllers.NoteController.Update (GalleryNote)'
2024-11-27 13:58:24.953 +01:00 [INF] Request finished HTTP/1.1 POST http://localhost:5272/Note/Update/6 - 200 null text/html; charset=utf-8 16.8491ms
2024-11-27 13:58:25.282 +01:00 [INF] Request starting HTTP/1.1 POST http://localhost:5272/Note/Update/6 - application/x-www-form-urlencoded 275
2024-11-27 13:58:25.284 +01:00 [INF] Executing endpoint 'GalleryNote.Controllers.NoteController.Update (GalleryNote)'
2024-11-27 13:58:25.284 +01:00 [INF] Route matched with {action = "Update", controller = "Note", page = "", area = ""}. Executing controller action with signature System.Threading.Tasks.Task`1[Microsoft.AspNetCore.Mvc.IActionResult] Update(GalleryNote.Models.Note) on controller GalleryNote.Controllers.NoteController (GalleryNote).
2024-11-27 13:58:25.288 +01:00 [ERR] [NoteRepository] note update failed for NoteId 0006, error message: The instance of entity type 'Note' cannot be tracked because another instance with the same key value for {'Id'} is already being tracked. When attaching existing entities, ensure that only one entity instance with a given key value is attached. Consider using 'DbContextOptionsBuilder.EnableSensitiveDataLogging' to see the conflicting key values.
2024-11-27 13:58:25.289 +01:00 [INF] Executing ViewResult, running view Update.
2024-11-27 13:58:25.290 +01:00 [INF] Executed ViewResult - view Update executed in 1.7693ms.
2024-11-27 13:58:25.291 +01:00 [INF] Executed action GalleryNote.Controllers.NoteController.Update (GalleryNote) in 6.0503ms
2024-11-27 13:58:25.291 +01:00 [INF] Executed endpoint 'GalleryNote.Controllers.NoteController.Update (GalleryNote)'
2024-11-27 13:58:25.291 +01:00 [INF] Request finished HTTP/1.1 POST http://localhost:5272/Note/Update/6 - 200 null text/html; charset=utf-8 9.0003ms
2024-11-27 13:58:25.688 +01:00 [INF] Request starting HTTP/1.1 POST http://localhost:5272/Note/Update/6 - application/x-www-form-urlencoded 275
2024-11-27 13:58:25.693 +01:00 [INF] Executing endpoint 'GalleryNote.Controllers.NoteController.Update (GalleryNote)'
2024-11-27 13:58:25.694 +01:00 [INF] Route matched with {action = "Update", controller = "Note", page = "", area = ""}. Executing controller action with signature System.Threading.Tasks.Task`1[Microsoft.AspNetCore.Mvc.IActionResult] Update(GalleryNote.Models.Note) on controller GalleryNote.Controllers.NoteController (GalleryNote).
2024-11-27 13:58:25.699 +01:00 [ERR] [NoteRepository] note update failed for NoteId 0006, error message: The instance of entity type 'Note' cannot be tracked because another instance with the same key value for {'Id'} is already being tracked. When attaching existing entities, ensure that only one entity instance with a given key value is attached. Consider using 'DbContextOptionsBuilder.EnableSensitiveDataLogging' to see the conflicting key values.
2024-11-27 13:58:25.700 +01:00 [INF] Executing ViewResult, running view Update.
2024-11-27 13:58:25.706 +01:00 [INF] Executed ViewResult - view Update executed in 5.6782ms.
2024-11-27 13:58:25.707 +01:00 [INF] Executed action GalleryNote.Controllers.NoteController.Update (GalleryNote) in 12.6026ms
2024-11-27 13:58:25.707 +01:00 [INF] Executed endpoint 'GalleryNote.Controllers.NoteController.Update (GalleryNote)'
2024-11-27 13:58:25.708 +01:00 [INF] Request finished HTTP/1.1 POST http://localhost:5272/Note/Update/6 - 200 null text/html; charset=utf-8 20.0346ms
2024-11-27 13:58:26.159 +01:00 [INF] Request starting HTTP/1.1 POST http://localhost:5272/Note/Update/6 - application/x-www-form-urlencoded 275
2024-11-27 13:58:26.163 +01:00 [INF] Executing endpoint 'GalleryNote.Controllers.NoteController.Update (GalleryNote)'
2024-11-27 13:58:26.163 +01:00 [INF] Route matched with {action = "Update", controller = "Note", page = "", area = ""}. Executing controller action with signature System.Threading.Tasks.Task`1[Microsoft.AspNetCore.Mvc.IActionResult] Update(GalleryNote.Models.Note) on controller GalleryNote.Controllers.NoteController (GalleryNote).
2024-11-27 13:58:26.168 +01:00 [ERR] [NoteRepository] note update failed for NoteId 0006, error message: The instance of entity type 'Note' cannot be tracked because another instance with the same key value for {'Id'} is already being tracked. When attaching existing entities, ensure that only one entity instance with a given key value is attached. Consider using 'DbContextOptionsBuilder.EnableSensitiveDataLogging' to see the conflicting key values.
2024-11-27 13:58:26.168 +01:00 [INF] Executing ViewResult, running view Update.
2024-11-27 13:58:26.173 +01:00 [INF] Executed ViewResult - view Update executed in 4.431ms.
2024-11-27 13:58:26.173 +01:00 [INF] Executed action GalleryNote.Controllers.NoteController.Update (GalleryNote) in 9.7957ms
2024-11-27 13:58:26.173 +01:00 [INF] Executed endpoint 'GalleryNote.Controllers.NoteController.Update (GalleryNote)'
2024-11-27 13:58:26.173 +01:00 [INF] Request finished HTTP/1.1 POST http://localhost:5272/Note/Update/6 - 200 null text/html; charset=utf-8 14.3727ms
2024-11-27 13:58:27.118 +01:00 [INF] Request starting HTTP/1.1 POST http://localhost:5272/Note/Update/6 - application/x-www-form-urlencoded 275
2024-11-27 13:58:27.120 +01:00 [INF] Executing endpoint 'GalleryNote.Controllers.NoteController.Update (GalleryNote)'
2024-11-27 13:58:27.120 +01:00 [INF] Route matched with {action = "Update", controller = "Note", page = "", area = ""}. Executing controller action with signature System.Threading.Tasks.Task`1[Microsoft.AspNetCore.Mvc.IActionResult] Update(GalleryNote.Models.Note) on controller GalleryNote.Controllers.NoteController (GalleryNote).
2024-11-27 13:58:27.124 +01:00 [ERR] [NoteRepository] note update failed for NoteId 0006, error message: The instance of entity type 'Note' cannot be tracked because another instance with the same key value for {'Id'} is already being tracked. When attaching existing entities, ensure that only one entity instance with a given key value is attached. Consider using 'DbContextOptionsBuilder.EnableSensitiveDataLogging' to see the conflicting key values.
2024-11-27 13:58:27.124 +01:00 [INF] Executing ViewResult, running view Update.
2024-11-27 13:58:27.129 +01:00 [INF] Executed ViewResult - view Update executed in 4.9316ms.
2024-11-27 13:58:27.129 +01:00 [INF] Executed action GalleryNote.Controllers.NoteController.Update (GalleryNote) in 9.0612ms
2024-11-27 13:58:27.130 +01:00 [INF] Executed endpoint 'GalleryNote.Controllers.NoteController.Update (GalleryNote)'
2024-11-27 13:58:27.131 +01:00 [INF] Request finished HTTP/1.1 POST http://localhost:5272/Note/Update/6 - 200 null text/html; charset=utf-8 13.0902ms
2024-11-27 13:58:27.608 +01:00 [INF] Request starting HTTP/1.1 POST http://localhost:5272/Note/Update/6 - application/x-www-form-urlencoded 275
2024-11-27 13:58:27.613 +01:00 [INF] Executing endpoint 'GalleryNote.Controllers.NoteController.Update (GalleryNote)'
2024-11-27 13:58:27.613 +01:00 [INF] Route matched with {action = "Update", controller = "Note", page = "", area = ""}. Executing controller action with signature System.Threading.Tasks.Task`1[Microsoft.AspNetCore.Mvc.IActionResult] Update(GalleryNote.Models.Note) on controller GalleryNote.Controllers.NoteController (GalleryNote).
2024-11-27 13:58:27.618 +01:00 [ERR] [NoteRepository] note update failed for NoteId 0006, error message: The instance of entity type 'Note' cannot be tracked because another instance with the same key value for {'Id'} is already being tracked. When attaching existing entities, ensure that only one entity instance with a given key value is attached. Consider using 'DbContextOptionsBuilder.EnableSensitiveDataLogging' to see the conflicting key values.
2024-11-27 13:58:27.620 +01:00 [INF] Executing ViewResult, running view Update.
2024-11-27 13:58:27.624 +01:00 [INF] Executed ViewResult - view Update executed in 4.2248ms.
2024-11-27 13:58:27.624 +01:00 [INF] Executed action GalleryNote.Controllers.NoteController.Update (GalleryNote) in 10.6518ms
2024-11-27 13:58:27.624 +01:00 [INF] Executed endpoint 'GalleryNote.Controllers.NoteController.Update (GalleryNote)'
2024-11-27 13:58:27.624 +01:00 [INF] Request finished HTTP/1.1 POST http://localhost:5272/Note/Update/6 - 200 null text/html; charset=utf-8 16.0574ms
2024-11-27 13:58:28.071 +01:00 [INF] Request starting HTTP/1.1 POST http://localhost:5272/Note/Update/6 - application/x-www-form-urlencoded 275
2024-11-27 13:58:28.074 +01:00 [INF] Executing endpoint 'GalleryNote.Controllers.NoteController.Update (GalleryNote)'
2024-11-27 13:58:28.074 +01:00 [INF] Route matched with {action = "Update", controller = "Note", page = "", area = ""}. Executing controller action with signature System.Threading.Tasks.Task`1[Microsoft.AspNetCore.Mvc.IActionResult] Update(GalleryNote.Models.Note) on controller GalleryNote.Controllers.NoteController (GalleryNote).
2024-11-27 13:58:28.078 +01:00 [ERR] [NoteRepository] note update failed for NoteId 0006, error message: The instance of entity type 'Note' cannot be tracked because another instance with the same key value for {'Id'} is already being tracked. When attaching existing entities, ensure that only one entity instance with a given key value is attached. Consider using 'DbContextOptionsBuilder.EnableSensitiveDataLogging' to see the conflicting key values.
2024-11-27 13:58:28.081 +01:00 [INF] Executing ViewResult, running view Update.
2024-11-27 13:58:28.087 +01:00 [INF] Executed ViewResult - view Update executed in 6.2477ms.
2024-11-27 13:58:28.087 +01:00 [INF] Executed action GalleryNote.Controllers.NoteController.Update (GalleryNote) in 13.5267ms
2024-11-27 13:58:28.088 +01:00 [INF] Executed endpoint 'GalleryNote.Controllers.NoteController.Update (GalleryNote)'
2024-11-27 13:58:28.089 +01:00 [INF] Request finished HTTP/1.1 POST http://localhost:5272/Note/Update/6 - 200 null text/html; charset=utf-8 18.0808ms
2024-11-27 13:58:29.255 +01:00 [INF] Request starting HTTP/1.1 GET http://localhost:5272/Note/Grid - null null
2024-11-27 13:58:29.257 +01:00 [INF] Executing endpoint 'GalleryNote.Controllers.NoteController.Grid (GalleryNote)'
2024-11-27 13:58:29.258 +01:00 [INF] Route matched with {action = "Grid", controller = "Note", page = "", area = ""}. Executing controller action with signature System.Threading.Tasks.Task`1[Microsoft.AspNetCore.Mvc.IActionResult] Grid() on controller GalleryNote.Controllers.NoteController (GalleryNote).
2024-11-27 13:58:29.259 +01:00 [INF] Executing ViewResult, running view Grid.
2024-11-27 13:58:29.263 +01:00 [INF] Executed ViewResult - view Grid executed in 3.3027ms.
2024-11-27 13:58:29.263 +01:00 [INF] Executed action GalleryNote.Controllers.NoteController.Grid (GalleryNote) in 5.4975ms
2024-11-27 13:58:29.263 +01:00 [INF] Executed endpoint 'GalleryNote.Controllers.NoteController.Grid (GalleryNote)'
2024-11-27 13:58:29.264 +01:00 [INF] Request finished HTTP/1.1 GET http://localhost:5272/Note/Grid - 200 null text/html; charset=utf-8 8.8623ms
2024-11-27 13:58:32.747 +01:00 [INF] Request starting HTTP/1.1 GET http://localhost:5272/Note/Delete/6 - null null
2024-11-27 13:58:32.748 +01:00 [INF] Executing endpoint 'GalleryNote.Controllers.NoteController.Delete (GalleryNote)'
2024-11-27 13:58:32.753 +01:00 [INF] Route matched with {action = "Delete", controller = "Note", page = "", area = ""}. Executing controller action with signature System.Threading.Tasks.Task`1[Microsoft.AspNetCore.Mvc.IActionResult] Delete(Int32) on controller GalleryNote.Controllers.NoteController (GalleryNote).
2024-11-27 13:58:32.758 +01:00 [INF] Executing ViewResult, running view Delete.
2024-11-27 13:58:32.768 +01:00 [INF] Executed ViewResult - view Delete executed in 11.6003ms.
2024-11-27 13:58:32.768 +01:00 [INF] Executed action GalleryNote.Controllers.NoteController.Delete (GalleryNote) in 15.0245ms
2024-11-27 13:58:32.768 +01:00 [INF] Executed endpoint 'GalleryNote.Controllers.NoteController.Delete (GalleryNote)'
2024-11-27 13:58:32.768 +01:00 [INF] Request finished HTTP/1.1 GET http://localhost:5272/Note/Delete/6 - 200 null text/html; charset=utf-8 21.5546ms
2024-11-27 13:58:35.448 +01:00 [INF] Request starting HTTP/1.1 POST http://localhost:5272/Note/DeleteConfirmed/6 - application/x-www-form-urlencoded 225
2024-11-27 13:58:35.451 +01:00 [INF] Executing endpoint 'GalleryNote.Controllers.NoteController.DeleteConfirmed (GalleryNote)'
2024-11-27 13:58:35.463 +01:00 [INF] Route matched with {action = "DeleteConfirmed", controller = "Note", page = "", area = ""}. Executing controller action with signature System.Threading.Tasks.Task`1[Microsoft.AspNetCore.Mvc.IActionResult] DeleteConfirmed(Int32) on controller GalleryNote.Controllers.NoteController (GalleryNote).
2024-11-27 13:58:35.650 +01:00 [INF] Executing RedirectResult, redirecting to /Note/Grid.
2024-11-27 13:58:35.650 +01:00 [INF] Executed action GalleryNote.Controllers.NoteController.DeleteConfirmed (GalleryNote) in 181.5702ms
2024-11-27 13:58:35.650 +01:00 [INF] Executed endpoint 'GalleryNote.Controllers.NoteController.DeleteConfirmed (GalleryNote)'
2024-11-27 13:58:35.650 +01:00 [INF] Request finished HTTP/1.1 POST http://localhost:5272/Note/DeleteConfirmed/6 - 302 0 null 201.8659ms
2024-11-27 13:58:35.654 +01:00 [INF] Request starting HTTP/1.1 GET http://localhost:5272/Note/Grid - null null
2024-11-27 13:58:35.658 +01:00 [INF] Executing endpoint 'GalleryNote.Controllers.NoteController.Grid (GalleryNote)'
2024-11-27 13:58:35.659 +01:00 [INF] Route matched with {action = "Grid", controller = "Note", page = "", area = ""}. Executing controller action with signature System.Threading.Tasks.Task`1[Microsoft.AspNetCore.Mvc.IActionResult] Grid() on controller GalleryNote.Controllers.NoteController (GalleryNote).
2024-11-27 13:58:35.666 +01:00 [INF] Executing ViewResult, running view Grid.
2024-11-27 13:58:35.667 +01:00 [INF] Executed ViewResult - view Grid executed in 1.1463ms.
2024-11-27 13:58:35.667 +01:00 [INF] Executed action GalleryNote.Controllers.NoteController.Grid (GalleryNote) in 6.6667ms
2024-11-27 13:58:35.667 +01:00 [INF] Executed endpoint 'GalleryNote.Controllers.NoteController.Grid (GalleryNote)'
2024-11-27 13:58:35.668 +01:00 [INF] Request finished HTTP/1.1 GET http://localhost:5272/Note/Grid - 200 null text/html; charset=utf-8 13.129ms
2024-11-27 14:02:38.173 +01:00 [INF] Request starting HTTP/1.1 GET http://localhost:5272/Note/Create - null null
2024-11-27 14:02:38.180 +01:00 [INF] Executing endpoint 'GalleryNote.Controllers.NoteController.Create (GalleryNote)'
2024-11-27 14:02:38.186 +01:00 [INF] Route matched with {action = "Create", controller = "Note", page = "", area = ""}. Executing controller action with signature Microsoft.AspNetCore.Mvc.IActionResult Create() on controller GalleryNote.Controllers.NoteController (GalleryNote).
2024-11-27 14:02:38.189 +01:00 [INF] Executing ViewResult, running view Create.
2024-11-27 14:02:38.202 +01:00 [INF] Executed ViewResult - view Create executed in 15.4015ms.
2024-11-27 14:02:38.202 +01:00 [INF] Executed action GalleryNote.Controllers.NoteController.Create (GalleryNote) in 16.0769ms
2024-11-27 14:02:38.202 +01:00 [INF] Executed endpoint 'GalleryNote.Controllers.NoteController.Create (GalleryNote)'
2024-11-27 14:02:38.202 +01:00 [INF] Request finished HTTP/1.1 GET http://localhost:5272/Note/Create - 200 null text/html; charset=utf-8 29.3315ms
2024-11-27 14:02:38.235 +01:00 [INF] Request starting HTTP/1.1 GET http://localhost:5272/css/custom.css - null null
2024-11-27 14:02:38.249 +01:00 [INF] The file /css/custom.css was not modified
2024-11-27 14:02:38.250 +01:00 [INF] Request finished HTTP/1.1 GET http://localhost:5272/css/custom.css - 304 null text/css 15.3904ms
2024-11-27 14:02:41.485 +01:00 [INF] Request starting HTTP/1.1 POST http://localhost:5272/Note/Create - application/x-www-form-urlencoded 237
2024-11-27 14:02:41.487 +01:00 [INF] Executing endpoint 'GalleryNote.Controllers.NoteController.Create (GalleryNote)'
2024-11-27 14:02:41.493 +01:00 [INF] Route matched with {action = "Create", controller = "Note", page = "", area = ""}. Executing controller action with signature System.Threading.Tasks.Task`1[Microsoft.AspNetCore.Mvc.IActionResult] Create(GalleryNote.Models.Note) on controller GalleryNote.Controllers.NoteController (GalleryNote).
2024-11-27 14:02:41.582 +01:00 [INF] Executing RedirectResult, redirecting to /Note/Grid.
2024-11-27 14:02:41.582 +01:00 [INF] Executed action GalleryNote.Controllers.NoteController.Create (GalleryNote) in 88.7097ms
2024-11-27 14:02:41.582 +01:00 [INF] Executed endpoint 'GalleryNote.Controllers.NoteController.Create (GalleryNote)'
2024-11-27 14:02:41.583 +01:00 [INF] Request finished HTTP/1.1 POST http://localhost:5272/Note/Create - 302 0 null 97.3751ms
2024-11-27 14:02:41.587 +01:00 [INF] Request starting HTTP/1.1 GET http://localhost:5272/Note/Grid - null null
2024-11-27 14:02:41.589 +01:00 [INF] Executing endpoint 'GalleryNote.Controllers.NoteController.Grid (GalleryNote)'
2024-11-27 14:02:41.591 +01:00 [INF] Route matched with {action = "Grid", controller = "Note", page = "", area = ""}. Executing controller action with signature System.Threading.Tasks.Task`1[Microsoft.AspNetCore.Mvc.IActionResult] Grid() on controller GalleryNote.Controllers.NoteController (GalleryNote).
2024-11-27 14:02:41.597 +01:00 [INF] Executing ViewResult, running view Grid.
2024-11-27 14:02:41.599 +01:00 [INF] Executed ViewResult - view Grid executed in 1.2192ms.
2024-11-27 14:02:41.599 +01:00 [INF] Executed action GalleryNote.Controllers.NoteController.Grid (GalleryNote) in 7.6751ms
2024-11-27 14:02:41.599 +01:00 [INF] Executed endpoint 'GalleryNote.Controllers.NoteController.Grid (GalleryNote)'
2024-11-27 14:02:41.599 +01:00 [INF] Request finished HTTP/1.1 GET http://localhost:5272/Note/Grid - 200 null text/html; charset=utf-8 12.0528ms
2024-11-27 14:02:43.413 +01:00 [INF] Request starting HTTP/1.1 GET http://localhost:5272/Note/Update/11 - null null
2024-11-27 14:02:43.415 +01:00 [INF] Executing endpoint 'GalleryNote.Controllers.NoteController.Update (GalleryNote)'
2024-11-27 14:02:43.415 +01:00 [INF] Route matched with {action = "Update", controller = "Note", page = "", area = ""}. Executing controller action with signature System.Threading.Tasks.Task`1[Microsoft.AspNetCore.Mvc.IActionResult] Update(Int32) on controller GalleryNote.Controllers.NoteController (GalleryNote).
2024-11-27 14:02:43.417 +01:00 [INF] Executing ViewResult, running view Update.
2024-11-27 14:02:43.418 +01:00 [INF] Executed ViewResult - view Update executed in 1.546ms.
2024-11-27 14:02:43.418 +01:00 [INF] Executed action GalleryNote.Controllers.NoteController.Update (GalleryNote) in 3.0237ms
2024-11-27 14:02:43.418 +01:00 [INF] Executed endpoint 'GalleryNote.Controllers.NoteController.Update (GalleryNote)'
2024-11-27 14:02:43.419 +01:00 [INF] Request finished HTTP/1.1 GET http://localhost:5272/Note/Update/11 - 200 null text/html; charset=utf-8 5.3292ms
2024-11-27 14:02:49.303 +01:00 [INF] Request starting HTTP/1.1 POST http://localhost:5272/Note/Update/11 - application/x-www-form-urlencoded 281
2024-11-27 14:02:49.308 +01:00 [INF] Executing endpoint 'GalleryNote.Controllers.NoteController.Update (GalleryNote)'
2024-11-27 14:02:49.308 +01:00 [INF] Route matched with {action = "Update", controller = "Note", page = "", area = ""}. Executing controller action with signature System.Threading.Tasks.Task`1[Microsoft.AspNetCore.Mvc.IActionResult] Update(GalleryNote.Models.Note) on controller GalleryNote.Controllers.NoteController (GalleryNote).
2024-11-27 14:02:49.313 +01:00 [ERR] [NoteRepository] note update failed for NoteId 0011, error message: The instance of entity type 'Note' cannot be tracked because another instance with the same key value for {'Id'} is already being tracked. When attaching existing entities, ensure that only one entity instance with a given key value is attached. Consider using 'DbContextOptionsBuilder.EnableSensitiveDataLogging' to see the conflicting key values.
2024-11-27 14:02:49.313 +01:00 [INF] Executing ViewResult, running view Update.
2024-11-27 14:02:49.316 +01:00 [INF] Executed ViewResult - view Update executed in 3.0906ms.
2024-11-27 14:02:49.316 +01:00 [INF] Executed action GalleryNote.Controllers.NoteController.Update (GalleryNote) in 8.5037ms
2024-11-27 14:02:49.317 +01:00 [INF] Executed endpoint 'GalleryNote.Controllers.NoteController.Update (GalleryNote)'
2024-11-27 14:02:49.317 +01:00 [INF] Request finished HTTP/1.1 POST http://localhost:5272/Note/Update/11 - 200 null text/html; charset=utf-8 14.0209ms
2024-11-27 14:02:50.022 +01:00 [INF] Request starting HTTP/1.1 POST http://localhost:5272/Note/Update/11 - application/x-www-form-urlencoded 281
2024-11-27 14:02:50.027 +01:00 [INF] Executing endpoint 'GalleryNote.Controllers.NoteController.Update (GalleryNote)'
2024-11-27 14:02:50.027 +01:00 [INF] Route matched with {action = "Update", controller = "Note", page = "", area = ""}. Executing controller action with signature System.Threading.Tasks.Task`1[Microsoft.AspNetCore.Mvc.IActionResult] Update(GalleryNote.Models.Note) on controller GalleryNote.Controllers.NoteController (GalleryNote).
2024-11-27 14:02:50.030 +01:00 [ERR] [NoteRepository] note update failed for NoteId 0011, error message: The instance of entity type 'Note' cannot be tracked because another instance with the same key value for {'Id'} is already being tracked. When attaching existing entities, ensure that only one entity instance with a given key value is attached. Consider using 'DbContextOptionsBuilder.EnableSensitiveDataLogging' to see the conflicting key values.
2024-11-27 14:02:50.030 +01:00 [INF] Executing ViewResult, running view Update.
2024-11-27 14:02:50.032 +01:00 [INF] Executed ViewResult - view Update executed in 1.4478ms.
2024-11-27 14:02:50.032 +01:00 [INF] Executed action GalleryNote.Controllers.NoteController.Update (GalleryNote) in 4.3383ms
2024-11-27 14:02:50.032 +01:00 [INF] Executed endpoint 'GalleryNote.Controllers.NoteController.Update (GalleryNote)'
2024-11-27 14:02:50.032 +01:00 [INF] Request finished HTTP/1.1 POST http://localhost:5272/Note/Update/11 - 200 null text/html; charset=utf-8 10.4904ms
2024-11-27 14:02:51.018 +01:00 [INF] Request starting HTTP/1.1 POST http://localhost:5272/Note/Update/11 - application/x-www-form-urlencoded 281
2024-11-27 14:02:51.021 +01:00 [INF] Executing endpoint 'GalleryNote.Controllers.NoteController.Update (GalleryNote)'
2024-11-27 14:02:51.021 +01:00 [INF] Route matched with {action = "Update", controller = "Note", page = "", area = ""}. Executing controller action with signature System.Threading.Tasks.Task`1[Microsoft.AspNetCore.Mvc.IActionResult] Update(GalleryNote.Models.Note) on controller GalleryNote.Controllers.NoteController (GalleryNote).
2024-11-27 14:02:51.025 +01:00 [ERR] [NoteRepository] note update failed for NoteId 0011, error message: The instance of entity type 'Note' cannot be tracked because another instance with the same key value for {'Id'} is already being tracked. When attaching existing entities, ensure that only one entity instance with a given key value is attached. Consider using 'DbContextOptionsBuilder.EnableSensitiveDataLogging' to see the conflicting key values.
2024-11-27 14:02:51.026 +01:00 [INF] Executing ViewResult, running view Update.
2024-11-27 14:02:51.029 +01:00 [INF] Executed ViewResult - view Update executed in 3.1446ms.
2024-11-27 14:02:51.029 +01:00 [INF] Executed action GalleryNote.Controllers.NoteController.Update (GalleryNote) in 7.7823ms
2024-11-27 14:02:51.029 +01:00 [INF] Executed endpoint 'GalleryNote.Controllers.NoteController.Update (GalleryNote)'
2024-11-27 14:02:51.030 +01:00 [INF] Request finished HTTP/1.1 POST http://localhost:5272/Note/Update/11 - 200 null text/html; charset=utf-8 11.1631ms
2024-11-27 14:02:51.191 +01:00 [INF] Request starting HTTP/1.1 POST http://localhost:5272/Note/Update/11 - application/x-www-form-urlencoded 281
2024-11-27 14:02:51.194 +01:00 [INF] Executing endpoint 'GalleryNote.Controllers.NoteController.Update (GalleryNote)'
2024-11-27 14:02:51.194 +01:00 [INF] Route matched with {action = "Update", controller = "Note", page = "", area = ""}. Executing controller action with signature System.Threading.Tasks.Task`1[Microsoft.AspNetCore.Mvc.IActionResult] Update(GalleryNote.Models.Note) on controller GalleryNote.Controllers.NoteController (GalleryNote).
2024-11-27 14:02:51.196 +01:00 [ERR] [NoteRepository] note update failed for NoteId 0011, error message: The instance of entity type 'Note' cannot be tracked because another instance with the same key value for {'Id'} is already being tracked. When attaching existing entities, ensure that only one entity instance with a given key value is attached. Consider using 'DbContextOptionsBuilder.EnableSensitiveDataLogging' to see the conflicting key values.
2024-11-27 14:02:51.196 +01:00 [INF] Executing ViewResult, running view Update.
2024-11-27 14:02:51.197 +01:00 [INF] Executed ViewResult - view Update executed in 1.1218ms.
2024-11-27 14:02:51.198 +01:00 [INF] Executed action GalleryNote.Controllers.NoteController.Update (GalleryNote) in 3.7398ms
2024-11-27 14:02:51.198 +01:00 [INF] Executed endpoint 'GalleryNote.Controllers.NoteController.Update (GalleryNote)'
2024-11-27 14:02:51.198 +01:00 [INF] Request finished HTTP/1.1 POST http://localhost:5272/Note/Update/11 - 200 null text/html; charset=utf-8 7.3758ms
2024-11-27 14:02:51.424 +01:00 [INF] Request starting HTTP/1.1 POST http://localhost:5272/Note/Update/11 - application/x-www-form-urlencoded 281
2024-11-27 14:02:51.425 +01:00 [INF] Executing endpoint 'GalleryNote.Controllers.NoteController.Update (GalleryNote)'
2024-11-27 14:02:51.425 +01:00 [INF] Route matched with {action = "Update", controller = "Note", page = "", area = ""}. Executing controller action with signature System.Threading.Tasks.Task`1[Microsoft.AspNetCore.Mvc.IActionResult] Update(GalleryNote.Models.Note) on controller GalleryNote.Controllers.NoteController (GalleryNote).
2024-11-27 14:02:51.427 +01:00 [ERR] [NoteRepository] note update failed for NoteId 0011, error message: The instance of entity type 'Note' cannot be tracked because another instance with the same key value for {'Id'} is already being tracked. When attaching existing entities, ensure that only one entity instance with a given key value is attached. Consider using 'DbContextOptionsBuilder.EnableSensitiveDataLogging' to see the conflicting key values.
2024-11-27 14:02:51.428 +01:00 [INF] Executing ViewResult, running view Update.
2024-11-27 14:02:51.429 +01:00 [INF] Executed ViewResult - view Update executed in 1.0512ms.
2024-11-27 14:02:51.429 +01:00 [INF] Executed action GalleryNote.Controllers.NoteController.Update (GalleryNote) in 3.3502ms
2024-11-27 14:02:51.429 +01:00 [INF] Executed endpoint 'GalleryNote.Controllers.NoteController.Update (GalleryNote)'
2024-11-27 14:02:51.429 +01:00 [INF] Request finished HTTP/1.1 POST http://localhost:5272/Note/Update/11 - 200 null text/html; charset=utf-8 5.3802ms
2024-11-27 14:02:51.681 +01:00 [INF] Request starting HTTP/1.1 POST http://localhost:5272/Note/Update/11 - application/x-www-form-urlencoded 281
2024-11-27 14:02:51.683 +01:00 [INF] Executing endpoint 'GalleryNote.Controllers.NoteController.Update (GalleryNote)'
2024-11-27 14:02:51.683 +01:00 [INF] Route matched with {action = "Update", controller = "Note", page = "", area = ""}. Executing controller action with signature System.Threading.Tasks.Task`1[Microsoft.AspNetCore.Mvc.IActionResult] Update(GalleryNote.Models.Note) on controller GalleryNote.Controllers.NoteController (GalleryNote).
2024-11-27 14:02:51.685 +01:00 [ERR] [NoteRepository] note update failed for NoteId 0011, error message: The instance of entity type 'Note' cannot be tracked because another instance with the same key value for {'Id'} is already being tracked. When attaching existing entities, ensure that only one entity instance with a given key value is attached. Consider using 'DbContextOptionsBuilder.EnableSensitiveDataLogging' to see the conflicting key values.
2024-11-27 14:02:51.685 +01:00 [INF] Executing ViewResult, running view Update.
2024-11-27 14:02:51.687 +01:00 [INF] Executed ViewResult - view Update executed in 2.2358ms.
2024-11-27 14:02:51.688 +01:00 [INF] Executed action GalleryNote.Controllers.NoteController.Update (GalleryNote) in 4.4318ms
2024-11-27 14:02:51.688 +01:00 [INF] Executed endpoint 'GalleryNote.Controllers.NoteController.Update (GalleryNote)'
2024-11-27 14:02:51.689 +01:00 [INF] Request finished HTTP/1.1 POST http://localhost:5272/Note/Update/11 - 200 null text/html; charset=utf-8 7.5613ms
2024-11-27 14:02:53.383 +01:00 [INF] Request starting HTTP/1.1 GET http://localhost:5272/Image/Grid?active=active - null null
2024-11-27 14:02:53.387 +01:00 [INF] Executing endpoint 'GalleryNote.Controllers.ImageController.Grid (GalleryNote)'
2024-11-27 14:02:53.391 +01:00 [INF] Route matched with {action = "Grid", controller = "Image", page = "", area = ""}. Executing controller action with signature Microsoft.AspNetCore.Mvc.IActionResult Grid() on controller GalleryNote.Controllers.ImageController (GalleryNote).
2024-11-27 14:02:53.434 +01:00 [INF] Executing ViewResult, running view Grid.
2024-11-27 14:02:53.452 +01:00 [INF] Executed ViewResult - view Grid executed in 18.0114ms.
2024-11-27 14:02:53.452 +01:00 [INF] Executed action GalleryNote.Controllers.ImageController.Grid (GalleryNote) in 60.2414ms
2024-11-27 14:02:53.452 +01:00 [INF] Executed endpoint 'GalleryNote.Controllers.ImageController.Grid (GalleryNote)'
2024-11-27 14:02:53.460 +01:00 [INF] Request finished HTTP/1.1 GET http://localhost:5272/Image/Grid?active=active - 200 null text/html; charset=utf-8 76.3972ms
2024-11-27 14:02:53.489 +01:00 [INF] Request starting HTTP/1.1 GET http://localhost:5272/images/1.jpg - null null
2024-11-27 14:02:53.491 +01:00 [INF] The file /images/1.jpg was not modified
2024-11-27 14:02:53.492 +01:00 [INF] Request finished HTTP/1.1 GET http://localhost:5272/images/1.jpg - 304 null image/jpeg 3.0974ms
2024-11-27 14:02:55.202 +01:00 [INF] Request starting HTTP/1.1 GET http://localhost:5272/Note/Grid?active=active - null null
2024-11-27 14:02:55.206 +01:00 [INF] Executing endpoint 'GalleryNote.Controllers.NoteController.Grid (GalleryNote)'
2024-11-27 14:02:55.206 +01:00 [INF] Route matched with {action = "Grid", controller = "Note", page = "", area = ""}. Executing controller action with signature System.Threading.Tasks.Task`1[Microsoft.AspNetCore.Mvc.IActionResult] Grid() on controller GalleryNote.Controllers.NoteController (GalleryNote).
2024-11-27 14:02:55.208 +01:00 [INF] Executing ViewResult, running view Grid.
2024-11-27 14:02:55.210 +01:00 [INF] Executed ViewResult - view Grid executed in 1.998ms.
2024-11-27 14:02:55.210 +01:00 [INF] Executed action GalleryNote.Controllers.NoteController.Grid (GalleryNote) in 4.1203ms
2024-11-27 14:02:55.210 +01:00 [INF] Executed endpoint 'GalleryNote.Controllers.NoteController.Grid (GalleryNote)'
2024-11-27 14:02:55.211 +01:00 [INF] Request finished HTTP/1.1 GET http://localhost:5272/Note/Grid?active=active - 200 null text/html; charset=utf-8 8.378ms
2024-11-27 14:04:14.778 +01:00 [INF] Application is shutting down...
