2024-10-10 13:06:15.149 +02:00 [INF] User profile is available. Using 'C:\Users\birko\AppData\Local\ASP.NET\DataProtection-Keys' as key repository and Windows DPAPI to encrypt keys at rest.
2024-10-10 13:06:15.479 +02:00 [INF] Now listening on: https://localhost:7004
2024-10-10 13:06:15.483 +02:00 [INF] Now listening on: http://localhost:5272
2024-10-10 13:06:15.495 +02:00 [INF] Application started. Press Ctrl+C to shut down.
2024-10-10 13:06:15.499 +02:00 [INF] Hosting environment: Development
2024-10-10 13:06:15.502 +02:00 [INF] Content root path: C:\Users\birko\OneDrive - OsloMet\ITPE 3200 - Webapplikasjoner\GalleryNote project\GalleryNote
2024-10-10 13:06:15.904 +02:00 [INF] Request starting HTTP/1.1 GET http://localhost:5272/ - null null
2024-10-10 13:06:15.946 +02:00 [INF] Executing endpoint 'GalleryNote.Controllers.HomeController.Index (GalleryNote)'
2024-10-10 13:06:15.970 +02:00 [INF] Route matched with {action = "Index", controller = "Home"}. Executing controller action with signature Microsoft.AspNetCore.Mvc.IActionResult Index() on controller GalleryNote.Controllers.HomeController (GalleryNote).
2024-10-10 13:06:15.992 +02:00 [INF] Executing ViewResult, running view Index.
2024-10-10 13:06:16.155 +02:00 [INF] Executed ViewResult - view Index executed in 163.8592ms.
2024-10-10 13:06:16.161 +02:00 [INF] Executed action GalleryNote.Controllers.HomeController.Index (GalleryNote) in 189.8765ms
2024-10-10 13:06:16.162 +02:00 [INF] Executed endpoint 'GalleryNote.Controllers.HomeController.Index (GalleryNote)'
2024-10-10 13:06:16.170 +02:00 [INF] Request finished HTTP/1.1 GET http://localhost:5272/ - 200 null text/html; charset=utf-8 267.9907ms
2024-10-10 13:06:40.635 +02:00 [INF] Request starting HTTP/1.1 GET http://localhost:5272/Item/Table - null null
2024-10-10 13:06:40.646 +02:00 [INF] Executing endpoint 'GalleryNote.Controllers.ItemController.Table (GalleryNote)'
2024-10-10 13:06:40.691 +02:00 [INF] Route matched with {action = "Table", controller = "Item"}. Executing controller action with signature System.Threading.Tasks.Task`1[Microsoft.AspNetCore.Mvc.IActionResult] Table() on controller GalleryNote.Controllers.ItemController (GalleryNote).
2024-10-10 13:06:40.898 +02:00 [INF] Executing ViewResult, running view Table.
2024-10-10 13:06:40.944 +02:00 [INF] Executed ViewResult - view Table executed in 48.9519ms.
2024-10-10 13:06:40.944 +02:00 [INF] Executed action GalleryNote.Controllers.ItemController.Table (GalleryNote) in 252.6715ms
2024-10-10 13:06:40.945 +02:00 [INF] Executed endpoint 'GalleryNote.Controllers.ItemController.Table (GalleryNote)'
2024-10-10 13:06:40.958 +02:00 [INF] Request finished HTTP/1.1 GET http://localhost:5272/Item/Table - 200 null text/html; charset=utf-8 323.4643ms
2024-10-10 13:06:50.029 +02:00 [INF] Request starting HTTP/1.1 GET http://localhost:5272/Item/Update/1 - null null
2024-10-10 13:06:50.040 +02:00 [INF] Executing endpoint 'GalleryNote.Controllers.ItemController.Update (GalleryNote)'
2024-10-10 13:06:50.090 +02:00 [INF] Route matched with {action = "Update", controller = "Item"}. Executing controller action with signature System.Threading.Tasks.Task`1[Microsoft.AspNetCore.Mvc.IActionResult] Update(Int32) on controller GalleryNote.Controllers.ItemController (GalleryNote).
2024-10-10 13:06:50.306 +02:00 [INF] Executing ViewResult, running view Update.
2024-10-10 13:06:50.448 +02:00 [INF] Executed ViewResult - view Update executed in 144.9436ms.
2024-10-10 13:06:50.448 +02:00 [INF] Executed action GalleryNote.Controllers.ItemController.Update (GalleryNote) in 358.1631ms
2024-10-10 13:06:50.449 +02:00 [INF] Executed endpoint 'GalleryNote.Controllers.ItemController.Update (GalleryNote)'
2024-10-10 13:06:50.450 +02:00 [INF] Request finished HTTP/1.1 GET http://localhost:5272/Item/Update/1 - 200 null text/html; charset=utf-8 421.4346ms
2024-10-10 13:06:53.573 +02:00 [INF] Request starting HTTP/1.1 POST http://localhost:5272/Item/Update/1 - application/x-www-form-urlencoded 353
2024-10-10 13:06:53.578 +02:00 [INF] Executing endpoint 'GalleryNote.Controllers.ItemController.Update (GalleryNote)'
2024-10-10 13:06:53.640 +02:00 [INF] Route matched with {action = "Update", controller = "Item"}. Executing controller action with signature System.Threading.Tasks.Task`1[Microsoft.AspNetCore.Mvc.IActionResult] Update(GalleryNote.Models.Item) on controller GalleryNote.Controllers.ItemController (GalleryNote).
2024-10-10 13:06:53.770 +02:00 [WRN] [ItemController] Item update failed {"ItemId":1,"Name":"Pizza","Price":0,"Description":"Delicious Italian dish with a thin crust topped with tomato sauce, cheese, and various toppings.","ImageUrl":"/images/pizza.jpg","OrderItems":null,"$type":"Item"}
2024-10-10 13:06:53.775 +02:00 [INF] Executing ViewResult, running view Update.
2024-10-10 13:06:53.789 +02:00 [INF] Executed ViewResult - view Update executed in 13.7616ms.
2024-10-10 13:06:53.789 +02:00 [INF] Executed action GalleryNote.Controllers.ItemController.Update (GalleryNote) in 149.2195ms
2024-10-10 13:06:53.789 +02:00 [INF] Executed endpoint 'GalleryNote.Controllers.ItemController.Update (GalleryNote)'
2024-10-10 13:06:53.790 +02:00 [INF] Request finished HTTP/1.1 POST http://localhost:5272/Item/Update/1 - 200 null text/html; charset=utf-8 217.4286ms
2024-10-10 13:06:56.529 +02:00 [INF] Request starting HTTP/1.1 GET http://localhost:5272/Item/Table - null null
2024-10-10 13:06:56.530 +02:00 [INF] Executing endpoint 'GalleryNote.Controllers.ItemController.Table (GalleryNote)'
2024-10-10 13:06:56.531 +02:00 [INF] Route matched with {action = "Table", controller = "Item"}. Executing controller action with signature System.Threading.Tasks.Task`1[Microsoft.AspNetCore.Mvc.IActionResult] Table() on controller GalleryNote.Controllers.ItemController (GalleryNote).
2024-10-10 13:06:56.551 +02:00 [INF] Executing ViewResult, running view Table.
2024-10-10 13:06:56.561 +02:00 [INF] Executed ViewResult - view Table executed in 10.4545ms.
2024-10-10 13:06:56.562 +02:00 [INF] Executed action GalleryNote.Controllers.ItemController.Table (GalleryNote) in 30.8749ms
2024-10-10 13:06:56.562 +02:00 [INF] Executed endpoint 'GalleryNote.Controllers.ItemController.Table (GalleryNote)'
2024-10-10 13:06:56.563 +02:00 [INF] Request finished HTTP/1.1 GET http://localhost:5272/Item/Table - 200 null text/html; charset=utf-8 33.8433ms
2024-10-10 13:06:59.551 +02:00 [INF] Request starting HTTP/1.1 GET http://localhost:5272/Item/Update/1 - null null
2024-10-10 13:06:59.552 +02:00 [INF] Executing endpoint 'GalleryNote.Controllers.ItemController.Update (GalleryNote)'
2024-10-10 13:06:59.553 +02:00 [INF] Route matched with {action = "Update", controller = "Item"}. Executing controller action with signature System.Threading.Tasks.Task`1[Microsoft.AspNetCore.Mvc.IActionResult] Update(Int32) on controller GalleryNote.Controllers.ItemController (GalleryNote).
2024-10-10 13:06:59.579 +02:00 [INF] Executing ViewResult, running view Update.
2024-10-10 13:06:59.585 +02:00 [INF] Executed ViewResult - view Update executed in 6.9995ms.
2024-10-10 13:06:59.594 +02:00 [INF] Executed action GalleryNote.Controllers.ItemController.Update (GalleryNote) in 41.0788ms
2024-10-10 13:06:59.595 +02:00 [INF] Executed endpoint 'GalleryNote.Controllers.ItemController.Update (GalleryNote)'
2024-10-10 13:06:59.596 +02:00 [INF] Request finished HTTP/1.1 GET http://localhost:5272/Item/Update/1 - 200 null text/html; charset=utf-8 44.6299ms
2024-10-10 13:07:02.616 +02:00 [INF] Request starting HTTP/1.1 POST http://localhost:5272/Item/Update/1 - application/x-www-form-urlencoded 354
2024-10-10 13:07:02.616 +02:00 [INF] Executing endpoint 'GalleryNote.Controllers.ItemController.Update (GalleryNote)'
2024-10-10 13:07:02.616 +02:00 [INF] Route matched with {action = "Update", controller = "Item"}. Executing controller action with signature System.Threading.Tasks.Task`1[Microsoft.AspNetCore.Mvc.IActionResult] Update(GalleryNote.Models.Item) on controller GalleryNote.Controllers.ItemController (GalleryNote).
2024-10-10 13:07:02.716 +02:00 [INF] Executing RedirectResult, redirecting to /Item/Table.
2024-10-10 13:07:02.716 +02:00 [INF] Executed action GalleryNote.Controllers.ItemController.Update (GalleryNote) in 99.7944ms
2024-10-10 13:07:02.717 +02:00 [INF] Executed endpoint 'GalleryNote.Controllers.ItemController.Update (GalleryNote)'
2024-10-10 13:07:02.718 +02:00 [INF] Request finished HTTP/1.1 POST http://localhost:5272/Item/Update/1 - 302 0 null 102.0152ms
2024-10-10 13:07:02.726 +02:00 [INF] Request starting HTTP/1.1 GET http://localhost:5272/Item/Table - null null
2024-10-10 13:07:02.727 +02:00 [INF] Executing endpoint 'GalleryNote.Controllers.ItemController.Table (GalleryNote)'
2024-10-10 13:07:02.727 +02:00 [INF] Route matched with {action = "Table", controller = "Item"}. Executing controller action with signature System.Threading.Tasks.Task`1[Microsoft.AspNetCore.Mvc.IActionResult] Table() on controller GalleryNote.Controllers.ItemController (GalleryNote).
2024-10-10 13:07:02.742 +02:00 [INF] Executing ViewResult, running view Table.
2024-10-10 13:07:02.751 +02:00 [INF] Executed ViewResult - view Table executed in 8.6872ms.
2024-10-10 13:07:02.751 +02:00 [INF] Executed action GalleryNote.Controllers.ItemController.Table (GalleryNote) in 23.6464ms
2024-10-10 13:07:02.751 +02:00 [INF] Executed endpoint 'GalleryNote.Controllers.ItemController.Table (GalleryNote)'
2024-10-10 13:07:02.752 +02:00 [INF] Request finished HTTP/1.1 GET http://localhost:5272/Item/Table - 200 null text/html; charset=utf-8 25.8628ms
2024-10-10 13:07:06.556 +02:00 [INF] Request starting HTTP/1.1 GET http://localhost:5272/Item/Table - null null
2024-10-10 13:07:06.556 +02:00 [INF] Executing endpoint 'GalleryNote.Controllers.ItemController.Table (GalleryNote)'
2024-10-10 13:07:06.557 +02:00 [INF] Route matched with {action = "Table", controller = "Item"}. Executing controller action with signature System.Threading.Tasks.Task`1[Microsoft.AspNetCore.Mvc.IActionResult] Table() on controller GalleryNote.Controllers.ItemController (GalleryNote).
2024-10-10 13:07:06.562 +02:00 [INF] Executing ViewResult, running view Table.
2024-10-10 13:07:06.563 +02:00 [INF] Executed ViewResult - view Table executed in 0.8758ms.
2024-10-10 13:07:06.563 +02:00 [INF] Executed action GalleryNote.Controllers.ItemController.Table (GalleryNote) in 5.9106ms
2024-10-10 13:07:06.563 +02:00 [INF] Executed endpoint 'GalleryNote.Controllers.ItemController.Table (GalleryNote)'
2024-10-10 13:07:06.563 +02:00 [INF] Request finished HTTP/1.1 GET http://localhost:5272/Item/Table - 200 null text/html; charset=utf-8 6.9568ms
2024-10-10 13:07:08.698 +02:00 [INF] Request starting HTTP/1.1 GET http://localhost:5272/Item/Table - null null
2024-10-10 13:07:08.698 +02:00 [INF] Executing endpoint 'GalleryNote.Controllers.ItemController.Table (GalleryNote)'
2024-10-10 13:07:08.699 +02:00 [INF] Route matched with {action = "Table", controller = "Item"}. Executing controller action with signature System.Threading.Tasks.Task`1[Microsoft.AspNetCore.Mvc.IActionResult] Table() on controller GalleryNote.Controllers.ItemController (GalleryNote).
2024-10-10 13:07:08.704 +02:00 [INF] Executing ViewResult, running view Table.
2024-10-10 13:07:08.705 +02:00 [INF] Executed ViewResult - view Table executed in 0.7814ms.
2024-10-10 13:07:08.705 +02:00 [INF] Executed action GalleryNote.Controllers.ItemController.Table (GalleryNote) in 6.1221ms
2024-10-10 13:07:08.705 +02:00 [INF] Executed endpoint 'GalleryNote.Controllers.ItemController.Table (GalleryNote)'
2024-10-10 13:07:08.705 +02:00 [INF] Request finished HTTP/1.1 GET http://localhost:5272/Item/Table - 200 null text/html; charset=utf-8 7.2119ms
2024-10-10 13:07:09.176 +02:00 [INF] Request starting HTTP/1.1 GET http://localhost:5272/Item/Table - null null
2024-10-10 13:07:09.176 +02:00 [INF] Executing endpoint 'GalleryNote.Controllers.ItemController.Table (GalleryNote)'
2024-10-10 13:07:09.176 +02:00 [INF] Route matched with {action = "Table", controller = "Item"}. Executing controller action with signature System.Threading.Tasks.Task`1[Microsoft.AspNetCore.Mvc.IActionResult] Table() on controller GalleryNote.Controllers.ItemController (GalleryNote).
2024-10-10 13:07:09.181 +02:00 [INF] Executing ViewResult, running view Table.
2024-10-10 13:07:09.182 +02:00 [INF] Executed ViewResult - view Table executed in 1.1786ms.
2024-10-10 13:07:09.183 +02:00 [INF] Executed action GalleryNote.Controllers.ItemController.Table (GalleryNote) in 6.3342ms
2024-10-10 13:07:09.183 +02:00 [INF] Executed endpoint 'GalleryNote.Controllers.ItemController.Table (GalleryNote)'
2024-10-10 13:07:09.183 +02:00 [INF] Request finished HTTP/1.1 GET http://localhost:5272/Item/Table - 200 null text/html; charset=utf-8 7.5325ms
2024-10-10 13:07:09.670 +02:00 [INF] Request starting HTTP/1.1 GET http://localhost:5272/Item/Table - null null
2024-10-10 13:07:09.671 +02:00 [INF] Executing endpoint 'GalleryNote.Controllers.ItemController.Table (GalleryNote)'
2024-10-10 13:07:09.671 +02:00 [INF] Route matched with {action = "Table", controller = "Item"}. Executing controller action with signature System.Threading.Tasks.Task`1[Microsoft.AspNetCore.Mvc.IActionResult] Table() on controller GalleryNote.Controllers.ItemController (GalleryNote).
2024-10-10 13:07:09.677 +02:00 [INF] Executing ViewResult, running view Table.
2024-10-10 13:07:09.678 +02:00 [INF] Executed ViewResult - view Table executed in 1.547ms.
2024-10-10 13:07:09.678 +02:00 [INF] Executed action GalleryNote.Controllers.ItemController.Table (GalleryNote) in 7.5668ms
2024-10-10 13:07:09.679 +02:00 [INF] Executed endpoint 'GalleryNote.Controllers.ItemController.Table (GalleryNote)'
2024-10-10 13:07:09.679 +02:00 [INF] Request finished HTTP/1.1 GET http://localhost:5272/Item/Table - 200 null text/html; charset=utf-8 8.6634ms
