2024-11-26 19:43:17.426 +01:00 [INF] User profile is available. Using 'C:\Users\birko\AppData\Local\ASP.NET\DataProtection-Keys' as key repository and Windows DPAPI to encrypt keys at rest.
2024-11-26 19:43:18.051 +01:00 [INF] Now listening on: http://localhost:5272
2024-11-26 19:43:18.063 +01:00 [INF] Application started. Press Ctrl+C to shut down.
2024-11-26 19:43:18.066 +01:00 [INF] Hosting environment: Development
2024-11-26 19:43:18.067 +01:00 [INF] Content root path: C:\Users\birko\OneDrive - OsloMet\ITPE 3200 - Webapplikasjoner\GalleryNote project\GalleryNote – Kopi
2024-11-26 19:43:22.072 +01:00 [INF] Request starting HTTP/1.1 GET http://localhost:5272/ - null null
2024-11-26 19:43:22.220 +01:00 [INF] Executing endpoint 'GalleryNote.Controllers.HomeController.Index (GalleryNote)'
2024-11-26 19:43:22.257 +01:00 [INF] Route matched with {action = "Index", controller = "Home", page = "", area = ""}. Executing controller action with signature Microsoft.AspNetCore.Mvc.IActionResult Index() on controller GalleryNote.Controllers.HomeController (GalleryNote).
2024-11-26 19:43:22.284 +01:00 [INF] Executing ViewResult, running view Index.
2024-11-26 19:43:22.445 +01:00 [INF] Executed ViewResult - view Index executed in 167.8402ms.
2024-11-26 19:43:22.453 +01:00 [INF] Executed action GalleryNote.Controllers.HomeController.Index (GalleryNote) in 193.4863ms
2024-11-26 19:43:22.454 +01:00 [INF] Executed endpoint 'GalleryNote.Controllers.HomeController.Index (GalleryNote)'
2024-11-26 19:43:22.467 +01:00 [INF] Request finished HTTP/1.1 GET http://localhost:5272/ - 200 null text/html; charset=utf-8 399.8899ms
2024-11-26 19:43:23.665 +01:00 [INF] Request starting HTTP/1.1 GET http://localhost:5272/Note/Grid?active=active - null null
2024-11-26 19:43:23.828 +01:00 [INF] Executing endpoint 'GalleryNote.Controllers.NoteController.Grid (GalleryNote)'
2024-11-26 19:43:23.843 +01:00 [INF] Route matched with {action = "Grid", controller = "Note", page = "", area = ""}. Executing controller action with signature System.Threading.Tasks.Task`1[Microsoft.AspNetCore.Mvc.IActionResult] Grid() on controller GalleryNote.Controllers.NoteController (GalleryNote).
2024-11-26 19:43:24.117 +01:00 [INF] Executing ViewResult, running view Grid.
2024-11-26 19:43:24.138 +01:00 [INF] Executed ViewResult - view Grid executed in 22.9799ms.
2024-11-26 19:43:24.138 +01:00 [INF] Executed action GalleryNote.Controllers.NoteController.Grid (GalleryNote) in 295.1886ms
2024-11-26 19:43:24.138 +01:00 [INF] Executed endpoint 'GalleryNote.Controllers.NoteController.Grid (GalleryNote)'
2024-11-26 19:43:24.152 +01:00 [INF] Request finished HTTP/1.1 GET http://localhost:5272/Note/Grid?active=active - 200 null text/html; charset=utf-8 487.0694ms
2024-11-26 19:43:27.122 +01:00 [INF] Request starting HTTP/1.1 POST http://localhost:5272/Identity/Account/Logout?returnUrl=%2F - application/x-www-form-urlencoded 225
2024-11-26 19:43:27.264 +01:00 [INF] Executing endpoint '/Account/Logout'
2024-11-26 19:43:27.318 +01:00 [INF] Route matched with {page = "/Account/Logout", area = "Identity", action = "", controller = ""}. Executing page /Account/Logout
2024-11-26 19:43:27.390 +01:00 [INF] Executing handler method GalleryNote.Areas.Identity.Pages.Account.LogoutModel.OnPost - ModelState is "Valid"
2024-11-26 19:43:27.404 +01:00 [INF] AuthenticationScheme: Identity.Application signed out.
2024-11-26 19:43:27.407 +01:00 [INF] AuthenticationScheme: Identity.External signed out.
2024-11-26 19:43:27.407 +01:00 [INF] AuthenticationScheme: Identity.TwoFactorUserId signed out.
2024-11-26 19:43:27.408 +01:00 [INF] User logged out.
2024-11-26 19:43:27.411 +01:00 [INF] Executed handler method OnPost, returned result Microsoft.AspNetCore.Mvc.LocalRedirectResult.
2024-11-26 19:43:27.414 +01:00 [INF] Executing LocalRedirectResult, redirecting to /.
2024-11-26 19:43:27.415 +01:00 [INF] Executed page /Account/Logout in 96.3882ms
2024-11-26 19:43:27.415 +01:00 [INF] Executed endpoint '/Account/Logout'
2024-11-26 19:43:27.416 +01:00 [INF] Request finished HTTP/1.1 POST http://localhost:5272/Identity/Account/Logout?returnUrl=%2F - 302 0 null 293.6303ms
2024-11-26 19:43:27.421 +01:00 [INF] Request starting HTTP/1.1 GET http://localhost:5272/ - null null
2024-11-26 19:43:27.422 +01:00 [INF] Executing endpoint 'GalleryNote.Controllers.HomeController.Index (GalleryNote)'
2024-11-26 19:43:27.423 +01:00 [INF] Route matched with {action = "Index", controller = "Home", page = "", area = ""}. Executing controller action with signature Microsoft.AspNetCore.Mvc.IActionResult Index() on controller GalleryNote.Controllers.HomeController (GalleryNote).
2024-11-26 19:43:27.425 +01:00 [INF] Executing ViewResult, running view Index.
2024-11-26 19:43:27.441 +01:00 [INF] Executed ViewResult - view Index executed in 17.5517ms.
2024-11-26 19:43:27.443 +01:00 [INF] Executed action GalleryNote.Controllers.HomeController.Index (GalleryNote) in 19.0066ms
2024-11-26 19:43:27.443 +01:00 [INF] Executed endpoint 'GalleryNote.Controllers.HomeController.Index (GalleryNote)'
2024-11-26 19:43:27.444 +01:00 [INF] Request finished HTTP/1.1 GET http://localhost:5272/ - 200 null text/html; charset=utf-8 22.8332ms
2024-11-26 19:43:30.769 +01:00 [INF] Request starting HTTP/1.1 GET http://localhost:5272/Identity/Account/Register - null null
2024-11-26 19:43:30.781 +01:00 [INF] Executing endpoint '/Account/Register'
2024-11-26 19:43:30.819 +01:00 [INF] Route matched with {page = "/Account/Register", area = "Identity", action = "", controller = ""}. Executing page /Account/Register
2024-11-26 19:43:30.832 +01:00 [INF] Executing handler method GalleryNote.Areas.Identity.Pages.Account.RegisterModel.OnGetAsync - ModelState is "Valid"
2024-11-26 19:43:30.839 +01:00 [INF] Executed handler method OnGetAsync, returned result .
2024-11-26 19:43:30.851 +01:00 [INF] Executing an implicit handler method - ModelState is "Valid"
2024-11-26 19:43:30.852 +01:00 [INF] Executed an implicit handler method, returned result Microsoft.AspNetCore.Mvc.RazorPages.PageResult.
2024-11-26 19:43:30.962 +01:00 [INF] Executed page /Account/Register in 141.9111ms
2024-11-26 19:43:30.962 +01:00 [INF] Executed endpoint '/Account/Register'
2024-11-26 19:43:30.963 +01:00 [INF] Request finished HTTP/1.1 GET http://localhost:5272/Identity/Account/Register - 200 null text/html; charset=utf-8 193.9702ms
2024-11-26 19:43:31.000 +01:00 [INF] Request starting HTTP/1.1 GET http://localhost:5272/lib/jquery-validation/dist/jquery.validate.min.js - null null
2024-11-26 19:43:31.008 +01:00 [INF] Request finished HTTP/1.1 GET http://localhost:5272/lib/jquery-validation/dist/jquery.validate.min.js - 404 0 null 7.9334ms
2024-11-26 19:43:31.012 +01:00 [INF] Request reached the end of the middleware pipeline without being handled by application code. Request path: GET http://localhost:5272/lib/jquery-validation/dist/jquery.validate.min.js, Response status code: 404
2024-11-26 19:43:31.014 +01:00 [INF] Request starting HTTP/1.1 GET http://localhost:5272/lib/jquery-validation-unobtrusive/jquery.validate.unobtrusive.min.js - null null
2024-11-26 19:43:31.018 +01:00 [INF] Request finished HTTP/1.1 GET http://localhost:5272/lib/jquery-validation-unobtrusive/jquery.validate.unobtrusive.min.js - 404 0 null 3.9048ms
2024-11-26 19:43:31.019 +01:00 [INF] Request reached the end of the middleware pipeline without being handled by application code. Request path: GET http://localhost:5272/lib/jquery-validation-unobtrusive/jquery.validate.unobtrusive.min.js, Response status code: 404
2024-11-26 19:43:32.730 +01:00 [INF] Request starting HTTP/1.1 GET http://localhost:5272/Identity/Account/Login - null null
2024-11-26 19:43:32.732 +01:00 [INF] Executing endpoint '/Account/Login'
2024-11-26 19:43:32.745 +01:00 [INF] Route matched with {page = "/Account/Login", area = "Identity", action = "", controller = ""}. Executing page /Account/Login
2024-11-26 19:43:32.754 +01:00 [INF] Executing handler method GalleryNote.Areas.Identity.Pages.Account.LoginModel.OnGetAsync - ModelState is "Valid"
2024-11-26 19:43:32.758 +01:00 [INF] AuthenticationScheme: Identity.External signed out.
2024-11-26 19:43:32.759 +01:00 [INF] Executed handler method OnGetAsync, returned result .
2024-11-26 19:43:32.760 +01:00 [INF] Executing an implicit handler method - ModelState is "Valid"
2024-11-26 19:43:32.760 +01:00 [INF] Executed an implicit handler method, returned result Microsoft.AspNetCore.Mvc.RazorPages.PageResult.
2024-11-26 19:43:32.836 +01:00 [INF] Executed page /Account/Login in 90.1702ms
2024-11-26 19:43:32.836 +01:00 [INF] Executed endpoint '/Account/Login'
2024-11-26 19:43:32.836 +01:00 [INF] Request finished HTTP/1.1 GET http://localhost:5272/Identity/Account/Login - 200 null text/html; charset=utf-8 105.9077ms
2024-11-26 19:43:32.867 +01:00 [INF] Request starting HTTP/1.1 GET http://localhost:5272/lib/jquery-validation/dist/jquery.validate.min.js - null null
2024-11-26 19:43:32.868 +01:00 [INF] Request finished HTTP/1.1 GET http://localhost:5272/lib/jquery-validation/dist/jquery.validate.min.js - 404 0 null 1.1443ms
2024-11-26 19:43:32.869 +01:00 [INF] Request reached the end of the middleware pipeline without being handled by application code. Request path: GET http://localhost:5272/lib/jquery-validation/dist/jquery.validate.min.js, Response status code: 404
2024-11-26 19:43:32.879 +01:00 [INF] Request starting HTTP/1.1 GET http://localhost:5272/lib/jquery-validation-unobtrusive/jquery.validate.unobtrusive.min.js - null null
2024-11-26 19:43:32.881 +01:00 [INF] Request finished HTTP/1.1 GET http://localhost:5272/lib/jquery-validation-unobtrusive/jquery.validate.unobtrusive.min.js - 404 0 null 1.6319ms
2024-11-26 19:43:32.882 +01:00 [INF] Request reached the end of the middleware pipeline without being handled by application code. Request path: GET http://localhost:5272/lib/jquery-validation-unobtrusive/jquery.validate.unobtrusive.min.js, Response status code: 404
2024-11-26 19:43:37.617 +01:00 [INF] Request starting HTTP/1.1 POST http://localhost:5272/Identity/Account/Login - application/x-www-form-urlencoded 266
2024-11-26 19:43:37.618 +01:00 [INF] Executing endpoint '/Account/Login'
2024-11-26 19:43:37.619 +01:00 [INF] Route matched with {page = "/Account/Login", area = "Identity", action = "", controller = ""}. Executing page /Account/Login
2024-11-26 19:43:37.652 +01:00 [INF] Executing handler method GalleryNote.Areas.Identity.Pages.Account.LoginModel.OnPostAsync - ModelState is "Valid"
2024-11-26 19:43:38.347 +01:00 [INF] AuthenticationScheme: Identity.Application signed in.
2024-11-26 19:43:38.348 +01:00 [INF] User logged in.
2024-11-26 19:43:38.348 +01:00 [INF] Executed handler method OnPostAsync, returned result Microsoft.AspNetCore.Mvc.LocalRedirectResult.
2024-11-26 19:43:38.349 +01:00 [INF] Executing LocalRedirectResult, redirecting to /.
2024-11-26 19:43:38.350 +01:00 [INF] Executed page /Account/Login in 730.8074ms
2024-11-26 19:43:38.350 +01:00 [INF] Executed endpoint '/Account/Login'
2024-11-26 19:43:38.364 +01:00 [INF] Request finished HTTP/1.1 POST http://localhost:5272/Identity/Account/Login - 302 0 null 746.3075ms
2024-11-26 19:43:38.364 +01:00 [INF] Request starting HTTP/1.1 GET http://localhost:5272/ - null null
2024-11-26 19:43:38.369 +01:00 [INF] Executing endpoint 'GalleryNote.Controllers.HomeController.Index (GalleryNote)'
2024-11-26 19:43:38.370 +01:00 [INF] Route matched with {action = "Index", controller = "Home", page = "", area = ""}. Executing controller action with signature Microsoft.AspNetCore.Mvc.IActionResult Index() on controller GalleryNote.Controllers.HomeController (GalleryNote).
2024-11-26 19:43:38.370 +01:00 [INF] Executing ViewResult, running view Index.
2024-11-26 19:43:38.374 +01:00 [INF] Executed ViewResult - view Index executed in 3.4113ms.
2024-11-26 19:43:38.374 +01:00 [INF] Executed action GalleryNote.Controllers.HomeController.Index (GalleryNote) in 4.2346ms
2024-11-26 19:43:38.374 +01:00 [INF] Executed endpoint 'GalleryNote.Controllers.HomeController.Index (GalleryNote)'
2024-11-26 19:43:38.375 +01:00 [INF] Request finished HTTP/1.1 GET http://localhost:5272/ - 200 null text/html; charset=utf-8 10.996ms
2024-11-26 19:43:40.306 +01:00 [INF] Request starting HTTP/1.1 GET http://localhost:5272/Note/Grid?active=active - null null
2024-11-26 19:43:40.314 +01:00 [INF] Executing endpoint 'GalleryNote.Controllers.NoteController.Grid (GalleryNote)'
2024-11-26 19:43:40.315 +01:00 [INF] Route matched with {action = "Grid", controller = "Note", page = "", area = ""}. Executing controller action with signature System.Threading.Tasks.Task`1[Microsoft.AspNetCore.Mvc.IActionResult] Grid() on controller GalleryNote.Controllers.NoteController (GalleryNote).
2024-11-26 19:43:40.323 +01:00 [INF] Executing ViewResult, running view Grid.
2024-11-26 19:43:40.328 +01:00 [INF] Executed ViewResult - view Grid executed in 4.9348ms.
2024-11-26 19:43:40.329 +01:00 [INF] Executed action GalleryNote.Controllers.NoteController.Grid (GalleryNote) in 13.8624ms
2024-11-26 19:43:40.330 +01:00 [INF] Executed endpoint 'GalleryNote.Controllers.NoteController.Grid (GalleryNote)'
2024-11-26 19:43:40.331 +01:00 [INF] Request finished HTTP/1.1 GET http://localhost:5272/Note/Grid?active=active - 200 null text/html; charset=utf-8 25.6637ms
2024-11-26 19:44:40.566 +01:00 [INF] Request starting HTTP/1.1 POST http://localhost:5272/Identity/Account/Logout?returnUrl=%2F - application/x-www-form-urlencoded 225
2024-11-26 19:44:40.589 +01:00 [INF] Executing endpoint '/Account/Logout'
2024-11-26 19:44:40.589 +01:00 [INF] Route matched with {page = "/Account/Logout", area = "Identity", action = "", controller = ""}. Executing page /Account/Logout
2024-11-26 19:44:40.591 +01:00 [INF] Executing handler method GalleryNote.Areas.Identity.Pages.Account.LogoutModel.OnPost - ModelState is "Valid"
2024-11-26 19:44:40.592 +01:00 [INF] AuthenticationScheme: Identity.Application signed out.
2024-11-26 19:44:40.593 +01:00 [INF] AuthenticationScheme: Identity.External signed out.
2024-11-26 19:44:40.593 +01:00 [INF] AuthenticationScheme: Identity.TwoFactorUserId signed out.
2024-11-26 19:44:40.593 +01:00 [INF] User logged out.
2024-11-26 19:44:40.593 +01:00 [INF] Executed handler method OnPost, returned result Microsoft.AspNetCore.Mvc.LocalRedirectResult.
2024-11-26 19:44:40.593 +01:00 [INF] Executing LocalRedirectResult, redirecting to /.
2024-11-26 19:44:40.593 +01:00 [INF] Executed page /Account/Logout in 4.183ms
2024-11-26 19:44:40.593 +01:00 [INF] Executed endpoint '/Account/Logout'
2024-11-26 19:44:40.594 +01:00 [INF] Request finished HTTP/1.1 POST http://localhost:5272/Identity/Account/Logout?returnUrl=%2F - 302 0 null 27.6013ms
2024-11-26 19:44:40.607 +01:00 [INF] Request starting HTTP/1.1 GET http://localhost:5272/ - null null
2024-11-26 19:44:40.608 +01:00 [INF] Executing endpoint 'GalleryNote.Controllers.HomeController.Index (GalleryNote)'
2024-11-26 19:44:40.609 +01:00 [INF] Route matched with {action = "Index", controller = "Home", page = "", area = ""}. Executing controller action with signature Microsoft.AspNetCore.Mvc.IActionResult Index() on controller GalleryNote.Controllers.HomeController (GalleryNote).
2024-11-26 19:44:40.609 +01:00 [INF] Executing ViewResult, running view Index.
2024-11-26 19:44:40.626 +01:00 [INF] Executed ViewResult - view Index executed in 16.2986ms.
2024-11-26 19:44:40.626 +01:00 [INF] Executed action GalleryNote.Controllers.HomeController.Index (GalleryNote) in 16.8355ms
2024-11-26 19:44:40.626 +01:00 [INF] Executed endpoint 'GalleryNote.Controllers.HomeController.Index (GalleryNote)'
2024-11-26 19:44:40.626 +01:00 [INF] Request finished HTTP/1.1 GET http://localhost:5272/ - 200 null text/html; charset=utf-8 19.4836ms
2024-11-26 19:44:40.662 +01:00 [INF] Request starting HTTP/1.1 GET http://localhost:5272/css/custom.css - null null
2024-11-26 19:44:40.688 +01:00 [INF] The file /css/custom.css was not modified
2024-11-26 19:44:40.690 +01:00 [INF] Request finished HTTP/1.1 GET http://localhost:5272/css/custom.css - 304 null text/css 27.3807ms
2024-11-26 19:45:06.943 +01:00 [INF] Application is shutting down...
