2024-12-01 13:38:04.573 +01:00 [INF] User profile is available. Using 'C:\Users\birko\AppData\Local\ASP.NET\DataProtection-Keys' as key repository and Windows DPAPI to encrypt keys at rest.
2024-12-01 13:38:04.862 +01:00 [INF] Now listening on: http://localhost:5272
2024-12-01 13:38:04.868 +01:00 [INF] Application started. Press Ctrl+C to shut down.
2024-12-01 13:38:04.869 +01:00 [INF] Hosting environment: Development
2024-12-01 13:38:04.870 +01:00 [INF] Content root path: C:\Users\birko\OneDrive - OsloMet\ITPE 3200 - Webapplikasjoner\eksamen\GalleryNote
2024-12-01 13:38:07.456 +01:00 [INF] Request starting HTTP/1.1 GET http://localhost:5272/ - null null
2024-12-01 13:38:07.579 +01:00 [INF] Executing endpoint 'GalleryNote.Controllers.HomeController.Index (GalleryNote)'
2024-12-01 13:38:07.607 +01:00 [INF] Route matched with {action = "Index", controller = "Home", page = "", area = ""}. Executing controller action with signature Microsoft.AspNetCore.Mvc.IActionResult Index() on controller GalleryNote.Controllers.HomeController (GalleryNote).
2024-12-01 13:38:07.627 +01:00 [INF] Executing ViewResult, running view Index.
2024-12-01 13:38:07.761 +01:00 [INF] Executed ViewResult - view Index executed in 142.6078ms.
2024-12-01 13:38:07.765 +01:00 [INF] Executed action GalleryNote.Controllers.HomeController.Index (GalleryNote) in 156.7524ms
2024-12-01 13:38:07.765 +01:00 [INF] Executed endpoint 'GalleryNote.Controllers.HomeController.Index (GalleryNote)'
2024-12-01 13:38:07.774 +01:00 [INF] Request finished HTTP/1.1 GET http://localhost:5272/ - 200 null text/html; charset=utf-8 328.3816ms
2024-12-01 13:38:14.288 +01:00 [INF] Request starting HTTP/1.1 GET http://localhost:5272/Note/Grid?active=active - null null
2024-12-01 13:38:14.450 +01:00 [INF] Executing endpoint 'GalleryNote.Controllers.NoteController.Grid (GalleryNote)'
2024-12-01 13:38:14.460 +01:00 [INF] Route matched with {action = "Grid", controller = "Note", page = "", area = ""}. Executing controller action with signature System.Threading.Tasks.Task`1[Microsoft.AspNetCore.Mvc.IActionResult] Grid() on controller GalleryNote.Controllers.NoteController (GalleryNote).
2024-12-01 13:38:14.821 +01:00 [INF] Executing ViewResult, running view Grid.
2024-12-01 13:38:14.857 +01:00 [INF] Executed ViewResult - view Grid executed in 39.6277ms.
2024-12-01 13:38:14.858 +01:00 [INF] Executed action GalleryNote.Controllers.NoteController.Grid (GalleryNote) in 396.9339ms
2024-12-01 13:38:14.858 +01:00 [INF] Executed endpoint 'GalleryNote.Controllers.NoteController.Grid (GalleryNote)'
2024-12-01 13:38:14.873 +01:00 [INF] Request finished HTTP/1.1 GET http://localhost:5272/Note/Grid?active=active - 200 null text/html; charset=utf-8 584.9523ms
2024-12-01 13:38:18.419 +01:00 [INF] Request starting HTTP/1.1 GET http://localhost:5272/Note/Grid?active=active - null null
2024-12-01 13:38:18.460 +01:00 [INF] Executing endpoint 'GalleryNote.Controllers.NoteController.Grid (GalleryNote)'
2024-12-01 13:38:18.460 +01:00 [INF] Route matched with {action = "Grid", controller = "Note", page = "", area = ""}. Executing controller action with signature System.Threading.Tasks.Task`1[Microsoft.AspNetCore.Mvc.IActionResult] Grid() on controller GalleryNote.Controllers.NoteController (GalleryNote).
2024-12-01 13:38:18.468 +01:00 [INF] Executing ViewResult, running view Grid.
2024-12-01 13:38:18.473 +01:00 [INF] Executed ViewResult - view Grid executed in 4.5941ms.
2024-12-01 13:38:18.473 +01:00 [INF] Executed action GalleryNote.Controllers.NoteController.Grid (GalleryNote) in 12.306ms
2024-12-01 13:38:18.476 +01:00 [INF] Executed endpoint 'GalleryNote.Controllers.NoteController.Grid (GalleryNote)'
2024-12-01 13:38:18.479 +01:00 [INF] Request finished HTTP/1.1 GET http://localhost:5272/Note/Grid?active=active - 200 null text/html; charset=utf-8 59.5498ms
2024-12-01 13:38:59.047 +01:00 [INF] Application is shutting down...
