2024-11-28 14:26:03.759 +01:00 [INF] User profile is available. Using 'C:\Users\birko\AppData\Local\ASP.NET\DataProtection-Keys' as key repository and Windows DPAPI to encrypt keys at rest.
2024-11-28 14:26:04.083 +01:00 [INF] Now listening on: http://localhost:5272
2024-11-28 14:26:04.091 +01:00 [INF] Application started. Press Ctrl+C to shut down.
2024-11-28 14:26:04.092 +01:00 [INF] Hosting environment: Development
2024-11-28 14:26:04.092 +01:00 [INF] Content root path: C:\Users\birko\OneDrive - OsloMet\ITPE 3200 - Webapplikasjoner\GalleryNote project\GalleryNote – Kopi
2024-11-28 14:26:04.571 +01:00 [INF] Request starting HTTP/1.1 GET http://localhost:5272/ - null null
2024-11-28 14:26:04.809 +01:00 [INF] Executing endpoint 'GalleryNote.Controllers.HomeController.Index (GalleryNote)'
2024-11-28 14:26:04.856 +01:00 [INF] Route matched with {action = "Index", controller = "Home", page = "", area = ""}. Executing controller action with signature Microsoft.AspNetCore.Mvc.IActionResult Index() on controller GalleryNote.Controllers.HomeController (GalleryNote).
2024-11-28 14:26:04.875 +01:00 [INF] Executing ViewResult, running view Index.
2024-11-28 14:26:05.024 +01:00 [INF] Executed ViewResult - view Index executed in 153.1652ms.
2024-11-28 14:26:05.028 +01:00 [INF] Executed action GalleryNote.Controllers.HomeController.Index (GalleryNote) in 171.1939ms
2024-11-28 14:26:05.029 +01:00 [INF] Executed endpoint 'GalleryNote.Controllers.HomeController.Index (GalleryNote)'
2024-11-28 14:26:05.066 +01:00 [INF] Request finished HTTP/1.1 GET http://localhost:5272/ - 200 null text/html; charset=utf-8 490.0886ms
2024-11-28 14:26:05.135 +01:00 [INF] Request starting HTTP/1.1 GET http://localhost:5272/_framework/aspnetcore-browser-refresh.js - null null
2024-11-28 14:26:05.150 +01:00 [INF] Request finished HTTP/1.1 GET http://localhost:5272/_framework/aspnetcore-browser-refresh.js - 200 13732 application/javascript; charset=utf-8 14.3061ms
2024-11-28 14:26:10.899 +01:00 [INF] Request starting HTTP/1.1 POST http://localhost:5272/Identity/Account/Logout?returnUrl=%2F - application/x-www-form-urlencoded 225
2024-11-28 14:26:11.019 +01:00 [INF] Executing endpoint '/Account/Logout'
2024-11-28 14:26:11.063 +01:00 [INF] Route matched with {page = "/Account/Logout", area = "Identity", action = "", controller = ""}. Executing page /Account/Logout
2024-11-28 14:26:11.111 +01:00 [INF] Executing handler method GalleryNote.Areas.Identity.Pages.Account.LogoutModel.OnPost - ModelState is "Valid"
2024-11-28 14:26:11.119 +01:00 [INF] AuthenticationScheme: Identity.Application signed out.
2024-11-28 14:26:11.124 +01:00 [INF] AuthenticationScheme: Identity.External signed out.
2024-11-28 14:26:11.125 +01:00 [INF] AuthenticationScheme: Identity.TwoFactorUserId signed out.
2024-11-28 14:26:11.126 +01:00 [INF] User logged out.
2024-11-28 14:26:11.127 +01:00 [INF] Executed handler method OnPost, returned result Microsoft.AspNetCore.Mvc.LocalRedirectResult.
2024-11-28 14:26:11.129 +01:00 [INF] Executing LocalRedirectResult, redirecting to /.
2024-11-28 14:26:11.131 +01:00 [INF] Executed page /Account/Logout in 66.9075ms
2024-11-28 14:26:11.131 +01:00 [INF] Executed endpoint '/Account/Logout'
2024-11-28 14:26:11.132 +01:00 [INF] Request finished HTTP/1.1 POST http://localhost:5272/Identity/Account/Logout?returnUrl=%2F - 302 0 null 232.5872ms
2024-11-28 14:26:11.136 +01:00 [INF] Request starting HTTP/1.1 GET http://localhost:5272/ - null null
2024-11-28 14:26:11.140 +01:00 [INF] Executing endpoint 'GalleryNote.Controllers.HomeController.Index (GalleryNote)'
2024-11-28 14:26:11.141 +01:00 [INF] Route matched with {action = "Index", controller = "Home", page = "", area = ""}. Executing controller action with signature Microsoft.AspNetCore.Mvc.IActionResult Index() on controller GalleryNote.Controllers.HomeController (GalleryNote).
2024-11-28 14:26:11.142 +01:00 [INF] Executing ViewResult, running view Index.
2024-11-28 14:26:11.170 +01:00 [INF] Executed ViewResult - view Index executed in 28.2486ms.
2024-11-28 14:26:11.173 +01:00 [INF] Executed action GalleryNote.Controllers.HomeController.Index (GalleryNote) in 31.5032ms
2024-11-28 14:26:11.173 +01:00 [INF] Executed endpoint 'GalleryNote.Controllers.HomeController.Index (GalleryNote)'
2024-11-28 14:26:11.174 +01:00 [INF] Request finished HTTP/1.1 GET http://localhost:5272/ - 200 null text/html; charset=utf-8 37.4089ms
2024-11-28 14:26:11.227 +01:00 [INF] Request starting HTTP/1.1 GET http://localhost:5272/_framework/aspnetcore-browser-refresh.js - null null
2024-11-28 14:26:11.228 +01:00 [INF] Request finished HTTP/1.1 GET http://localhost:5272/_framework/aspnetcore-browser-refresh.js - 200 13732 application/javascript; charset=utf-8 1.3884ms
2024-11-28 14:26:20.222 +01:00 [INF] Request starting HTTP/1.1 GET http://localhost:5272/Identity/Account/Login - null null
2024-11-28 14:26:20.232 +01:00 [INF] Executing endpoint '/Account/Login'
2024-11-28 14:26:20.256 +01:00 [INF] Route matched with {page = "/Account/Login", area = "Identity", action = "", controller = ""}. Executing page /Account/Login
2024-11-28 14:26:20.278 +01:00 [INF] Executing handler method GalleryNote.Areas.Identity.Pages.Account.LoginModel.OnGetAsync - ModelState is "Valid"
2024-11-28 14:26:20.280 +01:00 [INF] AuthenticationScheme: Identity.External signed out.
2024-11-28 14:26:20.283 +01:00 [INF] Executed handler method OnGetAsync, returned result .
2024-11-28 14:26:20.295 +01:00 [INF] Executing an implicit handler method - ModelState is "Valid"
2024-11-28 14:26:20.296 +01:00 [INF] Executed an implicit handler method, returned result Microsoft.AspNetCore.Mvc.RazorPages.PageResult.
2024-11-28 14:26:20.406 +01:00 [INF] Executed page /Account/Login in 149.9928ms
2024-11-28 14:26:20.406 +01:00 [INF] Executed endpoint '/Account/Login'
2024-11-28 14:26:20.407 +01:00 [INF] Request finished HTTP/1.1 GET http://localhost:5272/Identity/Account/Login - 200 null text/html; charset=utf-8 185.475ms
2024-11-28 14:26:20.446 +01:00 [INF] Request starting HTTP/1.1 GET http://localhost:5272/lib/jquery-validation/dist/jquery.validate.min.js - null null
2024-11-28 14:26:20.452 +01:00 [INF] Request finished HTTP/1.1 GET http://localhost:5272/lib/jquery-validation/dist/jquery.validate.min.js - 404 0 null 4.304ms
2024-11-28 14:26:20.455 +01:00 [INF] Request reached the end of the middleware pipeline without being handled by application code. Request path: GET http://localhost:5272/lib/jquery-validation/dist/jquery.validate.min.js, Response status code: 404
2024-11-28 14:26:20.466 +01:00 [INF] Request starting HTTP/1.1 GET http://localhost:5272/_framework/aspnetcore-browser-refresh.js - null null
2024-11-28 14:26:20.467 +01:00 [INF] Request starting HTTP/1.1 GET http://localhost:5272/lib/jquery-validation-unobtrusive/jquery.validate.unobtrusive.min.js - null null
2024-11-28 14:26:20.468 +01:00 [INF] Request finished HTTP/1.1 GET http://localhost:5272/_framework/aspnetcore-browser-refresh.js - 200 13732 application/javascript; charset=utf-8 0.8195ms
2024-11-28 14:26:20.472 +01:00 [INF] Request finished HTTP/1.1 GET http://localhost:5272/lib/jquery-validation-unobtrusive/jquery.validate.unobtrusive.min.js - 404 0 null 5.365ms
2024-11-28 14:26:20.473 +01:00 [INF] Request reached the end of the middleware pipeline without being handled by application code. Request path: GET http://localhost:5272/lib/jquery-validation-unobtrusive/jquery.validate.unobtrusive.min.js, Response status code: 404
2024-11-28 14:26:27.757 +01:00 [INF] Request starting HTTP/1.1 POST http://localhost:5272/Identity/Account/Login - application/x-www-form-urlencoded 266
2024-11-28 14:26:27.757 +01:00 [INF] Executing endpoint '/Account/Login'
2024-11-28 14:26:27.758 +01:00 [INF] Route matched with {page = "/Account/Login", area = "Identity", action = "", controller = ""}. Executing page /Account/Login
2024-11-28 14:26:27.774 +01:00 [INF] Executing handler method GalleryNote.Areas.Identity.Pages.Account.LoginModel.OnPostAsync - ModelState is "Valid"
2024-11-28 14:26:28.265 +01:00 [INF] AuthenticationScheme: Identity.Application signed in.
2024-11-28 14:26:28.265 +01:00 [INF] User logged in.
2024-11-28 14:26:28.265 +01:00 [INF] Executed handler method OnPostAsync, returned result Microsoft.AspNetCore.Mvc.LocalRedirectResult.
2024-11-28 14:26:28.266 +01:00 [INF] Executing LocalRedirectResult, redirecting to /.
2024-11-28 14:26:28.266 +01:00 [INF] Executed page /Account/Login in 507.7477ms
2024-11-28 14:26:28.266 +01:00 [INF] Executed endpoint '/Account/Login'
2024-11-28 14:26:28.277 +01:00 [INF] Request finished HTTP/1.1 POST http://localhost:5272/Identity/Account/Login - 302 0 null 520.4049ms
2024-11-28 14:26:28.277 +01:00 [INF] Request starting HTTP/1.1 GET http://localhost:5272/ - null null
2024-11-28 14:26:28.284 +01:00 [INF] Executing endpoint 'GalleryNote.Controllers.HomeController.Index (GalleryNote)'
2024-11-28 14:26:28.285 +01:00 [INF] Route matched with {action = "Index", controller = "Home", page = "", area = ""}. Executing controller action with signature Microsoft.AspNetCore.Mvc.IActionResult Index() on controller GalleryNote.Controllers.HomeController (GalleryNote).
2024-11-28 14:26:28.285 +01:00 [INF] Executing ViewResult, running view Index.
2024-11-28 14:26:28.288 +01:00 [INF] Executed ViewResult - view Index executed in 3.3888ms.
2024-11-28 14:26:28.289 +01:00 [INF] Executed action GalleryNote.Controllers.HomeController.Index (GalleryNote) in 3.7902ms
2024-11-28 14:26:28.289 +01:00 [INF] Executed endpoint 'GalleryNote.Controllers.HomeController.Index (GalleryNote)'
2024-11-28 14:26:28.289 +01:00 [INF] Request finished HTTP/1.1 GET http://localhost:5272/ - 200 null text/html; charset=utf-8 11.6036ms
2024-11-28 14:26:28.313 +01:00 [INF] Request starting HTTP/1.1 GET http://localhost:5272/_framework/aspnetcore-browser-refresh.js - null null
2024-11-28 14:26:28.313 +01:00 [INF] Request finished HTTP/1.1 GET http://localhost:5272/_framework/aspnetcore-browser-refresh.js - 200 13732 application/javascript; charset=utf-8 0.3045ms
2024-11-28 14:26:32.224 +01:00 [INF] Request starting HTTP/1.1 GET http://localhost:5272/Home/Upload?active=active - null null
2024-11-28 14:26:32.229 +01:00 [INF] Executing endpoint 'GalleryNote.Controllers.HomeController.Upload (GalleryNote)'
2024-11-28 14:26:32.232 +01:00 [INF] Route matched with {action = "Upload", controller = "Home", page = "", area = ""}. Executing controller action with signature Microsoft.AspNetCore.Mvc.IActionResult Upload() on controller GalleryNote.Controllers.HomeController (GalleryNote).
2024-11-28 14:26:32.235 +01:00 [INF] Executing ViewResult, running view Upload.
2024-11-28 14:26:32.243 +01:00 [INF] Executed ViewResult - view Upload executed in 9.1384ms.
2024-11-28 14:26:32.243 +01:00 [INF] Executed action GalleryNote.Controllers.HomeController.Upload (GalleryNote) in 10.3362ms
2024-11-28 14:26:32.243 +01:00 [INF] Executed endpoint 'GalleryNote.Controllers.HomeController.Upload (GalleryNote)'
2024-11-28 14:26:32.244 +01:00 [INF] Request finished HTTP/1.1 GET http://localhost:5272/Home/Upload?active=active - 200 null text/html; charset=utf-8 19.9867ms
2024-11-28 14:26:32.268 +01:00 [INF] Request starting HTTP/1.1 GET http://localhost:5272/_framework/aspnetcore-browser-refresh.js - null null
2024-11-28 14:26:32.268 +01:00 [INF] Request finished HTTP/1.1 GET http://localhost:5272/_framework/aspnetcore-browser-refresh.js - 200 13732 application/javascript; charset=utf-8 0.3946ms
2024-11-28 14:26:33.044 +01:00 [INF] Request starting HTTP/1.1 GET http://localhost:5272/Image/Grid?active=active - null null
2024-11-28 14:26:33.050 +01:00 [INF] Executing endpoint 'GalleryNote.Controllers.ImageController.Grid (GalleryNote)'
2024-11-28 14:26:33.054 +01:00 [INF] Route matched with {action = "Grid", controller = "Image", page = "", area = ""}. Executing controller action with signature Microsoft.AspNetCore.Mvc.IActionResult Grid() on controller GalleryNote.Controllers.ImageController (GalleryNote).
2024-11-28 14:26:33.134 +01:00 [INF] Executing ViewResult, running view Grid.
2024-11-28 14:26:33.153 +01:00 [INF] Executed ViewResult - view Grid executed in 19.3307ms.
2024-11-28 14:26:33.153 +01:00 [INF] Executed action GalleryNote.Controllers.ImageController.Grid (GalleryNote) in 99.3783ms
2024-11-28 14:26:33.153 +01:00 [INF] Executed endpoint 'GalleryNote.Controllers.ImageController.Grid (GalleryNote)'
2024-11-28 14:26:33.158 +01:00 [INF] Request finished HTTP/1.1 GET http://localhost:5272/Image/Grid?active=active - 200 null text/html; charset=utf-8 113.6656ms
2024-11-28 14:26:33.190 +01:00 [INF] Request starting HTTP/1.1 GET http://localhost:5272/_framework/aspnetcore-browser-refresh.js - null null
2024-11-28 14:26:33.191 +01:00 [INF] Request finished HTTP/1.1 GET http://localhost:5272/_framework/aspnetcore-browser-refresh.js - 200 13732 application/javascript; charset=utf-8 0.3961ms
2024-11-28 14:26:43.242 +01:00 [INF] Request starting HTTP/1.1 GET http://localhost:5272/Image/Update/4 - null null
2024-11-28 14:26:43.251 +01:00 [INF] Executing endpoint 'GalleryNote.Controllers.ImageController.Update (GalleryNote)'
2024-11-28 14:26:43.256 +01:00 [INF] Route matched with {action = "Update", controller = "Image", page = "", area = ""}. Executing controller action with signature Microsoft.AspNetCore.Mvc.IActionResult Update(Int32) on controller GalleryNote.Controllers.ImageController (GalleryNote).
2024-11-28 14:26:43.285 +01:00 [INF] Executing ViewResult, running view Update.
2024-11-28 14:26:43.328 +01:00 [INF] Executed ViewResult - view Update executed in 46.1015ms.
2024-11-28 14:26:43.328 +01:00 [INF] Executed action GalleryNote.Controllers.ImageController.Update (GalleryNote) in 72.5168ms
2024-11-28 14:26:43.329 +01:00 [INF] Executed endpoint 'GalleryNote.Controllers.ImageController.Update (GalleryNote)'
2024-11-28 14:26:43.331 +01:00 [INF] Request finished HTTP/1.1 GET http://localhost:5272/Image/Update/4 - 200 null text/html; charset=utf-8 87.3887ms
2024-11-28 14:26:43.352 +01:00 [INF] Request starting HTTP/1.1 GET http://localhost:5272/_framework/aspnetcore-browser-refresh.js - null null
2024-11-28 14:26:43.353 +01:00 [INF] Request finished HTTP/1.1 GET http://localhost:5272/_framework/aspnetcore-browser-refresh.js - 200 13732 application/javascript; charset=utf-8 0.2296ms
2024-11-28 14:26:47.983 +01:00 [INF] Request starting HTTP/1.1 POST http://localhost:5272/Image/Update/4 - application/x-www-form-urlencoded 367
2024-11-28 14:26:47.986 +01:00 [INF] Executing endpoint 'GalleryNote.Controllers.ImageController.Update (GalleryNote)'
2024-11-28 14:26:47.994 +01:00 [INF] Route matched with {action = "Update", controller = "Image", page = "", area = ""}. Executing controller action with signature System.Threading.Tasks.Task`1[Microsoft.AspNetCore.Mvc.IActionResult] Update(GalleryNote.Models.Image) on controller GalleryNote.Controllers.ImageController (GalleryNote).
2024-11-28 14:26:48.138 +01:00 [INF] Executing RedirectResult, redirecting to /Image/Grid.
2024-11-28 14:26:48.138 +01:00 [INF] Executed action GalleryNote.Controllers.ImageController.Update (GalleryNote) in 144.4721ms
2024-11-28 14:26:48.139 +01:00 [INF] Executed endpoint 'GalleryNote.Controllers.ImageController.Update (GalleryNote)'
2024-11-28 14:26:48.139 +01:00 [INF] Request finished HTTP/1.1 POST http://localhost:5272/Image/Update/4 - 302 0 null 155.7146ms
2024-11-28 14:26:48.143 +01:00 [INF] Request starting HTTP/1.1 GET http://localhost:5272/Image/Grid - null null
2024-11-28 14:26:48.146 +01:00 [INF] Executing endpoint 'GalleryNote.Controllers.ImageController.Grid (GalleryNote)'
2024-11-28 14:26:48.146 +01:00 [INF] Route matched with {action = "Grid", controller = "Image", page = "", area = ""}. Executing controller action with signature Microsoft.AspNetCore.Mvc.IActionResult Grid() on controller GalleryNote.Controllers.ImageController (GalleryNote).
2024-11-28 14:26:48.148 +01:00 [INF] Executing ViewResult, running view Grid.
2024-11-28 14:26:48.150 +01:00 [INF] Executed ViewResult - view Grid executed in 3.0441ms.
2024-11-28 14:26:48.151 +01:00 [INF] Executed action GalleryNote.Controllers.ImageController.Grid (GalleryNote) in 4.8526ms
2024-11-28 14:26:48.151 +01:00 [INF] Executed endpoint 'GalleryNote.Controllers.ImageController.Grid (GalleryNote)'
2024-11-28 14:26:48.151 +01:00 [INF] Request finished HTTP/1.1 GET http://localhost:5272/Image/Grid - 200 null text/html; charset=utf-8 8.4487ms
2024-11-28 14:26:48.173 +01:00 [INF] Request starting HTTP/1.1 GET http://localhost:5272/_framework/aspnetcore-browser-refresh.js - null null
2024-11-28 14:26:48.174 +01:00 [INF] Request finished HTTP/1.1 GET http://localhost:5272/_framework/aspnetcore-browser-refresh.js - 200 13732 application/javascript; charset=utf-8 0.2844ms
2024-11-28 14:27:23.696 +01:00 [INF] Request starting HTTP/1.1 GET http://localhost:5272/Image/Update/4 - null null
2024-11-28 14:27:23.701 +01:00 [INF] Executing endpoint 'GalleryNote.Controllers.ImageController.Update (GalleryNote)'
2024-11-28 14:27:23.702 +01:00 [INF] Route matched with {action = "Update", controller = "Image", page = "", area = ""}. Executing controller action with signature Microsoft.AspNetCore.Mvc.IActionResult Update(Int32) on controller GalleryNote.Controllers.ImageController (GalleryNote).
2024-11-28 14:27:23.708 +01:00 [INF] Executing ViewResult, running view Update.
2024-11-28 14:27:23.714 +01:00 [INF] Executed ViewResult - view Update executed in 6.2935ms.
2024-11-28 14:27:23.716 +01:00 [INF] Executed action GalleryNote.Controllers.ImageController.Update (GalleryNote) in 14.2444ms
2024-11-28 14:27:23.716 +01:00 [INF] Executed endpoint 'GalleryNote.Controllers.ImageController.Update (GalleryNote)'
2024-11-28 14:27:23.717 +01:00 [INF] Request finished HTTP/1.1 GET http://localhost:5272/Image/Update/4 - 200 null text/html; charset=utf-8 21.1165ms
2024-11-28 14:27:23.741 +01:00 [INF] Request starting HTTP/1.1 GET http://localhost:5272/_framework/aspnetcore-browser-refresh.js - null null
2024-11-28 14:27:23.742 +01:00 [INF] Request finished HTTP/1.1 GET http://localhost:5272/_framework/aspnetcore-browser-refresh.js - 200 13732 application/javascript; charset=utf-8 0.2416ms
2024-11-28 14:27:32.142 +01:00 [INF] Request starting HTTP/1.1 POST http://localhost:5272/Image/Update/4 - application/x-www-form-urlencoded 370
2024-11-28 14:27:32.145 +01:00 [INF] Executing endpoint 'GalleryNote.Controllers.ImageController.Update (GalleryNote)'
2024-11-28 14:27:32.145 +01:00 [INF] Route matched with {action = "Update", controller = "Image", page = "", area = ""}. Executing controller action with signature System.Threading.Tasks.Task`1[Microsoft.AspNetCore.Mvc.IActionResult] Update(GalleryNote.Models.Image) on controller GalleryNote.Controllers.ImageController (GalleryNote).
2024-11-28 14:27:32.157 +01:00 [INF] Executing RedirectResult, redirecting to /Image/Grid.
2024-11-28 14:27:32.157 +01:00 [INF] Executed action GalleryNote.Controllers.ImageController.Update (GalleryNote) in 11.87ms
2024-11-28 14:27:32.157 +01:00 [INF] Executed endpoint 'GalleryNote.Controllers.ImageController.Update (GalleryNote)'
2024-11-28 14:27:32.158 +01:00 [INF] Request finished HTTP/1.1 POST http://localhost:5272/Image/Update/4 - 302 0 null 16.3472ms
2024-11-28 14:27:32.166 +01:00 [INF] Request starting HTTP/1.1 GET http://localhost:5272/Image/Grid - null null
2024-11-28 14:27:32.173 +01:00 [INF] Executing endpoint 'GalleryNote.Controllers.ImageController.Grid (GalleryNote)'
2024-11-28 14:27:32.173 +01:00 [INF] Route matched with {action = "Grid", controller = "Image", page = "", area = ""}. Executing controller action with signature Microsoft.AspNetCore.Mvc.IActionResult Grid() on controller GalleryNote.Controllers.ImageController (GalleryNote).
2024-11-28 14:27:32.177 +01:00 [INF] Executing ViewResult, running view Grid.
2024-11-28 14:27:32.229 +01:00 [INF] Executed ViewResult - view Grid executed in 52.6268ms.
2024-11-28 14:27:32.229 +01:00 [INF] Executed action GalleryNote.Controllers.ImageController.Grid (GalleryNote) in 56.4215ms
2024-11-28 14:27:32.229 +01:00 [INF] Executed endpoint 'GalleryNote.Controllers.ImageController.Grid (GalleryNote)'
2024-11-28 14:27:32.230 +01:00 [INF] Request finished HTTP/1.1 GET http://localhost:5272/Image/Grid - 200 null text/html; charset=utf-8 63.7584ms
2024-11-28 14:27:32.266 +01:00 [INF] Request starting HTTP/1.1 GET http://localhost:5272/_framework/aspnetcore-browser-refresh.js - null null
2024-11-28 14:27:32.267 +01:00 [INF] Request finished HTTP/1.1 GET http://localhost:5272/_framework/aspnetcore-browser-refresh.js - 200 13732 application/javascript; charset=utf-8 0.6888ms
2024-11-28 14:27:48.554 +01:00 [INF] Request starting HTTP/1.1 GET http://localhost:5272/Home/Upload?active=active - null null
2024-11-28 14:27:48.557 +01:00 [INF] Executing endpoint 'GalleryNote.Controllers.HomeController.Upload (GalleryNote)'
2024-11-28 14:27:48.557 +01:00 [INF] Route matched with {action = "Upload", controller = "Home", page = "", area = ""}. Executing controller action with signature Microsoft.AspNetCore.Mvc.IActionResult Upload() on controller GalleryNote.Controllers.HomeController (GalleryNote).
2024-11-28 14:27:48.558 +01:00 [INF] Executing ViewResult, running view Upload.
2024-11-28 14:27:48.560 +01:00 [INF] Executed ViewResult - view Upload executed in 2.49ms.
2024-11-28 14:27:48.560 +01:00 [INF] Executed action GalleryNote.Controllers.HomeController.Upload (GalleryNote) in 2.9339ms
2024-11-28 14:27:48.560 +01:00 [INF] Executed endpoint 'GalleryNote.Controllers.HomeController.Upload (GalleryNote)'
2024-11-28 14:27:48.561 +01:00 [INF] Request finished HTTP/1.1 GET http://localhost:5272/Home/Upload?active=active - 200 null text/html; charset=utf-8 7.2ms
2024-11-28 14:27:48.596 +01:00 [INF] Request starting HTTP/1.1 GET http://localhost:5272/_framework/aspnetcore-browser-refresh.js - null null
2024-11-28 14:27:48.597 +01:00 [INF] Request finished HTTP/1.1 GET http://localhost:5272/_framework/aspnetcore-browser-refresh.js - 200 13732 application/javascript; charset=utf-8 1.2217ms
2024-11-28 14:27:51.270 +01:00 [INF] Request starting HTTP/1.1 GET http://localhost:5272/Note/Grid?active=active - null null
2024-11-28 14:27:51.274 +01:00 [INF] Executing endpoint 'GalleryNote.Controllers.NoteController.Grid (GalleryNote)'
2024-11-28 14:27:51.283 +01:00 [INF] Route matched with {action = "Grid", controller = "Note", page = "", area = ""}. Executing controller action with signature System.Threading.Tasks.Task`1[Microsoft.AspNetCore.Mvc.IActionResult] Grid() on controller GalleryNote.Controllers.NoteController (GalleryNote).
2024-11-28 14:27:51.335 +01:00 [INF] Executing ViewResult, running view Grid.
2024-11-28 14:27:51.351 +01:00 [INF] Executed ViewResult - view Grid executed in 16.9069ms.
2024-11-28 14:27:51.351 +01:00 [INF] Executed action GalleryNote.Controllers.NoteController.Grid (GalleryNote) in 68.6518ms
2024-11-28 14:27:51.351 +01:00 [INF] Executed endpoint 'GalleryNote.Controllers.NoteController.Grid (GalleryNote)'
2024-11-28 14:27:51.358 +01:00 [INF] Request finished HTTP/1.1 GET http://localhost:5272/Note/Grid?active=active - 200 null text/html; charset=utf-8 87.8575ms
2024-11-28 14:27:51.384 +01:00 [INF] Request starting HTTP/1.1 GET http://localhost:5272/_framework/aspnetcore-browser-refresh.js - null null
2024-11-28 14:27:51.385 +01:00 [INF] Request finished HTTP/1.1 GET http://localhost:5272/_framework/aspnetcore-browser-refresh.js - 200 13732 application/javascript; charset=utf-8 0.7233ms
2024-11-28 14:27:52.959 +01:00 [INF] Request starting HTTP/1.1 GET http://localhost:5272/Home/Upload?active=active - null null
2024-11-28 14:27:52.961 +01:00 [INF] Executing endpoint 'GalleryNote.Controllers.HomeController.Upload (GalleryNote)'
2024-11-28 14:27:52.961 +01:00 [INF] Route matched with {action = "Upload", controller = "Home", page = "", area = ""}. Executing controller action with signature Microsoft.AspNetCore.Mvc.IActionResult Upload() on controller GalleryNote.Controllers.HomeController (GalleryNote).
2024-11-28 14:27:52.961 +01:00 [INF] Executing ViewResult, running view Upload.
2024-11-28 14:27:52.963 +01:00 [INF] Executed ViewResult - view Upload executed in 1.4241ms.
2024-11-28 14:27:52.963 +01:00 [INF] Executed action GalleryNote.Controllers.HomeController.Upload (GalleryNote) in 1.8011ms
2024-11-28 14:27:52.963 +01:00 [INF] Executed endpoint 'GalleryNote.Controllers.HomeController.Upload (GalleryNote)'
2024-11-28 14:27:52.963 +01:00 [INF] Request finished HTTP/1.1 GET http://localhost:5272/Home/Upload?active=active - 200 null text/html; charset=utf-8 4.4426ms
2024-11-28 14:27:52.994 +01:00 [INF] Request starting HTTP/1.1 GET http://localhost:5272/_framework/aspnetcore-browser-refresh.js - null null
2024-11-28 14:27:52.994 +01:00 [INF] Request finished HTTP/1.1 GET http://localhost:5272/_framework/aspnetcore-browser-refresh.js - 200 13732 application/javascript; charset=utf-8 0.3759ms
2024-11-28 14:27:56.832 +01:00 [INF] Request starting HTTP/1.1 GET http://localhost:5272/?active=active - null null
2024-11-28 14:27:56.833 +01:00 [INF] Executing endpoint 'GalleryNote.Controllers.HomeController.Index (GalleryNote)'
2024-11-28 14:27:56.833 +01:00 [INF] Route matched with {action = "Index", controller = "Home", page = "", area = ""}. Executing controller action with signature Microsoft.AspNetCore.Mvc.IActionResult Index() on controller GalleryNote.Controllers.HomeController (GalleryNote).
2024-11-28 14:27:56.834 +01:00 [INF] Executing ViewResult, running view Index.
2024-11-28 14:27:56.834 +01:00 [INF] Executed ViewResult - view Index executed in 0.7033ms.
2024-11-28 14:27:56.834 +01:00 [INF] Executed action GalleryNote.Controllers.HomeController.Index (GalleryNote) in 0.8723ms
2024-11-28 14:27:56.834 +01:00 [INF] Executed endpoint 'GalleryNote.Controllers.HomeController.Index (GalleryNote)'
2024-11-28 14:27:56.835 +01:00 [INF] Request finished HTTP/1.1 GET http://localhost:5272/?active=active - 200 null text/html; charset=utf-8 2.9784ms
2024-11-28 14:27:56.876 +01:00 [INF] Request starting HTTP/1.1 GET http://localhost:5272/_framework/aspnetcore-browser-refresh.js - null null
2024-11-28 14:27:56.877 +01:00 [INF] Request finished HTTP/1.1 GET http://localhost:5272/_framework/aspnetcore-browser-refresh.js - 200 13732 application/javascript; charset=utf-8 0.418ms
2024-11-28 14:27:59.999 +01:00 [INF] Request starting HTTP/1.1 GET http://localhost:5272/Home/Upload?active=active - null null
2024-11-28 14:28:00.003 +01:00 [INF] Executing endpoint 'GalleryNote.Controllers.HomeController.Upload (GalleryNote)'
2024-11-28 14:28:00.003 +01:00 [INF] Route matched with {action = "Upload", controller = "Home", page = "", area = ""}. Executing controller action with signature Microsoft.AspNetCore.Mvc.IActionResult Upload() on controller GalleryNote.Controllers.HomeController (GalleryNote).
2024-11-28 14:28:00.004 +01:00 [INF] Executing ViewResult, running view Upload.
2024-11-28 14:28:00.005 +01:00 [INF] Executed ViewResult - view Upload executed in 1.7527ms.
2024-11-28 14:28:00.006 +01:00 [INF] Executed action GalleryNote.Controllers.HomeController.Upload (GalleryNote) in 2.1814ms
2024-11-28 14:28:00.006 +01:00 [INF] Executed endpoint 'GalleryNote.Controllers.HomeController.Upload (GalleryNote)'
2024-11-28 14:28:00.006 +01:00 [INF] Request finished HTTP/1.1 GET http://localhost:5272/Home/Upload?active=active - 200 null text/html; charset=utf-8 6.8073ms
2024-11-28 14:28:00.040 +01:00 [INF] Request starting HTTP/1.1 GET http://localhost:5272/_framework/aspnetcore-browser-refresh.js - null null
2024-11-28 14:28:00.040 +01:00 [INF] Request finished HTTP/1.1 GET http://localhost:5272/_framework/aspnetcore-browser-refresh.js - 200 13732 application/javascript; charset=utf-8 0.3152ms
2024-11-28 14:28:06.082 +01:00 [INF] Request starting HTTP/1.1 GET http://localhost:5272/?active=active - null null
2024-11-28 14:28:06.084 +01:00 [INF] Executing endpoint 'GalleryNote.Controllers.HomeController.Index (GalleryNote)'
2024-11-28 14:28:06.085 +01:00 [INF] Route matched with {action = "Index", controller = "Home", page = "", area = ""}. Executing controller action with signature Microsoft.AspNetCore.Mvc.IActionResult Index() on controller GalleryNote.Controllers.HomeController (GalleryNote).
2024-11-28 14:28:06.085 +01:00 [INF] Executing ViewResult, running view Index.
2024-11-28 14:28:06.086 +01:00 [INF] Executed ViewResult - view Index executed in 1.133ms.
2024-11-28 14:28:06.086 +01:00 [INF] Executed action GalleryNote.Controllers.HomeController.Index (GalleryNote) in 1.4107ms
2024-11-28 14:28:06.086 +01:00 [INF] Executed endpoint 'GalleryNote.Controllers.HomeController.Index (GalleryNote)'
2024-11-28 14:28:06.086 +01:00 [INF] Request finished HTTP/1.1 GET http://localhost:5272/?active=active - 200 null text/html; charset=utf-8 4.3551ms
2024-11-28 14:28:06.110 +01:00 [INF] Request starting HTTP/1.1 GET http://localhost:5272/_framework/aspnetcore-browser-refresh.js - null null
2024-11-28 14:28:06.110 +01:00 [INF] Request finished HTTP/1.1 GET http://localhost:5272/_framework/aspnetcore-browser-refresh.js - 200 13732 application/javascript; charset=utf-8 0.3417ms
2024-11-28 14:30:24.239 +01:00 [INF] Request starting HTTP/1.1 POST http://localhost:5272/Image/Update/4 - application/x-www-form-urlencoded 366
2024-11-28 14:30:24.244 +01:00 [INF] Executing endpoint 'GalleryNote.Controllers.ImageController.Update (GalleryNote)'
2024-11-28 14:30:24.245 +01:00 [INF] Route matched with {action = "Update", controller = "Image", page = "", area = ""}. Executing controller action with signature System.Threading.Tasks.Task`1[Microsoft.AspNetCore.Mvc.IActionResult] Update(GalleryNote.Models.Image) on controller GalleryNote.Controllers.ImageController (GalleryNote).
2024-11-28 14:30:24.256 +01:00 [INF] Executing RedirectResult, redirecting to /Image/Grid.
2024-11-28 14:30:24.256 +01:00 [INF] Executed action GalleryNote.Controllers.ImageController.Update (GalleryNote) in 11.4452ms
2024-11-28 14:30:24.256 +01:00 [INF] Executed endpoint 'GalleryNote.Controllers.ImageController.Update (GalleryNote)'
2024-11-28 14:30:24.257 +01:00 [INF] Request finished HTTP/1.1 POST http://localhost:5272/Image/Update/4 - 302 0 null 17.3742ms
2024-11-28 14:30:24.267 +01:00 [INF] Request starting HTTP/1.1 GET http://localhost:5272/Image/Grid - null null
2024-11-28 14:30:24.271 +01:00 [INF] Executing endpoint 'GalleryNote.Controllers.ImageController.Grid (GalleryNote)'
2024-11-28 14:30:24.272 +01:00 [INF] Route matched with {action = "Grid", controller = "Image", page = "", area = ""}. Executing controller action with signature Microsoft.AspNetCore.Mvc.IActionResult Grid() on controller GalleryNote.Controllers.ImageController (GalleryNote).
2024-11-28 14:30:24.274 +01:00 [INF] Executing ViewResult, running view Grid.
2024-11-28 14:30:24.275 +01:00 [INF] Executed ViewResult - view Grid executed in 1.4299ms.
2024-11-28 14:30:24.275 +01:00 [INF] Executed action GalleryNote.Controllers.ImageController.Grid (GalleryNote) in 3.3402ms
2024-11-28 14:30:24.275 +01:00 [INF] Executed endpoint 'GalleryNote.Controllers.ImageController.Grid (GalleryNote)'
2024-11-28 14:30:24.276 +01:00 [INF] Request finished HTTP/1.1 GET http://localhost:5272/Image/Grid - 200 null text/html; charset=utf-8 8.9775ms
2024-11-28 14:30:24.322 +01:00 [INF] Request starting HTTP/1.1 GET http://localhost:5272/_framework/aspnetcore-browser-refresh.js - null null
2024-11-28 14:30:24.322 +01:00 [INF] Request finished HTTP/1.1 GET http://localhost:5272/_framework/aspnetcore-browser-refresh.js - 200 13732 application/javascript; charset=utf-8 0.3804ms
2024-11-28 14:30:24.322 +01:00 [INF] Request starting HTTP/1.1 GET http://localhost:5272/images/1.jpg - null null
2024-11-28 14:30:24.332 +01:00 [INF] The file /images/1.jpg was not modified
2024-11-28 14:30:24.333 +01:00 [INF] Request finished HTTP/1.1 GET http://localhost:5272/images/1.jpg - 304 null image/jpeg 10.713ms
2024-11-28 14:30:30.625 +01:00 [INF] Request starting HTTP/1.1 GET http://localhost:5272/Home/Upload?active=active - null null
2024-11-28 14:30:30.626 +01:00 [INF] Executing endpoint 'GalleryNote.Controllers.HomeController.Upload (GalleryNote)'
2024-11-28 14:30:30.627 +01:00 [INF] Route matched with {action = "Upload", controller = "Home", page = "", area = ""}. Executing controller action with signature Microsoft.AspNetCore.Mvc.IActionResult Upload() on controller GalleryNote.Controllers.HomeController (GalleryNote).
2024-11-28 14:30:30.627 +01:00 [INF] Executing ViewResult, running view Upload.
2024-11-28 14:30:30.628 +01:00 [INF] Executed ViewResult - view Upload executed in 1.018ms.
2024-11-28 14:30:30.628 +01:00 [INF] Executed action GalleryNote.Controllers.HomeController.Upload (GalleryNote) in 1.2081ms
2024-11-28 14:30:30.628 +01:00 [INF] Executed endpoint 'GalleryNote.Controllers.HomeController.Upload (GalleryNote)'
2024-11-28 14:30:30.628 +01:00 [INF] Request finished HTTP/1.1 GET http://localhost:5272/Home/Upload?active=active - 200 null text/html; charset=utf-8 3.1265ms
2024-11-28 14:30:30.653 +01:00 [INF] Request starting HTTP/1.1 GET http://localhost:5272/_framework/aspnetcore-browser-refresh.js - null null
2024-11-28 14:30:30.654 +01:00 [INF] Request finished HTTP/1.1 GET http://localhost:5272/_framework/aspnetcore-browser-refresh.js - 200 13732 application/javascript; charset=utf-8 0.3257ms
2024-11-28 14:30:34.888 +01:00 [INF] Request starting HTTP/1.1 GET http://localhost:5272/Note/Grid?active=active - null null
2024-11-28 14:30:34.890 +01:00 [INF] Executing endpoint 'GalleryNote.Controllers.NoteController.Grid (GalleryNote)'
2024-11-28 14:30:34.890 +01:00 [INF] Route matched with {action = "Grid", controller = "Note", page = "", area = ""}. Executing controller action with signature System.Threading.Tasks.Task`1[Microsoft.AspNetCore.Mvc.IActionResult] Grid() on controller GalleryNote.Controllers.NoteController (GalleryNote).
2024-11-28 14:30:34.893 +01:00 [INF] Executing ViewResult, running view Grid.
2024-11-28 14:30:34.894 +01:00 [INF] Executed ViewResult - view Grid executed in 1.2085ms.
2024-11-28 14:30:34.894 +01:00 [INF] Executed action GalleryNote.Controllers.NoteController.Grid (GalleryNote) in 3.5672ms
2024-11-28 14:30:34.894 +01:00 [INF] Executed endpoint 'GalleryNote.Controllers.NoteController.Grid (GalleryNote)'
2024-11-28 14:30:34.895 +01:00 [INF] Request finished HTTP/1.1 GET http://localhost:5272/Note/Grid?active=active - 200 null text/html; charset=utf-8 7.0725ms
2024-11-28 14:30:34.931 +01:00 [INF] Request starting HTTP/1.1 GET http://localhost:5272/_framework/aspnetcore-browser-refresh.js - null null
2024-11-28 14:30:34.932 +01:00 [INF] Request finished HTTP/1.1 GET http://localhost:5272/_framework/aspnetcore-browser-refresh.js - 200 13732 application/javascript; charset=utf-8 0.9433ms
2024-11-28 14:30:43.801 +01:00 [INF] Request starting HTTP/1.1 GET http://localhost:5272/Note/Grid?active=active - null null
2024-11-28 14:30:43.806 +01:00 [INF] Executing endpoint 'GalleryNote.Controllers.NoteController.Grid (GalleryNote)'
2024-11-28 14:30:43.806 +01:00 [INF] Request starting HTTP/1.1 GET http://localhost:5272/?active=active - null null
2024-11-28 14:30:43.812 +01:00 [INF] Executing endpoint 'GalleryNote.Controllers.HomeController.Index (GalleryNote)'
2024-11-28 14:30:43.817 +01:00 [INF] Route matched with {action = "Index", controller = "Home", page = "", area = ""}. Executing controller action with signature Microsoft.AspNetCore.Mvc.IActionResult Index() on controller GalleryNote.Controllers.HomeController (GalleryNote).
2024-11-28 14:30:43.824 +01:00 [INF] Route matched with {action = "Grid", controller = "Note", page = "", area = ""}. Executing controller action with signature System.Threading.Tasks.Task`1[Microsoft.AspNetCore.Mvc.IActionResult] Grid() on controller GalleryNote.Controllers.NoteController (GalleryNote).
2024-11-28 14:30:43.835 +01:00 [INF] Executing ViewResult, running view Index.
2024-11-28 14:30:43.836 +01:00 [INF] Executing ViewResult, running view Grid.
2024-11-28 14:30:43.849 +01:00 [INF] Executed ViewResult - view Index executed in 30.4596ms.
2024-11-28 14:30:43.849 +01:00 [INF] Executed action GalleryNote.Controllers.HomeController.Index (GalleryNote) in 31.6428ms
2024-11-28 14:30:43.849 +01:00 [INF] Executed endpoint 'GalleryNote.Controllers.HomeController.Index (GalleryNote)'
2024-11-28 14:30:43.849 +01:00 [INF] Request finished HTTP/1.1 GET http://localhost:5272/?active=active - 200 null text/html; charset=utf-8 43.1471ms
2024-11-28 14:30:43.901 +01:00 [INF] Executed ViewResult - view Grid executed in 67.7624ms.
2024-11-28 14:30:43.902 +01:00 [INF] Executed action GalleryNote.Controllers.NoteController.Grid (GalleryNote) in 76.9182ms
2024-11-28 14:30:43.902 +01:00 [INF] Executed endpoint 'GalleryNote.Controllers.NoteController.Grid (GalleryNote)'
2024-11-28 14:30:43.902 +01:00 [INF] Request finished HTTP/1.1 GET http://localhost:5272/Note/Grid?active=active - 200 null text/html; charset=utf-8 101.4191ms
2024-11-28 14:30:44.009 +01:00 [INF] Request starting HTTP/1.1 GET http://localhost:5272/_framework/aspnetcore-browser-refresh.js - null null
2024-11-28 14:30:44.011 +01:00 [INF] Request finished HTTP/1.1 GET http://localhost:5272/_framework/aspnetcore-browser-refresh.js - 200 13732 application/javascript; charset=utf-8 0.4834ms
2024-11-28 14:30:44.012 +01:00 [INF] Request starting HTTP/1.1 GET http://localhost:5272/images/example3.jpg - null null
2024-11-28 14:30:44.021 +01:00 [INF] The file /images/example3.jpg was not modified
2024-11-28 14:30:44.022 +01:00 [INF] Request finished HTTP/1.1 GET http://localhost:5272/images/example3.jpg - 304 null image/jpeg 10.1714ms
2024-11-28 14:30:44.069 +01:00 [INF] Request starting HTTP/1.1 GET http://localhost:5272/_framework/aspnetcore-browser-refresh.js - null null
2024-11-28 14:30:44.069 +01:00 [INF] Request finished HTTP/1.1 GET http://localhost:5272/_framework/aspnetcore-browser-refresh.js - 200 13732 application/javascript; charset=utf-8 0.3634ms
2024-11-28 14:31:57.535 +01:00 [INF] Request starting HTTP/1.1 GET http://localhost:5272/?active=active - null null
2024-11-28 14:31:57.538 +01:00 [INF] Executing endpoint 'GalleryNote.Controllers.HomeController.Index (GalleryNote)'
2024-11-28 14:31:57.540 +01:00 [INF] Route matched with {action = "Index", controller = "Home", page = "", area = ""}. Executing controller action with signature Microsoft.AspNetCore.Mvc.IActionResult Index() on controller GalleryNote.Controllers.HomeController (GalleryNote).
2024-11-28 14:31:57.546 +01:00 [INF] Executing ViewResult, running view Index.
2024-11-28 14:31:57.560 +01:00 [INF] Executed ViewResult - view Index executed in 19.9643ms.
2024-11-28 14:31:57.561 +01:00 [INF] Executed action GalleryNote.Controllers.HomeController.Index (GalleryNote) in 20.2916ms
2024-11-28 14:31:57.561 +01:00 [INF] Executed endpoint 'GalleryNote.Controllers.HomeController.Index (GalleryNote)'
2024-11-28 14:31:57.561 +01:00 [INF] Request finished HTTP/1.1 GET http://localhost:5272/?active=active - 200 null text/html; charset=utf-8 26.3254ms
2024-11-28 14:31:57.597 +01:00 [INF] Request starting HTTP/1.1 GET http://localhost:5272/images/example1.jpg - null null
2024-11-28 14:31:57.597 +01:00 [INF] Request starting HTTP/1.1 GET http://localhost:5272/images/example2.jpg - null null
2024-11-28 14:31:57.599 +01:00 [INF] The file /images/example1.jpg was not modified
2024-11-28 14:31:57.599 +01:00 [INF] The file /images/example2.jpg was not modified
2024-11-28 14:31:57.599 +01:00 [INF] Request finished HTTP/1.1 GET http://localhost:5272/images/example1.jpg - 304 null image/jpeg 2.3572ms
2024-11-28 14:31:57.599 +01:00 [INF] Request finished HTTP/1.1 GET http://localhost:5272/images/example2.jpg - 304 null image/jpeg 1.9627ms
2024-11-28 14:31:57.616 +01:00 [INF] Request starting HTTP/1.1 GET http://localhost:5272/_framework/aspnetcore-browser-refresh.js - null null
2024-11-28 14:31:57.616 +01:00 [INF] Request finished HTTP/1.1 GET http://localhost:5272/_framework/aspnetcore-browser-refresh.js - 200 13732 application/javascript; charset=utf-8 0.5214ms
2024-11-28 14:32:57.519 +01:00 [INF] Request starting HTTP/1.1 GET http://localhost:5272/Note/Grid?active=active - null null
2024-11-28 14:32:57.523 +01:00 [INF] Executing endpoint 'GalleryNote.Controllers.NoteController.Grid (GalleryNote)'
2024-11-28 14:32:57.530 +01:00 [INF] Route matched with {action = "Grid", controller = "Note", page = "", area = ""}. Executing controller action with signature System.Threading.Tasks.Task`1[Microsoft.AspNetCore.Mvc.IActionResult] Grid() on controller GalleryNote.Controllers.NoteController (GalleryNote).
2024-11-28 14:32:57.539 +01:00 [INF] Executing ViewResult, running view Grid.
2024-11-28 14:32:57.564 +01:00 [INF] Executed ViewResult - view Grid executed in 31.0996ms.
2024-11-28 14:32:57.564 +01:00 [INF] Executed action GalleryNote.Controllers.NoteController.Grid (GalleryNote) in 33.7773ms
2024-11-28 14:32:57.564 +01:00 [INF] Executed endpoint 'GalleryNote.Controllers.NoteController.Grid (GalleryNote)'
2024-11-28 14:32:57.565 +01:00 [INF] Request finished HTTP/1.1 GET http://localhost:5272/Note/Grid?active=active - 200 null text/html; charset=utf-8 45.7361ms
2024-11-28 14:32:57.600 +01:00 [INF] Request starting HTTP/1.1 GET http://localhost:5272/_framework/aspnetcore-browser-refresh.js - null null
2024-11-28 14:32:57.601 +01:00 [INF] Request finished HTTP/1.1 GET http://localhost:5272/_framework/aspnetcore-browser-refresh.js - 200 13732 application/javascript; charset=utf-8 1.0652ms
2024-11-28 14:37:01.016 +01:00 [INF] Request starting HTTP/1.1 GET http://localhost:5272/Note/Grid?active=active - null null
2024-11-28 14:37:01.021 +01:00 [INF] Executing endpoint 'GalleryNote.Controllers.NoteController.Grid (GalleryNote)'
2024-11-28 14:37:01.027 +01:00 [INF] Route matched with {action = "Grid", controller = "Note", page = "", area = ""}. Executing controller action with signature System.Threading.Tasks.Task`1[Microsoft.AspNetCore.Mvc.IActionResult] Grid() on controller GalleryNote.Controllers.NoteController (GalleryNote).
2024-11-28 14:37:01.031 +01:00 [INF] Executing ViewResult, running view Grid.
2024-11-28 14:37:01.056 +01:00 [INF] Executed ViewResult - view Grid executed in 25.6851ms.
2024-11-28 14:37:01.056 +01:00 [INF] Executed action GalleryNote.Controllers.NoteController.Grid (GalleryNote) in 29.052ms
2024-11-28 14:37:01.057 +01:00 [INF] Executed endpoint 'GalleryNote.Controllers.NoteController.Grid (GalleryNote)'
2024-11-28 14:37:01.057 +01:00 [INF] Request finished HTTP/1.1 GET http://localhost:5272/Note/Grid?active=active - 200 null text/html; charset=utf-8 40.8582ms
2024-11-28 14:37:01.075 +01:00 [INF] Request starting HTTP/1.1 GET http://localhost:5272/_framework/aspnetcore-browser-refresh.js - null null
2024-11-28 14:37:01.076 +01:00 [INF] Request finished HTTP/1.1 GET http://localhost:5272/_framework/aspnetcore-browser-refresh.js - 200 13732 application/javascript; charset=utf-8 0.2322ms
2024-11-28 14:37:29.089 +01:00 [INF] Request starting HTTP/1.1 GET http://localhost:5272/Note/Grid?active=active - null null
2024-11-28 14:37:29.095 +01:00 [INF] Executing endpoint 'GalleryNote.Controllers.NoteController.Grid (GalleryNote)'
2024-11-28 14:37:29.096 +01:00 [INF] Route matched with {action = "Grid", controller = "Note", page = "", area = ""}. Executing controller action with signature System.Threading.Tasks.Task`1[Microsoft.AspNetCore.Mvc.IActionResult] Grid() on controller GalleryNote.Controllers.NoteController (GalleryNote).
2024-11-28 14:37:29.098 +01:00 [INF] Executing ViewResult, running view Grid.
2024-11-28 14:37:29.099 +01:00 [INF] Executed ViewResult - view Grid executed in 1.4586ms.
2024-11-28 14:37:29.099 +01:00 [INF] Executed action GalleryNote.Controllers.NoteController.Grid (GalleryNote) in 3.5456ms
2024-11-28 14:37:29.099 +01:00 [INF] Executed endpoint 'GalleryNote.Controllers.NoteController.Grid (GalleryNote)'
2024-11-28 14:37:29.100 +01:00 [INF] Request finished HTTP/1.1 GET http://localhost:5272/Note/Grid?active=active - 200 null text/html; charset=utf-8 10.5496ms
2024-11-28 14:37:29.138 +01:00 [INF] Request starting HTTP/1.1 GET http://localhost:5272/_framework/aspnetcore-browser-refresh.js - null null
2024-11-28 14:37:29.138 +01:00 [INF] Request finished HTTP/1.1 GET http://localhost:5272/_framework/aspnetcore-browser-refresh.js - 200 13732 application/javascript; charset=utf-8 0.2397ms
2024-11-28 14:37:36.246 +01:00 [INF] Request starting HTTP/1.1 GET http://localhost:5272/Note/Grid?active=active - null null
2024-11-28 14:37:36.248 +01:00 [INF] Executing endpoint 'GalleryNote.Controllers.NoteController.Grid (GalleryNote)'
2024-11-28 14:37:36.254 +01:00 [INF] Route matched with {action = "Grid", controller = "Note", page = "", area = ""}. Executing controller action with signature System.Threading.Tasks.Task`1[Microsoft.AspNetCore.Mvc.IActionResult] Grid() on controller GalleryNote.Controllers.NoteController (GalleryNote).
2024-11-28 14:37:36.265 +01:00 [INF] Executing ViewResult, running view Grid.
2024-11-28 14:37:36.299 +01:00 [INF] Executed ViewResult - view Grid executed in 41.4257ms.
2024-11-28 14:37:36.299 +01:00 [INF] Executed action GalleryNote.Controllers.NoteController.Grid (GalleryNote) in 45.3821ms
2024-11-28 14:37:36.299 +01:00 [INF] Executed endpoint 'GalleryNote.Controllers.NoteController.Grid (GalleryNote)'
2024-11-28 14:37:36.300 +01:00 [INF] Request finished HTTP/1.1 GET http://localhost:5272/Note/Grid?active=active - 200 null text/html; charset=utf-8 54.0349ms
2024-11-28 14:37:36.336 +01:00 [INF] Request starting HTTP/1.1 GET http://localhost:5272/_framework/aspnetcore-browser-refresh.js - null null
2024-11-28 14:37:36.336 +01:00 [INF] Request finished HTTP/1.1 GET http://localhost:5272/_framework/aspnetcore-browser-refresh.js - 200 13732 application/javascript; charset=utf-8 0.2408ms
2024-11-28 14:37:51.756 +01:00 [INF] Request starting HTTP/1.1 GET http://localhost:5272/Home/Upload?active=active - null null
2024-11-28 14:37:51.758 +01:00 [INF] Executing endpoint 'GalleryNote.Controllers.HomeController.Upload (GalleryNote)'
2024-11-28 14:37:51.759 +01:00 [INF] Route matched with {action = "Upload", controller = "Home", page = "", area = ""}. Executing controller action with signature Microsoft.AspNetCore.Mvc.IActionResult Upload() on controller GalleryNote.Controllers.HomeController (GalleryNote).
2024-11-28 14:37:51.760 +01:00 [INF] Executing ViewResult, running view Upload.
2024-11-28 14:37:51.762 +01:00 [INF] Executed ViewResult - view Upload executed in 2.4288ms.
2024-11-28 14:37:51.762 +01:00 [INF] Executed action GalleryNote.Controllers.HomeController.Upload (GalleryNote) in 2.6634ms
2024-11-28 14:37:51.762 +01:00 [INF] Executed endpoint 'GalleryNote.Controllers.HomeController.Upload (GalleryNote)'
2024-11-28 14:37:51.762 +01:00 [INF] Request finished HTTP/1.1 GET http://localhost:5272/Home/Upload?active=active - 200 null text/html; charset=utf-8 6.5634ms
2024-11-28 14:37:51.785 +01:00 [INF] Request starting HTTP/1.1 GET http://localhost:5272/_framework/aspnetcore-browser-refresh.js - null null
2024-11-28 14:37:51.785 +01:00 [INF] Request finished HTTP/1.1 GET http://localhost:5272/_framework/aspnetcore-browser-refresh.js - 200 13732 application/javascript; charset=utf-8 0.2751ms
2024-11-28 14:37:53.400 +01:00 [INF] Request starting HTTP/1.1 GET http://localhost:5272/Note/Create - null null
2024-11-28 14:37:53.407 +01:00 [INF] Executing endpoint 'GalleryNote.Controllers.NoteController.Create (GalleryNote)'
2024-11-28 14:37:53.411 +01:00 [INF] Route matched with {action = "Create", controller = "Note", page = "", area = ""}. Executing controller action with signature Microsoft.AspNetCore.Mvc.IActionResult Create() on controller GalleryNote.Controllers.NoteController (GalleryNote).
2024-11-28 14:37:53.415 +01:00 [INF] Executing ViewResult, running view Create.
2024-11-28 14:37:53.463 +01:00 [INF] Executed ViewResult - view Create executed in 50.7655ms.
2024-11-28 14:37:53.463 +01:00 [INF] Executed action GalleryNote.Controllers.NoteController.Create (GalleryNote) in 52.2882ms
2024-11-28 14:37:53.463 +01:00 [INF] Executed endpoint 'GalleryNote.Controllers.NoteController.Create (GalleryNote)'
2024-11-28 14:37:53.464 +01:00 [INF] Request finished HTTP/1.1 GET http://localhost:5272/Note/Create - 200 null text/html; charset=utf-8 63.9199ms
2024-11-28 14:37:53.482 +01:00 [INF] Request starting HTTP/1.1 GET http://localhost:5272/_framework/aspnetcore-browser-refresh.js - null null
2024-11-28 14:37:53.483 +01:00 [INF] Request finished HTTP/1.1 GET http://localhost:5272/_framework/aspnetcore-browser-refresh.js - 200 13732 application/javascript; charset=utf-8 0.2744ms
2024-11-28 14:37:59.047 +01:00 [INF] Request starting HTTP/1.1 POST http://localhost:5272/Note/Create - application/x-www-form-urlencoded 239
2024-11-28 14:37:59.050 +01:00 [INF] Executing endpoint 'GalleryNote.Controllers.NoteController.Create (GalleryNote)'
2024-11-28 14:37:59.056 +01:00 [INF] Route matched with {action = "Create", controller = "Note", page = "", area = ""}. Executing controller action with signature System.Threading.Tasks.Task`1[Microsoft.AspNetCore.Mvc.IActionResult] Create(GalleryNote.Models.Note) on controller GalleryNote.Controllers.NoteController (GalleryNote).
2024-11-28 14:37:59.176 +01:00 [INF] Executing RedirectResult, redirecting to /Note/Grid.
2024-11-28 14:37:59.176 +01:00 [INF] Executed action GalleryNote.Controllers.NoteController.Create (GalleryNote) in 119.8472ms
2024-11-28 14:37:59.176 +01:00 [INF] Executed endpoint 'GalleryNote.Controllers.NoteController.Create (GalleryNote)'
2024-11-28 14:37:59.176 +01:00 [INF] Request finished HTTP/1.1 POST http://localhost:5272/Note/Create - 302 0 null 129.7619ms
2024-11-28 14:37:59.179 +01:00 [INF] Request starting HTTP/1.1 GET http://localhost:5272/Note/Grid - null null
2024-11-28 14:37:59.182 +01:00 [INF] Executing endpoint 'GalleryNote.Controllers.NoteController.Grid (GalleryNote)'
2024-11-28 14:37:59.182 +01:00 [INF] Route matched with {action = "Grid", controller = "Note", page = "", area = ""}. Executing controller action with signature System.Threading.Tasks.Task`1[Microsoft.AspNetCore.Mvc.IActionResult] Grid() on controller GalleryNote.Controllers.NoteController (GalleryNote).
2024-11-28 14:37:59.184 +01:00 [INF] Executing ViewResult, running view Grid.
2024-11-28 14:37:59.195 +01:00 [INF] Executed ViewResult - view Grid executed in 11.0184ms.
2024-11-28 14:37:59.195 +01:00 [INF] Executed action GalleryNote.Controllers.NoteController.Grid (GalleryNote) in 12.7913ms
2024-11-28 14:37:59.195 +01:00 [INF] Executed endpoint 'GalleryNote.Controllers.NoteController.Grid (GalleryNote)'
2024-11-28 14:37:59.195 +01:00 [INF] Request finished HTTP/1.1 GET http://localhost:5272/Note/Grid - 200 null text/html; charset=utf-8 15.8916ms
2024-11-28 14:37:59.223 +01:00 [INF] Request starting HTTP/1.1 GET http://localhost:5272/_framework/aspnetcore-browser-refresh.js - null null
2024-11-28 14:37:59.223 +01:00 [INF] Request finished HTTP/1.1 GET http://localhost:5272/_framework/aspnetcore-browser-refresh.js - 200 13732 application/javascript; charset=utf-8 0.3317ms
2024-11-28 14:38:07.282 +01:00 [INF] Request starting HTTP/1.1 GET http://localhost:5272/Note/Delete/6 - null null
2024-11-28 14:38:07.286 +01:00 [INF] Executing endpoint 'GalleryNote.Controllers.NoteController.Delete (GalleryNote)'
2024-11-28 14:38:07.294 +01:00 [INF] Route matched with {action = "Delete", controller = "Note", page = "", area = ""}. Executing controller action with signature System.Threading.Tasks.Task`1[Microsoft.AspNetCore.Mvc.IActionResult] Delete(Int32) on controller GalleryNote.Controllers.NoteController (GalleryNote).
2024-11-28 14:38:07.324 +01:00 [INF] Executing ViewResult, running view Delete.
2024-11-28 14:38:07.342 +01:00 [INF] Executed ViewResult - view Delete executed in 19.8424ms.
2024-11-28 14:38:07.342 +01:00 [INF] Executed action GalleryNote.Controllers.NoteController.Delete (GalleryNote) in 47.8328ms
2024-11-28 14:38:07.342 +01:00 [INF] Executed endpoint 'GalleryNote.Controllers.NoteController.Delete (GalleryNote)'
2024-11-28 14:38:07.342 +01:00 [INF] Request finished HTTP/1.1 GET http://localhost:5272/Note/Delete/6 - 200 null text/html; charset=utf-8 59.8377ms
2024-11-28 14:38:07.368 +01:00 [INF] Request starting HTTP/1.1 GET http://localhost:5272/_framework/aspnetcore-browser-refresh.js - null null
2024-11-28 14:38:07.368 +01:00 [INF] Request finished HTTP/1.1 GET http://localhost:5272/_framework/aspnetcore-browser-refresh.js - 200 13732 application/javascript; charset=utf-8 0.4213ms
2024-11-28 14:38:17.262 +01:00 [INF] Request starting HTTP/1.1 POST http://localhost:5272/Note/DeleteConfirmed/6 - application/x-www-form-urlencoded 225
2024-11-28 14:38:17.265 +01:00 [INF] Executing endpoint 'GalleryNote.Controllers.NoteController.DeleteConfirmed (GalleryNote)'
2024-11-28 14:38:17.270 +01:00 [INF] Route matched with {action = "DeleteConfirmed", controller = "Note", page = "", area = ""}. Executing controller action with signature System.Threading.Tasks.Task`1[Microsoft.AspNetCore.Mvc.IActionResult] DeleteConfirmed(Int32) on controller GalleryNote.Controllers.NoteController (GalleryNote).
2024-11-28 14:38:17.303 +01:00 [INF] Executing RedirectResult, redirecting to /Note/Grid.
2024-11-28 14:38:17.303 +01:00 [INF] Executed action GalleryNote.Controllers.NoteController.DeleteConfirmed (GalleryNote) in 33.068ms
2024-11-28 14:38:17.303 +01:00 [INF] Executed endpoint 'GalleryNote.Controllers.NoteController.DeleteConfirmed (GalleryNote)'
2024-11-28 14:38:17.304 +01:00 [INF] Request finished HTTP/1.1 POST http://localhost:5272/Note/DeleteConfirmed/6 - 302 0 null 41.7259ms
2024-11-28 14:38:17.310 +01:00 [INF] Request starting HTTP/1.1 GET http://localhost:5272/Note/Grid - null null
2024-11-28 14:38:17.314 +01:00 [INF] Executing endpoint 'GalleryNote.Controllers.NoteController.Grid (GalleryNote)'
2024-11-28 14:38:17.314 +01:00 [INF] Route matched with {action = "Grid", controller = "Note", page = "", area = ""}. Executing controller action with signature System.Threading.Tasks.Task`1[Microsoft.AspNetCore.Mvc.IActionResult] Grid() on controller GalleryNote.Controllers.NoteController (GalleryNote).
2024-11-28 14:38:17.315 +01:00 [INF] Executing ViewResult, running view Grid.
2024-11-28 14:38:17.319 +01:00 [INF] Executed ViewResult - view Grid executed in 3.3772ms.
2024-11-28 14:38:17.319 +01:00 [INF] Executed action GalleryNote.Controllers.NoteController.Grid (GalleryNote) in 5.1965ms
2024-11-28 14:38:17.320 +01:00 [INF] Executed endpoint 'GalleryNote.Controllers.NoteController.Grid (GalleryNote)'
2024-11-28 14:38:17.320 +01:00 [INF] Request finished HTTP/1.1 GET http://localhost:5272/Note/Grid - 200 null text/html; charset=utf-8 10.2298ms
2024-11-28 14:38:17.355 +01:00 [INF] Request starting HTTP/1.1 GET http://localhost:5272/_framework/aspnetcore-browser-refresh.js - null null
2024-11-28 14:38:17.355 +01:00 [INF] Request finished HTTP/1.1 GET http://localhost:5272/_framework/aspnetcore-browser-refresh.js - 200 13732 application/javascript; charset=utf-8 0.2251ms
2024-11-28 14:38:38.053 +01:00 [INF] Request starting HTTP/1.1 GET http://localhost:5272/Note/Grid - null null
2024-11-28 14:38:38.056 +01:00 [INF] Executing endpoint 'GalleryNote.Controllers.NoteController.Grid (GalleryNote)'
2024-11-28 14:38:38.062 +01:00 [INF] Route matched with {action = "Grid", controller = "Note", page = "", area = ""}. Executing controller action with signature System.Threading.Tasks.Task`1[Microsoft.AspNetCore.Mvc.IActionResult] Grid() on controller GalleryNote.Controllers.NoteController (GalleryNote).
2024-11-28 14:38:38.074 +01:00 [INF] Executing ViewResult, running view Grid.
2024-11-28 14:38:38.097 +01:00 [INF] Executed ViewResult - view Grid executed in 29.4317ms.
2024-11-28 14:38:38.097 +01:00 [INF] Executed action GalleryNote.Controllers.NoteController.Grid (GalleryNote) in 34.1935ms
2024-11-28 14:38:38.097 +01:00 [INF] Executed endpoint 'GalleryNote.Controllers.NoteController.Grid (GalleryNote)'
2024-11-28 14:38:38.097 +01:00 [INF] Request finished HTTP/1.1 GET http://localhost:5272/Note/Grid - 200 null text/html; charset=utf-8 43.874ms
2024-11-28 14:38:38.125 +01:00 [INF] Request starting HTTP/1.1 GET http://localhost:5272/_framework/aspnetcore-browser-refresh.js - null null
2024-11-28 14:38:38.125 +01:00 [INF] Request finished HTTP/1.1 GET http://localhost:5272/_framework/aspnetcore-browser-refresh.js - 200 13732 application/javascript; charset=utf-8 0.1795ms
2024-11-28 14:38:40.290 +01:00 [INF] Request starting HTTP/1.1 GET http://localhost:5272/Home/Upload?active=active - null null
2024-11-28 14:38:40.293 +01:00 [INF] Executing endpoint 'GalleryNote.Controllers.HomeController.Upload (GalleryNote)'
2024-11-28 14:38:40.294 +01:00 [INF] Route matched with {action = "Upload", controller = "Home", page = "", area = ""}. Executing controller action with signature Microsoft.AspNetCore.Mvc.IActionResult Upload() on controller GalleryNote.Controllers.HomeController (GalleryNote).
2024-11-28 14:38:40.295 +01:00 [INF] Executing ViewResult, running view Upload.
2024-11-28 14:38:40.298 +01:00 [INF] Executed ViewResult - view Upload executed in 3.1677ms.
2024-11-28 14:38:40.298 +01:00 [INF] Executed action GalleryNote.Controllers.HomeController.Upload (GalleryNote) in 3.466ms
2024-11-28 14:38:40.298 +01:00 [INF] Executed endpoint 'GalleryNote.Controllers.HomeController.Upload (GalleryNote)'
2024-11-28 14:38:40.298 +01:00 [INF] Request finished HTTP/1.1 GET http://localhost:5272/Home/Upload?active=active - 200 null text/html; charset=utf-8 8.014ms
2024-11-28 14:38:40.325 +01:00 [INF] Request starting HTTP/1.1 GET http://localhost:5272/_framework/aspnetcore-browser-refresh.js - null null
2024-11-28 14:38:40.325 +01:00 [INF] Request finished HTTP/1.1 GET http://localhost:5272/_framework/aspnetcore-browser-refresh.js - 200 13732 application/javascript; charset=utf-8 0.1892ms
2024-11-28 14:38:41.459 +01:00 [INF] Request starting HTTP/1.1 GET http://localhost:5272/Note/Create - null null
2024-11-28 14:38:41.465 +01:00 [INF] Executing endpoint 'GalleryNote.Controllers.NoteController.Create (GalleryNote)'
2024-11-28 14:38:41.471 +01:00 [INF] Route matched with {action = "Create", controller = "Note", page = "", area = ""}. Executing controller action with signature Microsoft.AspNetCore.Mvc.IActionResult Create() on controller GalleryNote.Controllers.NoteController (GalleryNote).
2024-11-28 14:38:41.473 +01:00 [INF] Executing ViewResult, running view Create.
2024-11-28 14:38:41.481 +01:00 [INF] Executed ViewResult - view Create executed in 9.4091ms.
2024-11-28 14:38:41.481 +01:00 [INF] Executed action GalleryNote.Controllers.NoteController.Create (GalleryNote) in 9.6756ms
2024-11-28 14:38:41.481 +01:00 [INF] Executed endpoint 'GalleryNote.Controllers.NoteController.Create (GalleryNote)'
2024-11-28 14:38:41.481 +01:00 [INF] Request finished HTTP/1.1 GET http://localhost:5272/Note/Create - 200 null text/html; charset=utf-8 22.1183ms
2024-11-28 14:38:41.516 +01:00 [INF] Request starting HTTP/1.1 GET http://localhost:5272/_framework/aspnetcore-browser-refresh.js - null null
2024-11-28 14:38:41.516 +01:00 [INF] Request finished HTTP/1.1 GET http://localhost:5272/_framework/aspnetcore-browser-refresh.js - 200 13732 application/javascript; charset=utf-8 0.2158ms
2024-11-28 14:38:44.248 +01:00 [INF] Request starting HTTP/1.1 POST http://localhost:5272/Note/Create - application/x-www-form-urlencoded 241
2024-11-28 14:38:44.250 +01:00 [INF] Executing endpoint 'GalleryNote.Controllers.NoteController.Create (GalleryNote)'
2024-11-28 14:38:44.258 +01:00 [INF] Route matched with {action = "Create", controller = "Note", page = "", area = ""}. Executing controller action with signature System.Threading.Tasks.Task`1[Microsoft.AspNetCore.Mvc.IActionResult] Create(GalleryNote.Models.Note) on controller GalleryNote.Controllers.NoteController (GalleryNote).
2024-11-28 14:38:44.275 +01:00 [INF] Executing RedirectResult, redirecting to /Note/Grid.
2024-11-28 14:38:44.275 +01:00 [INF] Executed action GalleryNote.Controllers.NoteController.Create (GalleryNote) in 17.3811ms
2024-11-28 14:38:44.275 +01:00 [INF] Executed endpoint 'GalleryNote.Controllers.NoteController.Create (GalleryNote)'
2024-11-28 14:38:44.276 +01:00 [INF] Request finished HTTP/1.1 POST http://localhost:5272/Note/Create - 302 0 null 28.1862ms
2024-11-28 14:38:44.280 +01:00 [INF] Request starting HTTP/1.1 GET http://localhost:5272/Note/Grid - null null
2024-11-28 14:38:44.283 +01:00 [INF] Executing endpoint 'GalleryNote.Controllers.NoteController.Grid (GalleryNote)'
2024-11-28 14:38:44.283 +01:00 [INF] Route matched with {action = "Grid", controller = "Note", page = "", area = ""}. Executing controller action with signature System.Threading.Tasks.Task`1[Microsoft.AspNetCore.Mvc.IActionResult] Grid() on controller GalleryNote.Controllers.NoteController (GalleryNote).
2024-11-28 14:38:44.290 +01:00 [INF] Executing ViewResult, running view Grid.
2024-11-28 14:38:44.293 +01:00 [INF] Executed ViewResult - view Grid executed in 3.1147ms.
2024-11-28 14:38:44.293 +01:00 [INF] Executed action GalleryNote.Controllers.NoteController.Grid (GalleryNote) in 9.2291ms
2024-11-28 14:38:44.293 +01:00 [INF] Executed endpoint 'GalleryNote.Controllers.NoteController.Grid (GalleryNote)'
2024-11-28 14:38:44.294 +01:00 [INF] Request finished HTTP/1.1 GET http://localhost:5272/Note/Grid - 200 null text/html; charset=utf-8 13.4636ms
2024-11-28 14:38:44.331 +01:00 [INF] Request starting HTTP/1.1 GET http://localhost:5272/_framework/aspnetcore-browser-refresh.js - null null
2024-11-28 14:38:44.332 +01:00 [INF] Request finished HTTP/1.1 GET http://localhost:5272/_framework/aspnetcore-browser-refresh.js - 200 13732 application/javascript; charset=utf-8 0.3457ms
2024-11-28 14:38:48.582 +01:00 [INF] Request starting HTTP/1.1 GET http://localhost:5272/Note/Delete/7 - null null
2024-11-28 14:38:48.584 +01:00 [INF] Executing endpoint 'GalleryNote.Controllers.NoteController.Delete (GalleryNote)'
2024-11-28 14:38:48.588 +01:00 [INF] Route matched with {action = "Delete", controller = "Note", page = "", area = ""}. Executing controller action with signature System.Threading.Tasks.Task`1[Microsoft.AspNetCore.Mvc.IActionResult] Delete(Int32) on controller GalleryNote.Controllers.NoteController (GalleryNote).
2024-11-28 14:38:48.592 +01:00 [INF] Executing ViewResult, running view Delete.
2024-11-28 14:38:48.610 +01:00 [INF] Executed ViewResult - view Delete executed in 19.8662ms.
2024-11-28 14:38:48.611 +01:00 [INF] Executed action GalleryNote.Controllers.NoteController.Delete (GalleryNote) in 22.0892ms
2024-11-28 14:38:48.611 +01:00 [INF] Executed endpoint 'GalleryNote.Controllers.NoteController.Delete (GalleryNote)'
2024-11-28 14:38:48.611 +01:00 [INF] Request finished HTTP/1.1 GET http://localhost:5272/Note/Delete/7 - 200 null text/html; charset=utf-8 29.0632ms
2024-11-28 14:38:48.637 +01:00 [INF] Request starting HTTP/1.1 GET http://localhost:5272/_framework/aspnetcore-browser-refresh.js - null null
2024-11-28 14:38:48.638 +01:00 [INF] Request finished HTTP/1.1 GET http://localhost:5272/_framework/aspnetcore-browser-refresh.js - 200 13732 application/javascript; charset=utf-8 0.2896ms
2024-11-28 14:38:58.649 +01:00 [INF] Request starting HTTP/1.1 GET http://localhost:5272/Note/Grid - null null
2024-11-28 14:38:58.651 +01:00 [INF] Executing endpoint 'GalleryNote.Controllers.NoteController.Grid (GalleryNote)'
2024-11-28 14:38:58.651 +01:00 [INF] Route matched with {action = "Grid", controller = "Note", page = "", area = ""}. Executing controller action with signature System.Threading.Tasks.Task`1[Microsoft.AspNetCore.Mvc.IActionResult] Grid() on controller GalleryNote.Controllers.NoteController (GalleryNote).
2024-11-28 14:38:58.652 +01:00 [INF] Executing ViewResult, running view Grid.
2024-11-28 14:38:58.653 +01:00 [INF] Executed ViewResult - view Grid executed in 0.7926ms.
2024-11-28 14:38:58.653 +01:00 [INF] Executed action GalleryNote.Controllers.NoteController.Grid (GalleryNote) in 1.6664ms
2024-11-28 14:38:58.653 +01:00 [INF] Executed endpoint 'GalleryNote.Controllers.NoteController.Grid (GalleryNote)'
2024-11-28 14:38:58.653 +01:00 [INF] Request finished HTTP/1.1 GET http://localhost:5272/Note/Grid - 200 null text/html; charset=utf-8 3.8777ms
2024-11-28 14:38:58.676 +01:00 [INF] Request starting HTTP/1.1 GET http://localhost:5272/_framework/aspnetcore-browser-refresh.js - null null
2024-11-28 14:38:58.676 +01:00 [INF] Request finished HTTP/1.1 GET http://localhost:5272/_framework/aspnetcore-browser-refresh.js - 200 13732 application/javascript; charset=utf-8 0.2148ms
2024-11-28 14:40:43.364 +01:00 [INF] Request starting HTTP/1.1 GET http://localhost:5272/Note/Grid - null null
2024-11-28 14:40:43.368 +01:00 [INF] Executing endpoint 'GalleryNote.Controllers.NoteController.Grid (GalleryNote)'
2024-11-28 14:40:43.371 +01:00 [INF] Route matched with {action = "Grid", controller = "Note", page = "", area = ""}. Executing controller action with signature System.Threading.Tasks.Task`1[Microsoft.AspNetCore.Mvc.IActionResult] Grid() on controller GalleryNote.Controllers.NoteController (GalleryNote).
2024-11-28 14:40:43.373 +01:00 [INF] Executing ViewResult, running view Grid.
2024-11-28 14:40:43.378 +01:00 [INF] Executed ViewResult - view Grid executed in 7.1773ms.
2024-11-28 14:40:43.379 +01:00 [INF] Executed action GalleryNote.Controllers.NoteController.Grid (GalleryNote) in 8.0151ms
2024-11-28 14:40:43.379 +01:00 [INF] Executed endpoint 'GalleryNote.Controllers.NoteController.Grid (GalleryNote)'
2024-11-28 14:40:43.379 +01:00 [INF] Request finished HTTP/1.1 GET http://localhost:5272/Note/Grid - 200 null text/html; charset=utf-8 15.5288ms
2024-11-28 14:40:43.400 +01:00 [INF] Request starting HTTP/1.1 GET http://localhost:5272/_framework/aspnetcore-browser-refresh.js - null null
2024-11-28 14:40:43.400 +01:00 [INF] Request finished HTTP/1.1 GET http://localhost:5272/_framework/aspnetcore-browser-refresh.js - 200 13732 application/javascript; charset=utf-8 0.1372ms
2024-11-28 14:40:47.471 +01:00 [INF] Request starting HTTP/1.1 GET http://localhost:5272/Note/Delete/7 - null null
2024-11-28 14:40:47.475 +01:00 [INF] Executing endpoint 'GalleryNote.Controllers.NoteController.Delete (GalleryNote)'
2024-11-28 14:40:47.480 +01:00 [INF] Route matched with {action = "Delete", controller = "Note", page = "", area = ""}. Executing controller action with signature System.Threading.Tasks.Task`1[Microsoft.AspNetCore.Mvc.IActionResult] Delete(Int32) on controller GalleryNote.Controllers.NoteController (GalleryNote).
2024-11-28 14:40:47.485 +01:00 [INF] Executing ViewResult, running view Delete.
2024-11-28 14:40:47.503 +01:00 [INF] Executed ViewResult - view Delete executed in 21.0303ms.
2024-11-28 14:40:47.503 +01:00 [INF] Executed action GalleryNote.Controllers.NoteController.Delete (GalleryNote) in 22.947ms
2024-11-28 14:40:47.503 +01:00 [INF] Executed endpoint 'GalleryNote.Controllers.NoteController.Delete (GalleryNote)'
2024-11-28 14:40:47.503 +01:00 [INF] Request finished HTTP/1.1 GET http://localhost:5272/Note/Delete/7 - 200 null text/html; charset=utf-8 32.4356ms
2024-11-28 14:40:47.531 +01:00 [INF] Request starting HTTP/1.1 GET http://localhost:5272/_framework/aspnetcore-browser-refresh.js - null null
2024-11-28 14:40:47.531 +01:00 [INF] Request finished HTTP/1.1 GET http://localhost:5272/_framework/aspnetcore-browser-refresh.js - 200 13732 application/javascript; charset=utf-8 0.2023ms
2024-11-28 14:40:51.420 +01:00 [INF] Request starting HTTP/1.1 GET http://localhost:5272/Note/Grid - null null
2024-11-28 14:40:51.426 +01:00 [INF] Executing endpoint 'GalleryNote.Controllers.NoteController.Grid (GalleryNote)'
2024-11-28 14:40:51.427 +01:00 [INF] Route matched with {action = "Grid", controller = "Note", page = "", area = ""}. Executing controller action with signature System.Threading.Tasks.Task`1[Microsoft.AspNetCore.Mvc.IActionResult] Grid() on controller GalleryNote.Controllers.NoteController (GalleryNote).
2024-11-28 14:40:51.429 +01:00 [INF] Executing ViewResult, running view Grid.
2024-11-28 14:40:51.431 +01:00 [INF] Executed ViewResult - view Grid executed in 2.5609ms.
2024-11-28 14:40:51.431 +01:00 [INF] Executed action GalleryNote.Controllers.NoteController.Grid (GalleryNote) in 4.4629ms
2024-11-28 14:40:51.431 +01:00 [INF] Executed endpoint 'GalleryNote.Controllers.NoteController.Grid (GalleryNote)'
2024-11-28 14:40:51.432 +01:00 [INF] Request finished HTTP/1.1 GET http://localhost:5272/Note/Grid - 200 null text/html; charset=utf-8 11.5539ms
2024-11-28 14:40:51.459 +01:00 [INF] Request starting HTTP/1.1 GET http://localhost:5272/_framework/aspnetcore-browser-refresh.js - null null
2024-11-28 14:40:51.459 +01:00 [INF] Request finished HTTP/1.1 GET http://localhost:5272/_framework/aspnetcore-browser-refresh.js - 200 13732 application/javascript; charset=utf-8 0.4857ms
2024-11-28 14:40:53.689 +01:00 [INF] Request starting HTTP/1.1 GET http://localhost:5272/Image/Grid?active=active - null null
2024-11-28 14:40:53.691 +01:00 [INF] Executing endpoint 'GalleryNote.Controllers.ImageController.Grid (GalleryNote)'
2024-11-28 14:40:53.693 +01:00 [INF] Route matched with {action = "Grid", controller = "Image", page = "", area = ""}. Executing controller action with signature Microsoft.AspNetCore.Mvc.IActionResult Grid() on controller GalleryNote.Controllers.ImageController (GalleryNote).
2024-11-28 14:40:53.695 +01:00 [INF] Executing ViewResult, running view Grid.
2024-11-28 14:40:53.696 +01:00 [INF] Executed ViewResult - view Grid executed in 2.3969ms.
2024-11-28 14:40:53.697 +01:00 [INF] Executed action GalleryNote.Controllers.ImageController.Grid (GalleryNote) in 3.2988ms
2024-11-28 14:40:53.697 +01:00 [INF] Executed endpoint 'GalleryNote.Controllers.ImageController.Grid (GalleryNote)'
2024-11-28 14:40:53.697 +01:00 [INF] Request finished HTTP/1.1 GET http://localhost:5272/Image/Grid?active=active - 200 null text/html; charset=utf-8 7.5031ms
2024-11-28 14:40:53.718 +01:00 [INF] Request starting HTTP/1.1 GET http://localhost:5272/images/blomst.jpg - null null
2024-11-28 14:40:53.719 +01:00 [INF] The file /images/blomst.jpg was not modified
2024-11-28 14:40:53.720 +01:00 [INF] Request finished HTTP/1.1 GET http://localhost:5272/images/blomst.jpg - 304 null image/jpeg 1.6887ms
2024-11-28 14:40:53.724 +01:00 [INF] Request starting HTTP/1.1 GET http://localhost:5272/images/blad.jpg - null null
2024-11-28 14:40:53.725 +01:00 [INF] The file /images/blad.jpg was not modified
2024-11-28 14:40:53.725 +01:00 [INF] Request finished HTTP/1.1 GET http://localhost:5272/images/blad.jpg - 304 null image/jpeg 1.5392ms
2024-11-28 14:40:53.735 +01:00 [INF] Request starting HTTP/1.1 GET http://localhost:5272/_framework/aspnetcore-browser-refresh.js - null null
2024-11-28 14:40:53.736 +01:00 [INF] Request finished HTTP/1.1 GET http://localhost:5272/_framework/aspnetcore-browser-refresh.js - 200 13732 application/javascript; charset=utf-8 1.0923ms
2024-11-28 14:40:53.737 +01:00 [INF] Request starting HTTP/1.1 GET http://localhost:5272/images/skog.jpg - null null
2024-11-28 14:40:53.738 +01:00 [INF] The file /images/skog.jpg was not modified
2024-11-28 14:40:53.738 +01:00 [INF] Request finished HTTP/1.1 GET http://localhost:5272/images/skog.jpg - 304 null image/jpeg 0.5402ms
2024-11-28 14:40:53.740 +01:00 [INF] Request starting HTTP/1.1 GET http://localhost:5272/images/1.jpg - null null
2024-11-28 14:40:53.741 +01:00 [INF] The file /images/1.jpg was not modified
2024-11-28 14:40:53.741 +01:00 [INF] Request finished HTTP/1.1 GET http://localhost:5272/images/1.jpg - 304 null image/jpeg 0.7539ms
2024-11-28 14:40:56.629 +01:00 [INF] Request starting HTTP/1.1 GET http://localhost:5272/Image/Delete/4 - null null
2024-11-28 14:40:56.632 +01:00 [INF] Executing endpoint 'GalleryNote.Controllers.ImageController.Delete (GalleryNote)'
2024-11-28 14:40:56.634 +01:00 [INF] Route matched with {action = "Delete", controller = "Image", page = "", area = ""}. Executing controller action with signature Microsoft.AspNetCore.Mvc.IActionResult Delete(Int32) on controller GalleryNote.Controllers.ImageController (GalleryNote).
2024-11-28 14:40:56.639 +01:00 [INF] Executing ViewResult, running view Delete.
2024-11-28 14:40:56.666 +01:00 [INF] Executed ViewResult - view Delete executed in 28.911ms.
2024-11-28 14:40:56.666 +01:00 [INF] Executed action GalleryNote.Controllers.ImageController.Delete (GalleryNote) in 31.5532ms
2024-11-28 14:40:56.666 +01:00 [INF] Executed endpoint 'GalleryNote.Controllers.ImageController.Delete (GalleryNote)'
2024-11-28 14:40:56.666 +01:00 [INF] Request finished HTTP/1.1 GET http://localhost:5272/Image/Delete/4 - 200 null text/html; charset=utf-8 36.8046ms
2024-11-28 14:40:56.691 +01:00 [INF] Request starting HTTP/1.1 GET http://localhost:5272/_framework/aspnetcore-browser-refresh.js - null null
2024-11-28 14:40:56.691 +01:00 [INF] Request finished HTTP/1.1 GET http://localhost:5272/_framework/aspnetcore-browser-refresh.js - 200 13732 application/javascript; charset=utf-8 0.351ms
2024-11-28 14:43:35.645 +01:00 [INF] Request starting HTTP/1.1 GET http://localhost:5272/Image/Delete/4 - null null
2024-11-28 14:43:35.648 +01:00 [INF] Executing endpoint 'GalleryNote.Controllers.ImageController.Delete (GalleryNote)'
2024-11-28 14:43:35.655 +01:00 [INF] Route matched with {action = "Delete", controller = "Image", page = "", area = ""}. Executing controller action with signature Microsoft.AspNetCore.Mvc.IActionResult Delete(Int32) on controller GalleryNote.Controllers.ImageController (GalleryNote).
2024-11-28 14:43:35.662 +01:00 [INF] Executing ViewResult, running view Delete.
2024-11-28 14:43:35.679 +01:00 [INF] Executed ViewResult - view Delete executed in 19.9818ms.
2024-11-28 14:43:35.679 +01:00 [INF] Executed action GalleryNote.Controllers.ImageController.Delete (GalleryNote) in 23.6482ms
2024-11-28 14:43:35.679 +01:00 [INF] Executed endpoint 'GalleryNote.Controllers.ImageController.Delete (GalleryNote)'
2024-11-28 14:43:35.680 +01:00 [INF] Request finished HTTP/1.1 GET http://localhost:5272/Image/Delete/4 - 200 null text/html; charset=utf-8 34.7066ms
2024-11-28 14:43:35.699 +01:00 [INF] Request starting HTTP/1.1 GET http://localhost:5272/_framework/aspnetcore-browser-refresh.js - null null
2024-11-28 14:43:35.700 +01:00 [INF] Request finished HTTP/1.1 GET http://localhost:5272/_framework/aspnetcore-browser-refresh.js - 200 13732 application/javascript; charset=utf-8 0.7828ms
2024-11-28 14:43:39.008 +01:00 [INF] Request starting HTTP/1.1 GET http://localhost:5272/Image/Delete/4 - null null
2024-11-28 14:43:39.016 +01:00 [INF] Executing endpoint 'GalleryNote.Controllers.ImageController.Delete (GalleryNote)'
2024-11-28 14:43:39.022 +01:00 [INF] Route matched with {action = "Delete", controller = "Image", page = "", area = ""}. Executing controller action with signature Microsoft.AspNetCore.Mvc.IActionResult Delete(Int32) on controller GalleryNote.Controllers.ImageController (GalleryNote).
2024-11-28 14:43:39.032 +01:00 [INF] Executing ViewResult, running view Delete.
2024-11-28 14:43:39.077 +01:00 [INF] Request starting HTTP/1.1 GET http://localhost:5272/Image/Delete/4 - null null
2024-11-28 14:43:39.095 +01:00 [INF] Executed ViewResult - view Delete executed in 67.8542ms.
2024-11-28 14:43:39.095 +01:00 [INF] Executed action GalleryNote.Controllers.ImageController.Delete (GalleryNote) in 73.0518ms
2024-11-28 14:43:39.095 +01:00 [INF] Executed endpoint 'GalleryNote.Controllers.ImageController.Delete (GalleryNote)'
2024-11-28 14:43:39.096 +01:00 [INF] Request finished HTTP/1.1 GET http://localhost:5272/Image/Delete/4 - 200 null text/html; charset=utf-8 87.3533ms
2024-11-28 14:43:39.098 +01:00 [INF] Executing endpoint 'GalleryNote.Controllers.ImageController.Delete (GalleryNote)'
2024-11-28 14:43:39.098 +01:00 [INF] Route matched with {action = "Delete", controller = "Image", page = "", area = ""}. Executing controller action with signature Microsoft.AspNetCore.Mvc.IActionResult Delete(Int32) on controller GalleryNote.Controllers.ImageController (GalleryNote).
2024-11-28 14:43:39.108 +01:00 [INF] Executing ViewResult, running view Delete.
2024-11-28 14:43:39.110 +01:00 [INF] Executed ViewResult - view Delete executed in 1.9321ms.
2024-11-28 14:43:39.110 +01:00 [INF] Executed action GalleryNote.Controllers.ImageController.Delete (GalleryNote) in 11.7665ms
2024-11-28 14:43:39.110 +01:00 [INF] Executed endpoint 'GalleryNote.Controllers.ImageController.Delete (GalleryNote)'
2024-11-28 14:43:39.110 +01:00 [INF] Request finished HTTP/1.1 GET http://localhost:5272/Image/Delete/4 - 200 null text/html; charset=utf-8 33.0496ms
2024-11-28 14:43:39.156 +01:00 [INF] Request starting HTTP/1.1 GET http://localhost:5272/_framework/aspnetcore-browser-refresh.js - null null
2024-11-28 14:43:39.156 +01:00 [INF] Request finished HTTP/1.1 GET http://localhost:5272/_framework/aspnetcore-browser-refresh.js - 200 13732 application/javascript; charset=utf-8 0.4454ms
2024-11-28 14:43:44.435 +01:00 [INF] Request starting HTTP/1.1 GET http://localhost:5272/Image/Grid - null null
2024-11-28 14:43:44.439 +01:00 [INF] Executing endpoint 'GalleryNote.Controllers.ImageController.Grid (GalleryNote)'
2024-11-28 14:43:44.442 +01:00 [INF] Route matched with {action = "Grid", controller = "Image", page = "", area = ""}. Executing controller action with signature Microsoft.AspNetCore.Mvc.IActionResult Grid() on controller GalleryNote.Controllers.ImageController (GalleryNote).
2024-11-28 14:43:44.444 +01:00 [INF] Executing ViewResult, running view Grid.
2024-11-28 14:43:44.446 +01:00 [INF] Executed ViewResult - view Grid executed in 3.35ms.
2024-11-28 14:43:44.447 +01:00 [INF] Executed action GalleryNote.Controllers.ImageController.Grid (GalleryNote) in 4.859ms
2024-11-28 14:43:44.447 +01:00 [INF] Executed endpoint 'GalleryNote.Controllers.ImageController.Grid (GalleryNote)'
2024-11-28 14:43:44.447 +01:00 [INF] Request finished HTTP/1.1 GET http://localhost:5272/Image/Grid - 200 null text/html; charset=utf-8 12.4731ms
2024-11-28 14:43:44.498 +01:00 [INF] Request starting HTTP/1.1 GET http://localhost:5272/_framework/aspnetcore-browser-refresh.js - null null
2024-11-28 14:43:44.498 +01:00 [INF] Request finished HTTP/1.1 GET http://localhost:5272/_framework/aspnetcore-browser-refresh.js - 200 13732 application/javascript; charset=utf-8 0.6624ms
2024-11-28 14:43:54.612 +01:00 [INF] Request starting HTTP/1.1 GET http://localhost:5272/ - null null
2024-11-28 14:43:54.613 +01:00 [INF] Executing endpoint 'GalleryNote.Controllers.HomeController.Index (GalleryNote)'
2024-11-28 14:43:54.614 +01:00 [INF] Route matched with {action = "Index", controller = "Home", page = "", area = ""}. Executing controller action with signature Microsoft.AspNetCore.Mvc.IActionResult Index() on controller GalleryNote.Controllers.HomeController (GalleryNote).
2024-11-28 14:43:54.614 +01:00 [INF] Executing ViewResult, running view Index.
2024-11-28 14:43:54.616 +01:00 [INF] Executed ViewResult - view Index executed in 1.5401ms.
2024-11-28 14:43:54.616 +01:00 [INF] Executed action GalleryNote.Controllers.HomeController.Index (GalleryNote) in 1.8914ms
2024-11-28 14:43:54.616 +01:00 [INF] Executed endpoint 'GalleryNote.Controllers.HomeController.Index (GalleryNote)'
2024-11-28 14:43:54.616 +01:00 [INF] Request finished HTTP/1.1 GET http://localhost:5272/ - 200 null text/html; charset=utf-8 4.7174ms
2024-11-28 14:43:54.644 +01:00 [INF] Request starting HTTP/1.1 GET http://localhost:5272/images/example1.jpg - null null
2024-11-28 14:43:54.646 +01:00 [INF] The file /images/example1.jpg was not modified
2024-11-28 14:43:54.646 +01:00 [INF] Request finished HTTP/1.1 GET http://localhost:5272/images/example1.jpg - 304 null image/jpeg 1.896ms
2024-11-28 14:43:54.655 +01:00 [INF] Request starting HTTP/1.1 GET http://localhost:5272/images/example2.jpg - null null
2024-11-28 14:43:54.657 +01:00 [INF] The file /images/example2.jpg was not modified
2024-11-28 14:43:54.658 +01:00 [INF] Request finished HTTP/1.1 GET http://localhost:5272/images/example2.jpg - 304 null image/jpeg 2.4905ms
2024-11-28 14:43:54.661 +01:00 [INF] Request starting HTTP/1.1 GET http://localhost:5272/images/example3.jpg - null null
2024-11-28 14:43:54.661 +01:00 [INF] Request starting HTTP/1.1 GET http://localhost:5272/_framework/aspnetcore-browser-refresh.js - null null
2024-11-28 14:43:54.661 +01:00 [INF] Request finished HTTP/1.1 GET http://localhost:5272/_framework/aspnetcore-browser-refresh.js - 200 13732 application/javascript; charset=utf-8 0.4269ms
2024-11-28 14:43:54.662 +01:00 [INF] The file /images/example3.jpg was not modified
2024-11-28 14:43:54.662 +01:00 [INF] Request finished HTTP/1.1 GET http://localhost:5272/images/example3.jpg - 304 null image/jpeg 1.5749ms
2024-11-28 14:44:21.684 +01:00 [INF] Request starting HTTP/1.1 GET http://localhost:5272/ - null null
2024-11-28 14:44:21.687 +01:00 [INF] Executing endpoint 'GalleryNote.Controllers.HomeController.Index (GalleryNote)'
2024-11-28 14:44:21.689 +01:00 [INF] Route matched with {action = "Index", controller = "Home", page = "", area = ""}. Executing controller action with signature Microsoft.AspNetCore.Mvc.IActionResult Index() on controller GalleryNote.Controllers.HomeController (GalleryNote).
2024-11-28 14:44:21.696 +01:00 [INF] Executing ViewResult, running view Index.
2024-11-28 14:44:21.719 +01:00 [INF] Executed ViewResult - view Index executed in 30.05ms.
2024-11-28 14:44:21.719 +01:00 [INF] Executed action GalleryNote.Controllers.HomeController.Index (GalleryNote) in 30.3709ms
2024-11-28 14:44:21.720 +01:00 [INF] Executed endpoint 'GalleryNote.Controllers.HomeController.Index (GalleryNote)'
2024-11-28 14:44:21.720 +01:00 [INF] Request finished HTTP/1.1 GET http://localhost:5272/ - 200 null text/html; charset=utf-8 35.4668ms
2024-11-28 14:44:21.746 +01:00 [INF] Request starting HTTP/1.1 GET http://localhost:5272/_framework/aspnetcore-browser-refresh.js - null null
2024-11-28 14:44:21.747 +01:00 [INF] Request finished HTTP/1.1 GET http://localhost:5272/_framework/aspnetcore-browser-refresh.js - 200 13732 application/javascript; charset=utf-8 0.3127ms
2024-11-28 14:44:39.032 +01:00 [INF] Application is shutting down...
