2024-11-26 13:48:33.995 +01:00 [INF] User profile is available. Using 'C:\Users\birko\AppData\Local\ASP.NET\DataProtection-Keys' as key repository and Windows DPAPI to encrypt keys at rest.
2024-11-26 13:48:34.406 +01:00 [INF] Now listening on: http://localhost:5272
2024-11-26 13:48:34.422 +01:00 [INF] Application started. Press Ctrl+C to shut down.
2024-11-26 13:48:34.425 +01:00 [INF] Hosting environment: Development
2024-11-26 13:48:34.426 +01:00 [INF] Content root path: C:\Users\birko\OneDrive - OsloMet\ITPE 3200 - Webapplikasjoner\GalleryNote project\GalleryNote – Kopi
2024-11-26 13:48:41.368 +01:00 [INF] Request starting HTTP/1.1 GET http://localhost:5272/ - null null
2024-11-26 13:48:41.535 +01:00 [INF] Executing endpoint 'GalleryNote.Controllers.HomeController.Index (GalleryNote)'
2024-11-26 13:48:41.558 +01:00 [INF] Route matched with {action = "Index", controller = "Home", page = "", area = ""}. Executing controller action with signature Microsoft.AspNetCore.Mvc.IActionResult Index() on controller GalleryNote.Controllers.HomeController (GalleryNote).
2024-11-26 13:48:41.576 +01:00 [INF] Executing ViewResult, running view Index.
2024-11-26 13:48:41.706 +01:00 [INF] Executed ViewResult - view Index executed in 133.911ms.
2024-11-26 13:48:41.710 +01:00 [INF] Executed action GalleryNote.Controllers.HomeController.Index (GalleryNote) in 149.454ms
2024-11-26 13:48:41.710 +01:00 [INF] Executed endpoint 'GalleryNote.Controllers.HomeController.Index (GalleryNote)'
2024-11-26 13:48:41.724 +01:00 [INF] Request finished HTTP/1.1 GET http://localhost:5272/ - 200 null text/html; charset=utf-8 361.1194ms
2024-11-26 13:48:43.120 +01:00 [INF] Request starting HTTP/1.1 GET http://localhost:5272/Note/Grid?active=active - null null
2024-11-26 13:48:43.279 +01:00 [INF] Executing endpoint 'GalleryNote.Controllers.NoteController.Grid (GalleryNote)'
2024-11-26 13:48:43.294 +01:00 [INF] Route matched with {action = "Grid", controller = "Note", page = "", area = ""}. Executing controller action with signature System.Threading.Tasks.Task`1[Microsoft.AspNetCore.Mvc.IActionResult] Grid() on controller GalleryNote.Controllers.NoteController (GalleryNote).
2024-11-26 13:48:43.477 +01:00 [INF] Executing ViewResult, running view Grid.
2024-11-26 13:48:43.497 +01:00 [INF] Executed ViewResult - view Grid executed in 23.0462ms.
2024-11-26 13:48:43.498 +01:00 [INF] Executed action GalleryNote.Controllers.NoteController.Grid (GalleryNote) in 204.4508ms
2024-11-26 13:48:43.499 +01:00 [INF] Executed endpoint 'GalleryNote.Controllers.NoteController.Grid (GalleryNote)'
2024-11-26 13:48:43.500 +01:00 [INF] Request finished HTTP/1.1 GET http://localhost:5272/Note/Grid?active=active - 200 null text/html; charset=utf-8 379.9217ms
2024-11-26 13:48:44.265 +01:00 [INF] Request starting HTTP/1.1 GET http://localhost:5272/Image/Grid?active=active - null null
2024-11-26 13:48:44.310 +01:00 [INF] Executing endpoint 'GalleryNote.Controllers.ImageController.Grid (GalleryNote)'
2024-11-26 13:48:44.314 +01:00 [INF] Route matched with {action = "Grid", controller = "Image", page = "", area = ""}. Executing controller action with signature Microsoft.AspNetCore.Mvc.IActionResult Grid() on controller GalleryNote.Controllers.ImageController (GalleryNote).
2024-11-26 13:48:44.361 +01:00 [INF] Executing ViewResult, running view Grid.
2024-11-26 13:48:44.398 +01:00 [INF] Executed ViewResult - view Grid executed in 38.2702ms.
2024-11-26 13:48:44.399 +01:00 [INF] Executed action GalleryNote.Controllers.ImageController.Grid (GalleryNote) in 85.3916ms
2024-11-26 13:48:44.400 +01:00 [INF] Executed endpoint 'GalleryNote.Controllers.ImageController.Grid (GalleryNote)'
2024-11-26 13:48:44.405 +01:00 [INF] Request finished HTTP/1.1 GET http://localhost:5272/Image/Grid?active=active - 200 null text/html; charset=utf-8 139.2117ms
2024-11-26 13:48:56.891 +01:00 [INF] Request starting HTTP/1.1 GET http://localhost:5272/Note/Grid?active=active - null null
2024-11-26 13:48:56.901 +01:00 [INF] Executing endpoint 'GalleryNote.Controllers.NoteController.Grid (GalleryNote)'
2024-11-26 13:48:56.902 +01:00 [INF] Route matched with {action = "Grid", controller = "Note", page = "", area = ""}. Executing controller action with signature System.Threading.Tasks.Task`1[Microsoft.AspNetCore.Mvc.IActionResult] Grid() on controller GalleryNote.Controllers.NoteController (GalleryNote).
2024-11-26 13:48:56.906 +01:00 [INF] Executing ViewResult, running view Grid.
2024-11-26 13:48:56.919 +01:00 [INF] Executed ViewResult - view Grid executed in 13.0862ms.
2024-11-26 13:48:56.919 +01:00 [INF] Executed action GalleryNote.Controllers.NoteController.Grid (GalleryNote) in 17.4012ms
2024-11-26 13:48:56.919 +01:00 [INF] Executed endpoint 'GalleryNote.Controllers.NoteController.Grid (GalleryNote)'
2024-11-26 13:48:56.920 +01:00 [INF] Request finished HTTP/1.1 GET http://localhost:5272/Note/Grid?active=active - 200 null text/html; charset=utf-8 28.6568ms
2024-11-26 13:48:59.855 +01:00 [INF] Request starting HTTP/1.1 GET http://localhost:5272/?active=active - null null
2024-11-26 13:48:59.858 +01:00 [INF] Executing endpoint 'GalleryNote.Controllers.HomeController.Index (GalleryNote)'
2024-11-26 13:48:59.858 +01:00 [INF] Route matched with {action = "Index", controller = "Home", page = "", area = ""}. Executing controller action with signature Microsoft.AspNetCore.Mvc.IActionResult Index() on controller GalleryNote.Controllers.HomeController (GalleryNote).
2024-11-26 13:48:59.861 +01:00 [INF] Executing ViewResult, running view Index.
2024-11-26 13:48:59.865 +01:00 [INF] Executed ViewResult - view Index executed in 4.608ms.
2024-11-26 13:48:59.865 +01:00 [INF] Executed action GalleryNote.Controllers.HomeController.Index (GalleryNote) in 6.3363ms
2024-11-26 13:48:59.865 +01:00 [INF] Executed endpoint 'GalleryNote.Controllers.HomeController.Index (GalleryNote)'
2024-11-26 13:48:59.866 +01:00 [INF] Request finished HTTP/1.1 GET http://localhost:5272/?active=active - 200 null text/html; charset=utf-8 10.8489ms
2024-11-26 13:49:00.836 +01:00 [INF] Request starting HTTP/1.1 GET http://localhost:5272/Image/Grid?active=active - null null
2024-11-26 13:49:00.842 +01:00 [INF] Executing endpoint 'GalleryNote.Controllers.ImageController.Grid (GalleryNote)'
2024-11-26 13:49:00.842 +01:00 [INF] Route matched with {action = "Grid", controller = "Image", page = "", area = ""}. Executing controller action with signature Microsoft.AspNetCore.Mvc.IActionResult Grid() on controller GalleryNote.Controllers.ImageController (GalleryNote).
2024-11-26 13:49:00.847 +01:00 [INF] Executing ViewResult, running view Grid.
2024-11-26 13:49:00.853 +01:00 [INF] Executed ViewResult - view Grid executed in 6.0688ms.
2024-11-26 13:49:00.853 +01:00 [INF] Executed action GalleryNote.Controllers.ImageController.Grid (GalleryNote) in 10.4303ms
2024-11-26 13:49:00.853 +01:00 [INF] Executed endpoint 'GalleryNote.Controllers.ImageController.Grid (GalleryNote)'
2024-11-26 13:49:00.853 +01:00 [INF] Request finished HTTP/1.1 GET http://localhost:5272/Image/Grid?active=active - 200 null text/html; charset=utf-8 17.3589ms
2024-11-26 13:49:01.629 +01:00 [INF] Request starting HTTP/1.1 GET http://localhost:5272/Note/Grid?active=active - null null
2024-11-26 13:49:01.633 +01:00 [INF] Executing endpoint 'GalleryNote.Controllers.NoteController.Grid (GalleryNote)'
2024-11-26 13:49:01.633 +01:00 [INF] Route matched with {action = "Grid", controller = "Note", page = "", area = ""}. Executing controller action with signature System.Threading.Tasks.Task`1[Microsoft.AspNetCore.Mvc.IActionResult] Grid() on controller GalleryNote.Controllers.NoteController (GalleryNote).
2024-11-26 13:49:01.638 +01:00 [INF] Executing ViewResult, running view Grid.
2024-11-26 13:49:01.644 +01:00 [INF] Executed ViewResult - view Grid executed in 6.8281ms.
2024-11-26 13:49:01.645 +01:00 [INF] Executed action GalleryNote.Controllers.NoteController.Grid (GalleryNote) in 11.1592ms
2024-11-26 13:49:01.645 +01:00 [INF] Executed endpoint 'GalleryNote.Controllers.NoteController.Grid (GalleryNote)'
2024-11-26 13:49:01.645 +01:00 [INF] Request finished HTTP/1.1 GET http://localhost:5272/Note/Grid?active=active - 200 null text/html; charset=utf-8 16.8181ms
2024-11-26 13:49:04.637 +01:00 [INF] Request starting HTTP/1.1 POST http://localhost:5272/Identity/Account/Logout?returnUrl=%2F - application/x-www-form-urlencoded 225
2024-11-26 13:49:04.644 +01:00 [INF] Executing endpoint '/Account/Logout'
2024-11-26 13:49:04.685 +01:00 [INF] Route matched with {page = "/Account/Logout", area = "Identity", action = "", controller = ""}. Executing page /Account/Logout
2024-11-26 13:49:04.738 +01:00 [INF] Executing handler method GalleryNote.Areas.Identity.Pages.Account.LogoutModel.OnPost - ModelState is "Valid"
2024-11-26 13:49:04.748 +01:00 [INF] AuthenticationScheme: Identity.Application signed out.
2024-11-26 13:49:04.749 +01:00 [INF] AuthenticationScheme: Identity.External signed out.
2024-11-26 13:49:04.749 +01:00 [INF] AuthenticationScheme: Identity.TwoFactorUserId signed out.
2024-11-26 13:49:04.750 +01:00 [INF] User logged out.
2024-11-26 13:49:04.751 +01:00 [INF] Executed handler method OnPost, returned result Microsoft.AspNetCore.Mvc.LocalRedirectResult.
2024-11-26 13:49:04.753 +01:00 [INF] Executing LocalRedirectResult, redirecting to /.
2024-11-26 13:49:04.754 +01:00 [INF] Executed page /Account/Logout in 68.4735ms
2024-11-26 13:49:04.754 +01:00 [INF] Executed endpoint '/Account/Logout'
2024-11-26 13:49:04.754 +01:00 [INF] Request finished HTTP/1.1 POST http://localhost:5272/Identity/Account/Logout?returnUrl=%2F - 302 0 null 117.3714ms
2024-11-26 13:49:04.759 +01:00 [INF] Request starting HTTP/1.1 GET http://localhost:5272/ - null null
2024-11-26 13:49:04.761 +01:00 [INF] Executing endpoint 'GalleryNote.Controllers.HomeController.Index (GalleryNote)'
2024-11-26 13:49:04.762 +01:00 [INF] Route matched with {action = "Index", controller = "Home", page = "", area = ""}. Executing controller action with signature Microsoft.AspNetCore.Mvc.IActionResult Index() on controller GalleryNote.Controllers.HomeController (GalleryNote).
2024-11-26 13:49:04.763 +01:00 [INF] Executing ViewResult, running view Index.
2024-11-26 13:49:04.769 +01:00 [INF] Executed ViewResult - view Index executed in 6.9587ms.
2024-11-26 13:49:04.769 +01:00 [INF] Executed action GalleryNote.Controllers.HomeController.Index (GalleryNote) in 7.4744ms
2024-11-26 13:49:04.769 +01:00 [INF] Executed endpoint 'GalleryNote.Controllers.HomeController.Index (GalleryNote)'
2024-11-26 13:49:04.770 +01:00 [INF] Request finished HTTP/1.1 GET http://localhost:5272/ - 200 null text/html; charset=utf-8 10.7016ms
2024-11-26 13:49:06.284 +01:00 [INF] Request starting HTTP/1.1 GET http://localhost:5272/Note/Grid?active=active - null null
2024-11-26 13:49:06.286 +01:00 [INF] Authorization failed. These requirements were not met:
DenyAnonymousAuthorizationRequirement: Requires an authenticated user.
2024-11-26 13:49:06.289 +01:00 [INF] AuthenticationScheme: Identity.Application was challenged.
2024-11-26 13:49:06.289 +01:00 [INF] Request finished HTTP/1.1 GET http://localhost:5272/Note/Grid?active=active - 302 0 null 5.3005ms
2024-11-26 13:49:06.294 +01:00 [INF] Request starting HTTP/1.1 GET http://localhost:5272/Identity/Account/Login?ReturnUrl=%2FNote%2FGrid%3Factive%3Dactive - null null
2024-11-26 13:49:06.303 +01:00 [INF] Executing endpoint '/Account/Login'
2024-11-26 13:49:06.320 +01:00 [INF] Route matched with {page = "/Account/Login", area = "Identity", action = "", controller = ""}. Executing page /Account/Login
2024-11-26 13:49:06.327 +01:00 [INF] Executing handler method GalleryNote.Areas.Identity.Pages.Account.LoginModel.OnGetAsync - ModelState is "Valid"
2024-11-26 13:49:06.331 +01:00 [INF] AuthenticationScheme: Identity.External signed out.
2024-11-26 13:49:06.333 +01:00 [INF] Executed handler method OnGetAsync, returned result .
2024-11-26 13:49:06.336 +01:00 [INF] Executing an implicit handler method - ModelState is "Valid"
2024-11-26 13:49:06.337 +01:00 [INF] Executed an implicit handler method, returned result Microsoft.AspNetCore.Mvc.RazorPages.PageResult.
2024-11-26 13:49:06.420 +01:00 [INF] Executed page /Account/Login in 99.8086ms
2024-11-26 13:49:06.420 +01:00 [INF] Executed endpoint '/Account/Login'
2024-11-26 13:49:06.420 +01:00 [INF] Request finished HTTP/1.1 GET http://localhost:5272/Identity/Account/Login?ReturnUrl=%2FNote%2FGrid%3Factive%3Dactive - 200 null text/html; charset=utf-8 125.8627ms
2024-11-26 13:49:06.455 +01:00 [INF] Request starting HTTP/1.1 GET http://localhost:5272/lib/jquery-validation/dist/jquery.validate.min.js - null null
2024-11-26 13:49:06.460 +01:00 [INF] Request finished HTTP/1.1 GET http://localhost:5272/lib/jquery-validation/dist/jquery.validate.min.js - 404 0 null 4.9209ms
2024-11-26 13:49:06.462 +01:00 [INF] Request reached the end of the middleware pipeline without being handled by application code. Request path: GET http://localhost:5272/lib/jquery-validation/dist/jquery.validate.min.js, Response status code: 404
2024-11-26 13:49:06.464 +01:00 [INF] Request starting HTTP/1.1 GET http://localhost:5272/lib/jquery-validation-unobtrusive/jquery.validate.unobtrusive.min.js - null null
2024-11-26 13:49:06.465 +01:00 [INF] Request finished HTTP/1.1 GET http://localhost:5272/lib/jquery-validation-unobtrusive/jquery.validate.unobtrusive.min.js - 404 0 null 1.6253ms
2024-11-26 13:49:06.466 +01:00 [INF] Request reached the end of the middleware pipeline without being handled by application code. Request path: GET http://localhost:5272/lib/jquery-validation-unobtrusive/jquery.validate.unobtrusive.min.js, Response status code: 404
2024-11-26 13:49:07.492 +01:00 [INF] Request starting HTTP/1.1 GET http://localhost:5272/?active=active - null null
2024-11-26 13:49:07.492 +01:00 [INF] Executing endpoint 'GalleryNote.Controllers.HomeController.Index (GalleryNote)'
2024-11-26 13:49:07.492 +01:00 [INF] Route matched with {action = "Index", controller = "Home", page = "", area = ""}. Executing controller action with signature Microsoft.AspNetCore.Mvc.IActionResult Index() on controller GalleryNote.Controllers.HomeController (GalleryNote).
2024-11-26 13:49:07.492 +01:00 [INF] Executing ViewResult, running view Index.
2024-11-26 13:49:07.495 +01:00 [INF] Executed ViewResult - view Index executed in 2.5625ms.
2024-11-26 13:49:07.495 +01:00 [INF] Executed action GalleryNote.Controllers.HomeController.Index (GalleryNote) in 2.8411ms
2024-11-26 13:49:07.495 +01:00 [INF] Executed endpoint 'GalleryNote.Controllers.HomeController.Index (GalleryNote)'
2024-11-26 13:49:07.496 +01:00 [INF] Request finished HTTP/1.1 GET http://localhost:5272/?active=active - 200 null text/html; charset=utf-8 3.9129ms
2024-11-26 13:49:08.231 +01:00 [INF] Request starting HTTP/1.1 GET http://localhost:5272/Image/Grid?active=active - null null
2024-11-26 13:49:08.232 +01:00 [INF] Authorization failed. These requirements were not met:
DenyAnonymousAuthorizationRequirement: Requires an authenticated user.
2024-11-26 13:49:08.232 +01:00 [INF] AuthenticationScheme: Identity.Application was challenged.
2024-11-26 13:49:08.233 +01:00 [INF] Request finished HTTP/1.1 GET http://localhost:5272/Image/Grid?active=active - 302 0 null 2.0426ms
2024-11-26 13:49:08.242 +01:00 [INF] Request starting HTTP/1.1 GET http://localhost:5272/Identity/Account/Login?ReturnUrl=%2FImage%2FGrid%3Factive%3Dactive - null null
2024-11-26 13:49:08.243 +01:00 [INF] Executing endpoint '/Account/Login'
2024-11-26 13:49:08.244 +01:00 [INF] Route matched with {page = "/Account/Login", area = "Identity", action = "", controller = ""}. Executing page /Account/Login
2024-11-26 13:49:08.251 +01:00 [INF] Executing handler method GalleryNote.Areas.Identity.Pages.Account.LoginModel.OnGetAsync - ModelState is "Valid"
2024-11-26 13:49:08.251 +01:00 [INF] AuthenticationScheme: Identity.External signed out.
2024-11-26 13:49:08.252 +01:00 [INF] Executed handler method OnGetAsync, returned result .
2024-11-26 13:49:08.252 +01:00 [INF] Executing an implicit handler method - ModelState is "Valid"
2024-11-26 13:49:08.252 +01:00 [INF] Executed an implicit handler method, returned result Microsoft.AspNetCore.Mvc.RazorPages.PageResult.
2024-11-26 13:49:08.261 +01:00 [INF] Executed page /Account/Login in 16.3947ms
2024-11-26 13:49:08.261 +01:00 [INF] Executed endpoint '/Account/Login'
2024-11-26 13:49:08.262 +01:00 [INF] Request finished HTTP/1.1 GET http://localhost:5272/Identity/Account/Login?ReturnUrl=%2FImage%2FGrid%3Factive%3Dactive - 200 null text/html; charset=utf-8 19.4545ms
2024-11-26 13:49:08.321 +01:00 [INF] Request starting HTTP/1.1 GET http://localhost:5272/lib/jquery-validation/dist/jquery.validate.min.js - null null
2024-11-26 13:49:08.321 +01:00 [INF] Request starting HTTP/1.1 GET http://localhost:5272/lib/jquery-validation-unobtrusive/jquery.validate.unobtrusive.min.js - null null
2024-11-26 13:49:08.323 +01:00 [INF] Request finished HTTP/1.1 GET http://localhost:5272/lib/jquery-validation-unobtrusive/jquery.validate.unobtrusive.min.js - 404 0 null 1.6583ms
2024-11-26 13:49:08.323 +01:00 [INF] Request finished HTTP/1.1 GET http://localhost:5272/lib/jquery-validation/dist/jquery.validate.min.js - 404 0 null 1.8818ms
2024-11-26 13:49:08.324 +01:00 [INF] Request reached the end of the middleware pipeline without being handled by application code. Request path: GET http://localhost:5272/lib/jquery-validation/dist/jquery.validate.min.js, Response status code: 404
2024-11-26 13:49:08.326 +01:00 [INF] Request reached the end of the middleware pipeline without being handled by application code. Request path: GET http://localhost:5272/lib/jquery-validation-unobtrusive/jquery.validate.unobtrusive.min.js, Response status code: 404
2024-11-26 13:49:09.652 +01:00 [INF] Request starting HTTP/1.1 GET http://localhost:5272/Note/Grid?active=active - null null
2024-11-26 13:49:09.652 +01:00 [INF] Authorization failed. These requirements were not met:
DenyAnonymousAuthorizationRequirement: Requires an authenticated user.
2024-11-26 13:49:09.653 +01:00 [INF] AuthenticationScheme: Identity.Application was challenged.
2024-11-26 13:49:09.653 +01:00 [INF] Request finished HTTP/1.1 GET http://localhost:5272/Note/Grid?active=active - 302 0 null 0.8664ms
2024-11-26 13:49:09.662 +01:00 [INF] Request starting HTTP/1.1 GET http://localhost:5272/Identity/Account/Login?ReturnUrl=%2FNote%2FGrid%3Factive%3Dactive - null null
2024-11-26 13:49:09.663 +01:00 [INF] Executing endpoint '/Account/Login'
2024-11-26 13:49:09.663 +01:00 [INF] Route matched with {page = "/Account/Login", area = "Identity", action = "", controller = ""}. Executing page /Account/Login
2024-11-26 13:49:09.667 +01:00 [INF] Executing handler method GalleryNote.Areas.Identity.Pages.Account.LoginModel.OnGetAsync - ModelState is "Valid"
2024-11-26 13:49:09.668 +01:00 [INF] AuthenticationScheme: Identity.External signed out.
2024-11-26 13:49:09.668 +01:00 [INF] Executed handler method OnGetAsync, returned result .
2024-11-26 13:49:09.668 +01:00 [INF] Executing an implicit handler method - ModelState is "Valid"
2024-11-26 13:49:09.668 +01:00 [INF] Executed an implicit handler method, returned result Microsoft.AspNetCore.Mvc.RazorPages.PageResult.
2024-11-26 13:49:09.672 +01:00 [INF] Executed page /Account/Login in 8.6648ms
2024-11-26 13:49:09.672 +01:00 [INF] Executed endpoint '/Account/Login'
2024-11-26 13:49:09.673 +01:00 [INF] Request finished HTTP/1.1 GET http://localhost:5272/Identity/Account/Login?ReturnUrl=%2FNote%2FGrid%3Factive%3Dactive - 200 null text/html; charset=utf-8 10.6453ms
2024-11-26 13:49:09.706 +01:00 [INF] Request starting HTTP/1.1 GET http://localhost:5272/lib/jquery-validation/dist/jquery.validate.min.js - null null
2024-11-26 13:49:09.708 +01:00 [INF] Request finished HTTP/1.1 GET http://localhost:5272/lib/jquery-validation/dist/jquery.validate.min.js - 404 0 null 2.2619ms
2024-11-26 13:49:09.709 +01:00 [INF] Request reached the end of the middleware pipeline without being handled by application code. Request path: GET http://localhost:5272/lib/jquery-validation/dist/jquery.validate.min.js, Response status code: 404
2024-11-26 13:49:09.716 +01:00 [INF] Request starting HTTP/1.1 GET http://localhost:5272/lib/jquery-validation-unobtrusive/jquery.validate.unobtrusive.min.js - null null
2024-11-26 13:49:09.717 +01:00 [INF] Request finished HTTP/1.1 GET http://localhost:5272/lib/jquery-validation-unobtrusive/jquery.validate.unobtrusive.min.js - 404 0 null 1.0946ms
2024-11-26 13:49:09.717 +01:00 [INF] Request reached the end of the middleware pipeline without being handled by application code. Request path: GET http://localhost:5272/lib/jquery-validation-unobtrusive/jquery.validate.unobtrusive.min.js, Response status code: 404
2024-11-26 13:49:10.440 +01:00 [INF] Request starting HTTP/1.1 GET http://localhost:5272/Image/Grid?active=active - null null
2024-11-26 13:49:10.441 +01:00 [INF] Authorization failed. These requirements were not met:
DenyAnonymousAuthorizationRequirement: Requires an authenticated user.
2024-11-26 13:49:10.441 +01:00 [INF] AuthenticationScheme: Identity.Application was challenged.
2024-11-26 13:49:10.441 +01:00 [INF] Request finished HTTP/1.1 GET http://localhost:5272/Image/Grid?active=active - 302 0 null 1.4867ms
2024-11-26 13:49:10.448 +01:00 [INF] Request starting HTTP/1.1 GET http://localhost:5272/Identity/Account/Login?ReturnUrl=%2FImage%2FGrid%3Factive%3Dactive - null null
2024-11-26 13:49:10.448 +01:00 [INF] Executing endpoint '/Account/Login'
2024-11-26 13:49:10.448 +01:00 [INF] Route matched with {page = "/Account/Login", area = "Identity", action = "", controller = ""}. Executing page /Account/Login
2024-11-26 13:49:10.453 +01:00 [INF] Executing handler method GalleryNote.Areas.Identity.Pages.Account.LoginModel.OnGetAsync - ModelState is "Valid"
2024-11-26 13:49:10.453 +01:00 [INF] AuthenticationScheme: Identity.External signed out.
2024-11-26 13:49:10.453 +01:00 [INF] Executed handler method OnGetAsync, returned result .
2024-11-26 13:49:10.453 +01:00 [INF] Executing an implicit handler method - ModelState is "Valid"
2024-11-26 13:49:10.453 +01:00 [INF] Executed an implicit handler method, returned result Microsoft.AspNetCore.Mvc.RazorPages.PageResult.
2024-11-26 13:49:10.455 +01:00 [INF] Executed page /Account/Login in 6.3626ms
2024-11-26 13:49:10.455 +01:00 [INF] Executed endpoint '/Account/Login'
2024-11-26 13:49:10.455 +01:00 [INF] Request finished HTTP/1.1 GET http://localhost:5272/Identity/Account/Login?ReturnUrl=%2FImage%2FGrid%3Factive%3Dactive - 200 null text/html; charset=utf-8 7.5578ms
2024-11-26 13:49:10.483 +01:00 [INF] Request starting HTTP/1.1 GET http://localhost:5272/lib/jquery-validation/dist/jquery.validate.min.js - null null
2024-11-26 13:49:10.484 +01:00 [INF] Request finished HTTP/1.1 GET http://localhost:5272/lib/jquery-validation/dist/jquery.validate.min.js - 404 0 null 0.8864ms
2024-11-26 13:49:10.484 +01:00 [INF] Request reached the end of the middleware pipeline without being handled by application code. Request path: GET http://localhost:5272/lib/jquery-validation/dist/jquery.validate.min.js, Response status code: 404
2024-11-26 13:49:10.491 +01:00 [INF] Request starting HTTP/1.1 GET http://localhost:5272/lib/jquery-validation-unobtrusive/jquery.validate.unobtrusive.min.js - null null
2024-11-26 13:49:10.492 +01:00 [INF] Request finished HTTP/1.1 GET http://localhost:5272/lib/jquery-validation-unobtrusive/jquery.validate.unobtrusive.min.js - 404 0 null 1.1389ms
2024-11-26 13:49:10.492 +01:00 [INF] Request reached the end of the middleware pipeline without being handled by application code. Request path: GET http://localhost:5272/lib/jquery-validation-unobtrusive/jquery.validate.unobtrusive.min.js, Response status code: 404
2024-11-26 13:49:11.228 +01:00 [INF] Request starting HTTP/1.1 GET http://localhost:5272/Note/Grid?active=active - null null
2024-11-26 13:49:11.228 +01:00 [INF] Authorization failed. These requirements were not met:
DenyAnonymousAuthorizationRequirement: Requires an authenticated user.
2024-11-26 13:49:11.228 +01:00 [INF] AuthenticationScheme: Identity.Application was challenged.
2024-11-26 13:49:11.228 +01:00 [INF] Request finished HTTP/1.1 GET http://localhost:5272/Note/Grid?active=active - 302 0 null 0.7208ms
2024-11-26 13:49:11.235 +01:00 [INF] Request starting HTTP/1.1 GET http://localhost:5272/Identity/Account/Login?ReturnUrl=%2FNote%2FGrid%3Factive%3Dactive - null null
2024-11-26 13:49:11.235 +01:00 [INF] Executing endpoint '/Account/Login'
2024-11-26 13:49:11.236 +01:00 [INF] Route matched with {page = "/Account/Login", area = "Identity", action = "", controller = ""}. Executing page /Account/Login
2024-11-26 13:49:11.240 +01:00 [INF] Executing handler method GalleryNote.Areas.Identity.Pages.Account.LoginModel.OnGetAsync - ModelState is "Valid"
2024-11-26 13:49:11.241 +01:00 [INF] AuthenticationScheme: Identity.External signed out.
2024-11-26 13:49:11.241 +01:00 [INF] Executed handler method OnGetAsync, returned result .
2024-11-26 13:49:11.241 +01:00 [INF] Executing an implicit handler method - ModelState is "Valid"
2024-11-26 13:49:11.241 +01:00 [INF] Executed an implicit handler method, returned result Microsoft.AspNetCore.Mvc.RazorPages.PageResult.
2024-11-26 13:49:11.245 +01:00 [INF] Executed page /Account/Login in 8.5168ms
2024-11-26 13:49:11.245 +01:00 [INF] Executed endpoint '/Account/Login'
2024-11-26 13:49:11.245 +01:00 [INF] Request finished HTTP/1.1 GET http://localhost:5272/Identity/Account/Login?ReturnUrl=%2FNote%2FGrid%3Factive%3Dactive - 200 null text/html; charset=utf-8 10.017ms
2024-11-26 13:49:11.271 +01:00 [INF] Request starting HTTP/1.1 GET http://localhost:5272/lib/jquery-validation/dist/jquery.validate.min.js - null null
2024-11-26 13:49:11.275 +01:00 [INF] Request finished HTTP/1.1 GET http://localhost:5272/lib/jquery-validation/dist/jquery.validate.min.js - 404 0 null 1.3345ms
2024-11-26 13:49:11.277 +01:00 [INF] Request reached the end of the middleware pipeline without being handled by application code. Request path: GET http://localhost:5272/lib/jquery-validation/dist/jquery.validate.min.js, Response status code: 404
2024-11-26 13:49:11.282 +01:00 [INF] Request starting HTTP/1.1 GET http://localhost:5272/lib/jquery-validation-unobtrusive/jquery.validate.unobtrusive.min.js - null null
2024-11-26 13:49:11.283 +01:00 [INF] Request finished HTTP/1.1 GET http://localhost:5272/lib/jquery-validation-unobtrusive/jquery.validate.unobtrusive.min.js - 404 0 null 1.2222ms
2024-11-26 13:49:11.284 +01:00 [INF] Request reached the end of the middleware pipeline without being handled by application code. Request path: GET http://localhost:5272/lib/jquery-validation-unobtrusive/jquery.validate.unobtrusive.min.js, Response status code: 404
2024-11-26 13:49:19.710 +01:00 [INF] Request starting HTTP/1.1 GET http://localhost:5272/Identity/Account/Register?returnUrl=%2FNote%2FGrid%3Factive%3Dactive - null null
2024-11-26 13:49:19.711 +01:00 [INF] Executing endpoint '/Account/Register'
2024-11-26 13:49:19.727 +01:00 [INF] Route matched with {page = "/Account/Register", area = "Identity", action = "", controller = ""}. Executing page /Account/Register
2024-11-26 13:49:19.730 +01:00 [INF] Executing handler method GalleryNote.Areas.Identity.Pages.Account.RegisterModel.OnGetAsync - ModelState is "Valid"
2024-11-26 13:49:19.731 +01:00 [INF] Executed handler method OnGetAsync, returned result .
2024-11-26 13:49:19.731 +01:00 [INF] Executing an implicit handler method - ModelState is "Valid"
2024-11-26 13:49:19.731 +01:00 [INF] Executed an implicit handler method, returned result Microsoft.AspNetCore.Mvc.RazorPages.PageResult.
2024-11-26 13:49:19.758 +01:00 [INF] Executed page /Account/Register in 31.7124ms
2024-11-26 13:49:19.759 +01:00 [INF] Executed endpoint '/Account/Register'
2024-11-26 13:49:19.759 +01:00 [INF] Request finished HTTP/1.1 GET http://localhost:5272/Identity/Account/Register?returnUrl=%2FNote%2FGrid%3Factive%3Dactive - 200 null text/html; charset=utf-8 48.4468ms
2024-11-26 13:49:19.782 +01:00 [INF] Request starting HTTP/1.1 GET http://localhost:5272/lib/jquery-validation/dist/jquery.validate.min.js - null null
2024-11-26 13:49:19.783 +01:00 [INF] Request finished HTTP/1.1 GET http://localhost:5272/lib/jquery-validation/dist/jquery.validate.min.js - 404 0 null 0.6856ms
2024-11-26 13:49:19.783 +01:00 [INF] Request reached the end of the middleware pipeline without being handled by application code. Request path: GET http://localhost:5272/lib/jquery-validation/dist/jquery.validate.min.js, Response status code: 404
2024-11-26 13:49:19.791 +01:00 [INF] Request starting HTTP/1.1 GET http://localhost:5272/lib/jquery-validation-unobtrusive/jquery.validate.unobtrusive.min.js - null null
2024-11-26 13:49:19.792 +01:00 [INF] Request finished HTTP/1.1 GET http://localhost:5272/lib/jquery-validation-unobtrusive/jquery.validate.unobtrusive.min.js - 404 0 null 0.9064ms
2024-11-26 13:49:19.792 +01:00 [INF] Request reached the end of the middleware pipeline without being handled by application code. Request path: GET http://localhost:5272/lib/jquery-validation-unobtrusive/jquery.validate.unobtrusive.min.js, Response status code: 404
2024-11-26 13:49:30.136 +01:00 [INF] Request starting HTTP/1.1 POST http://localhost:5272/Identity/Account/Register?returnUrl=%2FNote%2FGrid%3Factive%3Dactive - application/x-www-form-urlencoded 277
2024-11-26 13:49:30.136 +01:00 [INF] Executing endpoint '/Account/Register'
2024-11-26 13:49:30.136 +01:00 [INF] Route matched with {page = "/Account/Register", area = "Identity", action = "", controller = ""}. Executing page /Account/Register
2024-11-26 13:49:30.160 +01:00 [INF] Executing handler method GalleryNote.Areas.Identity.Pages.Account.RegisterModel.OnPostAsync - ModelState is "Valid"
2024-11-26 13:49:30.535 +01:00 [INF] User created a new account with password.
2024-11-26 13:49:30.595 +01:00 [INF] AuthenticationScheme: Identity.Application signed in.
2024-11-26 13:49:30.595 +01:00 [INF] Executed handler method OnPostAsync, returned result Microsoft.AspNetCore.Mvc.LocalRedirectResult.
2024-11-26 13:49:30.595 +01:00 [INF] Executing LocalRedirectResult, redirecting to /Note/Grid?active=active.
2024-11-26 13:49:30.595 +01:00 [INF] Executed page /Account/Register in 458.7769ms
2024-11-26 13:49:30.595 +01:00 [INF] Executed endpoint '/Account/Register'
2024-11-26 13:49:30.595 +01:00 [INF] Request finished HTTP/1.1 POST http://localhost:5272/Identity/Account/Register?returnUrl=%2FNote%2FGrid%3Factive%3Dactive - 302 0 null 459.8128ms
2024-11-26 13:49:30.600 +01:00 [INF] Request starting HTTP/1.1 GET http://localhost:5272/Note/Grid?active=active - null null
2024-11-26 13:49:30.602 +01:00 [INF] Executing endpoint 'GalleryNote.Controllers.NoteController.Grid (GalleryNote)'
2024-11-26 13:49:30.602 +01:00 [INF] Route matched with {action = "Grid", controller = "Note", page = "", area = ""}. Executing controller action with signature System.Threading.Tasks.Task`1[Microsoft.AspNetCore.Mvc.IActionResult] Grid() on controller GalleryNote.Controllers.NoteController (GalleryNote).
2024-11-26 13:49:30.603 +01:00 [INF] Executing ViewResult, running view Grid.
2024-11-26 13:49:30.604 +01:00 [INF] Executed ViewResult - view Grid executed in 0.9668ms.
2024-11-26 13:49:30.604 +01:00 [INF] Executed action GalleryNote.Controllers.NoteController.Grid (GalleryNote) in 1.8195ms
2024-11-26 13:49:30.604 +01:00 [INF] Executed endpoint 'GalleryNote.Controllers.NoteController.Grid (GalleryNote)'
2024-11-26 13:49:30.604 +01:00 [INF] Request finished HTTP/1.1 GET http://localhost:5272/Note/Grid?active=active - 200 null text/html; charset=utf-8 4.2296ms
2024-11-26 13:49:32.073 +01:00 [INF] Request starting HTTP/1.1 GET http://localhost:5272/Note/Create - null null
2024-11-26 13:49:32.076 +01:00 [INF] Executing endpoint 'GalleryNote.Controllers.NoteController.Create (GalleryNote)'
2024-11-26 13:49:32.078 +01:00 [INF] Route matched with {action = "Create", controller = "Note", page = "", area = ""}. Executing controller action with signature Microsoft.AspNetCore.Mvc.IActionResult Create() on controller GalleryNote.Controllers.NoteController (GalleryNote).
2024-11-26 13:49:32.080 +01:00 [INF] Executing ViewResult, running view Create.
2024-11-26 13:49:32.109 +01:00 [INF] Executed ViewResult - view Create executed in 30.9726ms.
2024-11-26 13:49:32.110 +01:00 [INF] Executed action GalleryNote.Controllers.NoteController.Create (GalleryNote) in 31.5344ms
2024-11-26 13:49:32.110 +01:00 [INF] Executed endpoint 'GalleryNote.Controllers.NoteController.Create (GalleryNote)'
2024-11-26 13:49:32.110 +01:00 [INF] Request finished HTTP/1.1 GET http://localhost:5272/Note/Create - 200 null text/html; charset=utf-8 37.2916ms
2024-11-26 13:49:38.403 +01:00 [INF] Request starting HTTP/1.1 POST http://localhost:5272/Note/Create - application/x-www-form-urlencoded 240
2024-11-26 13:49:38.405 +01:00 [INF] Executing endpoint 'GalleryNote.Controllers.NoteController.Create (GalleryNote)'
2024-11-26 13:49:38.417 +01:00 [INF] Route matched with {action = "Create", controller = "Note", page = "", area = ""}. Executing controller action with signature System.Threading.Tasks.Task`1[Microsoft.AspNetCore.Mvc.IActionResult] Create(GalleryNote.Models.Note) on controller GalleryNote.Controllers.NoteController (GalleryNote).
2024-11-26 13:49:38.504 +01:00 [INF] Executing RedirectResult, redirecting to /Note/Grid.
2024-11-26 13:49:38.505 +01:00 [INF] Executed action GalleryNote.Controllers.NoteController.Create (GalleryNote) in 87.7834ms
2024-11-26 13:49:38.505 +01:00 [INF] Executed endpoint 'GalleryNote.Controllers.NoteController.Create (GalleryNote)'
2024-11-26 13:49:38.506 +01:00 [INF] Request finished HTTP/1.1 POST http://localhost:5272/Note/Create - 302 0 null 103.3252ms
2024-11-26 13:49:38.515 +01:00 [INF] Request starting HTTP/1.1 GET http://localhost:5272/Note/Grid - null null
2024-11-26 13:49:38.518 +01:00 [INF] Executing endpoint 'GalleryNote.Controllers.NoteController.Grid (GalleryNote)'
2024-11-26 13:49:38.519 +01:00 [INF] Route matched with {action = "Grid", controller = "Note", page = "", area = ""}. Executing controller action with signature System.Threading.Tasks.Task`1[Microsoft.AspNetCore.Mvc.IActionResult] Grid() on controller GalleryNote.Controllers.NoteController (GalleryNote).
2024-11-26 13:49:38.521 +01:00 [INF] Executing ViewResult, running view Grid.
2024-11-26 13:49:38.524 +01:00 [INF] Executed ViewResult - view Grid executed in 3.1296ms.
2024-11-26 13:49:38.525 +01:00 [INF] Executed action GalleryNote.Controllers.NoteController.Grid (GalleryNote) in 5.6309ms
2024-11-26 13:49:38.525 +01:00 [INF] Executed endpoint 'GalleryNote.Controllers.NoteController.Grid (GalleryNote)'
2024-11-26 13:49:38.526 +01:00 [INF] Request finished HTTP/1.1 GET http://localhost:5272/Note/Grid - 200 null text/html; charset=utf-8 10.9439ms
2024-11-26 13:49:43.904 +01:00 [INF] Request starting HTTP/1.1 GET http://localhost:5272/Note/Delete/1 - null null
2024-11-26 13:49:43.907 +01:00 [INF] Executing endpoint 'GalleryNote.Controllers.NoteController.Delete (GalleryNote)'
2024-11-26 13:49:43.915 +01:00 [INF] Route matched with {action = "Delete", controller = "Note", page = "", area = ""}. Executing controller action with signature System.Threading.Tasks.Task`1[Microsoft.AspNetCore.Mvc.IActionResult] Delete(Int32) on controller GalleryNote.Controllers.NoteController (GalleryNote).
2024-11-26 13:49:43.942 +01:00 [INF] Executing ViewResult, running view Delete.
2024-11-26 13:49:43.950 +01:00 [INF] Executed ViewResult - view Delete executed in 9.3093ms.
2024-11-26 13:49:43.950 +01:00 [INF] Executed action GalleryNote.Controllers.NoteController.Delete (GalleryNote) in 35.102ms
2024-11-26 13:49:43.950 +01:00 [INF] Executed endpoint 'GalleryNote.Controllers.NoteController.Delete (GalleryNote)'
2024-11-26 13:49:43.951 +01:00 [INF] Request finished HTTP/1.1 GET http://localhost:5272/Note/Delete/1 - 200 null text/html; charset=utf-8 46.9816ms
2024-11-26 13:49:45.803 +01:00 [INF] Request starting HTTP/1.1 POST http://localhost:5272/Note/DeleteConfirmed/1 - application/x-www-form-urlencoded 225
2024-11-26 13:49:45.805 +01:00 [INF] Executing endpoint 'GalleryNote.Controllers.NoteController.DeleteConfirmed (GalleryNote)'
2024-11-26 13:49:45.810 +01:00 [INF] Route matched with {action = "DeleteConfirmed", controller = "Note", page = "", area = ""}. Executing controller action with signature System.Threading.Tasks.Task`1[Microsoft.AspNetCore.Mvc.IActionResult] DeleteConfirmed(Int32) on controller GalleryNote.Controllers.NoteController (GalleryNote).
2024-11-26 13:49:45.845 +01:00 [INF] Executing RedirectResult, redirecting to /Note/Grid.
2024-11-26 13:49:45.846 +01:00 [INF] Executed action GalleryNote.Controllers.NoteController.DeleteConfirmed (GalleryNote) in 35.6786ms
2024-11-26 13:49:45.846 +01:00 [INF] Executed endpoint 'GalleryNote.Controllers.NoteController.DeleteConfirmed (GalleryNote)'
2024-11-26 13:49:45.847 +01:00 [INF] Request finished HTTP/1.1 POST http://localhost:5272/Note/DeleteConfirmed/1 - 302 0 null 43.5306ms
2024-11-26 13:49:45.852 +01:00 [INF] Request starting HTTP/1.1 GET http://localhost:5272/Note/Grid - null null
2024-11-26 13:49:45.854 +01:00 [INF] Executing endpoint 'GalleryNote.Controllers.NoteController.Grid (GalleryNote)'
2024-11-26 13:49:45.854 +01:00 [INF] Route matched with {action = "Grid", controller = "Note", page = "", area = ""}. Executing controller action with signature System.Threading.Tasks.Task`1[Microsoft.AspNetCore.Mvc.IActionResult] Grid() on controller GalleryNote.Controllers.NoteController (GalleryNote).
2024-11-26 13:49:45.854 +01:00 [INF] Executing ViewResult, running view Grid.
2024-11-26 13:49:45.855 +01:00 [INF] Executed ViewResult - view Grid executed in 0.8161ms.
2024-11-26 13:49:45.855 +01:00 [INF] Executed action GalleryNote.Controllers.NoteController.Grid (GalleryNote) in 1.424ms
2024-11-26 13:49:45.855 +01:00 [INF] Executed endpoint 'GalleryNote.Controllers.NoteController.Grid (GalleryNote)'
2024-11-26 13:49:45.855 +01:00 [INF] Request finished HTTP/1.1 GET http://localhost:5272/Note/Grid - 200 null text/html; charset=utf-8 3.6514ms
2024-11-26 13:49:49.485 +01:00 [INF] Request starting HTTP/1.1 GET http://localhost:5272/Note/Create - null null
2024-11-26 13:49:49.488 +01:00 [INF] Executing endpoint 'GalleryNote.Controllers.NoteController.Create (GalleryNote)'
2024-11-26 13:49:49.488 +01:00 [INF] Route matched with {action = "Create", controller = "Note", page = "", area = ""}. Executing controller action with signature Microsoft.AspNetCore.Mvc.IActionResult Create() on controller GalleryNote.Controllers.NoteController (GalleryNote).
2024-11-26 13:49:49.488 +01:00 [INF] Executing ViewResult, running view Create.
2024-11-26 13:49:49.491 +01:00 [INF] Executed ViewResult - view Create executed in 3.1807ms.
2024-11-26 13:49:49.491 +01:00 [INF] Executed action GalleryNote.Controllers.NoteController.Create (GalleryNote) in 3.5632ms
2024-11-26 13:49:49.491 +01:00 [INF] Executed endpoint 'GalleryNote.Controllers.NoteController.Create (GalleryNote)'
2024-11-26 13:49:49.492 +01:00 [INF] Request finished HTTP/1.1 GET http://localhost:5272/Note/Create - 200 null text/html; charset=utf-8 6.327ms
2024-11-26 13:49:53.296 +01:00 [INF] Request starting HTTP/1.1 POST http://localhost:5272/Note/Create - application/x-www-form-urlencoded 247
2024-11-26 13:49:53.299 +01:00 [INF] Executing endpoint 'GalleryNote.Controllers.NoteController.Create (GalleryNote)'
2024-11-26 13:49:53.299 +01:00 [INF] Route matched with {action = "Create", controller = "Note", page = "", area = ""}. Executing controller action with signature System.Threading.Tasks.Task`1[Microsoft.AspNetCore.Mvc.IActionResult] Create(GalleryNote.Models.Note) on controller GalleryNote.Controllers.NoteController (GalleryNote).
2024-11-26 13:49:53.312 +01:00 [INF] Executing RedirectResult, redirecting to /Note/Grid.
2024-11-26 13:49:53.313 +01:00 [INF] Executed action GalleryNote.Controllers.NoteController.Create (GalleryNote) in 12.9411ms
2024-11-26 13:49:53.313 +01:00 [INF] Executed endpoint 'GalleryNote.Controllers.NoteController.Create (GalleryNote)'
2024-11-26 13:49:53.314 +01:00 [INF] Request finished HTTP/1.1 POST http://localhost:5272/Note/Create - 302 0 null 17.5172ms
2024-11-26 13:49:53.320 +01:00 [INF] Request starting HTTP/1.1 GET http://localhost:5272/Note/Grid - null null
2024-11-26 13:49:53.323 +01:00 [INF] Executing endpoint 'GalleryNote.Controllers.NoteController.Grid (GalleryNote)'
2024-11-26 13:49:53.323 +01:00 [INF] Route matched with {action = "Grid", controller = "Note", page = "", area = ""}. Executing controller action with signature System.Threading.Tasks.Task`1[Microsoft.AspNetCore.Mvc.IActionResult] Grid() on controller GalleryNote.Controllers.NoteController (GalleryNote).
2024-11-26 13:49:53.326 +01:00 [INF] Executing ViewResult, running view Grid.
2024-11-26 13:49:53.328 +01:00 [INF] Executed ViewResult - view Grid executed in 2.1106ms.
2024-11-26 13:49:53.328 +01:00 [INF] Executed action GalleryNote.Controllers.NoteController.Grid (GalleryNote) in 4.7705ms
2024-11-26 13:49:53.328 +01:00 [INF] Executed endpoint 'GalleryNote.Controllers.NoteController.Grid (GalleryNote)'
2024-11-26 13:49:53.329 +01:00 [INF] Request finished HTTP/1.1 GET http://localhost:5272/Note/Grid - 200 null text/html; charset=utf-8 8.433ms
2024-11-26 13:53:07.539 +01:00 [INF] Application is shutting down...
