2024-11-27 14:29:47.076 +01:00 [INF] User profile is available. Using 'C:\Users\birko\AppData\Local\ASP.NET\DataProtection-Keys' as key repository and Windows DPAPI to encrypt keys at rest.
2024-11-27 14:29:47.519 +01:00 [INF] Now listening on: http://localhost:5272
2024-11-27 14:29:47.526 +01:00 [INF] Application started. Press Ctrl+C to shut down.
2024-11-27 14:29:47.528 +01:00 [INF] Hosting environment: Development
2024-11-27 14:29:47.528 +01:00 [INF] Content root path: C:\Users\birko\OneDrive - OsloMet\ITPE 3200 - Webapplikasjoner\GalleryNote project\GalleryNote – Kopi
2024-11-27 14:29:51.479 +01:00 [INF] Request starting HTTP/1.1 GET http://localhost:5272/ - null null
2024-11-27 14:29:51.767 +01:00 [INF] Executing endpoint 'GalleryNote.Controllers.HomeController.Index (GalleryNote)'
2024-11-27 14:29:51.803 +01:00 [INF] Route matched with {action = "Index", controller = "Home", page = "", area = ""}. Executing controller action with signature Microsoft.AspNetCore.Mvc.IActionResult Index() on controller GalleryNote.Controllers.HomeController (GalleryNote).
2024-11-27 14:29:51.848 +01:00 [INF] Executing ViewResult, running view Index.
2024-11-27 14:29:52.081 +01:00 [INF] Executed ViewResult - view Index executed in 260.4491ms.
2024-11-27 14:29:52.086 +01:00 [INF] Executed action GalleryNote.Controllers.HomeController.Index (GalleryNote) in 280.1008ms
2024-11-27 14:29:52.087 +01:00 [INF] Executed endpoint 'GalleryNote.Controllers.HomeController.Index (GalleryNote)'
2024-11-27 14:29:52.120 +01:00 [INF] Request finished HTTP/1.1 GET http://localhost:5272/ - 200 null text/html; charset=utf-8 651.1312ms
2024-11-27 14:29:53.568 +01:00 [INF] Request starting HTTP/1.1 GET http://localhost:5272/Image/Grid?active=active - null null
2024-11-27 14:29:53.681 +01:00 [INF] Executing endpoint 'GalleryNote.Controllers.ImageController.Grid (GalleryNote)'
2024-11-27 14:29:53.683 +01:00 [INF] Route matched with {action = "Grid", controller = "Image", page = "", area = ""}. Executing controller action with signature Microsoft.AspNetCore.Mvc.IActionResult Grid() on controller GalleryNote.Controllers.ImageController (GalleryNote).
2024-11-27 14:29:53.932 +01:00 [INF] Executing ViewResult, running view Grid.
2024-11-27 14:29:53.954 +01:00 [INF] Executed ViewResult - view Grid executed in 22.7992ms.
2024-11-27 14:29:53.954 +01:00 [INF] Executed action GalleryNote.Controllers.ImageController.Grid (GalleryNote) in 270.8263ms
2024-11-27 14:29:53.955 +01:00 [INF] Executed endpoint 'GalleryNote.Controllers.ImageController.Grid (GalleryNote)'
2024-11-27 14:29:53.966 +01:00 [INF] Request finished HTTP/1.1 GET http://localhost:5272/Image/Grid?active=active - 200 null text/html; charset=utf-8 398.7668ms
2024-11-27 14:29:53.992 +01:00 [INF] Request starting HTTP/1.1 GET http://localhost:5272/images/1.jpg - null null
2024-11-27 14:29:54.034 +01:00 [INF] Sending file. Request path: '/images/1.jpg'. Physical path: 'C:\Users\birko\OneDrive - OsloMet\ITPE 3200 - Webapplikasjoner\GalleryNote project\GalleryNote – Kopi\wwwroot\images\1.jpg'
2024-11-27 14:29:54.035 +01:00 [INF] Request finished HTTP/1.1 GET http://localhost:5272/images/1.jpg - 200 225303 image/jpeg 42.3091ms
2024-11-27 14:29:56.281 +01:00 [INF] Request starting HTTP/1.1 GET http://localhost:5272/Image/Create - null null
2024-11-27 14:29:56.320 +01:00 [INF] Executing endpoint 'GalleryNote.Controllers.ImageController.Create (GalleryNote)'
2024-11-27 14:29:56.326 +01:00 [INF] Route matched with {action = "Create", controller = "Image", page = "", area = ""}. Executing controller action with signature Microsoft.AspNetCore.Mvc.IActionResult Create() on controller GalleryNote.Controllers.ImageController (GalleryNote).
2024-11-27 14:29:56.328 +01:00 [INF] Executing ViewResult, running view Create.
2024-11-27 14:29:56.382 +01:00 [INF] Executed ViewResult - view Create executed in 54.4007ms.
2024-11-27 14:29:56.382 +01:00 [INF] Executed action GalleryNote.Controllers.ImageController.Create (GalleryNote) in 55.3403ms
2024-11-27 14:29:56.382 +01:00 [INF] Executed endpoint 'GalleryNote.Controllers.ImageController.Create (GalleryNote)'
2024-11-27 14:29:56.382 +01:00 [INF] Request finished HTTP/1.1 GET http://localhost:5272/Image/Create - 200 null text/html; charset=utf-8 101.1123ms
2024-11-27 14:29:58.185 +01:00 [INF] Request starting HTTP/1.1 GET http://localhost:5272/Image/Grid - null null
2024-11-27 14:29:58.189 +01:00 [INF] Executing endpoint 'GalleryNote.Controllers.ImageController.Grid (GalleryNote)'
2024-11-27 14:29:58.189 +01:00 [INF] Route matched with {action = "Grid", controller = "Image", page = "", area = ""}. Executing controller action with signature Microsoft.AspNetCore.Mvc.IActionResult Grid() on controller GalleryNote.Controllers.ImageController (GalleryNote).
2024-11-27 14:29:58.197 +01:00 [INF] Executing ViewResult, running view Grid.
2024-11-27 14:29:58.202 +01:00 [INF] Executed ViewResult - view Grid executed in 5.5422ms.
2024-11-27 14:29:58.203 +01:00 [INF] Executed action GalleryNote.Controllers.ImageController.Grid (GalleryNote) in 12.9686ms
2024-11-27 14:29:58.203 +01:00 [INF] Executed endpoint 'GalleryNote.Controllers.ImageController.Grid (GalleryNote)'
2024-11-27 14:29:58.204 +01:00 [INF] Request finished HTTP/1.1 GET http://localhost:5272/Image/Grid - 200 null text/html; charset=utf-8 19.7533ms
2024-11-27 14:30:00.414 +01:00 [INF] Request starting HTTP/1.1 POST http://localhost:5272/Identity/Account/Logout?returnUrl=%2F - application/x-www-form-urlencoded 225
2024-11-27 14:30:00.424 +01:00 [INF] Executing endpoint '/Account/Logout'
2024-11-27 14:30:00.454 +01:00 [INF] Route matched with {page = "/Account/Logout", area = "Identity", action = "", controller = ""}. Executing page /Account/Logout
2024-11-27 14:30:00.495 +01:00 [INF] Executing handler method GalleryNote.Areas.Identity.Pages.Account.LogoutModel.OnPost - ModelState is "Valid"
2024-11-27 14:30:00.505 +01:00 [INF] AuthenticationScheme: Identity.Application signed out.
2024-11-27 14:30:00.508 +01:00 [INF] AuthenticationScheme: Identity.External signed out.
2024-11-27 14:30:00.509 +01:00 [INF] AuthenticationScheme: Identity.TwoFactorUserId signed out.
2024-11-27 14:30:00.509 +01:00 [INF] User logged out.
2024-11-27 14:30:00.510 +01:00 [INF] Executed handler method OnPost, returned result Microsoft.AspNetCore.Mvc.LocalRedirectResult.
2024-11-27 14:30:00.512 +01:00 [INF] Executing LocalRedirectResult, redirecting to /.
2024-11-27 14:30:00.512 +01:00 [INF] Executed page /Account/Logout in 56.7687ms
2024-11-27 14:30:00.512 +01:00 [INF] Executed endpoint '/Account/Logout'
2024-11-27 14:30:00.513 +01:00 [INF] Request finished HTTP/1.1 POST http://localhost:5272/Identity/Account/Logout?returnUrl=%2F - 302 0 null 98.6181ms
2024-11-27 14:30:00.516 +01:00 [INF] Request starting HTTP/1.1 GET http://localhost:5272/ - null null
2024-11-27 14:30:00.517 +01:00 [INF] Executing endpoint 'GalleryNote.Controllers.HomeController.Index (GalleryNote)'
2024-11-27 14:30:00.517 +01:00 [INF] Route matched with {action = "Index", controller = "Home", page = "", area = ""}. Executing controller action with signature Microsoft.AspNetCore.Mvc.IActionResult Index() on controller GalleryNote.Controllers.HomeController (GalleryNote).
2024-11-27 14:30:00.518 +01:00 [INF] Executing ViewResult, running view Index.
2024-11-27 14:30:00.526 +01:00 [INF] Executed ViewResult - view Index executed in 8.1249ms.
2024-11-27 14:30:00.526 +01:00 [INF] Executed action GalleryNote.Controllers.HomeController.Index (GalleryNote) in 8.9688ms
2024-11-27 14:30:00.526 +01:00 [INF] Executed endpoint 'GalleryNote.Controllers.HomeController.Index (GalleryNote)'
2024-11-27 14:30:00.526 +01:00 [INF] Request finished HTTP/1.1 GET http://localhost:5272/ - 200 null text/html; charset=utf-8 10.2407ms
2024-11-27 14:30:01.539 +01:00 [INF] Request starting HTTP/1.1 GET http://localhost:5272/Identity/Account/Login - null null
2024-11-27 14:30:01.544 +01:00 [INF] Executing endpoint '/Account/Login'
2024-11-27 14:30:01.558 +01:00 [INF] Route matched with {page = "/Account/Login", area = "Identity", action = "", controller = ""}. Executing page /Account/Login
2024-11-27 14:30:01.562 +01:00 [INF] Executing handler method GalleryNote.Areas.Identity.Pages.Account.LoginModel.OnGetAsync - ModelState is "Valid"
2024-11-27 14:30:01.563 +01:00 [INF] AuthenticationScheme: Identity.External signed out.
2024-11-27 14:30:01.564 +01:00 [INF] Executed handler method OnGetAsync, returned result .
2024-11-27 14:30:01.566 +01:00 [INF] Executing an implicit handler method - ModelState is "Valid"
2024-11-27 14:30:01.566 +01:00 [INF] Executed an implicit handler method, returned result Microsoft.AspNetCore.Mvc.RazorPages.PageResult.
2024-11-27 14:30:01.633 +01:00 [INF] Executed page /Account/Login in 74.5785ms
2024-11-27 14:30:01.633 +01:00 [INF] Executed endpoint '/Account/Login'
2024-11-27 14:30:01.634 +01:00 [INF] Request finished HTTP/1.1 GET http://localhost:5272/Identity/Account/Login - 200 null text/html; charset=utf-8 94.2551ms
2024-11-27 14:30:01.669 +01:00 [INF] Request starting HTTP/1.1 GET http://localhost:5272/lib/jquery-validation/dist/jquery.validate.min.js - null null
2024-11-27 14:30:01.671 +01:00 [INF] Request finished HTTP/1.1 GET http://localhost:5272/lib/jquery-validation/dist/jquery.validate.min.js - 404 0 null 2.3774ms
2024-11-27 14:30:01.672 +01:00 [INF] Request reached the end of the middleware pipeline without being handled by application code. Request path: GET http://localhost:5272/lib/jquery-validation/dist/jquery.validate.min.js, Response status code: 404
2024-11-27 14:30:01.677 +01:00 [INF] Request starting HTTP/1.1 GET http://localhost:5272/lib/jquery-validation-unobtrusive/jquery.validate.unobtrusive.min.js - null null
2024-11-27 14:30:01.679 +01:00 [INF] Request finished HTTP/1.1 GET http://localhost:5272/lib/jquery-validation-unobtrusive/jquery.validate.unobtrusive.min.js - 404 0 null 1.6239ms
2024-11-27 14:30:01.679 +01:00 [INF] Request reached the end of the middleware pipeline without being handled by application code. Request path: GET http://localhost:5272/lib/jquery-validation-unobtrusive/jquery.validate.unobtrusive.min.js, Response status code: 404
2024-11-27 14:30:08.864 +01:00 [INF] Request starting HTTP/1.1 POST http://localhost:5272/Identity/Account/Login - application/x-www-form-urlencoded 266
2024-11-27 14:30:08.864 +01:00 [INF] Executing endpoint '/Account/Login'
2024-11-27 14:30:08.866 +01:00 [INF] Route matched with {page = "/Account/Login", area = "Identity", action = "", controller = ""}. Executing page /Account/Login
2024-11-27 14:30:08.890 +01:00 [INF] Executing handler method GalleryNote.Areas.Identity.Pages.Account.LoginModel.OnPostAsync - ModelState is "Valid"
2024-11-27 14:30:09.257 +01:00 [INF] AuthenticationScheme: Identity.Application signed in.
2024-11-27 14:30:09.257 +01:00 [INF] User logged in.
2024-11-27 14:30:09.258 +01:00 [INF] Executed handler method OnPostAsync, returned result Microsoft.AspNetCore.Mvc.LocalRedirectResult.
2024-11-27 14:30:09.258 +01:00 [INF] Executing LocalRedirectResult, redirecting to /.
2024-11-27 14:30:09.258 +01:00 [INF] Executed page /Account/Login in 392.2371ms
2024-11-27 14:30:09.258 +01:00 [INF] Executed endpoint '/Account/Login'
2024-11-27 14:30:09.260 +01:00 [INF] Request finished HTTP/1.1 POST http://localhost:5272/Identity/Account/Login - 302 0 null 395.8926ms
2024-11-27 14:30:09.261 +01:00 [INF] Request starting HTTP/1.1 GET http://localhost:5272/ - null null
2024-11-27 14:30:09.263 +01:00 [INF] Executing endpoint 'GalleryNote.Controllers.HomeController.Index (GalleryNote)'
2024-11-27 14:30:09.263 +01:00 [INF] Route matched with {action = "Index", controller = "Home", page = "", area = ""}. Executing controller action with signature Microsoft.AspNetCore.Mvc.IActionResult Index() on controller GalleryNote.Controllers.HomeController (GalleryNote).
2024-11-27 14:30:09.264 +01:00 [INF] Executing ViewResult, running view Index.
2024-11-27 14:30:09.265 +01:00 [INF] Executed ViewResult - view Index executed in 1.7644ms.
2024-11-27 14:30:09.266 +01:00 [INF] Executed action GalleryNote.Controllers.HomeController.Index (GalleryNote) in 2.2025ms
2024-11-27 14:30:09.266 +01:00 [INF] Executed endpoint 'GalleryNote.Controllers.HomeController.Index (GalleryNote)'
2024-11-27 14:30:09.266 +01:00 [INF] Request finished HTTP/1.1 GET http://localhost:5272/ - 200 null text/html; charset=utf-8 4.7155ms
2024-11-27 14:30:10.647 +01:00 [INF] Request starting HTTP/1.1 GET http://localhost:5272/Image/Grid?active=active - null null
2024-11-27 14:30:10.653 +01:00 [INF] Executing endpoint 'GalleryNote.Controllers.ImageController.Grid (GalleryNote)'
2024-11-27 14:30:10.653 +01:00 [INF] Route matched with {action = "Grid", controller = "Image", page = "", area = ""}. Executing controller action with signature Microsoft.AspNetCore.Mvc.IActionResult Grid() on controller GalleryNote.Controllers.ImageController (GalleryNote).
2024-11-27 14:30:10.656 +01:00 [INF] Executing ViewResult, running view Grid.
2024-11-27 14:30:10.660 +01:00 [INF] Executed ViewResult - view Grid executed in 3.8715ms.
2024-11-27 14:30:10.660 +01:00 [INF] Executed action GalleryNote.Controllers.ImageController.Grid (GalleryNote) in 6.9025ms
2024-11-27 14:30:10.660 +01:00 [INF] Executed endpoint 'GalleryNote.Controllers.ImageController.Grid (GalleryNote)'
2024-11-27 14:30:10.661 +01:00 [INF] Request finished HTTP/1.1 GET http://localhost:5272/Image/Grid?active=active - 200 null text/html; charset=utf-8 13.818ms
2024-11-27 14:30:10.692 +01:00 [INF] Request starting HTTP/1.1 GET http://localhost:5272/images/1.jpg - null null
2024-11-27 14:30:10.693 +01:00 [INF] The file /images/1.jpg was not modified
2024-11-27 14:30:10.694 +01:00 [INF] Request finished HTTP/1.1 GET http://localhost:5272/images/1.jpg - 304 null image/jpeg 1.9486ms
2024-11-27 14:30:12.104 +01:00 [INF] Request starting HTTP/1.1 GET http://localhost:5272/Image/Update/7 - null null
2024-11-27 14:30:12.110 +01:00 [INF] Executing endpoint 'GalleryNote.Controllers.ImageController.Update (GalleryNote)'
2024-11-27 14:30:12.113 +01:00 [INF] Route matched with {action = "Update", controller = "Image", page = "", area = ""}. Executing controller action with signature Microsoft.AspNetCore.Mvc.IActionResult Update(Int32) on controller GalleryNote.Controllers.ImageController (GalleryNote).
2024-11-27 14:30:12.134 +01:00 [INF] Executing ViewResult, running view Update.
2024-11-27 14:30:12.170 +01:00 [INF] Executed ViewResult - view Update executed in 38.5894ms.
2024-11-27 14:30:12.171 +01:00 [INF] Executed action GalleryNote.Controllers.ImageController.Update (GalleryNote) in 57.8104ms
2024-11-27 14:30:12.171 +01:00 [INF] Executed endpoint 'GalleryNote.Controllers.ImageController.Update (GalleryNote)'
2024-11-27 14:30:12.171 +01:00 [INF] Request finished HTTP/1.1 GET http://localhost:5272/Image/Update/7 - 200 null text/html; charset=utf-8 66.7934ms
2024-11-27 14:30:15.876 +01:00 [INF] Request starting HTTP/1.1 POST http://localhost:5272/Image/Update/7 - application/x-www-form-urlencoded 317
2024-11-27 14:30:15.878 +01:00 [INF] Executing endpoint 'GalleryNote.Controllers.ImageController.Update (GalleryNote)'
2024-11-27 14:30:15.893 +01:00 [INF] Route matched with {action = "Update", controller = "Image", page = "", area = ""}. Executing controller action with signature System.Threading.Tasks.Task`1[Microsoft.AspNetCore.Mvc.IActionResult] Update(GalleryNote.Models.Image, Microsoft.AspNetCore.Http.IFormFile) on controller GalleryNote.Controllers.ImageController (GalleryNote).
2024-11-27 14:30:15.930 +01:00 [INF] Executing ViewResult, running view Update.
2024-11-27 14:30:15.937 +01:00 [INF] Executed ViewResult - view Update executed in 6.7904ms.
2024-11-27 14:30:15.937 +01:00 [INF] Executed action GalleryNote.Controllers.ImageController.Update (GalleryNote) in 43.5909ms
2024-11-27 14:30:15.937 +01:00 [INF] Executed endpoint 'GalleryNote.Controllers.ImageController.Update (GalleryNote)'
2024-11-27 14:30:15.938 +01:00 [INF] Request finished HTTP/1.1 POST http://localhost:5272/Image/Update/7 - 200 null text/html; charset=utf-8 61.4182ms
2024-11-27 14:30:16.502 +01:00 [INF] Request starting HTTP/1.1 POST http://localhost:5272/Image/Update/7 - application/x-www-form-urlencoded 317
2024-11-27 14:30:16.504 +01:00 [INF] Executing endpoint 'GalleryNote.Controllers.ImageController.Update (GalleryNote)'
2024-11-27 14:30:16.505 +01:00 [INF] Route matched with {action = "Update", controller = "Image", page = "", area = ""}. Executing controller action with signature System.Threading.Tasks.Task`1[Microsoft.AspNetCore.Mvc.IActionResult] Update(GalleryNote.Models.Image, Microsoft.AspNetCore.Http.IFormFile) on controller GalleryNote.Controllers.ImageController (GalleryNote).
2024-11-27 14:30:16.511 +01:00 [INF] Executing ViewResult, running view Update.
2024-11-27 14:30:16.512 +01:00 [INF] Executed ViewResult - view Update executed in 1.7774ms.
2024-11-27 14:30:16.513 +01:00 [INF] Executed action GalleryNote.Controllers.ImageController.Update (GalleryNote) in 7.8419ms
2024-11-27 14:30:16.513 +01:00 [INF] Executed endpoint 'GalleryNote.Controllers.ImageController.Update (GalleryNote)'
2024-11-27 14:30:16.514 +01:00 [INF] Request finished HTTP/1.1 POST http://localhost:5272/Image/Update/7 - 200 null text/html; charset=utf-8 11.4657ms
2024-11-27 14:30:16.653 +01:00 [INF] Request starting HTTP/1.1 POST http://localhost:5272/Image/Update/7 - application/x-www-form-urlencoded 317
2024-11-27 14:30:16.655 +01:00 [INF] Executing endpoint 'GalleryNote.Controllers.ImageController.Update (GalleryNote)'
2024-11-27 14:30:16.655 +01:00 [INF] Route matched with {action = "Update", controller = "Image", page = "", area = ""}. Executing controller action with signature System.Threading.Tasks.Task`1[Microsoft.AspNetCore.Mvc.IActionResult] Update(GalleryNote.Models.Image, Microsoft.AspNetCore.Http.IFormFile) on controller GalleryNote.Controllers.ImageController (GalleryNote).
2024-11-27 14:30:16.657 +01:00 [INF] Executing ViewResult, running view Update.
2024-11-27 14:30:16.658 +01:00 [INF] Executed ViewResult - view Update executed in 1.2505ms.
2024-11-27 14:30:16.658 +01:00 [INF] Executed action GalleryNote.Controllers.ImageController.Update (GalleryNote) in 2.6494ms
2024-11-27 14:30:16.658 +01:00 [INF] Executed endpoint 'GalleryNote.Controllers.ImageController.Update (GalleryNote)'
2024-11-27 14:30:16.658 +01:00 [INF] Request finished HTTP/1.1 POST http://localhost:5272/Image/Update/7 - 200 null text/html; charset=utf-8 5.1115ms
2024-11-27 14:30:16.793 +01:00 [INF] Request starting HTTP/1.1 POST http://localhost:5272/Image/Update/7 - application/x-www-form-urlencoded 317
2024-11-27 14:30:16.798 +01:00 [INF] Executing endpoint 'GalleryNote.Controllers.ImageController.Update (GalleryNote)'
2024-11-27 14:30:16.798 +01:00 [INF] Route matched with {action = "Update", controller = "Image", page = "", area = ""}. Executing controller action with signature System.Threading.Tasks.Task`1[Microsoft.AspNetCore.Mvc.IActionResult] Update(GalleryNote.Models.Image, Microsoft.AspNetCore.Http.IFormFile) on controller GalleryNote.Controllers.ImageController (GalleryNote).
2024-11-27 14:30:16.802 +01:00 [INF] Executing ViewResult, running view Update.
2024-11-27 14:30:16.804 +01:00 [INF] Executed ViewResult - view Update executed in 2.0553ms.
2024-11-27 14:30:16.804 +01:00 [INF] Executed action GalleryNote.Controllers.ImageController.Update (GalleryNote) in 5.3618ms
2024-11-27 14:30:16.804 +01:00 [INF] Executed endpoint 'GalleryNote.Controllers.ImageController.Update (GalleryNote)'
2024-11-27 14:30:16.805 +01:00 [INF] Request finished HTTP/1.1 POST http://localhost:5272/Image/Update/7 - 200 null text/html; charset=utf-8 11.6018ms
2024-11-27 14:30:16.931 +01:00 [INF] Request starting HTTP/1.1 POST http://localhost:5272/Image/Update/7 - application/x-www-form-urlencoded 317
2024-11-27 14:30:16.934 +01:00 [INF] Executing endpoint 'GalleryNote.Controllers.ImageController.Update (GalleryNote)'
2024-11-27 14:30:16.934 +01:00 [INF] Route matched with {action = "Update", controller = "Image", page = "", area = ""}. Executing controller action with signature System.Threading.Tasks.Task`1[Microsoft.AspNetCore.Mvc.IActionResult] Update(GalleryNote.Models.Image, Microsoft.AspNetCore.Http.IFormFile) on controller GalleryNote.Controllers.ImageController (GalleryNote).
2024-11-27 14:30:16.937 +01:00 [INF] Executing ViewResult, running view Update.
2024-11-27 14:30:16.939 +01:00 [INF] Executed ViewResult - view Update executed in 2.6741ms.
2024-11-27 14:30:16.939 +01:00 [INF] Executed action GalleryNote.Controllers.ImageController.Update (GalleryNote) in 5.3189ms
2024-11-27 14:30:16.940 +01:00 [INF] Executed endpoint 'GalleryNote.Controllers.ImageController.Update (GalleryNote)'
2024-11-27 14:30:16.940 +01:00 [INF] Request finished HTTP/1.1 POST http://localhost:5272/Image/Update/7 - 200 null text/html; charset=utf-8 8.9587ms
2024-11-27 14:30:17.068 +01:00 [INF] Request starting HTTP/1.1 POST http://localhost:5272/Image/Update/7 - application/x-www-form-urlencoded 317
2024-11-27 14:30:17.071 +01:00 [INF] Executing endpoint 'GalleryNote.Controllers.ImageController.Update (GalleryNote)'
2024-11-27 14:30:17.071 +01:00 [INF] Route matched with {action = "Update", controller = "Image", page = "", area = ""}. Executing controller action with signature System.Threading.Tasks.Task`1[Microsoft.AspNetCore.Mvc.IActionResult] Update(GalleryNote.Models.Image, Microsoft.AspNetCore.Http.IFormFile) on controller GalleryNote.Controllers.ImageController (GalleryNote).
2024-11-27 14:30:17.074 +01:00 [INF] Executing ViewResult, running view Update.
2024-11-27 14:30:17.081 +01:00 [INF] Executed ViewResult - view Update executed in 7.4502ms.
2024-11-27 14:30:17.082 +01:00 [INF] Executed action GalleryNote.Controllers.ImageController.Update (GalleryNote) in 9.9478ms
2024-11-27 14:30:17.082 +01:00 [INF] Executed endpoint 'GalleryNote.Controllers.ImageController.Update (GalleryNote)'
2024-11-27 14:30:17.082 +01:00 [INF] Request finished HTTP/1.1 POST http://localhost:5272/Image/Update/7 - 200 null text/html; charset=utf-8 14.3754ms
2024-11-27 14:30:17.207 +01:00 [INF] Request starting HTTP/1.1 POST http://localhost:5272/Image/Update/7 - application/x-www-form-urlencoded 317
2024-11-27 14:30:17.210 +01:00 [INF] Executing endpoint 'GalleryNote.Controllers.ImageController.Update (GalleryNote)'
2024-11-27 14:30:17.210 +01:00 [INF] Route matched with {action = "Update", controller = "Image", page = "", area = ""}. Executing controller action with signature System.Threading.Tasks.Task`1[Microsoft.AspNetCore.Mvc.IActionResult] Update(GalleryNote.Models.Image, Microsoft.AspNetCore.Http.IFormFile) on controller GalleryNote.Controllers.ImageController (GalleryNote).
2024-11-27 14:30:17.214 +01:00 [INF] Executing ViewResult, running view Update.
2024-11-27 14:30:17.216 +01:00 [INF] Executed ViewResult - view Update executed in 1.9106ms.
2024-11-27 14:30:17.217 +01:00 [INF] Executed action GalleryNote.Controllers.ImageController.Update (GalleryNote) in 6.4435ms
2024-11-27 14:30:17.217 +01:00 [INF] Executed endpoint 'GalleryNote.Controllers.ImageController.Update (GalleryNote)'
2024-11-27 14:30:17.217 +01:00 [INF] Request finished HTTP/1.1 POST http://localhost:5272/Image/Update/7 - 200 null text/html; charset=utf-8 9.8058ms
2024-11-27 14:30:17.342 +01:00 [INF] Request starting HTTP/1.1 POST http://localhost:5272/Image/Update/7 - application/x-www-form-urlencoded 317
2024-11-27 14:30:17.344 +01:00 [INF] Executing endpoint 'GalleryNote.Controllers.ImageController.Update (GalleryNote)'
2024-11-27 14:30:17.345 +01:00 [INF] Route matched with {action = "Update", controller = "Image", page = "", area = ""}. Executing controller action with signature System.Threading.Tasks.Task`1[Microsoft.AspNetCore.Mvc.IActionResult] Update(GalleryNote.Models.Image, Microsoft.AspNetCore.Http.IFormFile) on controller GalleryNote.Controllers.ImageController (GalleryNote).
2024-11-27 14:30:17.349 +01:00 [INF] Executing ViewResult, running view Update.
2024-11-27 14:30:17.352 +01:00 [INF] Executed ViewResult - view Update executed in 3.3234ms.
2024-11-27 14:30:17.353 +01:00 [INF] Executed action GalleryNote.Controllers.ImageController.Update (GalleryNote) in 7.5075ms
2024-11-27 14:30:17.353 +01:00 [INF] Executed endpoint 'GalleryNote.Controllers.ImageController.Update (GalleryNote)'
2024-11-27 14:30:17.353 +01:00 [INF] Request finished HTTP/1.1 POST http://localhost:5272/Image/Update/7 - 200 null text/html; charset=utf-8 11.7079ms
2024-11-27 14:30:17.496 +01:00 [INF] Request starting HTTP/1.1 POST http://localhost:5272/Image/Update/7 - application/x-www-form-urlencoded 317
2024-11-27 14:30:17.500 +01:00 [INF] Executing endpoint 'GalleryNote.Controllers.ImageController.Update (GalleryNote)'
2024-11-27 14:30:17.500 +01:00 [INF] Route matched with {action = "Update", controller = "Image", page = "", area = ""}. Executing controller action with signature System.Threading.Tasks.Task`1[Microsoft.AspNetCore.Mvc.IActionResult] Update(GalleryNote.Models.Image, Microsoft.AspNetCore.Http.IFormFile) on controller GalleryNote.Controllers.ImageController (GalleryNote).
2024-11-27 14:30:17.503 +01:00 [INF] Executing ViewResult, running view Update.
2024-11-27 14:30:17.505 +01:00 [INF] Executed ViewResult - view Update executed in 2.014ms.
2024-11-27 14:30:17.505 +01:00 [INF] Executed action GalleryNote.Controllers.ImageController.Update (GalleryNote) in 4.9947ms
2024-11-27 14:30:17.505 +01:00 [INF] Executed endpoint 'GalleryNote.Controllers.ImageController.Update (GalleryNote)'
2024-11-27 14:30:17.506 +01:00 [INF] Request finished HTTP/1.1 POST http://localhost:5272/Image/Update/7 - 200 null text/html; charset=utf-8 10.0408ms
2024-11-27 14:30:17.768 +01:00 [INF] Request starting HTTP/1.1 POST http://localhost:5272/Image/Update/7 - application/x-www-form-urlencoded 317
2024-11-27 14:30:17.771 +01:00 [INF] Executing endpoint 'GalleryNote.Controllers.ImageController.Update (GalleryNote)'
2024-11-27 14:30:17.772 +01:00 [INF] Route matched with {action = "Update", controller = "Image", page = "", area = ""}. Executing controller action with signature System.Threading.Tasks.Task`1[Microsoft.AspNetCore.Mvc.IActionResult] Update(GalleryNote.Models.Image, Microsoft.AspNetCore.Http.IFormFile) on controller GalleryNote.Controllers.ImageController (GalleryNote).
2024-11-27 14:30:17.776 +01:00 [INF] Executing ViewResult, running view Update.
2024-11-27 14:30:17.778 +01:00 [INF] Executed ViewResult - view Update executed in 2.7151ms.
2024-11-27 14:30:17.778 +01:00 [INF] Executed action GalleryNote.Controllers.ImageController.Update (GalleryNote) in 6.7098ms
2024-11-27 14:30:17.779 +01:00 [INF] Executed endpoint 'GalleryNote.Controllers.ImageController.Update (GalleryNote)'
2024-11-27 14:30:17.779 +01:00 [INF] Request finished HTTP/1.1 POST http://localhost:5272/Image/Update/7 - 200 null text/html; charset=utf-8 11.1128ms
2024-11-27 14:30:17.921 +01:00 [INF] Request starting HTTP/1.1 POST http://localhost:5272/Image/Update/7 - application/x-www-form-urlencoded 317
2024-11-27 14:30:17.925 +01:00 [INF] Executing endpoint 'GalleryNote.Controllers.ImageController.Update (GalleryNote)'
2024-11-27 14:30:17.925 +01:00 [INF] Route matched with {action = "Update", controller = "Image", page = "", area = ""}. Executing controller action with signature System.Threading.Tasks.Task`1[Microsoft.AspNetCore.Mvc.IActionResult] Update(GalleryNote.Models.Image, Microsoft.AspNetCore.Http.IFormFile) on controller GalleryNote.Controllers.ImageController (GalleryNote).
2024-11-27 14:30:17.933 +01:00 [INF] Executing ViewResult, running view Update.
2024-11-27 14:30:17.936 +01:00 [INF] Executed ViewResult - view Update executed in 3.2626ms.
2024-11-27 14:30:17.936 +01:00 [INF] Executed action GalleryNote.Controllers.ImageController.Update (GalleryNote) in 10.9864ms
2024-11-27 14:30:17.936 +01:00 [INF] Executed endpoint 'GalleryNote.Controllers.ImageController.Update (GalleryNote)'
2024-11-27 14:30:17.937 +01:00 [INF] Request finished HTTP/1.1 POST http://localhost:5272/Image/Update/7 - 200 null text/html; charset=utf-8 15.8211ms
2024-11-27 14:33:42.043 +01:00 [INF] Application is shutting down...
