2024-11-09 14:31:39.976 +01:00 [INF] User profile is available. Using 'C:\Users\birko\AppData\Local\ASP.NET\DataProtection-Keys' as key repository and Windows DPAPI to encrypt keys at rest.
2024-11-09 14:31:40.318 +01:00 [INF] Now listening on: http://localhost:5272
2024-11-09 14:31:40.324 +01:00 [INF] Application started. Press Ctrl+C to shut down.
2024-11-09 14:31:40.326 +01:00 [INF] Hosting environment: Development
2024-11-09 14:31:40.326 +01:00 [INF] Content root path: C:\Users\birko\OneDrive - OsloMet\ITPE 3200 - Webapplikasjoner\GalleryNote project\GalleryNote – Kopi
2024-11-09 14:31:43.139 +01:00 [INF] Request starting HTTP/1.1 GET http://localhost:5272/ - null null
2024-11-09 14:31:43.265 +01:00 [INF] Executing endpoint 'GalleryNote.Controllers.HomeController.Index (GalleryNote)'
2024-11-09 14:31:43.281 +01:00 [INF] Route matched with {action = "Index", controller = "Home", page = "", area = ""}. Executing controller action with signature Microsoft.AspNetCore.Mvc.IActionResult Index() on controller GalleryNote.Controllers.HomeController (GalleryNote).
2024-11-09 14:31:43.297 +01:00 [INF] Executing ViewResult, running view Index.
2024-11-09 14:31:43.430 +01:00 [INF] Executed ViewResult - view Index executed in 133.7374ms.
2024-11-09 14:31:43.438 +01:00 [INF] Executed action GalleryNote.Controllers.HomeController.Index (GalleryNote) in 155.6612ms
2024-11-09 14:31:43.439 +01:00 [INF] Executed endpoint 'GalleryNote.Controllers.HomeController.Index (GalleryNote)'
2024-11-09 14:31:43.451 +01:00 [INF] Request finished HTTP/1.1 GET http://localhost:5272/ - 200 null text/html; charset=utf-8 315.5095ms
2024-11-09 14:31:45.224 +01:00 [INF] Request starting HTTP/1.1 GET http://localhost:5272/Identity/Account/Register - null null
2024-11-09 14:31:45.228 +01:00 [INF] Executing endpoint '/Account/Register'
2024-11-09 14:31:45.267 +01:00 [INF] Route matched with {page = "/Account/Register", area = "Identity", action = "", controller = ""}. Executing page /Account/Register
2024-11-09 14:31:45.294 +01:00 [INF] Executing handler method GalleryNote.Areas.Identity.Pages.Account.RegisterModel.OnGetAsync - ModelState is "Valid"
2024-11-09 14:31:45.298 +01:00 [INF] Executed handler method OnGetAsync, returned result .
2024-11-09 14:31:45.301 +01:00 [INF] Executing an implicit handler method - ModelState is "Valid"
2024-11-09 14:31:45.302 +01:00 [INF] Executed an implicit handler method, returned result Microsoft.AspNetCore.Mvc.RazorPages.PageResult.
2024-11-09 14:31:45.361 +01:00 [INF] Executed page /Account/Register in 93.3421ms
2024-11-09 14:31:45.361 +01:00 [INF] Executed endpoint '/Account/Register'
2024-11-09 14:31:45.362 +01:00 [INF] Request finished HTTP/1.1 GET http://localhost:5272/Identity/Account/Register - 200 null text/html; charset=utf-8 137.6507ms
2024-11-09 14:31:45.387 +01:00 [INF] Request starting HTTP/1.1 GET http://localhost:5272/lib/jquery-validation/dist/jquery.validate.min.js - null null
2024-11-09 14:31:45.390 +01:00 [INF] Request starting HTTP/1.1 GET http://localhost:5272/lib/jquery-validation-unobtrusive/jquery.validate.unobtrusive.min.js - null null
2024-11-09 14:31:45.395 +01:00 [INF] Request finished HTTP/1.1 GET http://localhost:5272/lib/jquery-validation-unobtrusive/jquery.validate.unobtrusive.min.js - 404 0 null 4.6941ms
2024-11-09 14:31:45.395 +01:00 [INF] Request finished HTTP/1.1 GET http://localhost:5272/lib/jquery-validation/dist/jquery.validate.min.js - 404 0 null 7.5468ms
2024-11-09 14:31:45.397 +01:00 [INF] Request reached the end of the middleware pipeline without being handled by application code. Request path: GET http://localhost:5272/lib/jquery-validation/dist/jquery.validate.min.js, Response status code: 404
2024-11-09 14:31:45.397 +01:00 [INF] Request reached the end of the middleware pipeline without being handled by application code. Request path: GET http://localhost:5272/lib/jquery-validation-unobtrusive/jquery.validate.unobtrusive.min.js, Response status code: 404
2024-11-09 14:32:08.407 +01:00 [INF] Request starting HTTP/1.1 GET http://localhost:5272/Identity/Account/Register - null null
2024-11-09 14:32:08.415 +01:00 [INF] Executing endpoint '/Account/Register'
2024-11-09 14:32:08.416 +01:00 [INF] Route matched with {page = "/Account/Register", area = "Identity", action = "", controller = ""}. Executing page /Account/Register
2024-11-09 14:32:08.429 +01:00 [INF] Executing handler method GalleryNote.Areas.Identity.Pages.Account.RegisterModel.OnGetAsync - ModelState is "Valid"
2024-11-09 14:32:08.429 +01:00 [INF] Executed handler method OnGetAsync, returned result .
2024-11-09 14:32:08.429 +01:00 [INF] Executing an implicit handler method - ModelState is "Valid"
2024-11-09 14:32:08.429 +01:00 [INF] Executed an implicit handler method, returned result Microsoft.AspNetCore.Mvc.RazorPages.PageResult.
2024-11-09 14:32:08.433 +01:00 [INF] Executed page /Account/Register in 16.668ms
2024-11-09 14:32:08.433 +01:00 [INF] Executed endpoint '/Account/Register'
2024-11-09 14:32:08.433 +01:00 [INF] Request finished HTTP/1.1 GET http://localhost:5272/Identity/Account/Register - 200 null text/html; charset=utf-8 26.5179ms
2024-11-09 14:32:08.524 +01:00 [INF] Request starting HTTP/1.1 GET http://localhost:5272/lib/jquery-validation-unobtrusive/jquery.validate.unobtrusive.min.js - null null
2024-11-09 14:32:08.524 +01:00 [INF] Request starting HTTP/1.1 GET http://localhost:5272/lib/jquery-validation/dist/jquery.validate.min.js - null null
2024-11-09 14:32:08.527 +01:00 [INF] Request finished HTTP/1.1 GET http://localhost:5272/lib/jquery-validation-unobtrusive/jquery.validate.unobtrusive.min.js - 404 0 null 3.4127ms
2024-11-09 14:32:08.527 +01:00 [INF] Request finished HTTP/1.1 GET http://localhost:5272/lib/jquery-validation/dist/jquery.validate.min.js - 404 0 null 3.5012ms
2024-11-09 14:32:08.528 +01:00 [INF] Request reached the end of the middleware pipeline without being handled by application code. Request path: GET http://localhost:5272/lib/jquery-validation/dist/jquery.validate.min.js, Response status code: 404
2024-11-09 14:32:08.528 +01:00 [INF] Request reached the end of the middleware pipeline without being handled by application code. Request path: GET http://localhost:5272/lib/jquery-validation-unobtrusive/jquery.validate.unobtrusive.min.js, Response status code: 404
2024-11-09 14:33:11.213 +01:00 [INF] Application is shutting down...
