2024-11-30 14:50:15.478 +01:00 [INF] User profile is available. Using 'C:\Users\birko\AppData\Local\ASP.NET\DataProtection-Keys' as key repository and Windows DPAPI to encrypt keys at rest.
2024-11-30 14:50:16.029 +01:00 [INF] Now listening on: http://localhost:5272
2024-11-30 14:50:16.041 +01:00 [INF] Application started. Press Ctrl+C to shut down.
2024-11-30 14:50:16.043 +01:00 [INF] Hosting environment: Development
2024-11-30 14:50:16.044 +01:00 [INF] Content root path: C:\Users\birko\OneDrive - OsloMet\ITPE 3200 - Webapplikasjoner\eksamen\GalleryNote
2024-11-30 14:50:19.306 +01:00 [INF] Request starting HTTP/1.1 GET http://localhost:5272/ - null null
2024-11-30 14:50:19.466 +01:00 [INF] Executing endpoint 'GalleryNote.Controllers.HomeController.Index (GalleryNote)'
2024-11-30 14:50:19.490 +01:00 [INF] Route matched with {action = "Index", controller = "Home", page = "", area = ""}. Executing controller action with signature Microsoft.AspNetCore.Mvc.IActionResult Index() on controller GalleryNote.Controllers.HomeController (GalleryNote).
2024-11-30 14:50:19.515 +01:00 [INF] Executing ViewResult, running view Index.
2024-11-30 14:50:19.676 +01:00 [INF] Executed ViewResult - view Index executed in 176.0614ms.
2024-11-30 14:50:19.679 +01:00 [INF] Executed action GalleryNote.Controllers.HomeController.Index (GalleryNote) in 187.8305ms
2024-11-30 14:50:19.680 +01:00 [INF] Executed endpoint 'GalleryNote.Controllers.HomeController.Index (GalleryNote)'
2024-11-30 14:50:19.697 +01:00 [INF] Request finished HTTP/1.1 GET http://localhost:5272/ - 200 null text/html; charset=utf-8 401.7251ms
2024-11-30 14:50:23.852 +01:00 [INF] Request starting HTTP/1.1 GET http://localhost:5272/Home/Upload?active=active - null null
2024-11-30 14:50:24.006 +01:00 [INF] Executing endpoint 'GalleryNote.Controllers.HomeController.Upload (GalleryNote)'
2024-11-30 14:50:24.008 +01:00 [INF] Route matched with {action = "Upload", controller = "Home", page = "", area = ""}. Executing controller action with signature Microsoft.AspNetCore.Mvc.IActionResult Upload() on controller GalleryNote.Controllers.HomeController (GalleryNote).
2024-11-30 14:50:24.011 +01:00 [INF] Executing ViewResult, running view Upload.
2024-11-30 14:50:24.039 +01:00 [INF] Executed ViewResult - view Upload executed in 30.7444ms.
2024-11-30 14:50:24.041 +01:00 [INF] Executed action GalleryNote.Controllers.HomeController.Upload (GalleryNote) in 33.3873ms
2024-11-30 14:50:24.042 +01:00 [INF] Executed endpoint 'GalleryNote.Controllers.HomeController.Upload (GalleryNote)'
2024-11-30 14:50:24.043 +01:00 [INF] Request finished HTTP/1.1 GET http://localhost:5272/Home/Upload?active=active - 200 null text/html; charset=utf-8 192.5804ms
2024-11-30 14:50:31.080 +01:00 [INF] Request starting HTTP/1.1 POST http://localhost:5272/Identity/Account/Logout?returnUrl=%2F - application/x-www-form-urlencoded 225
2024-11-30 14:50:31.112 +01:00 [INF] Executing endpoint '/Account/Logout'
2024-11-30 14:50:31.159 +01:00 [INF] Route matched with {page = "/Account/Logout", area = "Identity", action = "", controller = ""}. Executing page /Account/Logout
2024-11-30 14:50:31.217 +01:00 [INF] Executing handler method GalleryNote.Areas.Identity.Pages.Account.LogoutModel.OnPost - ModelState is "Valid"
2024-11-30 14:50:31.229 +01:00 [INF] AuthenticationScheme: Identity.Application signed out.
2024-11-30 14:50:31.232 +01:00 [INF] AuthenticationScheme: Identity.External signed out.
2024-11-30 14:50:31.233 +01:00 [INF] AuthenticationScheme: Identity.TwoFactorUserId signed out.
2024-11-30 14:50:31.233 +01:00 [INF] User logged out.
2024-11-30 14:50:31.235 +01:00 [INF] Executed handler method OnPost, returned result Microsoft.AspNetCore.Mvc.LocalRedirectResult.
2024-11-30 14:50:31.237 +01:00 [INF] Executing LocalRedirectResult, redirecting to /.
2024-11-30 14:50:31.238 +01:00 [INF] Executed page /Account/Logout in 79.102ms
2024-11-30 14:50:31.238 +01:00 [INF] Executed endpoint '/Account/Logout'
2024-11-30 14:50:31.238 +01:00 [INF] Request finished HTTP/1.1 POST http://localhost:5272/Identity/Account/Logout?returnUrl=%2F - 302 0 null 158.5522ms
2024-11-30 14:50:31.243 +01:00 [INF] Request starting HTTP/1.1 GET http://localhost:5272/ - null null
2024-11-30 14:50:31.244 +01:00 [INF] Executing endpoint 'GalleryNote.Controllers.HomeController.Index (GalleryNote)'
2024-11-30 14:50:31.244 +01:00 [INF] Route matched with {action = "Index", controller = "Home", page = "", area = ""}. Executing controller action with signature Microsoft.AspNetCore.Mvc.IActionResult Index() on controller GalleryNote.Controllers.HomeController (GalleryNote).
2024-11-30 14:50:31.244 +01:00 [INF] Executing ViewResult, running view Index.
2024-11-30 14:50:31.253 +01:00 [INF] Executed ViewResult - view Index executed in 8.8405ms.
2024-11-30 14:50:31.254 +01:00 [INF] Executed action GalleryNote.Controllers.HomeController.Index (GalleryNote) in 9.3576ms
2024-11-30 14:50:31.254 +01:00 [INF] Executed endpoint 'GalleryNote.Controllers.HomeController.Index (GalleryNote)'
2024-11-30 14:50:31.254 +01:00 [INF] Request finished HTTP/1.1 GET http://localhost:5272/ - 200 null text/html; charset=utf-8 11.1298ms
2024-11-30 14:50:34.437 +01:00 [INF] Request starting HTTP/1.1 GET http://localhost:5272/Identity/Account/Login - null null
2024-11-30 14:50:34.447 +01:00 [INF] Executing endpoint '/Account/Login'
2024-11-30 14:50:34.463 +01:00 [INF] Route matched with {page = "/Account/Login", area = "Identity", action = "", controller = ""}. Executing page /Account/Login
2024-11-30 14:50:34.477 +01:00 [INF] Executing handler method GalleryNote.Areas.Identity.Pages.Account.LoginModel.OnGetAsync - ModelState is "Valid"
2024-11-30 14:50:34.480 +01:00 [INF] AuthenticationScheme: Identity.External signed out.
2024-11-30 14:50:34.485 +01:00 [INF] Executed handler method OnGetAsync, returned result .
2024-11-30 14:50:34.493 +01:00 [INF] Executing an implicit handler method - ModelState is "Valid"
2024-11-30 14:50:34.494 +01:00 [INF] Executed an implicit handler method, returned result Microsoft.AspNetCore.Mvc.RazorPages.PageResult.
2024-11-30 14:50:34.611 +01:00 [INF] Executed page /Account/Login in 146.8286ms
2024-11-30 14:50:34.611 +01:00 [INF] Executed endpoint '/Account/Login'
2024-11-30 14:50:34.611 +01:00 [INF] Request finished HTTP/1.1 GET http://localhost:5272/Identity/Account/Login - 200 null text/html; charset=utf-8 174.4425ms
2024-11-30 14:50:34.655 +01:00 [INF] Request starting HTTP/1.1 GET http://localhost:5272/lib/jquery-validation/dist/jquery.validate.min.js - null null
2024-11-30 14:50:34.655 +01:00 [INF] Request starting HTTP/1.1 GET http://localhost:5272/lib/jquery-validation-unobtrusive/jquery.validate.unobtrusive.min.js - null null
2024-11-30 14:50:34.660 +01:00 [INF] Request finished HTTP/1.1 GET http://localhost:5272/lib/jquery-validation-unobtrusive/jquery.validate.unobtrusive.min.js - 404 0 null 5.0255ms
2024-11-30 14:50:34.660 +01:00 [INF] Request finished HTTP/1.1 GET http://localhost:5272/lib/jquery-validation/dist/jquery.validate.min.js - 404 0 null 5.2785ms
2024-11-30 14:50:34.662 +01:00 [INF] Request reached the end of the middleware pipeline without being handled by application code. Request path: GET http://localhost:5272/lib/jquery-validation/dist/jquery.validate.min.js, Response status code: 404
2024-11-30 14:50:34.662 +01:00 [INF] Request reached the end of the middleware pipeline without being handled by application code. Request path: GET http://localhost:5272/lib/jquery-validation-unobtrusive/jquery.validate.unobtrusive.min.js, Response status code: 404
2024-11-30 14:50:42.505 +01:00 [INF] Request starting HTTP/1.1 POST http://localhost:5272/Identity/Account/Login - application/x-www-form-urlencoded 266
2024-11-30 14:50:42.506 +01:00 [INF] Executing endpoint '/Account/Login'
2024-11-30 14:50:42.506 +01:00 [INF] Route matched with {page = "/Account/Login", area = "Identity", action = "", controller = ""}. Executing page /Account/Login
2024-11-30 14:50:42.531 +01:00 [INF] Executing handler method GalleryNote.Areas.Identity.Pages.Account.LoginModel.OnPostAsync - ModelState is "Valid"
2024-11-30 14:50:42.818 +01:00 [INF] Executed handler method OnPostAsync, returned result Microsoft.AspNetCore.Mvc.RazorPages.PageResult.
2024-11-30 14:50:42.823 +01:00 [INF] Executed page /Account/Login in 316.7843ms
2024-11-30 14:50:42.824 +01:00 [INF] Executed endpoint '/Account/Login'
2024-11-30 14:50:42.825 +01:00 [INF] Request finished HTTP/1.1 POST http://localhost:5272/Identity/Account/Login - 200 null text/html; charset=utf-8 319.0862ms
2024-11-30 14:50:42.854 +01:00 [INF] Request starting HTTP/1.1 GET http://localhost:5272/lib/jquery-validation/dist/jquery.validate.min.js - null null
2024-11-30 14:50:42.854 +01:00 [INF] Request starting HTTP/1.1 GET http://localhost:5272/lib/jquery-validation-unobtrusive/jquery.validate.unobtrusive.min.js - null null
2024-11-30 14:50:42.855 +01:00 [INF] Request finished HTTP/1.1 GET http://localhost:5272/lib/jquery-validation/dist/jquery.validate.min.js - 404 0 null 0.9276ms
2024-11-30 14:50:42.855 +01:00 [INF] Request finished HTTP/1.1 GET http://localhost:5272/lib/jquery-validation-unobtrusive/jquery.validate.unobtrusive.min.js - 404 0 null 0.68ms
2024-11-30 14:50:42.855 +01:00 [INF] Request reached the end of the middleware pipeline without being handled by application code. Request path: GET http://localhost:5272/lib/jquery-validation-unobtrusive/jquery.validate.unobtrusive.min.js, Response status code: 404
2024-11-30 14:50:42.866 +01:00 [INF] Request reached the end of the middleware pipeline without being handled by application code. Request path: GET http://localhost:5272/lib/jquery-validation/dist/jquery.validate.min.js, Response status code: 404
2024-11-30 14:50:45.451 +01:00 [INF] Request starting HTTP/1.1 GET http://localhost:5272/Identity/Account/Register - null null
2024-11-30 14:50:45.451 +01:00 [INF] Executing endpoint '/Account/Register'
2024-11-30 14:50:45.474 +01:00 [INF] Route matched with {page = "/Account/Register", area = "Identity", action = "", controller = ""}. Executing page /Account/Register
2024-11-30 14:50:45.481 +01:00 [INF] Executing handler method GalleryNote.Areas.Identity.Pages.Account.RegisterModel.OnGetAsync - ModelState is "Valid"
2024-11-30 14:50:45.482 +01:00 [INF] Executed handler method OnGetAsync, returned result .
2024-11-30 14:50:45.483 +01:00 [INF] Executing an implicit handler method - ModelState is "Valid"
2024-11-30 14:50:45.483 +01:00 [INF] Executed an implicit handler method, returned result Microsoft.AspNetCore.Mvc.RazorPages.PageResult.
2024-11-30 14:50:45.554 +01:00 [INF] Executed page /Account/Register in 80.1163ms
2024-11-30 14:50:45.555 +01:00 [INF] Executed endpoint '/Account/Register'
2024-11-30 14:50:45.555 +01:00 [INF] Request finished HTTP/1.1 GET http://localhost:5272/Identity/Account/Register - 200 null text/html; charset=utf-8 103.7428ms
2024-11-30 14:50:45.581 +01:00 [INF] Request starting HTTP/1.1 GET http://localhost:5272/lib/jquery-validation/dist/jquery.validate.min.js - null null
2024-11-30 14:50:45.581 +01:00 [INF] Request starting HTTP/1.1 GET http://localhost:5272/lib/jquery-validation-unobtrusive/jquery.validate.unobtrusive.min.js - null null
2024-11-30 14:50:45.582 +01:00 [INF] Request finished HTTP/1.1 GET http://localhost:5272/lib/jquery-validation/dist/jquery.validate.min.js - 404 0 null 0.8835ms
2024-11-30 14:50:45.582 +01:00 [INF] Request finished HTTP/1.1 GET http://localhost:5272/lib/jquery-validation-unobtrusive/jquery.validate.unobtrusive.min.js - 404 0 null 0.7213ms
2024-11-30 14:50:45.582 +01:00 [INF] Request reached the end of the middleware pipeline without being handled by application code. Request path: GET http://localhost:5272/lib/jquery-validation/dist/jquery.validate.min.js, Response status code: 404
2024-11-30 14:50:45.582 +01:00 [INF] Request reached the end of the middleware pipeline without being handled by application code. Request path: GET http://localhost:5272/lib/jquery-validation-unobtrusive/jquery.validate.unobtrusive.min.js, Response status code: 404
2024-11-30 14:50:56.961 +01:00 [INF] Request starting HTTP/1.1 POST http://localhost:5272/Identity/Account/Register - application/x-www-form-urlencoded 277
2024-11-30 14:50:56.961 +01:00 [INF] Executing endpoint '/Account/Register'
2024-11-30 14:50:56.962 +01:00 [INF] Route matched with {page = "/Account/Register", area = "Identity", action = "", controller = ""}. Executing page /Account/Register
2024-11-30 14:50:56.969 +01:00 [INF] Executing handler method GalleryNote.Areas.Identity.Pages.Account.RegisterModel.OnPostAsync - ModelState is "Valid"
2024-11-30 14:50:57.439 +01:00 [INF] User created a new account with password.
2024-11-30 14:50:57.514 +01:00 [INF] AuthenticationScheme: Identity.Application signed in.
2024-11-30 14:50:57.514 +01:00 [INF] Executed handler method OnPostAsync, returned result Microsoft.AspNetCore.Mvc.LocalRedirectResult.
2024-11-30 14:50:57.515 +01:00 [INF] Executing LocalRedirectResult, redirecting to /.
2024-11-30 14:50:57.515 +01:00 [INF] Executed page /Account/Register in 553.2596ms
2024-11-30 14:50:57.515 +01:00 [INF] Executed endpoint '/Account/Register'
2024-11-30 14:50:57.516 +01:00 [INF] Request finished HTTP/1.1 POST http://localhost:5272/Identity/Account/Register - 302 0 null 554.9259ms
2024-11-30 14:50:57.520 +01:00 [INF] Request starting HTTP/1.1 GET http://localhost:5272/ - null null
2024-11-30 14:50:57.524 +01:00 [INF] Executing endpoint 'GalleryNote.Controllers.HomeController.Index (GalleryNote)'
2024-11-30 14:50:57.524 +01:00 [INF] Route matched with {action = "Index", controller = "Home", page = "", area = ""}. Executing controller action with signature Microsoft.AspNetCore.Mvc.IActionResult Index() on controller GalleryNote.Controllers.HomeController (GalleryNote).
2024-11-30 14:50:57.525 +01:00 [INF] Executing ViewResult, running view Index.
2024-11-30 14:50:57.527 +01:00 [INF] Executed ViewResult - view Index executed in 1.9682ms.
2024-11-30 14:50:57.527 +01:00 [INF] Executed action GalleryNote.Controllers.HomeController.Index (GalleryNote) in 2.3057ms
2024-11-30 14:50:57.527 +01:00 [INF] Executed endpoint 'GalleryNote.Controllers.HomeController.Index (GalleryNote)'
2024-11-30 14:50:57.527 +01:00 [INF] Request finished HTTP/1.1 GET http://localhost:5272/ - 200 null text/html; charset=utf-8 7.6405ms
2024-11-30 14:51:00.800 +01:00 [INF] Request starting HTTP/1.1 GET http://localhost:5272/Home/Upload?active=active - null null
2024-11-30 14:51:00.812 +01:00 [INF] Executing endpoint 'GalleryNote.Controllers.HomeController.Upload (GalleryNote)'
2024-11-30 14:51:00.812 +01:00 [INF] Route matched with {action = "Upload", controller = "Home", page = "", area = ""}. Executing controller action with signature Microsoft.AspNetCore.Mvc.IActionResult Upload() on controller GalleryNote.Controllers.HomeController (GalleryNote).
2024-11-30 14:51:00.812 +01:00 [INF] Executing ViewResult, running view Upload.
2024-11-30 14:51:00.814 +01:00 [INF] Executed ViewResult - view Upload executed in 1.5399ms.
2024-11-30 14:51:00.814 +01:00 [INF] Executed action GalleryNote.Controllers.HomeController.Upload (GalleryNote) in 1.8847ms
2024-11-30 14:51:00.814 +01:00 [INF] Executed endpoint 'GalleryNote.Controllers.HomeController.Upload (GalleryNote)'
2024-11-30 14:51:00.814 +01:00 [INF] Request finished HTTP/1.1 GET http://localhost:5272/Home/Upload?active=active - 200 null text/html; charset=utf-8 14.0234ms
2024-11-30 14:51:02.464 +01:00 [INF] Request starting HTTP/1.1 GET http://localhost:5272/Note/Grid?active=active - null null
2024-11-30 14:51:02.467 +01:00 [INF] Executing endpoint 'GalleryNote.Controllers.NoteController.Grid (GalleryNote)'
2024-11-30 14:51:02.476 +01:00 [INF] Route matched with {action = "Grid", controller = "Note", page = "", area = ""}. Executing controller action with signature System.Threading.Tasks.Task`1[Microsoft.AspNetCore.Mvc.IActionResult] Grid() on controller GalleryNote.Controllers.NoteController (GalleryNote).
2024-11-30 14:51:02.550 +01:00 [INF] Executing ViewResult, running view Grid.
2024-11-30 14:51:02.567 +01:00 [INF] Executed ViewResult - view Grid executed in 17.775ms.
2024-11-30 14:51:02.568 +01:00 [INF] Executed action GalleryNote.Controllers.NoteController.Grid (GalleryNote) in 91.6585ms
2024-11-30 14:51:02.568 +01:00 [INF] Executed endpoint 'GalleryNote.Controllers.NoteController.Grid (GalleryNote)'
2024-11-30 14:51:02.580 +01:00 [INF] Request finished HTTP/1.1 GET http://localhost:5272/Note/Grid?active=active - 200 null text/html; charset=utf-8 115.6133ms
2024-11-30 14:51:03.397 +01:00 [INF] Request starting HTTP/1.1 GET http://localhost:5272/Image/Grid?active=active - null null
2024-11-30 14:51:03.400 +01:00 [INF] Executing endpoint 'GalleryNote.Controllers.ImageController.Grid (GalleryNote)'
2024-11-30 14:51:03.404 +01:00 [INF] Route matched with {action = "Grid", controller = "Image", page = "", area = ""}. Executing controller action with signature Microsoft.AspNetCore.Mvc.IActionResult Grid() on controller GalleryNote.Controllers.ImageController (GalleryNote).
2024-11-30 14:51:03.457 +01:00 [INF] Executing ViewResult, running view Grid.
2024-11-30 14:51:03.468 +01:00 [INF] Executed ViewResult - view Grid executed in 11.7394ms.
2024-11-30 14:51:03.468 +01:00 [INF] Executed action GalleryNote.Controllers.ImageController.Grid (GalleryNote) in 63.9524ms
2024-11-30 14:51:03.468 +01:00 [INF] Executed endpoint 'GalleryNote.Controllers.ImageController.Grid (GalleryNote)'
2024-11-30 14:51:03.474 +01:00 [INF] Request finished HTTP/1.1 GET http://localhost:5272/Image/Grid?active=active - 200 null text/html; charset=utf-8 76.3281ms
2024-11-30 14:51:14.526 +01:00 [INF] Request starting HTTP/1.1 POST http://localhost:5272/Identity/Account/Logout?returnUrl=%2F - application/x-www-form-urlencoded 225
2024-11-30 14:51:14.535 +01:00 [INF] Executing endpoint '/Account/Logout'
2024-11-30 14:51:14.535 +01:00 [INF] Route matched with {page = "/Account/Logout", area = "Identity", action = "", controller = ""}. Executing page /Account/Logout
2024-11-30 14:51:14.539 +01:00 [INF] Executing handler method GalleryNote.Areas.Identity.Pages.Account.LogoutModel.OnPost - ModelState is "Valid"
2024-11-30 14:51:14.540 +01:00 [INF] AuthenticationScheme: Identity.Application signed out.
2024-11-30 14:51:14.541 +01:00 [INF] AuthenticationScheme: Identity.External signed out.
2024-11-30 14:51:14.541 +01:00 [INF] AuthenticationScheme: Identity.TwoFactorUserId signed out.
2024-11-30 14:51:14.541 +01:00 [INF] User logged out.
2024-11-30 14:51:14.541 +01:00 [INF] Executed handler method OnPost, returned result Microsoft.AspNetCore.Mvc.LocalRedirectResult.
2024-11-30 14:51:14.541 +01:00 [INF] Executing LocalRedirectResult, redirecting to /.
2024-11-30 14:51:14.541 +01:00 [INF] Executed page /Account/Logout in 6.155ms
2024-11-30 14:51:14.542 +01:00 [INF] Executed endpoint '/Account/Logout'
2024-11-30 14:51:14.547 +01:00 [INF] Request finished HTTP/1.1 POST http://localhost:5272/Identity/Account/Logout?returnUrl=%2F - 302 0 null 20.5897ms
2024-11-30 14:51:14.557 +01:00 [INF] Request starting HTTP/1.1 GET http://localhost:5272/ - null null
2024-11-30 14:51:14.558 +01:00 [INF] Executing endpoint 'GalleryNote.Controllers.HomeController.Index (GalleryNote)'
2024-11-30 14:51:14.558 +01:00 [INF] Route matched with {action = "Index", controller = "Home", page = "", area = ""}. Executing controller action with signature Microsoft.AspNetCore.Mvc.IActionResult Index() on controller GalleryNote.Controllers.HomeController (GalleryNote).
2024-11-30 14:51:14.559 +01:00 [INF] Executing ViewResult, running view Index.
2024-11-30 14:51:14.574 +01:00 [INF] Executed ViewResult - view Index executed in 14.4914ms.
2024-11-30 14:51:14.574 +01:00 [INF] Executed action GalleryNote.Controllers.HomeController.Index (GalleryNote) in 15.3221ms
2024-11-30 14:51:14.574 +01:00 [INF] Executed endpoint 'GalleryNote.Controllers.HomeController.Index (GalleryNote)'
2024-11-30 14:51:14.575 +01:00 [INF] Request finished HTTP/1.1 GET http://localhost:5272/ - 200 null text/html; charset=utf-8 18.0061ms
2024-11-30 14:51:22.759 +01:00 [INF] Application is shutting down...
