2024-10-22 12:31:29.275 +02:00 [INF] User profile is available. Using 'C:\Users\birko\AppData\Local\ASP.NET\DataProtection-Keys' as key repository and Windows DPAPI to encrypt keys at rest.
2024-10-22 12:31:29.628 +02:00 [INF] Now listening on: http://localhost:5272
2024-10-22 12:31:29.633 +02:00 [INF] Application started. Press Ctrl+C to shut down.
2024-10-22 12:31:29.634 +02:00 [INF] Hosting environment: Development
2024-10-22 12:31:29.635 +02:00 [INF] Content root path: C:\Users\birko\OneDrive - OsloMet\ITPE 3200 - Webapplikasjoner\GalleryNote project\GalleryNote
2024-10-22 12:31:31.784 +02:00 [INF] Request starting HTTP/1.1 GET http://localhost:5272/ - null null
2024-10-22 12:31:31.915 +02:00 [INF] Executing endpoint 'GalleryNote.Controllers.HomeController.Index (GalleryNote)'
2024-10-22 12:31:31.931 +02:00 [INF] Route matched with {action = "Index", controller = "Home", page = "", area = ""}. Executing controller action with signature Microsoft.AspNetCore.Mvc.IActionResult Index() on controller GalleryNote.Controllers.HomeController (GalleryNote).
2024-10-22 12:31:31.940 +02:00 [INF] Executing ViewResult, running view Index.
2024-10-22 12:31:32.088 +02:00 [INF] Executed ViewResult - view Index executed in 146.5134ms.
2024-10-22 12:31:32.092 +02:00 [INF] Executed action GalleryNote.Controllers.HomeController.Index (GalleryNote) in 159.311ms
2024-10-22 12:31:32.092 +02:00 [INF] Executed endpoint 'GalleryNote.Controllers.HomeController.Index (GalleryNote)'
2024-10-22 12:31:32.102 +02:00 [INF] Request finished HTTP/1.1 GET http://localhost:5272/ - 200 null text/html; charset=utf-8 321.6509ms
2024-10-22 12:31:34.434 +02:00 [INF] Request starting HTTP/1.1 GET http://localhost:5272/Identity/Account/Manage - null null
2024-10-22 12:31:34.446 +02:00 [INF] Authorization failed. These requirements were not met:
DenyAnonymousAuthorizationRequirement: Requires an authenticated user.
2024-10-22 12:31:34.452 +02:00 [INF] AuthenticationScheme: Identity.Application was challenged.
2024-10-22 12:31:34.453 +02:00 [INF] Request finished HTTP/1.1 GET http://localhost:5272/Identity/Account/Manage - 302 0 null 19.0836ms
2024-10-22 12:31:34.457 +02:00 [INF] Request starting HTTP/1.1 GET http://localhost:5272/Identity/Account/Login?ReturnUrl=%2FIdentity%2FAccount%2FManage - null null
2024-10-22 12:31:34.471 +02:00 [INF] Executing endpoint '/Account/Login'
2024-10-22 12:31:34.514 +02:00 [INF] Route matched with {page = "/Account/Login", area = "Identity", action = "", controller = ""}. Executing page /Account/Login
2024-10-22 12:31:34.540 +02:00 [INF] Executing handler method GalleryNote.Areas.Identity.Pages.Account.LoginModel.OnGetAsync - ModelState is "Valid"
2024-10-22 12:31:34.547 +02:00 [INF] AuthenticationScheme: Identity.External signed out.
2024-10-22 12:31:34.548 +02:00 [INF] Executed handler method OnGetAsync, returned result .
2024-10-22 12:31:34.551 +02:00 [INF] Executing an implicit handler method - ModelState is "Valid"
2024-10-22 12:31:34.551 +02:00 [INF] Executed an implicit handler method, returned result Microsoft.AspNetCore.Mvc.RazorPages.PageResult.
2024-10-22 12:31:34.633 +02:00 [INF] Executed page /Account/Login in 118.797ms
2024-10-22 12:31:34.634 +02:00 [INF] Executed endpoint '/Account/Login'
2024-10-22 12:31:34.635 +02:00 [INF] Request finished HTTP/1.1 GET http://localhost:5272/Identity/Account/Login?ReturnUrl=%2FIdentity%2FAccount%2FManage - 200 null text/html; charset=utf-8 177.4827ms
2024-10-22 12:31:34.651 +02:00 [INF] Request starting HTTP/1.1 GET http://localhost:5272/lib/jquery-validation/dist/jquery.validate.min.js - null null
2024-10-22 12:31:34.662 +02:00 [INF] Request starting HTTP/1.1 GET http://localhost:5272/lib/jquery-validation-unobtrusive/jquery.validate.unobtrusive.min.js - null null
2024-10-22 12:31:34.673 +02:00 [INF] Request finished HTTP/1.1 GET http://localhost:5272/lib/jquery-validation-unobtrusive/jquery.validate.unobtrusive.min.js - 404 0 null 11.2474ms
2024-10-22 12:31:34.673 +02:00 [INF] Request finished HTTP/1.1 GET http://localhost:5272/lib/jquery-validation/dist/jquery.validate.min.js - 404 0 null 21.6264ms
2024-10-22 12:31:34.674 +02:00 [INF] Request reached the end of the middleware pipeline without being handled by application code. Request path: GET http://localhost:5272/lib/jquery-validation-unobtrusive/jquery.validate.unobtrusive.min.js, Response status code: 404
2024-10-22 12:31:34.674 +02:00 [INF] Request reached the end of the middleware pipeline without being handled by application code. Request path: GET http://localhost:5272/lib/jquery-validation/dist/jquery.validate.min.js, Response status code: 404
2024-10-22 12:31:35.768 +02:00 [INF] Request starting HTTP/1.1 POST http://localhost:5272/Identity/Account/Logout?returnUrl=%2F - application/x-www-form-urlencoded 225
2024-10-22 12:31:35.772 +02:00 [INF] Authorization failed. These requirements were not met:
DenyAnonymousAuthorizationRequirement: Requires an authenticated user.
2024-10-22 12:31:35.773 +02:00 [INF] AuthenticationScheme: Identity.Application was challenged.
2024-10-22 12:31:35.773 +02:00 [INF] Request finished HTTP/1.1 POST http://localhost:5272/Identity/Account/Logout?returnUrl=%2F - 302 0 null 4.9696ms
2024-10-22 12:31:35.778 +02:00 [INF] Request starting HTTP/1.1 GET http://localhost:5272/Identity/Account/Login?ReturnUrl=%2FIdentity%2FAccount%2FLogout%3FreturnUrl%3D%252F - null null
2024-10-22 12:31:35.780 +02:00 [INF] Executing endpoint '/Account/Login'
2024-10-22 12:31:35.781 +02:00 [INF] Route matched with {page = "/Account/Login", area = "Identity", action = "", controller = ""}. Executing page /Account/Login
2024-10-22 12:31:35.783 +02:00 [INF] Executing handler method GalleryNote.Areas.Identity.Pages.Account.LoginModel.OnGetAsync - ModelState is "Valid"
2024-10-22 12:31:35.785 +02:00 [INF] AuthenticationScheme: Identity.External signed out.
2024-10-22 12:31:35.786 +02:00 [INF] Executed handler method OnGetAsync, returned result .
2024-10-22 12:31:35.786 +02:00 [INF] Executing an implicit handler method - ModelState is "Valid"
2024-10-22 12:31:35.786 +02:00 [INF] Executed an implicit handler method, returned result Microsoft.AspNetCore.Mvc.RazorPages.PageResult.
2024-10-22 12:31:35.804 +02:00 [INF] Executed page /Account/Login in 23.2935ms
2024-10-22 12:31:35.804 +02:00 [INF] Executed endpoint '/Account/Login'
2024-10-22 12:31:35.805 +02:00 [INF] Request finished HTTP/1.1 GET http://localhost:5272/Identity/Account/Login?ReturnUrl=%2FIdentity%2FAccount%2FLogout%3FreturnUrl%3D%252F - 200 null text/html; charset=utf-8 26.2721ms
2024-10-22 12:31:35.825 +02:00 [INF] Request starting HTTP/1.1 GET http://localhost:5272/lib/jquery-validation/dist/jquery.validate.min.js - null null
2024-10-22 12:31:35.825 +02:00 [INF] Request starting HTTP/1.1 GET http://localhost:5272/lib/jquery-validation-unobtrusive/jquery.validate.unobtrusive.min.js - null null
2024-10-22 12:31:35.828 +02:00 [INF] Request finished HTTP/1.1 GET http://localhost:5272/lib/jquery-validation-unobtrusive/jquery.validate.unobtrusive.min.js - 404 0 null 2.2555ms
2024-10-22 12:31:35.828 +02:00 [INF] Request reached the end of the middleware pipeline without being handled by application code. Request path: GET http://localhost:5272/lib/jquery-validation-unobtrusive/jquery.validate.unobtrusive.min.js, Response status code: 404
2024-10-22 12:31:35.828 +02:00 [INF] Request finished HTTP/1.1 GET http://localhost:5272/lib/jquery-validation/dist/jquery.validate.min.js - 404 0 null 2.3783ms
2024-10-22 12:31:35.828 +02:00 [INF] Request reached the end of the middleware pipeline without being handled by application code. Request path: GET http://localhost:5272/lib/jquery-validation/dist/jquery.validate.min.js, Response status code: 404
2024-10-22 12:31:36.125 +02:00 [INF] Request starting HTTP/1.1 POST http://localhost:5272/Identity/Account/Logout?returnUrl=%2F - application/x-www-form-urlencoded 225
2024-10-22 12:31:36.128 +02:00 [INF] Authorization failed. These requirements were not met:
DenyAnonymousAuthorizationRequirement: Requires an authenticated user.
2024-10-22 12:31:36.128 +02:00 [INF] AuthenticationScheme: Identity.Application was challenged.
2024-10-22 12:31:36.128 +02:00 [INF] Request finished HTTP/1.1 POST http://localhost:5272/Identity/Account/Logout?returnUrl=%2F - 302 0 null 3.5279ms
2024-10-22 12:31:36.133 +02:00 [INF] Request starting HTTP/1.1 GET http://localhost:5272/Identity/Account/Login?ReturnUrl=%2FIdentity%2FAccount%2FLogout%3FreturnUrl%3D%252F - null null
2024-10-22 12:31:36.134 +02:00 [INF] Executing endpoint '/Account/Login'
2024-10-22 12:31:36.134 +02:00 [INF] Route matched with {page = "/Account/Login", area = "Identity", action = "", controller = ""}. Executing page /Account/Login
2024-10-22 12:31:36.134 +02:00 [INF] Executing handler method GalleryNote.Areas.Identity.Pages.Account.LoginModel.OnGetAsync - ModelState is "Valid"
2024-10-22 12:31:36.135 +02:00 [INF] AuthenticationScheme: Identity.External signed out.
2024-10-22 12:31:36.135 +02:00 [INF] Executed handler method OnGetAsync, returned result .
2024-10-22 12:31:36.135 +02:00 [INF] Executing an implicit handler method - ModelState is "Valid"
2024-10-22 12:31:36.135 +02:00 [INF] Executed an implicit handler method, returned result Microsoft.AspNetCore.Mvc.RazorPages.PageResult.
2024-10-22 12:31:36.139 +02:00 [INF] Executed page /Account/Login in 5.0614ms
2024-10-22 12:31:36.140 +02:00 [INF] Executed endpoint '/Account/Login'
2024-10-22 12:31:36.140 +02:00 [INF] Request finished HTTP/1.1 GET http://localhost:5272/Identity/Account/Login?ReturnUrl=%2FIdentity%2FAccount%2FLogout%3FreturnUrl%3D%252F - 200 null text/html; charset=utf-8 7.6004ms
2024-10-22 12:31:36.168 +02:00 [INF] Request starting HTTP/1.1 GET http://localhost:5272/lib/jquery-validation/dist/jquery.validate.min.js - null null
2024-10-22 12:31:36.169 +02:00 [INF] Request starting HTTP/1.1 GET http://localhost:5272/lib/jquery-validation-unobtrusive/jquery.validate.unobtrusive.min.js - null null
2024-10-22 12:31:36.170 +02:00 [INF] Request finished HTTP/1.1 GET http://localhost:5272/lib/jquery-validation/dist/jquery.validate.min.js - 404 0 null 2.2494ms
2024-10-22 12:31:36.170 +02:00 [INF] Request reached the end of the middleware pipeline without being handled by application code. Request path: GET http://localhost:5272/lib/jquery-validation/dist/jquery.validate.min.js, Response status code: 404
2024-10-22 12:31:36.171 +02:00 [INF] Request finished HTTP/1.1 GET http://localhost:5272/lib/jquery-validation-unobtrusive/jquery.validate.unobtrusive.min.js - 404 0 null 2.0322ms
2024-10-22 12:31:36.171 +02:00 [INF] Request reached the end of the middleware pipeline without being handled by application code. Request path: GET http://localhost:5272/lib/jquery-validation-unobtrusive/jquery.validate.unobtrusive.min.js, Response status code: 404
2024-10-22 12:31:37.274 +02:00 [INF] Request starting HTTP/1.1 POST http://localhost:5272/Identity/Account/Logout?returnUrl=%2F - application/x-www-form-urlencoded 225
2024-10-22 12:31:37.275 +02:00 [INF] Authorization failed. These requirements were not met:
DenyAnonymousAuthorizationRequirement: Requires an authenticated user.
2024-10-22 12:31:37.275 +02:00 [INF] AuthenticationScheme: Identity.Application was challenged.
2024-10-22 12:31:37.275 +02:00 [INF] Request finished HTTP/1.1 POST http://localhost:5272/Identity/Account/Logout?returnUrl=%2F - 302 0 null 0.9553ms
2024-10-22 12:31:37.286 +02:00 [INF] Request starting HTTP/1.1 GET http://localhost:5272/Identity/Account/Login?ReturnUrl=%2FIdentity%2FAccount%2FLogout%3FreturnUrl%3D%252F - null null
2024-10-22 12:31:37.288 +02:00 [INF] Executing endpoint '/Account/Login'
2024-10-22 12:31:37.289 +02:00 [INF] Route matched with {page = "/Account/Login", area = "Identity", action = "", controller = ""}. Executing page /Account/Login
2024-10-22 12:31:37.290 +02:00 [INF] Executing handler method GalleryNote.Areas.Identity.Pages.Account.LoginModel.OnGetAsync - ModelState is "Valid"
2024-10-22 12:31:37.291 +02:00 [INF] AuthenticationScheme: Identity.External signed out.
2024-10-22 12:31:37.291 +02:00 [INF] Executed handler method OnGetAsync, returned result .
2024-10-22 12:31:37.292 +02:00 [INF] Executing an implicit handler method - ModelState is "Valid"
2024-10-22 12:31:37.292 +02:00 [INF] Executed an implicit handler method, returned result Microsoft.AspNetCore.Mvc.RazorPages.PageResult.
2024-10-22 12:31:37.300 +02:00 [INF] Executed page /Account/Login in 10.9484ms
2024-10-22 12:31:37.300 +02:00 [INF] Executed endpoint '/Account/Login'
2024-10-22 12:31:37.301 +02:00 [INF] Request finished HTTP/1.1 GET http://localhost:5272/Identity/Account/Login?ReturnUrl=%2FIdentity%2FAccount%2FLogout%3FreturnUrl%3D%252F - 200 null text/html; charset=utf-8 14.2934ms
2024-10-22 12:31:37.325 +02:00 [INF] Request starting HTTP/1.1 GET http://localhost:5272/lib/jquery-validation/dist/jquery.validate.min.js - null null
2024-10-22 12:31:37.327 +02:00 [INF] Request starting HTTP/1.1 GET http://localhost:5272/lib/jquery-validation-unobtrusive/jquery.validate.unobtrusive.min.js - null null
2024-10-22 12:31:37.327 +02:00 [INF] Request finished HTTP/1.1 GET http://localhost:5272/lib/jquery-validation/dist/jquery.validate.min.js - 404 0 null 2.6601ms
2024-10-22 12:31:37.328 +02:00 [INF] Request reached the end of the middleware pipeline without being handled by application code. Request path: GET http://localhost:5272/lib/jquery-validation/dist/jquery.validate.min.js, Response status code: 404
2024-10-22 12:31:37.329 +02:00 [INF] Request finished HTTP/1.1 GET http://localhost:5272/lib/jquery-validation-unobtrusive/jquery.validate.unobtrusive.min.js - 404 0 null 1.9195ms
2024-10-22 12:31:37.330 +02:00 [INF] Request reached the end of the middleware pipeline without being handled by application code. Request path: GET http://localhost:5272/lib/jquery-validation-unobtrusive/jquery.validate.unobtrusive.min.js, Response status code: 404
2024-10-22 12:31:37.948 +02:00 [INF] Request starting HTTP/1.1 POST http://localhost:5272/Identity/Account/Logout?returnUrl=%2F - application/x-www-form-urlencoded 225
2024-10-22 12:31:37.949 +02:00 [INF] Authorization failed. These requirements were not met:
DenyAnonymousAuthorizationRequirement: Requires an authenticated user.
2024-10-22 12:31:37.949 +02:00 [INF] AuthenticationScheme: Identity.Application was challenged.
2024-10-22 12:31:37.950 +02:00 [INF] Request finished HTTP/1.1 POST http://localhost:5272/Identity/Account/Logout?returnUrl=%2F - 302 0 null 1.5483ms
2024-10-22 12:31:37.968 +02:00 [INF] Request starting HTTP/1.1 GET http://localhost:5272/Identity/Account/Login?ReturnUrl=%2FIdentity%2FAccount%2FLogout%3FreturnUrl%3D%252F - null null
2024-10-22 12:31:37.969 +02:00 [INF] Executing endpoint '/Account/Login'
2024-10-22 12:31:37.970 +02:00 [INF] Route matched with {page = "/Account/Login", area = "Identity", action = "", controller = ""}. Executing page /Account/Login
2024-10-22 12:31:37.971 +02:00 [INF] Executing handler method GalleryNote.Areas.Identity.Pages.Account.LoginModel.OnGetAsync - ModelState is "Valid"
2024-10-22 12:31:37.972 +02:00 [INF] AuthenticationScheme: Identity.External signed out.
2024-10-22 12:31:37.973 +02:00 [INF] Executed handler method OnGetAsync, returned result .
2024-10-22 12:31:37.973 +02:00 [INF] Executing an implicit handler method - ModelState is "Valid"
2024-10-22 12:31:37.973 +02:00 [INF] Executed an implicit handler method, returned result Microsoft.AspNetCore.Mvc.RazorPages.PageResult.
2024-10-22 12:31:37.979 +02:00 [INF] Executed page /Account/Login in 9.4699ms
2024-10-22 12:31:37.980 +02:00 [INF] Executed endpoint '/Account/Login'
2024-10-22 12:31:37.980 +02:00 [INF] Request finished HTTP/1.1 GET http://localhost:5272/Identity/Account/Login?ReturnUrl=%2FIdentity%2FAccount%2FLogout%3FreturnUrl%3D%252F - 200 null text/html; charset=utf-8 12.2151ms
2024-10-22 12:31:38.013 +02:00 [INF] Request starting HTTP/1.1 GET http://localhost:5272/lib/jquery-validation/dist/jquery.validate.min.js - null null
2024-10-22 12:31:38.013 +02:00 [INF] Request starting HTTP/1.1 GET http://localhost:5272/lib/jquery-validation-unobtrusive/jquery.validate.unobtrusive.min.js - null null
2024-10-22 12:31:38.016 +02:00 [INF] Request finished HTTP/1.1 GET http://localhost:5272/lib/jquery-validation-unobtrusive/jquery.validate.unobtrusive.min.js - 404 0 null 2.1705ms
2024-10-22 12:31:38.016 +02:00 [INF] Request finished HTTP/1.1 GET http://localhost:5272/lib/jquery-validation/dist/jquery.validate.min.js - 404 0 null 2.392ms
2024-10-22 12:31:38.016 +02:00 [INF] Request reached the end of the middleware pipeline without being handled by application code. Request path: GET http://localhost:5272/lib/jquery-validation-unobtrusive/jquery.validate.unobtrusive.min.js, Response status code: 404
2024-10-22 12:31:38.016 +02:00 [INF] Request reached the end of the middleware pipeline without being handled by application code. Request path: GET http://localhost:5272/lib/jquery-validation/dist/jquery.validate.min.js, Response status code: 404
2024-10-22 12:31:38.467 +02:00 [INF] Request starting HTTP/1.1 POST http://localhost:5272/Identity/Account/Logout?returnUrl=%2F - application/x-www-form-urlencoded 225
2024-10-22 12:31:38.469 +02:00 [INF] Authorization failed. These requirements were not met:
DenyAnonymousAuthorizationRequirement: Requires an authenticated user.
2024-10-22 12:31:38.469 +02:00 [INF] AuthenticationScheme: Identity.Application was challenged.
2024-10-22 12:31:38.470 +02:00 [INF] Request finished HTTP/1.1 POST http://localhost:5272/Identity/Account/Logout?returnUrl=%2F - 302 0 null 2.8247ms
2024-10-22 12:31:38.481 +02:00 [INF] Request starting HTTP/1.1 GET http://localhost:5272/Identity/Account/Login?ReturnUrl=%2FIdentity%2FAccount%2FLogout%3FreturnUrl%3D%252F - null null
2024-10-22 12:31:38.483 +02:00 [INF] Executing endpoint '/Account/Login'
2024-10-22 12:31:38.484 +02:00 [INF] Route matched with {page = "/Account/Login", area = "Identity", action = "", controller = ""}. Executing page /Account/Login
2024-10-22 12:31:38.485 +02:00 [INF] Executing handler method GalleryNote.Areas.Identity.Pages.Account.LoginModel.OnGetAsync - ModelState is "Valid"
2024-10-22 12:31:38.485 +02:00 [INF] AuthenticationScheme: Identity.External signed out.
2024-10-22 12:31:38.486 +02:00 [INF] Executed handler method OnGetAsync, returned result .
2024-10-22 12:31:38.486 +02:00 [INF] Executing an implicit handler method - ModelState is "Valid"
2024-10-22 12:31:38.486 +02:00 [INF] Executed an implicit handler method, returned result Microsoft.AspNetCore.Mvc.RazorPages.PageResult.
2024-10-22 12:31:38.492 +02:00 [INF] Executed page /Account/Login in 8.3068ms
2024-10-22 12:31:38.493 +02:00 [INF] Executed endpoint '/Account/Login'
2024-10-22 12:31:38.493 +02:00 [INF] Request finished HTTP/1.1 GET http://localhost:5272/Identity/Account/Login?ReturnUrl=%2FIdentity%2FAccount%2FLogout%3FreturnUrl%3D%252F - 200 null text/html; charset=utf-8 11.6649ms
2024-10-22 12:31:38.518 +02:00 [INF] Request starting HTTP/1.1 GET http://localhost:5272/lib/jquery-validation/dist/jquery.validate.min.js - null null
2024-10-22 12:31:38.519 +02:00 [INF] Request finished HTTP/1.1 GET http://localhost:5272/lib/jquery-validation/dist/jquery.validate.min.js - 404 0 null 1.3375ms
2024-10-22 12:31:38.520 +02:00 [INF] Request reached the end of the middleware pipeline without being handled by application code. Request path: GET http://localhost:5272/lib/jquery-validation/dist/jquery.validate.min.js, Response status code: 404
2024-10-22 12:31:38.527 +02:00 [INF] Request starting HTTP/1.1 GET http://localhost:5272/lib/jquery-validation-unobtrusive/jquery.validate.unobtrusive.min.js - null null
2024-10-22 12:31:38.528 +02:00 [INF] Request finished HTTP/1.1 GET http://localhost:5272/lib/jquery-validation-unobtrusive/jquery.validate.unobtrusive.min.js - 404 0 null 1.6248ms
2024-10-22 12:31:38.528 +02:00 [INF] Request reached the end of the middleware pipeline without being handled by application code. Request path: GET http://localhost:5272/lib/jquery-validation-unobtrusive/jquery.validate.unobtrusive.min.js, Response status code: 404
2024-10-22 12:31:44.116 +02:00 [INF] Request starting HTTP/1.1 GET http://localhost:5272/Identity/Account/Register?returnUrl=%2FIdentity%2FAccount%2FLogout%3FreturnUrl%3D%252F - null null
2024-10-22 12:31:44.117 +02:00 [INF] Executing endpoint '/Account/Register'
2024-10-22 12:31:44.132 +02:00 [INF] Route matched with {page = "/Account/Register", area = "Identity", action = "", controller = ""}. Executing page /Account/Register
2024-10-22 12:31:44.135 +02:00 [INF] Executing handler method GalleryNote.Areas.Identity.Pages.Account.RegisterModel.OnGetAsync - ModelState is "Valid"
2024-10-22 12:31:44.137 +02:00 [INF] Executed handler method OnGetAsync, returned result .
2024-10-22 12:31:44.137 +02:00 [INF] Executing an implicit handler method - ModelState is "Valid"
2024-10-22 12:31:44.137 +02:00 [INF] Executed an implicit handler method, returned result Microsoft.AspNetCore.Mvc.RazorPages.PageResult.
2024-10-22 12:31:44.166 +02:00 [INF] Executed page /Account/Register in 34.1079ms
2024-10-22 12:31:44.167 +02:00 [INF] Executed endpoint '/Account/Register'
2024-10-22 12:31:44.167 +02:00 [INF] Request finished HTTP/1.1 GET http://localhost:5272/Identity/Account/Register?returnUrl=%2FIdentity%2FAccount%2FLogout%3FreturnUrl%3D%252F - 200 null text/html; charset=utf-8 51.1987ms
2024-10-22 12:31:44.191 +02:00 [INF] Request starting HTTP/1.1 GET http://localhost:5272/lib/jquery-validation/dist/jquery.validate.min.js - null null
2024-10-22 12:31:44.192 +02:00 [INF] Request starting HTTP/1.1 GET http://localhost:5272/lib/jquery-validation-unobtrusive/jquery.validate.unobtrusive.min.js - null null
2024-10-22 12:31:44.193 +02:00 [INF] Request finished HTTP/1.1 GET http://localhost:5272/lib/jquery-validation/dist/jquery.validate.min.js - 404 0 null 1.7445ms
2024-10-22 12:31:44.193 +02:00 [INF] Request finished HTTP/1.1 GET http://localhost:5272/lib/jquery-validation-unobtrusive/jquery.validate.unobtrusive.min.js - 404 0 null 1.0131ms
2024-10-22 12:31:44.193 +02:00 [INF] Request reached the end of the middleware pipeline without being handled by application code. Request path: GET http://localhost:5272/lib/jquery-validation-unobtrusive/jquery.validate.unobtrusive.min.js, Response status code: 404
2024-10-22 12:31:44.193 +02:00 [INF] Request reached the end of the middleware pipeline without being handled by application code. Request path: GET http://localhost:5272/lib/jquery-validation/dist/jquery.validate.min.js, Response status code: 404
2024-10-22 12:31:47.273 +02:00 [INF] Request starting HTTP/1.1 POST http://localhost:5272/Identity/Account/Logout?returnUrl=%2F - application/x-www-form-urlencoded 225
2024-10-22 12:31:47.273 +02:00 [INF] Authorization failed. These requirements were not met:
DenyAnonymousAuthorizationRequirement: Requires an authenticated user.
2024-10-22 12:31:47.273 +02:00 [INF] AuthenticationScheme: Identity.Application was challenged.
2024-10-22 12:31:47.274 +02:00 [INF] Request finished HTTP/1.1 POST http://localhost:5272/Identity/Account/Logout?returnUrl=%2F - 302 0 null 1.1769ms
2024-10-22 12:31:47.288 +02:00 [INF] Request starting HTTP/1.1 GET http://localhost:5272/Identity/Account/Login?ReturnUrl=%2FIdentity%2FAccount%2FLogout%3FreturnUrl%3D%252F - null null
2024-10-22 12:31:47.290 +02:00 [INF] Executing endpoint '/Account/Login'
2024-10-22 12:31:47.291 +02:00 [INF] Route matched with {page = "/Account/Login", area = "Identity", action = "", controller = ""}. Executing page /Account/Login
2024-10-22 12:31:47.292 +02:00 [INF] Executing handler method GalleryNote.Areas.Identity.Pages.Account.LoginModel.OnGetAsync - ModelState is "Valid"
2024-10-22 12:31:47.292 +02:00 [INF] AuthenticationScheme: Identity.External signed out.
2024-10-22 12:31:47.293 +02:00 [INF] Executed handler method OnGetAsync, returned result .
2024-10-22 12:31:47.293 +02:00 [INF] Executing an implicit handler method - ModelState is "Valid"
2024-10-22 12:31:47.293 +02:00 [INF] Executed an implicit handler method, returned result Microsoft.AspNetCore.Mvc.RazorPages.PageResult.
2024-10-22 12:31:47.299 +02:00 [INF] Executed page /Account/Login in 7.9076ms
2024-10-22 12:31:47.299 +02:00 [INF] Executed endpoint '/Account/Login'
2024-10-22 12:31:47.300 +02:00 [INF] Request finished HTTP/1.1 GET http://localhost:5272/Identity/Account/Login?ReturnUrl=%2FIdentity%2FAccount%2FLogout%3FreturnUrl%3D%252F - 200 null text/html; charset=utf-8 11.7097ms
2024-10-22 12:31:47.331 +02:00 [INF] Request starting HTTP/1.1 GET http://localhost:5272/lib/jquery-validation-unobtrusive/jquery.validate.unobtrusive.min.js - null null
2024-10-22 12:31:47.331 +02:00 [INF] Request starting HTTP/1.1 GET http://localhost:5272/lib/jquery-validation/dist/jquery.validate.min.js - null null
2024-10-22 12:31:47.332 +02:00 [INF] Request finished HTTP/1.1 GET http://localhost:5272/lib/jquery-validation-unobtrusive/jquery.validate.unobtrusive.min.js - 404 0 null 1.3645ms
2024-10-22 12:31:47.333 +02:00 [INF] Request reached the end of the middleware pipeline without being handled by application code. Request path: GET http://localhost:5272/lib/jquery-validation-unobtrusive/jquery.validate.unobtrusive.min.js, Response status code: 404
2024-10-22 12:31:47.333 +02:00 [INF] Request finished HTTP/1.1 GET http://localhost:5272/lib/jquery-validation/dist/jquery.validate.min.js - 404 0 null 1.7043ms
2024-10-22 12:31:47.333 +02:00 [INF] Request reached the end of the middleware pipeline without being handled by application code. Request path: GET http://localhost:5272/lib/jquery-validation/dist/jquery.validate.min.js, Response status code: 404
2024-10-22 12:31:48.378 +02:00 [INF] Request starting HTTP/1.1 GET http://localhost:5272/Identity/Account/Manage - null null
2024-10-22 12:31:48.379 +02:00 [INF] Authorization failed. These requirements were not met:
DenyAnonymousAuthorizationRequirement: Requires an authenticated user.
2024-10-22 12:31:48.379 +02:00 [INF] AuthenticationScheme: Identity.Application was challenged.
2024-10-22 12:31:48.379 +02:00 [INF] Request finished HTTP/1.1 GET http://localhost:5272/Identity/Account/Manage - 302 0 null 0.6492ms
2024-10-22 12:31:48.387 +02:00 [INF] Request starting HTTP/1.1 GET http://localhost:5272/Identity/Account/Login?ReturnUrl=%2FIdentity%2FAccount%2FManage - null null
2024-10-22 12:31:48.389 +02:00 [INF] Executing endpoint '/Account/Login'
2024-10-22 12:31:48.389 +02:00 [INF] Route matched with {page = "/Account/Login", area = "Identity", action = "", controller = ""}. Executing page /Account/Login
2024-10-22 12:31:48.390 +02:00 [INF] Executing handler method GalleryNote.Areas.Identity.Pages.Account.LoginModel.OnGetAsync - ModelState is "Valid"
2024-10-22 12:31:48.390 +02:00 [INF] AuthenticationScheme: Identity.External signed out.
2024-10-22 12:31:48.390 +02:00 [INF] Executed handler method OnGetAsync, returned result .
2024-10-22 12:31:48.390 +02:00 [INF] Executing an implicit handler method - ModelState is "Valid"
2024-10-22 12:31:48.390 +02:00 [INF] Executed an implicit handler method, returned result Microsoft.AspNetCore.Mvc.RazorPages.PageResult.
2024-10-22 12:31:48.394 +02:00 [INF] Executed page /Account/Login in 4.2229ms
2024-10-22 12:31:48.394 +02:00 [INF] Executed endpoint '/Account/Login'
2024-10-22 12:31:48.394 +02:00 [INF] Request finished HTTP/1.1 GET http://localhost:5272/Identity/Account/Login?ReturnUrl=%2FIdentity%2FAccount%2FManage - 200 null text/html; charset=utf-8 6.9651ms
2024-10-22 12:31:48.418 +02:00 [INF] Request starting HTTP/1.1 GET http://localhost:5272/lib/jquery-validation/dist/jquery.validate.min.js - null null
2024-10-22 12:31:48.420 +02:00 [INF] Request starting HTTP/1.1 GET http://localhost:5272/lib/jquery-validation-unobtrusive/jquery.validate.unobtrusive.min.js - null null
2024-10-22 12:31:48.422 +02:00 [INF] Request finished HTTP/1.1 GET http://localhost:5272/lib/jquery-validation/dist/jquery.validate.min.js - 404 0 null 3.2275ms
2024-10-22 12:31:48.422 +02:00 [INF] Request reached the end of the middleware pipeline without being handled by application code. Request path: GET http://localhost:5272/lib/jquery-validation/dist/jquery.validate.min.js, Response status code: 404
2024-10-22 12:31:48.423 +02:00 [INF] Request finished HTTP/1.1 GET http://localhost:5272/lib/jquery-validation-unobtrusive/jquery.validate.unobtrusive.min.js - 404 0 null 2.9768ms
2024-10-22 12:31:48.423 +02:00 [INF] Request reached the end of the middleware pipeline without being handled by application code. Request path: GET http://localhost:5272/lib/jquery-validation-unobtrusive/jquery.validate.unobtrusive.min.js, Response status code: 404
2024-10-22 12:31:50.399 +02:00 [INF] Request starting HTTP/1.1 GET http://localhost:5272/Order/Table - null null
2024-10-22 12:31:50.400 +02:00 [INF] Executing endpoint 'GalleryNote.Controllers.OrderController.Table (GalleryNote)'
2024-10-22 12:31:50.432 +02:00 [INF] Route matched with {action = "Table", controller = "Order", page = "", area = ""}. Executing controller action with signature System.Threading.Tasks.Task`1[Microsoft.AspNetCore.Mvc.IActionResult] Table() on controller GalleryNote.Controllers.OrderController (GalleryNote).
2024-10-22 12:31:50.538 +02:00 [INF] Executing ViewResult, running view Table.
2024-10-22 12:31:50.666 +02:00 [INF] Executed ViewResult - view Table executed in 130.4837ms.
2024-10-22 12:31:50.666 +02:00 [INF] Executed action GalleryNote.Controllers.OrderController.Table (GalleryNote) in 233.741ms
2024-10-22 12:31:50.666 +02:00 [INF] Executed endpoint 'GalleryNote.Controllers.OrderController.Table (GalleryNote)'
2024-10-22 12:31:50.674 +02:00 [INF] Request finished HTTP/1.1 GET http://localhost:5272/Order/Table - 200 null text/html; charset=utf-8 275.2796ms
2024-10-22 12:31:51.357 +02:00 [INF] Request starting HTTP/1.1 GET http://localhost:5272/Customer/Table - null null
2024-10-22 12:31:51.359 +02:00 [INF] Executing endpoint 'GalleryNote.Controllers.CustomerController.Table (GalleryNote)'
2024-10-22 12:31:51.365 +02:00 [INF] Route matched with {action = "Table", controller = "Customer", page = "", area = ""}. Executing controller action with signature System.Threading.Tasks.Task`1[Microsoft.AspNetCore.Mvc.IActionResult] Table() on controller GalleryNote.Controllers.CustomerController (GalleryNote).
2024-10-22 12:31:51.456 +02:00 [INF] Executing ViewResult, running view Table.
2024-10-22 12:31:51.496 +02:00 [INF] Executed ViewResult - view Table executed in 41.2851ms.
2024-10-22 12:31:51.496 +02:00 [INF] Executed action GalleryNote.Controllers.CustomerController.Table (GalleryNote) in 130.8116ms
2024-10-22 12:31:51.496 +02:00 [INF] Executed endpoint 'GalleryNote.Controllers.CustomerController.Table (GalleryNote)'
2024-10-22 12:31:51.497 +02:00 [INF] Request finished HTTP/1.1 GET http://localhost:5272/Customer/Table - 200 null text/html; charset=utf-8 139.778ms
2024-10-22 12:31:52.320 +02:00 [INF] Request starting HTTP/1.1 GET http://localhost:5272/Item/Table - null null
2024-10-22 12:31:52.321 +02:00 [INF] Executing endpoint 'GalleryNote.Controllers.ItemController.Table (GalleryNote)'
2024-10-22 12:31:52.325 +02:00 [INF] Route matched with {action = "Table", controller = "Item", page = "", area = ""}. Executing controller action with signature System.Threading.Tasks.Task`1[Microsoft.AspNetCore.Mvc.IActionResult] Table() on controller GalleryNote.Controllers.ItemController (GalleryNote).
2024-10-22 12:31:52.342 +02:00 [INF] Executing ViewResult, running view Table.
2024-10-22 12:31:52.363 +02:00 [INF] Executed ViewResult - view Table executed in 22.1291ms.
2024-10-22 12:31:52.363 +02:00 [INF] Executed action GalleryNote.Controllers.ItemController.Table (GalleryNote) in 38.0766ms
2024-10-22 12:31:52.363 +02:00 [INF] Executed endpoint 'GalleryNote.Controllers.ItemController.Table (GalleryNote)'
2024-10-22 12:31:52.364 +02:00 [INF] Request finished HTTP/1.1 GET http://localhost:5272/Item/Table - 200 null text/html; charset=utf-8 43.7657ms
2024-10-22 12:31:52.381 +02:00 [INF] Request starting HTTP/1.1 GET http://localhost:5272/images/chickenleg.jpg - null null
2024-10-22 12:31:52.383 +02:00 [INF] Request starting HTTP/1.1 GET http://localhost:5272/images/frenchfries.jpg - null null
2024-10-22 12:31:52.386 +02:00 [INF] Request starting HTTP/1.1 GET http://localhost:5272/images/ribs.jpg - null null
2024-10-22 12:31:52.387 +02:00 [INF] Request starting HTTP/1.1 GET http://localhost:5272/images/cider.jpg - null null
2024-10-22 12:31:52.388 +02:00 [INF] Request starting HTTP/1.1 GET http://localhost:5272/images/coke.jpg - null null
2024-10-22 12:31:52.394 +02:00 [INF] The file /images/ribs.jpg was not modified
2024-10-22 12:31:52.394 +02:00 [INF] The file /images/coke.jpg was not modified
2024-10-22 12:31:52.395 +02:00 [INF] Request finished HTTP/1.1 GET http://localhost:5272/images/coke.jpg - 304 null image/jpeg 6.6707ms
2024-10-22 12:31:52.396 +02:00 [INF] Request finished HTTP/1.1 GET http://localhost:5272/images/ribs.jpg - 304 null image/jpeg 8.5914ms
2024-10-22 12:31:52.419 +02:00 [INF] Sending file. Request path: '/images/cider.jpg'. Physical path: 'C:\Users\birko\OneDrive - OsloMet\ITPE 3200 - Webapplikasjoner\GalleryNote project\GalleryNote\wwwroot\images\cider.jpg'
2024-10-22 12:31:52.419 +02:00 [INF] Request finished HTTP/1.1 GET http://localhost:5272/images/cider.jpg - 200 28236 image/jpeg 32.147ms
2024-10-22 12:31:52.426 +02:00 [INF] Sending file. Request path: '/images/chickenleg.jpg'. Physical path: 'C:\Users\birko\OneDrive - OsloMet\ITPE 3200 - Webapplikasjoner\GalleryNote project\GalleryNote\wwwroot\images\chickenleg.jpg'
2024-10-22 12:31:52.426 +02:00 [INF] Sending file. Request path: '/images/frenchfries.jpg'. Physical path: 'C:\Users\birko\OneDrive - OsloMet\ITPE 3200 - Webapplikasjoner\GalleryNote project\GalleryNote\wwwroot\images\frenchfries.jpg'
2024-10-22 12:31:52.427 +02:00 [INF] Request finished HTTP/1.1 GET http://localhost:5272/images/chickenleg.jpg - 200 63434 image/jpeg 46.6449ms
2024-10-22 12:31:52.429 +02:00 [INF] Request finished HTTP/1.1 GET http://localhost:5272/images/frenchfries.jpg - 200 52799 image/jpeg 45.699ms
2024-10-22 12:31:54.387 +02:00 [INF] Request starting HTTP/1.1 GET http://localhost:5272/ - null null
2024-10-22 12:31:54.388 +02:00 [INF] Executing endpoint 'GalleryNote.Controllers.HomeController.Index (GalleryNote)'
2024-10-22 12:31:54.388 +02:00 [INF] Route matched with {action = "Index", controller = "Home", page = "", area = ""}. Executing controller action with signature Microsoft.AspNetCore.Mvc.IActionResult Index() on controller GalleryNote.Controllers.HomeController (GalleryNote).
2024-10-22 12:31:54.389 +02:00 [INF] Executing ViewResult, running view Index.
2024-10-22 12:31:54.390 +02:00 [INF] Executed ViewResult - view Index executed in 1.5688ms.
2024-10-22 12:31:54.391 +02:00 [INF] Executed action GalleryNote.Controllers.HomeController.Index (GalleryNote) in 2.129ms
2024-10-22 12:31:54.391 +02:00 [INF] Executed endpoint 'GalleryNote.Controllers.HomeController.Index (GalleryNote)'
2024-10-22 12:31:54.391 +02:00 [INF] Request finished HTTP/1.1 GET http://localhost:5272/ - 200 null text/html; charset=utf-8 3.8143ms
2024-10-22 12:32:13.714 +02:00 [INF] Application is shutting down...
