2024-11-27 13:28:13.200 +01:00 [INF] User profile is available. Using 'C:\Users\birko\AppData\Local\ASP.NET\DataProtection-Keys' as key repository and Windows DPAPI to encrypt keys at rest.
2024-11-27 13:28:13.565 +01:00 [INF] Now listening on: http://localhost:5272
2024-11-27 13:28:13.572 +01:00 [INF] Application started. Press Ctrl+C to shut down.
2024-11-27 13:28:13.575 +01:00 [INF] Hosting environment: Development
2024-11-27 13:28:13.576 +01:00 [INF] Content root path: C:\Users\birko\OneDrive - OsloMet\ITPE 3200 - Webapplikasjoner\GalleryNote project\GalleryNote – Kopi
2024-11-27 13:28:52.280 +01:00 [INF] Request starting HTTP/1.1 GET http://localhost:5272/ - null null
2024-11-27 13:28:52.483 +01:00 [INF] Executing endpoint 'GalleryNote.Controllers.HomeController.Index (GalleryNote)'
2024-11-27 13:28:52.502 +01:00 [INF] Route matched with {action = "Index", controller = "Home", page = "", area = ""}. Executing controller action with signature Microsoft.AspNetCore.Mvc.IActionResult Index() on controller GalleryNote.Controllers.HomeController (GalleryNote).
2024-11-27 13:28:52.526 +01:00 [INF] Executing ViewResult, running view Index.
2024-11-27 13:28:52.690 +01:00 [INF] Executed ViewResult - view Index executed in 176.6506ms.
2024-11-27 13:28:52.695 +01:00 [INF] Executed action GalleryNote.Controllers.HomeController.Index (GalleryNote) in 191.5141ms
2024-11-27 13:28:52.695 +01:00 [INF] Executed endpoint 'GalleryNote.Controllers.HomeController.Index (GalleryNote)'
2024-11-27 13:28:52.712 +01:00 [INF] Request finished HTTP/1.1 GET http://localhost:5272/ - 200 null text/html; charset=utf-8 436.8666ms
2024-11-27 13:28:54.555 +01:00 [INF] Request starting HTTP/1.1 GET http://localhost:5272/Image/Grid?active=active - null null
2024-11-27 13:28:54.649 +01:00 [INF] Executing endpoint 'GalleryNote.Controllers.ImageController.Grid (GalleryNote)'
2024-11-27 13:28:54.651 +01:00 [INF] Route matched with {action = "Grid", controller = "Image", page = "", area = ""}. Executing controller action with signature Microsoft.AspNetCore.Mvc.IActionResult Grid() on controller GalleryNote.Controllers.ImageController (GalleryNote).
2024-11-27 13:28:54.826 +01:00 [INF] Executing ViewResult, running view Grid.
2024-11-27 13:28:54.852 +01:00 [INF] Executed ViewResult - view Grid executed in 26.6261ms.
2024-11-27 13:28:54.852 +01:00 [INF] Executed action GalleryNote.Controllers.ImageController.Grid (GalleryNote) in 200.8226ms
2024-11-27 13:28:54.852 +01:00 [INF] Executed endpoint 'GalleryNote.Controllers.ImageController.Grid (GalleryNote)'
2024-11-27 13:28:54.859 +01:00 [INF] Request finished HTTP/1.1 GET http://localhost:5272/Image/Grid?active=active - 200 null text/html; charset=utf-8 304.0545ms
2024-11-27 13:28:54.883 +01:00 [INF] Request starting HTTP/1.1 GET http://localhost:5272/images/1.jpg - null null
2024-11-27 13:28:54.892 +01:00 [INF] The file /images/1.jpg was not modified
2024-11-27 13:28:54.892 +01:00 [INF] Request finished HTTP/1.1 GET http://localhost:5272/images/1.jpg - 304 null image/jpeg 9.1322ms
2024-11-27 13:28:57.444 +01:00 [INF] Request starting HTTP/1.1 GET http://localhost:5272/Image/Update/8 - null null
2024-11-27 13:28:57.471 +01:00 [INF] Executing endpoint 'GalleryNote.Controllers.ImageController.Update (GalleryNote)'
2024-11-27 13:28:57.485 +01:00 [INF] Route matched with {action = "Update", controller = "Image", page = "", area = ""}. Executing controller action with signature Microsoft.AspNetCore.Mvc.IActionResult Update(Int32) on controller GalleryNote.Controllers.ImageController (GalleryNote).
2024-11-27 13:28:57.555 +01:00 [INF] Executing ViewResult, running view Update.
2024-11-27 13:28:57.608 +01:00 [INF] Executed ViewResult - view Update executed in 53.8125ms.
2024-11-27 13:28:57.608 +01:00 [INF] Executed action GalleryNote.Controllers.ImageController.Update (GalleryNote) in 122.6983ms
2024-11-27 13:28:57.609 +01:00 [INF] Executed endpoint 'GalleryNote.Controllers.ImageController.Update (GalleryNote)'
2024-11-27 13:28:57.610 +01:00 [INF] Request finished HTTP/1.1 GET http://localhost:5272/Image/Update/8 - 200 null text/html; charset=utf-8 165.6658ms
2024-11-27 13:29:01.032 +01:00 [INF] Request starting HTTP/1.1 POST http://localhost:5272/Image/Update/8 - application/x-www-form-urlencoded 303
2024-11-27 13:29:01.040 +01:00 [INF] Executing endpoint 'GalleryNote.Controllers.ImageController.Update (GalleryNote)'
2024-11-27 13:29:01.050 +01:00 [INF] Route matched with {action = "Update", controller = "Image", page = "", area = ""}. Executing controller action with signature System.Threading.Tasks.Task`1[Microsoft.AspNetCore.Mvc.IActionResult] Update(GalleryNote.Models.Image, Microsoft.AspNetCore.Http.IFormFile) on controller GalleryNote.Controllers.ImageController (GalleryNote).
2024-11-27 13:29:01.086 +01:00 [INF] Executing ViewResult, running view Update.
2024-11-27 13:29:01.088 +01:00 [INF] Executed ViewResult - view Update executed in 1.9322ms.
2024-11-27 13:29:01.088 +01:00 [INF] Executed action GalleryNote.Controllers.ImageController.Update (GalleryNote) in 37.8591ms
2024-11-27 13:29:01.089 +01:00 [INF] Executed endpoint 'GalleryNote.Controllers.ImageController.Update (GalleryNote)'
2024-11-27 13:29:01.089 +01:00 [INF] Request finished HTTP/1.1 POST http://localhost:5272/Image/Update/8 - 200 null text/html; charset=utf-8 56.5922ms
2024-11-27 13:29:02.552 +01:00 [INF] Request starting HTTP/1.1 POST http://localhost:5272/Image/Update/8 - application/x-www-form-urlencoded 303
2024-11-27 13:29:02.555 +01:00 [INF] Executing endpoint 'GalleryNote.Controllers.ImageController.Update (GalleryNote)'
2024-11-27 13:29:02.555 +01:00 [INF] Route matched with {action = "Update", controller = "Image", page = "", area = ""}. Executing controller action with signature System.Threading.Tasks.Task`1[Microsoft.AspNetCore.Mvc.IActionResult] Update(GalleryNote.Models.Image, Microsoft.AspNetCore.Http.IFormFile) on controller GalleryNote.Controllers.ImageController (GalleryNote).
2024-11-27 13:29:02.565 +01:00 [INF] Executing ViewResult, running view Update.
2024-11-27 13:29:02.567 +01:00 [INF] Executed ViewResult - view Update executed in 2.2757ms.
2024-11-27 13:29:02.568 +01:00 [INF] Executed action GalleryNote.Controllers.ImageController.Update (GalleryNote) in 11.9686ms
2024-11-27 13:29:02.568 +01:00 [INF] Executed endpoint 'GalleryNote.Controllers.ImageController.Update (GalleryNote)'
2024-11-27 13:29:02.568 +01:00 [INF] Request finished HTTP/1.1 POST http://localhost:5272/Image/Update/8 - 200 null text/html; charset=utf-8 16.4615ms
2024-11-27 13:29:06.313 +01:00 [INF] Request starting HTTP/1.1 POST http://localhost:5272/Image/Update/8 - application/x-www-form-urlencoded 303
2024-11-27 13:29:06.317 +01:00 [INF] Executing endpoint 'GalleryNote.Controllers.ImageController.Update (GalleryNote)'
2024-11-27 13:29:06.318 +01:00 [INF] Route matched with {action = "Update", controller = "Image", page = "", area = ""}. Executing controller action with signature System.Threading.Tasks.Task`1[Microsoft.AspNetCore.Mvc.IActionResult] Update(GalleryNote.Models.Image, Microsoft.AspNetCore.Http.IFormFile) on controller GalleryNote.Controllers.ImageController (GalleryNote).
2024-11-27 13:29:06.321 +01:00 [INF] Executing ViewResult, running view Update.
2024-11-27 13:29:06.326 +01:00 [INF] Executed ViewResult - view Update executed in 5.0112ms.
2024-11-27 13:29:06.327 +01:00 [INF] Executed action GalleryNote.Controllers.ImageController.Update (GalleryNote) in 8.9329ms
2024-11-27 13:29:06.327 +01:00 [INF] Executed endpoint 'GalleryNote.Controllers.ImageController.Update (GalleryNote)'
2024-11-27 13:29:06.328 +01:00 [INF] Request finished HTTP/1.1 POST http://localhost:5272/Image/Update/8 - 200 null text/html; charset=utf-8 14.7119ms
2024-11-27 13:29:06.778 +01:00 [INF] Request starting HTTP/1.1 POST http://localhost:5272/Image/Update/8 - application/x-www-form-urlencoded 303
2024-11-27 13:29:06.781 +01:00 [INF] Executing endpoint 'GalleryNote.Controllers.ImageController.Update (GalleryNote)'
2024-11-27 13:29:06.781 +01:00 [INF] Route matched with {action = "Update", controller = "Image", page = "", area = ""}. Executing controller action with signature System.Threading.Tasks.Task`1[Microsoft.AspNetCore.Mvc.IActionResult] Update(GalleryNote.Models.Image, Microsoft.AspNetCore.Http.IFormFile) on controller GalleryNote.Controllers.ImageController (GalleryNote).
2024-11-27 13:29:06.783 +01:00 [INF] Executing ViewResult, running view Update.
2024-11-27 13:29:06.784 +01:00 [INF] Executed ViewResult - view Update executed in 1.7926ms.
2024-11-27 13:29:06.785 +01:00 [INF] Executed action GalleryNote.Controllers.ImageController.Update (GalleryNote) in 3.6455ms
2024-11-27 13:29:06.785 +01:00 [INF] Executed endpoint 'GalleryNote.Controllers.ImageController.Update (GalleryNote)'
2024-11-27 13:29:06.785 +01:00 [INF] Request finished HTTP/1.1 POST http://localhost:5272/Image/Update/8 - 200 null text/html; charset=utf-8 7.3183ms
2024-11-27 13:30:42.419 +01:00 [INF] Request starting HTTP/1.1 POST http://localhost:5272/Image/Update/8 - application/x-www-form-urlencoded 303
2024-11-27 13:30:42.425 +01:00 [INF] Executing endpoint 'GalleryNote.Controllers.ImageController.Update (GalleryNote)'
2024-11-27 13:30:42.425 +01:00 [INF] Route matched with {action = "Update", controller = "Image", page = "", area = ""}. Executing controller action with signature System.Threading.Tasks.Task`1[Microsoft.AspNetCore.Mvc.IActionResult] Update(GalleryNote.Models.Image, Microsoft.AspNetCore.Http.IFormFile) on controller GalleryNote.Controllers.ImageController (GalleryNote).
2024-11-27 13:30:42.430 +01:00 [INF] Executing ViewResult, running view Update.
2024-11-27 13:30:42.433 +01:00 [INF] Executed ViewResult - view Update executed in 3.1146ms.
2024-11-27 13:30:42.433 +01:00 [INF] Executed action GalleryNote.Controllers.ImageController.Update (GalleryNote) in 7.2063ms
2024-11-27 13:30:42.433 +01:00 [INF] Executed endpoint 'GalleryNote.Controllers.ImageController.Update (GalleryNote)'
2024-11-27 13:30:42.434 +01:00 [INF] Request finished HTTP/1.1 POST http://localhost:5272/Image/Update/8 - 200 null text/html; charset=utf-8 14.5585ms
2024-11-27 13:30:43.332 +01:00 [INF] Request starting HTTP/1.1 POST http://localhost:5272/Image/Update/8 - application/x-www-form-urlencoded 303
2024-11-27 13:30:43.334 +01:00 [INF] Executing endpoint 'GalleryNote.Controllers.ImageController.Update (GalleryNote)'
2024-11-27 13:30:43.335 +01:00 [INF] Route matched with {action = "Update", controller = "Image", page = "", area = ""}. Executing controller action with signature System.Threading.Tasks.Task`1[Microsoft.AspNetCore.Mvc.IActionResult] Update(GalleryNote.Models.Image, Microsoft.AspNetCore.Http.IFormFile) on controller GalleryNote.Controllers.ImageController (GalleryNote).
2024-11-27 13:30:43.338 +01:00 [INF] Executing ViewResult, running view Update.
2024-11-27 13:30:43.340 +01:00 [INF] Executed ViewResult - view Update executed in 1.813ms.
2024-11-27 13:30:43.340 +01:00 [INF] Executed action GalleryNote.Controllers.ImageController.Update (GalleryNote) in 4.9747ms
2024-11-27 13:30:43.340 +01:00 [INF] Executed endpoint 'GalleryNote.Controllers.ImageController.Update (GalleryNote)'
2024-11-27 13:30:43.341 +01:00 [INF] Request finished HTTP/1.1 POST http://localhost:5272/Image/Update/8 - 200 null text/html; charset=utf-8 8.6302ms
2024-11-27 13:30:43.978 +01:00 [INF] Request starting HTTP/1.1 POST http://localhost:5272/Image/Update/8 - application/x-www-form-urlencoded 303
2024-11-27 13:30:43.980 +01:00 [INF] Executing endpoint 'GalleryNote.Controllers.ImageController.Update (GalleryNote)'
2024-11-27 13:30:43.980 +01:00 [INF] Route matched with {action = "Update", controller = "Image", page = "", area = ""}. Executing controller action with signature System.Threading.Tasks.Task`1[Microsoft.AspNetCore.Mvc.IActionResult] Update(GalleryNote.Models.Image, Microsoft.AspNetCore.Http.IFormFile) on controller GalleryNote.Controllers.ImageController (GalleryNote).
2024-11-27 13:30:43.982 +01:00 [INF] Executing ViewResult, running view Update.
2024-11-27 13:30:43.985 +01:00 [INF] Executed ViewResult - view Update executed in 2.9308ms.
2024-11-27 13:30:43.985 +01:00 [INF] Executed action GalleryNote.Controllers.ImageController.Update (GalleryNote) in 4.5656ms
2024-11-27 13:30:43.985 +01:00 [INF] Executed endpoint 'GalleryNote.Controllers.ImageController.Update (GalleryNote)'
2024-11-27 13:30:43.985 +01:00 [INF] Request finished HTTP/1.1 POST http://localhost:5272/Image/Update/8 - 200 null text/html; charset=utf-8 6.9948ms
2024-11-27 13:30:49.609 +01:00 [INF] Request starting HTTP/1.1 GET http://localhost:5272/js/bootstrap.js.map - null null
2024-11-27 13:30:49.612 +01:00 [INF] Request finished HTTP/1.1 GET http://localhost:5272/js/bootstrap.js.map - 404 0 null 4.0866ms
2024-11-27 13:30:49.614 +01:00 [INF] Request reached the end of the middleware pipeline without being handled by application code. Request path: GET http://localhost:5272/js/bootstrap.js.map, Response status code: 404
2024-11-27 13:30:51.996 +01:00 [INF] Request starting HTTP/1.1 POST http://localhost:5272/Image/Update/8 - application/x-www-form-urlencoded 303
2024-11-27 13:30:51.999 +01:00 [INF] Executing endpoint 'GalleryNote.Controllers.ImageController.Update (GalleryNote)'
2024-11-27 13:30:52.000 +01:00 [INF] Route matched with {action = "Update", controller = "Image", page = "", area = ""}. Executing controller action with signature System.Threading.Tasks.Task`1[Microsoft.AspNetCore.Mvc.IActionResult] Update(GalleryNote.Models.Image, Microsoft.AspNetCore.Http.IFormFile) on controller GalleryNote.Controllers.ImageController (GalleryNote).
2024-11-27 13:30:52.002 +01:00 [INF] Executing ViewResult, running view Update.
2024-11-27 13:30:52.005 +01:00 [INF] Executed ViewResult - view Update executed in 3.3557ms.
2024-11-27 13:30:52.005 +01:00 [INF] Executed action GalleryNote.Controllers.ImageController.Update (GalleryNote) in 5.6521ms
2024-11-27 13:30:52.005 +01:00 [INF] Executed endpoint 'GalleryNote.Controllers.ImageController.Update (GalleryNote)'
2024-11-27 13:30:52.006 +01:00 [INF] Request finished HTTP/1.1 POST http://localhost:5272/Image/Update/8 - 200 null text/html; charset=utf-8 9.9863ms
2024-11-27 13:30:52.145 +01:00 [INF] Request starting HTTP/1.1 GET http://localhost:5272/js/bootstrap.js.map - null null
2024-11-27 13:30:52.150 +01:00 [INF] Request finished HTTP/1.1 GET http://localhost:5272/js/bootstrap.js.map - 404 0 null 4.9283ms
2024-11-27 13:30:52.151 +01:00 [INF] Request reached the end of the middleware pipeline without being handled by application code. Request path: GET http://localhost:5272/js/bootstrap.js.map, Response status code: 404
2024-11-27 13:30:53.360 +01:00 [INF] Request starting HTTP/1.1 POST http://localhost:5272/Image/Update/8 - application/x-www-form-urlencoded 303
2024-11-27 13:30:53.363 +01:00 [INF] Executing endpoint 'GalleryNote.Controllers.ImageController.Update (GalleryNote)'
2024-11-27 13:30:53.363 +01:00 [INF] Route matched with {action = "Update", controller = "Image", page = "", area = ""}. Executing controller action with signature System.Threading.Tasks.Task`1[Microsoft.AspNetCore.Mvc.IActionResult] Update(GalleryNote.Models.Image, Microsoft.AspNetCore.Http.IFormFile) on controller GalleryNote.Controllers.ImageController (GalleryNote).
2024-11-27 13:30:53.366 +01:00 [INF] Executing ViewResult, running view Update.
2024-11-27 13:30:53.371 +01:00 [INF] Executed ViewResult - view Update executed in 4.2955ms.
2024-11-27 13:30:53.371 +01:00 [INF] Executed action GalleryNote.Controllers.ImageController.Update (GalleryNote) in 8.0699ms
2024-11-27 13:30:53.371 +01:00 [INF] Executed endpoint 'GalleryNote.Controllers.ImageController.Update (GalleryNote)'
2024-11-27 13:30:53.372 +01:00 [INF] Request finished HTTP/1.1 POST http://localhost:5272/Image/Update/8 - 200 null text/html; charset=utf-8 11.5211ms
2024-11-27 13:30:53.488 +01:00 [INF] Request starting HTTP/1.1 GET http://localhost:5272/js/bootstrap.js.map - null null
2024-11-27 13:30:53.492 +01:00 [INF] Request finished HTTP/1.1 GET http://localhost:5272/js/bootstrap.js.map - 404 0 null 4.8998ms
2024-11-27 13:30:53.493 +01:00 [INF] Request reached the end of the middleware pipeline without being handled by application code. Request path: GET http://localhost:5272/js/bootstrap.js.map, Response status code: 404
2024-11-27 13:30:54.200 +01:00 [INF] Request starting HTTP/1.1 POST http://localhost:5272/Image/Update/8 - application/x-www-form-urlencoded 303
2024-11-27 13:30:54.208 +01:00 [INF] Executing endpoint 'GalleryNote.Controllers.ImageController.Update (GalleryNote)'
2024-11-27 13:30:54.208 +01:00 [INF] Route matched with {action = "Update", controller = "Image", page = "", area = ""}. Executing controller action with signature System.Threading.Tasks.Task`1[Microsoft.AspNetCore.Mvc.IActionResult] Update(GalleryNote.Models.Image, Microsoft.AspNetCore.Http.IFormFile) on controller GalleryNote.Controllers.ImageController (GalleryNote).
2024-11-27 13:30:54.212 +01:00 [INF] Executing ViewResult, running view Update.
2024-11-27 13:30:54.213 +01:00 [INF] Executed ViewResult - view Update executed in 1.9255ms.
2024-11-27 13:30:54.214 +01:00 [INF] Executed action GalleryNote.Controllers.ImageController.Update (GalleryNote) in 4.9007ms
2024-11-27 13:30:54.214 +01:00 [INF] Executed endpoint 'GalleryNote.Controllers.ImageController.Update (GalleryNote)'
2024-11-27 13:30:54.216 +01:00 [INF] Request finished HTTP/1.1 POST http://localhost:5272/Image/Update/8 - 200 null text/html; charset=utf-8 15.9717ms
2024-11-27 13:30:54.315 +01:00 [INF] Request starting HTTP/1.1 GET http://localhost:5272/js/bootstrap.js.map - null null
2024-11-27 13:30:54.318 +01:00 [INF] Request finished HTTP/1.1 GET http://localhost:5272/js/bootstrap.js.map - 404 0 null 3.1448ms
2024-11-27 13:30:54.318 +01:00 [INF] Request reached the end of the middleware pipeline without being handled by application code. Request path: GET http://localhost:5272/js/bootstrap.js.map, Response status code: 404
2024-11-27 13:30:55.071 +01:00 [INF] Request starting HTTP/1.1 POST http://localhost:5272/Image/Update/8 - application/x-www-form-urlencoded 303
2024-11-27 13:30:55.074 +01:00 [INF] Executing endpoint 'GalleryNote.Controllers.ImageController.Update (GalleryNote)'
2024-11-27 13:30:55.075 +01:00 [INF] Route matched with {action = "Update", controller = "Image", page = "", area = ""}. Executing controller action with signature System.Threading.Tasks.Task`1[Microsoft.AspNetCore.Mvc.IActionResult] Update(GalleryNote.Models.Image, Microsoft.AspNetCore.Http.IFormFile) on controller GalleryNote.Controllers.ImageController (GalleryNote).
2024-11-27 13:30:55.077 +01:00 [INF] Executing ViewResult, running view Update.
2024-11-27 13:30:55.082 +01:00 [INF] Executed ViewResult - view Update executed in 4.4207ms.
2024-11-27 13:30:55.082 +01:00 [INF] Executed action GalleryNote.Controllers.ImageController.Update (GalleryNote) in 7.0155ms
2024-11-27 13:30:55.082 +01:00 [INF] Executed endpoint 'GalleryNote.Controllers.ImageController.Update (GalleryNote)'
2024-11-27 13:30:55.083 +01:00 [INF] Request finished HTTP/1.1 POST http://localhost:5272/Image/Update/8 - 200 null text/html; charset=utf-8 11.6369ms
2024-11-27 13:30:55.195 +01:00 [INF] Request starting HTTP/1.1 GET http://localhost:5272/js/bootstrap.js.map - null null
2024-11-27 13:30:55.199 +01:00 [INF] Request finished HTTP/1.1 GET http://localhost:5272/js/bootstrap.js.map - 404 0 null 4.2444ms
2024-11-27 13:30:55.200 +01:00 [INF] Request reached the end of the middleware pipeline without being handled by application code. Request path: GET http://localhost:5272/js/bootstrap.js.map, Response status code: 404
2024-11-27 13:30:58.235 +01:00 [INF] Request starting HTTP/1.1 POST http://localhost:5272/Image/Update/8 - application/x-www-form-urlencoded 303
2024-11-27 13:30:58.244 +01:00 [INF] Executing endpoint 'GalleryNote.Controllers.ImageController.Update (GalleryNote)'
2024-11-27 13:30:58.244 +01:00 [INF] Route matched with {action = "Update", controller = "Image", page = "", area = ""}. Executing controller action with signature System.Threading.Tasks.Task`1[Microsoft.AspNetCore.Mvc.IActionResult] Update(GalleryNote.Models.Image, Microsoft.AspNetCore.Http.IFormFile) on controller GalleryNote.Controllers.ImageController (GalleryNote).
2024-11-27 13:30:58.249 +01:00 [INF] Executing ViewResult, running view Update.
2024-11-27 13:30:58.258 +01:00 [INF] Executed ViewResult - view Update executed in 9.5951ms.
2024-11-27 13:30:58.259 +01:00 [INF] Executed action GalleryNote.Controllers.ImageController.Update (GalleryNote) in 14.8224ms
2024-11-27 13:30:58.262 +01:00 [INF] Executed endpoint 'GalleryNote.Controllers.ImageController.Update (GalleryNote)'
2024-11-27 13:30:58.264 +01:00 [INF] Request finished HTTP/1.1 POST http://localhost:5272/Image/Update/8 - 200 null text/html; charset=utf-8 27.7392ms
2024-11-27 13:30:58.378 +01:00 [INF] Request starting HTTP/1.1 GET http://localhost:5272/js/bootstrap.js.map - null null
2024-11-27 13:30:58.381 +01:00 [INF] Request finished HTTP/1.1 GET http://localhost:5272/js/bootstrap.js.map - 404 0 null 3.2902ms
2024-11-27 13:30:58.382 +01:00 [INF] Request reached the end of the middleware pipeline without being handled by application code. Request path: GET http://localhost:5272/js/bootstrap.js.map, Response status code: 404
2024-11-27 13:31:03.143 +01:00 [INF] Request starting HTTP/1.1 POST http://localhost:5272/Image/Update/8 - application/x-www-form-urlencoded 303
2024-11-27 13:31:03.145 +01:00 [INF] Executing endpoint 'GalleryNote.Controllers.ImageController.Update (GalleryNote)'
2024-11-27 13:31:03.145 +01:00 [INF] Route matched with {action = "Update", controller = "Image", page = "", area = ""}. Executing controller action with signature System.Threading.Tasks.Task`1[Microsoft.AspNetCore.Mvc.IActionResult] Update(GalleryNote.Models.Image, Microsoft.AspNetCore.Http.IFormFile) on controller GalleryNote.Controllers.ImageController (GalleryNote).
2024-11-27 13:31:03.148 +01:00 [INF] Executing ViewResult, running view Update.
2024-11-27 13:31:03.150 +01:00 [INF] Executed ViewResult - view Update executed in 1.9836ms.
2024-11-27 13:31:03.150 +01:00 [INF] Executed action GalleryNote.Controllers.ImageController.Update (GalleryNote) in 4.6001ms
2024-11-27 13:31:03.150 +01:00 [INF] Executed endpoint 'GalleryNote.Controllers.ImageController.Update (GalleryNote)'
2024-11-27 13:31:03.151 +01:00 [INF] Request finished HTTP/1.1 POST http://localhost:5272/Image/Update/8 - 200 null text/html; charset=utf-8 7.4941ms
2024-11-27 13:31:03.277 +01:00 [INF] Request starting HTTP/1.1 GET http://localhost:5272/js/bootstrap.js.map - null null
2024-11-27 13:31:03.281 +01:00 [INF] Request finished HTTP/1.1 GET http://localhost:5272/js/bootstrap.js.map - 404 0 null 4.2353ms
2024-11-27 13:31:03.281 +01:00 [INF] Request reached the end of the middleware pipeline without being handled by application code. Request path: GET http://localhost:5272/js/bootstrap.js.map, Response status code: 404
2024-11-27 13:31:04.148 +01:00 [INF] Request starting HTTP/1.1 POST http://localhost:5272/Image/Update/8 - application/x-www-form-urlencoded 303
2024-11-27 13:31:04.150 +01:00 [INF] Executing endpoint 'GalleryNote.Controllers.ImageController.Update (GalleryNote)'
2024-11-27 13:31:04.150 +01:00 [INF] Route matched with {action = "Update", controller = "Image", page = "", area = ""}. Executing controller action with signature System.Threading.Tasks.Task`1[Microsoft.AspNetCore.Mvc.IActionResult] Update(GalleryNote.Models.Image, Microsoft.AspNetCore.Http.IFormFile) on controller GalleryNote.Controllers.ImageController (GalleryNote).
2024-11-27 13:31:04.154 +01:00 [INF] Executing ViewResult, running view Update.
2024-11-27 13:31:04.157 +01:00 [INF] Executed ViewResult - view Update executed in 3.2072ms.
2024-11-27 13:31:04.157 +01:00 [INF] Executed action GalleryNote.Controllers.ImageController.Update (GalleryNote) in 6.6222ms
2024-11-27 13:31:04.157 +01:00 [INF] Executed endpoint 'GalleryNote.Controllers.ImageController.Update (GalleryNote)'
2024-11-27 13:31:04.158 +01:00 [INF] Request finished HTTP/1.1 POST http://localhost:5272/Image/Update/8 - 200 null text/html; charset=utf-8 9.8935ms
2024-11-27 13:31:04.269 +01:00 [INF] Request starting HTTP/1.1 GET http://localhost:5272/js/bootstrap.js.map - null null
2024-11-27 13:31:04.273 +01:00 [INF] Request finished HTTP/1.1 GET http://localhost:5272/js/bootstrap.js.map - 404 0 null 3.4139ms
2024-11-27 13:31:04.273 +01:00 [INF] Request reached the end of the middleware pipeline without being handled by application code. Request path: GET http://localhost:5272/js/bootstrap.js.map, Response status code: 404
2024-11-27 13:41:15.479 +01:00 [INF] Request starting HTTP/1.1 POST http://localhost:5272/Image/Update/8 - application/x-www-form-urlencoded 303
2024-11-27 13:41:15.491 +01:00 [INF] Executing endpoint 'GalleryNote.Controllers.ImageController.Update (GalleryNote)'
2024-11-27 13:41:15.495 +01:00 [INF] Route matched with {action = "Update", controller = "Image", page = "", area = ""}. Executing controller action with signature System.Threading.Tasks.Task`1[Microsoft.AspNetCore.Mvc.IActionResult] Update(GalleryNote.Models.Image, Microsoft.AspNetCore.Http.IFormFile) on controller GalleryNote.Controllers.ImageController (GalleryNote).
2024-11-27 13:41:15.501 +01:00 [INF] Executing ViewResult, running view Update.
2024-11-27 13:41:15.506 +01:00 [INF] Executed ViewResult - view Update executed in 4.7256ms.
2024-11-27 13:41:15.506 +01:00 [INF] Executed action GalleryNote.Controllers.ImageController.Update (GalleryNote) in 10.8109ms
2024-11-27 13:41:15.506 +01:00 [INF] Executed endpoint 'GalleryNote.Controllers.ImageController.Update (GalleryNote)'
2024-11-27 13:41:15.507 +01:00 [INF] Request finished HTTP/1.1 POST http://localhost:5272/Image/Update/8 - 200 null text/html; charset=utf-8 27.587ms
2024-11-27 13:41:15.620 +01:00 [INF] Request starting HTTP/1.1 GET http://localhost:5272/js/bootstrap.js.map - null null
2024-11-27 13:41:15.624 +01:00 [INF] Request finished HTTP/1.1 GET http://localhost:5272/js/bootstrap.js.map - 404 0 null 4.9247ms
2024-11-27 13:41:15.625 +01:00 [INF] Request reached the end of the middleware pipeline without being handled by application code. Request path: GET http://localhost:5272/js/bootstrap.js.map, Response status code: 404
2024-11-27 13:41:16.245 +01:00 [INF] Request starting HTTP/1.1 POST http://localhost:5272/Image/Update/8 - application/x-www-form-urlencoded 303
2024-11-27 13:41:16.255 +01:00 [INF] Executing endpoint 'GalleryNote.Controllers.ImageController.Update (GalleryNote)'
2024-11-27 13:41:16.256 +01:00 [INF] Route matched with {action = "Update", controller = "Image", page = "", area = ""}. Executing controller action with signature System.Threading.Tasks.Task`1[Microsoft.AspNetCore.Mvc.IActionResult] Update(GalleryNote.Models.Image, Microsoft.AspNetCore.Http.IFormFile) on controller GalleryNote.Controllers.ImageController (GalleryNote).
2024-11-27 13:41:16.264 +01:00 [INF] Executing ViewResult, running view Update.
2024-11-27 13:41:16.269 +01:00 [INF] Executed ViewResult - view Update executed in 4.5873ms.
2024-11-27 13:41:16.269 +01:00 [INF] Executed action GalleryNote.Controllers.ImageController.Update (GalleryNote) in 13.1105ms
2024-11-27 13:41:16.269 +01:00 [INF] Executed endpoint 'GalleryNote.Controllers.ImageController.Update (GalleryNote)'
2024-11-27 13:41:16.270 +01:00 [INF] Request finished HTTP/1.1 POST http://localhost:5272/Image/Update/8 - 200 null text/html; charset=utf-8 24.9587ms
2024-11-27 13:41:16.420 +01:00 [INF] Request starting HTTP/1.1 GET http://localhost:5272/js/bootstrap.js.map - null null
2024-11-27 13:41:16.423 +01:00 [INF] Request finished HTTP/1.1 GET http://localhost:5272/js/bootstrap.js.map - 404 0 null 3.202ms
2024-11-27 13:41:16.424 +01:00 [INF] Request reached the end of the middleware pipeline without being handled by application code. Request path: GET http://localhost:5272/js/bootstrap.js.map, Response status code: 404
2024-11-27 13:41:16.596 +01:00 [INF] Request starting HTTP/1.1 POST http://localhost:5272/Image/Update/8 - application/x-www-form-urlencoded 303
2024-11-27 13:41:16.602 +01:00 [INF] Executing endpoint 'GalleryNote.Controllers.ImageController.Update (GalleryNote)'
2024-11-27 13:41:16.603 +01:00 [INF] Route matched with {action = "Update", controller = "Image", page = "", area = ""}. Executing controller action with signature System.Threading.Tasks.Task`1[Microsoft.AspNetCore.Mvc.IActionResult] Update(GalleryNote.Models.Image, Microsoft.AspNetCore.Http.IFormFile) on controller GalleryNote.Controllers.ImageController (GalleryNote).
2024-11-27 13:41:16.606 +01:00 [INF] Executing ViewResult, running view Update.
2024-11-27 13:41:16.612 +01:00 [INF] Executed ViewResult - view Update executed in 6.0212ms.
2024-11-27 13:41:16.612 +01:00 [INF] Executed action GalleryNote.Controllers.ImageController.Update (GalleryNote) in 9.1431ms
2024-11-27 13:41:16.612 +01:00 [INF] Executed endpoint 'GalleryNote.Controllers.ImageController.Update (GalleryNote)'
2024-11-27 13:41:16.612 +01:00 [INF] Request finished HTTP/1.1 POST http://localhost:5272/Image/Update/8 - 200 null text/html; charset=utf-8 15.9226ms
2024-11-27 13:41:16.770 +01:00 [INF] Request starting HTTP/1.1 GET http://localhost:5272/js/bootstrap.js.map - null null
2024-11-27 13:41:16.774 +01:00 [INF] Request finished HTTP/1.1 GET http://localhost:5272/js/bootstrap.js.map - 404 0 null 4.3803ms
2024-11-27 13:41:16.774 +01:00 [INF] Request reached the end of the middleware pipeline without being handled by application code. Request path: GET http://localhost:5272/js/bootstrap.js.map, Response status code: 404
2024-11-27 13:41:17.007 +01:00 [INF] Request starting HTTP/1.1 POST http://localhost:5272/Image/Update/8 - application/x-www-form-urlencoded 303
2024-11-27 13:41:17.015 +01:00 [INF] Executing endpoint 'GalleryNote.Controllers.ImageController.Update (GalleryNote)'
2024-11-27 13:41:17.015 +01:00 [INF] Route matched with {action = "Update", controller = "Image", page = "", area = ""}. Executing controller action with signature System.Threading.Tasks.Task`1[Microsoft.AspNetCore.Mvc.IActionResult] Update(GalleryNote.Models.Image, Microsoft.AspNetCore.Http.IFormFile) on controller GalleryNote.Controllers.ImageController (GalleryNote).
2024-11-27 13:41:17.018 +01:00 [INF] Executing ViewResult, running view Update.
2024-11-27 13:41:17.020 +01:00 [INF] Executed ViewResult - view Update executed in 2.7947ms.
2024-11-27 13:41:17.020 +01:00 [INF] Executed action GalleryNote.Controllers.ImageController.Update (GalleryNote) in 5.5492ms
2024-11-27 13:41:17.021 +01:00 [INF] Executed endpoint 'GalleryNote.Controllers.ImageController.Update (GalleryNote)'
2024-11-27 13:41:17.021 +01:00 [INF] Request finished HTTP/1.1 POST http://localhost:5272/Image/Update/8 - 200 null text/html; charset=utf-8 14.2799ms
2024-11-27 13:41:17.145 +01:00 [INF] Request starting HTTP/1.1 GET http://localhost:5272/js/bootstrap.js.map - null null
2024-11-27 13:41:17.149 +01:00 [INF] Request finished HTTP/1.1 GET http://localhost:5272/js/bootstrap.js.map - 404 0 null 4.1752ms
2024-11-27 13:41:17.149 +01:00 [INF] Request reached the end of the middleware pipeline without being handled by application code. Request path: GET http://localhost:5272/js/bootstrap.js.map, Response status code: 404
2024-11-27 13:41:17.369 +01:00 [INF] Request starting HTTP/1.1 POST http://localhost:5272/Image/Update/8 - application/x-www-form-urlencoded 303
2024-11-27 13:41:17.372 +01:00 [INF] Executing endpoint 'GalleryNote.Controllers.ImageController.Update (GalleryNote)'
2024-11-27 13:41:17.372 +01:00 [INF] Route matched with {action = "Update", controller = "Image", page = "", area = ""}. Executing controller action with signature System.Threading.Tasks.Task`1[Microsoft.AspNetCore.Mvc.IActionResult] Update(GalleryNote.Models.Image, Microsoft.AspNetCore.Http.IFormFile) on controller GalleryNote.Controllers.ImageController (GalleryNote).
2024-11-27 13:41:17.378 +01:00 [INF] Executing ViewResult, running view Update.
2024-11-27 13:41:17.380 +01:00 [INF] Executed ViewResult - view Update executed in 2.4009ms.
2024-11-27 13:41:17.381 +01:00 [INF] Executed action GalleryNote.Controllers.ImageController.Update (GalleryNote) in 8.1682ms
2024-11-27 13:41:17.381 +01:00 [INF] Executed endpoint 'GalleryNote.Controllers.ImageController.Update (GalleryNote)'
2024-11-27 13:41:17.381 +01:00 [INF] Request finished HTTP/1.1 POST http://localhost:5272/Image/Update/8 - 200 null text/html; charset=utf-8 12.4612ms
2024-11-27 13:41:17.487 +01:00 [INF] Request starting HTTP/1.1 GET http://localhost:5272/js/bootstrap.js.map - null null
2024-11-27 13:41:17.489 +01:00 [INF] Request finished HTTP/1.1 GET http://localhost:5272/js/bootstrap.js.map - 404 0 null 2.4412ms
2024-11-27 13:41:17.490 +01:00 [INF] Request reached the end of the middleware pipeline without being handled by application code. Request path: GET http://localhost:5272/js/bootstrap.js.map, Response status code: 404
2024-11-27 13:41:17.640 +01:00 [INF] Request starting HTTP/1.1 POST http://localhost:5272/Image/Update/8 - application/x-www-form-urlencoded 303
2024-11-27 13:41:17.643 +01:00 [INF] Executing endpoint 'GalleryNote.Controllers.ImageController.Update (GalleryNote)'
2024-11-27 13:41:17.644 +01:00 [INF] Route matched with {action = "Update", controller = "Image", page = "", area = ""}. Executing controller action with signature System.Threading.Tasks.Task`1[Microsoft.AspNetCore.Mvc.IActionResult] Update(GalleryNote.Models.Image, Microsoft.AspNetCore.Http.IFormFile) on controller GalleryNote.Controllers.ImageController (GalleryNote).
2024-11-27 13:41:17.647 +01:00 [INF] Executing ViewResult, running view Update.
2024-11-27 13:41:17.650 +01:00 [INF] Executed ViewResult - view Update executed in 3.0092ms.
2024-11-27 13:41:17.650 +01:00 [INF] Executed action GalleryNote.Controllers.ImageController.Update (GalleryNote) in 6.6984ms
2024-11-27 13:41:17.651 +01:00 [INF] Executed endpoint 'GalleryNote.Controllers.ImageController.Update (GalleryNote)'
2024-11-27 13:41:17.651 +01:00 [INF] Request finished HTTP/1.1 POST http://localhost:5272/Image/Update/8 - 200 null text/html; charset=utf-8 10.8836ms
2024-11-27 13:41:17.747 +01:00 [INF] Request starting HTTP/1.1 GET http://localhost:5272/js/bootstrap.js.map - null null
2024-11-27 13:41:17.753 +01:00 [INF] Request finished HTTP/1.1 GET http://localhost:5272/js/bootstrap.js.map - 404 0 null 5.7061ms
2024-11-27 13:41:17.753 +01:00 [INF] Request reached the end of the middleware pipeline without being handled by application code. Request path: GET http://localhost:5272/js/bootstrap.js.map, Response status code: 404
2024-11-27 13:41:17.932 +01:00 [INF] Request starting HTTP/1.1 POST http://localhost:5272/Image/Update/8 - application/x-www-form-urlencoded 303
2024-11-27 13:41:17.935 +01:00 [INF] Executing endpoint 'GalleryNote.Controllers.ImageController.Update (GalleryNote)'
2024-11-27 13:41:17.935 +01:00 [INF] Route matched with {action = "Update", controller = "Image", page = "", area = ""}. Executing controller action with signature System.Threading.Tasks.Task`1[Microsoft.AspNetCore.Mvc.IActionResult] Update(GalleryNote.Models.Image, Microsoft.AspNetCore.Http.IFormFile) on controller GalleryNote.Controllers.ImageController (GalleryNote).
2024-11-27 13:41:17.938 +01:00 [INF] Executing ViewResult, running view Update.
2024-11-27 13:41:17.941 +01:00 [INF] Executed ViewResult - view Update executed in 2.9144ms.
2024-11-27 13:41:17.941 +01:00 [INF] Executed action GalleryNote.Controllers.ImageController.Update (GalleryNote) in 5.7706ms
2024-11-27 13:41:17.941 +01:00 [INF] Executed endpoint 'GalleryNote.Controllers.ImageController.Update (GalleryNote)'
2024-11-27 13:41:17.942 +01:00 [INF] Request finished HTTP/1.1 POST http://localhost:5272/Image/Update/8 - 200 null text/html; charset=utf-8 10.195ms
2024-11-27 13:41:18.050 +01:00 [INF] Request starting HTTP/1.1 GET http://localhost:5272/js/bootstrap.js.map - null null
2024-11-27 13:41:18.053 +01:00 [INF] Request finished HTTP/1.1 GET http://localhost:5272/js/bootstrap.js.map - 404 0 null 3.4382ms
2024-11-27 13:41:18.053 +01:00 [INF] Request reached the end of the middleware pipeline without being handled by application code. Request path: GET http://localhost:5272/js/bootstrap.js.map, Response status code: 404
2024-11-27 13:41:18.235 +01:00 [INF] Request starting HTTP/1.1 POST http://localhost:5272/Image/Update/8 - application/x-www-form-urlencoded 303
2024-11-27 13:41:18.239 +01:00 [INF] Executing endpoint 'GalleryNote.Controllers.ImageController.Update (GalleryNote)'
2024-11-27 13:41:18.239 +01:00 [INF] Route matched with {action = "Update", controller = "Image", page = "", area = ""}. Executing controller action with signature System.Threading.Tasks.Task`1[Microsoft.AspNetCore.Mvc.IActionResult] Update(GalleryNote.Models.Image, Microsoft.AspNetCore.Http.IFormFile) on controller GalleryNote.Controllers.ImageController (GalleryNote).
2024-11-27 13:41:18.240 +01:00 [INF] Executing ViewResult, running view Update.
2024-11-27 13:41:18.243 +01:00 [INF] Executed ViewResult - view Update executed in 2.4238ms.
2024-11-27 13:41:18.243 +01:00 [INF] Executed action GalleryNote.Controllers.ImageController.Update (GalleryNote) in 4.0786ms
2024-11-27 13:41:18.243 +01:00 [INF] Executed endpoint 'GalleryNote.Controllers.ImageController.Update (GalleryNote)'
2024-11-27 13:41:18.243 +01:00 [INF] Request finished HTTP/1.1 POST http://localhost:5272/Image/Update/8 - 200 null text/html; charset=utf-8 8.6488ms
2024-11-27 13:41:18.363 +01:00 [INF] Request starting HTTP/1.1 GET http://localhost:5272/js/bootstrap.js.map - null null
2024-11-27 13:41:18.365 +01:00 [INF] Request finished HTTP/1.1 GET http://localhost:5272/js/bootstrap.js.map - 404 0 null 2.583ms
2024-11-27 13:41:18.366 +01:00 [INF] Request reached the end of the middleware pipeline without being handled by application code. Request path: GET http://localhost:5272/js/bootstrap.js.map, Response status code: 404
2024-11-27 13:41:18.607 +01:00 [INF] Request starting HTTP/1.1 POST http://localhost:5272/Image/Update/8 - application/x-www-form-urlencoded 303
2024-11-27 13:41:18.614 +01:00 [INF] Executing endpoint 'GalleryNote.Controllers.ImageController.Update (GalleryNote)'
2024-11-27 13:41:18.615 +01:00 [INF] Route matched with {action = "Update", controller = "Image", page = "", area = ""}. Executing controller action with signature System.Threading.Tasks.Task`1[Microsoft.AspNetCore.Mvc.IActionResult] Update(GalleryNote.Models.Image, Microsoft.AspNetCore.Http.IFormFile) on controller GalleryNote.Controllers.ImageController (GalleryNote).
2024-11-27 13:41:18.622 +01:00 [INF] Executing ViewResult, running view Update.
2024-11-27 13:41:18.626 +01:00 [INF] Executed ViewResult - view Update executed in 3.1868ms.
2024-11-27 13:41:18.626 +01:00 [INF] Executed action GalleryNote.Controllers.ImageController.Update (GalleryNote) in 10.3876ms
2024-11-27 13:41:18.626 +01:00 [INF] Executed endpoint 'GalleryNote.Controllers.ImageController.Update (GalleryNote)'
2024-11-27 13:41:18.626 +01:00 [INF] Request finished HTTP/1.1 POST http://localhost:5272/Image/Update/8 - 200 null text/html; charset=utf-8 19.744ms
2024-11-27 13:41:18.777 +01:00 [INF] Request starting HTTP/1.1 GET http://localhost:5272/js/bootstrap.js.map - null null
2024-11-27 13:41:18.780 +01:00 [INF] Request finished HTTP/1.1 GET http://localhost:5272/js/bootstrap.js.map - 404 0 null 2.9886ms
2024-11-27 13:41:18.780 +01:00 [INF] Request reached the end of the middleware pipeline without being handled by application code. Request path: GET http://localhost:5272/js/bootstrap.js.map, Response status code: 404
2024-11-27 13:41:18.979 +01:00 [INF] Request starting HTTP/1.1 POST http://localhost:5272/Image/Update/8 - application/x-www-form-urlencoded 303
2024-11-27 13:41:18.982 +01:00 [INF] Executing endpoint 'GalleryNote.Controllers.ImageController.Update (GalleryNote)'
2024-11-27 13:41:18.983 +01:00 [INF] Route matched with {action = "Update", controller = "Image", page = "", area = ""}. Executing controller action with signature System.Threading.Tasks.Task`1[Microsoft.AspNetCore.Mvc.IActionResult] Update(GalleryNote.Models.Image, Microsoft.AspNetCore.Http.IFormFile) on controller GalleryNote.Controllers.ImageController (GalleryNote).
2024-11-27 13:41:18.987 +01:00 [INF] Executing ViewResult, running view Update.
2024-11-27 13:41:18.989 +01:00 [INF] Executed ViewResult - view Update executed in 2.389ms.
2024-11-27 13:41:18.989 +01:00 [INF] Executed action GalleryNote.Controllers.ImageController.Update (GalleryNote) in 6.4707ms
2024-11-27 13:41:18.989 +01:00 [INF] Executed endpoint 'GalleryNote.Controllers.ImageController.Update (GalleryNote)'
2024-11-27 13:41:18.990 +01:00 [INF] Request finished HTTP/1.1 POST http://localhost:5272/Image/Update/8 - 200 null text/html; charset=utf-8 10.8404ms
2024-11-27 13:41:19.104 +01:00 [INF] Request starting HTTP/1.1 GET http://localhost:5272/js/bootstrap.js.map - null null
2024-11-27 13:41:19.118 +01:00 [INF] Request finished HTTP/1.1 GET http://localhost:5272/js/bootstrap.js.map - 404 0 null 6.6001ms
2024-11-27 13:41:19.118 +01:00 [INF] Request reached the end of the middleware pipeline without being handled by application code. Request path: GET http://localhost:5272/js/bootstrap.js.map, Response status code: 404
2024-11-27 13:41:36.301 +01:00 [INF] Request starting HTTP/1.1 POST http://localhost:5272/Image/Update/8 - application/x-www-form-urlencoded 303
2024-11-27 13:41:36.305 +01:00 [INF] Executing endpoint 'GalleryNote.Controllers.ImageController.Update (GalleryNote)'
2024-11-27 13:41:36.306 +01:00 [INF] Route matched with {action = "Update", controller = "Image", page = "", area = ""}. Executing controller action with signature System.Threading.Tasks.Task`1[Microsoft.AspNetCore.Mvc.IActionResult] Update(GalleryNote.Models.Image, Microsoft.AspNetCore.Http.IFormFile) on controller GalleryNote.Controllers.ImageController (GalleryNote).
2024-11-27 13:41:36.308 +01:00 [INF] Executing ViewResult, running view Update.
2024-11-27 13:41:36.309 +01:00 [INF] Executed ViewResult - view Update executed in 1.5185ms.
2024-11-27 13:41:36.310 +01:00 [INF] Executed action GalleryNote.Controllers.ImageController.Update (GalleryNote) in 4.0281ms
2024-11-27 13:41:36.310 +01:00 [INF] Executed endpoint 'GalleryNote.Controllers.ImageController.Update (GalleryNote)'
2024-11-27 13:41:36.310 +01:00 [INF] Request finished HTTP/1.1 POST http://localhost:5272/Image/Update/8 - 200 null text/html; charset=utf-8 9.2079ms
2024-11-27 13:41:39.303 +01:00 [INF] Request starting HTTP/1.1 GET http://localhost:5272/Note/Grid?active=active - null null
2024-11-27 13:41:39.306 +01:00 [INF] Executing endpoint 'GalleryNote.Controllers.NoteController.Grid (GalleryNote)'
2024-11-27 13:41:39.316 +01:00 [INF] Route matched with {action = "Grid", controller = "Note", page = "", area = ""}. Executing controller action with signature System.Threading.Tasks.Task`1[Microsoft.AspNetCore.Mvc.IActionResult] Grid() on controller GalleryNote.Controllers.NoteController (GalleryNote).
2024-11-27 13:41:39.373 +01:00 [INF] Executing ViewResult, running view Grid.
2024-11-27 13:41:39.382 +01:00 [INF] Executed ViewResult - view Grid executed in 9.5238ms.
2024-11-27 13:41:39.382 +01:00 [INF] Executed action GalleryNote.Controllers.NoteController.Grid (GalleryNote) in 66.4614ms
2024-11-27 13:41:39.382 +01:00 [INF] Executed endpoint 'GalleryNote.Controllers.NoteController.Grid (GalleryNote)'
2024-11-27 13:41:39.385 +01:00 [INF] Request finished HTTP/1.1 GET http://localhost:5272/Note/Grid?active=active - 200 null text/html; charset=utf-8 81.9409ms
2024-11-27 13:41:41.007 +01:00 [INF] Request starting HTTP/1.1 GET http://localhost:5272/Note/Update/6 - null null
2024-11-27 13:41:41.009 +01:00 [INF] Executing endpoint 'GalleryNote.Controllers.NoteController.Update (GalleryNote)'
2024-11-27 13:41:41.014 +01:00 [INF] Route matched with {action = "Update", controller = "Note", page = "", area = ""}. Executing controller action with signature System.Threading.Tasks.Task`1[Microsoft.AspNetCore.Mvc.IActionResult] Update(Int32) on controller GalleryNote.Controllers.NoteController (GalleryNote).
2024-11-27 13:41:41.059 +01:00 [INF] Executing ViewResult, running view Update.
2024-11-27 13:41:41.075 +01:00 [INF] Executed ViewResult - view Update executed in 16.4476ms.
2024-11-27 13:41:41.075 +01:00 [INF] Executed action GalleryNote.Controllers.NoteController.Update (GalleryNote) in 60.9584ms
2024-11-27 13:41:41.075 +01:00 [INF] Executed endpoint 'GalleryNote.Controllers.NoteController.Update (GalleryNote)'
2024-11-27 13:41:41.075 +01:00 [INF] Request finished HTTP/1.1 GET http://localhost:5272/Note/Update/6 - 200 null text/html; charset=utf-8 68.3231ms
2024-11-27 13:41:44.778 +01:00 [INF] Request starting HTTP/1.1 POST http://localhost:5272/Note/Update/6 - application/x-www-form-urlencoded 275
2024-11-27 13:41:44.780 +01:00 [INF] Executing endpoint 'GalleryNote.Controllers.NoteController.Update (GalleryNote)'
2024-11-27 13:41:44.787 +01:00 [INF] Route matched with {action = "Update", controller = "Note", page = "", area = ""}. Executing controller action with signature System.Threading.Tasks.Task`1[Microsoft.AspNetCore.Mvc.IActionResult] Update(GalleryNote.Models.Note) on controller GalleryNote.Controllers.NoteController (GalleryNote).
2024-11-27 13:41:44.837 +01:00 [ERR] [NoteRepository] note update failed for NoteId 0006, error message: The instance of entity type 'Note' cannot be tracked because another instance with the same key value for {'Id'} is already being tracked. When attaching existing entities, ensure that only one entity instance with a given key value is attached. Consider using 'DbContextOptionsBuilder.EnableSensitiveDataLogging' to see the conflicting key values.
2024-11-27 13:41:44.837 +01:00 [INF] Executing ViewResult, running view Update.
2024-11-27 13:41:44.841 +01:00 [INF] Executed ViewResult - view Update executed in 3.3377ms.
2024-11-27 13:41:44.841 +01:00 [INF] Executed action GalleryNote.Controllers.NoteController.Update (GalleryNote) in 53.6267ms
2024-11-27 13:41:44.841 +01:00 [INF] Executed endpoint 'GalleryNote.Controllers.NoteController.Update (GalleryNote)'
2024-11-27 13:41:44.843 +01:00 [INF] Request finished HTTP/1.1 POST http://localhost:5272/Note/Update/6 - 200 null text/html; charset=utf-8 65.0631ms
2024-11-27 13:41:45.511 +01:00 [INF] Request starting HTTP/1.1 POST http://localhost:5272/Note/Update/6 - application/x-www-form-urlencoded 275
2024-11-27 13:41:45.513 +01:00 [INF] Executing endpoint 'GalleryNote.Controllers.NoteController.Update (GalleryNote)'
2024-11-27 13:41:45.513 +01:00 [INF] Route matched with {action = "Update", controller = "Note", page = "", area = ""}. Executing controller action with signature System.Threading.Tasks.Task`1[Microsoft.AspNetCore.Mvc.IActionResult] Update(GalleryNote.Models.Note) on controller GalleryNote.Controllers.NoteController (GalleryNote).
2024-11-27 13:41:45.518 +01:00 [ERR] [NoteRepository] note update failed for NoteId 0006, error message: The instance of entity type 'Note' cannot be tracked because another instance with the same key value for {'Id'} is already being tracked. When attaching existing entities, ensure that only one entity instance with a given key value is attached. Consider using 'DbContextOptionsBuilder.EnableSensitiveDataLogging' to see the conflicting key values.
2024-11-27 13:41:45.519 +01:00 [INF] Executing ViewResult, running view Update.
2024-11-27 13:41:45.521 +01:00 [INF] Executed ViewResult - view Update executed in 2.2271ms.
2024-11-27 13:41:45.521 +01:00 [INF] Executed action GalleryNote.Controllers.NoteController.Update (GalleryNote) in 8.1338ms
2024-11-27 13:41:45.521 +01:00 [INF] Executed endpoint 'GalleryNote.Controllers.NoteController.Update (GalleryNote)'
2024-11-27 13:41:45.522 +01:00 [INF] Request finished HTTP/1.1 POST http://localhost:5272/Note/Update/6 - 200 null text/html; charset=utf-8 11.4548ms
2024-11-27 13:41:45.668 +01:00 [INF] Request starting HTTP/1.1 POST http://localhost:5272/Note/Update/6 - application/x-www-form-urlencoded 275
2024-11-27 13:41:45.670 +01:00 [INF] Executing endpoint 'GalleryNote.Controllers.NoteController.Update (GalleryNote)'
2024-11-27 13:41:45.670 +01:00 [INF] Route matched with {action = "Update", controller = "Note", page = "", area = ""}. Executing controller action with signature System.Threading.Tasks.Task`1[Microsoft.AspNetCore.Mvc.IActionResult] Update(GalleryNote.Models.Note) on controller GalleryNote.Controllers.NoteController (GalleryNote).
2024-11-27 13:41:45.672 +01:00 [ERR] [NoteRepository] note update failed for NoteId 0006, error message: The instance of entity type 'Note' cannot be tracked because another instance with the same key value for {'Id'} is already being tracked. When attaching existing entities, ensure that only one entity instance with a given key value is attached. Consider using 'DbContextOptionsBuilder.EnableSensitiveDataLogging' to see the conflicting key values.
2024-11-27 13:41:45.673 +01:00 [INF] Executing ViewResult, running view Update.
2024-11-27 13:41:45.674 +01:00 [INF] Executed ViewResult - view Update executed in 1.407ms.
2024-11-27 13:41:45.674 +01:00 [INF] Executed action GalleryNote.Controllers.NoteController.Update (GalleryNote) in 4.4929ms
2024-11-27 13:41:45.674 +01:00 [INF] Executed endpoint 'GalleryNote.Controllers.NoteController.Update (GalleryNote)'
2024-11-27 13:41:45.675 +01:00 [INF] Request finished HTTP/1.1 POST http://localhost:5272/Note/Update/6 - 200 null text/html; charset=utf-8 6.7754ms
2024-11-27 13:41:45.818 +01:00 [INF] Request starting HTTP/1.1 POST http://localhost:5272/Note/Update/6 - application/x-www-form-urlencoded 275
2024-11-27 13:41:45.822 +01:00 [INF] Executing endpoint 'GalleryNote.Controllers.NoteController.Update (GalleryNote)'
2024-11-27 13:41:45.822 +01:00 [INF] Route matched with {action = "Update", controller = "Note", page = "", area = ""}. Executing controller action with signature System.Threading.Tasks.Task`1[Microsoft.AspNetCore.Mvc.IActionResult] Update(GalleryNote.Models.Note) on controller GalleryNote.Controllers.NoteController (GalleryNote).
2024-11-27 13:41:45.825 +01:00 [ERR] [NoteRepository] note update failed for NoteId 0006, error message: The instance of entity type 'Note' cannot be tracked because another instance with the same key value for {'Id'} is already being tracked. When attaching existing entities, ensure that only one entity instance with a given key value is attached. Consider using 'DbContextOptionsBuilder.EnableSensitiveDataLogging' to see the conflicting key values.
2024-11-27 13:41:45.825 +01:00 [INF] Executing ViewResult, running view Update.
2024-11-27 13:41:45.827 +01:00 [INF] Executed ViewResult - view Update executed in 1.2192ms.
2024-11-27 13:41:45.827 +01:00 [INF] Executed action GalleryNote.Controllers.NoteController.Update (GalleryNote) in 4.4145ms
2024-11-27 13:41:45.827 +01:00 [INF] Executed endpoint 'GalleryNote.Controllers.NoteController.Update (GalleryNote)'
2024-11-27 13:41:45.827 +01:00 [INF] Request finished HTTP/1.1 POST http://localhost:5272/Note/Update/6 - 200 null text/html; charset=utf-8 9.573ms
2024-11-27 13:41:45.954 +01:00 [INF] Request starting HTTP/1.1 POST http://localhost:5272/Note/Update/6 - application/x-www-form-urlencoded 275
2024-11-27 13:41:45.957 +01:00 [INF] Executing endpoint 'GalleryNote.Controllers.NoteController.Update (GalleryNote)'
2024-11-27 13:41:45.957 +01:00 [INF] Route matched with {action = "Update", controller = "Note", page = "", area = ""}. Executing controller action with signature System.Threading.Tasks.Task`1[Microsoft.AspNetCore.Mvc.IActionResult] Update(GalleryNote.Models.Note) on controller GalleryNote.Controllers.NoteController (GalleryNote).
2024-11-27 13:41:45.959 +01:00 [ERR] [NoteRepository] note update failed for NoteId 0006, error message: The instance of entity type 'Note' cannot be tracked because another instance with the same key value for {'Id'} is already being tracked. When attaching existing entities, ensure that only one entity instance with a given key value is attached. Consider using 'DbContextOptionsBuilder.EnableSensitiveDataLogging' to see the conflicting key values.
2024-11-27 13:41:45.959 +01:00 [INF] Executing ViewResult, running view Update.
2024-11-27 13:41:45.960 +01:00 [INF] Executed ViewResult - view Update executed in 0.8659ms.
2024-11-27 13:41:45.960 +01:00 [INF] Executed action GalleryNote.Controllers.NoteController.Update (GalleryNote) in 3.181ms
2024-11-27 13:41:45.960 +01:00 [INF] Executed endpoint 'GalleryNote.Controllers.NoteController.Update (GalleryNote)'
2024-11-27 13:41:45.960 +01:00 [INF] Request finished HTTP/1.1 POST http://localhost:5272/Note/Update/6 - 200 null text/html; charset=utf-8 5.8493ms
2024-11-27 13:42:05.385 +01:00 [INF] Request starting HTTP/1.1 POST http://localhost:5272/Note/Update/6 - application/x-www-form-urlencoded 275
2024-11-27 13:42:05.387 +01:00 [INF] Executing endpoint 'GalleryNote.Controllers.NoteController.Update (GalleryNote)'
2024-11-27 13:42:05.387 +01:00 [INF] Route matched with {action = "Update", controller = "Note", page = "", area = ""}. Executing controller action with signature System.Threading.Tasks.Task`1[Microsoft.AspNetCore.Mvc.IActionResult] Update(GalleryNote.Models.Note) on controller GalleryNote.Controllers.NoteController (GalleryNote).
2024-11-27 13:42:05.396 +01:00 [ERR] [NoteRepository] note update failed for NoteId 0006, error message: The instance of entity type 'Note' cannot be tracked because another instance with the same key value for {'Id'} is already being tracked. When attaching existing entities, ensure that only one entity instance with a given key value is attached. Consider using 'DbContextOptionsBuilder.EnableSensitiveDataLogging' to see the conflicting key values.
2024-11-27 13:42:05.397 +01:00 [INF] Executing ViewResult, running view Update.
2024-11-27 13:42:05.400 +01:00 [INF] Executed ViewResult - view Update executed in 3.4907ms.
2024-11-27 13:42:05.400 +01:00 [INF] Executed action GalleryNote.Controllers.NoteController.Update (GalleryNote) in 12.8112ms
2024-11-27 13:42:05.400 +01:00 [INF] Executed endpoint 'GalleryNote.Controllers.NoteController.Update (GalleryNote)'
2024-11-27 13:42:05.401 +01:00 [INF] Request finished HTTP/1.1 POST http://localhost:5272/Note/Update/6 - 200 null text/html; charset=utf-8 15.8727ms
2024-11-27 13:46:21.765 +01:00 [INF] Request starting HTTP/1.1 POST http://localhost:5272/Note/Update/6 - application/x-www-form-urlencoded 275
2024-11-27 13:46:21.954 +01:00 [INF] Executing endpoint 'GalleryNote.Controllers.NoteController.Update (GalleryNote)'
2024-11-27 13:46:21.954 +01:00 [INF] Route matched with {action = "Update", controller = "Note", page = "", area = ""}. Executing controller action with signature System.Threading.Tasks.Task`1[Microsoft.AspNetCore.Mvc.IActionResult] Update(GalleryNote.Models.Note) on controller GalleryNote.Controllers.NoteController (GalleryNote).
2024-11-27 13:46:21.958 +01:00 [ERR] [NoteRepository] note update failed for NoteId 0006, error message: The instance of entity type 'Note' cannot be tracked because another instance with the same key value for {'Id'} is already being tracked. When attaching existing entities, ensure that only one entity instance with a given key value is attached. Consider using 'DbContextOptionsBuilder.EnableSensitiveDataLogging' to see the conflicting key values.
2024-11-27 13:46:21.959 +01:00 [INF] Executing ViewResult, running view Update.
2024-11-27 13:46:21.964 +01:00 [INF] Executed ViewResult - view Update executed in 5.0937ms.
2024-11-27 13:46:21.964 +01:00 [INF] Executed action GalleryNote.Controllers.NoteController.Update (GalleryNote) in 9.4926ms
2024-11-27 13:46:21.964 +01:00 [INF] Executed endpoint 'GalleryNote.Controllers.NoteController.Update (GalleryNote)'
2024-11-27 13:46:21.965 +01:00 [INF] Request finished HTTP/1.1 POST http://localhost:5272/Note/Update/6 - 200 null text/html; charset=utf-8 200.8813ms
2024-11-27 13:46:22.625 +01:00 [INF] Request starting HTTP/1.1 POST http://localhost:5272/Note/Update/6 - application/x-www-form-urlencoded 275
2024-11-27 13:46:22.629 +01:00 [INF] Executing endpoint 'GalleryNote.Controllers.NoteController.Update (GalleryNote)'
2024-11-27 13:46:22.630 +01:00 [INF] Route matched with {action = "Update", controller = "Note", page = "", area = ""}. Executing controller action with signature System.Threading.Tasks.Task`1[Microsoft.AspNetCore.Mvc.IActionResult] Update(GalleryNote.Models.Note) on controller GalleryNote.Controllers.NoteController (GalleryNote).
2024-11-27 13:46:22.639 +01:00 [ERR] [NoteRepository] note update failed for NoteId 0006, error message: The instance of entity type 'Note' cannot be tracked because another instance with the same key value for {'Id'} is already being tracked. When attaching existing entities, ensure that only one entity instance with a given key value is attached. Consider using 'DbContextOptionsBuilder.EnableSensitiveDataLogging' to see the conflicting key values.
2024-11-27 13:46:22.639 +01:00 [INF] Executing ViewResult, running view Update.
2024-11-27 13:46:22.642 +01:00 [INF] Executed ViewResult - view Update executed in 2.8019ms.
2024-11-27 13:46:22.643 +01:00 [INF] Executed action GalleryNote.Controllers.NoteController.Update (GalleryNote) in 13.0148ms
2024-11-27 13:46:22.643 +01:00 [INF] Executed endpoint 'GalleryNote.Controllers.NoteController.Update (GalleryNote)'
2024-11-27 13:46:22.644 +01:00 [INF] Request finished HTTP/1.1 POST http://localhost:5272/Note/Update/6 - 200 null text/html; charset=utf-8 19.2116ms
2024-11-27 13:46:25.046 +01:00 [INF] Request starting HTTP/1.1 GET http://localhost:5272/js/bootstrap.js.map - null null
2024-11-27 13:46:25.048 +01:00 [INF] Request finished HTTP/1.1 GET http://localhost:5272/js/bootstrap.js.map - 404 0 null 2.3718ms
2024-11-27 13:46:25.048 +01:00 [INF] Request reached the end of the middleware pipeline without being handled by application code. Request path: GET http://localhost:5272/js/bootstrap.js.map, Response status code: 404
2024-11-27 13:46:28.351 +01:00 [INF] Request starting HTTP/1.1 POST http://localhost:5272/Note/Update/6 - application/x-www-form-urlencoded 275
2024-11-27 13:46:28.354 +01:00 [INF] Executing endpoint 'GalleryNote.Controllers.NoteController.Update (GalleryNote)'
2024-11-27 13:46:28.354 +01:00 [INF] Route matched with {action = "Update", controller = "Note", page = "", area = ""}. Executing controller action with signature System.Threading.Tasks.Task`1[Microsoft.AspNetCore.Mvc.IActionResult] Update(GalleryNote.Models.Note) on controller GalleryNote.Controllers.NoteController (GalleryNote).
2024-11-27 13:46:28.359 +01:00 [ERR] [NoteRepository] note update failed for NoteId 0006, error message: The instance of entity type 'Note' cannot be tracked because another instance with the same key value for {'Id'} is already being tracked. When attaching existing entities, ensure that only one entity instance with a given key value is attached. Consider using 'DbContextOptionsBuilder.EnableSensitiveDataLogging' to see the conflicting key values.
2024-11-27 13:46:28.360 +01:00 [INF] Executing ViewResult, running view Update.
2024-11-27 13:46:28.364 +01:00 [INF] Executed ViewResult - view Update executed in 4.1712ms.
2024-11-27 13:46:28.364 +01:00 [INF] Executed action GalleryNote.Controllers.NoteController.Update (GalleryNote) in 9.9584ms
2024-11-27 13:46:28.364 +01:00 [INF] Executed endpoint 'GalleryNote.Controllers.NoteController.Update (GalleryNote)'
2024-11-27 13:46:28.365 +01:00 [INF] Request finished HTTP/1.1 POST http://localhost:5272/Note/Update/6 - 200 null text/html; charset=utf-8 14.104ms
2024-11-27 13:46:28.459 +01:00 [INF] Request starting HTTP/1.1 GET http://localhost:5272/js/bootstrap.js.map - null null
2024-11-27 13:46:28.461 +01:00 [INF] Request finished HTTP/1.1 GET http://localhost:5272/js/bootstrap.js.map - 404 0 null 2.8125ms
2024-11-27 13:46:28.462 +01:00 [INF] Request reached the end of the middleware pipeline without being handled by application code. Request path: GET http://localhost:5272/js/bootstrap.js.map, Response status code: 404
2024-11-27 13:46:29.254 +01:00 [INF] Request starting HTTP/1.1 POST http://localhost:5272/Note/Update/6 - application/x-www-form-urlencoded 275
2024-11-27 13:46:29.257 +01:00 [INF] Executing endpoint 'GalleryNote.Controllers.NoteController.Update (GalleryNote)'
2024-11-27 13:46:29.257 +01:00 [INF] Route matched with {action = "Update", controller = "Note", page = "", area = ""}. Executing controller action with signature System.Threading.Tasks.Task`1[Microsoft.AspNetCore.Mvc.IActionResult] Update(GalleryNote.Models.Note) on controller GalleryNote.Controllers.NoteController (GalleryNote).
2024-11-27 13:46:29.261 +01:00 [ERR] [NoteRepository] note update failed for NoteId 0006, error message: The instance of entity type 'Note' cannot be tracked because another instance with the same key value for {'Id'} is already being tracked. When attaching existing entities, ensure that only one entity instance with a given key value is attached. Consider using 'DbContextOptionsBuilder.EnableSensitiveDataLogging' to see the conflicting key values.
2024-11-27 13:46:29.262 +01:00 [INF] Executing ViewResult, running view Update.
2024-11-27 13:46:29.264 +01:00 [INF] Executed ViewResult - view Update executed in 2.1362ms.
2024-11-27 13:46:29.264 +01:00 [INF] Executed action GalleryNote.Controllers.NoteController.Update (GalleryNote) in 7.1161ms
2024-11-27 13:46:29.264 +01:00 [INF] Executed endpoint 'GalleryNote.Controllers.NoteController.Update (GalleryNote)'
2024-11-27 13:46:29.265 +01:00 [INF] Request finished HTTP/1.1 POST http://localhost:5272/Note/Update/6 - 200 null text/html; charset=utf-8 10.7904ms
2024-11-27 13:46:29.355 +01:00 [INF] Request starting HTTP/1.1 GET http://localhost:5272/js/bootstrap.js.map - null null
2024-11-27 13:46:29.360 +01:00 [INF] Request finished HTTP/1.1 GET http://localhost:5272/js/bootstrap.js.map - 404 0 null 5.6879ms
2024-11-27 13:46:29.361 +01:00 [INF] Request reached the end of the middleware pipeline without being handled by application code. Request path: GET http://localhost:5272/js/bootstrap.js.map, Response status code: 404
2024-11-27 13:46:40.075 +01:00 [INF] Request starting HTTP/1.1 POST http://localhost:5272/Note/Update/6 - application/x-www-form-urlencoded 275
2024-11-27 13:46:40.077 +01:00 [INF] Executing endpoint 'GalleryNote.Controllers.NoteController.Update (GalleryNote)'
2024-11-27 13:46:40.077 +01:00 [INF] Route matched with {action = "Update", controller = "Note", page = "", area = ""}. Executing controller action with signature System.Threading.Tasks.Task`1[Microsoft.AspNetCore.Mvc.IActionResult] Update(GalleryNote.Models.Note) on controller GalleryNote.Controllers.NoteController (GalleryNote).
2024-11-27 13:46:40.079 +01:00 [ERR] [NoteRepository] note update failed for NoteId 0006, error message: The instance of entity type 'Note' cannot be tracked because another instance with the same key value for {'Id'} is already being tracked. When attaching existing entities, ensure that only one entity instance with a given key value is attached. Consider using 'DbContextOptionsBuilder.EnableSensitiveDataLogging' to see the conflicting key values.
2024-11-27 13:46:40.079 +01:00 [INF] Executing ViewResult, running view Update.
2024-11-27 13:46:40.081 +01:00 [INF] Executed ViewResult - view Update executed in 1.8923ms.
2024-11-27 13:46:40.081 +01:00 [INF] Executed action GalleryNote.Controllers.NoteController.Update (GalleryNote) in 4.3998ms
2024-11-27 13:46:40.081 +01:00 [INF] Executed endpoint 'GalleryNote.Controllers.NoteController.Update (GalleryNote)'
2024-11-27 13:46:40.081 +01:00 [INF] Request finished HTTP/1.1 POST http://localhost:5272/Note/Update/6 - 200 null text/html; charset=utf-8 6.3417ms
2024-11-27 13:46:40.192 +01:00 [INF] Request starting HTTP/1.1 GET http://localhost:5272/js/bootstrap.js.map - null null
2024-11-27 13:46:40.196 +01:00 [INF] Request finished HTTP/1.1 GET http://localhost:5272/js/bootstrap.js.map - 404 0 null 3.0688ms
2024-11-27 13:46:40.196 +01:00 [INF] Request reached the end of the middleware pipeline without being handled by application code. Request path: GET http://localhost:5272/js/bootstrap.js.map, Response status code: 404
2024-11-27 13:49:07.541 +01:00 [INF] Request starting HTTP/1.1 POST http://localhost:5272/Note/Update/6 - application/x-www-form-urlencoded 275
2024-11-27 13:49:07.544 +01:00 [INF] Executing endpoint 'GalleryNote.Controllers.NoteController.Update (GalleryNote)'
2024-11-27 13:49:07.544 +01:00 [INF] Route matched with {action = "Update", controller = "Note", page = "", area = ""}. Executing controller action with signature System.Threading.Tasks.Task`1[Microsoft.AspNetCore.Mvc.IActionResult] Update(GalleryNote.Models.Note) on controller GalleryNote.Controllers.NoteController (GalleryNote).
2024-11-27 13:49:07.551 +01:00 [ERR] [NoteRepository] note update failed for NoteId 0006, error message: The instance of entity type 'Note' cannot be tracked because another instance with the same key value for {'Id'} is already being tracked. When attaching existing entities, ensure that only one entity instance with a given key value is attached. Consider using 'DbContextOptionsBuilder.EnableSensitiveDataLogging' to see the conflicting key values.
2024-11-27 13:49:07.552 +01:00 [INF] Executing ViewResult, running view Update.
2024-11-27 13:49:07.555 +01:00 [INF] Executed ViewResult - view Update executed in 3.1466ms.
2024-11-27 13:49:07.556 +01:00 [INF] Executed action GalleryNote.Controllers.NoteController.Update (GalleryNote) in 12.1803ms
2024-11-27 13:49:07.556 +01:00 [INF] Executed endpoint 'GalleryNote.Controllers.NoteController.Update (GalleryNote)'
2024-11-27 13:49:07.557 +01:00 [INF] Request finished HTTP/1.1 POST http://localhost:5272/Note/Update/6 - 200 null text/html; charset=utf-8 15.5761ms
2024-11-27 13:49:07.660 +01:00 [INF] Request starting HTTP/1.1 GET http://localhost:5272/js/bootstrap.js.map - null null
2024-11-27 13:49:07.663 +01:00 [INF] Request finished HTTP/1.1 GET http://localhost:5272/js/bootstrap.js.map - 404 0 null 3.0719ms
2024-11-27 13:49:07.664 +01:00 [INF] Request reached the end of the middleware pipeline without being handled by application code. Request path: GET http://localhost:5272/js/bootstrap.js.map, Response status code: 404
2024-11-27 13:49:10.277 +01:00 [INF] Request starting HTTP/1.1 GET http://localhost:5272/Note/Update/6 - null null
2024-11-27 13:49:10.280 +01:00 [INF] Executing endpoint 'GalleryNote.Controllers.NoteController.Update (GalleryNote)'
2024-11-27 13:49:10.280 +01:00 [INF] Route matched with {action = "Update", controller = "Note", page = "", area = ""}. Executing controller action with signature System.Threading.Tasks.Task`1[Microsoft.AspNetCore.Mvc.IActionResult] Update(Int32) on controller GalleryNote.Controllers.NoteController (GalleryNote).
2024-11-27 13:49:10.283 +01:00 [INF] Executing ViewResult, running view Update.
2024-11-27 13:49:10.285 +01:00 [INF] Executed ViewResult - view Update executed in 1.4771ms.
2024-11-27 13:49:10.285 +01:00 [INF] Executed action GalleryNote.Controllers.NoteController.Update (GalleryNote) in 4.9168ms
2024-11-27 13:49:10.285 +01:00 [INF] Executed endpoint 'GalleryNote.Controllers.NoteController.Update (GalleryNote)'
2024-11-27 13:49:10.285 +01:00 [INF] Request finished HTTP/1.1 GET http://localhost:5272/Note/Update/6 - 200 null text/html; charset=utf-8 8.0568ms
2024-11-27 13:55:22.122 +01:00 [INF] Application is shutting down...
