2024-11-28 13:47:01.742 +01:00 [INF] User profile is available. Using 'C:\Users\birko\AppData\Local\ASP.NET\DataProtection-Keys' as key repository and Windows DPAPI to encrypt keys at rest.
2024-11-28 13:47:02.081 +01:00 [INF] Now listening on: http://localhost:5272
2024-11-28 13:47:02.091 +01:00 [INF] Application started. Press Ctrl+C to shut down.
2024-11-28 13:47:02.093 +01:00 [INF] Hosting environment: Development
2024-11-28 13:47:02.094 +01:00 [INF] Content root path: C:\Users\birko\OneDrive - OsloMet\ITPE 3200 - Webapplikasjoner\GalleryNote project\GalleryNote – Kopi
2024-11-28 13:47:04.769 +01:00 [INF] Request starting HTTP/1.1 GET http://localhost:5272/ - null null
2024-11-28 13:47:04.964 +01:00 [INF] Executing endpoint 'GalleryNote.Controllers.HomeController.Index (GalleryNote)'
2024-11-28 13:47:04.991 +01:00 [INF] Route matched with {action = "Index", controller = "Home", page = "", area = ""}. Executing controller action with signature Microsoft.AspNetCore.Mvc.IActionResult Index() on controller GalleryNote.Controllers.HomeController (GalleryNote).
2024-11-28 13:47:05.011 +01:00 [INF] Executing ViewResult, running view Index.
2024-11-28 13:47:05.158 +01:00 [INF] Executed ViewResult - view Index executed in 153.588ms.
2024-11-28 13:47:05.164 +01:00 [INF] Executed action GalleryNote.Controllers.HomeController.Index (GalleryNote) in 170.9358ms
2024-11-28 13:47:05.164 +01:00 [INF] Executed endpoint 'GalleryNote.Controllers.HomeController.Index (GalleryNote)'
2024-11-28 13:47:05.182 +01:00 [INF] Request finished HTTP/1.1 GET http://localhost:5272/ - 200 null text/html; charset=utf-8 420.7655ms
2024-11-28 13:47:05.204 +01:00 [INF] Request starting HTTP/1.1 GET http://localhost:5272/images/example1.jpg - null null
2024-11-28 13:47:05.204 +01:00 [INF] Request starting HTTP/1.1 GET http://localhost:5272/images/example2.jpg - null null
2024-11-28 13:47:05.216 +01:00 [INF] The file /images/example1.jpg was not modified
2024-11-28 13:47:05.216 +01:00 [INF] The file /images/example2.jpg was not modified
2024-11-28 13:47:05.218 +01:00 [INF] Request finished HTTP/1.1 GET http://localhost:5272/images/example2.jpg - 304 null image/jpeg 13.8587ms
2024-11-28 13:47:05.218 +01:00 [INF] Request finished HTTP/1.1 GET http://localhost:5272/images/example1.jpg - 304 null image/jpeg 13.8376ms
2024-11-28 13:47:05.274 +01:00 [INF] Request starting HTTP/1.1 GET http://localhost:5272/images/example3.jpg - null null
2024-11-28 13:47:05.278 +01:00 [INF] The file /images/example3.jpg was not modified
2024-11-28 13:47:05.279 +01:00 [INF] Request finished HTTP/1.1 GET http://localhost:5272/images/example3.jpg - 304 null image/jpeg 4.6339ms
2024-11-28 13:47:19.546 +01:00 [INF] Request starting HTTP/1.1 POST http://localhost:5272/Identity/Account/Logout?returnUrl=%2F - application/x-www-form-urlencoded 225
2024-11-28 13:47:19.722 +01:00 [INF] Executing endpoint '/Account/Logout'
2024-11-28 13:47:19.764 +01:00 [INF] Route matched with {page = "/Account/Logout", area = "Identity", action = "", controller = ""}. Executing page /Account/Logout
2024-11-28 13:47:19.823 +01:00 [INF] Executing handler method GalleryNote.Areas.Identity.Pages.Account.LogoutModel.OnPost - ModelState is "Valid"
2024-11-28 13:47:19.837 +01:00 [INF] AuthenticationScheme: Identity.Application signed out.
2024-11-28 13:47:19.840 +01:00 [INF] AuthenticationScheme: Identity.External signed out.
2024-11-28 13:47:19.840 +01:00 [INF] AuthenticationScheme: Identity.TwoFactorUserId signed out.
2024-11-28 13:47:19.841 +01:00 [INF] User logged out.
2024-11-28 13:47:19.842 +01:00 [INF] Executed handler method OnPost, returned result Microsoft.AspNetCore.Mvc.LocalRedirectResult.
2024-11-28 13:47:19.846 +01:00 [INF] Executing LocalRedirectResult, redirecting to /.
2024-11-28 13:47:19.847 +01:00 [INF] Executed page /Account/Logout in 82.0502ms
2024-11-28 13:47:19.847 +01:00 [INF] Executed endpoint '/Account/Logout'
2024-11-28 13:47:19.848 +01:00 [INF] Request finished HTTP/1.1 POST http://localhost:5272/Identity/Account/Logout?returnUrl=%2F - 302 0 null 301.8027ms
2024-11-28 13:47:19.853 +01:00 [INF] Request starting HTTP/1.1 GET http://localhost:5272/ - null null
2024-11-28 13:47:19.854 +01:00 [INF] Executing endpoint 'GalleryNote.Controllers.HomeController.Index (GalleryNote)'
2024-11-28 13:47:19.855 +01:00 [INF] Route matched with {action = "Index", controller = "Home", page = "", area = ""}. Executing controller action with signature Microsoft.AspNetCore.Mvc.IActionResult Index() on controller GalleryNote.Controllers.HomeController (GalleryNote).
2024-11-28 13:47:19.856 +01:00 [INF] Executing ViewResult, running view Index.
2024-11-28 13:47:19.881 +01:00 [INF] Executed ViewResult - view Index executed in 24.8462ms.
2024-11-28 13:47:19.881 +01:00 [INF] Executed action GalleryNote.Controllers.HomeController.Index (GalleryNote) in 26.0026ms
2024-11-28 13:47:19.882 +01:00 [INF] Executed endpoint 'GalleryNote.Controllers.HomeController.Index (GalleryNote)'
2024-11-28 13:47:19.882 +01:00 [INF] Request finished HTTP/1.1 GET http://localhost:5272/ - 200 null text/html; charset=utf-8 29.6591ms
2024-11-28 13:47:23.392 +01:00 [INF] Request starting HTTP/1.1 GET http://localhost:5272/Identity/Account/Register - null null
2024-11-28 13:47:23.402 +01:00 [INF] Executing endpoint '/Account/Register'
2024-11-28 13:47:23.428 +01:00 [INF] Route matched with {page = "/Account/Register", area = "Identity", action = "", controller = ""}. Executing page /Account/Register
2024-11-28 13:47:23.449 +01:00 [INF] Executing handler method GalleryNote.Areas.Identity.Pages.Account.RegisterModel.OnGetAsync - ModelState is "Valid"
2024-11-28 13:47:23.454 +01:00 [INF] Executed handler method OnGetAsync, returned result .
2024-11-28 13:47:23.465 +01:00 [INF] Executing an implicit handler method - ModelState is "Valid"
2024-11-28 13:47:23.466 +01:00 [INF] Executed an implicit handler method, returned result Microsoft.AspNetCore.Mvc.RazorPages.PageResult.
2024-11-28 13:47:23.549 +01:00 [INF] Executed page /Account/Register in 120.5388ms
2024-11-28 13:47:23.550 +01:00 [INF] Executed endpoint '/Account/Register'
2024-11-28 13:47:23.550 +01:00 [INF] Request finished HTTP/1.1 GET http://localhost:5272/Identity/Account/Register - 200 null text/html; charset=utf-8 157.7649ms
2024-11-28 13:47:23.588 +01:00 [INF] Request starting HTTP/1.1 GET http://localhost:5272/lib/jquery-validation/dist/jquery.validate.min.js - null null
2024-11-28 13:47:23.590 +01:00 [INF] Request finished HTTP/1.1 GET http://localhost:5272/lib/jquery-validation/dist/jquery.validate.min.js - 404 0 null 1.599ms
2024-11-28 13:47:23.592 +01:00 [INF] Request reached the end of the middleware pipeline without being handled by application code. Request path: GET http://localhost:5272/lib/jquery-validation/dist/jquery.validate.min.js, Response status code: 404
2024-11-28 13:47:23.601 +01:00 [INF] Request starting HTTP/1.1 GET http://localhost:5272/lib/jquery-validation-unobtrusive/jquery.validate.unobtrusive.min.js - null null
2024-11-28 13:47:23.603 +01:00 [INF] Request finished HTTP/1.1 GET http://localhost:5272/lib/jquery-validation-unobtrusive/jquery.validate.unobtrusive.min.js - 404 0 null 2.0046ms
2024-11-28 13:47:23.604 +01:00 [INF] Request reached the end of the middleware pipeline without being handled by application code. Request path: GET http://localhost:5272/lib/jquery-validation-unobtrusive/jquery.validate.unobtrusive.min.js, Response status code: 404
2024-11-28 13:47:24.727 +01:00 [INF] Request starting HTTP/1.1 GET http://localhost:5272/Identity/Account/Login - null null
2024-11-28 13:47:24.728 +01:00 [INF] Executing endpoint '/Account/Login'
2024-11-28 13:47:24.741 +01:00 [INF] Route matched with {page = "/Account/Login", area = "Identity", action = "", controller = ""}. Executing page /Account/Login
2024-11-28 13:47:24.749 +01:00 [INF] Executing handler method GalleryNote.Areas.Identity.Pages.Account.LoginModel.OnGetAsync - ModelState is "Valid"
2024-11-28 13:47:24.751 +01:00 [INF] AuthenticationScheme: Identity.External signed out.
2024-11-28 13:47:24.751 +01:00 [INF] Executed handler method OnGetAsync, returned result .
2024-11-28 13:47:24.751 +01:00 [INF] Executing an implicit handler method - ModelState is "Valid"
2024-11-28 13:47:24.751 +01:00 [INF] Executed an implicit handler method, returned result Microsoft.AspNetCore.Mvc.RazorPages.PageResult.
2024-11-28 13:47:24.792 +01:00 [INF] Executed page /Account/Login in 50.9565ms
2024-11-28 13:47:24.792 +01:00 [INF] Executed endpoint '/Account/Login'
2024-11-28 13:47:24.793 +01:00 [INF] Request finished HTTP/1.1 GET http://localhost:5272/Identity/Account/Login - 200 null text/html; charset=utf-8 65.193ms
2024-11-28 13:47:24.820 +01:00 [INF] Request starting HTTP/1.1 GET http://localhost:5272/lib/jquery-validation/dist/jquery.validate.min.js - null null
2024-11-28 13:47:24.822 +01:00 [INF] Request finished HTTP/1.1 GET http://localhost:5272/lib/jquery-validation/dist/jquery.validate.min.js - 404 0 null 1.9892ms
2024-11-28 13:47:24.823 +01:00 [INF] Request reached the end of the middleware pipeline without being handled by application code. Request path: GET http://localhost:5272/lib/jquery-validation/dist/jquery.validate.min.js, Response status code: 404
2024-11-28 13:47:24.829 +01:00 [INF] Request starting HTTP/1.1 GET http://localhost:5272/lib/jquery-validation-unobtrusive/jquery.validate.unobtrusive.min.js - null null
2024-11-28 13:47:24.830 +01:00 [INF] Request finished HTTP/1.1 GET http://localhost:5272/lib/jquery-validation-unobtrusive/jquery.validate.unobtrusive.min.js - 404 0 null 1.4537ms
2024-11-28 13:47:24.831 +01:00 [INF] Request reached the end of the middleware pipeline without being handled by application code. Request path: GET http://localhost:5272/lib/jquery-validation-unobtrusive/jquery.validate.unobtrusive.min.js, Response status code: 404
2024-11-28 13:47:26.043 +01:00 [INF] Request starting HTTP/1.1 GET http://localhost:5272/Identity/Account/Register - null null
2024-11-28 13:47:26.044 +01:00 [INF] Executing endpoint '/Account/Register'
2024-11-28 13:47:26.044 +01:00 [INF] Route matched with {page = "/Account/Register", area = "Identity", action = "", controller = ""}. Executing page /Account/Register
2024-11-28 13:47:26.048 +01:00 [INF] Executing handler method GalleryNote.Areas.Identity.Pages.Account.RegisterModel.OnGetAsync - ModelState is "Valid"
2024-11-28 13:47:26.048 +01:00 [INF] Executed handler method OnGetAsync, returned result .
2024-11-28 13:47:26.048 +01:00 [INF] Executing an implicit handler method - ModelState is "Valid"
2024-11-28 13:47:26.048 +01:00 [INF] Executed an implicit handler method, returned result Microsoft.AspNetCore.Mvc.RazorPages.PageResult.
2024-11-28 13:47:26.053 +01:00 [INF] Executed page /Account/Register in 9.0876ms
2024-11-28 13:47:26.054 +01:00 [INF] Executed endpoint '/Account/Register'
2024-11-28 13:47:26.054 +01:00 [INF] Request finished HTTP/1.1 GET http://localhost:5272/Identity/Account/Register - 200 null text/html; charset=utf-8 10.5532ms
2024-11-28 13:47:26.090 +01:00 [INF] Request starting HTTP/1.1 GET http://localhost:5272/lib/jquery-validation/dist/jquery.validate.min.js - null null
2024-11-28 13:47:26.091 +01:00 [INF] Request starting HTTP/1.1 GET http://localhost:5272/lib/jquery-validation-unobtrusive/jquery.validate.unobtrusive.min.js - null null
2024-11-28 13:47:26.091 +01:00 [INF] Request finished HTTP/1.1 GET http://localhost:5272/lib/jquery-validation/dist/jquery.validate.min.js - 404 0 null 1.2781ms
2024-11-28 13:47:26.092 +01:00 [INF] Request reached the end of the middleware pipeline without being handled by application code. Request path: GET http://localhost:5272/lib/jquery-validation/dist/jquery.validate.min.js, Response status code: 404
2024-11-28 13:47:26.091 +01:00 [INF] Request finished HTTP/1.1 GET http://localhost:5272/lib/jquery-validation-unobtrusive/jquery.validate.unobtrusive.min.js - 404 0 null 0.8004ms
2024-11-28 13:47:26.092 +01:00 [INF] Request reached the end of the middleware pipeline without being handled by application code. Request path: GET http://localhost:5272/lib/jquery-validation-unobtrusive/jquery.validate.unobtrusive.min.js, Response status code: 404
2024-11-28 13:47:26.914 +01:00 [INF] Request starting HTTP/1.1 GET http://localhost:5272/Identity/Account/Login - null null
2024-11-28 13:47:26.914 +01:00 [INF] Executing endpoint '/Account/Login'
2024-11-28 13:47:26.915 +01:00 [INF] Route matched with {page = "/Account/Login", area = "Identity", action = "", controller = ""}. Executing page /Account/Login
2024-11-28 13:47:26.919 +01:00 [INF] Executing handler method GalleryNote.Areas.Identity.Pages.Account.LoginModel.OnGetAsync - ModelState is "Valid"
2024-11-28 13:47:26.920 +01:00 [INF] AuthenticationScheme: Identity.External signed out.
2024-11-28 13:47:26.920 +01:00 [INF] Executed handler method OnGetAsync, returned result .
2024-11-28 13:47:26.920 +01:00 [INF] Executing an implicit handler method - ModelState is "Valid"
2024-11-28 13:47:26.920 +01:00 [INF] Executed an implicit handler method, returned result Microsoft.AspNetCore.Mvc.RazorPages.PageResult.
2024-11-28 13:47:26.923 +01:00 [INF] Executed page /Account/Login in 8.0335ms
2024-11-28 13:47:26.923 +01:00 [INF] Executed endpoint '/Account/Login'
2024-11-28 13:47:26.924 +01:00 [INF] Request finished HTTP/1.1 GET http://localhost:5272/Identity/Account/Login - 200 null text/html; charset=utf-8 10.0331ms
2024-11-28 13:47:26.955 +01:00 [INF] Request starting HTTP/1.1 GET http://localhost:5272/lib/jquery-validation/dist/jquery.validate.min.js - null null
2024-11-28 13:47:26.956 +01:00 [INF] Request finished HTTP/1.1 GET http://localhost:5272/lib/jquery-validation/dist/jquery.validate.min.js - 404 0 null 0.7656ms
2024-11-28 13:47:26.956 +01:00 [INF] Request reached the end of the middleware pipeline without being handled by application code. Request path: GET http://localhost:5272/lib/jquery-validation/dist/jquery.validate.min.js, Response status code: 404
2024-11-28 13:47:26.962 +01:00 [INF] Request starting HTTP/1.1 GET http://localhost:5272/lib/jquery-validation-unobtrusive/jquery.validate.unobtrusive.min.js - null null
2024-11-28 13:47:26.963 +01:00 [INF] Request finished HTTP/1.1 GET http://localhost:5272/lib/jquery-validation-unobtrusive/jquery.validate.unobtrusive.min.js - 404 0 null 1.1717ms
2024-11-28 13:47:26.963 +01:00 [INF] Request reached the end of the middleware pipeline without being handled by application code. Request path: GET http://localhost:5272/lib/jquery-validation-unobtrusive/jquery.validate.unobtrusive.min.js, Response status code: 404
2024-11-28 13:47:34.506 +01:00 [INF] Request starting HTTP/1.1 POST http://localhost:5272/Identity/Account/Login - application/x-www-form-urlencoded 266
2024-11-28 13:47:34.507 +01:00 [INF] Executing endpoint '/Account/Login'
2024-11-28 13:47:34.507 +01:00 [INF] Route matched with {page = "/Account/Login", area = "Identity", action = "", controller = ""}. Executing page /Account/Login
2024-11-28 13:47:34.537 +01:00 [INF] Executing handler method GalleryNote.Areas.Identity.Pages.Account.LoginModel.OnPostAsync - ModelState is "Valid"
2024-11-28 13:47:35.181 +01:00 [INF] AuthenticationScheme: Identity.Application signed in.
2024-11-28 13:47:35.181 +01:00 [INF] User logged in.
2024-11-28 13:47:35.181 +01:00 [INF] Executed handler method OnPostAsync, returned result Microsoft.AspNetCore.Mvc.LocalRedirectResult.
2024-11-28 13:47:35.182 +01:00 [INF] Executing LocalRedirectResult, redirecting to /.
2024-11-28 13:47:35.182 +01:00 [INF] Executed page /Account/Login in 674.2348ms
2024-11-28 13:47:35.182 +01:00 [INF] Executed endpoint '/Account/Login'
2024-11-28 13:47:35.188 +01:00 [INF] Request finished HTTP/1.1 POST http://localhost:5272/Identity/Account/Login - 302 0 null 682.1582ms
2024-11-28 13:47:35.188 +01:00 [INF] Request starting HTTP/1.1 GET http://localhost:5272/ - null null
2024-11-28 13:47:35.195 +01:00 [INF] Executing endpoint 'GalleryNote.Controllers.HomeController.Index (GalleryNote)'
2024-11-28 13:47:35.195 +01:00 [INF] Route matched with {action = "Index", controller = "Home", page = "", area = ""}. Executing controller action with signature Microsoft.AspNetCore.Mvc.IActionResult Index() on controller GalleryNote.Controllers.HomeController (GalleryNote).
2024-11-28 13:47:35.196 +01:00 [INF] Executing ViewResult, running view Index.
2024-11-28 13:47:35.198 +01:00 [INF] Executed ViewResult - view Index executed in 2.1454ms.
2024-11-28 13:47:35.198 +01:00 [INF] Executed action GalleryNote.Controllers.HomeController.Index (GalleryNote) in 2.6085ms
2024-11-28 13:47:35.198 +01:00 [INF] Executed endpoint 'GalleryNote.Controllers.HomeController.Index (GalleryNote)'
2024-11-28 13:47:35.198 +01:00 [INF] Request finished HTTP/1.1 GET http://localhost:5272/ - 200 null text/html; charset=utf-8 10.0203ms
2024-11-28 13:47:41.443 +01:00 [INF] Request starting HTTP/1.1 GET http://localhost:5272/?active=active - null null
2024-11-28 13:47:41.446 +01:00 [INF] Executing endpoint 'GalleryNote.Controllers.HomeController.Index (GalleryNote)'
2024-11-28 13:47:41.446 +01:00 [INF] Route matched with {action = "Index", controller = "Home", page = "", area = ""}. Executing controller action with signature Microsoft.AspNetCore.Mvc.IActionResult Index() on controller GalleryNote.Controllers.HomeController (GalleryNote).
2024-11-28 13:47:41.447 +01:00 [INF] Executing ViewResult, running view Index.
2024-11-28 13:47:41.448 +01:00 [INF] Executed ViewResult - view Index executed in 1.0858ms.
2024-11-28 13:47:41.448 +01:00 [INF] Executed action GalleryNote.Controllers.HomeController.Index (GalleryNote) in 1.2843ms
2024-11-28 13:47:41.448 +01:00 [INF] Executed endpoint 'GalleryNote.Controllers.HomeController.Index (GalleryNote)'
2024-11-28 13:47:41.448 +01:00 [INF] Request finished HTTP/1.1 GET http://localhost:5272/?active=active - 200 null text/html; charset=utf-8 4.8293ms
2024-11-28 13:47:43.768 +01:00 [INF] Request starting HTTP/1.1 GET http://localhost:5272/Image/Grid?active=active - null null
2024-11-28 13:47:43.773 +01:00 [INF] Executing endpoint 'GalleryNote.Controllers.ImageController.Grid (GalleryNote)'
2024-11-28 13:47:43.778 +01:00 [INF] Route matched with {action = "Grid", controller = "Image", page = "", area = ""}. Executing controller action with signature Microsoft.AspNetCore.Mvc.IActionResult Grid() on controller GalleryNote.Controllers.ImageController (GalleryNote).
2024-11-28 13:47:43.838 +01:00 [INF] Executing ViewResult, running view Grid.
2024-11-28 13:47:43.851 +01:00 [INF] Executed ViewResult - view Grid executed in 16.3376ms.
2024-11-28 13:47:43.851 +01:00 [INF] Executed action GalleryNote.Controllers.ImageController.Grid (GalleryNote) in 73.675ms
2024-11-28 13:47:43.851 +01:00 [INF] Executed endpoint 'GalleryNote.Controllers.ImageController.Grid (GalleryNote)'
2024-11-28 13:47:43.860 +01:00 [INF] Request finished HTTP/1.1 GET http://localhost:5272/Image/Grid?active=active - 200 null text/html; charset=utf-8 91.9602ms
2024-11-28 13:47:43.901 +01:00 [INF] Request starting HTTP/1.1 GET http://localhost:5272/images/1.jpg - null null
2024-11-28 13:47:43.904 +01:00 [INF] The file /images/1.jpg was not modified
2024-11-28 13:47:43.905 +01:00 [INF] Request finished HTTP/1.1 GET http://localhost:5272/images/1.jpg - 304 null image/jpeg 3.8774ms
2024-11-28 13:47:52.494 +01:00 [INF] Request starting HTTP/1.1 GET http://localhost:5272/Note/Grid?active=active - null null
2024-11-28 13:47:52.497 +01:00 [INF] Executing endpoint 'GalleryNote.Controllers.NoteController.Grid (GalleryNote)'
2024-11-28 13:47:52.506 +01:00 [INF] Route matched with {action = "Grid", controller = "Note", page = "", area = ""}. Executing controller action with signature System.Threading.Tasks.Task`1[Microsoft.AspNetCore.Mvc.IActionResult] Grid() on controller GalleryNote.Controllers.NoteController (GalleryNote).
2024-11-28 13:47:52.544 +01:00 [INF] Executing ViewResult, running view Grid.
2024-11-28 13:47:52.559 +01:00 [INF] Executed ViewResult - view Grid executed in 15.5737ms.
2024-11-28 13:47:52.559 +01:00 [INF] Executed action GalleryNote.Controllers.NoteController.Grid (GalleryNote) in 53.6116ms
2024-11-28 13:47:52.560 +01:00 [INF] Executed endpoint 'GalleryNote.Controllers.NoteController.Grid (GalleryNote)'
2024-11-28 13:47:52.562 +01:00 [INF] Request finished HTTP/1.1 GET http://localhost:5272/Note/Grid?active=active - 200 null text/html; charset=utf-8 67.823ms
2024-11-28 13:48:03.195 +01:00 [INF] Request starting HTTP/1.1 GET http://localhost:5272/Image/Grid?active=active - null null
2024-11-28 13:48:03.205 +01:00 [INF] Executing endpoint 'GalleryNote.Controllers.ImageController.Grid (GalleryNote)'
2024-11-28 13:48:03.206 +01:00 [INF] Route matched with {action = "Grid", controller = "Image", page = "", area = ""}. Executing controller action with signature Microsoft.AspNetCore.Mvc.IActionResult Grid() on controller GalleryNote.Controllers.ImageController (GalleryNote).
2024-11-28 13:48:03.209 +01:00 [INF] Executing ViewResult, running view Grid.
2024-11-28 13:48:03.212 +01:00 [INF] Executed ViewResult - view Grid executed in 2.9712ms.
2024-11-28 13:48:03.213 +01:00 [INF] Executed action GalleryNote.Controllers.ImageController.Grid (GalleryNote) in 6.3691ms
2024-11-28 13:48:03.213 +01:00 [INF] Executed endpoint 'GalleryNote.Controllers.ImageController.Grid (GalleryNote)'
2024-11-28 13:48:03.215 +01:00 [INF] Request finished HTTP/1.1 GET http://localhost:5272/Image/Grid?active=active - 200 null text/html; charset=utf-8 19.1263ms
2024-11-28 13:48:03.242 +01:00 [INF] Request starting HTTP/1.1 GET http://localhost:5272/images/blomst.jpg - null null
2024-11-28 13:48:03.242 +01:00 [INF] The file /images/blomst.jpg was not modified
2024-11-28 13:48:03.242 +01:00 [INF] Request finished HTTP/1.1 GET http://localhost:5272/images/blomst.jpg - 304 null image/jpeg 0.6811ms
2024-11-28 13:48:03.249 +01:00 [INF] Request starting HTTP/1.1 GET http://localhost:5272/images/blad.jpg - null null
2024-11-28 13:48:03.251 +01:00 [INF] The file /images/blad.jpg was not modified
2024-11-28 13:48:03.251 +01:00 [INF] Request finished HTTP/1.1 GET http://localhost:5272/images/blad.jpg - 304 null image/jpeg 2.4126ms
2024-11-28 13:48:03.258 +01:00 [INF] Request starting HTTP/1.1 GET http://localhost:5272/images/skog.jpg - null null
2024-11-28 13:48:03.258 +01:00 [INF] The file /images/skog.jpg was not modified
2024-11-28 13:48:03.258 +01:00 [INF] Request finished HTTP/1.1 GET http://localhost:5272/images/skog.jpg - 304 null image/jpeg 0.5961ms
2024-11-28 13:48:10.313 +01:00 [INF] Request starting HTTP/1.1 GET http://localhost:5272/Image/Update/4 - null null
2024-11-28 13:48:10.322 +01:00 [INF] Executing endpoint 'GalleryNote.Controllers.ImageController.Update (GalleryNote)'
2024-11-28 13:48:10.326 +01:00 [INF] Route matched with {action = "Update", controller = "Image", page = "", area = ""}. Executing controller action with signature Microsoft.AspNetCore.Mvc.IActionResult Update(Int32) on controller GalleryNote.Controllers.ImageController (GalleryNote).
2024-11-28 13:48:10.357 +01:00 [INF] Executing ViewResult, running view Update.
2024-11-28 13:48:10.406 +01:00 [INF] Executed ViewResult - view Update executed in 49.4981ms.
2024-11-28 13:48:10.406 +01:00 [INF] Executed action GalleryNote.Controllers.ImageController.Update (GalleryNote) in 79.4992ms
2024-11-28 13:48:10.406 +01:00 [INF] Executed endpoint 'GalleryNote.Controllers.ImageController.Update (GalleryNote)'
2024-11-28 13:48:10.407 +01:00 [INF] Request finished HTTP/1.1 GET http://localhost:5272/Image/Update/4 - 200 null text/html; charset=utf-8 93.101ms
2024-11-28 13:48:14.024 +01:00 [INF] Request starting HTTP/1.1 GET http://localhost:5272/Image/Grid - null null
2024-11-28 13:48:14.026 +01:00 [INF] Executing endpoint 'GalleryNote.Controllers.ImageController.Grid (GalleryNote)'
2024-11-28 13:48:14.026 +01:00 [INF] Route matched with {action = "Grid", controller = "Image", page = "", area = ""}. Executing controller action with signature Microsoft.AspNetCore.Mvc.IActionResult Grid() on controller GalleryNote.Controllers.ImageController (GalleryNote).
2024-11-28 13:48:14.028 +01:00 [INF] Executing ViewResult, running view Grid.
2024-11-28 13:48:14.031 +01:00 [INF] Executed ViewResult - view Grid executed in 3.5616ms.
2024-11-28 13:48:14.032 +01:00 [INF] Executed action GalleryNote.Controllers.ImageController.Grid (GalleryNote) in 5.6552ms
2024-11-28 13:48:14.032 +01:00 [INF] Executed endpoint 'GalleryNote.Controllers.ImageController.Grid (GalleryNote)'
2024-11-28 13:48:14.032 +01:00 [INF] Request finished HTTP/1.1 GET http://localhost:5272/Image/Grid - 200 null text/html; charset=utf-8 8.4652ms
2024-11-28 13:48:38.526 +01:00 [INF] Request starting HTTP/1.1 GET http://localhost:5272/Home/Upload?active=active - null null
2024-11-28 13:48:38.535 +01:00 [INF] Executing endpoint 'GalleryNote.Controllers.HomeController.Upload (GalleryNote)'
2024-11-28 13:48:38.537 +01:00 [INF] Route matched with {action = "Upload", controller = "Home", page = "", area = ""}. Executing controller action with signature Microsoft.AspNetCore.Mvc.IActionResult Upload() on controller GalleryNote.Controllers.HomeController (GalleryNote).
2024-11-28 13:48:38.539 +01:00 [INF] Executing ViewResult, running view Upload.
2024-11-28 13:48:38.548 +01:00 [INF] Executed ViewResult - view Upload executed in 10.4988ms.
2024-11-28 13:48:38.548 +01:00 [INF] Executed action GalleryNote.Controllers.HomeController.Upload (GalleryNote) in 10.924ms
2024-11-28 13:48:38.548 +01:00 [INF] Executed endpoint 'GalleryNote.Controllers.HomeController.Upload (GalleryNote)'
2024-11-28 13:48:38.549 +01:00 [INF] Request finished HTTP/1.1 GET http://localhost:5272/Home/Upload?active=active - 200 null text/html; charset=utf-8 22.5071ms
2024-11-28 13:48:39.508 +01:00 [INF] Request starting HTTP/1.1 GET http://localhost:5272/Image/Create - null null
2024-11-28 13:48:39.511 +01:00 [INF] Executing endpoint 'GalleryNote.Controllers.ImageController.Create (GalleryNote)'
2024-11-28 13:48:39.513 +01:00 [INF] Route matched with {action = "Create", controller = "Image", page = "", area = ""}. Executing controller action with signature Microsoft.AspNetCore.Mvc.IActionResult Create() on controller GalleryNote.Controllers.ImageController (GalleryNote).
2024-11-28 13:48:39.515 +01:00 [INF] Executing ViewResult, running view Create.
2024-11-28 13:48:39.534 +01:00 [INF] Executed ViewResult - view Create executed in 20.8579ms.
2024-11-28 13:48:39.534 +01:00 [INF] Executed action GalleryNote.Controllers.ImageController.Create (GalleryNote) in 21.5741ms
2024-11-28 13:48:39.535 +01:00 [INF] Executed endpoint 'GalleryNote.Controllers.ImageController.Create (GalleryNote)'
2024-11-28 13:48:39.535 +01:00 [INF] Request finished HTTP/1.1 GET http://localhost:5272/Image/Create - 200 null text/html; charset=utf-8 26.8591ms
2024-11-28 13:48:48.859 +01:00 [INF] Request starting HTTP/1.1 POST http://localhost:5272/Image/Create - multipart/form-data; boundary=----WebKitFormBoundaryeRfVlpmY4ScBAdb8 674760
2024-11-28 13:48:48.872 +01:00 [INF] Executing endpoint 'GalleryNote.Controllers.ImageController.Create (GalleryNote)'
2024-11-28 13:48:48.896 +01:00 [INF] Route matched with {action = "Create", controller = "Image", page = "", area = ""}. Executing controller action with signature System.Threading.Tasks.Task`1[Microsoft.AspNetCore.Mvc.IActionResult] Create(GalleryNote.Models.Image, Microsoft.AspNetCore.Http.IFormFile) on controller GalleryNote.Controllers.ImageController (GalleryNote).
2024-11-28 13:48:49.572 +01:00 [INF] Executing RedirectResult, redirecting to /Image/Grid.
2024-11-28 13:48:49.573 +01:00 [INF] Executed action GalleryNote.Controllers.ImageController.Create (GalleryNote) in 677.1495ms
2024-11-28 13:48:49.574 +01:00 [INF] Executed endpoint 'GalleryNote.Controllers.ImageController.Create (GalleryNote)'
2024-11-28 13:48:49.578 +01:00 [INF] Request finished HTTP/1.1 POST http://localhost:5272/Image/Create - 302 0 null 719.5201ms
2024-11-28 13:48:49.588 +01:00 [INF] Request starting HTTP/1.1 GET http://localhost:5272/Image/Grid - null null
2024-11-28 13:48:49.592 +01:00 [INF] Executing endpoint 'GalleryNote.Controllers.ImageController.Grid (GalleryNote)'
2024-11-28 13:48:49.592 +01:00 [INF] Route matched with {action = "Grid", controller = "Image", page = "", area = ""}. Executing controller action with signature Microsoft.AspNetCore.Mvc.IActionResult Grid() on controller GalleryNote.Controllers.ImageController (GalleryNote).
2024-11-28 13:48:49.595 +01:00 [INF] Executing ViewResult, running view Grid.
2024-11-28 13:48:49.597 +01:00 [INF] Executed ViewResult - view Grid executed in 2.2482ms.
2024-11-28 13:48:49.597 +01:00 [INF] Executed action GalleryNote.Controllers.ImageController.Grid (GalleryNote) in 4.789ms
2024-11-28 13:48:49.598 +01:00 [INF] Executed endpoint 'GalleryNote.Controllers.ImageController.Grid (GalleryNote)'
2024-11-28 13:48:49.599 +01:00 [INF] Request finished HTTP/1.1 GET http://localhost:5272/Image/Grid - 200 null text/html; charset=utf-8 10.8585ms
2024-11-28 13:48:49.655 +01:00 [INF] Request starting HTTP/1.1 GET http://localhost:5272/images/2df11803b12b750e504ff3472a4366ef.jpg - null null
2024-11-28 13:48:49.729 +01:00 [INF] Sending file. Request path: '/images/2df11803b12b750e504ff3472a4366ef.jpg'. Physical path: 'C:\Users\birko\OneDrive - OsloMet\ITPE 3200 - Webapplikasjoner\GalleryNote project\GalleryNote – Kopi\wwwroot\images\2df11803b12b750e504ff3472a4366ef.jpg'
2024-11-28 13:48:49.729 +01:00 [INF] Request finished HTTP/1.1 GET http://localhost:5272/images/2df11803b12b750e504ff3472a4366ef.jpg - 200 674130 image/jpeg 75.1221ms
2024-11-28 13:48:57.359 +01:00 [INF] Request starting HTTP/1.1 GET http://localhost:5272/Image/Delete/5 - null null
2024-11-28 13:48:57.362 +01:00 [INF] Executing endpoint 'GalleryNote.Controllers.ImageController.Delete (GalleryNote)'
2024-11-28 13:48:57.365 +01:00 [INF] Route matched with {action = "Delete", controller = "Image", page = "", area = ""}. Executing controller action with signature Microsoft.AspNetCore.Mvc.IActionResult Delete(Int32) on controller GalleryNote.Controllers.ImageController (GalleryNote).
2024-11-28 13:48:57.376 +01:00 [INF] Executing ViewResult, running view Delete.
2024-11-28 13:48:57.392 +01:00 [INF] Executed ViewResult - view Delete executed in 17.1841ms.
2024-11-28 13:48:57.392 +01:00 [INF] Executed action GalleryNote.Controllers.ImageController.Delete (GalleryNote) in 26.2418ms
2024-11-28 13:48:57.392 +01:00 [INF] Executed endpoint 'GalleryNote.Controllers.ImageController.Delete (GalleryNote)'
2024-11-28 13:48:57.392 +01:00 [INF] Request finished HTTP/1.1 GET http://localhost:5272/Image/Delete/5 - 200 null text/html; charset=utf-8 33.1758ms
2024-11-28 13:48:57.425 +01:00 [INF] Request starting HTTP/1.1 GET http://localhost:5272/images/2df11803b12b750e504ff3472a4366ef.jpg - null null
2024-11-28 13:48:57.427 +01:00 [INF] The file /images/2df11803b12b750e504ff3472a4366ef.jpg was not modified
2024-11-28 13:48:57.428 +01:00 [INF] Request finished HTTP/1.1 GET http://localhost:5272/images/2df11803b12b750e504ff3472a4366ef.jpg - 304 null image/jpeg 2.9224ms
2024-11-28 13:48:59.361 +01:00 [INF] Request starting HTTP/1.1 POST http://localhost:5272/Image/DeleteConfirmed/5 - application/x-www-form-urlencoded 225
2024-11-28 13:48:59.366 +01:00 [INF] Executing endpoint 'GalleryNote.Controllers.ImageController.DeleteConfirmed (GalleryNote)'
2024-11-28 13:48:59.372 +01:00 [INF] Route matched with {action = "DeleteConfirmed", controller = "Image", page = "", area = ""}. Executing controller action with signature Microsoft.AspNetCore.Mvc.IActionResult DeleteConfirmed(Int32) on controller GalleryNote.Controllers.ImageController (GalleryNote).
2024-11-28 13:48:59.422 +01:00 [INF] Executing RedirectResult, redirecting to /Image/Grid.
2024-11-28 13:48:59.422 +01:00 [INF] Executed action GalleryNote.Controllers.ImageController.DeleteConfirmed (GalleryNote) in 50.2194ms
2024-11-28 13:48:59.422 +01:00 [INF] Executed endpoint 'GalleryNote.Controllers.ImageController.DeleteConfirmed (GalleryNote)'
2024-11-28 13:48:59.422 +01:00 [INF] Request finished HTTP/1.1 POST http://localhost:5272/Image/DeleteConfirmed/5 - 302 0 null 61.4425ms
2024-11-28 13:48:59.427 +01:00 [INF] Request starting HTTP/1.1 GET http://localhost:5272/Image/Grid - null null
2024-11-28 13:48:59.432 +01:00 [INF] Executing endpoint 'GalleryNote.Controllers.ImageController.Grid (GalleryNote)'
2024-11-28 13:48:59.432 +01:00 [INF] Route matched with {action = "Grid", controller = "Image", page = "", area = ""}. Executing controller action with signature Microsoft.AspNetCore.Mvc.IActionResult Grid() on controller GalleryNote.Controllers.ImageController (GalleryNote).
2024-11-28 13:48:59.435 +01:00 [INF] Executing ViewResult, running view Grid.
2024-11-28 13:48:59.436 +01:00 [INF] Executed ViewResult - view Grid executed in 0.7926ms.
2024-11-28 13:48:59.436 +01:00 [INF] Executed action GalleryNote.Controllers.ImageController.Grid (GalleryNote) in 3.4859ms
2024-11-28 13:48:59.436 +01:00 [INF] Executed endpoint 'GalleryNote.Controllers.ImageController.Grid (GalleryNote)'
2024-11-28 13:48:59.436 +01:00 [INF] Request finished HTTP/1.1 GET http://localhost:5272/Image/Grid - 200 null text/html; charset=utf-8 9.5824ms
2024-11-28 13:49:04.554 +01:00 [INF] Request starting HTTP/1.1 GET http://localhost:5272/Home/Upload?active=active - null null
2024-11-28 13:49:04.557 +01:00 [INF] Executing endpoint 'GalleryNote.Controllers.HomeController.Upload (GalleryNote)'
2024-11-28 13:49:04.558 +01:00 [INF] Route matched with {action = "Upload", controller = "Home", page = "", area = ""}. Executing controller action with signature Microsoft.AspNetCore.Mvc.IActionResult Upload() on controller GalleryNote.Controllers.HomeController (GalleryNote).
2024-11-28 13:49:04.558 +01:00 [INF] Executing ViewResult, running view Upload.
2024-11-28 13:49:04.561 +01:00 [INF] Executed ViewResult - view Upload executed in 3.022ms.
2024-11-28 13:49:04.561 +01:00 [INF] Executed action GalleryNote.Controllers.HomeController.Upload (GalleryNote) in 3.3124ms
2024-11-28 13:49:04.561 +01:00 [INF] Executed endpoint 'GalleryNote.Controllers.HomeController.Upload (GalleryNote)'
2024-11-28 13:49:04.562 +01:00 [INF] Request finished HTTP/1.1 GET http://localhost:5272/Home/Upload?active=active - 200 null text/html; charset=utf-8 7.8568ms
2024-11-28 13:49:19.660 +01:00 [INF] Request starting HTTP/1.1 GET http://localhost:5272/?active=active - null null
2024-11-28 13:49:19.663 +01:00 [INF] Executing endpoint 'GalleryNote.Controllers.HomeController.Index (GalleryNote)'
2024-11-28 13:49:19.663 +01:00 [INF] Route matched with {action = "Index", controller = "Home", page = "", area = ""}. Executing controller action with signature Microsoft.AspNetCore.Mvc.IActionResult Index() on controller GalleryNote.Controllers.HomeController (GalleryNote).
2024-11-28 13:49:19.664 +01:00 [INF] Executing ViewResult, running view Index.
2024-11-28 13:49:19.664 +01:00 [INF] Executed ViewResult - view Index executed in 0.8452ms.
2024-11-28 13:49:19.665 +01:00 [INF] Executed action GalleryNote.Controllers.HomeController.Index (GalleryNote) in 1.0809ms
2024-11-28 13:49:19.665 +01:00 [INF] Executed endpoint 'GalleryNote.Controllers.HomeController.Index (GalleryNote)'
2024-11-28 13:49:19.665 +01:00 [INF] Request finished HTTP/1.1 GET http://localhost:5272/?active=active - 200 null text/html; charset=utf-8 4.5202ms
2024-11-28 13:49:37.510 +01:00 [INF] Request starting HTTP/1.1 GET http://localhost:5272/Image/Grid?active=active - null null
2024-11-28 13:49:37.513 +01:00 [INF] Executing endpoint 'GalleryNote.Controllers.ImageController.Grid (GalleryNote)'
2024-11-28 13:49:37.513 +01:00 [INF] Route matched with {action = "Grid", controller = "Image", page = "", area = ""}. Executing controller action with signature Microsoft.AspNetCore.Mvc.IActionResult Grid() on controller GalleryNote.Controllers.ImageController (GalleryNote).
2024-11-28 13:49:37.517 +01:00 [INF] Executing ViewResult, running view Grid.
2024-11-28 13:49:37.519 +01:00 [INF] Executed ViewResult - view Grid executed in 1.6914ms.
2024-11-28 13:49:37.519 +01:00 [INF] Executed action GalleryNote.Controllers.ImageController.Grid (GalleryNote) in 5.8559ms
2024-11-28 13:49:37.520 +01:00 [INF] Executed endpoint 'GalleryNote.Controllers.ImageController.Grid (GalleryNote)'
2024-11-28 13:49:37.520 +01:00 [INF] Request finished HTTP/1.1 GET http://localhost:5272/Image/Grid?active=active - 200 null text/html; charset=utf-8 9.9623ms
2024-11-28 13:49:38.912 +01:00 [INF] Request starting HTTP/1.1 GET http://localhost:5272/?active=active - null null
2024-11-28 13:49:38.916 +01:00 [INF] Executing endpoint 'GalleryNote.Controllers.HomeController.Index (GalleryNote)'
2024-11-28 13:49:38.917 +01:00 [INF] Route matched with {action = "Index", controller = "Home", page = "", area = ""}. Executing controller action with signature Microsoft.AspNetCore.Mvc.IActionResult Index() on controller GalleryNote.Controllers.HomeController (GalleryNote).
2024-11-28 13:49:38.917 +01:00 [INF] Executing ViewResult, running view Index.
2024-11-28 13:49:38.918 +01:00 [INF] Executed ViewResult - view Index executed in 0.9057ms.
2024-11-28 13:49:38.918 +01:00 [INF] Executed action GalleryNote.Controllers.HomeController.Index (GalleryNote) in 1.2161ms
2024-11-28 13:49:38.918 +01:00 [INF] Executed endpoint 'GalleryNote.Controllers.HomeController.Index (GalleryNote)'
2024-11-28 13:49:38.919 +01:00 [INF] Request finished HTTP/1.1 GET http://localhost:5272/?active=active - 200 null text/html; charset=utf-8 6.2997ms
2024-11-28 13:51:58.784 +01:00 [INF] Application is shutting down...
