2024-11-27 14:38:05.710 +01:00 [INF] User profile is available. Using 'C:\Users\birko\AppData\Local\ASP.NET\DataProtection-Keys' as key repository and Windows DPAPI to encrypt keys at rest.
2024-11-27 14:38:05.985 +01:00 [INF] Now listening on: http://localhost:5272
2024-11-27 14:38:05.993 +01:00 [INF] Application started. Press Ctrl+C to shut down.
2024-11-27 14:38:05.994 +01:00 [INF] Hosting environment: Development
2024-11-27 14:38:05.994 +01:00 [INF] Content root path: C:\Users\birko\OneDrive - OsloMet\ITPE 3200 - Webapplikasjoner\GalleryNote project\GalleryNote – Kopi
2024-11-27 14:38:09.314 +01:00 [INF] Request starting HTTP/1.1 GET http://localhost:5272/ - null null
2024-11-27 14:38:09.491 +01:00 [INF] Executing endpoint 'GalleryNote.Controllers.HomeController.Index (GalleryNote)'
2024-11-27 14:38:09.522 +01:00 [INF] Route matched with {action = "Index", controller = "Home", page = "", area = ""}. Executing controller action with signature Microsoft.AspNetCore.Mvc.IActionResult Index() on controller GalleryNote.Controllers.HomeController (GalleryNote).
2024-11-27 14:38:09.543 +01:00 [INF] Executing ViewResult, running view Index.
2024-11-27 14:38:09.765 +01:00 [INF] Executed ViewResult - view Index executed in 228.748ms.
2024-11-27 14:38:09.774 +01:00 [INF] Executed action GalleryNote.Controllers.HomeController.Index (GalleryNote) in 249.3308ms
2024-11-27 14:38:09.774 +01:00 [INF] Executed endpoint 'GalleryNote.Controllers.HomeController.Index (GalleryNote)'
2024-11-27 14:38:09.821 +01:00 [INF] Request finished HTTP/1.1 GET http://localhost:5272/ - 200 null text/html; charset=utf-8 514.0528ms
2024-11-27 14:38:13.514 +01:00 [INF] Request starting HTTP/1.1 GET http://localhost:5272/Image/Grid?active=active - null null
2024-11-27 14:38:13.621 +01:00 [INF] Executing endpoint 'GalleryNote.Controllers.ImageController.Grid (GalleryNote)'
2024-11-27 14:38:13.623 +01:00 [INF] Route matched with {action = "Grid", controller = "Image", page = "", area = ""}. Executing controller action with signature Microsoft.AspNetCore.Mvc.IActionResult Grid() on controller GalleryNote.Controllers.ImageController (GalleryNote).
2024-11-27 14:38:13.837 +01:00 [INF] Executing ViewResult, running view Grid.
2024-11-27 14:38:13.872 +01:00 [INF] Executed ViewResult - view Grid executed in 36.3295ms.
2024-11-27 14:38:13.873 +01:00 [INF] Executed action GalleryNote.Controllers.ImageController.Grid (GalleryNote) in 249.4525ms
2024-11-27 14:38:13.873 +01:00 [INF] Executed endpoint 'GalleryNote.Controllers.ImageController.Grid (GalleryNote)'
2024-11-27 14:38:13.890 +01:00 [INF] Request finished HTTP/1.1 GET http://localhost:5272/Image/Grid?active=active - 200 null text/html; charset=utf-8 375.0674ms
2024-11-27 14:38:13.912 +01:00 [INF] Request starting HTTP/1.1 GET http://localhost:5272/images/1.jpg - null null
2024-11-27 14:38:13.923 +01:00 [INF] The file /images/1.jpg was not modified
2024-11-27 14:38:13.925 +01:00 [INF] Request finished HTTP/1.1 GET http://localhost:5272/images/1.jpg - 304 null image/jpeg 12.1013ms
2024-11-27 14:38:19.806 +01:00 [INF] Request starting HTTP/1.1 GET http://localhost:5272/Image/Create - null null
2024-11-27 14:38:19.843 +01:00 [INF] Executing endpoint 'GalleryNote.Controllers.ImageController.Create (GalleryNote)'
2024-11-27 14:38:19.846 +01:00 [INF] Route matched with {action = "Create", controller = "Image", page = "", area = ""}. Executing controller action with signature Microsoft.AspNetCore.Mvc.IActionResult Create() on controller GalleryNote.Controllers.ImageController (GalleryNote).
2024-11-27 14:38:19.847 +01:00 [INF] Executing ViewResult, running view Create.
2024-11-27 14:38:19.912 +01:00 [INF] Executed ViewResult - view Create executed in 66.2418ms.
2024-11-27 14:38:19.913 +01:00 [INF] Executed action GalleryNote.Controllers.ImageController.Create (GalleryNote) in 66.8387ms
2024-11-27 14:38:19.913 +01:00 [INF] Executed endpoint 'GalleryNote.Controllers.ImageController.Create (GalleryNote)'
2024-11-27 14:38:19.913 +01:00 [INF] Request finished HTTP/1.1 GET http://localhost:5272/Image/Create - 200 null text/html; charset=utf-8 107.427ms
2024-11-27 14:38:26.968 +01:00 [INF] Request starting HTTP/1.1 POST http://localhost:5272/Image/Create - multipart/form-data; boundary=----WebKitFormBoundarynhLs1kT0mfweHAVJ 225901
2024-11-27 14:38:26.980 +01:00 [INF] Executing endpoint 'GalleryNote.Controllers.ImageController.Create (GalleryNote)'
2024-11-27 14:38:27.018 +01:00 [INF] Route matched with {action = "Create", controller = "Image", page = "", area = ""}. Executing controller action with signature System.Threading.Tasks.Task`1[Microsoft.AspNetCore.Mvc.IActionResult] Create(GalleryNote.Models.Image, Microsoft.AspNetCore.Http.IFormFile) on controller GalleryNote.Controllers.ImageController (GalleryNote).
2024-11-27 14:38:27.756 +01:00 [INF] Executing RedirectResult, redirecting to /Image/Grid.
2024-11-27 14:38:27.757 +01:00 [INF] Executed action GalleryNote.Controllers.ImageController.Create (GalleryNote) in 739.0374ms
2024-11-27 14:38:27.757 +01:00 [INF] Executed endpoint 'GalleryNote.Controllers.ImageController.Create (GalleryNote)'
2024-11-27 14:38:27.766 +01:00 [INF] Request finished HTTP/1.1 POST http://localhost:5272/Image/Create - 302 0 null 797.2491ms
2024-11-27 14:38:27.767 +01:00 [INF] Request starting HTTP/1.1 GET http://localhost:5272/Image/Grid - null null
2024-11-27 14:38:27.772 +01:00 [INF] Executing endpoint 'GalleryNote.Controllers.ImageController.Grid (GalleryNote)'
2024-11-27 14:38:27.773 +01:00 [INF] Route matched with {action = "Grid", controller = "Image", page = "", area = ""}. Executing controller action with signature Microsoft.AspNetCore.Mvc.IActionResult Grid() on controller GalleryNote.Controllers.ImageController (GalleryNote).
2024-11-27 14:38:27.775 +01:00 [INF] Executing ViewResult, running view Grid.
2024-11-27 14:38:27.777 +01:00 [INF] Executed ViewResult - view Grid executed in 2.585ms.
2024-11-27 14:38:27.777 +01:00 [INF] Executed action GalleryNote.Controllers.ImageController.Grid (GalleryNote) in 4.5798ms
2024-11-27 14:38:27.777 +01:00 [INF] Executed endpoint 'GalleryNote.Controllers.ImageController.Grid (GalleryNote)'
2024-11-27 14:38:27.778 +01:00 [INF] Request finished HTTP/1.1 GET http://localhost:5272/Image/Grid - 200 null text/html; charset=utf-8 10.8326ms
2024-11-27 14:38:30.142 +01:00 [INF] Request starting HTTP/1.1 GET http://localhost:5272/Image/Update/8 - null null
2024-11-27 14:38:30.148 +01:00 [INF] Executing endpoint 'GalleryNote.Controllers.ImageController.Update (GalleryNote)'
2024-11-27 14:38:30.153 +01:00 [INF] Route matched with {action = "Update", controller = "Image", page = "", area = ""}. Executing controller action with signature Microsoft.AspNetCore.Mvc.IActionResult Update(Int32) on controller GalleryNote.Controllers.ImageController (GalleryNote).
2024-11-27 14:38:30.192 +01:00 [INF] Executing ViewResult, running view Update.
2024-11-27 14:38:30.227 +01:00 [INF] Executed ViewResult - view Update executed in 35.5935ms.
2024-11-27 14:38:30.227 +01:00 [INF] Executed action GalleryNote.Controllers.ImageController.Update (GalleryNote) in 74.0914ms
2024-11-27 14:38:30.228 +01:00 [INF] Executed endpoint 'GalleryNote.Controllers.ImageController.Update (GalleryNote)'
2024-11-27 14:38:30.229 +01:00 [INF] Request finished HTTP/1.1 GET http://localhost:5272/Image/Update/8 - 200 null text/html; charset=utf-8 86.8802ms
2024-11-27 14:38:34.215 +01:00 [INF] Request starting HTTP/1.1 POST http://localhost:5272/Image/Update/8 - application/x-www-form-urlencoded 303
2024-11-27 14:38:34.219 +01:00 [INF] Executing endpoint 'GalleryNote.Controllers.ImageController.Update (GalleryNote)'
2024-11-27 14:38:34.230 +01:00 [INF] Route matched with {action = "Update", controller = "Image", page = "", area = ""}. Executing controller action with signature System.Threading.Tasks.Task`1[Microsoft.AspNetCore.Mvc.IActionResult] Update(GalleryNote.Models.Image, Microsoft.AspNetCore.Http.IFormFile) on controller GalleryNote.Controllers.ImageController (GalleryNote).
2024-11-27 14:38:34.246 +01:00 [INF] Executing ViewResult, running view Update.
2024-11-27 14:38:34.256 +01:00 [INF] Executed ViewResult - view Update executed in 10.329ms.
2024-11-27 14:38:34.257 +01:00 [INF] Executed action GalleryNote.Controllers.ImageController.Update (GalleryNote) in 26.3572ms
2024-11-27 14:38:34.257 +01:00 [INF] Executed endpoint 'GalleryNote.Controllers.ImageController.Update (GalleryNote)'
2024-11-27 14:38:34.259 +01:00 [INF] Request finished HTTP/1.1 POST http://localhost:5272/Image/Update/8 - 200 null text/html; charset=utf-8 42.61ms
2024-11-27 14:38:34.957 +01:00 [INF] Request starting HTTP/1.1 POST http://localhost:5272/Image/Update/8 - application/x-www-form-urlencoded 303
2024-11-27 14:38:34.962 +01:00 [INF] Executing endpoint 'GalleryNote.Controllers.ImageController.Update (GalleryNote)'
2024-11-27 14:38:34.962 +01:00 [INF] Route matched with {action = "Update", controller = "Image", page = "", area = ""}. Executing controller action with signature System.Threading.Tasks.Task`1[Microsoft.AspNetCore.Mvc.IActionResult] Update(GalleryNote.Models.Image, Microsoft.AspNetCore.Http.IFormFile) on controller GalleryNote.Controllers.ImageController (GalleryNote).
2024-11-27 14:38:34.974 +01:00 [INF] Executing ViewResult, running view Update.
2024-11-27 14:38:34.978 +01:00 [INF] Executed ViewResult - view Update executed in 3.3579ms.
2024-11-27 14:38:34.979 +01:00 [INF] Executed action GalleryNote.Controllers.ImageController.Update (GalleryNote) in 16.5886ms
2024-11-27 14:38:34.979 +01:00 [INF] Executed endpoint 'GalleryNote.Controllers.ImageController.Update (GalleryNote)'
2024-11-27 14:38:34.980 +01:00 [INF] Request finished HTTP/1.1 POST http://localhost:5272/Image/Update/8 - 200 null text/html; charset=utf-8 22.6387ms
2024-11-27 14:38:35.392 +01:00 [INF] Request starting HTTP/1.1 POST http://localhost:5272/Image/Update/8 - application/x-www-form-urlencoded 303
2024-11-27 14:38:35.395 +01:00 [INF] Executing endpoint 'GalleryNote.Controllers.ImageController.Update (GalleryNote)'
2024-11-27 14:38:35.395 +01:00 [INF] Route matched with {action = "Update", controller = "Image", page = "", area = ""}. Executing controller action with signature System.Threading.Tasks.Task`1[Microsoft.AspNetCore.Mvc.IActionResult] Update(GalleryNote.Models.Image, Microsoft.AspNetCore.Http.IFormFile) on controller GalleryNote.Controllers.ImageController (GalleryNote).
2024-11-27 14:38:35.402 +01:00 [INF] Executing ViewResult, running view Update.
2024-11-27 14:38:35.408 +01:00 [INF] Executed ViewResult - view Update executed in 6.593ms.
2024-11-27 14:38:35.408 +01:00 [INF] Executed action GalleryNote.Controllers.ImageController.Update (GalleryNote) in 12.8489ms
2024-11-27 14:38:35.409 +01:00 [INF] Executed endpoint 'GalleryNote.Controllers.ImageController.Update (GalleryNote)'
2024-11-27 14:38:35.409 +01:00 [INF] Request finished HTTP/1.1 POST http://localhost:5272/Image/Update/8 - 200 null text/html; charset=utf-8 17.2728ms
2024-11-27 14:39:18.578 +01:00 [INF] Application is shutting down...
