2024-11-09 14:11:09.363 +01:00 [INF] User profile is available. Using 'C:\Users\birko\AppData\Local\ASP.NET\DataProtection-Keys' as key repository and Windows DPAPI to encrypt keys at rest.
2024-11-09 14:11:09.602 +01:00 [INF] Now listening on: http://localhost:5272
2024-11-09 14:11:09.611 +01:00 [INF] Application started. Press Ctrl+C to shut down.
2024-11-09 14:11:09.612 +01:00 [INF] Hosting environment: Development
2024-11-09 14:11:09.612 +01:00 [INF] Content root path: C:\Users\birko\OneDrive - OsloMet\ITPE 3200 - Webapplikasjoner\GalleryNote project\GalleryNote – Kopi
2024-11-09 14:11:12.628 +01:00 [INF] Request starting HTTP/1.1 GET http://localhost:5272/ - null null
2024-11-09 14:11:12.810 +01:00 [INF] Executing endpoint 'GalleryNote.Controllers.HomeController.Index (GalleryNote)'
2024-11-09 14:11:12.842 +01:00 [INF] Route matched with {action = "Index", controller = "Home", page = "", area = ""}. Executing controller action with signature Microsoft.AspNetCore.Mvc.IActionResult Index() on controller GalleryNote.Controllers.HomeController (GalleryNote).
2024-11-09 14:11:12.861 +01:00 [INF] Executing ViewResult, running view Index.
2024-11-09 14:11:13.094 +01:00 [INF] Executed ViewResult - view Index executed in 236.5969ms.
2024-11-09 14:11:13.102 +01:00 [INF] Executed action GalleryNote.Controllers.HomeController.Index (GalleryNote) in 258.9185ms
2024-11-09 14:11:13.103 +01:00 [INF] Executed endpoint 'GalleryNote.Controllers.HomeController.Index (GalleryNote)'
2024-11-09 14:11:13.119 +01:00 [INF] Request finished HTTP/1.1 GET http://localhost:5272/ - 200 null text/html; charset=utf-8 504.4623ms
2024-11-09 14:11:15.043 +01:00 [INF] Request starting HTTP/1.1 GET http://localhost:5272/Image/Table - null null
2024-11-09 14:11:15.048 +01:00 [INF] Executing endpoint 'GalleryNote.Controllers.ImageController.Table (GalleryNote)'
2024-11-09 14:11:15.074 +01:00 [INF] Route matched with {action = "Table", controller = "Image", page = "", area = ""}. Executing controller action with signature System.Threading.Tasks.Task`1[Microsoft.AspNetCore.Mvc.IActionResult] Table() on controller GalleryNote.Controllers.ImageController (GalleryNote).
2024-11-09 14:11:15.260 +01:00 [INF] Executing ViewResult, running view Table.
2024-11-09 14:11:15.296 +01:00 [INF] Executed ViewResult - view Table executed in 40.7531ms.
2024-11-09 14:11:15.296 +01:00 [INF] Executed action GalleryNote.Controllers.ImageController.Table (GalleryNote) in 222.0657ms
2024-11-09 14:11:15.296 +01:00 [INF] Executed endpoint 'GalleryNote.Controllers.ImageController.Table (GalleryNote)'
2024-11-09 14:11:15.305 +01:00 [INF] Request finished HTTP/1.1 GET http://localhost:5272/Image/Table - 200 null text/html; charset=utf-8 261.6241ms
2024-11-09 14:11:15.351 +01:00 [INF] Request starting HTTP/1.1 GET http://localhost:5272/images/bilde1.jpg - null null
2024-11-09 14:11:15.363 +01:00 [INF] The file /images/bilde1.jpg was not modified
2024-11-09 14:11:15.364 +01:00 [INF] Request finished HTTP/1.1 GET http://localhost:5272/images/bilde1.jpg - 304 null image/jpeg 12.6015ms
2024-11-09 14:11:17.022 +01:00 [INF] Request starting HTTP/1.1 GET http://localhost:5272/Image/Grid - null null
2024-11-09 14:11:17.027 +01:00 [INF] Executing endpoint 'GalleryNote.Controllers.ImageController.Grid (GalleryNote)'
2024-11-09 14:11:17.031 +01:00 [INF] Route matched with {action = "Grid", controller = "Image", page = "", area = ""}. Executing controller action with signature System.Threading.Tasks.Task`1[Microsoft.AspNetCore.Mvc.IActionResult] Grid() on controller GalleryNote.Controllers.ImageController (GalleryNote).
2024-11-09 14:11:17.105 +01:00 [INF] Executing ViewResult, running view Grid.
2024-11-09 14:11:17.130 +01:00 [INF] Executed ViewResult - view Grid executed in 26.8036ms.
2024-11-09 14:11:17.130 +01:00 [INF] Executed action GalleryNote.Controllers.ImageController.Grid (GalleryNote) in 98.0707ms
2024-11-09 14:11:17.130 +01:00 [INF] Executed endpoint 'GalleryNote.Controllers.ImageController.Grid (GalleryNote)'
2024-11-09 14:11:17.130 +01:00 [INF] Request finished HTTP/1.1 GET http://localhost:5272/Image/Grid - 200 null text/html; charset=utf-8 107.6979ms
2024-11-09 14:11:42.866 +01:00 [INF] Request starting HTTP/1.1 GET http://localhost:5272/Image/Details/8 - null null
2024-11-09 14:11:42.867 +01:00 [INF] Executing endpoint 'GalleryNote.Controllers.ImageController.Details (GalleryNote)'
2024-11-09 14:11:42.881 +01:00 [INF] Route matched with {action = "Details", controller = "Image", page = "", area = ""}. Executing controller action with signature System.Threading.Tasks.Task`1[Microsoft.AspNetCore.Mvc.IActionResult] Details(Int32) on controller GalleryNote.Controllers.ImageController (GalleryNote).
2024-11-09 14:11:42.966 +01:00 [INF] Executing ViewResult, running view Details.
2024-11-09 14:11:42.968 +01:00 [INF] Executed ViewResult - view Details executed in 3.1258ms.
2024-11-09 14:11:42.968 +01:00 [INF] Executed action GalleryNote.Controllers.ImageController.Details (GalleryNote) in 86.2852ms
2024-11-09 14:11:42.968 +01:00 [INF] Executed endpoint 'GalleryNote.Controllers.ImageController.Details (GalleryNote)'
2024-11-09 14:11:42.969 +01:00 [INF] Request finished HTTP/1.1 GET http://localhost:5272/Image/Details/8 - 200 null text/html; charset=utf-8 102.6189ms
2024-11-09 14:11:48.198 +01:00 [INF] Request starting HTTP/1.1 GET http://localhost:5272/Image/Details/1 - null null
2024-11-09 14:11:48.198 +01:00 [INF] Executing endpoint 'GalleryNote.Controllers.ImageController.Details (GalleryNote)'
2024-11-09 14:11:48.199 +01:00 [INF] Route matched with {action = "Details", controller = "Image", page = "", area = ""}. Executing controller action with signature System.Threading.Tasks.Task`1[Microsoft.AspNetCore.Mvc.IActionResult] Details(Int32) on controller GalleryNote.Controllers.ImageController (GalleryNote).
2024-11-09 14:11:48.205 +01:00 [INF] Executing ViewResult, running view Details.
2024-11-09 14:11:48.207 +01:00 [INF] Executed ViewResult - view Details executed in 1.8111ms.
2024-11-09 14:11:48.207 +01:00 [INF] Executed action GalleryNote.Controllers.ImageController.Details (GalleryNote) in 8.0037ms
2024-11-09 14:11:48.207 +01:00 [INF] Executed endpoint 'GalleryNote.Controllers.ImageController.Details (GalleryNote)'
2024-11-09 14:11:48.207 +01:00 [INF] Request finished HTTP/1.1 GET http://localhost:5272/Image/Details/1 - 200 null text/html; charset=utf-8 9.3925ms
2024-11-09 14:11:54.046 +01:00 [INF] Request starting HTTP/1.1 GET http://localhost:5272/Image/Table - null null
2024-11-09 14:11:54.047 +01:00 [INF] Executing endpoint 'GalleryNote.Controllers.ImageController.Table (GalleryNote)'
2024-11-09 14:11:54.047 +01:00 [INF] Route matched with {action = "Table", controller = "Image", page = "", area = ""}. Executing controller action with signature System.Threading.Tasks.Task`1[Microsoft.AspNetCore.Mvc.IActionResult] Table() on controller GalleryNote.Controllers.ImageController (GalleryNote).
2024-11-09 14:11:54.052 +01:00 [INF] Executing ViewResult, running view Table.
2024-11-09 14:11:54.057 +01:00 [INF] Executed ViewResult - view Table executed in 5.8157ms.
2024-11-09 14:11:54.058 +01:00 [INF] Executed action GalleryNote.Controllers.ImageController.Table (GalleryNote) in 10.3663ms
2024-11-09 14:11:54.058 +01:00 [INF] Executed endpoint 'GalleryNote.Controllers.ImageController.Table (GalleryNote)'
2024-11-09 14:11:54.058 +01:00 [INF] Request finished HTTP/1.1 GET http://localhost:5272/Image/Table - 200 null text/html; charset=utf-8 12.0216ms
2024-11-09 14:11:54.095 +01:00 [INF] Request starting HTTP/1.1 GET http://localhost:5272/images/bilde1.jpg - null null
2024-11-09 14:11:54.098 +01:00 [INF] The file /images/bilde1.jpg was not modified
2024-11-09 14:11:54.099 +01:00 [INF] Request finished HTTP/1.1 GET http://localhost:5272/images/bilde1.jpg - 304 null image/jpeg 3.7668ms
2024-11-09 14:12:11.871 +01:00 [INF] Request starting HTTP/1.1 GET http://localhost:5272/ - null null
2024-11-09 14:12:11.872 +01:00 [INF] Executing endpoint 'GalleryNote.Controllers.HomeController.Index (GalleryNote)'
2024-11-09 14:12:11.872 +01:00 [INF] Route matched with {action = "Index", controller = "Home", page = "", area = ""}. Executing controller action with signature Microsoft.AspNetCore.Mvc.IActionResult Index() on controller GalleryNote.Controllers.HomeController (GalleryNote).
2024-11-09 14:12:11.873 +01:00 [INF] Executing ViewResult, running view Index.
2024-11-09 14:12:11.874 +01:00 [INF] Executed ViewResult - view Index executed in 1.7503ms.
2024-11-09 14:12:11.874 +01:00 [INF] Executed action GalleryNote.Controllers.HomeController.Index (GalleryNote) in 2.1665ms
2024-11-09 14:12:11.874 +01:00 [INF] Executed endpoint 'GalleryNote.Controllers.HomeController.Index (GalleryNote)'
2024-11-09 14:12:11.875 +01:00 [INF] Request finished HTTP/1.1 GET http://localhost:5272/ - 200 null text/html; charset=utf-8 3.2524ms
2024-11-09 14:12:13.944 +01:00 [INF] Request starting HTTP/1.1 GET http://localhost:5272/Image/Table - null null
2024-11-09 14:12:13.944 +01:00 [INF] Executing endpoint 'GalleryNote.Controllers.ImageController.Table (GalleryNote)'
2024-11-09 14:12:13.944 +01:00 [INF] Route matched with {action = "Table", controller = "Image", page = "", area = ""}. Executing controller action with signature System.Threading.Tasks.Task`1[Microsoft.AspNetCore.Mvc.IActionResult] Table() on controller GalleryNote.Controllers.ImageController (GalleryNote).
2024-11-09 14:12:13.951 +01:00 [INF] Executing ViewResult, running view Table.
2024-11-09 14:12:13.958 +01:00 [INF] Executed ViewResult - view Table executed in 7.2884ms.
2024-11-09 14:12:13.958 +01:00 [INF] Executed action GalleryNote.Controllers.ImageController.Table (GalleryNote) in 13.9714ms
2024-11-09 14:12:13.959 +01:00 [INF] Executed endpoint 'GalleryNote.Controllers.ImageController.Table (GalleryNote)'
2024-11-09 14:12:13.959 +01:00 [INF] Request finished HTTP/1.1 GET http://localhost:5272/Image/Table - 200 null text/html; charset=utf-8 15.5226ms
2024-11-09 14:12:16.032 +01:00 [INF] Request starting HTTP/1.1 GET http://localhost:5272/Identity/Account/Register - null null
2024-11-09 14:12:16.034 +01:00 [INF] Executing endpoint '/Account/Register'
2024-11-09 14:12:16.064 +01:00 [INF] Route matched with {page = "/Account/Register", area = "Identity", action = "", controller = ""}. Executing page /Account/Register
2024-11-09 14:12:16.075 +01:00 [INF] Executing handler method GalleryNote.Areas.Identity.Pages.Account.RegisterModel.OnGetAsync - ModelState is "Valid"
2024-11-09 14:12:16.080 +01:00 [INF] Executed handler method OnGetAsync, returned result .
2024-11-09 14:12:16.084 +01:00 [INF] Executing an implicit handler method - ModelState is "Valid"
2024-11-09 14:12:16.084 +01:00 [INF] Executed an implicit handler method, returned result Microsoft.AspNetCore.Mvc.RazorPages.PageResult.
2024-11-09 14:12:16.143 +01:00 [INF] Executed page /Account/Register in 79.0712ms
2024-11-09 14:12:16.144 +01:00 [INF] Executed endpoint '/Account/Register'
2024-11-09 14:12:16.144 +01:00 [INF] Request finished HTTP/1.1 GET http://localhost:5272/Identity/Account/Register - 200 null text/html; charset=utf-8 111.6002ms
2024-11-09 14:12:16.163 +01:00 [INF] Request starting HTTP/1.1 GET http://localhost:5272/lib/jquery-validation/dist/jquery.validate.min.js - null null
2024-11-09 14:12:16.166 +01:00 [INF] Request starting HTTP/1.1 GET http://localhost:5272/lib/jquery-validation-unobtrusive/jquery.validate.unobtrusive.min.js - null null
2024-11-09 14:12:16.166 +01:00 [INF] Request finished HTTP/1.1 GET http://localhost:5272/lib/jquery-validation/dist/jquery.validate.min.js - 404 0 null 2.633ms
2024-11-09 14:12:16.168 +01:00 [INF] Request finished HTTP/1.1 GET http://localhost:5272/lib/jquery-validation-unobtrusive/jquery.validate.unobtrusive.min.js - 404 0 null 1.7306ms
2024-11-09 14:12:16.170 +01:00 [INF] Request reached the end of the middleware pipeline without being handled by application code. Request path: GET http://localhost:5272/lib/jquery-validation-unobtrusive/jquery.validate.unobtrusive.min.js, Response status code: 404
2024-11-09 14:12:16.170 +01:00 [INF] Request reached the end of the middleware pipeline without being handled by application code. Request path: GET http://localhost:5272/lib/jquery-validation/dist/jquery.validate.min.js, Response status code: 404
2024-11-09 14:12:21.381 +01:00 [INF] Request starting HTTP/1.1 GET http://localhost:5272/Identity/Account/Login - null null
2024-11-09 14:12:21.386 +01:00 [INF] Executing endpoint '/Account/Login'
2024-11-09 14:12:21.394 +01:00 [INF] Route matched with {page = "/Account/Login", area = "Identity", action = "", controller = ""}. Executing page /Account/Login
2024-11-09 14:12:21.399 +01:00 [INF] Executing handler method GalleryNote.Areas.Identity.Pages.Account.LoginModel.OnGetAsync - ModelState is "Valid"
2024-11-09 14:12:21.405 +01:00 [INF] AuthenticationScheme: Identity.External signed out.
2024-11-09 14:12:21.405 +01:00 [INF] Executed handler method OnGetAsync, returned result .
2024-11-09 14:12:21.405 +01:00 [INF] Executing an implicit handler method - ModelState is "Valid"
2024-11-09 14:12:21.405 +01:00 [INF] Executed an implicit handler method, returned result Microsoft.AspNetCore.Mvc.RazorPages.PageResult.
2024-11-09 14:12:21.438 +01:00 [INF] Executed page /Account/Login in 43.1862ms
2024-11-09 14:12:21.438 +01:00 [INF] Executed endpoint '/Account/Login'
2024-11-09 14:12:21.438 +01:00 [INF] Request finished HTTP/1.1 GET http://localhost:5272/Identity/Account/Login - 200 null text/html; charset=utf-8 57.287ms
2024-11-09 14:12:21.457 +01:00 [INF] Request starting HTTP/1.1 GET http://localhost:5272/lib/jquery-validation/dist/jquery.validate.min.js - null null
2024-11-09 14:12:21.458 +01:00 [INF] Request finished HTTP/1.1 GET http://localhost:5272/lib/jquery-validation/dist/jquery.validate.min.js - 404 0 null 0.9742ms
2024-11-09 14:12:21.458 +01:00 [INF] Request reached the end of the middleware pipeline without being handled by application code. Request path: GET http://localhost:5272/lib/jquery-validation/dist/jquery.validate.min.js, Response status code: 404
2024-11-09 14:12:21.459 +01:00 [INF] Request starting HTTP/1.1 GET http://localhost:5272/lib/jquery-validation-unobtrusive/jquery.validate.unobtrusive.min.js - null null
2024-11-09 14:12:21.460 +01:00 [INF] Request finished HTTP/1.1 GET http://localhost:5272/lib/jquery-validation-unobtrusive/jquery.validate.unobtrusive.min.js - 404 0 null 1.1707ms
2024-11-09 14:12:21.460 +01:00 [INF] Request reached the end of the middleware pipeline without being handled by application code. Request path: GET http://localhost:5272/lib/jquery-validation-unobtrusive/jquery.validate.unobtrusive.min.js, Response status code: 404
2024-11-09 14:12:33.018 +01:00 [INF] Request starting HTTP/1.1 GET http://localhost:5272/Identity/Account/Register - null null
2024-11-09 14:12:33.018 +01:00 [INF] Executing endpoint '/Account/Register'
2024-11-09 14:12:33.018 +01:00 [INF] Route matched with {page = "/Account/Register", area = "Identity", action = "", controller = ""}. Executing page /Account/Register
2024-11-09 14:12:33.019 +01:00 [INF] Executing handler method GalleryNote.Areas.Identity.Pages.Account.RegisterModel.OnGetAsync - ModelState is "Valid"
2024-11-09 14:12:33.019 +01:00 [INF] Executed handler method OnGetAsync, returned result .
2024-11-09 14:12:33.019 +01:00 [INF] Executing an implicit handler method - ModelState is "Valid"
2024-11-09 14:12:33.019 +01:00 [INF] Executed an implicit handler method, returned result Microsoft.AspNetCore.Mvc.RazorPages.PageResult.
2024-11-09 14:12:33.021 +01:00 [INF] Executed page /Account/Register in 2.846ms
2024-11-09 14:12:33.021 +01:00 [INF] Executed endpoint '/Account/Register'
2024-11-09 14:12:33.021 +01:00 [INF] Request finished HTTP/1.1 GET http://localhost:5272/Identity/Account/Register - 200 null text/html; charset=utf-8 3.6464ms
2024-11-09 14:12:33.041 +01:00 [INF] Request starting HTTP/1.1 GET http://localhost:5272/lib/jquery-validation/dist/jquery.validate.min.js - null null
2024-11-09 14:12:33.042 +01:00 [INF] Request finished HTTP/1.1 GET http://localhost:5272/lib/jquery-validation/dist/jquery.validate.min.js - 404 0 null 1.0798ms
2024-11-09 14:12:33.044 +01:00 [INF] Request starting HTTP/1.1 GET http://localhost:5272/lib/jquery-validation-unobtrusive/jquery.validate.unobtrusive.min.js - null null
2024-11-09 14:12:33.044 +01:00 [INF] Request reached the end of the middleware pipeline without being handled by application code. Request path: GET http://localhost:5272/lib/jquery-validation/dist/jquery.validate.min.js, Response status code: 404
2024-11-09 14:12:33.045 +01:00 [INF] Request finished HTTP/1.1 GET http://localhost:5272/lib/jquery-validation-unobtrusive/jquery.validate.unobtrusive.min.js - 404 0 null 1.0928ms
2024-11-09 14:12:33.045 +01:00 [INF] Request reached the end of the middleware pipeline without being handled by application code. Request path: GET http://localhost:5272/lib/jquery-validation-unobtrusive/jquery.validate.unobtrusive.min.js, Response status code: 404
2024-11-09 14:12:41.530 +01:00 [INF] Application is shutting down...
