2024-11-28 13:40:31.873 +01:00 [INF] User profile is available. Using 'C:\Users\birko\AppData\Local\ASP.NET\DataProtection-Keys' as key repository and Windows DPAPI to encrypt keys at rest.
2024-11-28 13:40:32.278 +01:00 [INF] Now listening on: http://localhost:5272
2024-11-28 13:40:32.288 +01:00 [INF] Application started. Press Ctrl+C to shut down.
2024-11-28 13:40:32.289 +01:00 [INF] Hosting environment: Development
2024-11-28 13:40:32.289 +01:00 [INF] Content root path: C:\Users\birko\OneDrive - OsloMet\ITPE 3200 - Webapplikasjoner\GalleryNote project\GalleryNote – Kopi
2024-11-28 13:40:32.773 +01:00 [INF] Request starting HTTP/1.1 GET http://localhost:5272/ - null null
2024-11-28 13:40:33.011 +01:00 [INF] Executing endpoint 'GalleryNote.Controllers.HomeController.Index (GalleryNote)'
2024-11-28 13:40:33.043 +01:00 [INF] Route matched with {action = "Index", controller = "Home", page = "", area = ""}. Executing controller action with signature Microsoft.AspNetCore.Mvc.IActionResult Index() on controller GalleryNote.Controllers.HomeController (GalleryNote).
2024-11-28 13:40:33.064 +01:00 [INF] Executing ViewResult, running view Index.
2024-11-28 13:40:33.261 +01:00 [INF] Executed ViewResult - view Index executed in 199.8133ms.
2024-11-28 13:40:33.267 +01:00 [INF] Executed action GalleryNote.Controllers.HomeController.Index (GalleryNote) in 222.7851ms
2024-11-28 13:40:33.268 +01:00 [INF] Executed endpoint 'GalleryNote.Controllers.HomeController.Index (GalleryNote)'
2024-11-28 13:40:33.286 +01:00 [INF] Request finished HTTP/1.1 GET http://localhost:5272/ - 200 null text/html; charset=utf-8 518.4409ms
2024-11-28 13:40:33.304 +01:00 [INF] Request starting HTTP/1.1 GET http://localhost:5272/images/example1.jpg - null null
2024-11-28 13:40:33.308 +01:00 [INF] Request starting HTTP/1.1 GET http://localhost:5272/images/example2.jpg - null null
2024-11-28 13:40:33.318 +01:00 [INF] The file /images/example1.jpg was not modified
2024-11-28 13:40:33.318 +01:00 [INF] The file /images/example2.jpg was not modified
2024-11-28 13:40:33.319 +01:00 [INF] Request finished HTTP/1.1 GET http://localhost:5272/images/example1.jpg - 304 null image/jpeg 18.0239ms
2024-11-28 13:40:33.319 +01:00 [INF] Request finished HTTP/1.1 GET http://localhost:5272/images/example2.jpg - 304 null image/jpeg 10.7903ms
2024-11-28 13:40:33.357 +01:00 [INF] Request starting HTTP/1.1 GET http://localhost:5272/images/example3.jpg - null null
2024-11-28 13:40:33.360 +01:00 [INF] The file /images/example3.jpg was not modified
2024-11-28 13:40:33.361 +01:00 [INF] Request finished HTTP/1.1 GET http://localhost:5272/images/example3.jpg - 304 null image/jpeg 3.848ms
2024-11-28 13:40:33.363 +01:00 [INF] Request starting HTTP/1.1 GET http://localhost:5272/_framework/aspnetcore-browser-refresh.js - null null
2024-11-28 13:40:33.371 +01:00 [INF] Request finished HTTP/1.1 GET http://localhost:5272/_framework/aspnetcore-browser-refresh.js - 200 13732 application/javascript; charset=utf-8 8.0053ms
2024-11-28 13:40:49.985 +01:00 [INF] Request starting HTTP/1.1 GET http://localhost:5272/Note/Grid?active=active - null null
2024-11-28 13:40:50.209 +01:00 [INF] Executing endpoint 'GalleryNote.Controllers.NoteController.Grid (GalleryNote)'
2024-11-28 13:40:50.229 +01:00 [INF] Route matched with {action = "Grid", controller = "Note", page = "", area = ""}. Executing controller action with signature System.Threading.Tasks.Task`1[Microsoft.AspNetCore.Mvc.IActionResult] Grid() on controller GalleryNote.Controllers.NoteController (GalleryNote).
2024-11-28 13:40:50.669 +01:00 [INF] Executing ViewResult, running view Grid.
2024-11-28 13:40:50.703 +01:00 [INF] Executed ViewResult - view Grid executed in 38.5413ms.
2024-11-28 13:40:50.703 +01:00 [INF] Executed action GalleryNote.Controllers.NoteController.Grid (GalleryNote) in 473.732ms
2024-11-28 13:40:50.703 +01:00 [INF] Executed endpoint 'GalleryNote.Controllers.NoteController.Grid (GalleryNote)'
2024-11-28 13:40:50.720 +01:00 [INF] Request finished HTTP/1.1 GET http://localhost:5272/Note/Grid?active=active - 200 null text/html; charset=utf-8 734.4676ms
2024-11-28 13:40:50.733 +01:00 [INF] Request starting HTTP/1.1 GET http://localhost:5272/_framework/aspnetcore-browser-refresh.js - null null
2024-11-28 13:40:50.735 +01:00 [INF] Request finished HTTP/1.1 GET http://localhost:5272/_framework/aspnetcore-browser-refresh.js - 200 13732 application/javascript; charset=utf-8 1.2269ms
2024-11-28 13:40:51.208 +01:00 [INF] Request starting HTTP/1.1 GET http://localhost:5272/Image/Grid?active=active - null null
2024-11-28 13:40:51.243 +01:00 [INF] Executing endpoint 'GalleryNote.Controllers.ImageController.Grid (GalleryNote)'
2024-11-28 13:40:51.247 +01:00 [INF] Route matched with {action = "Grid", controller = "Image", page = "", area = ""}. Executing controller action with signature Microsoft.AspNetCore.Mvc.IActionResult Grid() on controller GalleryNote.Controllers.ImageController (GalleryNote).
2024-11-28 13:40:51.306 +01:00 [INF] Executing ViewResult, running view Grid.
2024-11-28 13:40:51.338 +01:00 [INF] Executed ViewResult - view Grid executed in 32.8042ms.
2024-11-28 13:40:51.338 +01:00 [INF] Executed action GalleryNote.Controllers.ImageController.Grid (GalleryNote) in 91.1963ms
2024-11-28 13:40:51.338 +01:00 [INF] Executed endpoint 'GalleryNote.Controllers.ImageController.Grid (GalleryNote)'
2024-11-28 13:40:51.350 +01:00 [INF] Request finished HTTP/1.1 GET http://localhost:5272/Image/Grid?active=active - 200 null text/html; charset=utf-8 141.4721ms
2024-11-28 13:40:51.364 +01:00 [INF] Request starting HTTP/1.1 GET http://localhost:5272/images/blomst.jpg - null null
2024-11-28 13:40:51.365 +01:00 [INF] The file /images/blomst.jpg was not modified
2024-11-28 13:40:51.366 +01:00 [INF] Request finished HTTP/1.1 GET http://localhost:5272/images/blomst.jpg - 304 null image/jpeg 1.9739ms
2024-11-28 13:40:51.375 +01:00 [INF] Request starting HTTP/1.1 GET http://localhost:5272/images/blad.jpg - null null
2024-11-28 13:40:51.376 +01:00 [INF] The file /images/blad.jpg was not modified
2024-11-28 13:40:51.377 +01:00 [INF] Request finished HTTP/1.1 GET http://localhost:5272/images/blad.jpg - 304 null image/jpeg 2.388ms
2024-11-28 13:40:51.382 +01:00 [INF] Request starting HTTP/1.1 GET http://localhost:5272/_framework/aspnetcore-browser-refresh.js - null null
2024-11-28 13:40:51.383 +01:00 [INF] Request finished HTTP/1.1 GET http://localhost:5272/_framework/aspnetcore-browser-refresh.js - 200 13732 application/javascript; charset=utf-8 0.5633ms
2024-11-28 13:40:51.383 +01:00 [INF] Request starting HTTP/1.1 GET http://localhost:5272/images/skog.jpg - null null
2024-11-28 13:40:51.384 +01:00 [INF] Request starting HTTP/1.1 GET http://localhost:5272/images/1.jpg - null null
2024-11-28 13:40:51.384 +01:00 [INF] The file /images/skog.jpg was not modified
2024-11-28 13:40:51.385 +01:00 [INF] Request finished HTTP/1.1 GET http://localhost:5272/images/skog.jpg - 304 null image/jpeg 2.0877ms
2024-11-28 13:40:51.387 +01:00 [INF] The file /images/1.jpg was not modified
2024-11-28 13:40:51.388 +01:00 [INF] Request finished HTTP/1.1 GET http://localhost:5272/images/1.jpg - 304 null image/jpeg 3.9415ms
2024-11-28 13:40:54.768 +01:00 [INF] Request starting HTTP/1.1 GET http://localhost:5272/?active=active - null null
2024-11-28 13:40:54.775 +01:00 [INF] Executing endpoint 'GalleryNote.Controllers.HomeController.Index (GalleryNote)'
2024-11-28 13:40:54.775 +01:00 [INF] Route matched with {action = "Index", controller = "Home", page = "", area = ""}. Executing controller action with signature Microsoft.AspNetCore.Mvc.IActionResult Index() on controller GalleryNote.Controllers.HomeController (GalleryNote).
2024-11-28 13:40:54.776 +01:00 [INF] Executing ViewResult, running view Index.
2024-11-28 13:40:54.779 +01:00 [INF] Executed ViewResult - view Index executed in 3.2697ms.
2024-11-28 13:40:54.779 +01:00 [INF] Executed action GalleryNote.Controllers.HomeController.Index (GalleryNote) in 3.9128ms
2024-11-28 13:40:54.779 +01:00 [INF] Executed endpoint 'GalleryNote.Controllers.HomeController.Index (GalleryNote)'
2024-11-28 13:40:54.780 +01:00 [INF] Request finished HTTP/1.1 GET http://localhost:5272/?active=active - 200 null text/html; charset=utf-8 11.6433ms
2024-11-28 13:40:54.814 +01:00 [INF] Request starting HTTP/1.1 GET http://localhost:5272/_framework/aspnetcore-browser-refresh.js - null null
2024-11-28 13:40:54.815 +01:00 [INF] Request finished HTTP/1.1 GET http://localhost:5272/_framework/aspnetcore-browser-refresh.js - 200 13732 application/javascript; charset=utf-8 0.8484ms
2024-11-28 13:41:54.997 +01:00 [INF] Request starting HTTP/1.1 GET http://localhost:5272/Image/Grid?active=active - null null
2024-11-28 13:41:55.005 +01:00 [INF] Executing endpoint 'GalleryNote.Controllers.ImageController.Grid (GalleryNote)'
2024-11-28 13:41:55.006 +01:00 [INF] Route matched with {action = "Grid", controller = "Image", page = "", area = ""}. Executing controller action with signature Microsoft.AspNetCore.Mvc.IActionResult Grid() on controller GalleryNote.Controllers.ImageController (GalleryNote).
2024-11-28 13:41:55.011 +01:00 [INF] Executing ViewResult, running view Grid.
2024-11-28 13:41:55.016 +01:00 [INF] Executed ViewResult - view Grid executed in 5.8503ms.
2024-11-28 13:41:55.017 +01:00 [INF] Executed action GalleryNote.Controllers.ImageController.Grid (GalleryNote) in 10.355ms
2024-11-28 13:41:55.017 +01:00 [INF] Executed endpoint 'GalleryNote.Controllers.ImageController.Grid (GalleryNote)'
2024-11-28 13:41:55.018 +01:00 [INF] Request finished HTTP/1.1 GET http://localhost:5272/Image/Grid?active=active - 200 null text/html; charset=utf-8 20.787ms
2024-11-28 13:41:55.079 +01:00 [INF] Request starting HTTP/1.1 GET http://localhost:5272/_framework/aspnetcore-browser-refresh.js - null null
2024-11-28 13:41:55.080 +01:00 [INF] Request finished HTTP/1.1 GET http://localhost:5272/_framework/aspnetcore-browser-refresh.js - 200 13732 application/javascript; charset=utf-8 0.713ms
2024-11-28 13:41:57.019 +01:00 [INF] Request starting HTTP/1.1 GET http://localhost:5272/Note/Grid?active=active - null null
2024-11-28 13:41:57.028 +01:00 [INF] Executing endpoint 'GalleryNote.Controllers.NoteController.Grid (GalleryNote)'
2024-11-28 13:41:57.029 +01:00 [INF] Route matched with {action = "Grid", controller = "Note", page = "", area = ""}. Executing controller action with signature System.Threading.Tasks.Task`1[Microsoft.AspNetCore.Mvc.IActionResult] Grid() on controller GalleryNote.Controllers.NoteController (GalleryNote).
2024-11-28 13:41:57.034 +01:00 [INF] Executing ViewResult, running view Grid.
2024-11-28 13:41:57.041 +01:00 [INF] Executed ViewResult - view Grid executed in 6.8679ms.
2024-11-28 13:41:57.042 +01:00 [INF] Executed action GalleryNote.Controllers.NoteController.Grid (GalleryNote) in 13.1879ms
2024-11-28 13:41:57.044 +01:00 [INF] Executed endpoint 'GalleryNote.Controllers.NoteController.Grid (GalleryNote)'
2024-11-28 13:41:57.045 +01:00 [INF] Request finished HTTP/1.1 GET http://localhost:5272/Note/Grid?active=active - 200 null text/html; charset=utf-8 26.1442ms
2024-11-28 13:41:57.087 +01:00 [INF] Request starting HTTP/1.1 GET http://localhost:5272/_framework/aspnetcore-browser-refresh.js - null null
2024-11-28 13:41:57.088 +01:00 [INF] Request finished HTTP/1.1 GET http://localhost:5272/_framework/aspnetcore-browser-refresh.js - 200 13732 application/javascript; charset=utf-8 0.8703ms
2024-11-28 13:41:58.016 +01:00 [INF] Request starting HTTP/1.1 GET http://localhost:5272/Home/Upload?active=active - null null
2024-11-28 13:41:58.041 +01:00 [INF] Executing endpoint 'GalleryNote.Controllers.HomeController.Upload (GalleryNote)'
2024-11-28 13:41:58.045 +01:00 [INF] Route matched with {action = "Upload", controller = "Home", page = "", area = ""}. Executing controller action with signature Microsoft.AspNetCore.Mvc.IActionResult Upload() on controller GalleryNote.Controllers.HomeController (GalleryNote).
2024-11-28 13:41:58.048 +01:00 [INF] Executing ViewResult, running view Upload.
2024-11-28 13:41:58.067 +01:00 [INF] Executed ViewResult - view Upload executed in 21.1906ms.
2024-11-28 13:41:58.067 +01:00 [INF] Executed action GalleryNote.Controllers.HomeController.Upload (GalleryNote) in 22.0573ms
2024-11-28 13:41:58.068 +01:00 [INF] Executed endpoint 'GalleryNote.Controllers.HomeController.Upload (GalleryNote)'
2024-11-28 13:41:58.068 +01:00 [INF] Request finished HTTP/1.1 GET http://localhost:5272/Home/Upload?active=active - 200 null text/html; charset=utf-8 51.9211ms
2024-11-28 13:41:58.103 +01:00 [INF] Request starting HTTP/1.1 GET http://localhost:5272/_framework/aspnetcore-browser-refresh.js - null null
2024-11-28 13:41:58.104 +01:00 [INF] Request finished HTTP/1.1 GET http://localhost:5272/_framework/aspnetcore-browser-refresh.js - 200 13732 application/javascript; charset=utf-8 0.7385ms
2024-11-28 13:46:21.781 +01:00 [INF] Request starting HTTP/1.1 GET http://localhost:5272/Home/Upload?active=active - null null
2024-11-28 13:46:21.788 +01:00 [INF] Executing endpoint 'GalleryNote.Controllers.HomeController.Upload (GalleryNote)'
2024-11-28 13:46:21.788 +01:00 [INF] Route matched with {action = "Upload", controller = "Home", page = "", area = ""}. Executing controller action with signature Microsoft.AspNetCore.Mvc.IActionResult Upload() on controller GalleryNote.Controllers.HomeController (GalleryNote).
2024-11-28 13:46:21.789 +01:00 [INF] Executing ViewResult, running view Upload.
2024-11-28 13:46:21.791 +01:00 [INF] Executed ViewResult - view Upload executed in 2.3499ms.
2024-11-28 13:46:21.791 +01:00 [INF] Executed action GalleryNote.Controllers.HomeController.Upload (GalleryNote) in 2.672ms
2024-11-28 13:46:21.791 +01:00 [INF] Executed endpoint 'GalleryNote.Controllers.HomeController.Upload (GalleryNote)'
2024-11-28 13:46:21.792 +01:00 [INF] Request finished HTTP/1.1 GET http://localhost:5272/Home/Upload?active=active - 200 null text/html; charset=utf-8 11.03ms
2024-11-28 13:46:21.829 +01:00 [INF] Request starting HTTP/1.1 GET http://localhost:5272/_framework/aspnetcore-browser-refresh.js - null null
2024-11-28 13:46:21.829 +01:00 [INF] Request finished HTTP/1.1 GET http://localhost:5272/_framework/aspnetcore-browser-refresh.js - 200 13732 application/javascript; charset=utf-8 0.4648ms
2024-11-28 13:46:22.661 +01:00 [INF] Request starting HTTP/1.1 GET http://localhost:5272/Home/Upload?active=active - null null
2024-11-28 13:46:22.669 +01:00 [INF] Executing endpoint 'GalleryNote.Controllers.HomeController.Upload (GalleryNote)'
2024-11-28 13:46:22.669 +01:00 [INF] Route matched with {action = "Upload", controller = "Home", page = "", area = ""}. Executing controller action with signature Microsoft.AspNetCore.Mvc.IActionResult Upload() on controller GalleryNote.Controllers.HomeController (GalleryNote).
2024-11-28 13:46:22.670 +01:00 [INF] Executing ViewResult, running view Upload.
2024-11-28 13:46:22.672 +01:00 [INF] Executed ViewResult - view Upload executed in 1.8453ms.
2024-11-28 13:46:22.672 +01:00 [INF] Executed action GalleryNote.Controllers.HomeController.Upload (GalleryNote) in 2.3039ms
2024-11-28 13:46:22.672 +01:00 [INF] Executed endpoint 'GalleryNote.Controllers.HomeController.Upload (GalleryNote)'
2024-11-28 13:46:22.672 +01:00 [INF] Request finished HTTP/1.1 GET http://localhost:5272/Home/Upload?active=active - 200 null text/html; charset=utf-8 10.8761ms
2024-11-28 13:46:22.699 +01:00 [INF] Request starting HTTP/1.1 GET http://localhost:5272/_framework/aspnetcore-browser-refresh.js - null null
2024-11-28 13:46:22.699 +01:00 [INF] Request finished HTTP/1.1 GET http://localhost:5272/_framework/aspnetcore-browser-refresh.js - 200 13732 application/javascript; charset=utf-8 0.4895ms
2024-11-28 13:46:22.990 +01:00 [INF] Request starting HTTP/1.1 GET http://localhost:5272/Home/Upload?active=active - null null
2024-11-28 13:46:22.994 +01:00 [INF] Executing endpoint 'GalleryNote.Controllers.HomeController.Upload (GalleryNote)'
2024-11-28 13:46:22.994 +01:00 [INF] Route matched with {action = "Upload", controller = "Home", page = "", area = ""}. Executing controller action with signature Microsoft.AspNetCore.Mvc.IActionResult Upload() on controller GalleryNote.Controllers.HomeController (GalleryNote).
2024-11-28 13:46:22.994 +01:00 [INF] Executing ViewResult, running view Upload.
2024-11-28 13:46:22.995 +01:00 [INF] Executed ViewResult - view Upload executed in 1.1559ms.
2024-11-28 13:46:22.995 +01:00 [INF] Executed action GalleryNote.Controllers.HomeController.Upload (GalleryNote) in 1.3328ms
2024-11-28 13:46:22.995 +01:00 [INF] Executed endpoint 'GalleryNote.Controllers.HomeController.Upload (GalleryNote)'
2024-11-28 13:46:22.996 +01:00 [INF] Request finished HTTP/1.1 GET http://localhost:5272/Home/Upload?active=active - 200 null text/html; charset=utf-8 6.0353ms
2024-11-28 13:46:23.022 +01:00 [INF] Request starting HTTP/1.1 GET http://localhost:5272/_framework/aspnetcore-browser-refresh.js - null null
2024-11-28 13:46:23.023 +01:00 [INF] Request finished HTTP/1.1 GET http://localhost:5272/_framework/aspnetcore-browser-refresh.js - 200 13732 application/javascript; charset=utf-8 0.3922ms
2024-11-28 13:46:39.811 +01:00 [INF] Application is shutting down...
