2024-11-13 21:03:46.426 +01:00 [INF] User profile is available. Using 'C:\Users\birko\AppData\Local\ASP.NET\DataProtection-Keys' as key repository and Windows DPAPI to encrypt keys at rest.
2024-11-13 21:03:46.844 +01:00 [INF] Now listening on: http://localhost:5272
2024-11-13 21:03:46.858 +01:00 [INF] Application started. Press Ctrl+C to shut down.
2024-11-13 21:03:46.861 +01:00 [INF] Hosting environment: Development
2024-11-13 21:03:46.862 +01:00 [INF] Content root path: C:\Users\birko\OneDrive - OsloMet\ITPE 3200 - Webapplikasjoner\GalleryNote project\GalleryNote – Kopi
2024-11-13 21:04:02.239 +01:00 [INF] Request starting HTTP/1.1 GET http://localhost:5272/ - null null
2024-11-13 21:04:02.329 +01:00 [INF] Executing endpoint 'GalleryNote.Controllers.HomeController.Index (GalleryNote)'
2024-11-13 21:04:02.359 +01:00 [INF] Route matched with {action = "Index", controller = "Home", page = "", area = ""}. Executing controller action with signature Microsoft.AspNetCore.Mvc.IActionResult Index() on controller GalleryNote.Controllers.HomeController (GalleryNote).
2024-11-13 21:04:02.374 +01:00 [INF] Executing ViewResult, running view Index.
2024-11-13 21:04:02.523 +01:00 [INF] Executed ViewResult - view Index executed in 152.2629ms.
2024-11-13 21:04:02.527 +01:00 [INF] Executed action GalleryNote.Controllers.HomeController.Index (GalleryNote) in 166.9508ms
2024-11-13 21:04:02.527 +01:00 [INF] Executed endpoint 'GalleryNote.Controllers.HomeController.Index (GalleryNote)'
2024-11-13 21:04:02.541 +01:00 [INF] Request finished HTTP/1.1 GET http://localhost:5272/ - 200 null text/html; charset=utf-8 309.4383ms
2024-11-13 21:04:04.191 +01:00 [INF] Request starting HTTP/1.1 GET http://localhost:5272/Image/Grid?active=active - null null
2024-11-13 21:04:04.202 +01:00 [INF] Executing endpoint 'GalleryNote.Controllers.ImageController.Grid (GalleryNote)'
2024-11-13 21:04:04.224 +01:00 [INF] Route matched with {action = "Grid", controller = "Image", page = "", area = ""}. Executing controller action with signature System.Threading.Tasks.Task`1[Microsoft.AspNetCore.Mvc.IActionResult] Grid() on controller GalleryNote.Controllers.ImageController (GalleryNote).
2024-11-13 21:04:04.539 +01:00 [INF] Executing ViewResult, running view Grid.
2024-11-13 21:04:04.587 +01:00 [INF] Executed ViewResult - view Grid executed in 53.0742ms.
2024-11-13 21:04:04.587 +01:00 [INF] Executed action GalleryNote.Controllers.ImageController.Grid (GalleryNote) in 362.7737ms
2024-11-13 21:04:04.587 +01:00 [INF] Executed endpoint 'GalleryNote.Controllers.ImageController.Grid (GalleryNote)'
2024-11-13 21:04:04.599 +01:00 [INF] Request finished HTTP/1.1 GET http://localhost:5272/Image/Grid?active=active - 200 null text/html; charset=utf-8 408.4184ms
2024-11-13 21:07:42.909 +01:00 [INF] Application is shutting down...
