2024-11-29 14:48:08.627 +01:00 [INF] User profile is available. Using 'C:\Users\birko\AppData\Local\ASP.NET\DataProtection-Keys' as key repository and Windows DPAPI to encrypt keys at rest.
2024-11-29 14:48:09.190 +01:00 [INF] Now listening on: http://localhost:5272
2024-11-29 14:48:09.204 +01:00 [INF] Application started. Press Ctrl+C to shut down.
2024-11-29 14:48:09.208 +01:00 [INF] Hosting environment: Development
2024-11-29 14:48:09.209 +01:00 [INF] Content root path: C:\Users\birko\OneDrive - OsloMet\ITPE 3200 - Webapplikasjoner\eksamen\GalleryNote
2024-11-29 14:48:11.609 +01:00 [INF] Request starting HTTP/1.1 GET http://localhost:5272/ - null null
2024-11-29 14:48:11.764 +01:00 [INF] Executing endpoint 'GalleryNote.Controllers.HomeController.Index (GalleryNote)'
2024-11-29 14:48:11.805 +01:00 [INF] Route matched with {action = "Index", controller = "Home", page = "", area = ""}. Executing controller action with signature Microsoft.AspNetCore.Mvc.IActionResult Index() on controller GalleryNote.Controllers.HomeController (GalleryNote).
2024-11-29 14:48:11.835 +01:00 [INF] Executing ViewResult, running view Index.
2024-11-29 14:48:12.271 +01:00 [INF] Executed ViewResult - view Index executed in 446.245ms.
2024-11-29 14:48:12.278 +01:00 [INF] Executed action GalleryNote.Controllers.HomeController.Index (GalleryNote) in 471.0332ms
2024-11-29 14:48:12.278 +01:00 [INF] Executed endpoint 'GalleryNote.Controllers.HomeController.Index (GalleryNote)'
2024-11-29 14:48:12.312 +01:00 [INF] Request finished HTTP/1.1 GET http://localhost:5272/ - 200 null text/html; charset=utf-8 710.9406ms
2024-11-29 14:48:12.393 +01:00 [INF] Request starting HTTP/1.1 GET http://localhost:5272/images/example1.jpg - null null
2024-11-29 14:48:12.401 +01:00 [INF] Request starting HTTP/1.1 GET http://localhost:5272/images/example2.jpg - null null
2024-11-29 14:48:12.444 +01:00 [INF] The file /images/example1.jpg was not modified
2024-11-29 14:48:12.444 +01:00 [INF] The file /images/example2.jpg was not modified
2024-11-29 14:48:12.446 +01:00 [INF] Request finished HTTP/1.1 GET http://localhost:5272/images/example2.jpg - 304 null image/jpeg 44.298ms
2024-11-29 14:48:12.447 +01:00 [INF] Request finished HTTP/1.1 GET http://localhost:5272/images/example1.jpg - 304 null image/jpeg 52.6982ms
2024-11-29 14:48:12.569 +01:00 [INF] Request starting HTTP/1.1 GET http://localhost:5272/images/example3.jpg - null null
2024-11-29 14:48:12.585 +01:00 [INF] The file /images/example3.jpg was not modified
2024-11-29 14:48:12.586 +01:00 [INF] Request finished HTTP/1.1 GET http://localhost:5272/images/example3.jpg - 304 null image/jpeg 18.0225ms
2024-11-29 14:48:17.839 +01:00 [INF] Request starting HTTP/1.1 GET http://localhost:5272/Home/Upload?active=active - null null
2024-11-29 14:48:17.858 +01:00 [INF] Authorization failed. These requirements were not met:
DenyAnonymousAuthorizationRequirement: Requires an authenticated user.
2024-11-29 14:48:17.871 +01:00 [INF] AuthenticationScheme: Identity.Application was challenged.
2024-11-29 14:48:17.871 +01:00 [INF] Request finished HTTP/1.1 GET http://localhost:5272/Home/Upload?active=active - 302 0 null 33.0107ms
2024-11-29 14:48:17.882 +01:00 [INF] Request starting HTTP/1.1 GET http://localhost:5272/Identity/Account/Login?ReturnUrl=%2FHome%2FUpload%3Factive%3Dactive - null null
2024-11-29 14:48:17.888 +01:00 [INF] Executing endpoint '/Account/Login'
2024-11-29 14:48:17.935 +01:00 [INF] Route matched with {page = "/Account/Login", area = "Identity", action = "", controller = ""}. Executing page /Account/Login
2024-11-29 14:48:18.120 +01:00 [INF] Executing handler method GalleryNote.Areas.Identity.Pages.Account.LoginModel.OnGetAsync - ModelState is "Valid"
2024-11-29 14:48:18.128 +01:00 [INF] AuthenticationScheme: Identity.External signed out.
2024-11-29 14:48:18.134 +01:00 [INF] Executed handler method OnGetAsync, returned result .
2024-11-29 14:48:18.138 +01:00 [INF] Executing an implicit handler method - ModelState is "Valid"
2024-11-29 14:48:18.138 +01:00 [INF] Executed an implicit handler method, returned result Microsoft.AspNetCore.Mvc.RazorPages.PageResult.
2024-11-29 14:48:18.241 +01:00 [INF] Executed page /Account/Login in 305.2503ms
2024-11-29 14:48:18.241 +01:00 [INF] Executed endpoint '/Account/Login'
2024-11-29 14:48:18.241 +01:00 [INF] Request finished HTTP/1.1 GET http://localhost:5272/Identity/Account/Login?ReturnUrl=%2FHome%2FUpload%3Factive%3Dactive - 200 null text/html; charset=utf-8 359.5867ms
2024-11-29 14:48:18.292 +01:00 [INF] Request starting HTTP/1.1 GET http://localhost:5272/lib/jquery-validation/dist/jquery.validate.min.js - null null
2024-11-29 14:48:18.295 +01:00 [INF] Request finished HTTP/1.1 GET http://localhost:5272/lib/jquery-validation/dist/jquery.validate.min.js - 404 0 null 2.3017ms
2024-11-29 14:48:18.298 +01:00 [INF] Request reached the end of the middleware pipeline without being handled by application code. Request path: GET http://localhost:5272/lib/jquery-validation/dist/jquery.validate.min.js, Response status code: 404
2024-11-29 14:48:18.308 +01:00 [INF] Request starting HTTP/1.1 GET http://localhost:5272/lib/jquery-validation-unobtrusive/jquery.validate.unobtrusive.min.js - null null
2024-11-29 14:48:18.310 +01:00 [INF] Request finished HTTP/1.1 GET http://localhost:5272/lib/jquery-validation-unobtrusive/jquery.validate.unobtrusive.min.js - 404 0 null 1.8321ms
2024-11-29 14:48:18.314 +01:00 [INF] Request reached the end of the middleware pipeline without being handled by application code. Request path: GET http://localhost:5272/lib/jquery-validation-unobtrusive/jquery.validate.unobtrusive.min.js, Response status code: 404
2024-11-29 14:48:24.123 +01:00 [INF] Request starting HTTP/1.1 POST http://localhost:5272/Identity/Account/Login?ReturnUrl=%2FHome%2FUpload%3Factive%3Dactive - application/x-www-form-urlencoded 266
2024-11-29 14:48:24.131 +01:00 [INF] Executing endpoint '/Account/Login'
2024-11-29 14:48:24.132 +01:00 [INF] Route matched with {page = "/Account/Login", area = "Identity", action = "", controller = ""}. Executing page /Account/Login
2024-11-29 14:48:24.193 +01:00 [INF] Executing handler method GalleryNote.Areas.Identity.Pages.Account.LoginModel.OnPostAsync - ModelState is "Valid"
2024-11-29 14:48:24.846 +01:00 [INF] AuthenticationScheme: Identity.Application signed in.
2024-11-29 14:48:24.848 +01:00 [INF] User logged in.
2024-11-29 14:48:24.850 +01:00 [INF] Executed handler method OnPostAsync, returned result Microsoft.AspNetCore.Mvc.LocalRedirectResult.
2024-11-29 14:48:24.857 +01:00 [INF] Executing LocalRedirectResult, redirecting to /Home/Upload?active=active.
2024-11-29 14:48:24.857 +01:00 [INF] Executed page /Account/Login in 724.9097ms
2024-11-29 14:48:24.858 +01:00 [INF] Executed endpoint '/Account/Login'
2024-11-29 14:48:24.873 +01:00 [INF] Request finished HTTP/1.1 POST http://localhost:5272/Identity/Account/Login?ReturnUrl=%2FHome%2FUpload%3Factive%3Dactive - 302 0 null 749.6209ms
2024-11-29 14:48:24.874 +01:00 [INF] Request starting HTTP/1.1 GET http://localhost:5272/Home/Upload?active=active - null null
2024-11-29 14:48:24.889 +01:00 [INF] Executing endpoint 'GalleryNote.Controllers.HomeController.Upload (GalleryNote)'
2024-11-29 14:48:24.895 +01:00 [INF] Route matched with {action = "Upload", controller = "Home", page = "", area = ""}. Executing controller action with signature Microsoft.AspNetCore.Mvc.IActionResult Upload() on controller GalleryNote.Controllers.HomeController (GalleryNote).
2024-11-29 14:48:24.899 +01:00 [INF] Executing ViewResult, running view Upload.
2024-11-29 14:48:24.922 +01:00 [INF] Executed ViewResult - view Upload executed in 24.7282ms.
2024-11-29 14:48:24.922 +01:00 [INF] Executed action GalleryNote.Controllers.HomeController.Upload (GalleryNote) in 27.3428ms
2024-11-29 14:48:24.923 +01:00 [INF] Executed endpoint 'GalleryNote.Controllers.HomeController.Upload (GalleryNote)'
2024-11-29 14:48:24.923 +01:00 [INF] Request finished HTTP/1.1 GET http://localhost:5272/Home/Upload?active=active - 200 null text/html; charset=utf-8 49.4269ms
2024-11-29 14:48:25.865 +01:00 [INF] Request starting HTTP/1.1 GET http://localhost:5272/Image/Create - null null
2024-11-29 14:48:25.872 +01:00 [INF] Executing endpoint 'GalleryNote.Controllers.ImageController.Create (GalleryNote)'
2024-11-29 14:48:25.874 +01:00 [INF] Route matched with {action = "Create", controller = "Image", page = "", area = ""}. Executing controller action with signature Microsoft.AspNetCore.Mvc.IActionResult Create() on controller GalleryNote.Controllers.ImageController (GalleryNote).
2024-11-29 14:48:25.879 +01:00 [INF] Executing ViewResult, running view Create.
2024-11-29 14:48:25.929 +01:00 [INF] Executed ViewResult - view Create executed in 53.8506ms.
2024-11-29 14:48:25.929 +01:00 [INF] Executed action GalleryNote.Controllers.ImageController.Create (GalleryNote) in 55.3995ms
2024-11-29 14:48:25.930 +01:00 [INF] Executed endpoint 'GalleryNote.Controllers.ImageController.Create (GalleryNote)'
2024-11-29 14:48:25.931 +01:00 [INF] Request finished HTTP/1.1 GET http://localhost:5272/Image/Create - 200 null text/html; charset=utf-8 65.252ms
2024-11-29 14:48:35.979 +01:00 [INF] Request starting HTTP/1.1 POST http://localhost:5272/Image/Create - multipart/form-data; boundary=----WebKitFormBoundaryGnIvruyak46UPPlA 674757
2024-11-29 14:48:36.011 +01:00 [INF] Executing endpoint 'GalleryNote.Controllers.ImageController.Create (GalleryNote)'
2024-11-29 14:48:36.066 +01:00 [INF] Route matched with {action = "Create", controller = "Image", page = "", area = ""}. Executing controller action with signature System.Threading.Tasks.Task`1[Microsoft.AspNetCore.Mvc.IActionResult] Create(GalleryNote.Models.Image, Microsoft.AspNetCore.Http.IFormFile) on controller GalleryNote.Controllers.ImageController (GalleryNote).
2024-11-29 14:48:36.990 +01:00 [INF] Executing RedirectResult, redirecting to /Image/Grid.
2024-11-29 14:48:36.991 +01:00 [INF] Executed action GalleryNote.Controllers.ImageController.Create (GalleryNote) in 925.219ms
2024-11-29 14:48:36.992 +01:00 [INF] Executed endpoint 'GalleryNote.Controllers.ImageController.Create (GalleryNote)'
2024-11-29 14:48:36.999 +01:00 [INF] Request finished HTTP/1.1 POST http://localhost:5272/Image/Create - 302 0 null 1022.7256ms
2024-11-29 14:48:37.007 +01:00 [INF] Request starting HTTP/1.1 GET http://localhost:5272/Image/Grid - null null
2024-11-29 14:48:37.011 +01:00 [INF] Executing endpoint 'GalleryNote.Controllers.ImageController.Grid (GalleryNote)'
2024-11-29 14:48:37.014 +01:00 [INF] Route matched with {action = "Grid", controller = "Image", page = "", area = ""}. Executing controller action with signature Microsoft.AspNetCore.Mvc.IActionResult Grid() on controller GalleryNote.Controllers.ImageController (GalleryNote).
2024-11-29 14:48:37.072 +01:00 [INF] Executing ViewResult, running view Grid.
2024-11-29 14:48:37.115 +01:00 [INF] Executed ViewResult - view Grid executed in 45.1806ms.
2024-11-29 14:48:37.115 +01:00 [INF] Executed action GalleryNote.Controllers.ImageController.Grid (GalleryNote) in 100.4503ms
2024-11-29 14:48:37.115 +01:00 [INF] Executed endpoint 'GalleryNote.Controllers.ImageController.Grid (GalleryNote)'
2024-11-29 14:48:37.120 +01:00 [INF] Request finished HTTP/1.1 GET http://localhost:5272/Image/Grid - 200 null text/html; charset=utf-8 112.2223ms
2024-11-29 14:48:37.186 +01:00 [INF] Request starting HTTP/1.1 GET http://localhost:5272/images/blad.jpg - null null
2024-11-29 14:48:37.188 +01:00 [INF] The file /images/blad.jpg was not modified
2024-11-29 14:48:37.189 +01:00 [INF] Request finished HTTP/1.1 GET http://localhost:5272/images/blad.jpg - 304 null image/jpeg 2.2148ms
2024-11-29 14:48:37.189 +01:00 [INF] Request starting HTTP/1.1 GET http://localhost:5272/images/skog.jpg - null null
2024-11-29 14:48:37.190 +01:00 [INF] The file /images/skog.jpg was not modified
2024-11-29 14:48:37.190 +01:00 [INF] Request finished HTTP/1.1 GET http://localhost:5272/images/skog.jpg - 304 null image/jpeg 0.779ms
2024-11-29 14:48:37.190 +01:00 [INF] Request starting HTTP/1.1 GET http://localhost:5272/images/2df11803b12b750e504ff3472a4366ef.jpg - null null
2024-11-29 14:48:37.221 +01:00 [INF] Request starting HTTP/1.1 GET http://localhost:5272/images/blomst.jpg - null null
2024-11-29 14:48:37.222 +01:00 [INF] The file /images/blomst.jpg was not modified
2024-11-29 14:48:37.222 +01:00 [INF] Request finished HTTP/1.1 GET http://localhost:5272/images/blomst.jpg - 304 null image/jpeg 1.4912ms
2024-11-29 14:48:37.278 +01:00 [INF] Sending file. Request path: '/images/2df11803b12b750e504ff3472a4366ef.jpg'. Physical path: 'C:\Users\birko\OneDrive - OsloMet\ITPE 3200 - Webapplikasjoner\eksamen\GalleryNote\wwwroot\images\2df11803b12b750e504ff3472a4366ef.jpg'
2024-11-29 14:48:37.279 +01:00 [INF] Request finished HTTP/1.1 GET http://localhost:5272/images/2df11803b12b750e504ff3472a4366ef.jpg - 200 674130 image/jpeg 88.2087ms
2024-11-29 14:48:48.897 +01:00 [INF] Request starting HTTP/1.1 GET http://localhost:5272/Image/Delete/6 - null null
2024-11-29 14:48:48.903 +01:00 [INF] Executing endpoint 'GalleryNote.Controllers.ImageController.Delete (GalleryNote)'
2024-11-29 14:48:48.912 +01:00 [INF] Route matched with {action = "Delete", controller = "Image", page = "", area = ""}. Executing controller action with signature Microsoft.AspNetCore.Mvc.IActionResult Delete(Int32) on controller GalleryNote.Controllers.ImageController (GalleryNote).
2024-11-29 14:48:48.950 +01:00 [INF] Executing ViewResult, running view Delete.
2024-11-29 14:48:48.966 +01:00 [INF] Executed ViewResult - view Delete executed in 17.8228ms.
2024-11-29 14:48:48.966 +01:00 [INF] Executed action GalleryNote.Controllers.ImageController.Delete (GalleryNote) in 53.6921ms
2024-11-29 14:48:48.966 +01:00 [INF] Executed endpoint 'GalleryNote.Controllers.ImageController.Delete (GalleryNote)'
2024-11-29 14:48:48.966 +01:00 [INF] Request finished HTTP/1.1 GET http://localhost:5272/Image/Delete/6 - 200 null text/html; charset=utf-8 69.6626ms
2024-11-29 14:48:49.000 +01:00 [INF] Request starting HTTP/1.1 GET http://localhost:5272/images/2df11803b12b750e504ff3472a4366ef.jpg - null null
2024-11-29 14:48:49.003 +01:00 [INF] The file /images/2df11803b12b750e504ff3472a4366ef.jpg was not modified
2024-11-29 14:48:49.004 +01:00 [INF] Request finished HTTP/1.1 GET http://localhost:5272/images/2df11803b12b750e504ff3472a4366ef.jpg - 304 null image/jpeg 4.0054ms
2024-11-29 14:48:50.445 +01:00 [INF] Request starting HTTP/1.1 POST http://localhost:5272/Image/DeleteConfirmed/6 - application/x-www-form-urlencoded 225
2024-11-29 14:48:50.449 +01:00 [INF] Executing endpoint 'GalleryNote.Controllers.ImageController.DeleteConfirmed (GalleryNote)'
2024-11-29 14:48:50.453 +01:00 [INF] Route matched with {action = "DeleteConfirmed", controller = "Image", page = "", area = ""}. Executing controller action with signature Microsoft.AspNetCore.Mvc.IActionResult DeleteConfirmed(Int32) on controller GalleryNote.Controllers.ImageController (GalleryNote).
2024-11-29 14:48:50.522 +01:00 [INF] Executing RedirectResult, redirecting to /Image/Grid.
2024-11-29 14:48:50.523 +01:00 [INF] Executed action GalleryNote.Controllers.ImageController.DeleteConfirmed (GalleryNote) in 69.6347ms
2024-11-29 14:48:50.523 +01:00 [INF] Executed endpoint 'GalleryNote.Controllers.ImageController.DeleteConfirmed (GalleryNote)'
2024-11-29 14:48:50.524 +01:00 [INF] Request finished HTTP/1.1 POST http://localhost:5272/Image/DeleteConfirmed/6 - 302 0 null 78.3579ms
2024-11-29 14:48:50.530 +01:00 [INF] Request starting HTTP/1.1 GET http://localhost:5272/Image/Grid - null null
2024-11-29 14:48:50.542 +01:00 [INF] Executing endpoint 'GalleryNote.Controllers.ImageController.Grid (GalleryNote)'
2024-11-29 14:48:50.543 +01:00 [INF] Route matched with {action = "Grid", controller = "Image", page = "", area = ""}. Executing controller action with signature Microsoft.AspNetCore.Mvc.IActionResult Grid() on controller GalleryNote.Controllers.ImageController (GalleryNote).
2024-11-29 14:48:50.545 +01:00 [INF] Executing ViewResult, running view Grid.
2024-11-29 14:48:50.548 +01:00 [INF] Executed ViewResult - view Grid executed in 2.9698ms.
2024-11-29 14:48:50.548 +01:00 [INF] Executed action GalleryNote.Controllers.ImageController.Grid (GalleryNote) in 4.9678ms
2024-11-29 14:48:50.548 +01:00 [INF] Executed endpoint 'GalleryNote.Controllers.ImageController.Grid (GalleryNote)'
2024-11-29 14:48:50.549 +01:00 [INF] Request finished HTTP/1.1 GET http://localhost:5272/Image/Grid - 200 null text/html; charset=utf-8 18.6725ms
2024-11-29 14:48:54.259 +01:00 [INF] Request starting HTTP/1.1 GET http://localhost:5272/Home/Upload?active=active - null null
2024-11-29 14:48:54.262 +01:00 [INF] Executing endpoint 'GalleryNote.Controllers.HomeController.Upload (GalleryNote)'
2024-11-29 14:48:54.262 +01:00 [INF] Route matched with {action = "Upload", controller = "Home", page = "", area = ""}. Executing controller action with signature Microsoft.AspNetCore.Mvc.IActionResult Upload() on controller GalleryNote.Controllers.HomeController (GalleryNote).
2024-11-29 14:48:54.262 +01:00 [INF] Executing ViewResult, running view Upload.
2024-11-29 14:48:54.263 +01:00 [INF] Executed ViewResult - view Upload executed in 1.2061ms.
2024-11-29 14:48:54.263 +01:00 [INF] Executed action GalleryNote.Controllers.HomeController.Upload (GalleryNote) in 1.435ms
2024-11-29 14:48:54.263 +01:00 [INF] Executed endpoint 'GalleryNote.Controllers.HomeController.Upload (GalleryNote)'
2024-11-29 14:48:54.264 +01:00 [INF] Request finished HTTP/1.1 GET http://localhost:5272/Home/Upload?active=active - 200 null text/html; charset=utf-8 4.2951ms
2024-11-29 14:48:55.277 +01:00 [INF] Request starting HTTP/1.1 GET http://localhost:5272/Note/Create - null null
2024-11-29 14:48:55.282 +01:00 [INF] Executing endpoint 'GalleryNote.Controllers.NoteController.Create (GalleryNote)'
2024-11-29 14:48:55.285 +01:00 [INF] Route matched with {action = "Create", controller = "Note", page = "", area = ""}. Executing controller action with signature Microsoft.AspNetCore.Mvc.IActionResult Create() on controller GalleryNote.Controllers.NoteController (GalleryNote).
2024-11-29 14:48:55.287 +01:00 [INF] Executing ViewResult, running view Create.
2024-11-29 14:48:55.313 +01:00 [INF] Executed ViewResult - view Create executed in 27.1273ms.
2024-11-29 14:48:55.314 +01:00 [INF] Executed action GalleryNote.Controllers.NoteController.Create (GalleryNote) in 28.8103ms
2024-11-29 14:48:55.314 +01:00 [INF] Executed endpoint 'GalleryNote.Controllers.NoteController.Create (GalleryNote)'
2024-11-29 14:48:55.314 +01:00 [INF] Request finished HTTP/1.1 GET http://localhost:5272/Note/Create - 200 null text/html; charset=utf-8 36.4111ms
2024-11-29 14:48:58.589 +01:00 [INF] Request starting HTTP/1.1 POST http://localhost:5272/Note/Create - application/x-www-form-urlencoded 245
2024-11-29 14:48:58.595 +01:00 [INF] Executing endpoint 'GalleryNote.Controllers.NoteController.Create (GalleryNote)'
2024-11-29 14:48:58.603 +01:00 [INF] Route matched with {action = "Create", controller = "Note", page = "", area = ""}. Executing controller action with signature System.Threading.Tasks.Task`1[Microsoft.AspNetCore.Mvc.IActionResult] Create(GalleryNote.Models.Note) on controller GalleryNote.Controllers.NoteController (GalleryNote).
2024-11-29 14:48:58.656 +01:00 [INF] Executing RedirectResult, redirecting to /Note/Grid.
2024-11-29 14:48:58.656 +01:00 [INF] Executed action GalleryNote.Controllers.NoteController.Create (GalleryNote) in 53.559ms
2024-11-29 14:48:58.657 +01:00 [INF] Executed endpoint 'GalleryNote.Controllers.NoteController.Create (GalleryNote)'
2024-11-29 14:48:58.657 +01:00 [INF] Request finished HTTP/1.1 POST http://localhost:5272/Note/Create - 302 0 null 70.7755ms
2024-11-29 14:48:58.664 +01:00 [INF] Request starting HTTP/1.1 GET http://localhost:5272/Note/Grid - null null
2024-11-29 14:48:58.670 +01:00 [INF] Executing endpoint 'GalleryNote.Controllers.NoteController.Grid (GalleryNote)'
2024-11-29 14:48:58.676 +01:00 [INF] Route matched with {action = "Grid", controller = "Note", page = "", area = ""}. Executing controller action with signature System.Threading.Tasks.Task`1[Microsoft.AspNetCore.Mvc.IActionResult] Grid() on controller GalleryNote.Controllers.NoteController (GalleryNote).
2024-11-29 14:48:58.705 +01:00 [INF] Executing ViewResult, running view Grid.
2024-11-29 14:48:58.719 +01:00 [INF] Executed ViewResult - view Grid executed in 15.5179ms.
2024-11-29 14:48:58.719 +01:00 [INF] Executed action GalleryNote.Controllers.NoteController.Grid (GalleryNote) in 42.722ms
2024-11-29 14:48:58.720 +01:00 [INF] Executed endpoint 'GalleryNote.Controllers.NoteController.Grid (GalleryNote)'
2024-11-29 14:48:58.721 +01:00 [INF] Request finished HTTP/1.1 GET http://localhost:5272/Note/Grid - 200 null text/html; charset=utf-8 57.5848ms
2024-11-29 14:49:00.923 +01:00 [INF] Request starting HTTP/1.1 GET http://localhost:5272/Note/Delete/8 - null null
2024-11-29 14:49:00.926 +01:00 [INF] Executing endpoint 'GalleryNote.Controllers.NoteController.Delete (GalleryNote)'
2024-11-29 14:49:00.935 +01:00 [INF] Route matched with {action = "Delete", controller = "Note", page = "", area = ""}. Executing controller action with signature System.Threading.Tasks.Task`1[Microsoft.AspNetCore.Mvc.IActionResult] Delete(Int32) on controller GalleryNote.Controllers.NoteController (GalleryNote).
2024-11-29 14:49:00.958 +01:00 [INF] Executing ViewResult, running view Delete.
2024-11-29 14:49:00.964 +01:00 [INF] Executed ViewResult - view Delete executed in 7.8031ms.
2024-11-29 14:49:00.964 +01:00 [INF] Executed action GalleryNote.Controllers.NoteController.Delete (GalleryNote) in 29.2771ms
2024-11-29 14:49:00.965 +01:00 [INF] Executed endpoint 'GalleryNote.Controllers.NoteController.Delete (GalleryNote)'
2024-11-29 14:49:00.966 +01:00 [INF] Request finished HTTP/1.1 GET http://localhost:5272/Note/Delete/8 - 200 null text/html; charset=utf-8 42.2997ms
2024-11-29 14:49:02.898 +01:00 [INF] Request starting HTTP/1.1 POST http://localhost:5272/Note/DeleteConfirmed/8 - application/x-www-form-urlencoded 225
2024-11-29 14:49:02.901 +01:00 [INF] Executing endpoint 'GalleryNote.Controllers.NoteController.DeleteConfirmed (GalleryNote)'
2024-11-29 14:49:02.908 +01:00 [INF] Route matched with {action = "DeleteConfirmed", controller = "Note", page = "", area = ""}. Executing controller action with signature System.Threading.Tasks.Task`1[Microsoft.AspNetCore.Mvc.IActionResult] DeleteConfirmed(Int32) on controller GalleryNote.Controllers.NoteController (GalleryNote).
2024-11-29 14:49:02.932 +01:00 [INF] Executing RedirectResult, redirecting to /Note/Grid.
2024-11-29 14:49:02.932 +01:00 [INF] Executed action GalleryNote.Controllers.NoteController.DeleteConfirmed (GalleryNote) in 24.0081ms
2024-11-29 14:49:02.932 +01:00 [INF] Executed endpoint 'GalleryNote.Controllers.NoteController.DeleteConfirmed (GalleryNote)'
2024-11-29 14:49:02.933 +01:00 [INF] Request finished HTTP/1.1 POST http://localhost:5272/Note/DeleteConfirmed/8 - 302 0 null 34.8071ms
2024-11-29 14:49:02.940 +01:00 [INF] Request starting HTTP/1.1 GET http://localhost:5272/Note/Grid - null null
2024-11-29 14:49:02.944 +01:00 [INF] Executing endpoint 'GalleryNote.Controllers.NoteController.Grid (GalleryNote)'
2024-11-29 14:49:02.944 +01:00 [INF] Route matched with {action = "Grid", controller = "Note", page = "", area = ""}. Executing controller action with signature System.Threading.Tasks.Task`1[Microsoft.AspNetCore.Mvc.IActionResult] Grid() on controller GalleryNote.Controllers.NoteController (GalleryNote).
2024-11-29 14:49:02.949 +01:00 [INF] Executing ViewResult, running view Grid.
2024-11-29 14:49:02.955 +01:00 [INF] Executed ViewResult - view Grid executed in 6.3913ms.
2024-11-29 14:49:02.956 +01:00 [INF] Executed action GalleryNote.Controllers.NoteController.Grid (GalleryNote) in 11.3817ms
2024-11-29 14:49:02.956 +01:00 [INF] Executed endpoint 'GalleryNote.Controllers.NoteController.Grid (GalleryNote)'
2024-11-29 14:49:02.956 +01:00 [INF] Request finished HTTP/1.1 GET http://localhost:5272/Note/Grid - 200 null text/html; charset=utf-8 16.2493ms
2024-11-29 14:49:06.963 +01:00 [INF] Application is shutting down...
