2024-12-01 13:39:27.624 +01:00 [INF] User profile is available. Using 'C:\Users\birko\AppData\Local\ASP.NET\DataProtection-Keys' as key repository and Windows DPAPI to encrypt keys at rest.
2024-12-01 13:39:28.022 +01:00 [INF] Now listening on: http://localhost:5272
2024-12-01 13:39:28.029 +01:00 [INF] Application started. Press Ctrl+C to shut down.
2024-12-01 13:39:28.030 +01:00 [INF] Hosting environment: Development
2024-12-01 13:39:28.031 +01:00 [INF] Content root path: C:\Users\birko\OneDrive - OsloMet\ITPE 3200 - Webapplikasjoner\eksamen\GalleryNote
2024-12-01 13:40:02.383 +01:00 [INF] Request starting HTTP/1.1 GET http://localhost:5272/ - null null
2024-12-01 13:40:02.603 +01:00 [INF] Executing endpoint 'GalleryNote.Controllers.HomeController.Index (GalleryNote)'
2024-12-01 13:40:02.636 +01:00 [INF] Route matched with {action = "Index", controller = "Home", page = "", area = ""}. Executing controller action with signature Microsoft.AspNetCore.Mvc.IActionResult Index() on controller GalleryNote.Controllers.HomeController (GalleryNote).
2024-12-01 13:40:02.679 +01:00 [INF] Executing ViewResult, running view Index.
2024-12-01 13:40:02.871 +01:00 [INF] Executed ViewResult - view Index executed in 211.5886ms.
2024-12-01 13:40:02.883 +01:00 [INF] Executed action GalleryNote.Controllers.HomeController.Index (GalleryNote) in 241.4296ms
2024-12-01 13:40:02.883 +01:00 [INF] Executed endpoint 'GalleryNote.Controllers.HomeController.Index (GalleryNote)'
2024-12-01 13:40:02.903 +01:00 [INF] Request finished HTTP/1.1 GET http://localhost:5272/ - 200 null text/html; charset=utf-8 526.5662ms
2024-12-01 13:40:07.006 +01:00 [INF] Request starting HTTP/1.1 GET http://localhost:5272/Note/Grid?active=active - null null
2024-12-01 13:40:07.205 +01:00 [INF] Executing endpoint 'GalleryNote.Controllers.NoteController.Grid (GalleryNote)'
2024-12-01 13:40:07.228 +01:00 [INF] Route matched with {action = "Grid", controller = "Note", page = "", area = ""}. Executing controller action with signature System.Threading.Tasks.Task`1[Microsoft.AspNetCore.Mvc.IActionResult] Grid() on controller GalleryNote.Controllers.NoteController (GalleryNote).
2024-12-01 13:40:07.685 +01:00 [INF] Executing ViewResult, running view Grid.
2024-12-01 13:40:07.715 +01:00 [INF] Executed ViewResult - view Grid executed in 33.3331ms.
2024-12-01 13:40:07.715 +01:00 [INF] Executed action GalleryNote.Controllers.NoteController.Grid (GalleryNote) in 487.0252ms
2024-12-01 13:40:07.715 +01:00 [INF] Executed endpoint 'GalleryNote.Controllers.NoteController.Grid (GalleryNote)'
2024-12-01 13:40:07.733 +01:00 [INF] Request finished HTTP/1.1 GET http://localhost:5272/Note/Grid?active=active - 200 null text/html; charset=utf-8 727.5022ms
2024-12-01 13:40:48.848 +01:00 [INF] Application is shutting down...
