2024-11-21 13:14:35.634 +01:00 [INF] User profile is available. Using 'C:\Users\birko\AppData\Local\ASP.NET\DataProtection-Keys' as key repository and Windows DPAPI to encrypt keys at rest.
2024-11-21 13:14:36.220 +01:00 [INF] Now listening on: http://localhost:5272
2024-11-21 13:14:36.233 +01:00 [INF] Application started. Press Ctrl+C to shut down.
2024-11-21 13:14:36.235 +01:00 [INF] Hosting environment: Development
2024-11-21 13:14:36.236 +01:00 [INF] Content root path: C:\Users\birko\OneDrive - OsloMet\ITPE 3200 - Webapplikasjoner\GalleryNote project\GalleryNote – Kopi
2024-11-21 13:14:42.510 +01:00 [INF] Request starting HTTP/1.1 GET http://localhost:5272/ - null null
2024-11-21 13:14:42.610 +01:00 [INF] Executing endpoint 'GalleryNote.Controllers.HomeController.Index (GalleryNote)'
2024-11-21 13:14:42.635 +01:00 [INF] Route matched with {action = "Index", controller = "Home", page = "", area = ""}. Executing controller action with signature Microsoft.AspNetCore.Mvc.IActionResult Index() on controller GalleryNote.Controllers.HomeController (GalleryNote).
2024-11-21 13:14:42.652 +01:00 [INF] Executing ViewResult, running view Index.
2024-11-21 13:14:42.892 +01:00 [INF] Executed ViewResult - view Index executed in 236.6088ms.
2024-11-21 13:14:42.899 +01:00 [INF] Executed action GalleryNote.Controllers.HomeController.Index (GalleryNote) in 261.4401ms
2024-11-21 13:14:42.899 +01:00 [INF] Executed endpoint 'GalleryNote.Controllers.HomeController.Index (GalleryNote)'
2024-11-21 13:14:42.917 +01:00 [INF] Request finished HTTP/1.1 GET http://localhost:5272/ - 200 null text/html; charset=utf-8 410.7998ms
2024-11-21 13:14:42.927 +01:00 [INF] Request starting HTTP/1.1 GET http://localhost:5272/js/jquery.validate.unobtrusive.js - null null
2024-11-21 13:14:42.927 +01:00 [INF] Request starting HTTP/1.1 GET http://localhost:5272/js/jquery.min.js - null null
2024-11-21 13:14:42.927 +01:00 [INF] Request starting HTTP/1.1 GET http://localhost:5272/js/bootstrap.js - null null
2024-11-21 13:14:42.927 +01:00 [INF] Request starting HTTP/1.1 GET http://localhost:5272/js/jquery.validate.js - null null
2024-11-21 13:14:42.927 +01:00 [INF] Request starting HTTP/1.1 GET http://localhost:5272/images/pizza.jpg - null null
2024-11-21 13:14:42.927 +01:00 [INF] Request starting HTTP/1.1 GET http://localhost:5272/images/fishandchips.jpg - null null
2024-11-21 13:14:42.944 +01:00 [INF] The file /images/fishandchips.jpg was not modified
2024-11-21 13:14:42.944 +01:00 [INF] The file /js/jquery.validate.unobtrusive.js was not modified
2024-11-21 13:14:42.944 +01:00 [INF] The file /js/jquery.validate.js was not modified
2024-11-21 13:14:42.944 +01:00 [INF] Request finished HTTP/1.1 GET http://localhost:5272/images/fishandchips.jpg - 304 null image/jpeg 16.8972ms
2024-11-21 13:14:42.945 +01:00 [INF] Request finished HTTP/1.1 GET http://localhost:5272/js/jquery.validate.js - 304 null text/javascript 18.6289ms
2024-11-21 13:14:42.946 +01:00 [INF] The file /images/pizza.jpg was not modified
2024-11-21 13:14:42.947 +01:00 [INF] Request finished HTTP/1.1 GET http://localhost:5272/images/pizza.jpg - 304 null image/jpeg 19.776ms
2024-11-21 13:14:42.945 +01:00 [INF] Request finished HTTP/1.1 GET http://localhost:5272/js/jquery.validate.unobtrusive.js - 304 null text/javascript 18.6495ms
2024-11-21 13:14:42.968 +01:00 [INF] Request starting HTTP/1.1 GET http://localhost:5272/images/tacos.jpg - null null
2024-11-21 13:14:42.970 +01:00 [INF] The file /images/tacos.jpg was not modified
2024-11-21 13:14:42.971 +01:00 [INF] Request finished HTTP/1.1 GET http://localhost:5272/images/tacos.jpg - 304 null image/jpeg 2.7807ms
2024-11-21 13:14:43.215 +01:00 [INF] Sending file. Request path: '/js/jquery.min.js'. Physical path: 'C:\Users\birko\OneDrive - OsloMet\ITPE 3200 - Webapplikasjoner\GalleryNote project\GalleryNote – Kopi\wwwroot\js\jquery.min.js'
2024-11-21 13:14:43.216 +01:00 [INF] Request finished HTTP/1.1 GET http://localhost:5272/js/jquery.min.js - 200 87534 text/javascript 289.8803ms
2024-11-21 13:14:43.363 +01:00 [INF] Sending file. Request path: '/js/bootstrap.js'. Physical path: 'C:\Users\birko\OneDrive - OsloMet\ITPE 3200 - Webapplikasjoner\GalleryNote project\GalleryNote – Kopi\wwwroot\js\bootstrap.js'
2024-11-21 13:14:43.364 +01:00 [INF] Request finished HTTP/1.1 GET http://localhost:5272/js/bootstrap.js - 200 145438 text/javascript 437.1806ms
2024-11-21 13:14:43.468 +01:00 [INF] Request starting HTTP/1.1 GET http://localhost:5272/favicon.ico - null null
2024-11-21 13:14:43.474 +01:00 [INF] Request finished HTTP/1.1 GET http://localhost:5272/favicon.ico - 404 0 null 5.415ms
2024-11-21 13:14:43.476 +01:00 [INF] Request reached the end of the middleware pipeline without being handled by application code. Request path: GET http://localhost:5272/favicon.ico, Response status code: 404
2024-11-21 13:14:45.285 +01:00 [INF] Request starting HTTP/1.1 GET http://localhost:5272/Image/Grid?active=active - null null
2024-11-21 13:14:45.295 +01:00 [INF] Request finished HTTP/1.1 GET http://localhost:5272/Image/Grid?active=active - 404 0 null 9.6872ms
2024-11-21 13:14:45.296 +01:00 [INF] Request reached the end of the middleware pipeline without being handled by application code. Request path: GET http://localhost:5272/Image/Grid, Response status code: 404
2024-11-21 13:14:49.286 +01:00 [INF] Request starting HTTP/1.1 GET http://localhost:5272/?active=active - null null
2024-11-21 13:14:49.287 +01:00 [INF] Executing endpoint 'GalleryNote.Controllers.HomeController.Index (GalleryNote)'
2024-11-21 13:14:49.287 +01:00 [INF] Route matched with {action = "Index", controller = "Home", page = "", area = ""}. Executing controller action with signature Microsoft.AspNetCore.Mvc.IActionResult Index() on controller GalleryNote.Controllers.HomeController (GalleryNote).
2024-11-21 13:14:49.289 +01:00 [INF] Executing ViewResult, running view Index.
2024-11-21 13:14:49.447 +01:00 [INF] Executed ViewResult - view Index executed in 158.9255ms.
2024-11-21 13:14:49.448 +01:00 [INF] Executed action GalleryNote.Controllers.HomeController.Index (GalleryNote) in 160.5419ms
2024-11-21 13:14:49.448 +01:00 [INF] Executed endpoint 'GalleryNote.Controllers.HomeController.Index (GalleryNote)'
2024-11-21 13:14:49.450 +01:00 [INF] Request finished HTTP/1.1 GET http://localhost:5272/?active=active - 200 null text/html; charset=utf-8 163.6728ms
2024-11-21 13:14:50.279 +01:00 [INF] Request starting HTTP/1.1 GET http://localhost:5272/Image/Grid?active=active - null null
2024-11-21 13:14:50.282 +01:00 [INF] Request finished HTTP/1.1 GET http://localhost:5272/Image/Grid?active=active - 404 0 null 2.7652ms
2024-11-21 13:14:50.282 +01:00 [INF] Request reached the end of the middleware pipeline without being handled by application code. Request path: GET http://localhost:5272/Image/Grid, Response status code: 404
2024-11-21 13:15:00.817 +01:00 [INF] Request starting HTTP/1.1 GET http://localhost:5272/Image/Grid?active=active - null null
2024-11-21 13:15:00.819 +01:00 [INF] Request finished HTTP/1.1 GET http://localhost:5272/Image/Grid?active=active - 404 0 null 1.1782ms
2024-11-21 13:15:00.820 +01:00 [INF] Request reached the end of the middleware pipeline without being handled by application code. Request path: GET http://localhost:5272/Image/Grid, Response status code: 404
2024-11-21 13:18:43.843 +01:00 [INF] Application is shutting down...
