2024-12-01 13:47:37.347 +01:00 [INF] User profile is available. Using 'C:\Users\birko\AppData\Local\ASP.NET\DataProtection-Keys' as key repository and Windows DPAPI to encrypt keys at rest.
2024-12-01 13:47:37.935 +01:00 [INF] Now listening on: http://localhost:5272
2024-12-01 13:47:37.950 +01:00 [INF] Application started. Press Ctrl+C to shut down.
2024-12-01 13:47:37.952 +01:00 [INF] Hosting environment: Development
2024-12-01 13:47:37.953 +01:00 [INF] Content root path: C:\Users\birko\OneDrive - OsloMet\ITPE 3200 - Webapplikasjoner\eksamen\GalleryNote
2024-12-01 13:47:40.277 +01:00 [INF] Request starting HTTP/1.1 GET http://localhost:5272/ - null null
2024-12-01 13:47:40.464 +01:00 [INF] Executing endpoint 'GalleryNote.Controllers.HomeController.Index (GalleryNote)'
2024-12-01 13:47:40.504 +01:00 [INF] Route matched with {action = "Index", controller = "Home", page = "", area = ""}. Executing controller action with signature Microsoft.AspNetCore.Mvc.IActionResult Index() on controller GalleryNote.Controllers.HomeController (GalleryNote).
2024-12-01 13:47:40.531 +01:00 [INF] Executing ViewResult, running view Index.
2024-12-01 13:47:40.946 +01:00 [INF] Executed ViewResult - view Index executed in 424.6659ms.
2024-12-01 13:47:40.955 +01:00 [INF] Executed action GalleryNote.Controllers.HomeController.Index (GalleryNote) in 449.6808ms
2024-12-01 13:47:40.956 +01:00 [INF] Executed endpoint 'GalleryNote.Controllers.HomeController.Index (GalleryNote)'
2024-12-01 13:47:40.987 +01:00 [INF] Request starting HTTP/1.1 GET http://localhost:5272/css/custom.css - null null
2024-12-01 13:47:40.991 +01:00 [INF] Request finished HTTP/1.1 GET http://localhost:5272/ - 200 null text/html; charset=utf-8 720.0523ms
2024-12-01 13:47:40.993 +01:00 [INF] Request starting HTTP/1.1 GET http://localhost:5272/js/jquery.validate.unobtrusive.js - null null
2024-12-01 13:47:40.994 +01:00 [INF] Request starting HTTP/1.1 GET http://localhost:5272/js/bootstrap.js - null null
2024-12-01 13:47:41.005 +01:00 [INF] Request starting HTTP/1.1 GET http://localhost:5272/js/jquery.min.js - null null
2024-12-01 13:47:41.028 +01:00 [INF] Request starting HTTP/1.1 GET http://localhost:5272/js/jquery.validate.js - null null
2024-12-01 13:47:41.043 +01:00 [INF] Request starting HTTP/1.1 GET http://localhost:5272/images/example1.jpg - null null
2024-12-01 13:47:41.071 +01:00 [INF] Sending file. Request path: '/css/custom.css'. Physical path: 'C:\Users\birko\OneDrive - OsloMet\ITPE 3200 - Webapplikasjoner\eksamen\GalleryNote\wwwroot\css\custom.css'
2024-12-01 13:47:41.072 +01:00 [INF] Request finished HTTP/1.1 GET http://localhost:5272/css/custom.css - 200 121 text/css 87.0228ms
2024-12-01 13:47:41.080 +01:00 [INF] Request starting HTTP/1.1 GET http://localhost:5272/images/example2.jpg - null null
2024-12-01 13:47:41.164 +01:00 [INF] Sending file. Request path: '/js/jquery.validate.unobtrusive.js'. Physical path: 'C:\Users\birko\OneDrive - OsloMet\ITPE 3200 - Webapplikasjoner\eksamen\GalleryNote\wwwroot\js\jquery.validate.unobtrusive.js'
2024-12-01 13:47:41.165 +01:00 [INF] Request finished HTTP/1.1 GET http://localhost:5272/js/jquery.validate.unobtrusive.js - 200 19820 text/javascript 171.2947ms
2024-12-01 13:47:41.213 +01:00 [INF] Sending file. Request path: '/js/jquery.validate.js'. Physical path: 'C:\Users\birko\OneDrive - OsloMet\ITPE 3200 - Webapplikasjoner\eksamen\GalleryNote\wwwroot\js\jquery.validate.js'
2024-12-01 13:47:41.213 +01:00 [INF] Request finished HTTP/1.1 GET http://localhost:5272/js/jquery.validate.js - 200 52538 text/javascript 187.0034ms
2024-12-01 13:47:41.359 +01:00 [INF] Sending file. Request path: '/images/example1.jpg'. Physical path: 'C:\Users\birko\OneDrive - OsloMet\ITPE 3200 - Webapplikasjoner\eksamen\GalleryNote\wwwroot\images\example1.jpg'
2024-12-01 13:47:41.360 +01:00 [INF] Request finished HTTP/1.1 GET http://localhost:5272/images/example1.jpg - 200 2534115 image/jpeg 316.8452ms
2024-12-01 13:47:41.364 +01:00 [INF] Sending file. Request path: '/images/example2.jpg'. Physical path: 'C:\Users\birko\OneDrive - OsloMet\ITPE 3200 - Webapplikasjoner\eksamen\GalleryNote\wwwroot\images\example2.jpg'
2024-12-01 13:47:41.365 +01:00 [INF] Request finished HTTP/1.1 GET http://localhost:5272/images/example2.jpg - 200 2724773 image/jpeg 285.0254ms
2024-12-01 13:47:41.370 +01:00 [INF] Request starting HTTP/1.1 GET http://localhost:5272/images/example3.jpg - null null
2024-12-01 13:47:41.438 +01:00 [INF] Sending file. Request path: '/js/jquery.min.js'. Physical path: 'C:\Users\birko\OneDrive - OsloMet\ITPE 3200 - Webapplikasjoner\eksamen\GalleryNote\wwwroot\js\jquery.min.js'
2024-12-01 13:47:41.439 +01:00 [INF] Request finished HTTP/1.1 GET http://localhost:5272/js/jquery.min.js - 200 87534 text/javascript 433.5244ms
2024-12-01 13:47:41.472 +01:00 [INF] Sending file. Request path: '/images/example3.jpg'. Physical path: 'C:\Users\birko\OneDrive - OsloMet\ITPE 3200 - Webapplikasjoner\eksamen\GalleryNote\wwwroot\images\example3.jpg'
2024-12-01 13:47:41.473 +01:00 [INF] Request finished HTTP/1.1 GET http://localhost:5272/images/example3.jpg - 200 1052310 image/jpeg 102.52ms
2024-12-01 13:47:41.541 +01:00 [INF] Sending file. Request path: '/js/bootstrap.js'. Physical path: 'C:\Users\birko\OneDrive - OsloMet\ITPE 3200 - Webapplikasjoner\eksamen\GalleryNote\wwwroot\js\bootstrap.js'
2024-12-01 13:47:41.541 +01:00 [INF] Request finished HTTP/1.1 GET http://localhost:5272/js/bootstrap.js - 200 145438 text/javascript 547.0911ms
2024-12-01 13:47:46.725 +01:00 [INF] Request starting HTTP/1.1 GET http://localhost:5272/Note/Grid?active=active - null null
2024-12-01 13:47:46.728 +01:00 [INF] Executing endpoint 'GalleryNote.Controllers.NoteController.Grid (GalleryNote)'
2024-12-01 13:47:46.747 +01:00 [INF] Route matched with {action = "Grid", controller = "Note", page = "", area = ""}. Executing controller action with signature System.Threading.Tasks.Task`1[Microsoft.AspNetCore.Mvc.IActionResult] Grid() on controller GalleryNote.Controllers.NoteController (GalleryNote).
2024-12-01 13:47:47.323 +01:00 [INF] Executing ViewResult, running view Grid.
2024-12-01 13:47:47.354 +01:00 [INF] Executed ViewResult - view Grid executed in 34.3702ms.
2024-12-01 13:47:47.355 +01:00 [INF] Executed action GalleryNote.Controllers.NoteController.Grid (GalleryNote) in 607.9092ms
2024-12-01 13:47:47.355 +01:00 [INF] Executed endpoint 'GalleryNote.Controllers.NoteController.Grid (GalleryNote)'
2024-12-01 13:47:47.374 +01:00 [INF] Request finished HTTP/1.1 GET http://localhost:5272/Note/Grid?active=active - 200 null text/html; charset=utf-8 649.8775ms
2024-12-01 13:47:47.392 +01:00 [INF] Request starting HTTP/1.1 GET http://localhost:5272/css/custom.css - null null
2024-12-01 13:47:47.396 +01:00 [INF] The file /css/custom.css was not modified
2024-12-01 13:47:47.396 +01:00 [INF] Request finished HTTP/1.1 GET http://localhost:5272/css/custom.css - 304 null text/css 4.0116ms
2024-12-01 13:47:53.152 +01:00 [INF] Application is shutting down...
