2024-11-30 12:50:21.918 +01:00 [INF] User profile is available. Using 'C:\Users\birko\AppData\Local\ASP.NET\DataProtection-Keys' as key repository and Windows DPAPI to encrypt keys at rest.
2024-11-30 12:50:23.017 +01:00 [INF] Now listening on: http://localhost:5272
2024-11-30 12:50:23.029 +01:00 [INF] Application started. Press Ctrl+C to shut down.
2024-11-30 12:50:23.032 +01:00 [INF] Hosting environment: Development
2024-11-30 12:50:23.033 +01:00 [INF] Content root path: C:\Users\birko\OneDrive - OsloMet\ITPE 3200 - Webapplikasjoner\eksamen\GalleryNote
2024-11-30 12:50:29.961 +01:00 [INF] Request starting HTTP/1.1 GET http://localhost:5272/ - null null
2024-11-30 12:50:31.250 +01:00 [INF] Executing endpoint 'GalleryNote.Controllers.HomeController.Index (GalleryNote)'
2024-11-30 12:50:31.294 +01:00 [INF] Route matched with {action = "Index", controller = "Home", page = "", area = ""}. Executing controller action with signature Microsoft.AspNetCore.Mvc.IActionResult Index() on controller GalleryNote.Controllers.HomeController (GalleryNote).
2024-11-30 12:50:31.323 +01:00 [INF] Executing ViewResult, running view Index.
2024-11-30 12:50:31.597 +01:00 [INF] Executed ViewResult - view Index executed in 282.7353ms.
2024-11-30 12:50:31.604 +01:00 [INF] Executed action GalleryNote.Controllers.HomeController.Index (GalleryNote) in 306.8849ms
2024-11-30 12:50:31.605 +01:00 [INF] Executed endpoint 'GalleryNote.Controllers.HomeController.Index (GalleryNote)'
2024-11-30 12:50:31.663 +01:00 [INF] Request starting HTTP/1.1 GET http://localhost:5272/css/custom.css - null null
2024-11-30 12:50:31.666 +01:00 [INF] Request starting HTTP/1.1 GET http://localhost:5272/images/example2.jpg - null null
2024-11-30 12:50:31.668 +01:00 [INF] Request finished HTTP/1.1 GET http://localhost:5272/ - 200 null text/html; charset=utf-8 1712.0127ms
2024-11-30 12:50:31.672 +01:00 [INF] Request starting HTTP/1.1 GET http://localhost:5272/images/example1.jpg - null null
2024-11-30 12:50:31.680 +01:00 [INF] The file /css/custom.css was not modified
2024-11-30 12:50:31.680 +01:00 [INF] The file /images/example2.jpg was not modified
2024-11-30 12:50:31.680 +01:00 [INF] The file /images/example1.jpg was not modified
2024-11-30 12:50:31.681 +01:00 [INF] Request finished HTTP/1.1 GET http://localhost:5272/images/example2.jpg - 304 null image/jpeg 15.3781ms
2024-11-30 12:50:31.681 +01:00 [INF] Request finished HTTP/1.1 GET http://localhost:5272/css/custom.css - 304 null text/css 19.464ms
2024-11-30 12:50:31.681 +01:00 [INF] Request finished HTTP/1.1 GET http://localhost:5272/images/example1.jpg - 304 null image/jpeg 8.9645ms
2024-11-30 12:50:31.726 +01:00 [INF] Request starting HTTP/1.1 GET http://localhost:5272/images/example3.jpg - null null
2024-11-30 12:50:31.732 +01:00 [INF] The file /images/example3.jpg was not modified
2024-11-30 12:50:31.733 +01:00 [INF] Request finished HTTP/1.1 GET http://localhost:5272/images/example3.jpg - 304 null image/jpeg 7.2654ms
2024-11-30 12:50:37.567 +01:00 [INF] Request starting HTTP/1.1 POST http://localhost:5272/Identity/Account/Logout?returnUrl=%2F - application/x-www-form-urlencoded 225
2024-11-30 12:50:37.866 +01:00 [INF] Executing endpoint '/Account/Logout'
2024-11-30 12:50:37.935 +01:00 [INF] Route matched with {page = "/Account/Logout", area = "Identity", action = "", controller = ""}. Executing page /Account/Logout
2024-11-30 12:50:38.021 +01:00 [INF] Executing handler method GalleryNote.Areas.Identity.Pages.Account.LogoutModel.OnPost - ModelState is "Valid"
2024-11-30 12:50:38.037 +01:00 [INF] AuthenticationScheme: Identity.Application signed out.
2024-11-30 12:50:38.042 +01:00 [INF] AuthenticationScheme: Identity.External signed out.
2024-11-30 12:50:38.044 +01:00 [INF] AuthenticationScheme: Identity.TwoFactorUserId signed out.
2024-11-30 12:50:38.046 +01:00 [INF] User logged out.
2024-11-30 12:50:38.049 +01:00 [INF] Executed handler method OnPost, returned result Microsoft.AspNetCore.Mvc.LocalRedirectResult.
2024-11-30 12:50:38.054 +01:00 [INF] Executing LocalRedirectResult, redirecting to /.
2024-11-30 12:50:38.055 +01:00 [INF] Executed page /Account/Logout in 119.1199ms
2024-11-30 12:50:38.055 +01:00 [INF] Executed endpoint '/Account/Logout'
2024-11-30 12:50:38.057 +01:00 [INF] Request finished HTTP/1.1 POST http://localhost:5272/Identity/Account/Logout?returnUrl=%2F - 302 0 null 490.3714ms
2024-11-30 12:50:38.064 +01:00 [INF] Request starting HTTP/1.1 GET http://localhost:5272/ - null null
2024-11-30 12:50:38.067 +01:00 [INF] Executing endpoint 'GalleryNote.Controllers.HomeController.Index (GalleryNote)'
2024-11-30 12:50:38.068 +01:00 [INF] Route matched with {action = "Index", controller = "Home", page = "", area = ""}. Executing controller action with signature Microsoft.AspNetCore.Mvc.IActionResult Index() on controller GalleryNote.Controllers.HomeController (GalleryNote).
2024-11-30 12:50:38.070 +01:00 [INF] Executing ViewResult, running view Index.
2024-11-30 12:50:38.113 +01:00 [INF] Executed ViewResult - view Index executed in 43.7374ms.
2024-11-30 12:50:38.114 +01:00 [INF] Executed action GalleryNote.Controllers.HomeController.Index (GalleryNote) in 45.2529ms
2024-11-30 12:50:38.114 +01:00 [INF] Executed endpoint 'GalleryNote.Controllers.HomeController.Index (GalleryNote)'
2024-11-30 12:50:38.115 +01:00 [INF] Request finished HTTP/1.1 GET http://localhost:5272/ - 200 null text/html; charset=utf-8 50.3801ms
2024-11-30 12:51:23.054 +01:00 [INF] Request starting HTTP/1.1 GET http://localhost:5272/Image/Grid?active=active - null null
2024-11-30 12:51:23.060 +01:00 [INF] Executing endpoint 'GalleryNote.Controllers.ImageController.Grid (GalleryNote)'
2024-11-30 12:51:23.068 +01:00 [INF] Route matched with {action = "Grid", controller = "Image", page = "", area = ""}. Executing controller action with signature Microsoft.AspNetCore.Mvc.IActionResult Grid() on controller GalleryNote.Controllers.ImageController (GalleryNote).
2024-11-30 12:51:23.236 +01:00 [INF] Executing ViewResult, running view Grid.
2024-11-30 12:51:23.260 +01:00 [INF] Executed ViewResult - view Grid executed in 26.2809ms.
2024-11-30 12:51:23.260 +01:00 [INF] Executed action GalleryNote.Controllers.ImageController.Grid (GalleryNote) in 192.2858ms
2024-11-30 12:51:23.261 +01:00 [INF] Executed endpoint 'GalleryNote.Controllers.ImageController.Grid (GalleryNote)'
2024-11-30 12:51:23.268 +01:00 [INF] Request finished HTTP/1.1 GET http://localhost:5272/Image/Grid?active=active - 200 null text/html; charset=utf-8 214.0803ms
2024-11-30 12:51:23.320 +01:00 [INF] Request starting HTTP/1.1 GET http://localhost:5272/images/blomst.jpg - null null
2024-11-30 12:51:23.322 +01:00 [INF] The file /images/blomst.jpg was not modified
2024-11-30 12:51:23.323 +01:00 [INF] Request finished HTTP/1.1 GET http://localhost:5272/images/blomst.jpg - 304 null image/jpeg 2.8444ms
2024-11-30 12:51:23.343 +01:00 [INF] Request starting HTTP/1.1 GET http://localhost:5272/images/blad.jpg - null null
2024-11-30 12:51:23.344 +01:00 [INF] Request starting HTTP/1.1 GET http://localhost:5272/images/skog.jpg - null null
2024-11-30 12:51:23.345 +01:00 [INF] The file /images/skog.jpg was not modified
2024-11-30 12:51:23.346 +01:00 [INF] Request finished HTTP/1.1 GET http://localhost:5272/images/skog.jpg - 304 null image/jpeg 1.7554ms
2024-11-30 12:51:23.347 +01:00 [INF] The file /images/blad.jpg was not modified
2024-11-30 12:51:23.348 +01:00 [INF] Request finished HTTP/1.1 GET http://localhost:5272/images/blad.jpg - 304 null image/jpeg 5.5144ms
2024-11-30 12:51:37.717 +01:00 [INF] Request starting HTTP/1.1 GET http://localhost:5272/Image/Details/1 - null null
2024-11-30 12:51:37.722 +01:00 [INF] Executing endpoint 'GalleryNote.Controllers.ImageController.Details (GalleryNote)'
2024-11-30 12:51:37.732 +01:00 [INF] Route matched with {action = "Details", controller = "Image", page = "", area = ""}. Executing controller action with signature Microsoft.AspNetCore.Mvc.IActionResult Details(Int32) on controller GalleryNote.Controllers.ImageController (GalleryNote).
2024-11-30 12:51:37.793 +01:00 [INF] Executing ViewResult, running view Details.
2024-11-30 12:51:37.816 +01:00 [INF] Executed ViewResult - view Details executed in 23.8545ms.
2024-11-30 12:51:37.816 +01:00 [INF] Executed action GalleryNote.Controllers.ImageController.Details (GalleryNote) in 83.7715ms
2024-11-30 12:51:37.816 +01:00 [INF] Executed endpoint 'GalleryNote.Controllers.ImageController.Details (GalleryNote)'
2024-11-30 12:51:37.817 +01:00 [INF] Request finished HTTP/1.1 GET http://localhost:5272/Image/Details/1 - 200 null text/html; charset=utf-8 99.4172ms
2024-11-30 12:51:47.520 +01:00 [INF] Request starting HTTP/1.1 GET http://localhost:5272/Image/Grid - null null
2024-11-30 12:51:47.521 +01:00 [INF] Executing endpoint 'GalleryNote.Controllers.ImageController.Grid (GalleryNote)'
2024-11-30 12:51:47.521 +01:00 [INF] Route matched with {action = "Grid", controller = "Image", page = "", area = ""}. Executing controller action with signature Microsoft.AspNetCore.Mvc.IActionResult Grid() on controller GalleryNote.Controllers.ImageController (GalleryNote).
2024-11-30 12:51:47.528 +01:00 [INF] Executing ViewResult, running view Grid.
2024-11-30 12:51:47.534 +01:00 [INF] Executed ViewResult - view Grid executed in 6.0636ms.
2024-11-30 12:51:47.535 +01:00 [INF] Executed action GalleryNote.Controllers.ImageController.Grid (GalleryNote) in 13.2318ms
2024-11-30 12:51:47.535 +01:00 [INF] Executed endpoint 'GalleryNote.Controllers.ImageController.Grid (GalleryNote)'
2024-11-30 12:51:47.536 +01:00 [INF] Request finished HTTP/1.1 GET http://localhost:5272/Image/Grid - 200 null text/html; charset=utf-8 15.603ms
2024-11-30 12:51:51.057 +01:00 [INF] Request starting HTTP/1.1 GET http://localhost:5272/Image/Details/2 - null null
2024-11-30 12:51:51.057 +01:00 [INF] Executing endpoint 'GalleryNote.Controllers.ImageController.Details (GalleryNote)'
2024-11-30 12:51:51.058 +01:00 [INF] Route matched with {action = "Details", controller = "Image", page = "", area = ""}. Executing controller action with signature Microsoft.AspNetCore.Mvc.IActionResult Details(Int32) on controller GalleryNote.Controllers.ImageController (GalleryNote).
2024-11-30 12:51:51.082 +01:00 [INF] Executing ViewResult, running view Details.
2024-11-30 12:51:51.088 +01:00 [INF] Executed ViewResult - view Details executed in 6.2086ms.
2024-11-30 12:51:51.088 +01:00 [INF] Executed action GalleryNote.Controllers.ImageController.Details (GalleryNote) in 30.0447ms
2024-11-30 12:51:51.088 +01:00 [INF] Executed endpoint 'GalleryNote.Controllers.ImageController.Details (GalleryNote)'
2024-11-30 12:51:51.089 +01:00 [INF] Request finished HTTP/1.1 GET http://localhost:5272/Image/Details/2 - 200 null text/html; charset=utf-8 32.2604ms
2024-11-30 12:51:53.838 +01:00 [INF] Request starting HTTP/1.1 GET http://localhost:5272/Image/Grid - null null
2024-11-30 12:51:53.840 +01:00 [INF] Executing endpoint 'GalleryNote.Controllers.ImageController.Grid (GalleryNote)'
2024-11-30 12:51:53.840 +01:00 [INF] Route matched with {action = "Grid", controller = "Image", page = "", area = ""}. Executing controller action with signature Microsoft.AspNetCore.Mvc.IActionResult Grid() on controller GalleryNote.Controllers.ImageController (GalleryNote).
2024-11-30 12:51:53.848 +01:00 [INF] Executing ViewResult, running view Grid.
2024-11-30 12:51:53.852 +01:00 [INF] Executed ViewResult - view Grid executed in 4.7526ms.
2024-11-30 12:51:53.853 +01:00 [INF] Executed action GalleryNote.Controllers.ImageController.Grid (GalleryNote) in 12.4216ms
2024-11-30 12:51:53.853 +01:00 [INF] Executed endpoint 'GalleryNote.Controllers.ImageController.Grid (GalleryNote)'
2024-11-30 12:51:53.854 +01:00 [INF] Request finished HTTP/1.1 GET http://localhost:5272/Image/Grid - 200 null text/html; charset=utf-8 15.7433ms
2024-11-30 12:52:00.555 +01:00 [INF] Request starting HTTP/1.1 GET http://localhost:5272/Image/Details/3 - null null
2024-11-30 12:52:00.556 +01:00 [INF] Executing endpoint 'GalleryNote.Controllers.ImageController.Details (GalleryNote)'
2024-11-30 12:52:00.556 +01:00 [INF] Route matched with {action = "Details", controller = "Image", page = "", area = ""}. Executing controller action with signature Microsoft.AspNetCore.Mvc.IActionResult Details(Int32) on controller GalleryNote.Controllers.ImageController (GalleryNote).
2024-11-30 12:52:00.562 +01:00 [INF] Executing ViewResult, running view Details.
2024-11-30 12:52:00.565 +01:00 [INF] Executed ViewResult - view Details executed in 3.0232ms.
2024-11-30 12:52:00.565 +01:00 [INF] Executed action GalleryNote.Controllers.ImageController.Details (GalleryNote) in 8.8549ms
2024-11-30 12:52:00.566 +01:00 [INF] Executed endpoint 'GalleryNote.Controllers.ImageController.Details (GalleryNote)'
2024-11-30 12:52:00.567 +01:00 [INF] Request finished HTTP/1.1 GET http://localhost:5272/Image/Details/3 - 200 null text/html; charset=utf-8 11.8411ms
2024-11-30 12:52:03.646 +01:00 [INF] Request starting HTTP/1.1 GET http://localhost:5272/Image/Grid - null null
2024-11-30 12:52:03.650 +01:00 [INF] Executing endpoint 'GalleryNote.Controllers.ImageController.Grid (GalleryNote)'
2024-11-30 12:52:03.650 +01:00 [INF] Route matched with {action = "Grid", controller = "Image", page = "", area = ""}. Executing controller action with signature Microsoft.AspNetCore.Mvc.IActionResult Grid() on controller GalleryNote.Controllers.ImageController (GalleryNote).
2024-11-30 12:52:03.656 +01:00 [INF] Executing ViewResult, running view Grid.
2024-11-30 12:52:03.658 +01:00 [INF] Executed ViewResult - view Grid executed in 1.8708ms.
2024-11-30 12:52:03.658 +01:00 [INF] Executed action GalleryNote.Controllers.ImageController.Grid (GalleryNote) in 7.5568ms
2024-11-30 12:52:03.658 +01:00 [INF] Executed endpoint 'GalleryNote.Controllers.ImageController.Grid (GalleryNote)'
2024-11-30 12:52:03.659 +01:00 [INF] Request finished HTTP/1.1 GET http://localhost:5272/Image/Grid - 200 null text/html; charset=utf-8 12.9604ms
2024-11-30 12:52:07.842 +01:00 [INF] Request starting HTTP/1.1 GET http://localhost:5272/Note/Grid?active=active - null null
2024-11-30 12:52:07.842 +01:00 [INF] Executing endpoint 'GalleryNote.Controllers.NoteController.Grid (GalleryNote)'
2024-11-30 12:52:07.857 +01:00 [INF] Route matched with {action = "Grid", controller = "Note", page = "", area = ""}. Executing controller action with signature System.Threading.Tasks.Task`1[Microsoft.AspNetCore.Mvc.IActionResult] Grid() on controller GalleryNote.Controllers.NoteController (GalleryNote).
2024-11-30 12:52:07.933 +01:00 [INF] Executing ViewResult, running view Grid.
2024-11-30 12:52:07.954 +01:00 [INF] Executed ViewResult - view Grid executed in 24.1775ms.
2024-11-30 12:52:07.954 +01:00 [INF] Executed action GalleryNote.Controllers.NoteController.Grid (GalleryNote) in 97.1224ms
2024-11-30 12:52:07.954 +01:00 [INF] Executed endpoint 'GalleryNote.Controllers.NoteController.Grid (GalleryNote)'
2024-11-30 12:52:07.959 +01:00 [INF] Request finished HTTP/1.1 GET http://localhost:5272/Note/Grid?active=active - 200 null text/html; charset=utf-8 116.8021ms
2024-11-30 12:52:09.419 +01:00 [INF] Request starting HTTP/1.1 GET http://localhost:5272/Note/Details/1 - null null
2024-11-30 12:52:09.421 +01:00 [INF] Executing endpoint 'GalleryNote.Controllers.NoteController.Details (GalleryNote)'
2024-11-30 12:52:09.429 +01:00 [INF] Route matched with {action = "Details", controller = "Note", page = "", area = ""}. Executing controller action with signature System.Threading.Tasks.Task`1[Microsoft.AspNetCore.Mvc.IActionResult] Details(Int32) on controller GalleryNote.Controllers.NoteController (GalleryNote).
2024-11-30 12:52:09.465 +01:00 [INF] Executing ViewResult, running view Details.
2024-11-30 12:52:09.487 +01:00 [INF] Executed ViewResult - view Details executed in 24.2559ms.
2024-11-30 12:52:09.488 +01:00 [INF] Executed action GalleryNote.Controllers.NoteController.Details (GalleryNote) in 58.9112ms
2024-11-30 12:52:09.488 +01:00 [INF] Executed endpoint 'GalleryNote.Controllers.NoteController.Details (GalleryNote)'
2024-11-30 12:52:09.488 +01:00 [INF] Request finished HTTP/1.1 GET http://localhost:5272/Note/Details/1 - 200 null text/html; charset=utf-8 69.5892ms
2024-11-30 12:52:17.004 +01:00 [INF] Request starting HTTP/1.1 GET http://localhost:5272/Note/Grid - null null
2024-11-30 12:52:17.006 +01:00 [INF] Executing endpoint 'GalleryNote.Controllers.NoteController.Grid (GalleryNote)'
2024-11-30 12:52:17.006 +01:00 [INF] Route matched with {action = "Grid", controller = "Note", page = "", area = ""}. Executing controller action with signature System.Threading.Tasks.Task`1[Microsoft.AspNetCore.Mvc.IActionResult] Grid() on controller GalleryNote.Controllers.NoteController (GalleryNote).
2024-11-30 12:52:17.017 +01:00 [INF] Executing ViewResult, running view Grid.
2024-11-30 12:52:17.021 +01:00 [INF] Executed ViewResult - view Grid executed in 3.8221ms.
2024-11-30 12:52:17.021 +01:00 [INF] Executed action GalleryNote.Controllers.NoteController.Grid (GalleryNote) in 14.7537ms
2024-11-30 12:52:17.021 +01:00 [INF] Executed endpoint 'GalleryNote.Controllers.NoteController.Grid (GalleryNote)'
2024-11-30 12:52:17.022 +01:00 [INF] Request finished HTTP/1.1 GET http://localhost:5272/Note/Grid - 200 null text/html; charset=utf-8 18.1711ms
2024-11-30 12:52:18.292 +01:00 [INF] Request starting HTTP/1.1 GET http://localhost:5272/Note/Details/2 - null null
2024-11-30 12:52:18.293 +01:00 [INF] Executing endpoint 'GalleryNote.Controllers.NoteController.Details (GalleryNote)'
2024-11-30 12:52:18.293 +01:00 [INF] Route matched with {action = "Details", controller = "Note", page = "", area = ""}. Executing controller action with signature System.Threading.Tasks.Task`1[Microsoft.AspNetCore.Mvc.IActionResult] Details(Int32) on controller GalleryNote.Controllers.NoteController (GalleryNote).
2024-11-30 12:52:18.301 +01:00 [INF] Executing ViewResult, running view Details.
2024-11-30 12:52:18.304 +01:00 [INF] Executed ViewResult - view Details executed in 3.6625ms.
2024-11-30 12:52:18.305 +01:00 [INF] Executed action GalleryNote.Controllers.NoteController.Details (GalleryNote) in 11.5961ms
2024-11-30 12:52:18.305 +01:00 [INF] Executed endpoint 'GalleryNote.Controllers.NoteController.Details (GalleryNote)'
2024-11-30 12:52:18.305 +01:00 [INF] Request finished HTTP/1.1 GET http://localhost:5272/Note/Details/2 - 200 null text/html; charset=utf-8 13.7328ms
2024-11-30 12:52:19.629 +01:00 [INF] Request starting HTTP/1.1 GET http://localhost:5272/Note/Grid - null null
2024-11-30 12:52:19.630 +01:00 [INF] Executing endpoint 'GalleryNote.Controllers.NoteController.Grid (GalleryNote)'
2024-11-30 12:52:19.630 +01:00 [INF] Route matched with {action = "Grid", controller = "Note", page = "", area = ""}. Executing controller action with signature System.Threading.Tasks.Task`1[Microsoft.AspNetCore.Mvc.IActionResult] Grid() on controller GalleryNote.Controllers.NoteController (GalleryNote).
2024-11-30 12:52:19.637 +01:00 [INF] Executing ViewResult, running view Grid.
2024-11-30 12:52:19.640 +01:00 [INF] Executed ViewResult - view Grid executed in 3.2969ms.
2024-11-30 12:52:19.641 +01:00 [INF] Executed action GalleryNote.Controllers.NoteController.Grid (GalleryNote) in 9.8433ms
2024-11-30 12:52:19.641 +01:00 [INF] Executed endpoint 'GalleryNote.Controllers.NoteController.Grid (GalleryNote)'
2024-11-30 12:52:19.641 +01:00 [INF] Request finished HTTP/1.1 GET http://localhost:5272/Note/Grid - 200 null text/html; charset=utf-8 12.0603ms
2024-11-30 12:52:22.490 +01:00 [INF] Request starting HTTP/1.1 GET http://localhost:5272/Home/Upload?active=active - null null
2024-11-30 12:52:22.499 +01:00 [INF] Authorization failed. These requirements were not met:
DenyAnonymousAuthorizationRequirement: Requires an authenticated user.
2024-11-30 12:52:22.505 +01:00 [INF] AuthenticationScheme: Identity.Application was challenged.
2024-11-30 12:52:22.505 +01:00 [INF] Request finished HTTP/1.1 GET http://localhost:5272/Home/Upload?active=active - 302 0 null 15.4567ms
2024-11-30 12:52:22.513 +01:00 [INF] Request starting HTTP/1.1 GET http://localhost:5272/Identity/Account/Login?ReturnUrl=%2FHome%2FUpload%3Factive%3Dactive - null null
2024-11-30 12:52:22.525 +01:00 [INF] Executing endpoint '/Account/Login'
2024-11-30 12:52:22.552 +01:00 [INF] Route matched with {page = "/Account/Login", area = "Identity", action = "", controller = ""}. Executing page /Account/Login
2024-11-30 12:52:22.567 +01:00 [INF] Executing handler method GalleryNote.Areas.Identity.Pages.Account.LoginModel.OnGetAsync - ModelState is "Valid"
2024-11-30 12:52:22.572 +01:00 [INF] AuthenticationScheme: Identity.External signed out.
2024-11-30 12:52:22.581 +01:00 [INF] Executed handler method OnGetAsync, returned result .
2024-11-30 12:52:22.598 +01:00 [INF] Executing an implicit handler method - ModelState is "Valid"
2024-11-30 12:52:22.599 +01:00 [INF] Executed an implicit handler method, returned result Microsoft.AspNetCore.Mvc.RazorPages.PageResult.
2024-11-30 12:52:22.763 +01:00 [INF] Executed page /Account/Login in 210.3456ms
2024-11-30 12:52:22.763 +01:00 [INF] Executed endpoint '/Account/Login'
2024-11-30 12:52:22.764 +01:00 [INF] Request finished HTTP/1.1 GET http://localhost:5272/Identity/Account/Login?ReturnUrl=%2FHome%2FUpload%3Factive%3Dactive - 200 null text/html; charset=utf-8 250.6765ms
2024-11-30 12:52:22.851 +01:00 [INF] Request starting HTTP/1.1 GET http://localhost:5272/lib/jquery-validation/dist/jquery.validate.min.js - null null
2024-11-30 12:52:22.851 +01:00 [INF] Request starting HTTP/1.1 GET http://localhost:5272/lib/jquery-validation-unobtrusive/jquery.validate.unobtrusive.min.js - null null
2024-11-30 12:52:22.853 +01:00 [INF] Request finished HTTP/1.1 GET http://localhost:5272/lib/jquery-validation/dist/jquery.validate.min.js - 404 0 null 2.2847ms
2024-11-30 12:52:22.854 +01:00 [INF] Request finished HTTP/1.1 GET http://localhost:5272/lib/jquery-validation-unobtrusive/jquery.validate.unobtrusive.min.js - 404 0 null 1.8614ms
2024-11-30 12:52:22.855 +01:00 [INF] Request reached the end of the middleware pipeline without being handled by application code. Request path: GET http://localhost:5272/lib/jquery-validation/dist/jquery.validate.min.js, Response status code: 404
2024-11-30 12:52:22.856 +01:00 [INF] Request reached the end of the middleware pipeline without being handled by application code. Request path: GET http://localhost:5272/lib/jquery-validation-unobtrusive/jquery.validate.unobtrusive.min.js, Response status code: 404
2024-11-30 12:52:30.031 +01:00 [INF] Request starting HTTP/1.1 POST http://localhost:5272/Identity/Account/Login?ReturnUrl=%2FHome%2FUpload%3Factive%3Dactive - application/x-www-form-urlencoded 266
2024-11-30 12:52:30.032 +01:00 [INF] Executing endpoint '/Account/Login'
2024-11-30 12:52:30.033 +01:00 [INF] Route matched with {page = "/Account/Login", area = "Identity", action = "", controller = ""}. Executing page /Account/Login
2024-11-30 12:52:30.069 +01:00 [INF] Executing handler method GalleryNote.Areas.Identity.Pages.Account.LoginModel.OnPostAsync - ModelState is "Valid"
2024-11-30 12:52:30.350 +01:00 [INF] AuthenticationScheme: Identity.Application signed in.
2024-11-30 12:52:30.351 +01:00 [INF] User logged in.
2024-11-30 12:52:30.351 +01:00 [INF] Executed handler method OnPostAsync, returned result Microsoft.AspNetCore.Mvc.LocalRedirectResult.
2024-11-30 12:52:30.352 +01:00 [INF] Executing LocalRedirectResult, redirecting to /Home/Upload?active=active.
2024-11-30 12:52:30.352 +01:00 [INF] Executed page /Account/Login in 318.8257ms
2024-11-30 12:52:30.352 +01:00 [INF] Executed endpoint '/Account/Login'
2024-11-30 12:52:30.353 +01:00 [INF] Request finished HTTP/1.1 POST http://localhost:5272/Identity/Account/Login?ReturnUrl=%2FHome%2FUpload%3Factive%3Dactive - 302 0 null 322.2328ms
2024-11-30 12:52:30.358 +01:00 [INF] Request starting HTTP/1.1 GET http://localhost:5272/Home/Upload?active=active - null null
2024-11-30 12:52:30.371 +01:00 [INF] Executing endpoint 'GalleryNote.Controllers.HomeController.Upload (GalleryNote)'
2024-11-30 12:52:30.374 +01:00 [INF] Route matched with {action = "Upload", controller = "Home", page = "", area = ""}. Executing controller action with signature Microsoft.AspNetCore.Mvc.IActionResult Upload() on controller GalleryNote.Controllers.HomeController (GalleryNote).
2024-11-30 12:52:30.376 +01:00 [INF] Executing ViewResult, running view Upload.
2024-11-30 12:52:30.383 +01:00 [INF] Executed ViewResult - view Upload executed in 8.3845ms.
2024-11-30 12:52:30.384 +01:00 [INF] Executed action GalleryNote.Controllers.HomeController.Upload (GalleryNote) in 9.005ms
2024-11-30 12:52:30.384 +01:00 [INF] Executed endpoint 'GalleryNote.Controllers.HomeController.Upload (GalleryNote)'
2024-11-30 12:52:30.384 +01:00 [INF] Request finished HTTP/1.1 GET http://localhost:5272/Home/Upload?active=active - 200 null text/html; charset=utf-8 25.4595ms
2024-11-30 12:52:39.148 +01:00 [INF] Request starting HTTP/1.1 GET http://localhost:5272/Image/Create - null null
2024-11-30 12:52:39.154 +01:00 [INF] Executing endpoint 'GalleryNote.Controllers.ImageController.Create (GalleryNote)'
2024-11-30 12:52:39.157 +01:00 [INF] Route matched with {action = "Create", controller = "Image", page = "", area = ""}. Executing controller action with signature Microsoft.AspNetCore.Mvc.IActionResult Create() on controller GalleryNote.Controllers.ImageController (GalleryNote).
2024-11-30 12:52:39.159 +01:00 [INF] Executing ViewResult, running view Create.
2024-11-30 12:52:39.216 +01:00 [INF] Executed ViewResult - view Create executed in 58.8709ms.
2024-11-30 12:52:39.217 +01:00 [INF] Executed action GalleryNote.Controllers.ImageController.Create (GalleryNote) in 59.6199ms
2024-11-30 12:52:39.217 +01:00 [INF] Executed endpoint 'GalleryNote.Controllers.ImageController.Create (GalleryNote)'
2024-11-30 12:52:39.217 +01:00 [INF] Request finished HTTP/1.1 GET http://localhost:5272/Image/Create - 200 null text/html; charset=utf-8 69.1867ms
2024-11-30 12:53:03.372 +01:00 [INF] Request starting HTTP/1.1 POST http://localhost:5272/Image/Create - multipart/form-data; boundary=----WebKitFormBoundarybyIFh12V3s4boEnq 674749
2024-11-30 12:53:03.379 +01:00 [INF] Executing endpoint 'GalleryNote.Controllers.ImageController.Create (GalleryNote)'
2024-11-30 12:53:03.407 +01:00 [INF] Route matched with {action = "Create", controller = "Image", page = "", area = ""}. Executing controller action with signature System.Threading.Tasks.Task`1[Microsoft.AspNetCore.Mvc.IActionResult] Create(GalleryNote.Models.Image, Microsoft.AspNetCore.Http.IFormFile) on controller GalleryNote.Controllers.ImageController (GalleryNote).
2024-11-30 12:53:04.020 +01:00 [INF] Executing RedirectResult, redirecting to /Image/Grid.
2024-11-30 12:53:04.021 +01:00 [INF] Executed action GalleryNote.Controllers.ImageController.Create (GalleryNote) in 613.357ms
2024-11-30 12:53:04.022 +01:00 [INF] Executed endpoint 'GalleryNote.Controllers.ImageController.Create (GalleryNote)'
2024-11-30 12:53:04.027 +01:00 [INF] Request finished HTTP/1.1 POST http://localhost:5272/Image/Create - 302 0 null 655.0231ms
2024-11-30 12:53:04.040 +01:00 [INF] Request starting HTTP/1.1 GET http://localhost:5272/Image/Grid - null null
2024-11-30 12:53:04.048 +01:00 [INF] Executing endpoint 'GalleryNote.Controllers.ImageController.Grid (GalleryNote)'
2024-11-30 12:53:04.049 +01:00 [INF] Route matched with {action = "Grid", controller = "Image", page = "", area = ""}. Executing controller action with signature Microsoft.AspNetCore.Mvc.IActionResult Grid() on controller GalleryNote.Controllers.ImageController (GalleryNote).
2024-11-30 12:53:04.052 +01:00 [INF] Executing ViewResult, running view Grid.
2024-11-30 12:53:04.057 +01:00 [INF] Executed ViewResult - view Grid executed in 5.1177ms.
2024-11-30 12:53:04.057 +01:00 [INF] Executed action GalleryNote.Controllers.ImageController.Grid (GalleryNote) in 8.4173ms
2024-11-30 12:53:04.058 +01:00 [INF] Executed endpoint 'GalleryNote.Controllers.ImageController.Grid (GalleryNote)'
2024-11-30 12:53:04.058 +01:00 [INF] Request finished HTTP/1.1 GET http://localhost:5272/Image/Grid - 200 null text/html; charset=utf-8 17.8559ms
2024-11-30 12:53:04.137 +01:00 [INF] Request starting HTTP/1.1 GET http://localhost:5272/images/2df11803b12b750e504ff3472a4366ef.jpg - null null
2024-11-30 12:53:04.256 +01:00 [INF] Sending file. Request path: '/images/2df11803b12b750e504ff3472a4366ef.jpg'. Physical path: 'C:\Users\birko\OneDrive - OsloMet\ITPE 3200 - Webapplikasjoner\eksamen\GalleryNote\wwwroot\images\2df11803b12b750e504ff3472a4366ef.jpg'
2024-11-30 12:53:04.256 +01:00 [INF] Request finished HTTP/1.1 GET http://localhost:5272/images/2df11803b12b750e504ff3472a4366ef.jpg - 200 674130 image/jpeg 128.1298ms
2024-11-30 12:53:19.114 +01:00 [INF] Request starting HTTP/1.1 GET http://localhost:5272/Home/Upload?active=active - null null
2024-11-30 12:53:19.117 +01:00 [INF] Executing endpoint 'GalleryNote.Controllers.HomeController.Upload (GalleryNote)'
2024-11-30 12:53:19.118 +01:00 [INF] Route matched with {action = "Upload", controller = "Home", page = "", area = ""}. Executing controller action with signature Microsoft.AspNetCore.Mvc.IActionResult Upload() on controller GalleryNote.Controllers.HomeController (GalleryNote).
2024-11-30 12:53:19.118 +01:00 [INF] Executing ViewResult, running view Upload.
2024-11-30 12:53:19.120 +01:00 [INF] Executed ViewResult - view Upload executed in 1.8929ms.
2024-11-30 12:53:19.120 +01:00 [INF] Executed action GalleryNote.Controllers.HomeController.Upload (GalleryNote) in 2.3305ms
2024-11-30 12:53:19.120 +01:00 [INF] Executed endpoint 'GalleryNote.Controllers.HomeController.Upload (GalleryNote)'
2024-11-30 12:53:19.121 +01:00 [INF] Request finished HTTP/1.1 GET http://localhost:5272/Home/Upload?active=active - 200 null text/html; charset=utf-8 6.8899ms
2024-11-30 12:53:20.153 +01:00 [INF] Request starting HTTP/1.1 GET http://localhost:5272/Image/Create - null null
2024-11-30 12:53:20.162 +01:00 [INF] Executing endpoint 'GalleryNote.Controllers.ImageController.Create (GalleryNote)'
2024-11-30 12:53:20.162 +01:00 [INF] Route matched with {action = "Create", controller = "Image", page = "", area = ""}. Executing controller action with signature Microsoft.AspNetCore.Mvc.IActionResult Create() on controller GalleryNote.Controllers.ImageController (GalleryNote).
2024-11-30 12:53:20.163 +01:00 [INF] Executing ViewResult, running view Create.
2024-11-30 12:53:20.167 +01:00 [INF] Executed ViewResult - view Create executed in 4.8429ms.
2024-11-30 12:53:20.168 +01:00 [INF] Executed action GalleryNote.Controllers.ImageController.Create (GalleryNote) in 5.2103ms
2024-11-30 12:53:20.168 +01:00 [INF] Executed endpoint 'GalleryNote.Controllers.ImageController.Create (GalleryNote)'
2024-11-30 12:53:20.168 +01:00 [INF] Request finished HTTP/1.1 GET http://localhost:5272/Image/Create - 200 null text/html; charset=utf-8 15.0982ms
2024-11-30 12:53:36.021 +01:00 [INF] Request starting HTTP/1.1 POST http://localhost:5272/Image/Create - multipart/form-data; boundary=----WebKitFormBoundaryUrEAC7vJRcfjIKHI 122338
2024-11-30 12:53:36.027 +01:00 [INF] Executing endpoint 'GalleryNote.Controllers.ImageController.Create (GalleryNote)'
2024-11-30 12:53:36.027 +01:00 [INF] Route matched with {action = "Create", controller = "Image", page = "", area = ""}. Executing controller action with signature System.Threading.Tasks.Task`1[Microsoft.AspNetCore.Mvc.IActionResult] Create(GalleryNote.Models.Image, Microsoft.AspNetCore.Http.IFormFile) on controller GalleryNote.Controllers.ImageController (GalleryNote).
2024-11-30 12:53:36.114 +01:00 [INF] Executing RedirectResult, redirecting to /Image/Grid.
2024-11-30 12:53:36.115 +01:00 [INF] Executed action GalleryNote.Controllers.ImageController.Create (GalleryNote) in 87.4313ms
2024-11-30 12:53:36.115 +01:00 [INF] Executed endpoint 'GalleryNote.Controllers.ImageController.Create (GalleryNote)'
2024-11-30 12:53:36.119 +01:00 [INF] Request finished HTTP/1.1 POST http://localhost:5272/Image/Create - 302 0 null 98.4112ms
2024-11-30 12:53:36.131 +01:00 [INF] Request starting HTTP/1.1 GET http://localhost:5272/Image/Grid - null null
2024-11-30 12:53:36.140 +01:00 [INF] Executing endpoint 'GalleryNote.Controllers.ImageController.Grid (GalleryNote)'
2024-11-30 12:53:36.141 +01:00 [INF] Route matched with {action = "Grid", controller = "Image", page = "", area = ""}. Executing controller action with signature Microsoft.AspNetCore.Mvc.IActionResult Grid() on controller GalleryNote.Controllers.ImageController (GalleryNote).
2024-11-30 12:53:36.146 +01:00 [INF] Executing ViewResult, running view Grid.
2024-11-30 12:53:36.153 +01:00 [INF] Executed ViewResult - view Grid executed in 7.8616ms.
2024-11-30 12:53:36.154 +01:00 [INF] Executed action GalleryNote.Controllers.ImageController.Grid (GalleryNote) in 13.0007ms
2024-11-30 12:53:36.154 +01:00 [INF] Executed endpoint 'GalleryNote.Controllers.ImageController.Grid (GalleryNote)'
2024-11-30 12:53:36.155 +01:00 [INF] Request finished HTTP/1.1 GET http://localhost:5272/Image/Grid - 200 null text/html; charset=utf-8 23.8481ms
2024-11-30 12:53:36.230 +01:00 [INF] Request starting HTTP/1.1 GET http://localhost:5272/images/giannisportrett.png - null null
2024-11-30 12:53:36.234 +01:00 [INF] Request starting HTTP/1.1 GET http://localhost:5272/images/2df11803b12b750e504ff3472a4366ef.jpg - null null
2024-11-30 12:53:36.237 +01:00 [INF] Sending file. Request path: '/images/giannisportrett.png'. Physical path: 'C:\Users\birko\OneDrive - OsloMet\ITPE 3200 - Webapplikasjoner\eksamen\GalleryNote\wwwroot\images\giannisportrett.png'
2024-11-30 12:53:36.238 +01:00 [INF] Request finished HTTP/1.1 GET http://localhost:5272/images/giannisportrett.png - 200 121723 image/png 6.9348ms
2024-11-30 12:53:36.239 +01:00 [INF] The file /images/2df11803b12b750e504ff3472a4366ef.jpg was not modified
2024-11-30 12:53:36.240 +01:00 [INF] Request finished HTTP/1.1 GET http://localhost:5272/images/2df11803b12b750e504ff3472a4366ef.jpg - 304 null image/jpeg 5.5525ms
2024-11-30 12:53:58.789 +01:00 [INF] Request starting HTTP/1.1 GET http://localhost:5272/Image/Delete/8 - null null
2024-11-30 12:53:58.794 +01:00 [INF] Executing endpoint 'GalleryNote.Controllers.ImageController.Delete (GalleryNote)'
2024-11-30 12:53:58.814 +01:00 [INF] Route matched with {action = "Delete", controller = "Image", page = "", area = ""}. Executing controller action with signature Microsoft.AspNetCore.Mvc.IActionResult Delete(Int32) on controller GalleryNote.Controllers.ImageController (GalleryNote).
2024-11-30 12:53:58.822 +01:00 [INF] Executing ViewResult, running view Delete.
2024-11-30 12:53:58.844 +01:00 [INF] Executed ViewResult - view Delete executed in 23.7787ms.
2024-11-30 12:53:58.844 +01:00 [INF] Executed action GalleryNote.Controllers.ImageController.Delete (GalleryNote) in 30.3773ms
2024-11-30 12:53:58.845 +01:00 [INF] Executed endpoint 'GalleryNote.Controllers.ImageController.Delete (GalleryNote)'
2024-11-30 12:53:58.845 +01:00 [INF] Request finished HTTP/1.1 GET http://localhost:5272/Image/Delete/8 - 200 null text/html; charset=utf-8 56.1133ms
2024-11-30 12:53:58.896 +01:00 [INF] Request starting HTTP/1.1 GET http://localhost:5272/images/giannisportrett.png - null null
2024-11-30 12:53:58.897 +01:00 [INF] The file /images/giannisportrett.png was not modified
2024-11-30 12:53:58.897 +01:00 [INF] Request finished HTTP/1.1 GET http://localhost:5272/images/giannisportrett.png - 304 null image/png 1.3736ms
2024-11-30 12:54:05.151 +01:00 [INF] Request starting HTTP/1.1 GET http://localhost:5272/Image/Grid - null null
2024-11-30 12:54:05.155 +01:00 [INF] Executing endpoint 'GalleryNote.Controllers.ImageController.Grid (GalleryNote)'
2024-11-30 12:54:05.155 +01:00 [INF] Route matched with {action = "Grid", controller = "Image", page = "", area = ""}. Executing controller action with signature Microsoft.AspNetCore.Mvc.IActionResult Grid() on controller GalleryNote.Controllers.ImageController (GalleryNote).
2024-11-30 12:54:05.158 +01:00 [INF] Executing ViewResult, running view Grid.
2024-11-30 12:54:05.165 +01:00 [INF] Executed ViewResult - view Grid executed in 6.5718ms.
2024-11-30 12:54:05.166 +01:00 [INF] Executed action GalleryNote.Controllers.ImageController.Grid (GalleryNote) in 10.0344ms
2024-11-30 12:54:05.166 +01:00 [INF] Executed endpoint 'GalleryNote.Controllers.ImageController.Grid (GalleryNote)'
2024-11-30 12:54:05.167 +01:00 [INF] Request finished HTTP/1.1 GET http://localhost:5272/Image/Grid - 200 null text/html; charset=utf-8 15.744ms
2024-11-30 12:54:05.217 +01:00 [INF] Request starting HTTP/1.1 GET http://localhost:5272/images/2df11803b12b750e504ff3472a4366ef.jpg - null null
2024-11-30 12:54:05.218 +01:00 [INF] The file /images/2df11803b12b750e504ff3472a4366ef.jpg was not modified
2024-11-30 12:54:05.218 +01:00 [INF] Request finished HTTP/1.1 GET http://localhost:5272/images/2df11803b12b750e504ff3472a4366ef.jpg - 304 null image/jpeg 1.4224ms
2024-11-30 12:54:05.226 +01:00 [INF] Request starting HTTP/1.1 GET http://localhost:5272/images/giannisportrett.png - null null
2024-11-30 12:54:05.227 +01:00 [INF] The file /images/giannisportrett.png was not modified
2024-11-30 12:54:05.228 +01:00 [INF] Request finished HTTP/1.1 GET http://localhost:5272/images/giannisportrett.png - 304 null image/png 1.3695ms
2024-11-30 12:54:12.061 +01:00 [INF] Request starting HTTP/1.1 GET http://localhost:5272/Image/Delete/8 - null null
2024-11-30 12:54:12.064 +01:00 [INF] Executing endpoint 'GalleryNote.Controllers.ImageController.Delete (GalleryNote)'
2024-11-30 12:54:12.064 +01:00 [INF] Route matched with {action = "Delete", controller = "Image", page = "", area = ""}. Executing controller action with signature Microsoft.AspNetCore.Mvc.IActionResult Delete(Int32) on controller GalleryNote.Controllers.ImageController (GalleryNote).
2024-11-30 12:54:12.066 +01:00 [INF] Executing ViewResult, running view Delete.
2024-11-30 12:54:12.070 +01:00 [INF] Executed ViewResult - view Delete executed in 3.9239ms.
2024-11-30 12:54:12.070 +01:00 [INF] Executed action GalleryNote.Controllers.ImageController.Delete (GalleryNote) in 6.5138ms
2024-11-30 12:54:12.071 +01:00 [INF] Executed endpoint 'GalleryNote.Controllers.ImageController.Delete (GalleryNote)'
2024-11-30 12:54:12.071 +01:00 [INF] Request finished HTTP/1.1 GET http://localhost:5272/Image/Delete/8 - 200 null text/html; charset=utf-8 10.1739ms
2024-11-30 12:54:12.127 +01:00 [INF] Request starting HTTP/1.1 GET http://localhost:5272/images/giannisportrett.png - null null
2024-11-30 12:54:12.128 +01:00 [INF] The file /images/giannisportrett.png was not modified
2024-11-30 12:54:12.129 +01:00 [INF] Request finished HTTP/1.1 GET http://localhost:5272/images/giannisportrett.png - 304 null image/png 1.2215ms
2024-11-30 12:54:13.611 +01:00 [INF] Request starting HTTP/1.1 POST http://localhost:5272/Image/DeleteConfirmed/8 - application/x-www-form-urlencoded 225
2024-11-30 12:54:13.615 +01:00 [INF] Executing endpoint 'GalleryNote.Controllers.ImageController.DeleteConfirmed (GalleryNote)'
2024-11-30 12:54:13.617 +01:00 [INF] Route matched with {action = "DeleteConfirmed", controller = "Image", page = "", area = ""}. Executing controller action with signature Microsoft.AspNetCore.Mvc.IActionResult DeleteConfirmed(Int32) on controller GalleryNote.Controllers.ImageController (GalleryNote).
2024-11-30 12:54:13.718 +01:00 [INF] Executing RedirectResult, redirecting to /Image/Grid.
2024-11-30 12:54:13.718 +01:00 [INF] Executed action GalleryNote.Controllers.ImageController.DeleteConfirmed (GalleryNote) in 100.6247ms
2024-11-30 12:54:13.718 +01:00 [INF] Executed endpoint 'GalleryNote.Controllers.ImageController.DeleteConfirmed (GalleryNote)'
2024-11-30 12:54:13.718 +01:00 [INF] Request finished HTTP/1.1 POST http://localhost:5272/Image/DeleteConfirmed/8 - 302 0 null 107.1881ms
2024-11-30 12:54:13.725 +01:00 [INF] Request starting HTTP/1.1 GET http://localhost:5272/Image/Grid - null null
2024-11-30 12:54:13.730 +01:00 [INF] Executing endpoint 'GalleryNote.Controllers.ImageController.Grid (GalleryNote)'
2024-11-30 12:54:13.731 +01:00 [INF] Route matched with {action = "Grid", controller = "Image", page = "", area = ""}. Executing controller action with signature Microsoft.AspNetCore.Mvc.IActionResult Grid() on controller GalleryNote.Controllers.ImageController (GalleryNote).
2024-11-30 12:54:13.733 +01:00 [INF] Executing ViewResult, running view Grid.
2024-11-30 12:54:13.735 +01:00 [INF] Executed ViewResult - view Grid executed in 1.718ms.
2024-11-30 12:54:13.735 +01:00 [INF] Executed action GalleryNote.Controllers.ImageController.Grid (GalleryNote) in 4.1371ms
2024-11-30 12:54:13.735 +01:00 [INF] Executed endpoint 'GalleryNote.Controllers.ImageController.Grid (GalleryNote)'
2024-11-30 12:54:13.743 +01:00 [INF] Request finished HTTP/1.1 GET http://localhost:5272/Image/Grid - 200 null text/html; charset=utf-8 10.4594ms
2024-11-30 12:54:13.780 +01:00 [INF] Request starting HTTP/1.1 GET http://localhost:5272/images/2df11803b12b750e504ff3472a4366ef.jpg - null null
2024-11-30 12:54:13.782 +01:00 [INF] The file /images/2df11803b12b750e504ff3472a4366ef.jpg was not modified
2024-11-30 12:54:13.783 +01:00 [INF] Request finished HTTP/1.1 GET http://localhost:5272/images/2df11803b12b750e504ff3472a4366ef.jpg - 304 null image/jpeg 2.7212ms
2024-11-30 12:54:23.212 +01:00 [INF] Request starting HTTP/1.1 GET http://localhost:5272/Note/Grid?active=active - null null
2024-11-30 12:54:23.227 +01:00 [INF] Executing endpoint 'GalleryNote.Controllers.NoteController.Grid (GalleryNote)'
2024-11-30 12:54:23.227 +01:00 [INF] Route matched with {action = "Grid", controller = "Note", page = "", area = ""}. Executing controller action with signature System.Threading.Tasks.Task`1[Microsoft.AspNetCore.Mvc.IActionResult] Grid() on controller GalleryNote.Controllers.NoteController (GalleryNote).
2024-11-30 12:54:23.231 +01:00 [INF] Executing ViewResult, running view Grid.
2024-11-30 12:54:23.233 +01:00 [INF] Executed ViewResult - view Grid executed in 1.716ms.
2024-11-30 12:54:23.236 +01:00 [INF] Executed action GalleryNote.Controllers.NoteController.Grid (GalleryNote) in 7.1884ms
2024-11-30 12:54:23.236 +01:00 [INF] Executed endpoint 'GalleryNote.Controllers.NoteController.Grid (GalleryNote)'
2024-11-30 12:54:23.237 +01:00 [INF] Request finished HTTP/1.1 GET http://localhost:5272/Note/Grid?active=active - 200 null text/html; charset=utf-8 24.8435ms
2024-11-30 12:54:26.387 +01:00 [INF] Request starting HTTP/1.1 GET http://localhost:5272/Home/Upload?active=active - null null
2024-11-30 12:54:26.390 +01:00 [INF] Executing endpoint 'GalleryNote.Controllers.HomeController.Upload (GalleryNote)'
2024-11-30 12:54:26.390 +01:00 [INF] Route matched with {action = "Upload", controller = "Home", page = "", area = ""}. Executing controller action with signature Microsoft.AspNetCore.Mvc.IActionResult Upload() on controller GalleryNote.Controllers.HomeController (GalleryNote).
2024-11-30 12:54:26.391 +01:00 [INF] Executing ViewResult, running view Upload.
2024-11-30 12:54:26.393 +01:00 [INF] Executed ViewResult - view Upload executed in 1.8138ms.
2024-11-30 12:54:26.393 +01:00 [INF] Executed action GalleryNote.Controllers.HomeController.Upload (GalleryNote) in 2.7374ms
2024-11-30 12:54:26.393 +01:00 [INF] Executed endpoint 'GalleryNote.Controllers.HomeController.Upload (GalleryNote)'
2024-11-30 12:54:26.393 +01:00 [INF] Request finished HTTP/1.1 GET http://localhost:5272/Home/Upload?active=active - 200 null text/html; charset=utf-8 6.6899ms
2024-11-30 12:54:27.669 +01:00 [INF] Request starting HTTP/1.1 GET http://localhost:5272/Note/Create - null null
2024-11-30 12:54:27.673 +01:00 [INF] Executing endpoint 'GalleryNote.Controllers.NoteController.Create (GalleryNote)'
2024-11-30 12:54:27.677 +01:00 [INF] Route matched with {action = "Create", controller = "Note", page = "", area = ""}. Executing controller action with signature Microsoft.AspNetCore.Mvc.IActionResult Create() on controller GalleryNote.Controllers.NoteController (GalleryNote).
2024-11-30 12:54:27.678 +01:00 [INF] Executing ViewResult, running view Create.
2024-11-30 12:54:27.743 +01:00 [INF] Executed ViewResult - view Create executed in 65.9712ms.
2024-11-30 12:54:27.743 +01:00 [INF] Executed action GalleryNote.Controllers.NoteController.Create (GalleryNote) in 66.4926ms
2024-11-30 12:54:27.744 +01:00 [INF] Executed endpoint 'GalleryNote.Controllers.NoteController.Create (GalleryNote)'
2024-11-30 12:54:27.744 +01:00 [INF] Request finished HTTP/1.1 GET http://localhost:5272/Note/Create - 200 null text/html; charset=utf-8 75.0349ms
2024-11-30 12:54:45.071 +01:00 [INF] Request starting HTTP/1.1 POST http://localhost:5272/Note/Create - application/x-www-form-urlencoded 314
2024-11-30 12:54:45.077 +01:00 [INF] Executing endpoint 'GalleryNote.Controllers.NoteController.Create (GalleryNote)'
2024-11-30 12:54:45.094 +01:00 [INF] Route matched with {action = "Create", controller = "Note", page = "", area = ""}. Executing controller action with signature System.Threading.Tasks.Task`1[Microsoft.AspNetCore.Mvc.IActionResult] Create(GalleryNote.Models.Note) on controller GalleryNote.Controllers.NoteController (GalleryNote).
2024-11-30 12:54:45.156 +01:00 [INF] Executing RedirectResult, redirecting to /Note/Grid.
2024-11-30 12:54:45.156 +01:00 [INF] Executed action GalleryNote.Controllers.NoteController.Create (GalleryNote) in 61.8848ms
2024-11-30 12:54:45.157 +01:00 [INF] Executed endpoint 'GalleryNote.Controllers.NoteController.Create (GalleryNote)'
2024-11-30 12:54:45.157 +01:00 [INF] Request finished HTTP/1.1 POST http://localhost:5272/Note/Create - 302 0 null 85.6067ms
2024-11-30 12:54:45.169 +01:00 [INF] Request starting HTTP/1.1 GET http://localhost:5272/Note/Grid - null null
2024-11-30 12:54:45.173 +01:00 [INF] Executing endpoint 'GalleryNote.Controllers.NoteController.Grid (GalleryNote)'
2024-11-30 12:54:45.173 +01:00 [INF] Route matched with {action = "Grid", controller = "Note", page = "", area = ""}. Executing controller action with signature System.Threading.Tasks.Task`1[Microsoft.AspNetCore.Mvc.IActionResult] Grid() on controller GalleryNote.Controllers.NoteController (GalleryNote).
2024-11-30 12:54:45.175 +01:00 [INF] Executing ViewResult, running view Grid.
2024-11-30 12:54:45.184 +01:00 [INF] Executed ViewResult - view Grid executed in 8.9595ms.
2024-11-30 12:54:45.184 +01:00 [INF] Executed action GalleryNote.Controllers.NoteController.Grid (GalleryNote) in 10.9026ms
2024-11-30 12:54:45.184 +01:00 [INF] Executed endpoint 'GalleryNote.Controllers.NoteController.Grid (GalleryNote)'
2024-11-30 12:54:45.184 +01:00 [INF] Request finished HTTP/1.1 GET http://localhost:5272/Note/Grid - 200 null text/html; charset=utf-8 15.5573ms
2024-11-30 12:55:14.131 +01:00 [INF] Request starting HTTP/1.1 GET http://localhost:5272/Note/Delete/9 - null null
2024-11-30 12:55:14.141 +01:00 [INF] Executing endpoint 'GalleryNote.Controllers.NoteController.Delete (GalleryNote)'
2024-11-30 12:55:14.168 +01:00 [INF] Route matched with {action = "Delete", controller = "Note", page = "", area = ""}. Executing controller action with signature System.Threading.Tasks.Task`1[Microsoft.AspNetCore.Mvc.IActionResult] Delete(Int32) on controller GalleryNote.Controllers.NoteController (GalleryNote).
2024-11-30 12:55:14.210 +01:00 [INF] Executing ViewResult, running view Delete.
2024-11-30 12:55:14.228 +01:00 [INF] Executed ViewResult - view Delete executed in 20.8971ms.
2024-11-30 12:55:14.229 +01:00 [INF] Executed action GalleryNote.Controllers.NoteController.Delete (GalleryNote) in 60.5616ms
2024-11-30 12:55:14.229 +01:00 [INF] Executed endpoint 'GalleryNote.Controllers.NoteController.Delete (GalleryNote)'
2024-11-30 12:55:14.229 +01:00 [INF] Request finished HTTP/1.1 GET http://localhost:5272/Note/Delete/9 - 200 null text/html; charset=utf-8 98.5013ms
2024-11-30 12:55:16.380 +01:00 [INF] Request starting HTTP/1.1 GET http://localhost:5272/Note/Grid - null null
2024-11-30 12:55:16.401 +01:00 [INF] Executing endpoint 'GalleryNote.Controllers.NoteController.Grid (GalleryNote)'
2024-11-30 12:55:16.401 +01:00 [INF] Route matched with {action = "Grid", controller = "Note", page = "", area = ""}. Executing controller action with signature System.Threading.Tasks.Task`1[Microsoft.AspNetCore.Mvc.IActionResult] Grid() on controller GalleryNote.Controllers.NoteController (GalleryNote).
2024-11-30 12:55:16.406 +01:00 [INF] Executing ViewResult, running view Grid.
2024-11-30 12:55:16.411 +01:00 [INF] Executed ViewResult - view Grid executed in 4.8523ms.
2024-11-30 12:55:16.411 +01:00 [INF] Executed action GalleryNote.Controllers.NoteController.Grid (GalleryNote) in 9.7437ms
2024-11-30 12:55:16.411 +01:00 [INF] Executed endpoint 'GalleryNote.Controllers.NoteController.Grid (GalleryNote)'
2024-11-30 12:55:16.412 +01:00 [INF] Request finished HTTP/1.1 GET http://localhost:5272/Note/Grid - 200 null text/html; charset=utf-8 31.4374ms
2024-11-30 12:55:18.364 +01:00 [INF] Request starting HTTP/1.1 GET http://localhost:5272/Note/Update/9 - null null
2024-11-30 12:55:18.368 +01:00 [INF] Executing endpoint 'GalleryNote.Controllers.NoteController.Update (GalleryNote)'
2024-11-30 12:55:18.382 +01:00 [INF] Route matched with {action = "Update", controller = "Note", page = "", area = ""}. Executing controller action with signature System.Threading.Tasks.Task`1[Microsoft.AspNetCore.Mvc.IActionResult] Update(Int32) on controller GalleryNote.Controllers.NoteController (GalleryNote).
2024-11-30 12:55:18.395 +01:00 [INF] Executing ViewResult, running view Update.
2024-11-30 12:55:18.446 +01:00 [INF] Executed ViewResult - view Update executed in 51.9417ms.
2024-11-30 12:55:18.446 +01:00 [INF] Executed action GalleryNote.Controllers.NoteController.Update (GalleryNote) in 64.0589ms
2024-11-30 12:55:18.447 +01:00 [INF] Executed endpoint 'GalleryNote.Controllers.NoteController.Update (GalleryNote)'
2024-11-30 12:55:18.447 +01:00 [INF] Request finished HTTP/1.1 GET http://localhost:5272/Note/Update/9 - 200 null text/html; charset=utf-8 83.1693ms
2024-11-30 12:55:26.813 +01:00 [INF] Request starting HTTP/1.1 POST http://localhost:5272/Note/Update/9 - application/x-www-form-urlencoded 359
2024-11-30 12:55:26.819 +01:00 [INF] Executing endpoint 'GalleryNote.Controllers.NoteController.Update (GalleryNote)'
2024-11-30 12:55:26.841 +01:00 [INF] Route matched with {action = "Update", controller = "Note", page = "", area = ""}. Executing controller action with signature System.Threading.Tasks.Task`1[Microsoft.AspNetCore.Mvc.IActionResult] Update(GalleryNote.Models.Note) on controller GalleryNote.Controllers.NoteController (GalleryNote).
2024-11-30 12:55:26.888 +01:00 [INF] Executing RedirectResult, redirecting to /Note/Grid.
2024-11-30 12:55:26.888 +01:00 [INF] Executed action GalleryNote.Controllers.NoteController.Update (GalleryNote) in 47.2512ms
2024-11-30 12:55:26.889 +01:00 [INF] Executed endpoint 'GalleryNote.Controllers.NoteController.Update (GalleryNote)'
2024-11-30 12:55:26.889 +01:00 [INF] Request finished HTTP/1.1 POST http://localhost:5272/Note/Update/9 - 302 0 null 76.2454ms
2024-11-30 12:55:26.897 +01:00 [INF] Request starting HTTP/1.1 GET http://localhost:5272/Note/Grid - null null
2024-11-30 12:55:26.905 +01:00 [INF] Executing endpoint 'GalleryNote.Controllers.NoteController.Grid (GalleryNote)'
2024-11-30 12:55:26.907 +01:00 [INF] Route matched with {action = "Grid", controller = "Note", page = "", area = ""}. Executing controller action with signature System.Threading.Tasks.Task`1[Microsoft.AspNetCore.Mvc.IActionResult] Grid() on controller GalleryNote.Controllers.NoteController (GalleryNote).
2024-11-30 12:55:26.909 +01:00 [INF] Executing ViewResult, running view Grid.
2024-11-30 12:55:26.911 +01:00 [INF] Executed ViewResult - view Grid executed in 2.1537ms.
2024-11-30 12:55:26.914 +01:00 [INF] Executed action GalleryNote.Controllers.NoteController.Grid (GalleryNote) in 6.2919ms
2024-11-30 12:55:26.918 +01:00 [INF] Executed endpoint 'GalleryNote.Controllers.NoteController.Grid (GalleryNote)'
2024-11-30 12:55:26.918 +01:00 [INF] Request finished HTTP/1.1 GET http://localhost:5272/Note/Grid - 200 null text/html; charset=utf-8 21.5627ms
2024-11-30 12:55:30.361 +01:00 [INF] Request starting HTTP/1.1 GET http://localhost:5272/Image/Grid?active=active - null null
2024-11-30 12:55:30.363 +01:00 [INF] Executing endpoint 'GalleryNote.Controllers.ImageController.Grid (GalleryNote)'
2024-11-30 12:55:30.364 +01:00 [INF] Route matched with {action = "Grid", controller = "Image", page = "", area = ""}. Executing controller action with signature Microsoft.AspNetCore.Mvc.IActionResult Grid() on controller GalleryNote.Controllers.ImageController (GalleryNote).
2024-11-30 12:55:30.368 +01:00 [INF] Executing ViewResult, running view Grid.
2024-11-30 12:55:30.369 +01:00 [INF] Executed ViewResult - view Grid executed in 1.3286ms.
2024-11-30 12:55:30.369 +01:00 [INF] Executed action GalleryNote.Controllers.ImageController.Grid (GalleryNote) in 5.4856ms
2024-11-30 12:55:30.369 +01:00 [INF] Executed endpoint 'GalleryNote.Controllers.ImageController.Grid (GalleryNote)'
2024-11-30 12:55:30.370 +01:00 [INF] Request finished HTTP/1.1 GET http://localhost:5272/Image/Grid?active=active - 200 null text/html; charset=utf-8 9.0134ms
2024-11-30 12:55:30.432 +01:00 [INF] Request starting HTTP/1.1 GET http://localhost:5272/images/2df11803b12b750e504ff3472a4366ef.jpg - null null
2024-11-30 12:55:30.435 +01:00 [INF] The file /images/2df11803b12b750e504ff3472a4366ef.jpg was not modified
2024-11-30 12:55:30.436 +01:00 [INF] Request finished HTTP/1.1 GET http://localhost:5272/images/2df11803b12b750e504ff3472a4366ef.jpg - 304 null image/jpeg 3.6574ms
2024-11-30 12:55:34.357 +01:00 [INF] Request starting HTTP/1.1 GET http://localhost:5272/Image/Update/7 - null null
2024-11-30 12:55:34.369 +01:00 [INF] Executing endpoint 'GalleryNote.Controllers.ImageController.Update (GalleryNote)'
2024-11-30 12:55:34.374 +01:00 [INF] Route matched with {action = "Update", controller = "Image", page = "", area = ""}. Executing controller action with signature Microsoft.AspNetCore.Mvc.IActionResult Update(Int32) on controller GalleryNote.Controllers.ImageController (GalleryNote).
2024-11-30 12:55:34.388 +01:00 [INF] Executing ViewResult, running view Update.
2024-11-30 12:55:34.461 +01:00 [INF] Executed ViewResult - view Update executed in 74.2956ms.
2024-11-30 12:55:34.461 +01:00 [INF] Executed action GalleryNote.Controllers.ImageController.Update (GalleryNote) in 86.7571ms
2024-11-30 12:55:34.461 +01:00 [INF] Executed endpoint 'GalleryNote.Controllers.ImageController.Update (GalleryNote)'
2024-11-30 12:55:34.461 +01:00 [INF] Request finished HTTP/1.1 GET http://localhost:5272/Image/Update/7 - 200 null text/html; charset=utf-8 104.8494ms
2024-11-30 12:55:38.800 +01:00 [INF] Request starting HTTP/1.1 POST http://localhost:5272/Image/Update/7 - application/x-www-form-urlencoded 387
2024-11-30 12:55:38.806 +01:00 [INF] Executing endpoint 'GalleryNote.Controllers.ImageController.Update (GalleryNote)'
2024-11-30 12:55:38.838 +01:00 [INF] Route matched with {action = "Update", controller = "Image", page = "", area = ""}. Executing controller action with signature System.Threading.Tasks.Task`1[Microsoft.AspNetCore.Mvc.IActionResult] Update(GalleryNote.Models.Image) on controller GalleryNote.Controllers.ImageController (GalleryNote).
2024-11-30 12:55:38.894 +01:00 [INF] Executing RedirectResult, redirecting to /Image/Grid.
2024-11-30 12:55:38.894 +01:00 [INF] Executed action GalleryNote.Controllers.ImageController.Update (GalleryNote) in 56.0839ms
2024-11-30 12:55:38.894 +01:00 [INF] Executed endpoint 'GalleryNote.Controllers.ImageController.Update (GalleryNote)'
2024-11-30 12:55:38.895 +01:00 [INF] Request finished HTTP/1.1 POST http://localhost:5272/Image/Update/7 - 302 0 null 94.4352ms
2024-11-30 12:55:38.908 +01:00 [INF] Request starting HTTP/1.1 GET http://localhost:5272/Image/Grid - null null
2024-11-30 12:55:38.913 +01:00 [INF] Executing endpoint 'GalleryNote.Controllers.ImageController.Grid (GalleryNote)'
2024-11-30 12:55:38.914 +01:00 [INF] Route matched with {action = "Grid", controller = "Image", page = "", area = ""}. Executing controller action with signature Microsoft.AspNetCore.Mvc.IActionResult Grid() on controller GalleryNote.Controllers.ImageController (GalleryNote).
2024-11-30 12:55:38.916 +01:00 [INF] Executing ViewResult, running view Grid.
2024-11-30 12:55:38.918 +01:00 [INF] Executed ViewResult - view Grid executed in 1.7123ms.
2024-11-30 12:55:38.918 +01:00 [INF] Executed action GalleryNote.Controllers.ImageController.Grid (GalleryNote) in 4.4422ms
2024-11-30 12:55:38.918 +01:00 [INF] Executed endpoint 'GalleryNote.Controllers.ImageController.Grid (GalleryNote)'
2024-11-30 12:55:38.919 +01:00 [INF] Request finished HTTP/1.1 GET http://localhost:5272/Image/Grid - 200 null text/html; charset=utf-8 12.1785ms
2024-11-30 12:55:48.275 +01:00 [INF] Request starting HTTP/1.1 GET http://localhost:5272/Image/Delete/7 - null null
2024-11-30 12:55:48.279 +01:00 [INF] Executing endpoint 'GalleryNote.Controllers.ImageController.Delete (GalleryNote)'
2024-11-30 12:55:48.280 +01:00 [INF] Route matched with {action = "Delete", controller = "Image", page = "", area = ""}. Executing controller action with signature Microsoft.AspNetCore.Mvc.IActionResult Delete(Int32) on controller GalleryNote.Controllers.ImageController (GalleryNote).
2024-11-30 12:55:48.284 +01:00 [INF] Executing ViewResult, running view Delete.
2024-11-30 12:55:48.293 +01:00 [INF] Executed ViewResult - view Delete executed in 8.7206ms.
2024-11-30 12:55:48.293 +01:00 [INF] Executed action GalleryNote.Controllers.ImageController.Delete (GalleryNote) in 13.1133ms
2024-11-30 12:55:48.293 +01:00 [INF] Executed endpoint 'GalleryNote.Controllers.ImageController.Delete (GalleryNote)'
2024-11-30 12:55:48.293 +01:00 [INF] Request finished HTTP/1.1 GET http://localhost:5272/Image/Delete/7 - 200 null text/html; charset=utf-8 18.3883ms
2024-11-30 12:55:48.336 +01:00 [INF] Request starting HTTP/1.1 GET http://localhost:5272/images/2df11803b12b750e504ff3472a4366ef.jpg - null null
2024-11-30 12:55:48.337 +01:00 [INF] The file /images/2df11803b12b750e504ff3472a4366ef.jpg was not modified
2024-11-30 12:55:48.337 +01:00 [INF] Request finished HTTP/1.1 GET http://localhost:5272/images/2df11803b12b750e504ff3472a4366ef.jpg - 304 null image/jpeg 1.1845ms
2024-11-30 12:55:50.091 +01:00 [INF] Request starting HTTP/1.1 POST http://localhost:5272/Image/DeleteConfirmed/7 - application/x-www-form-urlencoded 225
2024-11-30 12:55:50.094 +01:00 [INF] Executing endpoint 'GalleryNote.Controllers.ImageController.DeleteConfirmed (GalleryNote)'
2024-11-30 12:55:50.094 +01:00 [INF] Route matched with {action = "DeleteConfirmed", controller = "Image", page = "", area = ""}. Executing controller action with signature Microsoft.AspNetCore.Mvc.IActionResult DeleteConfirmed(Int32) on controller GalleryNote.Controllers.ImageController (GalleryNote).
2024-11-30 12:55:50.124 +01:00 [INF] Executing RedirectResult, redirecting to /Image/Grid.
2024-11-30 12:55:50.124 +01:00 [INF] Executed action GalleryNote.Controllers.ImageController.DeleteConfirmed (GalleryNote) in 30.2355ms
2024-11-30 12:55:50.124 +01:00 [INF] Executed endpoint 'GalleryNote.Controllers.ImageController.DeleteConfirmed (GalleryNote)'
2024-11-30 12:55:50.125 +01:00 [INF] Request finished HTTP/1.1 POST http://localhost:5272/Image/DeleteConfirmed/7 - 302 0 null 34.1987ms
2024-11-30 12:55:50.147 +01:00 [INF] Request starting HTTP/1.1 GET http://localhost:5272/Image/Grid - null null
2024-11-30 12:55:50.151 +01:00 [INF] Executing endpoint 'GalleryNote.Controllers.ImageController.Grid (GalleryNote)'
2024-11-30 12:55:50.152 +01:00 [INF] Route matched with {action = "Grid", controller = "Image", page = "", area = ""}. Executing controller action with signature Microsoft.AspNetCore.Mvc.IActionResult Grid() on controller GalleryNote.Controllers.ImageController (GalleryNote).
2024-11-30 12:55:50.153 +01:00 [INF] Executing ViewResult, running view Grid.
2024-11-30 12:55:50.168 +01:00 [INF] Executed ViewResult - view Grid executed in 14.5824ms.
2024-11-30 12:55:50.168 +01:00 [INF] Executed action GalleryNote.Controllers.ImageController.Grid (GalleryNote) in 16.386ms
2024-11-30 12:55:50.168 +01:00 [INF] Executed endpoint 'GalleryNote.Controllers.ImageController.Grid (GalleryNote)'
2024-11-30 12:55:50.168 +01:00 [INF] Request finished HTTP/1.1 GET http://localhost:5272/Image/Grid - 200 null text/html; charset=utf-8 21.6524ms
2024-11-30 12:55:53.637 +01:00 [INF] Request starting HTTP/1.1 GET http://localhost:5272/Note/Grid?active=active - null null
2024-11-30 12:55:53.640 +01:00 [INF] Executing endpoint 'GalleryNote.Controllers.NoteController.Grid (GalleryNote)'
2024-11-30 12:55:53.640 +01:00 [INF] Route matched with {action = "Grid", controller = "Note", page = "", area = ""}. Executing controller action with signature System.Threading.Tasks.Task`1[Microsoft.AspNetCore.Mvc.IActionResult] Grid() on controller GalleryNote.Controllers.NoteController (GalleryNote).
2024-11-30 12:55:53.642 +01:00 [INF] Executing ViewResult, running view Grid.
2024-11-30 12:55:53.643 +01:00 [INF] Executed ViewResult - view Grid executed in 1.3617ms.
2024-11-30 12:55:53.643 +01:00 [INF] Executed action GalleryNote.Controllers.NoteController.Grid (GalleryNote) in 2.7882ms
2024-11-30 12:55:53.643 +01:00 [INF] Executed endpoint 'GalleryNote.Controllers.NoteController.Grid (GalleryNote)'
2024-11-30 12:55:53.644 +01:00 [INF] Request finished HTTP/1.1 GET http://localhost:5272/Note/Grid?active=active - 200 null text/html; charset=utf-8 6.8397ms
2024-11-30 12:55:55.893 +01:00 [INF] Request starting HTTP/1.1 GET http://localhost:5272/Note/Delete/9 - null null
2024-11-30 12:55:55.896 +01:00 [INF] Executing endpoint 'GalleryNote.Controllers.NoteController.Delete (GalleryNote)'
2024-11-30 12:55:55.896 +01:00 [INF] Route matched with {action = "Delete", controller = "Note", page = "", area = ""}. Executing controller action with signature System.Threading.Tasks.Task`1[Microsoft.AspNetCore.Mvc.IActionResult] Delete(Int32) on controller GalleryNote.Controllers.NoteController (GalleryNote).
2024-11-30 12:55:55.898 +01:00 [INF] Executing ViewResult, running view Delete.
2024-11-30 12:55:55.902 +01:00 [INF] Executed ViewResult - view Delete executed in 2.9607ms.
2024-11-30 12:55:55.902 +01:00 [INF] Executed action GalleryNote.Controllers.NoteController.Delete (GalleryNote) in 5.8153ms
2024-11-30 12:55:55.905 +01:00 [INF] Executed endpoint 'GalleryNote.Controllers.NoteController.Delete (GalleryNote)'
2024-11-30 12:55:55.905 +01:00 [INF] Request finished HTTP/1.1 GET http://localhost:5272/Note/Delete/9 - 200 null text/html; charset=utf-8 12.0393ms
2024-11-30 12:55:57.706 +01:00 [INF] Request starting HTTP/1.1 POST http://localhost:5272/Note/DeleteConfirmed/9 - application/x-www-form-urlencoded 225
2024-11-30 12:55:57.711 +01:00 [INF] Executing endpoint 'GalleryNote.Controllers.NoteController.DeleteConfirmed (GalleryNote)'
2024-11-30 12:55:57.721 +01:00 [INF] Route matched with {action = "DeleteConfirmed", controller = "Note", page = "", area = ""}. Executing controller action with signature System.Threading.Tasks.Task`1[Microsoft.AspNetCore.Mvc.IActionResult] DeleteConfirmed(Int32) on controller GalleryNote.Controllers.NoteController (GalleryNote).
2024-11-30 12:55:57.745 +01:00 [INF] Executing RedirectResult, redirecting to /Note/Grid.
2024-11-30 12:55:57.745 +01:00 [INF] Executed action GalleryNote.Controllers.NoteController.DeleteConfirmed (GalleryNote) in 24.3586ms
2024-11-30 12:55:57.746 +01:00 [INF] Executed endpoint 'GalleryNote.Controllers.NoteController.DeleteConfirmed (GalleryNote)'
2024-11-30 12:55:57.747 +01:00 [INF] Request finished HTTP/1.1 POST http://localhost:5272/Note/DeleteConfirmed/9 - 302 0 null 40.3273ms
2024-11-30 12:55:57.759 +01:00 [INF] Request starting HTTP/1.1 GET http://localhost:5272/Note/Grid - null null
2024-11-30 12:55:57.764 +01:00 [INF] Executing endpoint 'GalleryNote.Controllers.NoteController.Grid (GalleryNote)'
2024-11-30 12:55:57.764 +01:00 [INF] Route matched with {action = "Grid", controller = "Note", page = "", area = ""}. Executing controller action with signature System.Threading.Tasks.Task`1[Microsoft.AspNetCore.Mvc.IActionResult] Grid() on controller GalleryNote.Controllers.NoteController (GalleryNote).
2024-11-30 12:55:57.766 +01:00 [INF] Executing ViewResult, running view Grid.
2024-11-30 12:55:57.767 +01:00 [INF] Executed ViewResult - view Grid executed in 1.0817ms.
2024-11-30 12:55:57.767 +01:00 [INF] Executed action GalleryNote.Controllers.NoteController.Grid (GalleryNote) in 2.4324ms
2024-11-30 12:55:57.771 +01:00 [INF] Executed endpoint 'GalleryNote.Controllers.NoteController.Grid (GalleryNote)'
2024-11-30 12:55:57.771 +01:00 [INF] Request finished HTTP/1.1 GET http://localhost:5272/Note/Grid - 200 null text/html; charset=utf-8 11.6467ms
2024-11-30 12:56:01.942 +01:00 [INF] Request starting HTTP/1.1 POST http://localhost:5272/Identity/Account/Logout?returnUrl=%2F - application/x-www-form-urlencoded 225
2024-11-30 12:56:01.945 +01:00 [INF] Executing endpoint '/Account/Logout'
2024-11-30 12:56:01.945 +01:00 [INF] Route matched with {page = "/Account/Logout", area = "Identity", action = "", controller = ""}. Executing page /Account/Logout
2024-11-30 12:56:01.948 +01:00 [INF] Executing handler method GalleryNote.Areas.Identity.Pages.Account.LogoutModel.OnPost - ModelState is "Valid"
2024-11-30 12:56:01.948 +01:00 [INF] AuthenticationScheme: Identity.Application signed out.
2024-11-30 12:56:01.949 +01:00 [INF] AuthenticationScheme: Identity.External signed out.
2024-11-30 12:56:01.949 +01:00 [INF] AuthenticationScheme: Identity.TwoFactorUserId signed out.
2024-11-30 12:56:01.956 +01:00 [INF] User logged out.
2024-11-30 12:56:01.957 +01:00 [INF] Executed handler method OnPost, returned result Microsoft.AspNetCore.Mvc.LocalRedirectResult.
2024-11-30 12:56:01.957 +01:00 [INF] Executing LocalRedirectResult, redirecting to /.
2024-11-30 12:56:01.958 +01:00 [INF] Executed page /Account/Logout in 12.1591ms
2024-11-30 12:56:01.958 +01:00 [INF] Executed endpoint '/Account/Logout'
2024-11-30 12:56:01.959 +01:00 [INF] Request finished HTTP/1.1 POST http://localhost:5272/Identity/Account/Logout?returnUrl=%2F - 302 0 null 17.1645ms
2024-11-30 12:56:01.998 +01:00 [INF] Request starting HTTP/1.1 GET http://localhost:5272/ - null null
2024-11-30 12:56:01.998 +01:00 [INF] Executing endpoint 'GalleryNote.Controllers.HomeController.Index (GalleryNote)'
2024-11-30 12:56:01.999 +01:00 [INF] Route matched with {action = "Index", controller = "Home", page = "", area = ""}. Executing controller action with signature Microsoft.AspNetCore.Mvc.IActionResult Index() on controller GalleryNote.Controllers.HomeController (GalleryNote).
2024-11-30 12:56:01.999 +01:00 [INF] Executing ViewResult, running view Index.
2024-11-30 12:56:02.010 +01:00 [INF] Executed ViewResult - view Index executed in 11.0996ms.
2024-11-30 12:56:02.010 +01:00 [INF] Executed action GalleryNote.Controllers.HomeController.Index (GalleryNote) in 11.546ms
2024-11-30 12:56:02.011 +01:00 [INF] Executed endpoint 'GalleryNote.Controllers.HomeController.Index (GalleryNote)'
2024-11-30 12:56:02.011 +01:00 [INF] Request finished HTTP/1.1 GET http://localhost:5272/ - 200 null text/html; charset=utf-8 13.283ms
2024-11-30 12:56:16.408 +01:00 [INF] Application is shutting down...
